2000+0 records in
2000+0 records out
2097152000 bytes (2.1 GB) copied, 5.06337 s, 414 MB/s
0dd74775419ada42017a0fdf21eccf94  -

real	0m5.066s
user	0m4.662s
sys	0m1.268s
2000+0 records in
2000+0 records out
2097152000 bytes (2.1 GB) copied, 5.05762 s, 415 MB/s
0dd74775419ada42017a0fdf21eccf94  -

real	0m5.060s
user	0m4.652s
sys	0m1.263s
2000+0 records in
2000+0 records out
2097152000 bytes (2.1 GB) copied0dd74775419ada42017a0fdf21eccf94  -
, 5.03267 s, 417 MB/s

real	0m5.035s
user	0m4.662s
sys	0m1.185s
2000+0 records in
2000+0 records out
2097152000 bytes (2.1 GB) copied, 5.04511 s, 416 MB/s
0dd74775419ada42017a0fdf21eccf94  -

real	0m5.048s
user	0m4.660s
sys	0m1.222s
2000+0 records in
2000+0 records out
2097152000 bytes (2.1 GB) copied, 5.04726 s, 416 MB/s
0dd74775419ada42017a0fdf21eccf94  -

real	0m5.050s
user	0m4.672s
sys	0m1.215s
2000+0 records in
2000+0 records out
2097152000 bytes (2.1 GB) copied, 5.05736 s, 415 MB/s
0dd74775419ada42017a0fdf21eccf94  -

real	0m5.060s
user	0m4.671s
sys	0m1.257s
2000+0 records in
2000+0 records out
2097152000 bytes (2.1 GB) copied, 5.06 s, 414 MB/s
0dd74775419ada42017a0fdf21eccf94  -

real	0m5.063s
user	0m4.680s
sys	0m1.248s
2000+0 records in
2000+0 records out
2097152000 bytes (2.1 GB) copied, 5.05846 s, 415 MB/s
0dd74775419ada42017a0fdf21eccf94  -

real	0m5.061s
user	0m4.672s
sys	0m1.250s
2000+0 records in
2000+0 records out
2097152000 bytes (2.1 GB) copied, 5.06281 s, 414 MB/s
0dd74775419ada42017a0fdf21eccf94  -

real	0m5.066s
user	0m4.647s
sys	0m1.286s
2000+0 records in
2000+0 records out
2097152000 bytes (2.1 GB) copied, 5.05948 s, 414 MB/s
0dd74775419ada42017a0fdf21eccf94  -

real	0m5.062s
user	0m4.703s
sys	0m1.228s
2000+0 records in
2000+0 records out
2097152000 bytes (2.1 GB) copied, 5.05906 s, 415 MB/s
0dd74775419ada42017a0fdf21eccf94  -

real	0m5.062s
user	0m4.679s
sys	0m1.241s
2000+0 records in
2000+0 records out
2097152000 bytes (2.1 GB) copied, 5.06595 s, 414 MB/s
0dd74775419ada42017a0fdf21eccf94  -

real	0m5.069s
user	0m4.706s
sys	0m1.221s
2000+0 records in
2000+0 records out
2097152000 bytes (2.1 GB) copied, 5.02596 s, 417 MB/s
0dd74775419ada42017a0fdf21eccf94  -

real	0m5.029s
user	0m4.681s
sys	0m1.172s
2000+0 records in
2000+0 records out
2097152000 bytes (2.1 GB) copied, 5.05348 s, 415 MB/s
0dd74775419ada42017a0fdf21eccf94  -

real	0m5.056s
user	0m4.641s
sys	0m1.279s
2000+0 records in
2000+0 records out
2097152000 bytes (2.1 GB) copied, 5.04979 s, 415 MB/s
0dd74775419ada42017a0fdf21eccf94  -

real	0m5.053s
user	0m4.699s
sys	0m1.203s
2000+0 records in
2000+0 records out
2097152000 bytes (2.1 GB) copied, 5.02753 s, 417 MB/s
0dd74775419ada42017a0fdf21eccf94  -

real	0m5.030s
user	0m4.673s
sys	0m1.177s
2000+0 records in
2000+0 records out
2097152000 bytes (2.1 GB) copied, 5.05516 s, 415 MB/s
0dd74775419ada42017a0fdf21eccf94  -

real	0m5.058s
user	0m4.697s
sys	0m1.221s
2000+0 records in
2000+0 records out
2097152000 bytes (2.1 GB) copied, 5.02514 s, 417 MB/s
0dd74775419ada42017a0fdf21eccf94  -

real	0m5.028s
user	0m4.659s
sys	0m1.175s
2000+0 records in
2000+0 records out
2097152000 bytes (2.1 GB) copied, 5.02726 s, 417 MB/s
0dd74775419ada42017a0fdf21eccf94  -

real	0m5.030s
user	0m4.680s
sys	0m1.170s
2000+0 records in
2000+0 records out
2097152000 bytes (2.1 GB) copied, 5.04848 s, 415 MB/s
0dd74775419ada42017a0fdf21eccf94  -

real	0m5.051s
user	0m4.679s
sys	0m1.229s
2000+0 records in
2000+0 records out
2097152000 bytes (2.1 GB) copied, 5.04975 s, 415 MB/s
0dd74775419ada42017a0fdf21eccf94  -

real	0m5.052s
user	0m4.707s
sys	0m1.197s
2000+0 records in
2000+0 records out
2097152000 bytes (2.1 GB) copied, 5.04812 s, 415 MB/s
0dd74775419ada42017a0fdf21eccf94  -

real	0m5.051s
user	0m4.695s
sys	0m1.207s
2000+0 records in
2000+0 records out
2097152000 bytes (2.1 GB) copied, 5.06467 s, 414 MB/s
0dd74775419ada42017a0fdf21eccf94  -

real	0m5.068s
user	0m4.674s
sys	0m1.262s
2000+0 records in
2000+0 records out
2097152000 bytes (2.1 GB) copied, 5.06159 s, 414 MB/s
0dd74775419ada42017a0fdf21eccf94  -

real	0m5.064s
user	0m4.681s
sys	0m1.249s
2000+0 records in
2000+0 records out
2097152000 bytes (2.1 GB) copied, 5.05599 s, 415 MB/s
0dd74775419ada42017a0fdf21eccf94  -

real	0m5.059s
user	0m4.691s
sys	0m1.228s
2000+0 records in
2000+0 records out
2097152000 bytes (2.1 GB) copied, 5.06763 s, 414 MB/s
0dd74775419ada42017a0fdf21eccf94  -

real	0m5.070s
user	0m4.665s
sys	0m1.273s
2000+0 records in
2000+0 records out
2097152000 bytes (2.1 GB) copied, 5.05996 s, 414 MB/s
0dd74775419ada42017a0fdf21eccf94  -

real	0m5.063s
user	0m4.663s
sys	0m1.270s
2000+0 records in
2000+0 records out
2097152000 bytes (2.1 GB) copied, 5.04763 s, 415 MB/s
0dd74775419ada42017a0fdf21eccf94  -

real	0m5.051s
user	0m4.704s
sys	0m1.202s
2000+0 records in
2000+0 records out
2097152000 bytes (2.1 GB) copied, 5.05044 s, 415 MB/s
0dd74775419ada42017a0fdf21eccf94  -

real	0m5.053s
user	0m4.697s
sys	0m1.200s
2000+0 records in
2000+0 records out
2097152000 bytes (2.1 GB) copied, 5.06266 s, 414 MB/s
0dd74775419ada42017a0fdf21eccf94  -

real	0m5.065s
user	0m4.665s
sys	0m1.263s
2000+0 records in
2000+0 records out
2097152000 bytes (2.1 GB) copied, 5.05822 s, 415 MB/s
0dd74775419ada42017a0fdf21eccf94  -

real	0m5.061s
user	0m4.716s
sys	0m1.208s
2000+0 records in
2000+0 records out
2097152000 bytes (2.1 GB) copied, 5.0489 s, 415 MB/s
0dd74775419ada42017a0fdf21eccf94  -

real	0m5.052s
user	0m4.671s
sys	0m1.232s
2000+0 records in
2000+0 records out
2097152000 bytes (2.1 GB) copied, 5.05287 s, 415 MB/s
0dd74775419ada42017a0fdf21eccf94  -

real	0m5.056s
user	0m4.677s
sys	0m1.220s
2000+0 records in
2000+0 records out
2097152000 bytes (2.1 GB) copied, 5.05183 s, 415 MB/s
0dd74775419ada42017a0fdf21eccf94  -

real	0m5.054s
user	0m4.683s
sys	0m1.223s
2000+0 records in
2000+0 records out
2097152000 bytes (2.1 GB) copied, 5.04718 s, 416 MB/s
0dd74775419ada42017a0fdf21eccf94  -

real	0m5.050s
user	0m4.707s
sys	0m1.187s
2000+0 records in
2000+0 records out
2097152000 bytes (2.1 GB) copied, 5.04619 s, 416 MB/s
0dd74775419ada42017a0fdf21eccf94  -

real	0m5.049s
user	0m4.675s
sys	0m1.220s
2000+0 records in
2000+0 records out
2097152000 bytes (2.1 GB) copied, 5.04177 s, 416 MB/s
0dd74775419ada42017a0fdf21eccf94  -

real	0m5.045s
user	0m4.673s
sys	0m1.213s
2000+0 records in
2000+0 records out
2097152000 bytes (2.1 GB) copied, 5.0514 s, 415 MB/s
0dd74775419ada42017a0fdf21eccf94  -

real	0m5.054s
user	0m4.701s
sys	0m1.215s
2000+0 records in
2000+0 records out
2097152000 bytes (2.1 GB) copied, 5.03996 s, 416 MB/s
0dd74775419ada42017a0fdf21eccf94  -

real	0m5.043s
user	0m4.681s
sys	0m1.195s
2000+0 records in
2000+0 records out
2097152000 bytes (2.1 GB) copied, 5.03733 s, 416 MB/s
0dd74775419ada42017a0fdf21eccf94  -

real	0m5.040s
user	0m4.672s
sys	0m1.205s
2000+0 records in
2000+0 records out
2097152000 bytes (2.1 GB) copied, 5.04903 s, 415 MB/s
0dd74775419ada42017a0fdf21eccf94  -

real	0m5.052s
user	0m4.702s
sys	0m1.197s
2000+0 records in
2000+0 records out
2097152000 bytes (2.1 GB) copied, 5.05548 s, 415 MB/s
0dd74775419ada42017a0fdf21eccf94  -

real	0m5.059s
user	0m4.733s
sys	0m1.185s
2000+0 records in
2000+0 records out
2097152000 bytes (2.1 GB) copied, 5.04888 s, 415 MB/s
0dd74775419ada42017a0fdf21eccf94  -

real	0m5.052s
user	0m4.690s
sys	0m1.209s
2000+0 records in
2000+0 records out
2097152000 bytes (2.1 GB) copied, 5.04511 s, 416 MB/s
0dd74775419ada42017a0fdf21eccf94  -

real	0m5.048s
user	0m4.657s
sys	0m1.234s
2000+0 records in
2000+0 records out
2097152000 bytes (2.1 GB) copied, 5.05002 s, 415 MB/s
0dd74775419ada42017a0fdf21eccf94  -

real	0m5.053s
user	0m4.648s
sys	0m1.251s
2000+0 records in
2000+0 records out
2097152000 bytes (2.1 GB) copied, 5.05761 s, 415 MB/s
0dd74775419ada42017a0fdf21eccf94  -

real	0m5.060s
user	0m4.682s
sys	0m1.240s
2000+0 records in
2000+0 records out
2097152000 bytes (2.1 GB) copied, 5.04836 s, 415 MB/s
0dd74775419ada42017a0fdf21eccf94  -

real	0m5.051s
user	0m4.693s
sys	0m1.212s
2000+0 records in
2000+0 records out
2097152000 bytes (2.1 GB) copied, 5.04861 s, 415 MB/s
0dd74775419ada42017a0fdf21eccf94  -

real	0m5.052s
user	0m4.675s
sys	0m1.230s
2000+0 records in
2000+0 records out
2097152000 bytes (2.1 GB) copied, 5.04517 s, 416 MB/s
0dd74775419ada42017a0fdf21eccf94  -

real	0m5.050s
user	0m4.688s
sys	0m1.203s
2000+0 records in
2000+0 records out
2097152000 bytes (2.1 GB) copied, 5.0486 s, 415 MB/s
0dd74775419ada42017a0fdf21eccf94  -

real	0m5.051s
user	0m4.706s
sys	0m1.195s
