
error: globus_xio: Unable to connect to cc088.fst.alcf.anl.gov:42978
globus_xio: System error in connect: Connection refused
globus_xio: A system call failed: Connection refused

real	0m0.013s
user	0m0.007s
sys	0m0.004s

error: globus_xio: Unable to connect to cc088.fst.alcf.anl.gov:42978
globus_xio: System error in connect: Connection refused
globus_xio: A system call failed: Connection refused

real	0m0.012s
user	0m0.004s
sys	0m0.006s

error: globus_xio: Unable to connect to cc088.fst.alcf.anl.gov:42978
globus_xio: System error in connect: Connection refused
globus_xio: A system call failed: Connection refused

real	0m0.012s
user	0m0.005s
sys	0m0.005s

error: globus_xio: Unable to connect to cc088.fst.alcf.anl.gov:42978
globus_xio: System error in connect: Connection refused
globus_xio: A system call failed: Connection refused

real	0m0.011s
user	0m0.005s
sys	0m0.004s

error: globus_xio: Unable to connect to cc088.fst.alcf.anl.gov:42978
globus_xio: System error in connect: Connection refused
globus_xio: A system call failed: Connection refused

real	0m0.012s
user	0m0.008s
sys	0m0.002s

error: globus_xio: Unable to connect to cc088.fst.alcf.anl.gov:42978
globus_xio: System error in connect: Connection refused
globus_xio: A system call failed: Connection refused

real	0m0.011s
user	0m0.006s
sys	0m0.004s

error: globus_xio: Unable to connect to cc088.fst.alcf.anl.gov:42978
globus_xio: System error in connect: Connection refused
globus_xio: A system call failed: Connection refused

real	0m0.012s
user	0m0.006s
sys	0m0.004s

error: globus_xio: Unable to connect to cc088.fst.alcf.anl.gov:42978
globus_xio: System error in connect: Connection refused
globus_xio: A system call failed: Connection refused

real	0m0.013s
user	0m0.010s
sys	0m0.001s

error: globus_xio: Unable to connect to cc088.fst.alcf.anl.gov:42978
globus_xio: System error in connect: Connection refused
globus_xio: A system call failed: Connection refused

real	0m0.012s
user	0m0.005s
sys	0m0.005s

error: globus_xio: Unable to connect to cc088.fst.alcf.anl.gov:42978
globus_xio: System error in connect: Connection refused
globus_xio: A system call failed: Connection refused

real	0m0.012s
user	0m0.005s
sys	0m0.005s

error: globus_xio: Unable to connect to cc088.fst.alcf.anl.gov:42978
globus_xio: System error in connect: Connection refused
globus_xio: A system call failed: Connection refused

real	0m0.012s
user	0m0.005s
sys	0m0.005s

error: globus_xio: Unable to connect to cc088.fst.alcf.anl.gov:42978
globus_xio: System error in connect: Connection refused
globus_xio: A system call failed: Connection refused

real	0m0.013s
user	0m0.007s
sys	0m0.004s

error: globus_xio: Unable to connect to cc088.fst.alcf.anl.gov:42978
globus_xio: System error in connect: Connection refused
globus_xio: A system call failed: Connection refused

real	0m0.012s
user	0m0.009s
sys	0m0.001s

error: globus_xio: Unable to connect to cc088.fst.alcf.anl.gov:42978
globus_xio: System error in connect: Connection refused
globus_xio: A system call failed: Connection refused

real	0m0.012s
user	0m0.007s
sys	0m0.003s

error: globus_xio: Unable to connect to cc088.fst.alcf.anl.gov:42978
globus_xio: System error in connect: Connection refused
globus_xio: A system call failed: Connection refused

real	0m0.013s
user	0m0.006s
sys	0m0.005s

error: globus_xio: Unable to connect to cc088.fst.alcf.anl.gov:42978
globus_xio: System error in connect: Connection refused
globus_xio: A system call failed: Connection refused

real	0m0.013s
user	0m0.008s
sys	0m0.003s

error: globus_xio: Unable to connect to cc088.fst.alcf.anl.gov:42978
globus_xio: System error in connect: Connection refused
globus_xio: A system call failed: Connection refused

real	0m0.012s
user	0m0.005s
sys	0m0.005s

error: globus_xio: Unable to connect to cc088.fst.alcf.anl.gov:42978
globus_xio: System error in connect: Connection refused
globus_xio: A system call failed: Connection refused

real	0m0.013s
user	0m0.006s
sys	0m0.005s

error: globus_xio: Unable to connect to cc088.fst.alcf.anl.gov:42978
globus_xio: System error in connect: Connection refused
globus_xio: A system call failed: Connection refused

real	0m0.012s
user	0m0.008s
sys	0m0.002s

error: globus_xio: Unable to connect to cc088.fst.alcf.anl.gov:42978
globus_xio: System error in connect: Connection refused
globus_xio: A system call failed: Connection refused

real	0m0.012s
user	0m0.009s
sys	0m0.001s

error: globus_xio: Unable to connect to cc088.fst.alcf.anl.gov:42978
globus_xio: System error in connect: Connection refused
globus_xio: A system call failed: Connection refused

real	0m0.012s
user	0m0.007s
sys	0m0.003s

error: globus_xio: Unable to connect to cc088.fst.alcf.anl.gov:42978
globus_xio: System error in connect: Connection refused
globus_xio: A system call failed: Connection refused

real	0m0.011s
user	0m0.003s
sys	0m0.006s

error: globus_xio: Unable to connect to cc088.fst.alcf.anl.gov:42978
globus_xio: System error in connect: Connection refused
globus_xio: A system call failed: Connection refused

real	0m0.013s
user	0m0.007s
sys	0m0.004s

error: globus_xio: Unable to connect to cc088.fst.alcf.anl.gov:42978
globus_xio: System error in connect: Connection refused
globus_xio: A system call failed: Connection refused

real	0m0.013s
user	0m0.007s
sys	0m0.004s

error: globus_xio: Unable to connect to cc088.fst.alcf.anl.gov:42978
globus_xio: System error in connect: Connection refused
globus_xio: A system call failed: Connection refused

real	0m0.012s
user	0m0.006s
sys	0m0.004s

error: globus_xio: Unable to connect to cc088.fst.alcf.anl.gov:42978
globus_xio: System error in connect: Connection refused
globus_xio: A system call failed: Connection refused

real	0m0.012s
user	0m0.006s
sys	0m0.005s

error: globus_xio: Unable to connect to cc088.fst.alcf.anl.gov:42978
globus_xio: System error in connect: Connection refused
globus_xio: A system call failed: Connection refused

real	0m0.012s
user	0m0.005s
sys	0m0.005s

error: globus_xio: Unable to connect to cc088.fst.alcf.anl.gov:42978
globus_xio: System error in connect: Connection refused
globus_xio: A system call failed: Connection refused

real	0m0.012s
user	0m0.005s
sys	0m0.005s

error: globus_xio: Unable to connect to cc088.fst.alcf.anl.gov:42978
globus_xio: System error in connect: Connection refused
globus_xio: A system call failed: Connection refused

real	0m0.012s
user	0m0.006s
sys	0m0.004s

error: globus_xio: Unable to connect to cc088.fst.alcf.anl.gov:42978
globus_xio: System error in connect: Connection refused
globus_xio: A system call failed: Connection refused

real	0m0.012s
user	0m0.006s
sys	0m0.005s

error: globus_xio: Unable to connect to cc088.fst.alcf.anl.gov:42978
globus_xio: System error in connect: Connection refused
globus_xio: A system call failed: Connection refused

real	0m0.011s
user	0m0.008s
sys	0m0.002s

error: globus_xio: Unable to connect to cc088.fst.alcf.anl.gov:42978
globus_xio: System error in connect: Connection refused
globus_xio: A system call failed: Connection refused

real	0m0.012s
user	0m0.004s
sys	0m0.006s

error: globus_xio: Unable to connect to cc088.fst.alcf.anl.gov:42978
globus_xio: System error in connect: Connection refused
globus_xio: A system call failed: Connection refused

real	0m0.012s
user	0m0.005s
sys	0m0.005s

error: globus_xio: Unable to connect to cc088.fst.alcf.anl.gov:42978
globus_xio: System error in connect: Connection refused
globus_xio: A system call failed: Connection refused

real	0m0.013s
user	0m0.009s
sys	0m0.002s

error: globus_xio: Unable to connect to cc088.fst.alcf.anl.gov:42978
globus_xio: System error in connect: Connection refused
globus_xio: A system call failed: Connection refused

real	0m0.011s
user	0m0.003s
sys	0m0.007s

error: globus_xio: Unable to connect to cc088.fst.alcf.anl.gov:42978
globus_xio: System error in connect: Connection refused
globus_xio: A system call failed: Connection refused

real	0m0.013s
user	0m0.007s
sys	0m0.004s

error: globus_xio: Unable to connect to cc088.fst.alcf.anl.gov:42978
globus_xio: System error in connect: Connection refused
globus_xio: A system call failed: Connection refused

real	0m0.011s
user	0m0.006s
sys	0m0.003s

error: globus_xio: Unable to connect to cc088.fst.alcf.anl.gov:42978
globus_xio: System error in connect: Connection refused
globus_xio: A system call failed: Connection refused

real	0m0.014s
user	0m0.005s
sys	0m0.006s

error: globus_xio: Unable to connect to cc088.fst.alcf.anl.gov:42978
globus_xio: System error in connect: Connection refused
globus_xio: A system call failed: Connection refused

real	0m0.012s
user	0m0.004s
sys	0m0.006s

error: globus_xio: Unable to connect to cc088.fst.alcf.anl.gov:42978
globus_xio: System error in connect: Connection refused
globus_xio: A system call failed: Connection refused

real	0m0.012s
user	0m0.006s
sys	0m0.004s

error: globus_xio: Unable to connect to cc088.fst.alcf.anl.gov:42978
globus_xio: System error in connect: Connection refused
globus_xio: A system call failed: Connection refused

real	0m0.012s
user	0m0.006s
sys	0m0.004s

error: globus_xio: Unable to connect to cc088.fst.alcf.anl.gov:42978
globus_xio: System error in connect: Connection refused
globus_xio: A system call failed: Connection refused

real	0m0.011s
user	0m0.006s
sys	0m0.003s

error: globus_xio: Unable to connect to cc088.fst.alcf.anl.gov:42978
globus_xio: System error in connect: Connection refused
globus_xio: A system call failed: Connection refused

real	0m0.013s
user	0m0.005s
sys	0m0.006s

error: globus_xio: Unable to connect to cc088.fst.alcf.anl.gov:42978
globus_xio: System error in connect: Connection refused
globus_xio: A system call failed: Connection refused

real	0m0.012s
user	0m0.006s
sys	0m0.004s

error: globus_xio: Unable to connect to cc088.fst.alcf.anl.gov:42978
globus_xio: System error in connect: Connection refused
globus_xio: A system call failed: Connection refused

real	0m0.011s
user	0m0.006s
sys	0m0.003s

error: globus_xio: Unable to connect to cc088.fst.alcf.anl.gov:42978
globus_xio: System error in connect: Connection refused
globus_xio: A system call failed: Connection refused

real	0m0.013s
user	0m0.008s
sys	0m0.003s

error: globus_xio: Unable to connect to cc088.fst.alcf.anl.gov:42978
globus_xio: System error in connect: Connection refused
globus_xio: A system call failed: Connection refused

real	0m0.012s
user	0m0.005s
sys	0m0.005s

error: globus_xio: Unable to connect to cc088.fst.alcf.anl.gov:42978
globus_xio: System error in connect: Connection refused
globus_xio: A system call failed: Connection refused

real	0m0.012s
user	0m0.007s
sys	0m0.003s

error: globus_xio: Unable to connect to cc088.fst.alcf.anl.gov:42978
globus_xio: System error in connect: Connection refused
globus_xio: A system call failed: Connection refused

real	0m0.013s
user	0m0.004s
sys	0m0.007s

error: globus_xio: Unable to connect to cc088.fst.alcf.anl.gov:42978
globus_xio: System error in connect: Connection refused
globus_xio: A system call failed: Connection refused

real	0m0.012s
user	0m0.005s
sys	0m0.005s
