1000+0 records in
1000+0 records out
3c84e34b319946f6531a2c4559f588a8  -
1048576000 bytes (1.0 GB) copied, 2.51986 s, 416 MB/s

real	0m2.523s
user	0m2.336s
sys	0m0.620s
1000+0 records in
1000+0 records out
1048576000 bytes (1.0 GB) copied, 2.51199 s, 417 MB/s
3c84e34b319946f6531a2c4559f588a8  -

real	0m2.515s
user	0m2.321s
sys	0m0.598s
1000+0 records in
1000+0 records out
1048576000 bytes (1.0 GB) copied3c84e34b319946f6531a2c4559f588a8  -
, 2.51035 s, 418 MB/s

real	0m2.513s
user	0m2.330s
sys	0m0.583s
1000+0 records in
1000+0 records out
1048576000 bytes (1.0 GB) copied, 2.50983 s, 418 MB/s
3c84e34b319946f6531a2c4559f588a8  -

real	0m2.513s
user	0m2.322s
sys	0m0.592s
1000+0 records in
1000+0 records out
1048576000 bytes (1.0 GB) copied, 2.52604 s, 415 MB/s
3c84e34b319946f6531a2c4559f588a8  -

real	0m2.529s
user	0m2.334s
sys	0m0.643s
1000+0 records in
1000+0 records out
1048576000 bytes (1.0 GB) copied, 2.51379 s, 417 MB/s
3c84e34b319946f6531a2c4559f588a8  -

real	0m2.517s
user	0m2.323s
sys	0m0.598s
1000+0 records in
1000+0 records out
1048576000 bytes (1.0 GB) copied, 2.5127 s, 417 MB/s
3c84e34b319946f6531a2c4559f588a8  -

real	0m2.516s
user	0m2.325s
sys	0m0.597s
1000+0 records in
1000+0 records out
1048576000 bytes (1.0 GB) copied, 2.71697 s, 386 MB/s
3c84e34b319946f6531a2c4559f588a8  -

real	0m2.720s
user	0m2.337s
sys	0m0.804s
1000+0 records in
1000+0 records out
1048576000 bytes (1.0 GB) copied, 2.52719 s, 415 MB/s
3c84e34b319946f6531a2c4559f588a8  -

real	0m2.530s
user	0m2.357s
sys	0m0.618s
1000+0 records in
1000+0 records out
1048576000 bytes (1.0 GB) copied, 2.5175 s, 417 MB/s
3c84e34b319946f6531a2c4559f588a8  -

real	0m2.520s
user	0m2.337s
sys	0m0.614s
1000+0 records in
1000+0 records out
1048576000 bytes (1.0 GB) copied, 2.51685 s, 417 MB/s
3c84e34b319946f6531a2c4559f588a8  -

real	0m2.519s
user	0m2.326s
sys	0m0.603s
1000+0 records in
1000+0 records out
1048576000 bytes (1.0 GB) copied, 2.56203 s, 409 MB/s
3c84e34b319946f6531a2c4559f588a8  -

real	0m2.565s
user	0m2.354s
sys	0m0.647s
1000+0 records in
1000+0 records out
1048576000 bytes (1.0 GB) copied, 2.52053 s, 416 MB/s
3c84e34b319946f6531a2c4559f588a8  -

real	0m2.523s
user	0m2.364s
sys	0m0.589s
1000+0 records in
1000+0 records out
1048576000 bytes (1.0 GB) copied, 2.6806 s, 391 MB/s
3c84e34b319946f6531a2c4559f588a8  -

real	0m2.684s
user	0m2.355s
sys	0m0.758s
1000+0 records in
1000+0 records out
1048576000 bytes (1.0 GB) copied, 2.524 s, 415 MB/s
3c84e34b319946f6531a2c4559f588a8  -

real	0m2.527s
user	0m2.322s
sys	0m0.634s
1000+0 records in
1000+0 records out
1048576000 bytes (1.0 GB) copied, 2.51174 s, 417 MB/s
3c84e34b319946f6531a2c4559f588a8  -

real	0m2.515s
user	0m2.321s
sys	0m0.616s
1000+0 records in
1000+0 records out
1048576000 bytes (1.0 GB) copied, 2.52334 s, 416 MB/s
3c84e34b319946f6531a2c4559f588a8  -

real	0m2.526s
user	0m2.335s
sys	0m0.621s
1000+0 records in
1000+0 records out
1048576000 bytes (1.0 GB) copied, 2.52759 s, 415 MB/s
3c84e34b319946f6531a2c4559f588a8  -

real	0m2.530s
user	0m2.345s
sys	0m0.634s
1000+0 records in
1000+0 records out
1048576000 bytes (1.0 GB) copied, 2.52235 s, 416 MB/s
3c84e34b319946f6531a2c4559f588a8  -

real	0m2.525s
user	0m2.345s
sys	0m0.609s
1000+0 records in
1000+0 records out
1048576000 bytes (1.0 GB) copied, 2.51052 s, 418 MB/s
3c84e34b319946f6531a2c4559f588a8  -

real	0m2.513s
user	0m2.347s
sys	0m0.584s
1000+0 records in
1000+0 records out
1048576000 bytes (1.0 GB) copied, 2.51124 s, 418 MB/s
3c84e34b319946f6531a2c4559f588a8  -

real	0m2.514s
user	0m2.333s
sys	0m0.594s
1000+0 records in
1000+0 records out
1048576000 bytes (1.0 GB) copied, 2.52281 s, 416 MB/s
3c84e34b319946f6531a2c4559f588a8  -

real	0m2.526s
user	0m2.339s
sys	0m0.624s
1000+0 records in
1000+0 records out
1048576000 bytes (1.0 GB) copied, 2.52612 s, 415 MB/s
3c84e34b319946f6531a2c4559f588a8  -

real	0m2.529s
user	0m2.340s
sys	0m0.621s
1000+0 records in
1000+0 records out
1048576000 bytes (1.0 GB) copied, 2.52732 s, 415 MB/s
3c84e34b319946f6531a2c4559f588a8  -

real	0m2.530s
user	0m2.363s
sys	0m0.604s
1000+0 records in
1000+0 records out
1048576000 bytes (1.0 GB) copied, 2.52452 s, 415 MB/s
3c84e34b319946f6531a2c4559f588a8  -

real	0m2.528s
user	0m2.343s
sys	0m0.613s
1000+0 records in
1000+0 records out
1048576000 bytes (1.0 GB) copied, 2.52112 s, 416 MB/s
3c84e34b319946f6531a2c4559f588a8  -

real	0m2.524s
user	0m2.350s
sys	0m0.600s
1000+0 records in
1000+0 records out
1048576000 bytes (1.0 GB) copied, 2.52027 s, 416 MB/s
3c84e34b319946f6531a2c4559f588a8  -

real	0m2.523s
user	0m2.343s
sys	0m0.612s
1000+0 records in
1000+0 records out
1048576000 bytes (1.0 GB) copied, 2.53503 s, 414 MB/s
3c84e34b319946f6531a2c4559f588a8  -

real	0m2.538s
user	0m2.365s
sys	0m0.607s
1000+0 records in
1000+0 records out
1048576000 bytes (1.0 GB) copied, 2.51918 s, 416 MB/s
3c84e34b319946f6531a2c4559f588a8  -

real	0m2.522s
user	0m2.345s
sys	0m0.603s
1000+0 records in
1000+0 records out
1048576000 bytes (1.0 GB) copied, 2.51442 s, 417 MB/s
3c84e34b319946f6531a2c4559f588a8  -

real	0m2.517s
user	0m2.348s
sys	0m0.589s
1000+0 records in
1000+0 records out
1048576000 bytes (1.0 GB) copied, 2.51984 s, 416 MB/s
3c84e34b319946f6531a2c4559f588a8  -

real	0m2.522s
user	0m2.358s
sys	0m0.592s
1000+0 records in
1000+0 records out
1048576000 bytes (1.0 GB) copied, 2.51552 s, 417 MB/s
3c84e34b319946f6531a2c4559f588a8  -

real	0m2.518s
user	0m2.344s
sys	0m0.598s
1000+0 records in
1000+0 records out
1048576000 bytes (1.0 GB) copied, 2.51455 s, 417 MB/s
3c84e34b319946f6531a2c4559f588a8  -

real	0m2.517s
user	0m2.359s
sys	0m0.576s
1000+0 records in
1000+0 records out
1048576000 bytes (1.0 GB) copied, 2.52557 s, 415 MB/s
3c84e34b319946f6531a2c4559f588a8  -

real	0m2.529s
user	0m2.342s
sys	0m0.622s
1000+0 records in
1000+0 records out
1048576000 bytes (1.0 GB) copied, 2.5219 s, 416 MB/s
3c84e34b319946f6531a2c4559f588a8  -

real	0m2.525s
user	0m2.349s
sys	0m0.611s
1000+0 records in
1000+0 records out
1048576000 bytes (1.0 GB) copied, 2.52433 s, 415 MB/s
3c84e34b319946f6531a2c4559f588a8  -

real	0m2.527s
user	0m2.330s
sys	0m0.629s
1000+0 records in
1000+0 records out
1048576000 bytes (1.0 GB) copied, 2.51542 s, 417 MB/s
3c84e34b319946f6531a2c4559f588a8  -

real	0m2.518s
user	0m2.349s
sys	0m0.593s
1000+0 records in
1000+0 records out
1048576000 bytes (1.0 GB) copied, 2.52183 s, 416 MB/s
3c84e34b319946f6531a2c4559f588a8  -

real	0m2.525s
user	0m2.372s
sys	0m0.572s
1000+0 records in
1000+0 records out
1048576000 bytes (1.0 GB) copied, 2.52492 s, 415 MB/s
3c84e34b319946f6531a2c4559f588a8  -

real	0m2.528s
user	0m2.342s
sys	0m0.633s
1000+0 records in
1000+0 records out
1048576000 bytes (1.0 GB) copied, 2.52321 s, 416 MB/s
3c84e34b319946f6531a2c4559f588a8  -

real	0m2.526s
user	0m2.357s
sys	0m0.586s
1000+0 records in
1000+0 records out
1048576000 bytes (1.0 GB) copied, 2.51927 s, 416 MB/s
3c84e34b319946f6531a2c4559f588a8  -

real	0m2.522s
user	0m2.354s
sys	0m0.582s
1000+0 records in
1000+0 records out
1048576000 bytes (1.0 GB) copied, 2.51884 s, 416 MB/s
3c84e34b319946f6531a2c4559f588a8  -

real	0m2.522s
user	0m2.349s
sys	0m0.584s
1000+0 records in
1000+0 records out
1048576000 bytes (1.0 GB) copied, 2.51885 s, 416 MB/s
3c84e34b319946f6531a2c4559f588a8  -

real	0m2.522s
user	0m2.348s
sys	0m0.589s
1000+0 records in
1000+0 records out
1048576000 bytes (1.0 GB) copied, 2.52523 s, 415 MB/s
3c84e34b319946f6531a2c4559f588a8  -

real	0m2.528s
user	0m2.336s
sys	0m0.607s
1000+0 records in
1000+0 records out
1048576000 bytes (1.0 GB) copied, 2.51508 s, 417 MB/s
3c84e34b319946f6531a2c4559f588a8  -

real	0m2.518s
user	0m2.323s
sys	0m0.597s
1000+0 records in
1000+0 records out
1048576000 bytes (1.0 GB) copied, 2.52647 s, 415 MB/s
3c84e34b319946f6531a2c4559f588a8  -

real	0m2.529s
user	0m2.334s
sys	0m0.632s
1000+0 records in
1000+0 records out
1048576000 bytes (1.0 GB) copied, 2.51433 s, 417 MB/s
3c84e34b319946f6531a2c4559f588a8  -

real	0m2.517s
user	0m2.351s
sys	0m0.569s
1000+0 records in
1000+0 records out
1048576000 bytes (1.0 GB) copied, 2.57821 s, 407 MB/s
3c84e34b319946f6531a2c4559f588a8  -

real	0m2.581s
user	0m2.353s
sys	0m0.643s
1000+0 records in
1000+0 records out
1048576000 bytes (1.0 GB) copied, 2.51588 s, 417 MB/s
3c84e34b319946f6531a2c4559f588a8  -

real	0m2.520s
user	0m2.343s
sys	0m0.584s
1000+0 records in
1000+0 records out
1048576000 bytes (1.0 GB) copied, 2.51097 s, 418 MB/s
3c84e34b319946f6531a2c4559f588a8  -

real	0m2.514s
user	0m2.332s
sys	0m0.582s
1000+0 records in
1000+0 records out
1048576000 bytes (1.0 GB) copied, 2.52273 s, 416 MB/s
3c84e34b319946f6531a2c4559f588a8  -

real	0m2.525s
user	0m2.351s
sys	0m0.600s
1000+0 records in
1000+0 records out
1048576000 bytes (1.0 GB) copied, 2.51922 s, 416 MB/s
3c84e34b319946f6531a2c4559f588a8  -

real	0m2.522s
user	0m2.349s
sys	0m0.600s
1000+0 records in
1000+0 records out
1048576000 bytes (1.0 GB) copied, 2.52517 s, 415 MB/s
3c84e34b319946f6531a2c4559f588a8  -

real	0m2.528s
user	0m2.355s
sys	0m0.609s
1000+0 records in
1000+0 records out
1048576000 bytes (1.0 GB) copied, 2.52612 s, 415 MB/s
3c84e34b319946f6531a2c4559f588a8  -

real	0m2.529s
user	0m2.328s
sys	0m0.634s
1000+0 records in
1000+0 records out
1048576000 bytes (1.0 GB) copied, 2.52423 s, 415 MB/s
3c84e34b319946f6531a2c4559f588a8  -

real	0m2.527s
user	0m2.358s
sys	0m0.601s
1000+0 records in
1000+0 records out
1048576000 bytes (1.0 GB) copied, 2.52307 s, 416 MB/s
3c84e34b319946f6531a2c4559f588a8  -

real	0m2.526s
user	0m2.351s
sys	0m0.621s
1000+0 records in
1000+0 records out
1048576000 bytes (1.0 GB) copied, 2.52233 s, 416 MB/s
3c84e34b319946f6531a2c4559f588a8  -

real	0m2.525s
user	0m2.355s
sys	0m0.592s
1000+0 records in
1000+0 records out
1048576000 bytes (1.0 GB) copied, 2.51832 s, 416 MB/s
3c84e34b319946f6531a2c4559f588a8  -

real	0m2.521s
user	0m2.345s
sys	0m0.591s
1000+0 records in
1000+0 records out
1048576000 bytes (1.0 GB) copied, 2.5156 s, 417 MB/s
3c84e34b319946f6531a2c4559f588a8  -

real	0m2.519s
user	0m2.374s
sys	0m0.565s
1000+0 records in
1000+0 records out
1048576000 bytes (1.0 GB) copied, 2.52161 s, 416 MB/s
3c84e34b319946f6531a2c4559f588a8  -

real	0m2.525s
user	0m2.340s
sys	0m0.603s
1000+0 records in
1000+0 records out
1048576000 bytes (1.0 GB) copied, 2.52292 s, 416 MB/s
3c84e34b319946f6531a2c4559f588a8  -

real	0m2.526s
user	0m2.335s
sys	0m0.599s
1000+0 records in
1000+0 records out
1048576000 bytes (1.0 GB) copied, 2.59039 s, 405 MB/s
3c84e34b319946f6531a2c4559f588a8  -

real	0m2.593s
user	0m2.341s
sys	0m0.679s
1000+0 records in
1000+0 records out
1048576000 bytes (1.0 GB) copied, 2.51827 s, 416 MB/s
3c84e34b319946f6531a2c4559f588a8  -

real	0m2.521s
user	0m2.322s
sys	0m0.605s
1000+0 records in
1000+0 records out
1048576000 bytes (1.0 GB) copied, 2.51616 s, 417 MB/s
3c84e34b319946f6531a2c4559f588a8  -

real	0m2.519s
user	0m2.355s
sys	0m0.574s
1000+0 records in
1000+0 records out
1048576000 bytes (1.0 GB) copied, 2.51992 s, 416 MB/s
3c84e34b319946f6531a2c4559f588a8  -

real	0m2.523s
user	0m2.344s
sys	0m0.597s
1000+0 records in
1000+0 records out
1048576000 bytes (1.0 GB) copied, 2.52716 s, 415 MB/s
3c84e34b319946f6531a2c4559f588a8  -

real	0m2.530s
user	0m2.353s
sys	0m0.610s
1000+0 records in
1000+0 records out
1048576000 bytes (1.0 GB) copied, 2.52309 s, 416 MB/s
3c84e34b319946f6531a2c4559f588a8  -

real	0m2.525s
user	0m2.359s
sys	0m0.591s
1000+0 records in
1000+0 records out
1048576000 bytes (1.0 GB) copied, 2.51794 s, 416 MB/s
3c84e34b319946f6531a2c4559f588a8  -

real	0m2.521s
user	0m2.344s
sys	0m0.601s
1000+0 records in
1000+0 records out
1048576000 bytes (1.0 GB) copied, 2.64629 s, 396 MB/s
3c84e34b319946f6531a2c4559f588a8  -

real	0m2.649s
user	0m2.334s
sys	0m0.744s
1000+0 records in
1000+0 records out
1048576000 bytes (1.0 GB) copied, 2.51252 s, 417 MB/s
3c84e34b319946f6531a2c4559f588a8  -

real	0m2.515s
user	0m2.342s
sys	0m0.586s
1000+0 records in
1000+0 records out
1048576000 bytes (1.0 GB) copied, 2.52064 s, 416 MB/s
3c84e34b319946f6531a2c4559f588a8  -

real	0m2.524s
user	0m2.348s
sys	0m0.608s
1000+0 records in
1000+0 records out
1048576000 bytes (1.0 GB) copied, 2.65874 s, 394 MB/s
3c84e34b319946f6531a2c4559f588a8  -

real	0m2.662s
user	0m2.370s
sys	0m0.726s
1000+0 records in
1000+0 records out
1048576000 bytes (1.0 GB) copied, 2.52166 s, 416 MB/s
3c84e34b319946f6531a2c4559f588a8  -

real	0m2.524s
user	0m2.337s
sys	0m0.630s
1000+0 records in
1000+0 records out
1048576000 bytes (1.0 GB) copied, 2.51975 s, 416 MB/s
3c84e34b319946f6531a2c4559f588a8  -

real	0m2.523s
user	0m2.327s
sys	0m0.619s
1000+0 records in
1000+0 records out
1048576000 bytes (1.0 GB) copied, 2.53137 s, 414 MB/s
3c84e34b319946f6531a2c4559f588a8  -

real	0m2.534s
user	0m2.349s
sys	0m0.647s
1000+0 records in
1000+0 records out
1048576000 bytes (1.0 GB) copied, 2.52537 s, 415 MB/s
3c84e34b319946f6531a2c4559f588a8  -

real	0m2.528s
user	0m2.335s
sys	0m0.630s
1000+0 records in
1000+0 records out
1048576000 bytes (1.0 GB) copied, 2.64989 s, 396 MB/s
3c84e34b319946f6531a2c4559f588a8  -

real	0m2.652s
user	0m2.352s
sys	0m0.732s
1000+0 records in
1000+0 records out
1048576000 bytes (1.0 GB) copied, 2.51514 s, 417 MB/s
3c84e34b319946f6531a2c4559f588a8  -

real	0m2.518s
user	0m2.347s
sys	0m0.584s
1000+0 records in
1000+0 records out
1048576000 bytes (1.0 GB) copied, 2.65761 s, 395 MB/s
3c84e34b319946f6531a2c4559f588a8  -

real	0m2.661s
user	0m2.344s
sys	0m0.737s
1000+0 records in
1000+0 records out
1048576000 bytes (1.0 GB) copied, 2.52778 s, 415 MB/s
3c84e34b319946f6531a2c4559f588a8  -

real	0m2.531s
user	0m2.355s
sys	0m0.603s
1000+0 records in
1000+0 records out
1048576000 bytes (1.0 GB) copied, 2.51584 s, 417 MB/s
3c84e34b319946f6531a2c4559f588a8  -

real	0m2.518s
user	0m2.338s
sys	0m0.605s
1000+0 records in
1000+0 records out
1048576000 bytes (1.0 GB) copied, 2.51539 s, 417 MB/s
3c84e34b319946f6531a2c4559f588a8  -

real	0m2.518s
user	0m2.349s
sys	0m0.584s
1000+0 records in
1000+0 records out
1048576000 bytes (1.0 GB) copied, 2.52375 s, 415 MB/s
3c84e34b319946f6531a2c4559f588a8  -

real	0m2.526s
user	0m2.357s
sys	0m0.594s
1000+0 records in
1000+0 records out
1048576000 bytes (1.0 GB) copied, 2.53324 s, 414 MB/s
3c84e34b319946f6531a2c4559f588a8  -

real	0m2.536s
user	0m2.341s
sys	0m0.619s
1000+0 records in
1000+0 records out
1048576000 bytes (1.0 GB) copied, 2.52322 s, 416 MB/s
3c84e34b319946f6531a2c4559f588a8  -

real	0m2.526s
user	0m2.357s
sys	0m0.599s
1000+0 records in
1000+0 records out
1048576000 bytes (1.0 GB) copied, 2.52351 s, 416 MB/s
3c84e34b319946f6531a2c4559f588a8  -

real	0m2.527s
user	0m2.350s
sys	0m0.599s
1000+0 records in
1000+0 records out
1048576000 bytes (1.0 GB) copied, 2.51233 s, 417 MB/s
3c84e34b319946f6531a2c4559f588a8  -

real	0m2.515s
user	0m2.340s
sys	0m0.589s
1000+0 records in
1000+0 records out
1048576000 bytes (1.0 GB) copied, 2.517 s, 417 MB/s
3c84e34b319946f6531a2c4559f588a8  -

real	0m2.520s
user	0m2.344s
sys	0m0.595s
1000+0 records in
1000+0 records out
1048576000 bytes (1.0 GB) copied, 2.52103 s, 416 MB/s
3c84e34b319946f6531a2c4559f588a8  -

real	0m2.524s
user	0m2.356s
sys	0m0.589s
1000+0 records in
1000+0 records out
1048576000 bytes (1.0 GB) copied, 2.59524 s, 404 MB/s
3c84e34b319946f6531a2c4559f588a8  -

real	0m2.598s
user	0m2.349s
sys	0m0.692s
1000+0 records in
1000+0 records out
1048576000 bytes (1.0 GB) copied, 2.51288 s, 417 MB/s
3c84e34b319946f6531a2c4559f588a8  -

real	0m2.515s
user	0m2.345s
sys	0m0.586s
1000+0 records in
1000+0 records out
1048576000 bytes (1.0 GB) copied, 2.52035 s, 416 MB/s
3c84e34b319946f6531a2c4559f588a8  -

real	0m2.523s
user	0m2.355s
sys	0m0.592s
1000+0 records in
1000+0 records out
1048576000 bytes (1.0 GB) copied, 2.52368 s, 415 MB/s
3c84e34b319946f6531a2c4559f588a8  -

real	0m2.527s
user	0m2.320s
sys	0m0.641s
1000+0 records in
1000+0 records out
1048576000 bytes (1.0 GB) copied, 2.51467 s, 417 MB/s
3c84e34b319946f6531a2c4559f588a8  -

real	0m2.518s
user	0m2.342s
sys	0m0.593s
1000+0 records in
1000+0 records out
1048576000 bytes (1.0 GB) copied, 2.52151 s, 416 MB/s
3c84e34b319946f6531a2c4559f588a8  -

real	0m2.525s
user	0m2.356s
sys	0m0.600s
1000+0 records in
1000+0 records out
1048576000 bytes (1.0 GB) copied, 2.52171 s, 416 MB/s
3c84e34b319946f6531a2c4559f588a8  -

real	0m2.525s
user	0m2.360s
sys	0m0.595s
1000+0 records in
1000+0 records out
1048576000 bytes (1.0 GB) copied, 2.52045 s, 416 MB/s
3c84e34b319946f6531a2c4559f588a8  -

real	0m2.523s
user	0m2.346s
sys	0m0.598s
1000+0 records in
1000+0 records out
3c84e34b319946f6531a2c4559f588a8  -
1048576000 bytes (1.0 GB) copied, 2.51948 s, 416 MB/s

real	0m2.522s
user	0m2.338s
sys	0m0.606s
1000+0 records in
1000+0 records out
1048576000 bytes (1.0 GB) copied, 2.52233 s, 416 MB/s
3c84e34b319946f6531a2c4559f588a8  -

real	0m2.525s
user	0m2.344s
sys	0m0.612s
1000+0 records in
1000+0 records out
1048576000 bytes (1.0 GB) copied, 2.518 s, 416 MB/s
3c84e34b319946f6531a2c4559f588a8  -

real	0m2.521s
user	0m2.323s
sys	0m0.619s
