10000+0 records in
10000+0 records out
10485760000 bytes (10 GB) copieda02bf4596da9a0c3d2b10ac745b55ccf  -
, 25.2537 s, 415 MB/s

real	0m25.257s
user	0m23.412s
sys	0m6.278s
10000+0 records in
10000+0 records out
10485760000 bytes (10 GB) copied, 25.2017 s, 416 MB/s
a02bf4596da9a0c3d2b10ac745b55ccf  -

real	0m25.205s
user	0m23.469s
sys	0m5.913s
10000+0 records in
10000+0 records out
a02bf4596da9a0c3d2b10ac745b55ccf  -
10485760000 bytes (10 GB) copied, 25.1603 s, 417 MB/s

real	0m25.164s
user	0m23.364s
sys	0m6.053s
10000+0 records in
10000+0 records out
10485760000 bytes (10 GB) copied, 25.21 s, 416 MB/s
a02bf4596da9a0c3d2b10ac745b55ccf  -

real	0m25.213s
user	0m23.423s
sys	0m6.031s
10000+0 records in
10000+0 records out
10485760000 bytes (10 GB) copied, 25.2969 s, 415 MB/s
a02bf4596da9a0c3d2b10ac745b55ccf  -

real	0m25.300s
user	0m23.405s
sys	0m6.272s
10000+0 records in
10000+0 records out
10485760000 bytes (10 GB) copied, 25.1891 s, 416 MB/s
a02bf4596da9a0c3d2b10ac745b55ccf  -

real	0m25.192s
user	0m23.349s
sys	0m5.968s
10000+0 records in
10000+0 records out
10485760000 bytes (10 GB) copied, 25.138 s, 417 MB/s
a02bf4596da9a0c3d2b10ac745b55ccf  -

real	0m25.141s
user	0m23.354s
sys	0m5.957s
10000+0 records in
10000+0 records out
10485760000 bytes (10 GB) copied, 25.2028 s, 416 MB/s
a02bf4596da9a0c3d2b10ac745b55ccf  -

real	0m25.206s
user	0m23.349s
sys	0m6.014s
10000+0 records in
10000+0 records out
10485760000 bytes (10 GB) copied, 25.2252 s, 416 MB/s
a02bf4596da9a0c3d2b10ac745b55ccf  -

real	0m25.228s
user	0m23.451s
sys	0m5.966s
10000+0 records in
10000+0 records out
10485760000 bytes (10 GB) copied, 25.2605 s, 415 MB/s
a02bf4596da9a0c3d2b10ac745b55ccf  -

real	0m25.264s
user	0m23.430s
sys	0m6.055s
10000+0 records in
10000+0 records out
10485760000 bytes (10 GB) copied, 25.2186 s, 416 MB/s
a02bf4596da9a0c3d2b10ac745b55ccf  -

real	0m25.222s
user	0m23.444s
sys	0m6.060s
10000+0 records in
10000+0 records out
10485760000 bytes (10 GB) copied, 25.14 s, 417 MB/s
a02bf4596da9a0c3d2b10ac745b55ccf  -

real	0m25.143s
user	0m23.414s
sys	0m6.003s
10000+0 records in
10000+0 records out
10485760000 bytes (10 GB) copied, 25.1596 s, 417 MB/s
a02bf4596da9a0c3d2b10ac745b55ccf  -

real	0m25.163s
user	0m23.399s
sys	0m6.024s
10000+0 records in
10000+0 records out
10485760000 bytes (10 GB) copied, 25.1463 s, 417 MB/s
a02bf4596da9a0c3d2b10ac745b55ccf  -

real	0m25.149s
user	0m23.314s
sys	0m5.978s
10000+0 records in
10000+0 records out
10485760000 bytes (10 GB) copied, 25.1442 s, 417 MB/s
a02bf4596da9a0c3d2b10ac745b55ccf  -

real	0m25.147s
user	0m23.380s
sys	0m5.909s
10000+0 records in
10000+0 records out
10485760000 bytes (10 GB) copied, 25.1996 s, 416 MB/s
a02bf4596da9a0c3d2b10ac745b55ccf  -

real	0m25.203s
user	0m23.433s
sys	0m6.057s
10000+0 records in
10000+0 records out
10485760000 bytes (10 GB) copied, 25.1819 s, 416 MB/s
a02bf4596da9a0c3d2b10ac745b55ccf  -

real	0m25.185s
user	0m23.385s
sys	0m5.979s
10000+0 records in
10000+0 records out
10485760000 bytes (10 GB) copied, 25.2191 s, 416 MB/s
a02bf4596da9a0c3d2b10ac745b55ccf  -

real	0m25.222s
user	0m23.455s
sys	0m6.041s
10000+0 records in
10000+0 records out
10485760000 bytes (10 GB) copied, 25.189 s, 416 MB/s
a02bf4596da9a0c3d2b10ac745b55ccf  -

real	0m25.192s
user	0m23.470s
sys	0m5.849s
10000+0 records in
10000+0 records out
10485760000 bytes (10 GB) copied, 25.2868 s, 415 MB/s
a02bf4596da9a0c3d2b10ac745b55ccf  -

real	0m25.290s
user	0m23.454s
sys	0m6.162s
