2000+0 records in
2000+0 records out
0dd74775419ada42017a0fdf21eccf94  -
2097152000 bytes (2.1 GB) copied, 5.135 s, 408 MB/s

real	0m5.138s
user	0m4.685s
sys	0m1.146s
2000+0 records in
2000+0 records out
0dd74775419ada42017a0fdf21eccf94  -
2097152000 bytes (2.1 GB) copied, 5.20064 s, 403 MB/s

real	0m5.203s
user	0m4.693s
sys	0m1.170s
2000+0 records in
2000+0 records out
0dd74775419ada42017a0fdf21eccf94  -
2097152000 bytes (2.1 GB) copied, 5.21625 s, 402 MB/s

real	0m5.219s
user	0m4.671s
sys	0m1.169s
2000+0 records in
2000+0 records out
0dd74775419ada42017a0fdf21eccf94  -
2097152000 bytes (2.1 GB) copied, 5.48995 s, 382 MB/s

real	0m5.493s
user	0m4.700s
sys	0m1.490s
2000+0 records in
2000+0 records out
2097152000 bytes (2.1 GB) copied, 5.10708 s, 411 MB/s
0dd74775419ada42017a0fdf21eccf94  -

real	0m5.110s
user	0m4.676s
sys	0m1.241s
2000+0 records in
2000+0 records out
0dd74775419ada42017a0fdf21eccf94  -
2097152000 bytes (2.1 GB) copied, 5.11721 s, 410 MB/s

real	0m5.120s
user	0m4.661s
sys	0m1.144s
2000+0 records in
2000+0 records out
0dd74775419ada42017a0fdf21eccf94  -
2097152000 bytes (2.1 GB) copied, 5.17631 s, 405 MB/s

real	0m5.179s
user	0m4.692s
sys	0m1.174s
2000+0 records in
2000+0 records out
0dd74775419ada42017a0fdf21eccf94  -
2097152000 bytes (2.1 GB) copied, 5.16076 s, 406 MB/s

real	0m5.163s
user	0m4.695s
sys	0m1.194s
2000+0 records in
2000+0 records out
0dd74775419ada42017a0fdf21eccf94  -
2097152000 bytes (2.1 GB) copied, 5.28384 s, 397 MB/s

real	0m5.287s
user	0m4.712s
sys	0m1.196s
2000+0 records in
2000+0 records out
2097152000 bytes (2.1 GB) copied, 5.08554 s, 412 MB/s
0dd74775419ada42017a0fdf21eccf94  -

real	0m5.088s
user	0m4.722s
sys	0m1.189s
2000+0 records in
2000+0 records out
0dd74775419ada42017a0fdf21eccf94  -
2097152000 bytes (2.1 GB) copied, 5.36702 s, 391 MB/s

real	0m5.370s
user	0m4.705s
sys	0m1.479s
2000+0 records in
2000+0 records out
0dd74775419ada42017a0fdf21eccf94  -
2097152000 bytes (2.1 GB) copied, 5.16834 s, 406 MB/s

real	0m5.171s
user	0m4.681s
sys	0m1.315s
2000+0 records in
2000+0 records out
0dd74775419ada42017a0fdf21eccf94  -
2097152000 bytes (2.1 GB) copied, 5.1909 s, 404 MB/s

real	0m5.194s
user	0m4.675s
sys	0m1.177s
2000+0 records in
2000+0 records out
0dd74775419ada42017a0fdf21eccf94  -
2097152000 bytes (2.1 GB) copied, 5.15015 s, 407 MB/s

real	0m5.153s
user	0m4.636s
sys	0m1.250s
2000+0 records in
2000+0 records out
2097152000 bytes (2.1 GB) copied, 5.07601 s, 413 MB/s
0dd74775419ada42017a0fdf21eccf94  -

real	0m5.079s
user	0m4.678s
sys	0m1.126s
2000+0 records in
2000+0 records out
0dd74775419ada42017a0fdf21eccf94  -
2097152000 bytes (2.1 GB) copied, 5.2603 s, 399 MB/s

real	0m5.263s
user	0m4.692s
sys	0m1.220s
2000+0 records in
2000+0 records out
0dd74775419ada42017a0fdf21eccf94  -
2097152000 bytes (2.1 GB) copied, 5.12128 s, 409 MB/s

real	0m5.124s
user	0m4.690s
sys	0m1.166s
2000+0 records in
2000+0 records out
0dd74775419ada42017a0fdf21eccf94  -
2097152000 bytes (2.1 GB) copied, 5.45383 s, 385 MB/s

real	0m5.463s
user	0m4.737s
sys	0m1.477s
2000+0 records in
2000+0 records out
0dd74775419ada42017a0fdf21eccf94  -
2097152000 bytes (2.1 GB) copied, 5.12864 s, 409 MB/s

real	0m5.131s
user	0m4.681s
sys	0m1.181s
2000+0 records in
2000+0 records out
2097152000 bytes (2.1 GB) copied, 5.10039 s, 411 MB/s
0dd74775419ada42017a0fdf21eccf94  -

real	0m5.104s
user	0m4.687s
sys	0m1.182s
2000+0 records in
2000+0 records out
0dd74775419ada42017a0fdf21eccf94  -
2097152000 bytes (2.1 GB) copied, 5.20944 s, 403 MB/s

real	0m5.212s
user	0m4.698s
sys	0m1.197s
2000+0 records in
2000+0 records out
0dd74775419ada42017a0fdf21eccf94  -
2097152000 bytes (2.1 GB) copied, 5.19096 s, 404 MB/s

real	0m5.194s
user	0m4.650s
sys	0m1.296s
2000+0 records in
2000+0 records out
0dd74775419ada42017a0fdf21eccf94  -
2097152000 bytes (2.1 GB) copied, 5.28351 s, 397 MB/s

real	0m5.286s
user	0m4.661s
sys	0m1.207s
2000+0 records in
2000+0 records out
0dd74775419ada42017a0fdf21eccf94  -
2097152000 bytes (2.1 GB) copied, 5.15918 s, 406 MB/s

real	0m5.162s
user	0m4.718s
sys	0m1.239s
2000+0 records in
2000+0 records out
2097152000 bytes (2.1 GB) copied, 5.10382 s, 411 MB/s
0dd74775419ada42017a0fdf21eccf94  -

real	0m5.107s
user	0m4.644s
sys	0m1.271s
2000+0 records in
2000+0 records out
0dd74775419ada42017a0fdf21eccf94  -
2097152000 bytes (2.1 GB) copied, 5.21453 s, 402 MB/s

real	0m5.217s
user	0m4.704s
sys	0m1.306s
2000+0 records in
2000+0 records out
0dd74775419ada42017a0fdf21eccf94  -
2097152000 bytes (2.1 GB) copied, 5.44329 s, 385 MB/s

real	0m5.446s
user	0m4.723s
sys	0m1.453s
2000+0 records in
2000+0 records out
0dd74775419ada42017a0fdf21eccf94  -
2097152000 bytes (2.1 GB) copied, 5.39113 s, 389 MB/s

real	0m5.394s
user	0m4.688s
sys	0m1.460s
2000+0 records in
2000+0 records out
0dd74775419ada42017a0fdf21eccf94  -
2097152000 bytes (2.1 GB) copied, 5.13317 s, 409 MB/s

real	0m5.136s
user	0m4.715s
sys	0m1.124s
2000+0 records in
2000+0 records out
2097152000 bytes (2.1 GB) copied0dd74775419ada42017a0fdf21eccf94  -
, 5.08921 s, 412 MB/s

real	0m5.092s
user	0m4.678s
sys	0m1.168s
2000+0 records in
2000+0 records out
0dd74775419ada42017a0fdf21eccf94  -
2097152000 bytes (2.1 GB) copied, 5.72988 s, 366 MB/s

real	0m5.733s
user	0m4.693s
sys	0m1.395s
2000+0 records in
2000+0 records out
0dd74775419ada42017a0fdf21eccf94  -
2097152000 bytes (2.1 GB) copied, 5.29383 s, 396 MB/s

real	0m5.297s
user	0m4.695s
sys	0m1.325s
2000+0 records in
2000+0 records out
0dd74775419ada42017a0fdf21eccf94  -
2097152000 bytes (2.1 GB) copied, 5.26754 s, 398 MB/s

real	0m5.271s
user	0m4.707s
sys	0m1.250s
2000+0 records in
2000+0 records out
0dd74775419ada42017a0fdf21eccf94  -
2097152000 bytes (2.1 GB) copied, 5.17253 s, 405 MB/s

real	0m5.175s
user	0m4.699s
sys	0m1.279s
2000+0 records in
2000+0 records out
2097152000 bytes (2.1 GB) copied, 5.17059 s, 406 MB/s
0dd74775419ada42017a0fdf21eccf94  -

real	0m5.173s
user	0m4.666s
sys	0m1.271s
2000+0 records in
2000+0 records out
0dd74775419ada42017a0fdf21eccf94  -
2097152000 bytes (2.1 GB) copied, 5.19104 s, 404 MB/s

real	0m5.193s
user	0m4.675s
sys	0m1.290s
2000+0 records in
2000+0 records out
0dd74775419ada42017a0fdf21eccf94  -
2097152000 bytes (2.1 GB) copied, 5.16108 s, 406 MB/s

real	0m5.164s
user	0m4.678s
sys	0m1.133s
2000+0 records in
2000+0 records out
0dd74775419ada42017a0fdf21eccf94  -
2097152000 bytes (2.1 GB) copied, 5.15647 s, 407 MB/s

real	0m5.159s
user	0m4.686s
sys	0m1.153s
2000+0 records in
2000+0 records out
0dd74775419ada42017a0fdf21eccf94  -
2097152000 bytes (2.1 GB) copied, 5.17382 s, 405 MB/s

real	0m5.177s
user	0m4.666s
sys	0m1.145s
2000+0 records in
2000+0 records out
2097152000 bytes (2.1 GB) copied, 5.11639 s, 410 MB/s
0dd74775419ada42017a0fdf21eccf94  -

real	0m5.119s
user	0m4.648s
sys	0m1.169s
2000+0 records in
2000+0 records out
0dd74775419ada42017a0fdf21eccf94  -
2097152000 bytes (2.1 GB) copied, 5.20439 s, 403 MB/s

real	0m5.207s
user	0m4.656s
sys	0m1.293s
2000+0 records in
2000+0 records out
0dd74775419ada42017a0fdf21eccf94  -
2097152000 bytes (2.1 GB) copied, 5.29962 s, 396 MB/s

real	0m5.302s
user	0m4.709s
sys	0m1.237s
2000+0 records in
2000+0 records out
0dd74775419ada42017a0fdf21eccf94  -
2097152000 bytes (2.1 GB) copied, 5.16609 s, 406 MB/s

real	0m5.169s
user	0m4.674s
sys	0m1.288s
2000+0 records in
2000+0 records out
0dd74775419ada42017a0fdf21eccf94  -
2097152000 bytes (2.1 GB) copied, 5.28088 s, 397 MB/s

real	0m5.284s
user	0m4.708s
sys	0m1.367s
2000+0 records in
2000+0 records out
2097152000 bytes (2.1 GB) copied, 5.07189 s, 413 MB/s
0dd74775419ada42017a0fdf21eccf94  -

real	0m5.075s
user	0m4.659s
sys	0m1.151s
2000+0 records in
2000+0 records out
0dd74775419ada42017a0fdf21eccf94  -
2097152000 bytes (2.1 GB) copied, 5.20965 s, 403 MB/s

real	0m5.212s
user	0m4.704s
sys	0m1.327s
2000+0 records in
2000+0 records out
0dd74775419ada42017a0fdf21eccf94  -
2097152000 bytes (2.1 GB) copied, 5.18783 s, 404 MB/s

real	0m5.191s
user	0m4.704s
sys	0m1.171s
0dd74775419ada42017a0fdf21eccf94  -
2000+0 records in
2000+0 records out
2097152000 bytes (2.1 GB) copied, 5.13449 s, 408 MB/s

real	0m5.137s
user	0m4.669s
sys	0m1.200s
2000+0 records in
2000+0 records out
0dd74775419ada42017a0fdf21eccf94  -
2097152000 bytes (2.1 GB) copied, 5.26706 s, 398 MB/s

real	0m5.270s
user	0m4.673s
sys	0m1.144s
2000+0 records in
2000+0 records out
2097152000 bytes (2.1 GB) copied, 5.21616 s, 402 MB/s
0dd74775419ada42017a0fdf21eccf94  -

real	0m5.219s
user	0m4.664s
sys	0m1.151s
