10000+0 records in
10000+0 records out
a02bf4596da9a0c3d2b10ac745b55ccf  -
10485760000 bytes (10 GB) copied, 25.2356 s, 416 MB/s

real	0m25.238s
user	0m23.380s
sys	0m6.182s
10000+0 records in
10000+0 records out
10485760000 bytes (10 GB) copieda02bf4596da9a0c3d2b10ac745b55ccf  -
, 25.2287 s, 416 MB/s

real	0m25.231s
user	0m23.389s
sys	0m6.126s
10000+0 records in
10000+0 records out
a02bf4596da9a0c3d2b10ac745b55ccf  -
10485760000 bytes (10 GB) copied, 25.1959 s, 416 MB/s

real	0m25.198s
user	0m23.402s
sys	0m5.939s
10000+0 records in
10000+0 records out
10485760000 bytes (10 GB) copied, 25.4629 s, 412 MB/s
a02bf4596da9a0c3d2b10ac745b55ccf  -

real	0m25.466s
user	0m23.420s
sys	0m6.180s
10000+0 records in
10000+0 records out
10485760000 bytes (10 GB) copied, 25.2211 s, 416 MB/s
a02bf4596da9a0c3d2b10ac745b55ccf  -

real	0m25.224s
user	0m23.360s
sys	0m5.998s
10000+0 records in
10000+0 records out
10485760000 bytes (10 GB) copied, 25.2919 s, 415 MB/s
a02bf4596da9a0c3d2b10ac745b55ccf  -

real	0m25.295s
user	0m23.420s
sys	0m6.138s
10000+0 records in
10000+0 records out
10485760000 bytes (10 GB) copied, 25.2484 s, 415 MB/s
a02bf4596da9a0c3d2b10ac745b55ccf  -

real	0m25.251s
user	0m23.356s
sys	0m6.209s
10000+0 records in
10000+0 records out
10485760000 bytes (10 GB) copied, 25.2018 s, 416 MB/s
a02bf4596da9a0c3d2b10ac745b55ccf  -

real	0m25.204s
user	0m23.361s
sys	0m5.756s
10000+0 records in
10000+0 records out
10485760000 bytes (10 GB) copied, 25.1917 s, 416 MB/s
a02bf4596da9a0c3d2b10ac745b55ccf  -

real	0m25.195s
user	0m23.362s
sys	0m5.963s
10000+0 records in
10000+0 records out
10485760000 bytes (10 GB) copied, 25.2262 s, 416 MB/s
a02bf4596da9a0c3d2b10ac745b55ccf  -

real	0m25.229s
user	0m23.373s
sys	0m6.124s
