500+0 records in
500+0 records out
524288000 bytes (524 MB) copied, 1.32554 s, 396 MB/s
afbad591ee2b70ac94258fbc7fac3bf2  -

real	0m1.328s
user	0m1.175s
sys	0m0.308s
500+0 records in
500+0 records out
524288000 bytes (524 MB) copied, 1.27998 s, 410 MB/s
afbad591ee2b70ac94258fbc7fac3bf2  -

real	0m1.283s
user	0m1.167s
sys	0m0.323s
500+0 records in
500+0 records out
524288000 bytes (524 MB) copiedafbad591ee2b70ac94258fbc7fac3bf2  -
, 1.27673 s, 411 MB/s

real	0m1.279s
user	0m1.183s
sys	0m0.278s
500+0 records in
500+0 records out
524288000 bytes (524 MB) copied, 1.38468 s, 379 MB/s
afbad591ee2b70ac94258fbc7fac3bf2  -

real	0m1.387s
user	0m1.175s
sys	0m0.308s
500+0 records in
500+0 records out
524288000 bytes (524 MB) copied, 1.28447 s, 408 MB/s
afbad591ee2b70ac94258fbc7fac3bf2  -

real	0m1.287s
user	0m1.175s
sys	0m0.279s
500+0 records in
500+0 records out
524288000 bytes (524 MB) copied, 1.29049 s, 406 MB/s
afbad591ee2b70ac94258fbc7fac3bf2  -

real	0m1.293s
user	0m1.157s
sys	0m0.340s
500+0 records in
500+0 records out
524288000 bytes (524 MB) copied, 1.28652 s, 408 MB/s
afbad591ee2b70ac94258fbc7fac3bf2  -

real	0m1.289s
user	0m1.168s
sys	0m0.323s
500+0 records in
500+0 records out
524288000 bytes (524 MB) copied, 1.29065 s, 406 MB/s
afbad591ee2b70ac94258fbc7fac3bf2  -

real	0m1.294s
user	0m1.165s
sys	0m0.303s
500+0 records in
500+0 records out
524288000 bytes (524 MB) copied, 1.27479 s, 411 MB/s
afbad591ee2b70ac94258fbc7fac3bf2  -

real	0m1.277s
user	0m1.175s
sys	0m0.280s
500+0 records in
500+0 records out
524288000 bytes (524 MB) copied, 1.28908 s, 407 MB/s
afbad591ee2b70ac94258fbc7fac3bf2  -

real	0m1.292s
user	0m1.166s
sys	0m0.314s
500+0 records in
500+0 records out
524288000 bytes (524 MB) copied, 1.39999 s, 374 MB/s
afbad591ee2b70ac94258fbc7fac3bf2  -

real	0m1.403s
user	0m1.159s
sys	0m0.294s
500+0 records in
500+0 records out
524288000 bytes (524 MB) copied, 1.28965 s, 407 MB/s
afbad591ee2b70ac94258fbc7fac3bf2  -

real	0m1.293s
user	0m1.176s
sys	0m0.285s
500+0 records in
500+0 records out
524288000 bytes (524 MB) copied, 1.3092 s, 400 MB/s
afbad591ee2b70ac94258fbc7fac3bf2  -

real	0m1.312s
user	0m1.170s
sys	0m0.319s
500+0 records in
500+0 records out
524288000 bytes (524 MB) copied, 1.34677 s, 389 MB/s
afbad591ee2b70ac94258fbc7fac3bf2  -

real	0m1.350s
user	0m1.184s
sys	0m0.287s
500+0 records in
500+0 records out
524288000 bytes (524 MB) copied, 1.44656 s, 362 MB/s
afbad591ee2b70ac94258fbc7fac3bf2  -

real	0m1.450s
user	0m1.174s
sys	0m0.338s
500+0 records in
500+0 records out
524288000 bytes (524 MB) copied, 1.40651 s, 373 MB/s
afbad591ee2b70ac94258fbc7fac3bf2  -

real	0m1.409s
user	0m1.187s
sys	0m0.354s
500+0 records in
500+0 records out
524288000 bytes (524 MB) copied, 1.29761 s, 404 MB/s
afbad591ee2b70ac94258fbc7fac3bf2  -

real	0m1.300s
user	0m1.169s
sys	0m0.299s
500+0 records in
500+0 records out
524288000 bytes (524 MB) copied, 1.31965 s, 397 MB/s
afbad591ee2b70ac94258fbc7fac3bf2  -

real	0m1.322s
user	0m1.165s
sys	0m0.308s
500+0 records in
500+0 records out
524288000 bytes (524 MB) copied, 1.35164 s, 388 MB/s
afbad591ee2b70ac94258fbc7fac3bf2  -

real	0m1.355s
user	0m1.172s
sys	0m0.283s
500+0 records in
500+0 records out
524288000 bytes (524 MB) copied, 1.332 s, 394 MB/s
afbad591ee2b70ac94258fbc7fac3bf2  -

real	0m1.335s
user	0m1.163s
sys	0m0.299s
500+0 records in
500+0 records out
524288000 bytes (524 MB) copied, 1.37386 s, 382 MB/s
afbad591ee2b70ac94258fbc7fac3bf2  -

real	0m1.377s
user	0m1.179s
sys	0m0.361s
500+0 records in
500+0 records out
524288000 bytes (524 MB) copied, 1.36799 s, 383 MB/s
afbad591ee2b70ac94258fbc7fac3bf2  -

real	0m1.371s
user	0m1.167s
sys	0m0.289s
500+0 records in
500+0 records out
524288000 bytes (524 MB) copied, 1.32307 s, 396 MB/s
afbad591ee2b70ac94258fbc7fac3bf2  -

real	0m1.326s
user	0m1.167s
sys	0m0.308s
500+0 records in
500+0 records out
524288000 bytes (524 MB) copied, 1.37117 s, 382 MB/s
afbad591ee2b70ac94258fbc7fac3bf2  -

real	0m1.374s
user	0m1.160s
sys	0m0.300s
500+0 records in
500+0 records out
524288000 bytes (524 MB) copied, 1.32677 s, 395 MB/s
afbad591ee2b70ac94258fbc7fac3bf2  -

real	0m1.330s
user	0m1.173s
sys	0m0.297s
500+0 records in
500+0 records out
524288000 bytes (524 MB) copied, 1.32231 s, 396 MB/s
afbad591ee2b70ac94258fbc7fac3bf2  -

real	0m1.325s
user	0m1.178s
sys	0m0.308s
500+0 records in
500+0 records out
524288000 bytes (524 MB) copied, 1.35637 s, 387 MB/s
afbad591ee2b70ac94258fbc7fac3bf2  -

real	0m1.359s
user	0m1.178s
sys	0m0.280s
500+0 records in
500+0 records out
524288000 bytes (524 MB) copied, 1.49463 s, 351 MB/s
afbad591ee2b70ac94258fbc7fac3bf2  -

real	0m1.497s
user	0m1.166s
sys	0m0.458s
500+0 records in
500+0 records out
524288000 bytes (524 MB) copied, 1.39157 s, 377 MB/s
afbad591ee2b70ac94258fbc7fac3bf2  -

real	0m1.394s
user	0m1.182s
sys	0m0.272s
500+0 records in
500+0 records out
524288000 bytes (524 MB) copied, 1.31294 s, 399 MB/s
afbad591ee2b70ac94258fbc7fac3bf2  -

real	0m1.316s
user	0m1.174s
sys	0m0.279s
500+0 records in
500+0 records out
524288000 bytes (524 MB) copied, 1.32988 s, 394 MB/s
afbad591ee2b70ac94258fbc7fac3bf2  -

real	0m1.333s
user	0m1.186s
sys	0m0.315s
500+0 records in
500+0 records out
524288000 bytes (524 MB) copied, 1.3866 s, 378 MB/s
afbad591ee2b70ac94258fbc7fac3bf2  -

real	0m1.390s
user	0m1.166s
sys	0m0.353s
500+0 records in
500+0 records out
524288000 bytes (524 MB) copied, 1.42445 s, 368 MB/s
afbad591ee2b70ac94258fbc7fac3bf2  -

real	0m1.428s
user	0m1.173s
sys	0m0.384s
500+0 records in
500+0 records out
524288000 bytes (524 MB) copied, 1.6322 s, 321 MB/s
afbad591ee2b70ac94258fbc7fac3bf2  -

real	0m1.635s
user	0m1.182s
sys	0m0.287s
500+0 records in
500+0 records out
524288000 bytes (524 MB) copied, 1.38653 s, 378 MB/s
afbad591ee2b70ac94258fbc7fac3bf2  -

real	0m1.389s
user	0m1.172s
sys	0m0.373s
500+0 records in
500+0 records out
524288000 bytes (524 MB) copied, 1.39283 s, 376 MB/s
afbad591ee2b70ac94258fbc7fac3bf2  -

real	0m1.396s
user	0m1.177s
sys	0m0.385s
500+0 records in
500+0 records out
524288000 bytes (524 MB) copied, 1.34178 s, 391 MB/s
afbad591ee2b70ac94258fbc7fac3bf2  -

real	0m1.345s
user	0m1.190s
sys	0m0.280s
500+0 records in
500+0 records out
524288000 bytes (524 MB) copied, 1.37086 s, 382 MB/s
afbad591ee2b70ac94258fbc7fac3bf2  -

real	0m1.374s
user	0m1.167s
sys	0m0.352s
500+0 records in
500+0 records out
524288000 bytes (524 MB) copied, 1.36182 s, 385 MB/s
afbad591ee2b70ac94258fbc7fac3bf2  -

real	0m1.365s
user	0m1.179s
sys	0m0.276s
500+0 records in
500+0 records out
524288000 bytes (524 MB) copied, 1.34032 s, 391 MB/s
afbad591ee2b70ac94258fbc7fac3bf2  -

real	0m1.343s
user	0m1.180s
sys	0m0.273s
