500+0 records in
500+0 records out
afbad591ee2b70ac94258fbc7fac3bf2  -
524288000 bytes (524 MB) copied, 1.3246 s, 396 MB/s

real	0m1.358s
user	0m1.172s
sys	0m0.323s
500+0 records in
500+0 records out
524288000 bytes (524 MB) copiedafbad591ee2b70ac94258fbc7fac3bf2  -
, 1.34778 s, 389 MB/s

real	0m1.354s
user	0m1.181s
sys	0m0.300s
500+0 records in
500+0 records out
524288000 bytes (524 MB) copiedafbad591ee2b70ac94258fbc7fac3bf2  -
, 1.32443 s, 396 MB/s

real	0m1.329s
user	0m1.180s
sys	0m0.287s
500+0 records in
500+0 records out
524288000 bytes (524 MB) copied, 1.35196 s, 388 MB/s
afbad591ee2b70ac94258fbc7fac3bf2  -

real	0m1.380s
user	0m1.181s
sys	0m0.280s
500+0 records in
500+0 records out
524288000 bytes (524 MB) copied, 1.33642 s, 392 MB/s
afbad591ee2b70ac94258fbc7fac3bf2  -

real	0m1.341s
user	0m1.168s
sys	0m0.294s
500+0 records in
500+0 records out
524288000 bytes (524 MB) copied, 1.3158 s, 398 MB/s
afbad591ee2b70ac94258fbc7fac3bf2  -

real	0m1.321s
user	0m1.179s
sys	0m0.284s
500+0 records in
500+0 records out
524288000 bytes (524 MB) copied, 1.33919 s, 391 MB/s
afbad591ee2b70ac94258fbc7fac3bf2  -

real	0m1.345s
user	0m1.186s
sys	0m0.293s
500+0 records in
500+0 records out
524288000 bytes (524 MB) copied, 1.32583 s, 395 MB/s
afbad591ee2b70ac94258fbc7fac3bf2  -

real	0m1.331s
user	0m1.184s
sys	0m0.279s
500+0 records in
500+0 records out
524288000 bytes (524 MB) copied, 1.32964 s, 394 MB/s
afbad591ee2b70ac94258fbc7fac3bf2  -

real	0m1.359s
user	0m1.155s
sys	0m0.344s
500+0 records in
500+0 records out
524288000 bytes (524 MB) copied, 1.34581 s, 390 MB/s
afbad591ee2b70ac94258fbc7fac3bf2  -

real	0m1.375s
user	0m1.178s
sys	0m0.303s
