500+0 records in
500+0 records out
afbad591ee2b70ac94258fbc7fac3bf2  -
524288000 bytes (524 MB) copied, 1.72279 s, 304 MB/s

real	0m1.725s
user	0m1.175s
sys	0m0.313s
500+0 records in
500+0 records out
afbad591ee2b70ac94258fbc7fac3bf2  -
524288000 bytes (524 MB) copied, 1.39727 s, 375 MB/s

real	0m1.400s
user	0m1.174s
sys	0m0.371s
500+0 records in
500+0 records out
afbad591ee2b70ac94258fbc7fac3bf2  -
524288000 bytes (524 MB) copied, 1.35743 s, 386 MB/s

real	0m1.360s
user	0m1.170s
sys	0m0.288s
500+0 records in
500+0 records out
afbad591ee2b70ac94258fbc7fac3bf2  -
524288000 bytes (524 MB) copied, 1.3635 s, 385 MB/s

real	0m1.366s
user	0m1.159s
sys	0m0.293s
500+0 records in
500+0 records out
afbad591ee2b70ac94258fbc7fac3bf2  -
524288000 bytes (524 MB) copied, 1.33547 s, 393 MB/s

real	0m1.338s
user	0m1.165s
sys	0m0.287s
500+0 records in
500+0 records out
afbad591ee2b70ac94258fbc7fac3bf2  -
524288000 bytes (524 MB) copied, 1.33642 s, 392 MB/s

real	0m1.339s
user	0m1.178s
sys	0m0.275s
500+0 records in
500+0 records out
524288000 bytes (524 MB) copied, 1.25448 s, 418 MB/s
afbad591ee2b70ac94258fbc7fac3bf2  -

real	0m1.257s
user	0m1.171s
sys	0m0.280s
500+0 records in
500+0 records out
afbad591ee2b70ac94258fbc7fac3bf2  -
524288000 bytes (524 MB) copied, 1.39526 s, 376 MB/s

real	0m1.398s
user	0m1.177s
sys	0m0.275s
500+0 records in
500+0 records out
afbad591ee2b70ac94258fbc7fac3bf2  -
524288000 bytes (524 MB) copied, 1.40061 s, 374 MB/s

real	0m1.403s
user	0m1.177s
sys	0m0.276s
500+0 records in
500+0 records out
524288000 bytes (524 MB) copied, 1.40593 s, 373 MB/s
afbad591ee2b70ac94258fbc7fac3bf2  -

real	0m1.409s
user	0m1.187s
sys	0m0.267s
500+0 records in
500+0 records out
afbad591ee2b70ac94258fbc7fac3bf2  -
524288000 bytes (524 MB) copied, 1.35696 s, 386 MB/s

real	0m1.360s
user	0m1.179s
sys	0m0.273s
500+0 records in
500+0 records out
afbad591ee2b70ac94258fbc7fac3bf2  -
524288000 bytes (524 MB) copied, 1.39282 s, 376 MB/s

real	0m1.395s
user	0m1.173s
sys	0m0.279s
500+0 records in
500+0 records out
524288000 bytes (524 MB) copied, 1.33035 s, 394 MB/s
afbad591ee2b70ac94258fbc7fac3bf2  -

real	0m1.333s
user	0m1.181s
sys	0m0.272s
500+0 records in
500+0 records out
524288000 bytes (524 MB) copied, 1.32285 s, 396 MB/s
afbad591ee2b70ac94258fbc7fac3bf2  -

real	0m1.326s
user	0m1.172s
sys	0m0.281s
500+0 records in
500+0 records out
afbad591ee2b70ac94258fbc7fac3bf2  -
524288000 bytes (524 MB) copied, 1.35787 s, 386 MB/s

real	0m1.360s
user	0m1.180s
sys	0m0.289s
500+0 records in
500+0 records out
afbad591ee2b70ac94258fbc7fac3bf2  -
524288000 bytes (524 MB) copied, 1.40085 s, 374 MB/s

real	0m1.404s
user	0m1.160s
sys	0m0.299s
500+0 records in
500+0 records out
524288000 bytes (524 MB) copied, 1.33945 s, 391 MB/s
afbad591ee2b70ac94258fbc7fac3bf2  -

real	0m1.342s
user	0m1.159s
sys	0m0.292s
500+0 records in
500+0 records out
afbad591ee2b70ac94258fbc7fac3bf2  -
524288000 bytes (524 MB) copied, 1.32457 s, 396 MB/s

real	0m1.327s
user	0m1.168s
sys	0m0.291s
500+0 records in
500+0 records out
524288000 bytes (524 MB) copied, 1.30673 s, 401 MB/s
afbad591ee2b70ac94258fbc7fac3bf2  -

real	0m1.309s
user	0m1.176s
sys	0m0.276s
500+0 records in
500+0 records out
524288000 bytes (524 MB) copied, 1.29245 s, 406 MB/s
afbad591ee2b70ac94258fbc7fac3bf2  -

real	0m1.295s
user	0m1.170s
sys	0m0.281s
500+0 records in
500+0 records out
afbad591ee2b70ac94258fbc7fac3bf2  -
524288000 bytes (524 MB) copied, 1.36907 s, 383 MB/s

real	0m1.372s
user	0m1.171s
sys	0m0.334s
500+0 records in
500+0 records out
afbad591ee2b70ac94258fbc7fac3bf2  -
524288000 bytes (524 MB) copied, 1.37278 s, 382 MB/s

real	0m1.375s
user	0m1.163s
sys	0m0.297s
500+0 records in
500+0 records out
524288000 bytes (524 MB) copied, 1.29227 s, 406 MB/s
afbad591ee2b70ac94258fbc7fac3bf2  -

real	0m1.295s
user	0m1.182s
sys	0m0.298s
500+0 records in
500+0 records out
afbad591ee2b70ac94258fbc7fac3bf2  -
524288000 bytes (524 MB) copied, 1.41549 s, 370 MB/s

real	0m1.418s
user	0m1.161s
sys	0m0.290s
500+0 records in
500+0 records out
afbad591ee2b70ac94258fbc7fac3bf2  -
524288000 bytes (524 MB) copied, 1.28273 s, 409 MB/s

real	0m1.285s
user	0m1.168s
sys	0m0.284s
500+0 records in
500+0 records out
524288000 bytes (524 MB) copied, 1.30003 s, 403 MB/s
afbad591ee2b70ac94258fbc7fac3bf2  -

real	0m1.303s
user	0m1.176s
sys	0m0.275s
500+0 records in
500+0 records out
afbad591ee2b70ac94258fbc7fac3bf2  -
524288000 bytes (524 MB) copied, 1.39554 s, 376 MB/s

real	0m1.398s
user	0m1.172s
sys	0m0.281s
500+0 records in
500+0 records out
afbad591ee2b70ac94258fbc7fac3bf2  -
524288000 bytes (524 MB) copied, 1.37356 s, 382 MB/s

real	0m1.377s
user	0m1.171s
sys	0m0.309s
500+0 records in
500+0 records out
afbad591ee2b70ac94258fbc7fac3bf2  -
524288000 bytes (524 MB) copied, 1.39485 s, 376 MB/s

real	0m1.398s
user	0m1.174s
sys	0m0.296s
500+0 records in
500+0 records out
524288000 bytes (524 MB) copiedafbad591ee2b70ac94258fbc7fac3bf2  -
, 1.43863 s, 364 MB/s

real	0m1.442s
user	0m1.163s
sys	0m0.296s
500+0 records in
500+0 records out
afbad591ee2b70ac94258fbc7fac3bf2  -
524288000 bytes (524 MB) copied, 1.39264 s, 376 MB/s

real	0m1.395s
user	0m1.179s
sys	0m0.274s
500+0 records in
500+0 records out
524288000 bytes (524 MB) copied, 1.35655 s, 386 MB/s
afbad591ee2b70ac94258fbc7fac3bf2  -

real	0m1.359s
user	0m1.170s
sys	0m0.282s
500+0 records in
500+0 records out
afbad591ee2b70ac94258fbc7fac3bf2  -
524288000 bytes (524 MB) copied, 1.35449 s, 387 MB/s

real	0m1.357s
user	0m1.169s
sys	0m0.282s
500+0 records in
500+0 records out
524288000 bytes (524 MB) copiedafbad591ee2b70ac94258fbc7fac3bf2  -
, 1.33725 s, 392 MB/s

real	0m1.340s
user	0m1.181s
sys	0m0.272s
500+0 records in
500+0 records out
524288000 bytes (524 MB) copied, 1.3079 s, 401 MB/s
afbad591ee2b70ac94258fbc7fac3bf2  -

real	0m1.311s
user	0m1.169s
sys	0m0.283s
500+0 records in
500+0 records out
afbad591ee2b70ac94258fbc7fac3bf2  -
524288000 bytes (524 MB) copied, 1.36642 s, 384 MB/s

real	0m1.369s
user	0m1.171s
sys	0m0.282s
500+0 records in
500+0 records out
524288000 bytes (524 MB) copied, 1.35734 s, 386 MB/s
afbad591ee2b70ac94258fbc7fac3bf2  -

real	0m1.360s
user	0m1.166s
sys	0m0.335s
500+0 records in
500+0 records out
524288000 bytes (524 MB) copied, 1.31594 s, 398 MB/s
afbad591ee2b70ac94258fbc7fac3bf2  -

real	0m1.319s
user	0m1.178s
sys	0m0.280s
500+0 records in
500+0 records out
afbad591ee2b70ac94258fbc7fac3bf2  -
524288000 bytes (524 MB) copied, 1.40251 s, 374 MB/s

real	0m1.405s
user	0m1.195s
sys	0m0.259s
500+0 records in
500+0 records out
524288000 bytes (524 MB) copied, 1.3002 s, 403 MB/s
afbad591ee2b70ac94258fbc7fac3bf2  -

real	0m1.303s
user	0m1.166s
sys	0m0.316s
500+0 records in
500+0 records out
afbad591ee2b70ac94258fbc7fac3bf2  -
524288000 bytes (524 MB) copied, 1.34476 s, 390 MB/s

real	0m1.347s
user	0m1.169s
sys	0m0.285s
500+0 records in
500+0 records out
afbad591ee2b70ac94258fbc7fac3bf2  -
524288000 bytes (524 MB) copied, 1.3693 s, 383 MB/s

real	0m1.372s
user	0m1.171s
sys	0m0.283s
500+0 records in
500+0 records out
afbad591ee2b70ac94258fbc7fac3bf2  -
524288000 bytes (524 MB) copied, 1.3388 s, 392 MB/s

real	0m1.342s
user	0m1.167s
sys	0m0.294s
500+0 records in
500+0 records out
524288000 bytes (524 MB) copied, 1.33934 s, 391 MB/s
afbad591ee2b70ac94258fbc7fac3bf2  -

real	0m1.342s
user	0m1.176s
sys	0m0.286s
500+0 records in
500+0 records out
afbad591ee2b70ac94258fbc7fac3bf2  -
524288000 bytes (524 MB) copied, 1.37458 s, 381 MB/s

real	0m1.378s
user	0m1.172s
sys	0m0.332s
500+0 records in
500+0 records out
afbad591ee2b70ac94258fbc7fac3bf2  -
524288000 bytes (524 MB) copied, 1.34818 s, 389 MB/s

real	0m1.351s
user	0m1.170s
sys	0m0.290s
500+0 records in
500+0 records out
afbad591ee2b70ac94258fbc7fac3bf2  -
524288000 bytes (524 MB) copied, 1.36658 s, 384 MB/s

real	0m1.369s
user	0m1.174s
sys	0m0.280s
500+0 records in
500+0 records out
afbad591ee2b70ac94258fbc7fac3bf2  -
524288000 bytes (524 MB) copied, 1.383 s, 379 MB/s

real	0m1.386s
user	0m1.165s
sys	0m0.350s
500+0 records in
500+0 records out
afbad591ee2b70ac94258fbc7fac3bf2  -
524288000 bytes (524 MB) copied, 1.32525 s, 396 MB/s

real	0m1.328s
user	0m1.168s
sys	0m0.297s
500+0 records in
500+0 records out
afbad591ee2b70ac94258fbc7fac3bf2  -
524288000 bytes (524 MB) copied, 1.34374 s, 390 MB/s

real	0m1.346s
user	0m1.164s
sys	0m0.338s
500+0 records in
500+0 records out
afbad591ee2b70ac94258fbc7fac3bf2  -
524288000 bytes (524 MB) copied, 1.3517 s, 388 MB/s

real	0m1.355s
user	0m1.178s
sys	0m0.284s
500+0 records in
500+0 records out
afbad591ee2b70ac94258fbc7fac3bf2  -
524288000 bytes (524 MB) copied, 1.36034 s, 385 MB/s

real	0m1.363s
user	0m1.194s
sys	0m0.292s
500+0 records in
500+0 records out
afbad591ee2b70ac94258fbc7fac3bf2  -
524288000 bytes (524 MB) copied, 1.35425 s, 387 MB/s

real	0m1.357s
user	0m1.176s
sys	0m0.287s
500+0 records in
500+0 records out
524288000 bytes (524 MB) copied, 1.41289 s, 371 MB/s
afbad591ee2b70ac94258fbc7fac3bf2  -

real	0m1.416s
user	0m1.159s
sys	0m0.389s
500+0 records in
500+0 records out
afbad591ee2b70ac94258fbc7fac3bf2  -
524288000 bytes (524 MB) copied, 1.45922 s, 359 MB/s

real	0m1.462s
user	0m1.176s
sys	0m0.367s
500+0 records in
500+0 records out
afbad591ee2b70ac94258fbc7fac3bf2  -
524288000 bytes (524 MB) copied, 1.45416 s, 361 MB/s

real	0m1.457s
user	0m1.173s
sys	0m0.327s
500+0 records in
500+0 records out
524288000 bytes (524 MB) copied, 1.3044 s, 402 MB/s
afbad591ee2b70ac94258fbc7fac3bf2  -

real	0m1.307s
user	0m1.176s
sys	0m0.289s
500+0 records in
500+0 records out
524288000 bytes (524 MB) copied, 1.31332 s, 399 MB/s
afbad591ee2b70ac94258fbc7fac3bf2  -

real	0m1.316s
user	0m1.174s
sys	0m0.327s
500+0 records in
500+0 records out
afbad591ee2b70ac94258fbc7fac3bf2  -
524288000 bytes (524 MB) copied, 1.47277 s, 356 MB/s

real	0m1.476s
user	0m1.160s
sys	0m0.318s
500+0 records in
500+0 records out
524288000 bytes (524 MB) copied, 1.33728 s, 392 MB/s
afbad591ee2b70ac94258fbc7fac3bf2  -

real	0m1.340s
user	0m1.165s
sys	0m0.367s
500+0 records in
500+0 records out
afbad591ee2b70ac94258fbc7fac3bf2  -
524288000 bytes (524 MB) copied, 1.42604 s, 368 MB/s

real	0m1.429s
user	0m1.173s
sys	0m0.291s
500+0 records in
500+0 records out
afbad591ee2b70ac94258fbc7fac3bf2  -
524288000 bytes (524 MB) copied, 1.39625 s, 375 MB/s

real	0m1.399s
user	0m1.169s
sys	0m0.332s
500+0 records in
500+0 records out
524288000 bytes (524 MB) copied, 1.60035 s, 328 MB/s
afbad591ee2b70ac94258fbc7fac3bf2  -

real	0m1.603s
user	0m1.170s
sys	0m0.324s
500+0 records in
500+0 records out
afbad591ee2b70ac94258fbc7fac3bf2  -
524288000 bytes (524 MB) copied, 1.36154 s, 385 MB/s

real	0m1.364s
user	0m1.175s
sys	0m0.318s
500+0 records in
500+0 records out
afbad591ee2b70ac94258fbc7fac3bf2  -
524288000 bytes (524 MB) copied, 1.45643 s, 360 MB/s

real	0m1.459s
user	0m1.181s
sys	0m0.346s
500+0 records in
500+0 records out
afbad591ee2b70ac94258fbc7fac3bf2  -
524288000 bytes (524 MB) copied, 1.43658 s, 365 MB/s

real	0m1.440s
user	0m1.169s
sys	0m0.313s
500+0 records in
500+0 records out
afbad591ee2b70ac94258fbc7fac3bf2  -
524288000 bytes (524 MB) copied, 1.39568 s, 376 MB/s

real	0m1.398s
user	0m1.169s
sys	0m0.312s
500+0 records in
500+0 records out
afbad591ee2b70ac94258fbc7fac3bf2  -
524288000 bytes (524 MB) copied, 1.34494 s, 390 MB/s

real	0m1.348s
user	0m1.165s
sys	0m0.314s
500+0 records in
500+0 records out
afbad591ee2b70ac94258fbc7fac3bf2  -
524288000 bytes (524 MB) copied, 1.35052 s, 388 MB/s

real	0m1.353s
user	0m1.182s
sys	0m0.283s
500+0 records in
500+0 records out
afbad591ee2b70ac94258fbc7fac3bf2  -
524288000 bytes (524 MB) copied, 1.373 s, 382 MB/s

real	0m1.376s
user	0m1.172s
sys	0m0.309s
afbad591ee2b70ac94258fbc7fac3bf2  -
500+0 records in
500+0 records out
524288000 bytes (524 MB) copied, 1.39506 s, 376 MB/s

real	0m1.398s
user	0m1.165s
sys	0m0.329s
500+0 records in
500+0 records out
afbad591ee2b70ac94258fbc7fac3bf2  -
524288000 bytes (524 MB) copied, 1.38612 s, 378 MB/s

real	0m1.389s
user	0m1.177s
sys	0m0.303s
500+0 records in
500+0 records out
afbad591ee2b70ac94258fbc7fac3bf2  -
524288000 bytes (524 MB) copied, 1.61668 s, 324 MB/s

real	0m1.619s
user	0m1.185s
sys	0m0.354s
500+0 records in
500+0 records out
524288000 bytes (524 MB) copied, 1.28645 s, 408 MB/s
afbad591ee2b70ac94258fbc7fac3bf2  -

real	0m1.289s
user	0m1.177s
sys	0m0.300s
500+0 records in
500+0 records out
afbad591ee2b70ac94258fbc7fac3bf2  -
524288000 bytes (524 MB) copied, 1.52189 s, 344 MB/s

real	0m1.525s
user	0m1.160s
sys	0m0.341s
500+0 records in
500+0 records out
afbad591ee2b70ac94258fbc7fac3bf2  -
524288000 bytes (524 MB) copied, 1.35646 s, 387 MB/s

real	0m1.359s
user	0m1.165s
sys	0m0.295s
500+0 records in
500+0 records out
afbad591ee2b70ac94258fbc7fac3bf2  -
524288000 bytes (524 MB) copied, 1.3105 s, 400 MB/s

real	0m1.313s
user	0m1.170s
sys	0m0.334s
500+0 records in
500+0 records out
afbad591ee2b70ac94258fbc7fac3bf2  -
524288000 bytes (524 MB) copied, 1.54317 s, 340 MB/s

real	0m1.546s
user	0m1.174s
sys	0m0.296s
500+0 records in
500+0 records out
afbad591ee2b70ac94258fbc7fac3bf2  -
524288000 bytes (524 MB) copied, 1.36164 s, 385 MB/s

real	0m1.365s
user	0m1.172s
sys	0m0.291s
500+0 records in
500+0 records out
524288000 bytes (524 MB) copied, 1.37182 s, 382 MB/s
afbad591ee2b70ac94258fbc7fac3bf2  -

real	0m1.375s
user	0m1.177s
sys	0m0.359s
500+0 records in
500+0 records out
afbad591ee2b70ac94258fbc7fac3bf2  -
524288000 bytes (524 MB) copied, 1.38152 s, 380 MB/s

real	0m1.384s
user	0m1.177s
sys	0m0.318s
500+0 records in
500+0 records out
afbad591ee2b70ac94258fbc7fac3bf2  -
524288000 bytes (524 MB) copied, 1.46832 s, 357 MB/s

real	0m1.471s
user	0m1.160s
sys	0m0.307s
500+0 records in
500+0 records out
afbad591ee2b70ac94258fbc7fac3bf2  -
524288000 bytes (524 MB) copied, 1.34947 s, 389 MB/s

real	0m1.352s
user	0m1.174s
sys	0m0.333s
500+0 records in
500+0 records out
afbad591ee2b70ac94258fbc7fac3bf2  -
524288000 bytes (524 MB) copied, 1.4049 s, 373 MB/s

real	0m1.408s
user	0m1.158s
sys	0m0.334s
500+0 records in
500+0 records out
afbad591ee2b70ac94258fbc7fac3bf2  -
524288000 bytes (524 MB) copied, 1.4502 s, 362 MB/s

real	0m1.453s
user	0m1.159s
sys	0m0.299s
500+0 records in
500+0 records out
afbad591ee2b70ac94258fbc7fac3bf2  -
524288000 bytes (524 MB) copied, 1.50821 s, 348 MB/s

real	0m1.511s
user	0m1.173s
sys	0m0.349s
500+0 records in
500+0 records out
afbad591ee2b70ac94258fbc7fac3bf2  -
524288000 bytes (524 MB) copied, 1.36724 s, 383 MB/s

real	0m1.370s
user	0m1.176s
sys	0m0.282s
500+0 records in
500+0 records out
afbad591ee2b70ac94258fbc7fac3bf2  -
524288000 bytes (524 MB) copied, 1.3987 s, 375 MB/s

real	0m1.401s
user	0m1.174s
sys	0m0.278s
500+0 records in
500+0 records out
afbad591ee2b70ac94258fbc7fac3bf2  -
524288000 bytes (524 MB) copied, 1.35244 s, 388 MB/s

real	0m1.355s
user	0m1.161s
sys	0m0.302s
500+0 records in
500+0 records out
afbad591ee2b70ac94258fbc7fac3bf2  -
524288000 bytes (524 MB) copied, 1.387 s, 378 MB/s

real	0m1.390s
user	0m1.178s
sys	0m0.276s
500+0 records in
500+0 records out
afbad591ee2b70ac94258fbc7fac3bf2  -
524288000 bytes (524 MB) copied, 1.32396 s, 396 MB/s

real	0m1.327s
user	0m1.165s
sys	0m0.336s
500+0 records in
500+0 records out
afbad591ee2b70ac94258fbc7fac3bf2  -
524288000 bytes (524 MB) copied, 1.45156 s, 361 MB/s

real	0m1.454s
user	0m1.162s
sys	0m0.385s
500+0 records in
500+0 records out
afbad591ee2b70ac94258fbc7fac3bf2  -
524288000 bytes (524 MB) copied, 1.29516 s, 405 MB/s

real	0m1.298s
user	0m1.172s
sys	0m0.284s
500+0 records in
500+0 records out
afbad591ee2b70ac94258fbc7fac3bf2  -
524288000 bytes (524 MB) copied, 1.47191 s, 356 MB/s

real	0m1.475s
user	0m1.181s
sys	0m0.272s
500+0 records in
500+0 records out
524288000 bytes (524 MB) copied, 1.33238 s, 393 MB/s
afbad591ee2b70ac94258fbc7fac3bf2  -

real	0m1.335s
user	0m1.176s
sys	0m0.277s
500+0 records in
500+0 records out
afbad591ee2b70ac94258fbc7fac3bf2  -
524288000 bytes (524 MB) copied, 1.3605 s, 385 MB/s

real	0m1.363s
user	0m1.172s
sys	0m0.317s
500+0 records in
500+0 records out
afbad591ee2b70ac94258fbc7fac3bf2  -
524288000 bytes (524 MB) copied, 1.33881 s, 392 MB/s

real	0m1.341s
user	0m1.175s
sys	0m0.276s
500+0 records in
500+0 records out
524288000 bytes (524 MB) copied, 1.29975 s, 403 MB/s
afbad591ee2b70ac94258fbc7fac3bf2  -

real	0m1.303s
user	0m1.172s
sys	0m0.279s
500+0 records in
500+0 records out
afbad591ee2b70ac94258fbc7fac3bf2  -
524288000 bytes (524 MB) copied, 1.33573 s, 393 MB/s

real	0m1.339s
user	0m1.168s
sys	0m0.284s
500+0 records in
500+0 records out
524288000 bytes (524 MB) copied, 1.34828 s, 389 MB/s
afbad591ee2b70ac94258fbc7fac3bf2  -

real	0m1.351s
user	0m1.165s
sys	0m0.318s
500+0 records in
500+0 records out
afbad591ee2b70ac94258fbc7fac3bf2  -
524288000 bytes (524 MB) copied, 1.36239 s, 385 MB/s

real	0m1.365s
user	0m1.182s
sys	0m0.286s
500+0 records in
500+0 records out
afbad591ee2b70ac94258fbc7fac3bf2  -
524288000 bytes (524 MB) copied, 1.50882 s, 347 MB/s

real	0m1.512s
user	0m1.147s
sys	0m0.371s
500+0 records in
500+0 records out
afbad591ee2b70ac94258fbc7fac3bf2  -
524288000 bytes (524 MB) copied, 1.46734 s, 357 MB/s

real	0m1.470s
user	0m1.181s
sys	0m0.302s
500+0 records in
500+0 records out
524288000 bytes (524 MB) copiedafbad591ee2b70ac94258fbc7fac3bf2  -
, 1.34547 s, 390 MB/s

real	0m1.348s
user	0m1.172s
sys	0m0.281s
500+0 records in
500+0 records out
afbad591ee2b70ac94258fbc7fac3bf2  -
524288000 bytes (524 MB) copied, 1.40476 s, 373 MB/s

real	0m1.407s
user	0m1.158s
sys	0m0.339s
500+0 records in
500+0 records out
524288000 bytes (524 MB) copied, 1.42912 s, 367 MB/s
afbad591ee2b70ac94258fbc7fac3bf2  -

real	0m1.432s
user	0m1.173s
sys	0m0.324s
500+0 records in
500+0 records out
afbad591ee2b70ac94258fbc7fac3bf2  -
524288000 bytes (524 MB) copied, 1.40017 s, 374 MB/s

real	0m1.403s
user	0m1.170s
sys	0m0.374s
500+0 records in
500+0 records out
afbad591ee2b70ac94258fbc7fac3bf2  -
524288000 bytes (524 MB) copied, 1.43405 s, 366 MB/s

real	0m1.437s
user	0m1.190s
sys	0m0.309s
500+0 records in
500+0 records out
524288000 bytes (524 MB) copied, 1.37573 s, 381 MB/s
afbad591ee2b70ac94258fbc7fac3bf2  -

real	0m1.379s
user	0m1.174s
sys	0m0.376s
500+0 records in
500+0 records out
524288000 bytes (524 MB) copied, 1.38718 s, 378 MB/s
afbad591ee2b70ac94258fbc7fac3bf2  -

real	0m1.390s
user	0m1.184s
sys	0m0.356s
500+0 records in
500+0 records out
afbad591ee2b70ac94258fbc7fac3bf2  -
524288000 bytes (524 MB) copied, 1.41415 s, 371 MB/s

real	0m1.417s
user	0m1.165s
sys	0m0.330s
500+0 records in
500+0 records out
afbad591ee2b70ac94258fbc7fac3bf2  -
524288000 bytes (524 MB) copied, 1.37693 s, 381 MB/s

real	0m1.380s
user	0m1.175s
sys	0m0.327s
500+0 records in
500+0 records out
afbad591ee2b70ac94258fbc7fac3bf2  -
524288000 bytes (524 MB) copied, 1.35703 s, 386 MB/s

real	0m1.360s
user	0m1.159s
sys	0m0.334s
500+0 records in
500+0 records out
afbad591ee2b70ac94258fbc7fac3bf2  -
524288000 bytes (524 MB) copied, 1.37308 s, 382 MB/s

real	0m1.376s
user	0m1.165s
sys	0m0.342s
500+0 records in
500+0 records out
afbad591ee2b70ac94258fbc7fac3bf2  -
524288000 bytes (524 MB) copied, 1.48003 s, 354 MB/s

real	0m1.483s
user	0m1.187s
sys	0m0.327s
500+0 records in
500+0 records out
524288000 bytes (524 MB) copied, 1.34294 s, 390 MB/s
afbad591ee2b70ac94258fbc7fac3bf2  -

real	0m1.346s
user	0m1.169s
sys	0m0.337s
500+0 records in
500+0 records out
524288000 bytes (524 MB) copied, 1.33797 s, 392 MB/s
afbad591ee2b70ac94258fbc7fac3bf2  -

real	0m1.341s
user	0m1.173s
sys	0m0.292s
500+0 records in
500+0 records out
afbad591ee2b70ac94258fbc7fac3bf2  -
524288000 bytes (524 MB) copied, 1.46712 s, 357 MB/s

real	0m1.470s
user	0m1.183s
sys	0m0.362s
500+0 records in
500+0 records out
afbad591ee2b70ac94258fbc7fac3bf2  -
524288000 bytes (524 MB) copied, 1.34016 s, 391 MB/s

real	0m1.343s
user	0m1.159s
sys	0m0.321s
500+0 records in
500+0 records out
524288000 bytes (524 MB) copied, 1.3671 s, 384 MB/s
afbad591ee2b70ac94258fbc7fac3bf2  -

real	0m1.370s
user	0m1.182s
sys	0m0.362s
500+0 records in
500+0 records out
afbad591ee2b70ac94258fbc7fac3bf2  -
524288000 bytes (524 MB) copied, 1.37745 s, 381 MB/s

real	0m1.380s
user	0m1.173s
sys	0m0.281s
500+0 records in
500+0 records out
524288000 bytes (524 MB) copiedafbad591ee2b70ac94258fbc7fac3bf2  -
, 1.34196 s, 391 MB/s

real	0m1.345s
user	0m1.175s
sys	0m0.278s
500+0 records in
500+0 records out
afbad591ee2b70ac94258fbc7fac3bf2  -
524288000 bytes (524 MB) copied, 1.34751 s, 389 MB/s

real	0m1.350s
user	0m1.161s
sys	0m0.347s
500+0 records in
500+0 records out
afbad591ee2b70ac94258fbc7fac3bf2  -
524288000 bytes (524 MB) copied, 1.37856 s, 380 MB/s

real	0m1.381s
user	0m1.160s
sys	0m0.359s
500+0 records in
500+0 records out
524288000 bytes (524 MB) copied, 1.39355 s, 376 MB/s
afbad591ee2b70ac94258fbc7fac3bf2  -

real	0m1.396s
user	0m1.183s
sys	0m0.378s
500+0 records in
500+0 records out
524288000 bytes (524 MB) copiedafbad591ee2b70ac94258fbc7fac3bf2  -
, 1.36676 s, 384 MB/s

real	0m1.369s
user	0m1.176s
sys	0m0.283s
500+0 records in
500+0 records out
524288000 bytes (524 MB) copiedafbad591ee2b70ac94258fbc7fac3bf2  -
, 1.34054 s, 391 MB/s

real	0m1.343s
user	0m1.165s
sys	0m0.289s
500+0 records in
500+0 records out
524288000 bytes (524 MB) copied, 1.35749 s, 386 MB/s
afbad591ee2b70ac94258fbc7fac3bf2  -

real	0m1.360s
user	0m1.170s
sys	0m0.283s
500+0 records in
500+0 records out
afbad591ee2b70ac94258fbc7fac3bf2  -
524288000 bytes (524 MB) copied, 1.39112 s, 377 MB/s

real	0m1.394s
user	0m1.181s
sys	0m0.271s
500+0 records in
500+0 records out
afbad591ee2b70ac94258fbc7fac3bf2  -
524288000 bytes (524 MB) copied, 1.41629 s, 370 MB/s

real	0m1.419s
user	0m1.168s
sys	0m0.341s
500+0 records in
500+0 records out
afbad591ee2b70ac94258fbc7fac3bf2  -
524288000 bytes (524 MB) copied, 1.35731 s, 386 MB/s

real	0m1.360s
user	0m1.178s
sys	0m0.321s
500+0 records in
500+0 records out
afbad591ee2b70ac94258fbc7fac3bf2  -
524288000 bytes (524 MB) copied, 1.29718 s, 404 MB/s

real	0m1.300s
user	0m1.193s
sys	0m0.266s
500+0 records in
500+0 records out
524288000 bytes (524 MB) copied, 1.31282 s, 399 MB/s
afbad591ee2b70ac94258fbc7fac3bf2  -

real	0m1.316s
user	0m1.180s
sys	0m0.272s
500+0 records in
500+0 records out
afbad591ee2b70ac94258fbc7fac3bf2  -
524288000 bytes (524 MB) copied, 1.32667 s, 395 MB/s

real	0m1.329s
user	0m1.172s
sys	0m0.279s
500+0 records in
500+0 records out
524288000 bytes (524 MB) copied, 1.29118 s, 406 MB/s
afbad591ee2b70ac94258fbc7fac3bf2  -

real	0m1.294s
user	0m1.164s
sys	0m0.337s
500+0 records in
500+0 records out
afbad591ee2b70ac94258fbc7fac3bf2  -
524288000 bytes (524 MB) copied, 1.36435 s, 384 MB/s

real	0m1.367s
user	0m1.184s
sys	0m0.286s
500+0 records in
500+0 records out
afbad591ee2b70ac94258fbc7fac3bf2  -
524288000 bytes (524 MB) copied, 1.39176 s, 377 MB/s

real	0m1.395s
user	0m1.170s
sys	0m0.293s
500+0 records in
500+0 records out
524288000 bytes (524 MB) copied, 1.32755 s, 395 MB/s
afbad591ee2b70ac94258fbc7fac3bf2  -

real	0m1.330s
user	0m1.171s
sys	0m0.284s
500+0 records in
500+0 records out
afbad591ee2b70ac94258fbc7fac3bf2  -
524288000 bytes (524 MB) copied, 1.36075 s, 385 MB/s

real	0m1.363s
user	0m1.169s
sys	0m0.282s
500+0 records in
500+0 records out
524288000 bytes (524 MB) copied, 1.3143 s, 399 MB/s
afbad591ee2b70ac94258fbc7fac3bf2  -

real	0m1.317s
user	0m1.171s
sys	0m0.281s
500+0 records in
500+0 records out
afbad591ee2b70ac94258fbc7fac3bf2  -
524288000 bytes (524 MB) copied, 1.345 s, 390 MB/s

real	0m1.348s
user	0m1.176s
sys	0m0.286s
500+0 records in
500+0 records out
afbad591ee2b70ac94258fbc7fac3bf2  -
524288000 bytes (524 MB) copied, 1.33666 s, 392 MB/s

real	0m1.339s
user	0m1.171s
sys	0m0.281s
500+0 records in
500+0 records out
524288000 bytes (524 MB) copiedafbad591ee2b70ac94258fbc7fac3bf2  -
, 1.35417 s, 387 MB/s

real	0m1.357s
user	0m1.165s
sys	0m0.288s
500+0 records in
500+0 records out
afbad591ee2b70ac94258fbc7fac3bf2  -
524288000 bytes (524 MB) copied, 1.384 s, 379 MB/s

real	0m1.387s
user	0m1.164s
sys	0m0.289s
500+0 records in
500+0 records out
524288000 bytes (524 MB) copied, 1.31498 s, 399 MB/s
afbad591ee2b70ac94258fbc7fac3bf2  -

real	0m1.318s
user	0m1.163s
sys	0m0.287s
500+0 records in
500+0 records out
524288000 bytes (524 MB) copied, 1.3404 s, 391 MB/s
afbad591ee2b70ac94258fbc7fac3bf2  -

real	0m1.343s
user	0m1.162s
sys	0m0.290s
500+0 records in
500+0 records out
afbad591ee2b70ac94258fbc7fac3bf2  -
524288000 bytes (524 MB) copied, 1.36072 s, 385 MB/s

real	0m1.363s
user	0m1.172s
sys	0m0.277s
500+0 records in
500+0 records out
524288000 bytes (524 MB) copied, 1.38678 s, 378 MB/s
afbad591ee2b70ac94258fbc7fac3bf2  -

real	0m1.390s
user	0m1.182s
sys	0m0.361s
500+0 records in
500+0 records out
524288000 bytes (524 MB) copiedafbad591ee2b70ac94258fbc7fac3bf2  -
, 1.3796 s, 380 MB/s

real	0m1.382s
user	0m1.153s
sys	0m0.331s
500+0 records in
500+0 records out
afbad591ee2b70ac94258fbc7fac3bf2  -
524288000 bytes (524 MB) copied, 1.40492 s, 373 MB/s

real	0m1.408s
user	0m1.171s
sys	0m0.282s
500+0 records in
500+0 records out
afbad591ee2b70ac94258fbc7fac3bf2  -
524288000 bytes (524 MB) copied, 1.3233 s, 396 MB/s

real	0m1.326s
user	0m1.196s
sys	0m0.257s
500+0 records in
500+0 records out
afbad591ee2b70ac94258fbc7fac3bf2  -
524288000 bytes (524 MB) copied, 1.35433 s, 387 MB/s

real	0m1.357s
user	0m1.174s
sys	0m0.279s
500+0 records in
500+0 records out
afbad591ee2b70ac94258fbc7fac3bf2  -
524288000 bytes (524 MB) copied, 1.40709 s, 373 MB/s

real	0m1.410s
user	0m1.160s
sys	0m0.291s
500+0 records in
500+0 records out
524288000 bytes (524 MB) copied, 1.33277 s, 393 MB/s
afbad591ee2b70ac94258fbc7fac3bf2  -

real	0m1.336s
user	0m1.158s
sys	0m0.311s
500+0 records in
500+0 records out
524288000 bytes (524 MB) copied, 1.33617 s, 392 MB/s
afbad591ee2b70ac94258fbc7fac3bf2  -

real	0m1.339s
user	0m1.178s
sys	0m0.281s
500+0 records in
500+0 records out
afbad591ee2b70ac94258fbc7fac3bf2  -
524288000 bytes (524 MB) copied, 1.3475 s, 389 MB/s

real	0m1.350s
user	0m1.169s
sys	0m0.286s
500+0 records in
500+0 records out
afbad591ee2b70ac94258fbc7fac3bf2  -
524288000 bytes (524 MB) copied, 1.35321 s, 387 MB/s

real	0m1.356s
user	0m1.182s
sys	0m0.272s
500+0 records in
500+0 records out
afbad591ee2b70ac94258fbc7fac3bf2  -
524288000 bytes (524 MB) copied, 1.36572 s, 384 MB/s

real	0m1.368s
user	0m1.161s
sys	0m0.290s
500+0 records in
500+0 records out
afbad591ee2b70ac94258fbc7fac3bf2  -
524288000 bytes (524 MB) copied, 1.47159 s, 356 MB/s

real	0m1.474s
user	0m1.165s
sys	0m0.376s
500+0 records in
500+0 records out
524288000 bytes (524 MB) copied, 1.30846 s, 401 MB/s
afbad591ee2b70ac94258fbc7fac3bf2  -

real	0m1.311s
user	0m1.173s
sys	0m0.332s
500+0 records in
500+0 records out
afbad591ee2b70ac94258fbc7fac3bf2  -
524288000 bytes (524 MB) copied, 1.39143 s, 377 MB/s

real	0m1.394s
user	0m1.178s
sys	0m0.285s
500+0 records in
500+0 records out
524288000 bytes (524 MB) copiedafbad591ee2b70ac94258fbc7fac3bf2  -
, 1.43931 s, 364 MB/s

real	0m1.442s
user	0m1.161s
sys	0m0.295s
500+0 records in
500+0 records out
524288000 bytes (524 MB) copiedafbad591ee2b70ac94258fbc7fac3bf2  -
, 1.33193 s, 394 MB/s

real	0m1.335s
user	0m1.180s
sys	0m0.274s
500+0 records in
500+0 records out
afbad591ee2b70ac94258fbc7fac3bf2  -
524288000 bytes (524 MB) copied, 1.37484 s, 381 MB/s

real	0m1.377s
user	0m1.173s
sys	0m0.282s
500+0 records in
500+0 records out
524288000 bytes (524 MB) copied, 1.39011 s, 377 MB/s
afbad591ee2b70ac94258fbc7fac3bf2  -

real	0m1.393s
user	0m1.181s
sys	0m0.327s
500+0 records in
500+0 records out
afbad591ee2b70ac94258fbc7fac3bf2  -
524288000 bytes (524 MB) copied, 1.37082 s, 382 MB/s

real	0m1.374s
user	0m1.184s
sys	0m0.283s
500+0 records in
500+0 records out
afbad591ee2b70ac94258fbc7fac3bf2  -
524288000 bytes (524 MB) copied, 1.40566 s, 373 MB/s

real	0m1.408s
user	0m1.175s
sys	0m0.283s
500+0 records in
500+0 records out
524288000 bytes (524 MB) copied, 1.33057 s, 394 MB/s
afbad591ee2b70ac94258fbc7fac3bf2  -

real	0m1.333s
user	0m1.171s
sys	0m0.309s
500+0 records in
500+0 records out
afbad591ee2b70ac94258fbc7fac3bf2  -
524288000 bytes (524 MB) copied, 1.37743 s, 381 MB/s

real	0m1.380s
user	0m1.177s
sys	0m0.302s
500+0 records in
500+0 records out
afbad591ee2b70ac94258fbc7fac3bf2  -
524288000 bytes (524 MB) copied, 1.4459 s, 363 MB/s

real	0m1.449s
user	0m1.161s
sys	0m0.308s
500+0 records in
500+0 records out
afbad591ee2b70ac94258fbc7fac3bf2  -
524288000 bytes (524 MB) copied, 1.39468 s, 376 MB/s

real	0m1.398s
user	0m1.174s
sys	0m0.330s
500+0 records in
500+0 records out
afbad591ee2b70ac94258fbc7fac3bf2  -
524288000 bytes (524 MB) copied, 1.35298 s, 388 MB/s

real	0m1.356s
user	0m1.176s
sys	0m0.292s
500+0 records in
500+0 records out
afbad591ee2b70ac94258fbc7fac3bf2  -
524288000 bytes (524 MB) copied, 1.35132 s, 388 MB/s

real	0m1.354s
user	0m1.175s
sys	0m0.309s
500+0 records in
500+0 records out
afbad591ee2b70ac94258fbc7fac3bf2  -
524288000 bytes (524 MB) copied, 1.38255 s, 379 MB/s

real	0m1.385s
user	0m1.171s
sys	0m0.300s
500+0 records in
500+0 records out
afbad591ee2b70ac94258fbc7fac3bf2  -
524288000 bytes (524 MB) copied, 1.39569 s, 376 MB/s

real	0m1.398s
user	0m1.163s
sys	0m0.328s
500+0 records in
500+0 records out
524288000 bytes (524 MB) copied, 1.34544 s, 390 MB/s
afbad591ee2b70ac94258fbc7fac3bf2  -

real	0m1.348s
user	0m1.163s
sys	0m0.307s
500+0 records in
500+0 records out
afbad591ee2b70ac94258fbc7fac3bf2  -
524288000 bytes (524 MB) copied, 1.41912 s, 369 MB/s

real	0m1.422s
user	0m1.164s
sys	0m0.359s
500+0 records in
500+0 records out
afbad591ee2b70ac94258fbc7fac3bf2  -
524288000 bytes (524 MB) copied, 1.35638 s, 387 MB/s

real	0m1.359s
user	0m1.196s
sys	0m0.281s
500+0 records in
500+0 records out
afbad591ee2b70ac94258fbc7fac3bf2  -
524288000 bytes (524 MB) copied, 1.33088 s, 394 MB/s

real	0m1.334s
user	0m1.189s
sys	0m0.273s
500+0 records in
500+0 records out
524288000 bytes (524 MB) copied, 1.41702 s, 370 MB/s
afbad591ee2b70ac94258fbc7fac3bf2  -

real	0m1.420s
user	0m1.171s
sys	0m0.332s
500+0 records in
500+0 records out
afbad591ee2b70ac94258fbc7fac3bf2  -
524288000 bytes (524 MB) copied, 1.3744 s, 381 MB/s

real	0m1.377s
user	0m1.169s
sys	0m0.292s
500+0 records in
500+0 records out
afbad591ee2b70ac94258fbc7fac3bf2  -
524288000 bytes (524 MB) copied, 1.39103 s, 377 MB/s

real	0m1.394s
user	0m1.183s
sys	0m0.277s
500+0 records in
500+0 records out
afbad591ee2b70ac94258fbc7fac3bf2  -
524288000 bytes (524 MB) copied, 1.44687 s, 362 MB/s

real	0m1.450s
user	0m1.167s
sys	0m0.297s
500+0 records in
500+0 records out
afbad591ee2b70ac94258fbc7fac3bf2  -
524288000 bytes (524 MB) copied, 1.40546 s, 373 MB/s

real	0m1.408s
user	0m1.172s
sys	0m0.283s
500+0 records in
500+0 records out
afbad591ee2b70ac94258fbc7fac3bf2  -
524288000 bytes (524 MB) copied, 1.31542 s, 399 MB/s

real	0m1.318s
user	0m1.171s
sys	0m0.284s
500+0 records in
500+0 records out
afbad591ee2b70ac94258fbc7fac3bf2  -
524288000 bytes (524 MB) copied, 1.37859 s, 380 MB/s

real	0m1.381s
user	0m1.163s
sys	0m0.313s
500+0 records in
500+0 records out
afbad591ee2b70ac94258fbc7fac3bf2  -
524288000 bytes (524 MB) copied, 1.37619 s, 381 MB/s

real	0m1.379s
user	0m1.171s
sys	0m0.290s
500+0 records in
500+0 records out
afbad591ee2b70ac94258fbc7fac3bf2  -
524288000 bytes (524 MB) copied, 1.35856 s, 386 MB/s

real	0m1.361s
user	0m1.163s
sys	0m0.334s
500+0 records in
500+0 records out
524288000 bytes (524 MB) copied, 1.30984 s, 400 MB/s
afbad591ee2b70ac94258fbc7fac3bf2  -

real	0m1.313s
user	0m1.168s
sys	0m0.292s
500+0 records in
500+0 records out
524288000 bytes (524 MB) copiedafbad591ee2b70ac94258fbc7fac3bf2  -
, 1.41707 s, 370 MB/s

real	0m1.420s
user	0m1.184s
sys	0m0.280s
500+0 records in
500+0 records out
afbad591ee2b70ac94258fbc7fac3bf2  -
524288000 bytes (524 MB) copied, 1.35945 s, 386 MB/s

real	0m1.362s
user	0m1.167s
sys	0m0.292s
500+0 records in
500+0 records out
524288000 bytes (524 MB) copied, 1.3107 s, 400 MB/s
afbad591ee2b70ac94258fbc7fac3bf2  -

real	0m1.313s
user	0m1.177s
sys	0m0.274s
500+0 records in
500+0 records out
afbad591ee2b70ac94258fbc7fac3bf2  -
524288000 bytes (524 MB) copied, 1.376 s, 381 MB/s

real	0m1.378s
user	0m1.160s
sys	0m0.323s
500+0 records in
500+0 records out
afbad591ee2b70ac94258fbc7fac3bf2  -
524288000 bytes (524 MB) copied, 1.49777 s, 350 MB/s

real	0m1.501s
user	0m1.165s
sys	0m0.294s
500+0 records in
500+0 records out
afbad591ee2b70ac94258fbc7fac3bf2  -
524288000 bytes (524 MB) copied, 1.38891 s, 377 MB/s

real	0m1.392s
user	0m1.168s
sys	0m0.361s
500+0 records in
500+0 records out
524288000 bytes (524 MB) copiedafbad591ee2b70ac94258fbc7fac3bf2  -
, 1.32632 s, 395 MB/s

real	0m1.329s
user	0m1.188s
sys	0m0.271s
500+0 records in
500+0 records out
524288000 bytes (524 MB) copiedafbad591ee2b70ac94258fbc7fac3bf2  -
, 1.49249 s, 351 MB/s

real	0m1.495s
user	0m1.169s
sys	0m0.284s
500+0 records in
500+0 records out
afbad591ee2b70ac94258fbc7fac3bf2  -
524288000 bytes (524 MB) copied, 1.41919 s, 369 MB/s

real	0m1.422s
user	0m1.182s
sys	0m0.271s
500+0 records in
500+0 records out
afbad591ee2b70ac94258fbc7fac3bf2  -
524288000 bytes (524 MB) copied, 1.38744 s, 378 MB/s

real	0m1.390s
user	0m1.185s
sys	0m0.326s
500+0 records in
500+0 records out
524288000 bytes (524 MB) copied, 1.3288 s, 395 MB/s
afbad591ee2b70ac94258fbc7fac3bf2  -

real	0m1.332s
user	0m1.167s
sys	0m0.292s
