1000+0 records in
1000+0 records out
3c84e34b319946f6531a2c4559f588a8  -
1048576000 bytes (1.0 GB) copied, 2.69974 s, 388 MB/s

real	0m2.702s
user	0m2.355s
sys	0m0.732s
1000+0 records in
1000+0 records out
3c84e34b319946f6531a2c4559f588a8  -
1048576000 bytes (1.0 GB) copied, 2.79961 s, 375 MB/s

real	0m2.802s
user	0m2.327s
sys	0m0.803s
1000+0 records in
1000+0 records out
3c84e34b319946f6531a2c4559f588a8  -
1048576000 bytes (1.0 GB) copied, 2.64731 s, 396 MB/s

real	0m2.650s
user	0m2.357s
sys	0m0.577s
1000+0 records in
1000+0 records out
3c84e34b319946f6531a2c4559f588a8  -
1048576000 bytes (1.0 GB) copied, 2.61079 s, 402 MB/s

real	0m2.614s
user	0m2.339s
sys	0m0.577s
1000+0 records in
1000+0 records out
3c84e34b319946f6531a2c4559f588a8  -
1048576000 bytes (1.0 GB) copied, 2.68379 s, 391 MB/s

real	0m2.687s
user	0m2.329s
sys	0m0.570s
1000+0 records in
1000+0 records out
3c84e34b319946f6531a2c4559f588a8  -
1048576000 bytes (1.0 GB) copied, 2.90163 s, 361 MB/s

real	0m2.905s
user	0m2.344s
sys	0m0.640s
1000+0 records in
1000+0 records out
3c84e34b319946f6531a2c4559f588a8  -
1048576000 bytes (1.0 GB) copied, 2.73204 s, 384 MB/s

real	0m2.735s
user	0m2.345s
sys	0m0.734s
1000+0 records in
1000+0 records out
3c84e34b319946f6531a2c4559f588a8  -
1048576000 bytes (1.0 GB) copied, 2.82738 s, 371 MB/s

real	0m2.830s
user	0m2.349s
sys	0m0.562s
1000+0 records in
1000+0 records out
3c84e34b319946f6531a2c4559f588a8  -
1048576000 bytes (1.0 GB) copied, 2.69307 s, 389 MB/s

real	0m2.696s
user	0m2.331s
sys	0m0.699s
1000+0 records in
1000+0 records out
1048576000 bytes (1.0 GB) copied, 2.56031 s, 410 MB/s
3c84e34b319946f6531a2c4559f588a8  -

real	0m2.563s
user	0m2.349s
sys	0m0.583s
1000+0 records in
1000+0 records out
3c84e34b319946f6531a2c4559f588a8  -
1048576000 bytes (1.0 GB) copied, 2.69259 s, 389 MB/s

real	0m2.695s
user	0m2.342s
sys	0m0.653s
1000+0 records in
1000+0 records out
3c84e34b319946f6531a2c4559f588a8  -
1048576000 bytes (1.0 GB) copied, 2.69138 s, 390 MB/s

real	0m2.694s
user	0m2.339s
sys	0m0.699s
1000+0 records in
1000+0 records out
3c84e34b319946f6531a2c4559f588a8  -
1048576000 bytes (1.0 GB) copied, 2.71413 s, 386 MB/s

real	0m2.717s
user	0m2.356s
sys	0m0.551s
1000+0 records in
1000+0 records out
3c84e34b319946f6531a2c4559f588a8  -
1048576000 bytes (1.0 GB) copied, 2.63621 s, 398 MB/s

real	0m2.639s
user	0m2.339s
sys	0m0.575s
1000+0 records in
1000+0 records out
3c84e34b319946f6531a2c4559f588a8  -
1048576000 bytes (1.0 GB) copied, 2.63102 s, 399 MB/s

real	0m2.634s
user	0m2.346s
sys	0m0.554s
1000+0 records in
1000+0 records out
3c84e34b319946f6531a2c4559f588a8  -
1048576000 bytes (1.0 GB) copied, 2.65325 s, 395 MB/s

real	0m2.656s
user	0m2.339s
sys	0m0.607s
1000+0 records in
1000+0 records out
3c84e34b319946f6531a2c4559f588a8  -
1048576000 bytes (1.0 GB) copied, 2.78016 s, 377 MB/s

real	0m2.783s
user	0m2.349s
sys	0m0.734s
1000+0 records in
1000+0 records out
3c84e34b319946f6531a2c4559f588a8  -
1048576000 bytes (1.0 GB) copied, 2.63275 s, 398 MB/s

real	0m2.635s
user	0m2.340s
sys	0m0.571s
1000+0 records in
1000+0 records out
3c84e34b319946f6531a2c4559f588a8  -
1048576000 bytes (1.0 GB) copied, 2.80031 s, 374 MB/s

real	0m2.803s
user	0m2.352s
sys	0m0.713s
1000+0 records in
1000+0 records out
1048576000 bytes (1.0 GB) copied, 2.58902 s, 405 MB/s
3c84e34b319946f6531a2c4559f588a8  -

real	0m2.592s
user	0m2.354s
sys	0m0.618s
1000+0 records in
1000+0 records out
3c84e34b319946f6531a2c4559f588a8  -
1048576000 bytes (1.0 GB) copied, 2.57957 s, 406 MB/s

real	0m2.582s
user	0m2.345s
sys	0m0.557s
1000+0 records in
1000+0 records out
3c84e34b319946f6531a2c4559f588a8  -
1048576000 bytes (1.0 GB) copied, 2.61033 s, 402 MB/s

real	0m2.613s
user	0m2.360s
sys	0m0.602s
1000+0 records in
1000+0 records out
3c84e34b319946f6531a2c4559f588a8  -
1048576000 bytes (1.0 GB) copied, 2.62318 s, 400 MB/s

real	0m2.626s
user	0m2.341s
sys	0m0.573s
1000+0 records in
1000+0 records out
3c84e34b319946f6531a2c4559f588a8  -
1048576000 bytes (1.0 GB) copied, 2.63056 s, 399 MB/s

real	0m2.633s
user	0m2.333s
sys	0m0.568s
1000+0 records in
1000+0 records out
3c84e34b319946f6531a2c4559f588a8  -
1048576000 bytes (1.0 GB) copied, 2.64813 s, 396 MB/s

real	0m2.651s
user	0m2.338s
sys	0m0.578s
1000+0 records in
1000+0 records out
3c84e34b319946f6531a2c4559f588a8  -
1048576000 bytes (1.0 GB) copied, 2.7983 s, 375 MB/s

real	0m2.801s
user	0m2.354s
sys	0m0.702s
1000+0 records in
1000+0 records out
3c84e34b319946f6531a2c4559f588a8  -
1048576000 bytes (1.0 GB) copied, 2.59483 s, 404 MB/s

real	0m2.598s
user	0m2.363s
sys	0m0.546s
1000+0 records in
1000+0 records out
3c84e34b319946f6531a2c4559f588a8  -
1048576000 bytes (1.0 GB) copied, 2.68681 s, 390 MB/s

real	0m2.690s
user	0m2.345s
sys	0m0.559s
1000+0 records in
1000+0 records out
3c84e34b319946f6531a2c4559f588a8  -
1048576000 bytes (1.0 GB) copied, 2.60578 s, 402 MB/s

real	0m2.609s
user	0m2.338s
sys	0m0.567s
1000+0 records in
1000+0 records out
1048576000 bytes (1.0 GB) copied, 2.5895 s, 405 MB/s
3c84e34b319946f6531a2c4559f588a8  -

real	0m2.592s
user	0m2.344s
sys	0m0.634s
1000+0 records in
1000+0 records out
3c84e34b319946f6531a2c4559f588a8  -
1048576000 bytes (1.0 GB) copied, 2.71577 s, 386 MB/s

real	0m2.718s
user	0m2.347s
sys	0m0.644s
1000+0 records in
1000+0 records out
3c84e34b319946f6531a2c4559f588a8  -
1048576000 bytes (1.0 GB) copied, 2.62122 s, 400 MB/s

real	0m2.624s
user	0m2.337s
sys	0m0.571s
1000+0 records in
1000+0 records out
3c84e34b319946f6531a2c4559f588a8  -
1048576000 bytes (1.0 GB) copied, 2.75242 s, 381 MB/s

real	0m2.755s
user	0m2.355s
sys	0m0.635s
1000+0 records in
1000+0 records out
3c84e34b319946f6531a2c4559f588a8  -
1048576000 bytes (1.0 GB) copied, 2.62048 s, 400 MB/s

real	0m2.623s
user	0m2.348s
sys	0m0.576s
1000+0 records in
1000+0 records out
3c84e34b319946f6531a2c4559f588a8  -
1048576000 bytes (1.0 GB) copied, 2.62496 s, 399 MB/s

real	0m2.628s
user	0m2.358s
sys	0m0.554s
1000+0 records in
1000+0 records out
3c84e34b319946f6531a2c4559f588a8  -
1048576000 bytes (1.0 GB) copied, 2.60485 s, 403 MB/s

real	0m2.607s
user	0m2.344s
sys	0m0.557s
1000+0 records in
1000+0 records out
3c84e34b319946f6531a2c4559f588a8  -
1048576000 bytes (1.0 GB) copied, 2.66083 s, 394 MB/s

real	0m2.664s
user	0m2.343s
sys	0m0.561s
1000+0 records in
1000+0 records out
3c84e34b319946f6531a2c4559f588a8  -
1048576000 bytes (1.0 GB) copied, 2.76628 s, 379 MB/s

real	0m2.769s
user	0m2.337s
sys	0m0.760s
1000+0 records in
1000+0 records out
3c84e34b319946f6531a2c4559f588a8  -
1048576000 bytes (1.0 GB) copied, 2.76643 s, 379 MB/s

real	0m2.769s
user	0m2.325s
sys	0m0.774s
1000+0 records in
1000+0 records out
1048576000 bytes (1.0 GB) copied, 2.54049 s, 413 MB/s
3c84e34b319946f6531a2c4559f588a8  -

real	0m2.543s
user	0m2.329s
sys	0m0.594s
1000+0 records in
1000+0 records out
3c84e34b319946f6531a2c4559f588a8  -
1048576000 bytes (1.0 GB) copied, 2.63914 s, 397 MB/s

real	0m2.642s
user	0m2.349s
sys	0m0.553s
1000+0 records in
1000+0 records out
3c84e34b319946f6531a2c4559f588a8  -
1048576000 bytes (1.0 GB) copied, 2.65621 s, 395 MB/s

real	0m2.659s
user	0m2.356s
sys	0m0.552s
1000+0 records in
1000+0 records out
3c84e34b319946f6531a2c4559f588a8  -
1048576000 bytes (1.0 GB) copied, 2.66585 s, 393 MB/s

real	0m2.669s
user	0m2.337s
sys	0m0.660s
1000+0 records in
1000+0 records out
3c84e34b319946f6531a2c4559f588a8  -
1048576000 bytes (1.0 GB) copied, 2.62886 s, 399 MB/s

real	0m2.632s
user	0m2.348s
sys	0m0.628s
1000+0 records in
1000+0 records out
3c84e34b319946f6531a2c4559f588a8  -
1048576000 bytes (1.0 GB) copied, 2.67951 s, 391 MB/s

real	0m2.682s
user	0m2.331s
sys	0m0.715s
1000+0 records in
1000+0 records out
3c84e34b319946f6531a2c4559f588a8  -
1048576000 bytes (1.0 GB) copied, 2.61742 s, 401 MB/s

real	0m2.620s
user	0m2.338s
sys	0m0.601s
1000+0 records in
1000+0 records out
3c84e34b319946f6531a2c4559f588a8  -
1048576000 bytes (1.0 GB) copied, 2.66262 s, 394 MB/s

real	0m2.665s
user	0m2.333s
sys	0m0.569s
1000+0 records in
1000+0 records out
3c84e34b319946f6531a2c4559f588a8  -
1048576000 bytes (1.0 GB) copied, 2.61857 s, 400 MB/s

real	0m2.621s
user	0m2.354s
sys	0m0.574s
1000+0 records in
1000+0 records out
3c84e34b319946f6531a2c4559f588a8  -
1048576000 bytes (1.0 GB) copied, 2.64518 s, 396 MB/s

real	0m2.648s
user	0m2.336s
sys	0m0.584s
1000+0 records in
1000+0 records out
1048576000 bytes (1.0 GB) copied, 2.58741 s, 405 MB/s
3c84e34b319946f6531a2c4559f588a8  -

real	0m2.590s
user	0m2.320s
sys	0m0.650s
1000+0 records in
1000+0 records out
3c84e34b319946f6531a2c4559f588a8  -
1048576000 bytes (1.0 GB) copied, 2.59913 s, 403 MB/s

real	0m2.602s
user	0m2.336s
sys	0m0.573s
1000+0 records in
1000+0 records out
3c84e34b319946f6531a2c4559f588a8  -
1048576000 bytes (1.0 GB) copied, 3.10554 s, 338 MB/s

real	0m3.108s
user	0m2.344s
sys	0m0.725s
1000+0 records in
1000+0 records out
3c84e34b319946f6531a2c4559f588a8  -
1048576000 bytes (1.0 GB) copied, 2.73868 s, 383 MB/s

real	0m2.742s
user	0m2.337s
sys	0m0.718s
1000+0 records in
1000+0 records out
3c84e34b319946f6531a2c4559f588a8  -
1048576000 bytes (1.0 GB) copied, 2.74155 s, 382 MB/s

real	0m2.744s
user	0m2.349s
sys	0m0.643s
1000+0 records in
1000+0 records out
3c84e34b319946f6531a2c4559f588a8  -
1048576000 bytes (1.0 GB) copied, 2.66962 s, 393 MB/s

real	0m2.672s
user	0m2.311s
sys	0m0.598s
1000+0 records in
1000+0 records out
3c84e34b319946f6531a2c4559f588a8  -
1048576000 bytes (1.0 GB) copied, 2.61152 s, 402 MB/s

real	0m2.614s
user	0m2.341s
sys	0m0.571s
1000+0 records in
1000+0 records out
3c84e34b319946f6531a2c4559f588a8  -
1048576000 bytes (1.0 GB) copied, 2.60006 s, 403 MB/s

real	0m2.603s
user	0m2.367s
sys	0m0.535s
1000+0 records in
1000+0 records out
3c84e34b319946f6531a2c4559f588a8  -
1048576000 bytes (1.0 GB) copied, 2.64572 s, 396 MB/s

real	0m2.649s
user	0m2.340s
sys	0m0.670s
1000+0 records in
1000+0 records out
3c84e34b319946f6531a2c4559f588a8  -
1048576000 bytes (1.0 GB) copied, 2.74352 s, 382 MB/s

real	0m2.746s
user	0m2.347s
sys	0m0.736s
1000+0 records in
1000+0 records out
1048576000 bytes (1.0 GB) copied, 2.55155 s, 411 MB/s
3c84e34b319946f6531a2c4559f588a8  -

real	0m2.554s
user	0m2.333s
sys	0m0.626s
1000+0 records in
1000+0 records out
3c84e34b319946f6531a2c4559f588a8  -
1048576000 bytes (1.0 GB) copied, 2.65008 s, 396 MB/s

real	0m2.653s
user	0m2.331s
sys	0m0.659s
1000+0 records in
1000+0 records out
3c84e34b319946f6531a2c4559f588a8  -
1048576000 bytes (1.0 GB) copied, 2.61851 s, 400 MB/s

real	0m2.621s
user	0m2.347s
sys	0m0.598s
1000+0 records in
1000+0 records out
3c84e34b319946f6531a2c4559f588a8  -
1048576000 bytes (1.0 GB) copied, 2.62739 s, 399 MB/s

real	0m2.630s
user	0m2.331s
sys	0m0.599s
1000+0 records in
1000+0 records out
3c84e34b319946f6531a2c4559f588a8  -
1048576000 bytes (1.0 GB) copied, 2.62387 s, 400 MB/s

real	0m2.627s
user	0m2.327s
sys	0m0.655s
1000+0 records in
1000+0 records out
3c84e34b319946f6531a2c4559f588a8  -
1048576000 bytes (1.0 GB) copied, 2.6842 s, 391 MB/s

real	0m2.687s
user	0m2.351s
sys	0m0.583s
1000+0 records in
1000+0 records out
3c84e34b319946f6531a2c4559f588a8  -
1048576000 bytes (1.0 GB) copied, 2.62547 s, 399 MB/s

real	0m2.628s
user	0m2.356s
sys	0m0.559s
1000+0 records in
1000+0 records out
3c84e34b319946f6531a2c4559f588a8  -
1048576000 bytes (1.0 GB) copied, 2.66922 s, 393 MB/s

real	0m2.672s
user	0m2.335s
sys	0m0.574s
1000+0 records in
1000+0 records out
3c84e34b319946f6531a2c4559f588a8  -
1048576000 bytes (1.0 GB) copied, 2.76084 s, 380 MB/s

real	0m2.764s
user	0m2.374s
sys	0m0.707s
1000+0 records in
1000+0 records out
3c84e34b319946f6531a2c4559f588a8  -
1048576000 bytes (1.0 GB) copied, 2.72655 s, 385 MB/s

real	0m2.730s
user	0m2.375s
sys	0m0.643s
1000+0 records in
1000+0 records out
1048576000 bytes (1.0 GB) copied, 2.56796 s, 408 MB/s
3c84e34b319946f6531a2c4559f588a8  -

real	0m2.571s
user	0m2.321s
sys	0m0.637s
1000+0 records in
1000+0 records out
3c84e34b319946f6531a2c4559f588a8  -
1048576000 bytes (1.0 GB) copied, 2.80799 s, 373 MB/s

real	0m2.810s
user	0m2.346s
sys	0m0.739s
1000+0 records in
1000+0 records out
3c84e34b319946f6531a2c4559f588a8  -
1048576000 bytes (1.0 GB) copied, 2.76681 s, 379 MB/s

real	0m2.770s
user	0m2.362s
sys	0m0.683s
1000+0 records in
1000+0 records out
3c84e34b319946f6531a2c4559f588a8  -
1048576000 bytes (1.0 GB) copied, 2.64905 s, 396 MB/s

real	0m2.652s
user	0m2.343s
sys	0m0.668s
1000+0 records in
1000+0 records out
3c84e34b319946f6531a2c4559f588a8  -
1048576000 bytes (1.0 GB) copied, 2.62102 s, 400 MB/s

real	0m2.624s
user	0m2.345s
sys	0m0.602s
1000+0 records in
1000+0 records out
3c84e34b319946f6531a2c4559f588a8  -
1048576000 bytes (1.0 GB) copied, 2.68625 s, 390 MB/s

real	0m2.689s
user	0m2.334s
sys	0m0.569s
1000+0 records in
1000+0 records out
3c84e34b319946f6531a2c4559f588a8  -
1048576000 bytes (1.0 GB) copied, 2.79616 s, 375 MB/s

real	0m2.799s
user	0m2.348s
sys	0m0.732s
1000+0 records in
1000+0 records out
3c84e34b319946f6531a2c4559f588a8  -
1048576000 bytes (1.0 GB) copied, 2.67787 s, 392 MB/s

real	0m2.681s
user	0m2.343s
sys	0m0.633s
1000+0 records in
1000+0 records out
3c84e34b319946f6531a2c4559f588a8  -
1048576000 bytes (1.0 GB) copied, 2.62045 s, 400 MB/s

real	0m2.623s
user	0m2.343s
sys	0m0.567s
1000+0 records in
1000+0 records out
3c84e34b319946f6531a2c4559f588a8  -
1048576000 bytes (1.0 GB) copied, 2.63983 s, 397 MB/s

real	0m2.643s
user	0m2.355s
sys	0m0.595s
1000+0 records in
1000+0 records out
1048576000 bytes (1.0 GB) copied, 2.57765 s, 407 MB/s
3c84e34b319946f6531a2c4559f588a8  -

real	0m2.580s
user	0m2.340s
sys	0m0.571s
1000+0 records in
1000+0 records out
3c84e34b319946f6531a2c4559f588a8  -
1048576000 bytes (1.0 GB) copied, 2.75574 s, 381 MB/s

real	0m2.758s
user	0m2.342s
sys	0m0.763s
1000+0 records in
1000+0 records out
3c84e34b319946f6531a2c4559f588a8  -
1048576000 bytes (1.0 GB) copied, 2.61427 s, 401 MB/s

real	0m2.617s
user	0m2.338s
sys	0m0.595s
1000+0 records in
1000+0 records out
3c84e34b319946f6531a2c4559f588a8  -
1048576000 bytes (1.0 GB) copied, 2.59069 s, 405 MB/s

real	0m2.593s
user	0m2.334s
sys	0m0.576s
1000+0 records in
1000+0 records out
3c84e34b319946f6531a2c4559f588a8  -
1048576000 bytes (1.0 GB) copied, 2.59684 s, 404 MB/s

real	0m2.599s
user	0m2.342s
sys	0m0.561s
1000+0 records in
1000+0 records out
3c84e34b319946f6531a2c4559f588a8  -
1048576000 bytes (1.0 GB) copied, 2.77094 s, 378 MB/s

real	0m2.774s
user	0m2.371s
sys	0m0.713s
1000+0 records in
1000+0 records out
3c84e34b319946f6531a2c4559f588a8  -
1048576000 bytes (1.0 GB) copied, 2.71203 s, 387 MB/s

real	0m2.715s
user	0m2.360s
sys	0m0.691s
1000+0 records in
1000+0 records out
3c84e34b319946f6531a2c4559f588a8  -
1048576000 bytes (1.0 GB) copied, 2.59234 s, 404 MB/s

real	0m2.595s
user	0m2.349s
sys	0m0.621s
1000+0 records in
1000+0 records out
3c84e34b319946f6531a2c4559f588a8  -
1048576000 bytes (1.0 GB) copied, 2.66764 s, 393 MB/s

real	0m2.670s
user	0m2.345s
sys	0m0.563s
1000+0 records in
1000+0 records out
3c84e34b319946f6531a2c4559f588a8  -
1048576000 bytes (1.0 GB) copied, 2.59953 s, 403 MB/s

real	0m2.602s
user	0m2.330s
sys	0m0.572s
1000+0 records in
1000+0 records out
1048576000 bytes (1.0 GB) copied, 2.57886 s, 407 MB/s
3c84e34b319946f6531a2c4559f588a8  -

real	0m2.582s
user	0m2.325s
sys	0m0.583s
1000+0 records in
1000+0 records out
3c84e34b319946f6531a2c4559f588a8  -
1048576000 bytes (1.0 GB) copied, 2.59429 s, 404 MB/s

real	0m2.597s
user	0m2.344s
sys	0m0.579s
1000+0 records in
1000+0 records out
3c84e34b319946f6531a2c4559f588a8  -
1048576000 bytes (1.0 GB) copied, 2.61682 s, 401 MB/s

real	0m2.620s
user	0m2.345s
sys	0m0.590s
1000+0 records in
1000+0 records out
3c84e34b319946f6531a2c4559f588a8  -
1048576000 bytes (1.0 GB) copied, 2.63654 s, 398 MB/s

real	0m2.639s
user	0m2.342s
sys	0m0.567s
1000+0 records in
1000+0 records out
3c84e34b319946f6531a2c4559f588a8  -
1048576000 bytes (1.0 GB) copied, 2.64034 s, 397 MB/s

real	0m2.643s
user	0m2.357s
sys	0m0.547s
1000+0 records in
1000+0 records out
3c84e34b319946f6531a2c4559f588a8  -
1048576000 bytes (1.0 GB) copied, 2.6094 s, 402 MB/s

real	0m2.612s
user	0m2.330s
sys	0m0.576s
1000+0 records in
1000+0 records out
3c84e34b319946f6531a2c4559f588a8  -
1048576000 bytes (1.0 GB) copied, 2.61688 s, 401 MB/s

real	0m2.620s
user	0m2.350s
sys	0m0.576s
1000+0 records in
1000+0 records out
3c84e34b319946f6531a2c4559f588a8  -
1048576000 bytes (1.0 GB) copied, 2.67613 s, 392 MB/s

real	0m2.679s
user	0m2.337s
sys	0m0.585s
1000+0 records in
1000+0 records out
3c84e34b319946f6531a2c4559f588a8  -
1048576000 bytes (1.0 GB) copied, 2.60353 s, 403 MB/s

real	0m2.606s
user	0m2.345s
sys	0m0.556s
1000+0 records in
1000+0 records out
3c84e34b319946f6531a2c4559f588a8  -
1048576000 bytes (1.0 GB) copied, 2.62152 s, 400 MB/s

real	0m2.624s
user	0m2.358s
sys	0m0.572s
1000+0 records in
1000+0 records out
1048576000 bytes (1.0 GB) copied, 2.55671 s, 410 MB/s
3c84e34b319946f6531a2c4559f588a8  -

real	0m2.560s
user	0m2.343s
sys	0m0.573s
