10000+0 records in
10000+0 records out
a02bf4596da9a0c3d2b10ac745b55ccf  -
10485760000 bytes (10 GB) copied, 25.2198 s, 416 MB/s

real	0m25.223s
user	0m23.354s
sys	0m6.072s
10000+0 records in
10000+0 records out
10485760000 bytes (10 GB) copieda02bf4596da9a0c3d2b10ac745b55ccf  -
, 25.1962 s, 416 MB/s

real	0m25.199s
user	0m23.419s
sys	0m5.959s
10000+0 records in
10000+0 records out
a02bf4596da9a0c3d2b10ac745b55ccf  -
10485760000 bytes (10 GB) copied, 25.1735 s, 417 MB/s

real	0m25.176s
user	0m23.363s
sys	0m5.797s
10000+0 records in
10000+0 records out
10485760000 bytes (10 GB) copieda02bf4596da9a0c3d2b10ac745b55ccf  -
, 25.2245 s, 416 MB/s

real	0m25.227s
user	0m23.406s
sys	0m6.171s
10000+0 records in
10000+0 records out
10485760000 bytes (10 GB) copied, 25.1778 s, 416 MB/s
a02bf4596da9a0c3d2b10ac745b55ccf  -

real	0m25.180s
user	0m23.453s
sys	0m5.857s
10000+0 records in
10000+0 records out
10485760000 bytes (10 GB) copied, 25.2081 s, 416 MB/s
a02bf4596da9a0c3d2b10ac745b55ccf  -

real	0m25.211s
user	0m23.401s
sys	0m6.018s
10000+0 records in
10000+0 records out
10485760000 bytes (10 GB) copied, 25.1731 s, 417 MB/s
a02bf4596da9a0c3d2b10ac745b55ccf  -

real	0m25.176s
user	0m23.387s
sys	0m5.619s
10000+0 records in
10000+0 records out
10485760000 bytes (10 GB) copieda02bf4596da9a0c3d2b10ac745b55ccf  -
, 25.2225 s, 416 MB/s

real	0m25.225s
user	0m23.414s
sys	0m5.827s
10000+0 records in
10000+0 records out
10485760000 bytes (10 GB) copieda02bf4596da9a0c3d2b10ac745b55ccf  -
, 25.2489 s, 415 MB/s

real	0m25.251s
user	0m23.331s
sys	0m6.240s
10000+0 records in
10000+0 records out
10485760000 bytes (10 GB) copied, 25.2208 s, 416 MB/s
a02bf4596da9a0c3d2b10ac745b55ccf  -

real	0m25.223s
user	0m23.347s
sys	0m6.220s
10000+0 records in
10000+0 records out
10485760000 bytes (10 GB) copieda02bf4596da9a0c3d2b10ac745b55ccf  -
, 25.2017 s, 416 MB/s

real	0m25.205s
user	0m23.417s
sys	0m5.812s
10000+0 records in
10000+0 records out
10485760000 bytes (10 GB) copied, 25.152 s, 417 MB/s
a02bf4596da9a0c3d2b10ac745b55ccf  -

real	0m25.155s
user	0m23.418s
sys	0m5.613s
10000+0 records in
10000+0 records out
10485760000 bytes (10 GB) copied, 25.2799 s, 415 MB/s
a02bf4596da9a0c3d2b10ac745b55ccf  -

real	0m25.283s
user	0m23.350s
sys	0m6.267s
10000+0 records in
10000+0 records out
10485760000 bytes (10 GB) copied, 25.2566 s, 415 MB/s
a02bf4596da9a0c3d2b10ac745b55ccf  -

real	0m25.259s
user	0m23.373s
sys	0m6.254s
10000+0 records in
10000+0 records out
10485760000 bytes (10 GB) copied, 25.213 s, 416 MB/s
a02bf4596da9a0c3d2b10ac745b55ccf  -

real	0m25.216s
user	0m23.385s
sys	0m6.035s
10000+0 records in
10000+0 records out
10485760000 bytes (10 GB) copied, 25.2567 s, 415 MB/s
a02bf4596da9a0c3d2b10ac745b55ccf  -

real	0m25.259s
user	0m23.389s
sys	0m6.171s
10000+0 records in
10000+0 records out
10485760000 bytes (10 GB) copied, 25.1711 s, 417 MB/s
a02bf4596da9a0c3d2b10ac745b55ccf  -

real	0m25.174s
user	0m23.405s
sys	0m5.808s
10000+0 records in
10000+0 records out
10485760000 bytes (10 GB) copied, 25.2021 s, 416 MB/s
a02bf4596da9a0c3d2b10ac745b55ccf  -

real	0m25.205s
user	0m23.344s
sys	0m6.014s
10000+0 records in
10000+0 records out
10485760000 bytes (10 GB) copieda02bf4596da9a0c3d2b10ac745b55ccf  -
, 25.2258 s, 416 MB/s

real	0m25.229s
user	0m23.412s
sys	0m6.160s
10000+0 records in
10000+0 records out
10485760000 bytes (10 GB) copied, 25.2296 s, 416 MB/s
a02bf4596da9a0c3d2b10ac745b55ccf  -

real	0m25.232s
user	0m23.364s
sys	0m6.214s
