500+0 records in
500+0 records out
524288000 bytes (524 MB) copied, 1.00496 s, 522 MB/s
afbad591ee2b70ac94258fbc7fac3bf2  -

real	0m1.008s
user	0m0.895s
sys	0m0.294s
500+0 records in
500+0 records out
524288000 bytes (524 MB) copied, 0.95997 s, 546 MB/s
afbad591ee2b70ac94258fbc7fac3bf2  -

real	0m0.962s
user	0m0.885s
sys	0m0.253s
500+0 records in
500+0 records out
524288000 bytes (524 MB) copiedafbad591ee2b70ac94258fbc7fac3bf2  -
, 0.985714 s, 532 MB/s

real	0m0.989s
user	0m0.892s
sys	0m0.272s
500+0 records in
500+0 records out
524288000 bytes (524 MB) copied, 0.958018 s, 547 MB/s
afbad591ee2b70ac94258fbc7fac3bf2  -

real	0m0.961s
user	0m0.884s
sys	0m0.253s
500+0 records in
500+0 records out
524288000 bytes (524 MB) copied, 0.988731 s, 530 MB/s
afbad591ee2b70ac94258fbc7fac3bf2  -

real	0m0.991s
user	0m0.894s
sys	0m0.275s
500+0 records in
500+0 records out
524288000 bytes (524 MB) copied, 0.988275 s, 531 MB/s
afbad591ee2b70ac94258fbc7fac3bf2  -

real	0m0.991s
user	0m0.888s
sys	0m0.281s
500+0 records in
500+0 records out
524288000 bytes (524 MB) copied, 0.98511 s, 532 MB/s
afbad591ee2b70ac94258fbc7fac3bf2  -

real	0m0.988s
user	0m0.890s
sys	0m0.284s
500+0 records in
500+0 records out
524288000 bytes (524 MB) copied, 0.95676 s, 548 MB/s
afbad591ee2b70ac94258fbc7fac3bf2  -

real	0m0.959s
user	0m0.886s
sys	0m0.249s
500+0 records in
500+0 records out
524288000 bytes (524 MB) copied, 0.983965 s, 533 MB/s
afbad591ee2b70ac94258fbc7fac3bf2  -

real	0m0.987s
user	0m0.888s
sys	0m0.275s
500+0 records in
500+0 records out
524288000 bytes (524 MB) copied, 0.957775 s, 547 MB/s
afbad591ee2b70ac94258fbc7fac3bf2  -

real	0m0.961s
user	0m0.884s
sys	0m0.253s
