10000+0 records in
10000+0 records out
10485760000 bytes (10 GB) copieda02bf4596da9a0c3d2b10ac745b55ccf  -
, 19.3979 s, 541 MB/s

real	0m19.402s
user	0m17.624s
sys	0m5.242s
10000+0 records in
10000+0 records out
10485760000 bytes (10 GB) copied, 19.6615 s, 533 MB/s
a02bf4596da9a0c3d2b10ac745b55ccf  -

real	0m19.664s
user	0m17.776s
sys	0m5.473s
10000+0 records in
10000+0 records out
a02bf4596da9a0c3d2b10ac745b55ccf  -
10485760000 bytes (10 GB) copied, 19.4738 s, 538 MB/s

real	0m19.477s
user	0m17.665s
sys	0m5.285s
10000+0 records in
10000+0 records out
10485760000 bytes (10 GB) copied, 19.6589 s, 533 MB/s
a02bf4596da9a0c3d2b10ac745b55ccf  -

real	0m19.662s
user	0m17.689s
sys	0m5.416s
10000+0 records in
10000+0 records out
10485760000 bytes (10 GB) copied, 19.4458 s, 539 MB/s
a02bf4596da9a0c3d2b10ac745b55ccf  -

real	0m19.449s
user	0m17.640s
sys	0m5.266s
10000+0 records in
10000+0 records out
10485760000 bytes (10 GB) copied, 19.4098 s, 540 MB/s
a02bf4596da9a0c3d2b10ac745b55ccf  -

real	0m19.413s
user	0m17.706s
sys	0m5.177s
10000+0 records in
10000+0 records out
10485760000 bytes (10 GB) copied, 19.4458 s, 539 MB/s
a02bf4596da9a0c3d2b10ac745b55ccf  -

real	0m19.449s
user	0m17.709s
sys	0m5.254s
10000+0 records in
10000+0 records out
10485760000 bytes (10 GB) copied, 19.3404 s, 542 MB/s
a02bf4596da9a0c3d2b10ac745b55ccf  -

real	0m19.343s
user	0m17.703s
sys	0m5.107s
10000+0 records in
10000+0 records out
10485760000 bytes (10 GB) copied, 19.3408 s, 542 MB/s
a02bf4596da9a0c3d2b10ac745b55ccf  -

real	0m19.344s
user	0m17.631s
sys	0m5.151s
10000+0 records in
10000+0 records out
10485760000 bytes (10 GB) copied, 19.3808 s, 541 MB/s
a02bf4596da9a0c3d2b10ac745b55ccf  -

real	0m19.384s
user	0m17.725s
sys	0m5.114s
