2000+0 records in
2000+0 records out
0dd74775419ada42017a0fdf21eccf94  -
2097152000 bytes (2.1 GB) copied, 4.09258 s, 512 MB/s

real	0m4.095s
user	0m3.707s
sys	0m0.968s
2000+0 records in
2000+0 records out
0dd74775419ada42017a0fdf21eccf94  -
2097152000 bytes (2.1 GB) copied, 4.12616 s, 508 MB/s

real	0m4.129s
user	0m3.695s
sys	0m0.990s
2000+0 records in
2000+0 records out
0dd74775419ada42017a0fdf21eccf94  -
2097152000 bytes (2.1 GB) copied, 4.11566 s, 510 MB/s

real	0m4.118s
user	0m3.683s
sys	0m1.009s
2000+0 records in
2000+0 records out
0dd74775419ada42017a0fdf21eccf94  -
2097152000 bytes (2.1 GB) copied, 4.12603 s, 508 MB/s

real	0m4.129s
user	0m3.729s
sys	0m1.018s
2000+0 records in
2000+0 records out
0dd74775419ada42017a0fdf21eccf94  -
2097152000 bytes (2.1 GB) copied, 4.51408 s, 465 MB/s

real	0m4.517s
user	0m3.765s
sys	0m1.424s
2000+0 records in
2000+0 records out
0dd74775419ada42017a0fdf21eccf94  -
2097152000 bytes (2.1 GB) copied, 4.07298 s, 515 MB/s

real	0m4.076s
user	0m3.651s
sys	0m0.994s
2000+0 records in
2000+0 records out
0dd74775419ada42017a0fdf21eccf94  -
2097152000 bytes (2.1 GB) copied, 4.09038 s, 513 MB/s

real	0m4.093s
user	0m3.686s
sys	0m1.007s
2000+0 records in
2000+0 records out
2097152000 bytes (2.1 GB) copied0dd74775419ada42017a0fdf21eccf94  -
, 4.1463 s, 506 MB/s

real	0m4.149s
user	0m3.773s
sys	0m0.981s
2000+0 records in
2000+0 records out
0dd74775419ada42017a0fdf21eccf94  -
2097152000 bytes (2.1 GB) copied, 4.48004 s, 468 MB/s

real	0m4.483s
user	0m3.763s
sys	0m1.334s
2000+0 records in
2000+0 records out
2097152000 bytes (2.1 GB) copied, 4.22167 s, 497 MB/s
0dd74775419ada42017a0fdf21eccf94  -

real	0m4.224s
user	0m3.667s
sys	0m0.979s
2000+0 records in
2000+0 records out
0dd74775419ada42017a0fdf21eccf94  -
2097152000 bytes (2.1 GB) copied, 4.15424 s, 505 MB/s

real	0m4.156s
user	0m3.666s
sys	0m0.942s
2000+0 records in
2000+0 records out
0dd74775419ada42017a0fdf21eccf94  -
2097152000 bytes (2.1 GB) copied, 4.07393 s, 515 MB/s

real	0m4.077s
user	0m3.703s
sys	0m0.964s
2000+0 records in
2000+0 records out
0dd74775419ada42017a0fdf21eccf94  -
2097152000 bytes (2.1 GB) copied, 4.07396 s, 515 MB/s

real	0m4.077s
user	0m3.708s
sys	0m0.956s
2000+0 records in
2000+0 records out
0dd74775419ada42017a0fdf21eccf94  -
2097152000 bytes (2.1 GB) copied, 4.09081 s, 513 MB/s

real	0m4.094s
user	0m3.672s
sys	0m0.993s
2000+0 records in
2000+0 records out
2097152000 bytes (2.1 GB) copied, 4.3615 s, 481 MB/s
0dd74775419ada42017a0fdf21eccf94  -

real	0m4.364s
user	0m3.922s
sys	0m1.125s
2000+0 records in
2000+0 records out
0dd74775419ada42017a0fdf21eccf94  -
2097152000 bytes (2.1 GB) copied, 4.10073 s, 511 MB/s

real	0m4.103s
user	0m3.703s
sys	0m0.980s
2000+0 records in
2000+0 records out
0dd74775419ada42017a0fdf21eccf94  -
2097152000 bytes (2.1 GB) copied, 4.45029 s, 471 MB/s

real	0m4.453s
user	0m3.948s
sys	0m1.196s
2000+0 records in
2000+0 records out
0dd74775419ada42017a0fdf21eccf94  -
2097152000 bytes (2.1 GB) copied, 4.47918 s, 468 MB/s

real	0m4.482s
user	0m3.875s
sys	0m1.253s
2000+0 records in
2000+0 records out
0dd74775419ada42017a0fdf21eccf94  -
2097152000 bytes (2.1 GB) copied, 4.08959 s, 513 MB/s

real	0m4.093s
user	0m3.672s
sys	0m1.016s
2000+0 records in
2000+0 records out
2097152000 bytes (2.1 GB) copied, 4.07007 s, 515 MB/s
0dd74775419ada42017a0fdf21eccf94  -

real	0m4.073s
user	0m3.705s
sys	0m1.020s
2000+0 records in
2000+0 records out
0dd74775419ada42017a0fdf21eccf94  -
2097152000 bytes (2.1 GB) copied, 4.38175 s, 479 MB/s

real	0m4.384s
user	0m3.920s
sys	0m1.151s
2000+0 records in
2000+0 records out
0dd74775419ada42017a0fdf21eccf94  -
2097152000 bytes (2.1 GB) copied, 4.1861 s, 501 MB/s

real	0m4.189s
user	0m3.755s
sys	0m1.027s
2000+0 records in
2000+0 records out
2097152000 bytes (2.1 GB) copied0dd74775419ada42017a0fdf21eccf94  -
, 4.07528 s, 515 MB/s

real	0m4.078s
user	0m3.639s
sys	0m1.002s
2000+0 records in
2000+0 records out
0dd74775419ada42017a0fdf21eccf94  -
2097152000 bytes (2.1 GB) copied, 4.28636 s, 489 MB/s

real	0m4.289s
user	0m3.672s
sys	0m0.958s
2000+0 records in
2000+0 records out
2097152000 bytes (2.1 GB) copied, 3.99416 s, 525 MB/s
0dd74775419ada42017a0fdf21eccf94  -

real	0m3.997s
user	0m3.641s
sys	0m0.966s
2000+0 records in
2000+0 records out
0dd74775419ada42017a0fdf21eccf94  -
2097152000 bytes (2.1 GB) copied, 4.36714 s, 480 MB/s

real	0m4.370s
user	0m3.809s
sys	0m1.163s
2000+0 records in
2000+0 records out
0dd74775419ada42017a0fdf21eccf94  -
2097152000 bytes (2.1 GB) copied, 4.01181 s, 523 MB/s

real	0m4.014s
user	0m3.614s
sys	0m0.995s
2000+0 records in
2000+0 records out
0dd74775419ada42017a0fdf21eccf94  -
2097152000 bytes (2.1 GB) copied, 4.21138 s, 498 MB/s

real	0m4.214s
user	0m3.766s
sys	0m1.035s
2000+0 records in
2000+0 records out
0dd74775419ada42017a0fdf21eccf94  -
2097152000 bytes (2.1 GB) copied, 4.46401 s, 470 MB/s

real	0m4.467s
user	0m3.989s
sys	0m1.194s
2000+0 records in
2000+0 records out
2097152000 bytes (2.1 GB) copied, 4.03795 s, 519 MB/s
0dd74775419ada42017a0fdf21eccf94  -

real	0m4.041s
user	0m3.660s
sys	0m0.994s
2000+0 records in
2000+0 records out
0dd74775419ada42017a0fdf21eccf94  -
2097152000 bytes (2.1 GB) copied, 4.06605 s, 516 MB/s

real	0m4.068s
user	0m3.648s
sys	0m0.950s
2000+0 records in
2000+0 records out
0dd74775419ada42017a0fdf21eccf94  -
2097152000 bytes (2.1 GB) copied, 4.09208 s, 512 MB/s

real	0m4.095s
user	0m3.725s
sys	0m0.959s
2000+0 records in
2000+0 records out
0dd74775419ada42017a0fdf21eccf94  -
2097152000 bytes (2.1 GB) copied, 4.15931 s, 504 MB/s

real	0m4.162s
user	0m3.767s
sys	0m0.997s
2000+0 records in
2000+0 records out
0dd74775419ada42017a0fdf21eccf94  -
2097152000 bytes (2.1 GB) copied, 4.04052 s, 519 MB/s

real	0m4.043s
user	0m3.647s
sys	0m0.974s
2000+0 records in
2000+0 records out
2097152000 bytes (2.1 GB) copied, 3.98543 s, 526 MB/s
0dd74775419ada42017a0fdf21eccf94  -

real	0m3.988s
user	0m3.633s
sys	0m0.962s
2000+0 records in
2000+0 records out
0dd74775419ada42017a0fdf21eccf94  -
2097152000 bytes (2.1 GB) copied, 4.08061 s, 514 MB/s

real	0m4.083s
user	0m3.661s
sys	0m0.988s
2000+0 records in
2000+0 records out
2097152000 bytes (2.1 GB) copied0dd74775419ada42017a0fdf21eccf94  -
, 4.09538 s, 512 MB/s

real	0m4.098s
user	0m3.720s
sys	0m0.977s
2000+0 records in
2000+0 records out
0dd74775419ada42017a0fdf21eccf94  -
2097152000 bytes (2.1 GB) copied, 4.03162 s, 520 MB/s

real	0m4.034s
user	0m3.668s
sys	0m0.950s
2000+0 records in
2000+0 records out
0dd74775419ada42017a0fdf21eccf94  -
2097152000 bytes (2.1 GB) copied, 4.10782 s, 511 MB/s

real	0m4.110s
user	0m3.705s
sys	0m0.970s
2000+0 records in
2000+0 records out
2097152000 bytes (2.1 GB) copied, 3.9917 s, 525 MB/s
0dd74775419ada42017a0fdf21eccf94  -

real	0m3.994s
user	0m3.646s
sys	0m0.956s
2000+0 records in
2000+0 records out
0dd74775419ada42017a0fdf21eccf94  -
2097152000 bytes (2.1 GB) copied, 4.08601 s, 513 MB/s

real	0m4.088s
user	0m3.673s
sys	0m0.982s
2000+0 records in
2000+0 records out
0dd74775419ada42017a0fdf21eccf94  -
2097152000 bytes (2.1 GB) copied, 4.55548 s, 460 MB/s

real	0m4.558s
user	0m3.855s
sys	0m1.160s
2000+0 records in
2000+0 records out
0dd74775419ada42017a0fdf21eccf94  -
2097152000 bytes (2.1 GB) copied, 4.18185 s, 501 MB/s

real	0m4.185s
user	0m3.692s
sys	0m1.098s
2000+0 records in
2000+0 records out
0dd74775419ada42017a0fdf21eccf94  -
2097152000 bytes (2.1 GB) copied, 4.15587 s, 505 MB/s

real	0m4.159s
user	0m3.737s
sys	0m1.059s
2000+0 records in
2000+0 records out
2097152000 bytes (2.1 GB) copied, 3.98727 s, 526 MB/s
0dd74775419ada42017a0fdf21eccf94  -

real	0m3.990s
user	0m3.672s
sys	0m0.939s
2000+0 records in
2000+0 records out
0dd74775419ada42017a0fdf21eccf94  -
2097152000 bytes (2.1 GB) copied, 4.12893 s, 508 MB/s

real	0m4.131s
user	0m3.737s
sys	0m0.982s
2000+0 records in
2000+0 records out
0dd74775419ada42017a0fdf21eccf94  -
2097152000 bytes (2.1 GB) copied, 4.38126 s, 479 MB/s

real	0m4.384s
user	0m3.927s
sys	0m1.153s
2000+0 records in
2000+0 records out
0dd74775419ada42017a0fdf21eccf94  -
2097152000 bytes (2.1 GB) copied, 4.0641 s, 516 MB/s

real	0m4.067s
user	0m3.675s
sys	0m0.982s
2000+0 records in
2000+0 records out
0dd74775419ada42017a0fdf21eccf94  -
2097152000 bytes (2.1 GB) copied, 4.16193 s, 504 MB/s

real	0m4.164s
user	0m3.685s
sys	0m0.963s
2000+0 records in
2000+0 records out
2097152000 bytes (2.1 GB) copied, 4.00665 s, 523 MB/s
0dd74775419ada42017a0fdf21eccf94  -

real	0m4.009s
user	0m3.637s
sys	0m0.958s
2000+0 records in
2000+0 records out
0dd74775419ada42017a0fdf21eccf94  -
2097152000 bytes (2.1 GB) copied, 5.10596 s, 411 MB/s

real	0m5.109s
user	0m3.902s
sys	0m1.392s
2000+0 records in
2000+0 records out
0dd74775419ada42017a0fdf21eccf94  -
2097152000 bytes (2.1 GB) copied, 4.06258 s, 516 MB/s

real	0m4.065s
user	0m3.676s
sys	0m0.977s
2000+0 records in
2000+0 records out
2097152000 bytes (2.1 GB) copied0dd74775419ada42017a0fdf21eccf94  -
, 4.0015 s, 524 MB/s

real	0m4.004s
user	0m3.623s
sys	0m0.955s
2000+0 records in
2000+0 records out
0dd74775419ada42017a0fdf21eccf94  -
2097152000 bytes (2.1 GB) copied, 4.1063 s, 511 MB/s

real	0m4.109s
user	0m3.730s
sys	0m0.986s
2000+0 records in
2000+0 records out
2097152000 bytes (2.1 GB) copied, 4.43739 s, 473 MB/s
0dd74775419ada42017a0fdf21eccf94  -

real	0m4.440s
user	0m3.966s
sys	0m1.203s
2000+0 records in
2000+0 records out
0dd74775419ada42017a0fdf21eccf94  -
2097152000 bytes (2.1 GB) copied, 5.22522 s, 401 MB/s

real	0m5.227s
user	0m3.883s
sys	0m1.192s
2000+0 records in
2000+0 records out
2097152000 bytes (2.1 GB) copied0dd74775419ada42017a0fdf21eccf94  -
, 4.01269 s, 523 MB/s

real	0m4.016s
user	0m3.638s
sys	0m0.962s
2000+0 records in
2000+0 records out
0dd74775419ada42017a0fdf21eccf94  -
2097152000 bytes (2.1 GB) copied, 5.26036 s, 399 MB/s

real	0m5.263s
user	0m3.715s
sys	0m1.117s
2000+0 records in
2000+0 records out
0dd74775419ada42017a0fdf21eccf94  -
2097152000 bytes (2.1 GB) copied, 7.67384 s, 273 MB/s

real	0m7.677s
user	0m3.704s
sys	0m0.984s
2000+0 records in
2000+0 records out
2097152000 bytes (2.1 GB) copied, 5.82841 s, 360 MB/s
0dd74775419ada42017a0fdf21eccf94  -

real	0m5.831s
user	0m3.657s
sys	0m1.004s
2000+0 records in
2000+0 records out
0dd74775419ada42017a0fdf21eccf94  -
2097152000 bytes (2.1 GB) copied, 8.58891 s, 244 MB/s

real	0m8.591s
user	0m3.692s
sys	0m1.026s
2000+0 records in
2000+0 records out
0dd74775419ada42017a0fdf21eccf94  -
2097152000 bytes (2.1 GB) copied, 9.29316 s, 226 MB/s

real	0m9.296s
user	0m3.732s
sys	0m0.993s
2000+0 records in
2000+0 records out
0dd74775419ada42017a0fdf21eccf94  -
2097152000 bytes (2.1 GB) copied, 4.08509 s, 513 MB/s

real	0m4.088s
user	0m3.685s
sys	0m0.965s
2000+0 records in
2000+0 records out
0dd74775419ada42017a0fdf21eccf94  -
2097152000 bytes (2.1 GB) copied, 4.18564 s, 501 MB/s

real	0m4.188s
user	0m3.729s
sys	0m0.948s
2000+0 records in
2000+0 records out
2097152000 bytes (2.1 GB) copied, 4.04198 s, 519 MB/s
0dd74775419ada42017a0fdf21eccf94  -

real	0m4.045s
user	0m3.687s
sys	0m0.984s
2000+0 records in
2000+0 records out
0dd74775419ada42017a0fdf21eccf94  -
2097152000 bytes (2.1 GB) copied, 4.47657 s, 468 MB/s

real	0m4.479s
user	0m3.627s
sys	0m0.981s
2000+0 records in
2000+0 records out
0dd74775419ada42017a0fdf21eccf94  -
2097152000 bytes (2.1 GB) copied, 4.10446 s, 511 MB/s

real	0m4.107s
user	0m3.731s
sys	0m0.965s
2000+0 records in
2000+0 records out
0dd74775419ada42017a0fdf21eccf94  -
2097152000 bytes (2.1 GB) copied, 4.40273 s, 476 MB/s

real	0m4.405s
user	0m3.920s
sys	0m1.144s
2000+0 records in
2000+0 records out
0dd74775419ada42017a0fdf21eccf94  -
2097152000 bytes (2.1 GB) copied, 4.15956 s, 504 MB/s

real	0m4.162s
user	0m3.753s
sys	0m0.996s
2000+0 records in
2000+0 records out
2097152000 bytes (2.1 GB) copied, 4.99036 s, 420 MB/s
0dd74775419ada42017a0fdf21eccf94  -

real	0m4.993s
user	0m3.661s
sys	0m0.996s
2000+0 records in
2000+0 records out
0dd74775419ada42017a0fdf21eccf94  -
2097152000 bytes (2.1 GB) copied, 4.24363 s, 494 MB/s

real	0m4.246s
user	0m3.856s
sys	0m1.013s
2000+0 records in
2000+0 records out
0dd74775419ada42017a0fdf21eccf94  -
2097152000 bytes (2.1 GB) copied, 4.08684 s, 513 MB/s

real	0m4.089s
user	0m3.662s
sys	0m0.970s
2000+0 records in
2000+0 records out
0dd74775419ada42017a0fdf21eccf94  -
2097152000 bytes (2.1 GB) copied, 4.09543 s, 512 MB/s

real	0m4.098s
user	0m3.670s
sys	0m0.982s
2000+0 records in
2000+0 records out
0dd74775419ada42017a0fdf21eccf94  -
2097152000 bytes (2.1 GB) copied, 4.28888 s, 489 MB/s

real	0m4.292s
user	0m3.821s
sys	0m1.126s
2000+0 records in
2000+0 records out
2097152000 bytes (2.1 GB) copied, 4.08838 s, 513 MB/s
0dd74775419ada42017a0fdf21eccf94  -

real	0m4.091s
user	0m3.687s
sys	0m0.972s
2000+0 records in
2000+0 records out
0dd74775419ada42017a0fdf21eccf94  -
2097152000 bytes (2.1 GB) copied, 4.03505 s, 520 MB/s

real	0m4.037s
user	0m3.680s
sys	0m0.953s
2000+0 records in
2000+0 records out
0dd74775419ada42017a0fdf21eccf94  -
2097152000 bytes (2.1 GB) copied, 4.2584 s, 492 MB/s

real	0m4.261s
user	0m3.787s
sys	0m1.081s
2000+0 records in
2000+0 records out
0dd74775419ada42017a0fdf21eccf94  -
2097152000 bytes (2.1 GB) copied, 4.44827 s, 471 MB/s

real	0m4.451s
user	0m3.926s
sys	0m1.198s
2000+0 records in
2000+0 records out
0dd74775419ada42017a0fdf21eccf94  -
2097152000 bytes (2.1 GB) copied, 4.04908 s, 518 MB/s

real	0m4.052s
user	0m3.713s
sys	0m0.940s
2000+0 records in
2000+0 records out
2097152000 bytes (2.1 GB) copied, 3.95167 s, 531 MB/s
0dd74775419ada42017a0fdf21eccf94  -

real	0m3.954s
user	0m3.612s
sys	0m0.957s
2000+0 records in
2000+0 records out
0dd74775419ada42017a0fdf21eccf94  -
2097152000 bytes (2.1 GB) copied, 4.06798 s, 516 MB/s

real	0m4.070s
user	0m3.670s
sys	0m0.964s
2000+0 records in
2000+0 records out
0dd74775419ada42017a0fdf21eccf94  -
2097152000 bytes (2.1 GB) copied, 4.09774 s, 512 MB/s

real	0m4.100s
user	0m3.716s
sys	0m0.979s
2000+0 records in
2000+0 records out
0dd74775419ada42017a0fdf21eccf94  -
2097152000 bytes (2.1 GB) copied, 4.11224 s, 510 MB/s

real	0m4.115s
user	0m3.732s
sys	0m0.951s
2000+0 records in
2000+0 records out
0dd74775419ada42017a0fdf21eccf94  -
2097152000 bytes (2.1 GB) copied, 4.37461 s, 479 MB/s

real	0m4.377s
user	0m3.939s
sys	0m1.121s
2000+0 records in
2000+0 records out
2097152000 bytes (2.1 GB) copied, 3.99519 s, 525 MB/s
0dd74775419ada42017a0fdf21eccf94  -

real	0m3.998s
user	0m3.648s
sys	0m0.962s
2000+0 records in
2000+0 records out
0dd74775419ada42017a0fdf21eccf94  -
2097152000 bytes (2.1 GB) copied, 4.39769 s, 477 MB/s

real	0m4.400s
user	0m3.920s
sys	0m1.166s
2000+0 records in
2000+0 records out
0dd74775419ada42017a0fdf21eccf94  -
2097152000 bytes (2.1 GB) copied, 4.37113 s, 480 MB/s

real	0m4.374s
user	0m3.904s
sys	0m1.154s
2000+0 records in
2000+0 records out
0dd74775419ada42017a0fdf21eccf94  -
2097152000 bytes (2.1 GB) copied, 4.43021 s, 473 MB/s

real	0m4.433s
user	0m3.918s
sys	0m1.191s
2000+0 records in
2000+0 records out
0dd74775419ada42017a0fdf21eccf94  -
2097152000 bytes (2.1 GB) copied, 4.05621 s, 517 MB/s

real	0m4.059s
user	0m3.692s
sys	0m0.962s
2000+0 records in
2000+0 records out
2097152000 bytes (2.1 GB) copied, 4.14619 s, 506 MB/s
0dd74775419ada42017a0fdf21eccf94  -

real	0m4.149s
user	0m3.803s
sys	0m1.006s
2000+0 records in
2000+0 records out
0dd74775419ada42017a0fdf21eccf94  -
2097152000 bytes (2.1 GB) copied, 4.30698 s, 487 MB/s

real	0m4.310s
user	0m3.792s
sys	0m1.128s
2000+0 records in
2000+0 records out
0dd74775419ada42017a0fdf21eccf94  -
2097152000 bytes (2.1 GB) copied, 4.12887 s, 508 MB/s

real	0m4.132s
user	0m3.719s
sys	0m1.020s
2000+0 records in
2000+0 records out
0dd74775419ada42017a0fdf21eccf94  -
2097152000 bytes (2.1 GB) copied, 4.33426 s, 484 MB/s

real	0m4.337s
user	0m3.860s
sys	0m1.165s
2000+0 records in
2000+0 records out
0dd74775419ada42017a0fdf21eccf94  -
2097152000 bytes (2.1 GB) copied, 4.03628 s, 520 MB/s

real	0m4.039s
user	0m3.626s
sys	0m0.986s
2000+0 records in
2000+0 records out
0dd74775419ada42017a0fdf21eccf94  -
2097152000 bytes (2.1 GB) copied, 4.13379 s, 507 MB/s

real	0m4.136s
user	0m3.735s
sys	0m1.059s
2000+0 records in
2000+0 records out
0dd74775419ada42017a0fdf21eccf94  -
2097152000 bytes (2.1 GB) copied, 4.06117 s, 516 MB/s

real	0m4.064s
user	0m3.643s
sys	0m0.994s
2000+0 records in
2000+0 records out
0dd74775419ada42017a0fdf21eccf94  -
2097152000 bytes (2.1 GB) copied, 4.26868 s, 491 MB/s

real	0m4.271s
user	0m3.670s
sys	0m1.002s
2000+0 records in
2000+0 records out
0dd74775419ada42017a0fdf21eccf94  -
2097152000 bytes (2.1 GB) copied, 4.07123 s, 515 MB/s

real	0m4.074s
user	0m3.637s
sys	0m0.989s
2000+0 records in
2000+0 records out
0dd74775419ada42017a0fdf21eccf94  -
2097152000 bytes (2.1 GB) copied, 4.2806 s, 490 MB/s

real	0m4.283s
user	0m3.863s
sys	0m1.103s
2000+0 records in
2000+0 records out
2097152000 bytes (2.1 GB) copied, 3.90162 s, 538 MB/s
0dd74775419ada42017a0fdf21eccf94  -

real	0m3.904s
user	0m3.580s
sys	0m0.931s
2000+0 records in
2000+0 records out
0dd74775419ada42017a0fdf21eccf94  -
2097152000 bytes (2.1 GB) copied, 4.21954 s, 497 MB/s

real	0m4.222s
user	0m3.760s
sys	0m0.940s
2000+0 records in
2000+0 records out
0dd74775419ada42017a0fdf21eccf94  -
2097152000 bytes (2.1 GB) copied, 4.07206 s, 515 MB/s

real	0m4.075s
user	0m3.717s
sys	0m0.986s
2000+0 records in
2000+0 records out
0dd74775419ada42017a0fdf21eccf94  -
2097152000 bytes (2.1 GB) copied, 4.15613 s, 505 MB/s

real	0m4.159s
user	0m3.679s
sys	0m0.969s
2000+0 records in
2000+0 records out
0dd74775419ada42017a0fdf21eccf94  -
2097152000 bytes (2.1 GB) copied, 4.2449 s, 494 MB/s

real	0m4.248s
user	0m3.775s
sys	0m1.103s
2000+0 records in
2000+0 records out
2097152000 bytes (2.1 GB) copied, 4.02498 s, 521 MB/s
0dd74775419ada42017a0fdf21eccf94  -

real	0m4.028s
user	0m3.685s
sys	0m0.962s
2000+0 records in
2000+0 records out
0dd74775419ada42017a0fdf21eccf94  -
2097152000 bytes (2.1 GB) copied, 4.11129 s, 510 MB/s

real	0m4.114s
user	0m3.751s
sys	0m0.953s
2000+0 records in
2000+0 records out
0dd74775419ada42017a0fdf21eccf94  -
2097152000 bytes (2.1 GB) copied, 4.05859 s, 517 MB/s

real	0m4.061s
user	0m3.656s
sys	0m1.014s
2000+0 records in
2000+0 records out
0dd74775419ada42017a0fdf21eccf94  -
2097152000 bytes (2.1 GB) copied, 4.1314 s, 508 MB/s

real	0m4.134s
user	0m3.714s
sys	0m0.972s
2000+0 records in
2000+0 records out
0dd74775419ada42017a0fdf21eccf94  -
2097152000 bytes (2.1 GB) copied, 4.09058 s, 513 MB/s

real	0m4.093s
user	0m3.661s
sys	0m0.980s
2000+0 records in
2000+0 records out
0dd74775419ada42017a0fdf21eccf94  -
2097152000 bytes (2.1 GB) copied, 4.0357 s, 520 MB/s

real	0m4.038s
user	0m3.682s
sys	0m0.962s
2000+0 records in
2000+0 records out
0dd74775419ada42017a0fdf21eccf94  -
2097152000 bytes (2.1 GB) copied, 4.57028 s, 459 MB/s

real	0m4.573s
user	0m3.965s
sys	0m1.298s
2000+0 records in
2000+0 records out
0dd74775419ada42017a0fdf21eccf94  -
2097152000 bytes (2.1 GB) copied, 4.09574 s, 512 MB/s

real	0m4.099s
user	0m3.695s
sys	0m1.001s
2000+0 records in
2000+0 records out
0dd74775419ada42017a0fdf21eccf94  -
2097152000 bytes (2.1 GB) copied, 4.3954 s, 477 MB/s

real	0m4.398s
user	0m3.959s
sys	0m1.123s
2000+0 records in
2000+0 records out
0dd74775419ada42017a0fdf21eccf94  -
2097152000 bytes (2.1 GB) copied, 4.16247 s, 504 MB/s

real	0m4.165s
user	0m3.746s
sys	0m1.026s
2000+0 records in
2000+0 records out
2097152000 bytes (2.1 GB) copied, 4.02519 s, 521 MB/s
0dd74775419ada42017a0fdf21eccf94  -

real	0m4.032s
user	0m3.646s
sys	0m0.968s
2000+0 records in
2000+0 records out
0dd74775419ada42017a0fdf21eccf94  -
2097152000 bytes (2.1 GB) copied, 4.42066 s, 474 MB/s

real	0m4.423s
user	0m3.927s
sys	0m1.158s
2000+0 records in
2000+0 records out
0dd74775419ada42017a0fdf21eccf94  -
2097152000 bytes (2.1 GB) copied, 4.55756 s, 460 MB/s

real	0m4.561s
user	0m3.979s
sys	0m1.192s
2000+0 records in
2000+0 records out
0dd74775419ada42017a0fdf21eccf94  -
2097152000 bytes (2.1 GB) copied, 4.44635 s, 472 MB/s

real	0m4.449s
user	0m3.959s
sys	0m1.164s
2000+0 records in
2000+0 records out
0dd74775419ada42017a0fdf21eccf94  -
2097152000 bytes (2.1 GB) copied, 4.38242 s, 479 MB/s

real	0m4.385s
user	0m3.911s
sys	0m1.114s
2000+0 records in
2000+0 records out
0dd74775419ada42017a0fdf21eccf94  -
2097152000 bytes (2.1 GB) copied, 4.2503 s, 493 MB/s

real	0m4.253s
user	0m3.841s
sys	0m1.113s
2000+0 records in
2000+0 records out
0dd74775419ada42017a0fdf21eccf94  -
2097152000 bytes (2.1 GB) copied, 4.12817 s, 508 MB/s

real	0m4.131s
user	0m3.728s
sys	0m1.006s
2000+0 records in
2000+0 records out
0dd74775419ada42017a0fdf21eccf94  -
2097152000 bytes (2.1 GB) copied, 4.11896 s, 509 MB/s

real	0m4.122s
user	0m3.689s
sys	0m0.957s
2000+0 records in
2000+0 records out
0dd74775419ada42017a0fdf21eccf94  -
2097152000 bytes (2.1 GB) copied, 4.15747 s, 504 MB/s

real	0m4.160s
user	0m3.748s
sys	0m1.032s
2000+0 records in
2000+0 records out
0dd74775419ada42017a0fdf21eccf94  -
2097152000 bytes (2.1 GB) copied, 4.45304 s, 471 MB/s

real	0m4.456s
user	0m4.009s
sys	0m1.154s
2000+0 records in
2000+0 records out
2097152000 bytes (2.1 GB) copied, 4.39126 s, 478 MB/s
0dd74775419ada42017a0fdf21eccf94  -

real	0m4.394s
user	0m3.907s
sys	0m1.186s
2000+0 records in
2000+0 records out
0dd74775419ada42017a0fdf21eccf94  -
2097152000 bytes (2.1 GB) copied, 4.08866 s, 513 MB/s

real	0m4.091s
user	0m3.699s
sys	0m0.981s
2000+0 records in
2000+0 records out
0dd74775419ada42017a0fdf21eccf94  -
2097152000 bytes (2.1 GB) copied, 4.13128 s, 508 MB/s

real	0m4.134s
user	0m3.731s
sys	0m1.019s
2000+0 records in
2000+0 records out
0dd74775419ada42017a0fdf21eccf94  -
2097152000 bytes (2.1 GB) copied, 4.55404 s, 461 MB/s

real	0m4.557s
user	0m3.756s
sys	0m1.419s
2000+0 records in
2000+0 records out
0dd74775419ada42017a0fdf21eccf94  -
2097152000 bytes (2.1 GB) copied, 4.2534 s, 493 MB/s

real	0m4.256s
user	0m3.844s
sys	0m1.063s
2000+0 records in
2000+0 records out
2097152000 bytes (2.1 GB) copied, 4.1194 s, 509 MB/s
0dd74775419ada42017a0fdf21eccf94  -

real	0m4.122s
user	0m3.732s
sys	0m0.998s
2000+0 records in
2000+0 records out
0dd74775419ada42017a0fdf21eccf94  -
2097152000 bytes (2.1 GB) copied, 4.16102 s, 504 MB/s

real	0m4.163s
user	0m3.733s
sys	0m1.028s
2000+0 records in
2000+0 records out
0dd74775419ada42017a0fdf21eccf94  -
2097152000 bytes (2.1 GB) copied, 4.52268 s, 464 MB/s

real	0m4.525s
user	0m3.888s
sys	0m1.296s
2000+0 records in
2000+0 records out
0dd74775419ada42017a0fdf21eccf94  -
2097152000 bytes (2.1 GB) copied, 4.08737 s, 513 MB/s

real	0m4.090s
user	0m3.714s
sys	0m0.977s
2000+0 records in
2000+0 records out
0dd74775419ada42017a0fdf21eccf94  -
2097152000 bytes (2.1 GB) copied, 4.34902 s, 482 MB/s

real	0m4.352s
user	0m3.803s
sys	0m1.175s
2000+0 records in
2000+0 records out
2097152000 bytes (2.1 GB) copied0dd74775419ada42017a0fdf21eccf94  -
, 4.40327 s, 476 MB/s

real	0m4.406s
user	0m3.746s
sys	0m1.341s
2000+0 records in
2000+0 records out
0dd74775419ada42017a0fdf21eccf94  -
2097152000 bytes (2.1 GB) copied, 4.20333 s, 499 MB/s

real	0m4.206s
user	0m3.767s
sys	0m0.990s
2000+0 records in
2000+0 records out
0dd74775419ada42017a0fdf21eccf94  -
2097152000 bytes (2.1 GB) copied, 4.20132 s, 499 MB/s

real	0m4.204s
user	0m3.800s
sys	0m1.061s
2000+0 records in
2000+0 records out
0dd74775419ada42017a0fdf21eccf94  -
2097152000 bytes (2.1 GB) copied, 4.4562 s, 471 MB/s

real	0m4.459s
user	0m3.761s
sys	0m1.359s
2000+0 records in
2000+0 records out
0dd74775419ada42017a0fdf21eccf94  -
2097152000 bytes (2.1 GB) copied, 4.04898 s, 518 MB/s

real	0m4.052s
user	0m3.627s
sys	0m0.993s
2000+0 records in
2000+0 records out
2097152000 bytes (2.1 GB) copied, 4.33931 s, 483 MB/s
0dd74775419ada42017a0fdf21eccf94  -

real	0m4.357s
user	0m3.888s
sys	0m1.159s
2000+0 records in
2000+0 records out
0dd74775419ada42017a0fdf21eccf94  -
2097152000 bytes (2.1 GB) copied, 4.48567 s, 468 MB/s

real	0m4.489s
user	0m3.987s
sys	0m1.196s
2000+0 records in
2000+0 records out
0dd74775419ada42017a0fdf21eccf94  -
2097152000 bytes (2.1 GB) copied, 4.18397 s, 501 MB/s

real	0m4.187s
user	0m3.742s
sys	0m1.015s
2000+0 records in
2000+0 records out
0dd74775419ada42017a0fdf21eccf94  -
2097152000 bytes (2.1 GB) copied, 4.37282 s, 480 MB/s

real	0m4.376s
user	0m3.671s
sys	0m0.991s
2000+0 records in
2000+0 records out
0dd74775419ada42017a0fdf21eccf94  -
2097152000 bytes (2.1 GB) copied, 4.10823 s, 510 MB/s

real	0m4.111s
user	0m3.728s
sys	0m0.974s
2000+0 records in
2000+0 records out
2097152000 bytes (2.1 GB) copied, 4.04985 s, 518 MB/s
0dd74775419ada42017a0fdf21eccf94  -

real	0m4.053s
user	0m3.670s
sys	0m1.048s
2000+0 records in
2000+0 records out
0dd74775419ada42017a0fdf21eccf94  -
2097152000 bytes (2.1 GB) copied, 4.50314 s, 466 MB/s

real	0m4.506s
user	0m3.808s
sys	0m1.314s
2000+0 records in
2000+0 records out
0dd74775419ada42017a0fdf21eccf94  -
2097152000 bytes (2.1 GB) copied, 4.03863 s, 519 MB/s

real	0m4.041s
user	0m3.635s
sys	0m0.987s
2000+0 records in
2000+0 records out
0dd74775419ada42017a0fdf21eccf94  -
2097152000 bytes (2.1 GB) copied, 4.50656 s, 465 MB/s

real	0m4.509s
user	0m3.833s
sys	0m1.338s
2000+0 records in
2000+0 records out
0dd74775419ada42017a0fdf21eccf94  -
2097152000 bytes (2.1 GB) copied, 4.18727 s, 501 MB/s

real	0m4.190s
user	0m3.704s
sys	0m0.976s
2000+0 records in
2000+0 records out
2097152000 bytes (2.1 GB) copied, 4.05791 s, 517 MB/s
0dd74775419ada42017a0fdf21eccf94  -

real	0m4.061s
user	0m3.682s
sys	0m0.966s
2000+0 records in
2000+0 records out
0dd74775419ada42017a0fdf21eccf94  -
2097152000 bytes (2.1 GB) copied, 4.30081 s, 488 MB/s

real	0m4.303s
user	0m3.841s
sys	0m1.121s
2000+0 records in
2000+0 records out
0dd74775419ada42017a0fdf21eccf94  -
2097152000 bytes (2.1 GB) copied, 4.11084 s, 510 MB/s

real	0m4.113s
user	0m3.692s
sys	0m0.996s
2000+0 records in
2000+0 records out
0dd74775419ada42017a0fdf21eccf94  -
2097152000 bytes (2.1 GB) copied, 4.69225 s, 447 MB/s

real	0m4.695s
user	0m3.811s
sys	0m1.046s
2000+0 records in
2000+0 records out
0dd74775419ada42017a0fdf21eccf94  -
2097152000 bytes (2.1 GB) copied, 4.42875 s, 474 MB/s

real	0m4.432s
user	0m3.886s
sys	0m1.186s
2000+0 records in
2000+0 records out
2097152000 bytes (2.1 GB) copied, 4.06237 s, 516 MB/s
0dd74775419ada42017a0fdf21eccf94  -

real	0m4.065s
user	0m3.671s
sys	0m0.992s
2000+0 records in
2000+0 records out
0dd74775419ada42017a0fdf21eccf94  -
2097152000 bytes (2.1 GB) copied, 4.13295 s, 507 MB/s

real	0m4.135s
user	0m3.729s
sys	0m0.975s
2000+0 records in
2000+0 records out
2097152000 bytes (2.1 GB) copied0dd74775419ada42017a0fdf21eccf94  -
, 4.06737 s, 516 MB/s

real	0m4.070s
user	0m3.633s
sys	0m0.986s
2000+0 records in
2000+0 records out
0dd74775419ada42017a0fdf21eccf94  -
2097152000 bytes (2.1 GB) copied, 4.15251 s, 505 MB/s

real	0m4.155s
user	0m3.736s
sys	0m1.005s
2000+0 records in
2000+0 records out
0dd74775419ada42017a0fdf21eccf94  -
2097152000 bytes (2.1 GB) copied, 4.40115 s, 477 MB/s

real	0m4.404s
user	0m3.942s
sys	0m1.138s
2000+0 records in
2000+0 records out
2097152000 bytes (2.1 GB) copied, 4.1212 s, 509 MB/s
0dd74775419ada42017a0fdf21eccf94  -

real	0m4.124s
user	0m3.724s
sys	0m1.062s
2000+0 records in
2000+0 records out
0dd74775419ada42017a0fdf21eccf94  -
2097152000 bytes (2.1 GB) copied, 4.34547 s, 483 MB/s

real	0m4.348s
user	0m3.783s
sys	0m1.168s
2000+0 records in
2000+0 records out
0dd74775419ada42017a0fdf21eccf94  -
2097152000 bytes (2.1 GB) copied, 4.18018 s, 502 MB/s

real	0m4.185s
user	0m3.695s
sys	0m0.943s
2000+0 records in
2000+0 records out
0dd74775419ada42017a0fdf21eccf94  -
2097152000 bytes (2.1 GB) copied, 4.3223 s, 485 MB/s

real	0m4.325s
user	0m3.803s
sys	0m1.116s
2000+0 records in
2000+0 records out
0dd74775419ada42017a0fdf21eccf94  -
2097152000 bytes (2.1 GB) copied, 4.4584 s, 470 MB/s

real	0m4.461s
user	0m3.766s
sys	0m1.360s
2000+0 records in
2000+0 records out
0dd74775419ada42017a0fdf21eccf94  -
2097152000 bytes (2.1 GB) copied, 4.19214 s, 500 MB/s

real	0m4.195s
user	0m3.615s
sys	0m1.023s
2000+0 records in
2000+0 records out
0dd74775419ada42017a0fdf21eccf94  -
2097152000 bytes (2.1 GB) copied, 4.06818 s, 516 MB/s

real	0m4.071s
user	0m3.661s
sys	0m0.975s
2000+0 records in
2000+0 records out
0dd74775419ada42017a0fdf21eccf94  -
2097152000 bytes (2.1 GB) copied, 4.32153 s, 485 MB/s

real	0m4.324s
user	0m3.854s
sys	0m1.150s
2000+0 records in
2000+0 records out
0dd74775419ada42017a0fdf21eccf94  -
2097152000 bytes (2.1 GB) copied, 4.18239 s, 501 MB/s

real	0m4.185s
user	0m3.732s
sys	0m1.041s
2000+0 records in
2000+0 records out
0dd74775419ada42017a0fdf21eccf94  -
2097152000 bytes (2.1 GB) copied, 4.40285 s, 476 MB/s

real	0m4.406s
user	0m3.852s
sys	0m1.177s
2000+0 records in
2000+0 records out
2097152000 bytes (2.1 GB) copied, 4.30623 s, 487 MB/s
0dd74775419ada42017a0fdf21eccf94  -

real	0m4.309s
user	0m3.876s
sys	0m1.139s
2000+0 records in
2000+0 records out
0dd74775419ada42017a0fdf21eccf94  -
2097152000 bytes (2.1 GB) copied, 4.1074 s, 511 MB/s

real	0m4.110s
user	0m3.659s
sys	0m0.959s
2000+0 records in
2000+0 records out
0dd74775419ada42017a0fdf21eccf94  -
2097152000 bytes (2.1 GB) copied, 4.0532 s, 517 MB/s

real	0m4.056s
user	0m3.688s
sys	0m0.933s
2000+0 records in
2000+0 records out
0dd74775419ada42017a0fdf21eccf94  -
2097152000 bytes (2.1 GB) copied, 4.1069 s, 511 MB/s

real	0m4.110s
user	0m3.707s
sys	0m1.021s
2000+0 records in
2000+0 records out
0dd74775419ada42017a0fdf21eccf94  -
2097152000 bytes (2.1 GB) copied, 4.16334 s, 504 MB/s

real	0m4.166s
user	0m3.733s
sys	0m1.000s
2000+0 records in
2000+0 records out
2097152000 bytes (2.1 GB) copied0dd74775419ada42017a0fdf21eccf94  -
, 4.41549 s, 475 MB/s

real	0m4.418s
user	0m4.002s
sys	0m1.146s
2000+0 records in
2000+0 records out
0dd74775419ada42017a0fdf21eccf94  -
2097152000 bytes (2.1 GB) copied, 4.45067 s, 471 MB/s

real	0m4.453s
user	0m3.957s
sys	0m1.178s
2000+0 records in
2000+0 records out
0dd74775419ada42017a0fdf21eccf94  -
2097152000 bytes (2.1 GB) copied, 4.13356 s, 507 MB/s

real	0m4.136s
user	0m3.690s
sys	0m0.990s
2000+0 records in
2000+0 records out
0dd74775419ada42017a0fdf21eccf94  -
2097152000 bytes (2.1 GB) copied, 4.10027 s, 511 MB/s

real	0m4.103s
user	0m3.663s
sys	0m0.971s
2000+0 records in
2000+0 records out
0dd74775419ada42017a0fdf21eccf94  -
2097152000 bytes (2.1 GB) copied, 4.05098 s, 518 MB/s

real	0m4.054s
user	0m3.632s
sys	0m0.982s
2000+0 records in
2000+0 records out
2097152000 bytes (2.1 GB) copied, 4.0259 s, 521 MB/s
0dd74775419ada42017a0fdf21eccf94  -

real	0m4.031s
user	0m3.671s
sys	0m0.962s
2000+0 records in
2000+0 records out
0dd74775419ada42017a0fdf21eccf94  -
2097152000 bytes (2.1 GB) copied, 4.06662 s, 516 MB/s

real	0m4.069s
user	0m3.640s
sys	0m0.982s
2000+0 records in
2000+0 records out
0dd74775419ada42017a0fdf21eccf94  -
2097152000 bytes (2.1 GB) copied, 4.01639 s, 522 MB/s

real	0m4.019s
user	0m3.620s
sys	0m0.991s
2000+0 records in
2000+0 records out
0dd74775419ada42017a0fdf21eccf94  -
2097152000 bytes (2.1 GB) copied, 4.10574 s, 511 MB/s

real	0m4.108s
user	0m3.718s
sys	0m0.969s
2000+0 records in
2000+0 records out
0dd74775419ada42017a0fdf21eccf94  -
2097152000 bytes (2.1 GB) copied, 4.12502 s, 508 MB/s

real	0m4.128s
user	0m3.693s
sys	0m0.988s
2000+0 records in
2000+0 records out
2097152000 bytes (2.1 GB) copied0dd74775419ada42017a0fdf21eccf94  -
, 4.41229 s, 475 MB/s

real	0m4.415s
user	0m3.974s
sys	0m1.173s
2000+0 records in
2000+0 records out
0dd74775419ada42017a0fdf21eccf94  -
2097152000 bytes (2.1 GB) copied, 4.4324 s, 473 MB/s

real	0m4.435s
user	0m3.897s
sys	0m1.206s
2000+0 records in
2000+0 records out
0dd74775419ada42017a0fdf21eccf94  -
2097152000 bytes (2.1 GB) copied, 4.34009 s, 483 MB/s

real	0m4.343s
user	0m3.687s
sys	0m1.005s
2000+0 records in
2000+0 records out
0dd74775419ada42017a0fdf21eccf94  -
2097152000 bytes (2.1 GB) copied, 4.17667 s, 502 MB/s

real	0m4.179s
user	0m3.771s
sys	0m1.007s
2000+0 records in
2000+0 records out
0dd74775419ada42017a0fdf21eccf94  -
2097152000 bytes (2.1 GB) copied, 4.40903 s, 476 MB/s

real	0m4.412s
user	0m3.908s
sys	0m1.198s
2000+0 records in
2000+0 records out
2097152000 bytes (2.1 GB) copied, 4.09866 s, 512 MB/s
0dd74775419ada42017a0fdf21eccf94  -

real	0m4.101s
user	0m3.745s
sys	0m1.001s
2000+0 records in
2000+0 records out
0dd74775419ada42017a0fdf21eccf94  -
2097152000 bytes (2.1 GB) copied, 4.12048 s, 509 MB/s

real	0m4.123s
user	0m3.699s
sys	0m0.966s
2000+0 records in
2000+0 records out
0dd74775419ada42017a0fdf21eccf94  -
2097152000 bytes (2.1 GB) copied, 4.07519 s, 515 MB/s

real	0m4.078s
user	0m3.666s
sys	0m0.964s
2000+0 records in
2000+0 records out
0dd74775419ada42017a0fdf21eccf94  -
2097152000 bytes (2.1 GB) copied, 4.09005 s, 513 MB/s

real	0m4.093s
user	0m3.691s
sys	0m0.993s
2000+0 records in
2000+0 records out
0dd74775419ada42017a0fdf21eccf94  -
2097152000 bytes (2.1 GB) copied, 4.115 s, 510 MB/s

real	0m4.118s
user	0m3.706s
sys	0m0.966s
2000+0 records in
2000+0 records out
0dd74775419ada42017a0fdf21eccf94  -
2097152000 bytes (2.1 GB) copied, 4.01692 s, 522 MB/s

real	0m4.019s
user	0m3.689s
sys	0m0.952s
2000+0 records in
2000+0 records out
0dd74775419ada42017a0fdf21eccf94  -
2097152000 bytes (2.1 GB) copied, 4.11682 s, 509 MB/s

real	0m4.119s
user	0m3.735s
sys	0m0.988s
2000+0 records in
2000+0 records out
0dd74775419ada42017a0fdf21eccf94  -
2097152000 bytes (2.1 GB) copied, 4.07606 s, 515 MB/s

real	0m4.079s
user	0m3.702s
sys	0m0.968s
2000+0 records in
2000+0 records out
0dd74775419ada42017a0fdf21eccf94  -
2097152000 bytes (2.1 GB) copied, 4.07215 s, 515 MB/s

real	0m4.075s
user	0m3.685s
sys	0m0.958s
2000+0 records in
2000+0 records out
0dd74775419ada42017a0fdf21eccf94  -
2097152000 bytes (2.1 GB) copied, 4.1283 s, 508 MB/s

real	0m4.131s
user	0m3.676s
sys	0m0.960s
2000+0 records in
2000+0 records out
2097152000 bytes (2.1 GB) copied, 3.93851 s, 532 MB/s
0dd74775419ada42017a0fdf21eccf94  -

real	0m3.941s
user	0m3.588s
sys	0m0.951s
