1000+0 records in
1000+0 records out
3c84e34b319946f6531a2c4559f588a8  -
1048576000 bytes (1.0 GB) copied, 2.31816 s, 452 MB/s

real	0m2.320s
user	0m1.853s
sys	0m0.504s
1000+0 records in
1000+0 records out
3c84e34b319946f6531a2c4559f588a8  -
1048576000 bytes (1.0 GB) copied, 2.31652 s, 453 MB/s

real	0m2.319s
user	0m1.992s
sys	0m0.631s
1000+0 records in
1000+0 records out
3c84e34b319946f6531a2c4559f588a8  -
1048576000 bytes (1.0 GB) copied, 2.06291 s, 508 MB/s

real	0m2.066s
user	0m1.868s
sys	0m0.472s
1000+0 records in
1000+0 records out
3c84e34b319946f6531a2c4559f588a8  -
1048576000 bytes (1.0 GB) copied, 2.17235 s, 483 MB/s

real	0m2.175s
user	0m1.899s
sys	0m0.527s
1000+0 records in
1000+0 records out
3c84e34b319946f6531a2c4559f588a8  -
1048576000 bytes (1.0 GB) copied, 2.30986 s, 454 MB/s

real	0m2.313s
user	0m1.939s
sys	0m0.676s
1000+0 records in
1000+0 records out
3c84e34b319946f6531a2c4559f588a8  -
1048576000 bytes (1.0 GB) copied, 2.28786 s, 458 MB/s

real	0m2.290s
user	0m1.987s
sys	0m0.593s
1000+0 records in
1000+0 records out
3c84e34b319946f6531a2c4559f588a8  -
1048576000 bytes (1.0 GB) copied, 2.25012 s, 466 MB/s

real	0m2.253s
user	0m1.975s
sys	0m0.584s
1000+0 records in
1000+0 records out
3c84e34b319946f6531a2c4559f588a8  -
1048576000 bytes (1.0 GB) copied, 2.30951 s, 454 MB/s

real	0m2.312s
user	0m1.986s
sys	0m0.606s
1000+0 records in
1000+0 records out
3c84e34b319946f6531a2c4559f588a8  -
1048576000 bytes (1.0 GB) copied, 2.11239 s, 496 MB/s

real	0m2.115s
user	0m1.863s
sys	0m0.485s
1000+0 records in
1000+0 records out
1048576000 bytes (1.0 GB) copied, 2.07268 s, 506 MB/s
3c84e34b319946f6531a2c4559f588a8  -

real	0m2.075s
user	0m1.866s
sys	0m0.506s
1000+0 records in
1000+0 records out
3c84e34b319946f6531a2c4559f588a8  -
1048576000 bytes (1.0 GB) copied, 2.28802 s, 458 MB/s

real	0m2.291s
user	0m1.956s
sys	0m0.599s
1000+0 records in
1000+0 records out
3c84e34b319946f6531a2c4559f588a8  -
1048576000 bytes (1.0 GB) copied, 2.27256 s, 461 MB/s

real	0m2.275s
user	0m2.002s
sys	0m0.590s
1000+0 records in
1000+0 records out
3c84e34b319946f6531a2c4559f588a8  -
1048576000 bytes (1.0 GB) copied, 2.20502 s, 476 MB/s

real	0m2.208s
user	0m1.960s
sys	0m0.559s
1000+0 records in
1000+0 records out
3c84e34b319946f6531a2c4559f588a8  -
1048576000 bytes (1.0 GB) copied, 2.28514 s, 459 MB/s

real	0m2.288s
user	0m1.913s
sys	0m0.657s
1000+0 records in
1000+0 records out
3c84e34b319946f6531a2c4559f588a8  -
1048576000 bytes (1.0 GB) copied, 2.28301 s, 459 MB/s

real	0m2.286s
user	0m1.941s
sys	0m0.674s
1000+0 records in
1000+0 records out
3c84e34b319946f6531a2c4559f588a8  -
1048576000 bytes (1.0 GB) copied, 2.27953 s, 460 MB/s

real	0m2.282s
user	0m1.971s
sys	0m0.602s
1000+0 records in
1000+0 records out
3c84e34b319946f6531a2c4559f588a8  -
1048576000 bytes (1.0 GB) copied, 2.19285 s, 478 MB/s

real	0m2.195s
user	0m1.912s
sys	0m0.525s
1000+0 records in
1000+0 records out
3c84e34b319946f6531a2c4559f588a8  -
1048576000 bytes (1.0 GB) copied, 2.3581 s, 445 MB/s

real	0m2.361s
user	0m1.950s
sys	0m0.720s
1000+0 records in
1000+0 records out
3c84e34b319946f6531a2c4559f588a8  -
1048576000 bytes (1.0 GB) copied, 2.09953 s, 499 MB/s

real	0m2.102s
user	0m1.843s
sys	0m0.503s
1000+0 records in
1000+0 records out
1048576000 bytes (1.0 GB) copied, 2.161 s, 485 MB/s
3c84e34b319946f6531a2c4559f588a8  -

real	0m2.164s
user	0m1.895s
sys	0m0.587s
1000+0 records in
1000+0 records out
3c84e34b319946f6531a2c4559f588a8  -
1048576000 bytes (1.0 GB) copied, 2.12656 s, 493 MB/s

real	0m2.129s
user	0m1.837s
sys	0m0.504s
1000+0 records in
1000+0 records out
3c84e34b319946f6531a2c4559f588a8  -
1048576000 bytes (1.0 GB) copied, 2.11033 s, 497 MB/s

real	0m2.113s
user	0m1.846s
sys	0m0.501s
1000+0 records in
1000+0 records out
3c84e34b319946f6531a2c4559f588a8  -
1048576000 bytes (1.0 GB) copied, 2.29168 s, 458 MB/s

real	0m2.294s
user	0m1.934s
sys	0m0.656s
1000+0 records in
1000+0 records out
3c84e34b319946f6531a2c4559f588a8  -
1048576000 bytes (1.0 GB) copied, 2.18396 s, 480 MB/s

real	0m2.187s
user	0m1.918s
sys	0m0.529s
1000+0 records in
1000+0 records out
1048576000 bytes (1.0 GB) copied3c84e34b319946f6531a2c4559f588a8  -
, 2.13386 s, 491 MB/s

real	0m2.137s
user	0m1.881s
sys	0m0.500s
1000+0 records in
1000+0 records out
3c84e34b319946f6531a2c4559f588a8  -
1048576000 bytes (1.0 GB) copied, 2.10831 s, 497 MB/s

real	0m2.111s
user	0m1.818s
sys	0m0.516s
1000+0 records in
1000+0 records out
3c84e34b319946f6531a2c4559f588a8  -
1048576000 bytes (1.0 GB) copied, 2.10574 s, 498 MB/s

real	0m2.108s
user	0m1.848s
sys	0m0.500s
1000+0 records in
1000+0 records out
3c84e34b319946f6531a2c4559f588a8  -
1048576000 bytes (1.0 GB) copied, 2.11292 s, 496 MB/s

real	0m2.116s
user	0m1.888s
sys	0m0.480s
1000+0 records in
1000+0 records out
3c84e34b319946f6531a2c4559f588a8  -
1048576000 bytes (1.0 GB) copied, 2.0843 s, 503 MB/s

real	0m2.087s
user	0m1.832s
sys	0m0.481s
1000+0 records in
1000+0 records out
1048576000 bytes (1.0 GB) copied, 2.08802 s, 502 MB/s
3c84e34b319946f6531a2c4559f588a8  -

real	0m2.091s
user	0m1.864s
sys	0m0.492s
1000+0 records in
1000+0 records out
3c84e34b319946f6531a2c4559f588a8  -
1048576000 bytes (1.0 GB) copied, 2.11891 s, 495 MB/s

real	0m2.121s
user	0m1.859s
sys	0m0.509s
1000+0 records in
1000+0 records out
3c84e34b319946f6531a2c4559f588a8  -
1048576000 bytes (1.0 GB) copied, 2.1232 s, 494 MB/s

real	0m2.126s
user	0m1.891s
sys	0m0.482s
1000+0 records in
1000+0 records out
3c84e34b319946f6531a2c4559f588a8  -
1048576000 bytes (1.0 GB) copied, 2.07429 s, 506 MB/s

real	0m2.077s
user	0m1.828s
sys	0m0.479s
1000+0 records in
1000+0 records out
3c84e34b319946f6531a2c4559f588a8  -
1048576000 bytes (1.0 GB) copied, 2.09462 s, 501 MB/s

real	0m2.097s
user	0m1.837s
sys	0m0.519s
1000+0 records in
1000+0 records out
3c84e34b319946f6531a2c4559f588a8  -
1048576000 bytes (1.0 GB) copied, 2.14488 s, 489 MB/s

real	0m2.148s
user	0m1.881s
sys	0m0.481s
1000+0 records in
1000+0 records out
3c84e34b319946f6531a2c4559f588a8  -
1048576000 bytes (1.0 GB) copied, 2.13162 s, 492 MB/s

real	0m2.134s
user	0m1.874s
sys	0m0.477s
1000+0 records in
1000+0 records out
3c84e34b319946f6531a2c4559f588a8  -
1048576000 bytes (1.0 GB) copied, 2.12409 s, 494 MB/s

real	0m2.127s
user	0m1.865s
sys	0m0.477s
1000+0 records in
1000+0 records out
3c84e34b319946f6531a2c4559f588a8  -
1048576000 bytes (1.0 GB) copied, 2.09617 s, 500 MB/s

real	0m2.099s
user	0m1.817s
sys	0m0.481s
1000+0 records in
1000+0 records out
3c84e34b319946f6531a2c4559f588a8  -
1048576000 bytes (1.0 GB) copied, 2.10227 s, 499 MB/s

real	0m2.105s
user	0m1.867s
sys	0m0.467s
1000+0 records in
1000+0 records out
3c84e34b319946f6531a2c4559f588a8  -
1048576000 bytes (1.0 GB) copied, 2.19316 s, 478 MB/s

real	0m2.196s
user	0m1.911s
sys	0m0.591s
1000+0 records in
1000+0 records out
3c84e34b319946f6531a2c4559f588a8  -
1048576000 bytes (1.0 GB) copied, 2.14429 s, 489 MB/s

real	0m2.147s
user	0m1.861s
sys	0m0.508s
1000+0 records in
1000+0 records out
3c84e34b319946f6531a2c4559f588a8  -
1048576000 bytes (1.0 GB) copied, 2.14562 s, 489 MB/s

real	0m2.148s
user	0m1.883s
sys	0m0.494s
1000+0 records in
1000+0 records out
3c84e34b319946f6531a2c4559f588a8  -
1048576000 bytes (1.0 GB) copied, 2.13002 s, 492 MB/s

real	0m2.133s
user	0m1.860s
sys	0m0.483s
1000+0 records in
1000+0 records out
3c84e34b319946f6531a2c4559f588a8  -
1048576000 bytes (1.0 GB) copied, 2.11278 s, 496 MB/s

real	0m2.115s
user	0m1.847s
sys	0m0.515s
1000+0 records in
1000+0 records out
3c84e34b319946f6531a2c4559f588a8  -
1048576000 bytes (1.0 GB) copied, 2.06598 s, 508 MB/s

real	0m2.069s
user	0m1.855s
sys	0m0.483s
1000+0 records in
1000+0 records out
3c84e34b319946f6531a2c4559f588a8  -
1048576000 bytes (1.0 GB) copied, 2.07186 s, 506 MB/s

real	0m2.075s
user	0m1.845s
sys	0m0.480s
1000+0 records in
1000+0 records out
3c84e34b319946f6531a2c4559f588a8  -
1048576000 bytes (1.0 GB) copied, 2.14118 s, 490 MB/s

real	0m2.144s
user	0m1.872s
sys	0m0.488s
1000+0 records in
1000+0 records out
3c84e34b319946f6531a2c4559f588a8  -
1048576000 bytes (1.0 GB) copied, 2.19617 s, 477 MB/s

real	0m2.199s
user	0m1.873s
sys	0m0.608s
1000+0 records in
1000+0 records out
3c84e34b319946f6531a2c4559f588a8  -
1048576000 bytes (1.0 GB) copied, 2.24968 s, 466 MB/s

real	0m2.253s
user	0m1.912s
sys	0m0.615s
1000+0 records in
1000+0 records out
1048576000 bytes (1.0 GB) copied, 2.07848 s, 504 MB/s
3c84e34b319946f6531a2c4559f588a8  -

real	0m2.081s
user	0m1.871s
sys	0m0.485s
1000+0 records in
1000+0 records out
3c84e34b319946f6531a2c4559f588a8  -
1048576000 bytes (1.0 GB) copied, 2.16907 s, 483 MB/s

real	0m2.171s
user	0m1.907s
sys	0m0.518s
1000+0 records in
1000+0 records out
3c84e34b319946f6531a2c4559f588a8  -
1048576000 bytes (1.0 GB) copied, 2.0986 s, 500 MB/s

real	0m2.101s
user	0m1.861s
sys	0m0.498s
1000+0 records in
1000+0 records out
3c84e34b319946f6531a2c4559f588a8  -
1048576000 bytes (1.0 GB) copied, 2.10829 s, 497 MB/s

real	0m2.111s
user	0m1.883s
sys	0m0.494s
1000+0 records in
1000+0 records out
3c84e34b319946f6531a2c4559f588a8  -
1048576000 bytes (1.0 GB) copied, 2.15108 s, 487 MB/s

real	0m2.154s
user	0m1.850s
sys	0m0.522s
1000+0 records in
1000+0 records out
1048576000 bytes (1.0 GB) copied3c84e34b319946f6531a2c4559f588a8  -
, 2.09939 s, 499 MB/s

real	0m2.102s
user	0m1.834s
sys	0m0.491s
1000+0 records in
1000+0 records out
3c84e34b319946f6531a2c4559f588a8  -
1048576000 bytes (1.0 GB) copied, 2.07961 s, 504 MB/s

real	0m2.082s
user	0m1.859s
sys	0m0.490s
1000+0 records in
1000+0 records out
3c84e34b319946f6531a2c4559f588a8  -
1048576000 bytes (1.0 GB) copied, 2.22436 s, 471 MB/s

real	0m2.227s
user	0m1.954s
sys	0m0.559s
1000+0 records in
1000+0 records out
3c84e34b319946f6531a2c4559f588a8  -
1048576000 bytes (1.0 GB) copied, 2.12358 s, 494 MB/s

real	0m2.126s
user	0m1.887s
sys	0m0.488s
1000+0 records in
1000+0 records out
3c84e34b319946f6531a2c4559f588a8  -
1048576000 bytes (1.0 GB) copied, 2.09978 s, 499 MB/s

real	0m2.102s
user	0m1.877s
sys	0m0.490s
1000+0 records in
1000+0 records out
1048576000 bytes (1.0 GB) copied, 2.0453 s, 513 MB/s
3c84e34b319946f6531a2c4559f588a8  -

real	0m2.048s
user	0m1.844s
sys	0m0.473s
1000+0 records in
1000+0 records out
3c84e34b319946f6531a2c4559f588a8  -
1048576000 bytes (1.0 GB) copied, 2.11125 s, 497 MB/s

real	0m2.114s
user	0m1.855s
sys	0m0.506s
1000+0 records in
1000+0 records out
3c84e34b319946f6531a2c4559f588a8  -
1048576000 bytes (1.0 GB) copied, 2.09093 s, 501 MB/s

real	0m2.094s
user	0m1.857s
sys	0m0.496s
1000+0 records in
1000+0 records out
1048576000 bytes (1.0 GB) copied3c84e34b319946f6531a2c4559f588a8  -
, 2.10549 s, 498 MB/s

real	0m2.108s
user	0m1.858s
sys	0m0.492s
1000+0 records in
1000+0 records out
3c84e34b319946f6531a2c4559f588a8  -
1048576000 bytes (1.0 GB) copied, 2.16764 s, 484 MB/s

real	0m2.170s
user	0m1.907s
sys	0m0.511s
1000+0 records in
1000+0 records out
3c84e34b319946f6531a2c4559f588a8  -
1048576000 bytes (1.0 GB) copied, 2.08494 s, 503 MB/s

real	0m2.088s
user	0m1.875s
sys	0m0.490s
1000+0 records in
1000+0 records out
3c84e34b319946f6531a2c4559f588a8  -
1048576000 bytes (1.0 GB) copied, 2.13837 s, 490 MB/s

real	0m2.141s
user	0m1.893s
sys	0m0.491s
1000+0 records in
1000+0 records out
3c84e34b319946f6531a2c4559f588a8  -
1048576000 bytes (1.0 GB) copied, 2.21438 s, 474 MB/s

real	0m2.217s
user	0m1.937s
sys	0m0.596s
1000+0 records in
1000+0 records out
3c84e34b319946f6531a2c4559f588a8  -
1048576000 bytes (1.0 GB) copied, 2.08501 s, 503 MB/s

real	0m2.088s
user	0m1.863s
sys	0m0.480s
1000+0 records in
1000+0 records out
3c84e34b319946f6531a2c4559f588a8  -
1048576000 bytes (1.0 GB) copied, 2.25737 s, 465 MB/s

real	0m2.260s
user	0m1.960s
sys	0m0.594s
1000+0 records in
1000+0 records out
1048576000 bytes (1.0 GB) copied, 2.08303 s, 503 MB/s
3c84e34b319946f6531a2c4559f588a8  -

real	0m2.086s
user	0m1.850s
sys	0m0.496s
1000+0 records in
1000+0 records out
3c84e34b319946f6531a2c4559f588a8  -
1048576000 bytes (1.0 GB) copied, 2.2145 s, 474 MB/s

real	0m2.217s
user	0m1.954s
sys	0m0.568s
1000+0 records in
1000+0 records out
3c84e34b319946f6531a2c4559f588a8  -
1048576000 bytes (1.0 GB) copied, 2.10288 s, 499 MB/s

real	0m2.106s
user	0m1.876s
sys	0m0.491s
1000+0 records in
1000+0 records out
3c84e34b319946f6531a2c4559f588a8  -
1048576000 bytes (1.0 GB) copied, 2.11566 s, 496 MB/s

real	0m2.118s
user	0m1.844s
sys	0m0.507s
1000+0 records in
1000+0 records out
3c84e34b319946f6531a2c4559f588a8  -
1048576000 bytes (1.0 GB) copied, 2.11387 s, 496 MB/s

real	0m2.117s
user	0m1.863s
sys	0m0.480s
1000+0 records in
1000+0 records out
3c84e34b319946f6531a2c4559f588a8  -
1048576000 bytes (1.0 GB) copied, 2.12361 s, 494 MB/s

real	0m2.126s
user	0m1.853s
sys	0m0.472s
1000+0 records in
1000+0 records out
3c84e34b319946f6531a2c4559f588a8  -
1048576000 bytes (1.0 GB) copied, 2.25414 s, 465 MB/s

real	0m2.257s
user	0m1.977s
sys	0m0.558s
1000+0 records in
1000+0 records out
3c84e34b319946f6531a2c4559f588a8  -
1048576000 bytes (1.0 GB) copied, 2.33351 s, 449 MB/s

real	0m2.336s
user	0m1.917s
sys	0m0.693s
1000+0 records in
1000+0 records out
3c84e34b319946f6531a2c4559f588a8  -
1048576000 bytes (1.0 GB) copied, 2.25609 s, 465 MB/s

real	0m2.259s
user	0m1.968s
sys	0m0.582s
1000+0 records in
1000+0 records out
3c84e34b319946f6531a2c4559f588a8  -
1048576000 bytes (1.0 GB) copied, 2.15167 s, 487 MB/s

real	0m2.154s
user	0m1.914s
sys	0m0.492s
1000+0 records in
1000+0 records out
1048576000 bytes (1.0 GB) copied, 2.08404 s, 503 MB/s
3c84e34b319946f6531a2c4559f588a8  -

real	0m2.087s
user	0m1.889s
sys	0m0.525s
1000+0 records in
1000+0 records out
3c84e34b319946f6531a2c4559f588a8  -
1048576000 bytes (1.0 GB) copied, 2.27483 s, 461 MB/s

real	0m2.278s
user	0m1.958s
sys	0m0.597s
1000+0 records in
1000+0 records out
3c84e34b319946f6531a2c4559f588a8  -
1048576000 bytes (1.0 GB) copied, 2.29231 s, 457 MB/s

real	0m2.295s
user	0m1.993s
sys	0m0.599s
1000+0 records in
1000+0 records out
3c84e34b319946f6531a2c4559f588a8  -
1048576000 bytes (1.0 GB) copied, 2.16323 s, 485 MB/s

real	0m2.166s
user	0m1.870s
sys	0m0.482s
1000+0 records in
1000+0 records out
3c84e34b319946f6531a2c4559f588a8  -
1048576000 bytes (1.0 GB) copied, 2.28563 s, 459 MB/s

real	0m2.288s
user	0m1.964s
sys	0m0.587s
1000+0 records in
1000+0 records out
3c84e34b319946f6531a2c4559f588a8  -
1048576000 bytes (1.0 GB) copied, 2.12519 s, 493 MB/s

real	0m2.128s
user	0m1.880s
sys	0m0.497s
1000+0 records in
1000+0 records out
3c84e34b319946f6531a2c4559f588a8  -
1048576000 bytes (1.0 GB) copied, 2.09157 s, 501 MB/s

real	0m2.094s
user	0m1.871s
sys	0m0.469s
1000+0 records in
1000+0 records out
3c84e34b319946f6531a2c4559f588a8  -
1048576000 bytes (1.0 GB) copied, 2.07955 s, 504 MB/s

real	0m2.082s
user	0m1.841s
sys	0m0.497s
1000+0 records in
1000+0 records out
3c84e34b319946f6531a2c4559f588a8  -
1048576000 bytes (1.0 GB) copied, 2.1472 s, 488 MB/s

real	0m2.150s
user	0m1.905s
sys	0m0.504s
1000+0 records in
1000+0 records out
3c84e34b319946f6531a2c4559f588a8  -
1048576000 bytes (1.0 GB) copied, 2.22325 s, 472 MB/s

real	0m2.226s
user	0m1.942s
sys	0m0.557s
1000+0 records in
1000+0 records out
1048576000 bytes (1.0 GB) copied, 2.00366 s, 523 MB/s
3c84e34b319946f6531a2c4559f588a8  -

real	0m2.006s
user	0m1.819s
sys	0m0.487s
1000+0 records in
1000+0 records out
3c84e34b319946f6531a2c4559f588a8  -
1048576000 bytes (1.0 GB) copied, 2.16263 s, 485 MB/s

real	0m2.165s
user	0m1.888s
sys	0m0.504s
1000+0 records in
1000+0 records out
3c84e34b319946f6531a2c4559f588a8  -
1048576000 bytes (1.0 GB) copied, 2.2129 s, 474 MB/s

real	0m2.216s
user	0m1.904s
sys	0m0.586s
1000+0 records in
1000+0 records out
3c84e34b319946f6531a2c4559f588a8  -
1048576000 bytes (1.0 GB) copied, 2.1262 s, 493 MB/s

real	0m2.129s
user	0m1.878s
sys	0m0.518s
1000+0 records in
1000+0 records out
3c84e34b319946f6531a2c4559f588a8  -
1048576000 bytes (1.0 GB) copied, 2.07956 s, 504 MB/s

real	0m2.082s
user	0m1.842s
sys	0m0.490s
1000+0 records in
1000+0 records out
3c84e34b319946f6531a2c4559f588a8  -
1048576000 bytes (1.0 GB) copied, 2.23765 s, 469 MB/s

real	0m2.240s
user	0m1.984s
sys	0m0.561s
1000+0 records in
1000+0 records out
3c84e34b319946f6531a2c4559f588a8  -
1048576000 bytes (1.0 GB) copied, 2.189 s, 479 MB/s

real	0m2.192s
user	0m1.902s
sys	0m0.564s
1000+0 records in
1000+0 records out
3c84e34b319946f6531a2c4559f588a8  -
1048576000 bytes (1.0 GB) copied, 2.335 s, 449 MB/s

real	0m2.338s
user	0m1.935s
sys	0m0.647s
1000+0 records in
1000+0 records out
3c84e34b319946f6531a2c4559f588a8  -
1048576000 bytes (1.0 GB) copied, 2.18596 s, 480 MB/s

real	0m2.189s
user	0m1.896s
sys	0m0.559s
1000+0 records in
1000+0 records out
3c84e34b319946f6531a2c4559f588a8  -
1048576000 bytes (1.0 GB) copied, 2.16551 s, 484 MB/s

real	0m2.168s
user	0m1.903s
sys	0m0.548s
1000+0 records in
1000+0 records out
1048576000 bytes (1.0 GB) copied3c84e34b319946f6531a2c4559f588a8  -
, 2.16804 s, 484 MB/s

real	0m2.171s
user	0m1.965s
sys	0m0.547s
1000+0 records in
1000+0 records out
3c84e34b319946f6531a2c4559f588a8  -
1048576000 bytes (1.0 GB) copied, 2.13492 s, 491 MB/s

real	0m2.138s
user	0m1.890s
sys	0m0.504s
1000+0 records in
1000+0 records out
3c84e34b319946f6531a2c4559f588a8  -
1048576000 bytes (1.0 GB) copied, 2.09424 s, 501 MB/s

real	0m2.097s
user	0m1.862s
sys	0m0.482s
1000+0 records in
1000+0 records out
3c84e34b319946f6531a2c4559f588a8  -
1048576000 bytes (1.0 GB) copied, 2.31748 s, 452 MB/s

real	0m2.320s
user	0m1.954s
sys	0m0.600s
1000+0 records in
1000+0 records out
3c84e34b319946f6531a2c4559f588a8  -
1048576000 bytes (1.0 GB) copied, 2.13209 s, 492 MB/s

real	0m2.602s
user	0m1.870s
sys	0m0.545s
1000+0 records in
1000+0 records out
3c84e34b319946f6531a2c4559f588a8  -
1048576000 bytes (1.0 GB) copied, 2.17087 s, 483 MB/s

real	0m2.175s
user	0m1.904s
sys	0m0.498s
1000+0 records in
1000+0 records out
3c84e34b319946f6531a2c4559f588a8  -
1048576000 bytes (1.0 GB) copied, 2.15769 s, 486 MB/s

real	0m2.160s
user	0m1.925s
sys	0m0.500s
1000+0 records in
1000+0 records out
3c84e34b319946f6531a2c4559f588a8  -
1048576000 bytes (1.0 GB) copied, 2.06971 s, 507 MB/s

real	0m2.073s
user	0m1.841s
sys	0m0.477s
1000+0 records in
1000+0 records out
3c84e34b319946f6531a2c4559f588a8  -
1048576000 bytes (1.0 GB) copied, 2.22482 s, 471 MB/s

real	0m2.228s
user	0m1.949s
sys	0m0.579s
1000+0 records in
1000+0 records out
3c84e34b319946f6531a2c4559f588a8  -
1048576000 bytes (1.0 GB) copied, 2.07019 s, 507 MB/s

real	0m2.073s
user	0m1.808s
sys	0m0.484s
1000+0 records in
1000+0 records out
1048576000 bytes (1.0 GB) copied3c84e34b319946f6531a2c4559f588a8  -
, 2.24314 s, 467 MB/s

real	0m2.246s
user	0m1.919s
sys	0m0.645s
1000+0 records in
1000+0 records out
3c84e34b319946f6531a2c4559f588a8  -
1048576000 bytes (1.0 GB) copied, 2.09433 s, 501 MB/s

real	0m2.097s
user	0m1.865s
sys	0m0.473s
1000+0 records in
1000+0 records out
3c84e34b319946f6531a2c4559f588a8  -
1048576000 bytes (1.0 GB) copied, 2.1802 s, 481 MB/s

real	0m2.183s
user	0m1.866s
sys	0m0.545s
1000+0 records in
1000+0 records out
3c84e34b319946f6531a2c4559f588a8  -
1048576000 bytes (1.0 GB) copied, 2.09835 s, 500 MB/s

real	0m2.101s
user	0m1.861s
sys	0m0.482s
1000+0 records in
1000+0 records out
3c84e34b319946f6531a2c4559f588a8  -
1048576000 bytes (1.0 GB) copied, 2.12079 s, 494 MB/s

real	0m2.124s
user	0m1.836s
sys	0m0.505s
1000+0 records in
1000+0 records out
3c84e34b319946f6531a2c4559f588a8  -
1048576000 bytes (1.0 GB) copied, 2.10868 s, 497 MB/s

real	0m2.112s
user	0m1.889s
sys	0m0.465s
1000+0 records in
1000+0 records out
3c84e34b319946f6531a2c4559f588a8  -
1048576000 bytes (1.0 GB) copied, 2.25273 s, 465 MB/s

real	0m2.255s
user	0m1.982s
sys	0m0.605s
1000+0 records in
1000+0 records out
1048576000 bytes (1.0 GB) copied3c84e34b319946f6531a2c4559f588a8  -
, 2.06328 s, 508 MB/s

real	0m2.066s
user	0m1.844s
sys	0m0.477s
1000+0 records in
1000+0 records out
3c84e34b319946f6531a2c4559f588a8  -
1048576000 bytes (1.0 GB) copied, 2.1656 s, 484 MB/s

real	0m2.168s
user	0m1.860s
sys	0m0.543s
1000+0 records in
1000+0 records out
3c84e34b319946f6531a2c4559f588a8  -
1048576000 bytes (1.0 GB) copied, 2.10108 s, 499 MB/s

real	0m2.104s
user	0m1.840s
sys	0m0.510s
1000+0 records in
1000+0 records out
1048576000 bytes (1.0 GB) copied, 2.01557 s, 520 MB/s
3c84e34b319946f6531a2c4559f588a8  -

real	0m2.018s
user	0m1.852s
sys	0m0.477s
1000+0 records in
1000+0 records out
3c84e34b319946f6531a2c4559f588a8  -
1048576000 bytes (1.0 GB) copied, 2.11794 s, 495 MB/s

real	0m2.120s
user	0m1.840s
sys	0m0.481s
1000+0 records in
1000+0 records out
3c84e34b319946f6531a2c4559f588a8  -
1048576000 bytes (1.0 GB) copied, 2.12682 s, 493 MB/s

real	0m2.129s
user	0m1.851s
sys	0m0.495s
1000+0 records in
1000+0 records out
3c84e34b319946f6531a2c4559f588a8  -
1048576000 bytes (1.0 GB) copied, 2.11553 s, 496 MB/s

real	0m2.118s
user	0m1.883s
sys	0m0.495s
1000+0 records in
1000+0 records out
3c84e34b319946f6531a2c4559f588a8  -
1048576000 bytes (1.0 GB) copied, 2.26842 s, 462 MB/s

real	0m2.271s
user	0m1.946s
sys	0m0.621s
1000+0 records in
1000+0 records out
3c84e34b319946f6531a2c4559f588a8  -
1048576000 bytes (1.0 GB) copied, 2.18106 s, 481 MB/s

real	0m2.184s
user	0m1.865s
sys	0m0.514s
1000+0 records in
1000+0 records out
3c84e34b319946f6531a2c4559f588a8  -
1048576000 bytes (1.0 GB) copied, 2.08106 s, 504 MB/s

real	0m2.084s
user	0m1.832s
sys	0m0.482s
1000+0 records in
1000+0 records out
3c84e34b319946f6531a2c4559f588a8  -
1048576000 bytes (1.0 GB) copied, 2.14194 s, 490 MB/s

real	0m2.145s
user	0m1.817s
sys	0m0.490s
1000+0 records in
1000+0 records out
3c84e34b319946f6531a2c4559f588a8  -
1048576000 bytes (1.0 GB) copied, 2.28508 s, 459 MB/s

real	0m2.288s
user	0m1.940s
sys	0m0.572s
1000+0 records in
1000+0 records out
3c84e34b319946f6531a2c4559f588a8  -
1048576000 bytes (1.0 GB) copied, 2.17811 s, 481 MB/s

real	0m2.181s
user	0m1.895s
sys	0m0.557s
1000+0 records in
1000+0 records out
1048576000 bytes (1.0 GB) copied3c84e34b319946f6531a2c4559f588a8  -
, 2.09364 s, 501 MB/s

real	0m2.096s
user	0m1.845s
sys	0m0.515s
1000+0 records in
1000+0 records out
3c84e34b319946f6531a2c4559f588a8  -
1048576000 bytes (1.0 GB) copied, 2.33459 s, 449 MB/s

real	0m2.337s
user	0m1.951s
sys	0m0.638s
1000+0 records in
1000+0 records out
3c84e34b319946f6531a2c4559f588a8  -
1048576000 bytes (1.0 GB) copied, 2.2159 s, 473 MB/s

real	0m2.219s
user	0m1.926s
sys	0m0.516s
1000+0 records in
1000+0 records out
3c84e34b319946f6531a2c4559f588a8  -
1048576000 bytes (1.0 GB) copied, 2.1046 s, 498 MB/s

real	0m2.107s
user	0m1.873s
sys	0m0.494s
1000+0 records in
1000+0 records out
3c84e34b319946f6531a2c4559f588a8  -
1048576000 bytes (1.0 GB) copied, 2.15787 s, 486 MB/s

real	0m2.161s
user	0m1.851s
sys	0m0.511s
1000+0 records in
1000+0 records out
3c84e34b319946f6531a2c4559f588a8  -
1048576000 bytes (1.0 GB) copied, 2.12384 s, 494 MB/s

real	0m2.127s
user	0m1.866s
sys	0m0.477s
1000+0 records in
1000+0 records out
3c84e34b319946f6531a2c4559f588a8  -
1048576000 bytes (1.0 GB) copied, 2.22897 s, 470 MB/s

real	0m2.232s
user	0m1.948s
sys	0m0.580s
1000+0 records in
1000+0 records out
3c84e34b319946f6531a2c4559f588a8  -
1048576000 bytes (1.0 GB) copied, 2.10309 s, 499 MB/s

real	0m2.106s
user	0m1.876s
sys	0m0.493s
1000+0 records in
1000+0 records out
3c84e34b319946f6531a2c4559f588a8  -
1048576000 bytes (1.0 GB) copied, 2.39063 s, 439 MB/s

real	0m2.393s
user	0m1.964s
sys	0m0.680s
1000+0 records in
1000+0 records out
3c84e34b319946f6531a2c4559f588a8  -
1048576000 bytes (1.0 GB) copied, 2.28259 s, 459 MB/s

real	0m2.285s
user	0m1.935s
sys	0m0.646s
1000+0 records in
1000+0 records out
1048576000 bytes (1.0 GB) copied, 2.06385 s, 508 MB/s
3c84e34b319946f6531a2c4559f588a8  -

real	0m2.067s
user	0m1.845s
sys	0m0.502s
1000+0 records in
1000+0 records out
3c84e34b319946f6531a2c4559f588a8  -
1048576000 bytes (1.0 GB) copied, 2.38064 s, 440 MB/s

real	0m2.383s
user	0m1.939s
sys	0m0.709s
1000+0 records in
1000+0 records out
3c84e34b319946f6531a2c4559f588a8  -
1048576000 bytes (1.0 GB) copied, 2.30486 s, 455 MB/s

real	0m2.307s
user	0m1.972s
sys	0m0.598s
1000+0 records in
1000+0 records out
3c84e34b319946f6531a2c4559f588a8  -
1048576000 bytes (1.0 GB) copied, 2.12018 s, 495 MB/s

real	0m2.123s
user	0m1.875s
sys	0m0.488s
1000+0 records in
1000+0 records out
3c84e34b319946f6531a2c4559f588a8  -
1048576000 bytes (1.0 GB) copied, 2.09267 s, 501 MB/s

real	0m2.095s
user	0m1.847s
sys	0m0.483s
1000+0 records in
1000+0 records out
3c84e34b319946f6531a2c4559f588a8  -
1048576000 bytes (1.0 GB) copied, 2.08568 s, 503 MB/s

real	0m2.088s
user	0m1.867s
sys	0m0.493s
1000+0 records in
1000+0 records out
3c84e34b319946f6531a2c4559f588a8  -
1048576000 bytes (1.0 GB) copied, 2.28523 s, 459 MB/s

real	0m2.288s
user	0m1.935s
sys	0m0.636s
1000+0 records in
1000+0 records out
3c84e34b319946f6531a2c4559f588a8  -
1048576000 bytes (1.0 GB) copied, 2.22672 s, 471 MB/s

real	0m2.229s
user	0m1.899s
sys	0m0.597s
1000+0 records in
1000+0 records out
1048576000 bytes (1.0 GB) copied3c84e34b319946f6531a2c4559f588a8  -
, 2.1718 s, 483 MB/s

real	0m2.174s
user	0m1.879s
sys	0m0.499s
1000+0 records in
1000+0 records out
3c84e34b319946f6531a2c4559f588a8  -
1048576000 bytes (1.0 GB) copied, 2.07344 s, 506 MB/s

real	0m2.076s
user	0m1.828s
sys	0m0.497s
1000+0 records in
1000+0 records out
1048576000 bytes (1.0 GB) copied, 2.19584 s, 478 MB/s
3c84e34b319946f6531a2c4559f588a8  -

real	0m2.199s
user	0m1.837s
sys	0m0.496s
1000+0 records in
1000+0 records out
3c84e34b319946f6531a2c4559f588a8  -
1048576000 bytes (1.0 GB) copied, 2.10989 s, 497 MB/s

real	0m2.112s
user	0m1.878s
sys	0m0.505s
1000+0 records in
1000+0 records out
3c84e34b319946f6531a2c4559f588a8  -
1048576000 bytes (1.0 GB) copied, 2.17399 s, 482 MB/s

real	0m2.176s
user	0m1.906s
sys	0m0.496s
1000+0 records in
1000+0 records out
3c84e34b319946f6531a2c4559f588a8  -
1048576000 bytes (1.0 GB) copied, 2.30781 s, 454 MB/s

real	0m2.311s
user	0m1.973s
sys	0m0.593s
1000+0 records in
1000+0 records out
3c84e34b319946f6531a2c4559f588a8  -
1048576000 bytes (1.0 GB) copied, 2.28272 s, 459 MB/s

real	0m2.285s
user	0m1.947s
sys	0m0.621s
1000+0 records in
1000+0 records out
3c84e34b319946f6531a2c4559f588a8  -
1048576000 bytes (1.0 GB) copied, 2.32763 s, 450 MB/s

real	0m2.330s
user	0m1.988s
sys	0m0.574s
1000+0 records in
1000+0 records out
3c84e34b319946f6531a2c4559f588a8  -
1048576000 bytes (1.0 GB) copied, 2.09295 s, 501 MB/s

real	0m2.096s
user	0m1.836s
sys	0m0.494s
1000+0 records in
1000+0 records out
3c84e34b319946f6531a2c4559f588a8  -
1048576000 bytes (1.0 GB) copied, 2.22164 s, 472 MB/s

real	0m2.224s
user	0m1.908s
sys	0m0.546s
1000+0 records in
1000+0 records out
3c84e34b319946f6531a2c4559f588a8  -
1048576000 bytes (1.0 GB) copied, 2.28186 s, 460 MB/s

real	0m2.285s
user	0m1.936s
sys	0m0.626s
1000+0 records in
1000+0 records out
3c84e34b319946f6531a2c4559f588a8  -
1048576000 bytes (1.0 GB) copied, 2.19596 s, 478 MB/s

real	0m2.199s
user	0m1.910s
sys	0m0.554s
1000+0 records in
1000+0 records out
1048576000 bytes (1.0 GB) copied, 2.03248 s, 516 MB/s
3c84e34b319946f6531a2c4559f588a8  -

real	0m2.035s
user	0m1.837s
sys	0m0.499s
1000+0 records in
1000+0 records out
3c84e34b319946f6531a2c4559f588a8  -
1048576000 bytes (1.0 GB) copied, 2.16768 s, 484 MB/s

real	0m2.170s
user	0m1.906s
sys	0m0.496s
1000+0 records in
1000+0 records out
1048576000 bytes (1.0 GB) copied3c84e34b319946f6531a2c4559f588a8  -
, 2.28015 s, 460 MB/s

real	0m2.283s
user	0m1.915s
sys	0m0.541s
1000+0 records in
1000+0 records out
3c84e34b319946f6531a2c4559f588a8  -
1048576000 bytes (1.0 GB) copied, 2.08331 s, 503 MB/s

real	0m2.086s
user	0m1.828s
sys	0m0.498s
1000+0 records in
1000+0 records out
3c84e34b319946f6531a2c4559f588a8  -
1048576000 bytes (1.0 GB) copied, 2.10431 s, 498 MB/s

real	0m2.107s
user	0m1.837s
sys	0m0.500s
1000+0 records in
1000+0 records out
3c84e34b319946f6531a2c4559f588a8  -
1048576000 bytes (1.0 GB) copied, 2.14303 s, 489 MB/s

real	0m2.146s
user	0m1.861s
sys	0m0.509s
1000+0 records in
1000+0 records out
3c84e34b319946f6531a2c4559f588a8  -
1048576000 bytes (1.0 GB) copied, 2.07911 s, 504 MB/s

real	0m2.082s
user	0m1.879s
sys	0m0.478s
1000+0 records in
1000+0 records out
3c84e34b319946f6531a2c4559f588a8  -
1048576000 bytes (1.0 GB) copied, 2.16337 s, 485 MB/s

real	0m2.166s
user	0m1.890s
sys	0m0.525s
1000+0 records in
1000+0 records out
3c84e34b319946f6531a2c4559f588a8  -
1048576000 bytes (1.0 GB) copied, 2.18089 s, 481 MB/s

real	0m2.184s
user	0m1.921s
sys	0m0.573s
1000+0 records in
1000+0 records out
3c84e34b319946f6531a2c4559f588a8  -
1048576000 bytes (1.0 GB) copied, 2.36733 s, 443 MB/s

real	0m2.370s
user	0m1.904s
sys	0m0.658s
1000+0 records in
1000+0 records out
1048576000 bytes (1.0 GB) copied, 2.16016 s, 485 MB/s
3c84e34b319946f6531a2c4559f588a8  -

real	0m2.163s
user	0m1.947s
sys	0m0.553s
1000+0 records in
1000+0 records out
3c84e34b319946f6531a2c4559f588a8  -
1048576000 bytes (1.0 GB) copied, 2.37289 s, 442 MB/s

real	0m2.376s
user	0m1.956s
sys	0m0.654s
1000+0 records in
1000+0 records out
3c84e34b319946f6531a2c4559f588a8  -
1048576000 bytes (1.0 GB) copied, 2.06034 s, 509 MB/s

real	0m2.063s
user	0m1.838s
sys	0m0.467s
1000+0 records in
1000+0 records out
3c84e34b319946f6531a2c4559f588a8  -
1048576000 bytes (1.0 GB) copied, 2.27894 s, 460 MB/s

real	0m2.282s
user	0m1.967s
sys	0m0.577s
1000+0 records in
1000+0 records out
3c84e34b319946f6531a2c4559f588a8  -
1048576000 bytes (1.0 GB) copied, 2.09494 s, 501 MB/s

real	0m2.098s
user	0m1.850s
sys	0m0.474s
1000+0 records in
1000+0 records out
3c84e34b319946f6531a2c4559f588a8  -
1048576000 bytes (1.0 GB) copied, 2.25588 s, 465 MB/s

real	0m2.259s
user	0m1.902s
sys	0m0.633s
1000+0 records in
1000+0 records out
3c84e34b319946f6531a2c4559f588a8  -
1048576000 bytes (1.0 GB) copied, 2.13637 s, 491 MB/s

real	0m2.139s
user	0m1.856s
sys	0m0.484s
1000+0 records in
1000+0 records out
3c84e34b319946f6531a2c4559f588a8  -
1048576000 bytes (1.0 GB) copied, 2.09652 s, 500 MB/s

real	0m2.099s
user	0m1.822s
sys	0m0.484s
1000+0 records in
1000+0 records out
3c84e34b319946f6531a2c4559f588a8  -
1048576000 bytes (1.0 GB) copied, 2.09274 s, 501 MB/s

real	0m2.095s
user	0m1.870s
sys	0m0.486s
1000+0 records in
1000+0 records out
3c84e34b319946f6531a2c4559f588a8  -
1048576000 bytes (1.0 GB) copied, 2.27675 s, 461 MB/s

real	0m2.279s
user	0m1.820s
sys	0m0.745s
1000+0 records in
1000+0 records out
1048576000 bytes (1.0 GB) copied3c84e34b319946f6531a2c4559f588a8  -
, 2.19477 s, 478 MB/s

real	0m2.197s
user	0m1.941s
sys	0m0.574s
1000+0 records in
1000+0 records out
3c84e34b319946f6531a2c4559f588a8  -
1048576000 bytes (1.0 GB) copied, 2.14587 s, 489 MB/s

real	0m2.148s
user	0m1.849s
sys	0m0.514s
1000+0 records in
1000+0 records out
3c84e34b319946f6531a2c4559f588a8  -
1048576000 bytes (1.0 GB) copied, 2.27028 s, 462 MB/s

real	0m2.273s
user	0m1.991s
sys	0m0.556s
1000+0 records in
1000+0 records out
3c84e34b319946f6531a2c4559f588a8  -
1048576000 bytes (1.0 GB) copied, 2.11345 s, 496 MB/s

real	0m2.116s
user	0m1.859s
sys	0m0.503s
1000+0 records in
1000+0 records out
3c84e34b319946f6531a2c4559f588a8  -
1048576000 bytes (1.0 GB) copied, 2.03395 s, 516 MB/s

real	0m2.037s
user	0m1.811s
sys	0m0.470s
1000+0 records in
1000+0 records out
3c84e34b319946f6531a2c4559f588a8  -
1048576000 bytes (1.0 GB) copied, 2.10986 s, 497 MB/s

real	0m2.112s
user	0m1.836s
sys	0m0.497s
1000+0 records in
1000+0 records out
3c84e34b319946f6531a2c4559f588a8  -
1048576000 bytes (1.0 GB) copied, 2.29962 s, 456 MB/s

real	0m2.302s
user	0m1.862s
sys	0m0.679s
1000+0 records in
1000+0 records out
3c84e34b319946f6531a2c4559f588a8  -
1048576000 bytes (1.0 GB) copied, 2.07707 s, 505 MB/s

real	0m2.080s
user	0m1.837s
sys	0m0.471s
1000+0 records in
1000+0 records out
3c84e34b319946f6531a2c4559f588a8  -
1048576000 bytes (1.0 GB) copied, 2.27923 s, 460 MB/s

real	0m2.282s
user	0m1.965s
sys	0m0.578s
1000+0 records in
1000+0 records out
3c84e34b319946f6531a2c4559f588a8  -
1048576000 bytes (1.0 GB) copied, 2.26586 s, 463 MB/s

real	0m2.268s
user	0m1.929s
sys	0m0.573s
1000+0 records in
1000+0 records out
1048576000 bytes (1.0 GB) copied, 2.13154 s, 492 MB/s
3c84e34b319946f6531a2c4559f588a8  -

real	0m2.134s
user	0m1.918s
sys	0m0.513s
1000+0 records in
1000+0 records out
3c84e34b319946f6531a2c4559f588a8  -
1048576000 bytes (1.0 GB) copied, 2.07749 s, 505 MB/s

real	0m2.080s
user	0m1.838s
sys	0m0.493s
1000+0 records in
1000+0 records out
3c84e34b319946f6531a2c4559f588a8  -
1048576000 bytes (1.0 GB) copied, 2.31751 s, 452 MB/s

real	0m2.320s
user	0m1.954s
sys	0m0.621s
1000+0 records in
1000+0 records out
3c84e34b319946f6531a2c4559f588a8  -
1048576000 bytes (1.0 GB) copied, 2.12308 s, 494 MB/s

real	0m2.126s
user	0m1.885s
sys	0m0.479s
1000+0 records in
1000+0 records out
3c84e34b319946f6531a2c4559f588a8  -
1048576000 bytes (1.0 GB) copied, 2.15579 s, 486 MB/s

real	0m2.159s
user	0m1.834s
sys	0m0.541s
1000+0 records in
1000+0 records out
3c84e34b319946f6531a2c4559f588a8  -
1048576000 bytes (1.0 GB) copied, 2.1439 s, 489 MB/s

real	0m2.147s
user	0m1.880s
sys	0m0.527s
1000+0 records in
1000+0 records out
3c84e34b319946f6531a2c4559f588a8  -
1048576000 bytes (1.0 GB) copied, 2.24017 s, 468 MB/s

real	0m2.243s
user	0m1.873s
sys	0m0.502s
1000+0 records in
1000+0 records out
3c84e34b319946f6531a2c4559f588a8  -
1048576000 bytes (1.0 GB) copied, 2.24103 s, 468 MB/s

real	0m2.244s
user	0m1.956s
sys	0m0.608s
1000+0 records in
1000+0 records out
3c84e34b319946f6531a2c4559f588a8  -
1048576000 bytes (1.0 GB) copied, 2.27256 s, 461 MB/s

real	0m2.275s
user	0m1.998s
sys	0m0.563s
1000+0 records in
1000+0 records out
3c84e34b319946f6531a2c4559f588a8  -
1048576000 bytes (1.0 GB) copied, 2.1051 s, 498 MB/s

real	0m2.108s
user	0m1.843s
sys	0m0.501s
1000+0 records in
1000+0 records out
1048576000 bytes (1.0 GB) copied, 2.02272 s, 518 MB/s
3c84e34b319946f6531a2c4559f588a8  -

real	0m2.025s
user	0m1.800s
sys	0m0.464s
1000+0 records in
1000+0 records out
3c84e34b319946f6531a2c4559f588a8  -
1048576000 bytes (1.0 GB) copied, 2.2903 s, 458 MB/s

real	0m2.293s
user	0m1.992s
sys	0m0.574s
1000+0 records in
1000+0 records out
3c84e34b319946f6531a2c4559f588a8  -
1048576000 bytes (1.0 GB) copied, 2.07742 s, 505 MB/s

real	0m2.080s
user	0m1.819s
sys	0m0.491s
1000+0 records in
1000+0 records out
3c84e34b319946f6531a2c4559f588a8  -
1048576000 bytes (1.0 GB) copied, 2.21832 s, 473 MB/s

real	0m2.221s
user	0m1.948s
sys	0m0.590s
1000+0 records in
1000+0 records out
3c84e34b319946f6531a2c4559f588a8  -
1048576000 bytes (1.0 GB) copied, 2.20054 s, 477 MB/s

real	0m2.203s
user	0m1.893s
sys	0m0.570s
1000+0 records in
1000+0 records out
3c84e34b319946f6531a2c4559f588a8  -
1048576000 bytes (1.0 GB) copied, 2.15243 s, 487 MB/s

real	0m2.155s
user	0m1.839s
sys	0m0.514s
1000+0 records in
1000+0 records out
3c84e34b319946f6531a2c4559f588a8  -
1048576000 bytes (1.0 GB) copied, 2.26642 s, 463 MB/s

real	0m2.269s
user	0m1.894s
sys	0m0.605s
1000+0 records in
1000+0 records out
3c84e34b319946f6531a2c4559f588a8  -
1048576000 bytes (1.0 GB) copied, 2.31372 s, 453 MB/s

real	0m2.316s
user	0m1.907s
sys	0m0.690s
1000+0 records in
1000+0 records out
3c84e34b319946f6531a2c4559f588a8  -
1048576000 bytes (1.0 GB) copied, 2.16217 s, 485 MB/s

real	0m2.165s
user	0m1.892s
sys	0m0.557s
1000+0 records in
1000+0 records out
3c84e34b319946f6531a2c4559f588a8  -
1048576000 bytes (1.0 GB) copied, 2.14736 s, 488 MB/s

real	0m2.150s
user	0m1.898s
sys	0m0.524s
1000+0 records in
1000+0 records out
3c84e34b319946f6531a2c4559f588a8  -
1048576000 bytes (1.0 GB) copied, 2.03654 s, 515 MB/s

real	0m2.039s
user	0m1.841s
sys	0m0.476s
1000+0 records in
1000+0 records out
3c84e34b319946f6531a2c4559f588a8  -
1048576000 bytes (1.0 GB) copied, 2.18299 s, 480 MB/s

real	0m2.185s
user	0m1.865s
sys	0m0.489s
1000+0 records in
1000+0 records out
3c84e34b319946f6531a2c4559f588a8  -
1048576000 bytes (1.0 GB) copied, 2.25537 s, 465 MB/s

real	0m2.258s
user	0m1.971s
sys	0m0.552s
1000+0 records in
1000+0 records out
3c84e34b319946f6531a2c4559f588a8  -
1048576000 bytes (1.0 GB) copied, 2.23406 s, 469 MB/s

real	0m2.236s
user	0m1.882s
sys	0m0.601s
1000+0 records in
1000+0 records out
3c84e34b319946f6531a2c4559f588a8  -
1048576000 bytes (1.0 GB) copied, 2.28841 s, 458 MB/s

real	0m2.291s
user	0m1.984s
sys	0m0.594s
1000+0 records in
1000+0 records out
3c84e34b319946f6531a2c4559f588a8  -
1048576000 bytes (1.0 GB) copied, 2.11693 s, 495 MB/s

real	0m2.120s
user	0m1.858s
sys	0m0.535s
1000+0 records in
1000+0 records out
3c84e34b319946f6531a2c4559f588a8  -
1048576000 bytes (1.0 GB) copied, 2.24557 s, 467 MB/s

real	0m2.248s
user	0m1.935s
sys	0m0.638s
1000+0 records in
1000+0 records out
3c84e34b319946f6531a2c4559f588a8  -
1048576000 bytes (1.0 GB) copied, 2.21995 s, 472 MB/s

real	0m2.223s
user	0m1.915s
sys	0m0.554s
1000+0 records in
1000+0 records out
3c84e34b319946f6531a2c4559f588a8  -
1048576000 bytes (1.0 GB) copied, 2.27398 s, 461 MB/s

real	0m2.277s
user	0m1.905s
sys	0m0.684s
1000+0 records in
1000+0 records out
3c84e34b319946f6531a2c4559f588a8  -
1048576000 bytes (1.0 GB) copied, 2.28229 s, 459 MB/s

real	0m2.285s
user	0m1.984s
sys	0m0.594s
1000+0 records in
1000+0 records out
1048576000 bytes (1.0 GB) copied, 2.10542 s, 498 MB/s
3c84e34b319946f6531a2c4559f588a8  -

real	0m2.108s
user	0m1.874s
sys	0m0.562s
1000+0 records in
1000+0 records out
3c84e34b319946f6531a2c4559f588a8  -
1048576000 bytes (1.0 GB) copied, 2.08354 s, 503 MB/s

real	0m2.086s
user	0m1.821s
sys	0m0.474s
1000+0 records in
1000+0 records out
3c84e34b319946f6531a2c4559f588a8  -
1048576000 bytes (1.0 GB) copied, 2.10516 s, 498 MB/s

real	0m2.108s
user	0m1.833s
sys	0m0.525s
1000+0 records in
1000+0 records out
3c84e34b319946f6531a2c4559f588a8  -
1048576000 bytes (1.0 GB) copied, 2.04 s, 514 MB/s

real	0m2.043s
user	0m1.816s
sys	0m0.466s
1000+0 records in
1000+0 records out
3c84e34b319946f6531a2c4559f588a8  -
1048576000 bytes (1.0 GB) copied, 2.29416 s, 457 MB/s

real	0m2.297s
user	0m1.965s
sys	0m0.621s
1000+0 records in
1000+0 records out
3c84e34b319946f6531a2c4559f588a8  -
1048576000 bytes (1.0 GB) copied, 2.08115 s, 504 MB/s

real	0m2.084s
user	0m1.819s
sys	0m0.512s
1000+0 records in
1000+0 records out
3c84e34b319946f6531a2c4559f588a8  -
1048576000 bytes (1.0 GB) copied, 2.08803 s, 502 MB/s

real	0m2.091s
user	0m1.863s
sys	0m0.498s
1000+0 records in
1000+0 records out
3c84e34b319946f6531a2c4559f588a8  -
1048576000 bytes (1.0 GB) copied, 2.29348 s, 457 MB/s

real	0m2.296s
user	0m1.958s
sys	0m0.585s
1000+0 records in
1000+0 records out
3c84e34b319946f6531a2c4559f588a8  -
1048576000 bytes (1.0 GB) copied, 2.18802 s, 479 MB/s

real	0m2.191s
user	0m1.881s
sys	0m0.563s
1000+0 records in
1000+0 records out
3c84e34b319946f6531a2c4559f588a8  -
1048576000 bytes (1.0 GB) copied, 2.23915 s, 468 MB/s

real	0m2.242s
user	0m1.955s
sys	0m0.593s
1000+0 records in
1000+0 records out
1048576000 bytes (1.0 GB) copied, 2.08684 s, 502 MB/s
3c84e34b319946f6531a2c4559f588a8  -

real	0m2.090s
user	0m1.889s
sys	0m0.536s
1000+0 records in
1000+0 records out
3c84e34b319946f6531a2c4559f588a8  -
1048576000 bytes (1.0 GB) copied, 2.15574 s, 486 MB/s

real	0m2.158s
user	0m1.849s
sys	0m0.492s
1000+0 records in
1000+0 records out
3c84e34b319946f6531a2c4559f588a8  -
1048576000 bytes (1.0 GB) copied, 2.22414 s, 471 MB/s

real	0m2.227s
user	0m1.864s
sys	0m0.612s
1000+0 records in
1000+0 records out
3c84e34b319946f6531a2c4559f588a8  -
1048576000 bytes (1.0 GB) copied, 2.31252 s, 453 MB/s

real	0m2.315s
user	0m1.983s
sys	0m0.600s
1000+0 records in
1000+0 records out
3c84e34b319946f6531a2c4559f588a8  -
1048576000 bytes (1.0 GB) copied, 2.20975 s, 475 MB/s

real	0m2.212s
user	0m1.904s
sys	0m0.576s
1000+0 records in
1000+0 records out
3c84e34b319946f6531a2c4559f588a8  -
1048576000 bytes (1.0 GB) copied, 2.06501 s, 508 MB/s

real	0m2.068s
user	0m1.836s
sys	0m0.461s
1000+0 records in
1000+0 records out
3c84e34b319946f6531a2c4559f588a8  -
1048576000 bytes (1.0 GB) copied, 2.15668 s, 486 MB/s

real	0m2.160s
user	0m1.907s
sys	0m0.548s
1000+0 records in
1000+0 records out
3c84e34b319946f6531a2c4559f588a8  -
1048576000 bytes (1.0 GB) copied, 2.14337 s, 489 MB/s

real	0m2.146s
user	0m1.876s
sys	0m0.484s
1000+0 records in
1000+0 records out
3c84e34b319946f6531a2c4559f588a8  -
1048576000 bytes (1.0 GB) copied, 2.30613 s, 455 MB/s

real	0m2.309s
user	0m1.905s
sys	0m0.667s
1000+0 records in
1000+0 records out
3c84e34b319946f6531a2c4559f588a8  -
1048576000 bytes (1.0 GB) copied, 2.10552 s, 498 MB/s

real	0m2.108s
user	0m1.884s
sys	0m0.532s
1000+0 records in
1000+0 records out
1048576000 bytes (1.0 GB) copied, 2.06675 s, 507 MB/s
3c84e34b319946f6531a2c4559f588a8  -

real	0m2.069s
user	0m1.843s
sys	0m0.491s
1000+0 records in
1000+0 records out
3c84e34b319946f6531a2c4559f588a8  -
1048576000 bytes (1.0 GB) copied, 2.08546 s, 503 MB/s

real	0m2.088s
user	0m1.823s
sys	0m0.510s
1000+0 records in
1000+0 records out
3c84e34b319946f6531a2c4559f588a8  -
1048576000 bytes (1.0 GB) copied, 2.28549 s, 459 MB/s

real	0m2.288s
user	0m1.943s
sys	0m0.632s
1000+0 records in
1000+0 records out
3c84e34b319946f6531a2c4559f588a8  -
1048576000 bytes (1.0 GB) copied, 2.1028 s, 499 MB/s

real	0m2.106s
user	0m1.825s
sys	0m0.497s
1000+0 records in
1000+0 records out
3c84e34b319946f6531a2c4559f588a8  -
1048576000 bytes (1.0 GB) copied, 2.09904 s, 500 MB/s

real	0m2.102s
user	0m1.853s
sys	0m0.488s
1000+0 records in
1000+0 records out
3c84e34b319946f6531a2c4559f588a8  -
1048576000 bytes (1.0 GB) copied, 2.33351 s, 449 MB/s

real	0m2.336s
user	0m1.966s
sys	0m0.666s
1000+0 records in
1000+0 records out
3c84e34b319946f6531a2c4559f588a8  -
1048576000 bytes (1.0 GB) copied, 2.11508 s, 496 MB/s

real	0m2.118s
user	0m1.846s
sys	0m0.499s
1000+0 records in
1000+0 records out
3c84e34b319946f6531a2c4559f588a8  -
1048576000 bytes (1.0 GB) copied, 2.06379 s, 508 MB/s

real	0m2.066s
user	0m1.821s
sys	0m0.494s
1000+0 records in
1000+0 records out
3c84e34b319946f6531a2c4559f588a8  -
1048576000 bytes (1.0 GB) copied, 2.30478 s, 455 MB/s

real	0m2.308s
user	0m1.923s
sys	0m0.669s
1000+0 records in
1000+0 records out
3c84e34b319946f6531a2c4559f588a8  -
1048576000 bytes (1.0 GB) copied, 2.1822 s, 481 MB/s

real	0m2.185s
user	0m1.920s
sys	0m0.553s
1000+0 records in
1000+0 records out
1048576000 bytes (1.0 GB) copied3c84e34b319946f6531a2c4559f588a8  -
, 2.23006 s, 470 MB/s

real	0m2.233s
user	0m1.943s
sys	0m0.569s
1000+0 records in
1000+0 records out
3c84e34b319946f6531a2c4559f588a8  -
1048576000 bytes (1.0 GB) copied, 2.26131 s, 464 MB/s

real	0m2.264s
user	0m1.954s
sys	0m0.593s
1000+0 records in
1000+0 records out
3c84e34b319946f6531a2c4559f588a8  -
1048576000 bytes (1.0 GB) copied, 2.26086 s, 464 MB/s

real	0m2.264s
user	0m1.974s
sys	0m0.596s
1000+0 records in
1000+0 records out
3c84e34b319946f6531a2c4559f588a8  -
1048576000 bytes (1.0 GB) copied, 2.24952 s, 466 MB/s

real	0m2.252s
user	0m1.962s
sys	0m0.587s
1000+0 records in
1000+0 records out
3c84e34b319946f6531a2c4559f588a8  -
1048576000 bytes (1.0 GB) copied, 2.18476 s, 480 MB/s

real	0m2.188s
user	0m1.909s
sys	0m0.526s
1000+0 records in
1000+0 records out
3c84e34b319946f6531a2c4559f588a8  -
1048576000 bytes (1.0 GB) copied, 2.26648 s, 463 MB/s

real	0m2.269s
user	0m1.960s
sys	0m0.599s
1000+0 records in
1000+0 records out
3c84e34b319946f6531a2c4559f588a8  -
1048576000 bytes (1.0 GB) copied, 2.08668 s, 503 MB/s

real	0m2.090s
user	0m1.875s
sys	0m0.484s
1000+0 records in
1000+0 records out
3c84e34b319946f6531a2c4559f588a8  -
1048576000 bytes (1.0 GB) copied, 2.17224 s, 483 MB/s

real	0m2.175s
user	0m1.888s
sys	0m0.525s
1000+0 records in
1000+0 records out
3c84e34b319946f6531a2c4559f588a8  -
1048576000 bytes (1.0 GB) copied, 2.40316 s, 436 MB/s

real	0m2.406s
user	0m2.014s
sys	0m0.665s
1000+0 records in
1000+0 records out
3c84e34b319946f6531a2c4559f588a8  -
1048576000 bytes (1.0 GB) copied, 2.24574 s, 467 MB/s

real	0m2.248s
user	0m1.958s
sys	0m0.578s
1000+0 records in
1000+0 records out
1048576000 bytes (1.0 GB) copied, 2.09014 s, 502 MB/s
3c84e34b319946f6531a2c4559f588a8  -

real	0m2.093s
user	0m1.857s
sys	0m0.531s
1000+0 records in
1000+0 records out
3c84e34b319946f6531a2c4559f588a8  -
1048576000 bytes (1.0 GB) copied, 2.29189 s, 458 MB/s

real	0m2.295s
user	0m1.982s
sys	0m0.602s
1000+0 records in
1000+0 records out
3c84e34b319946f6531a2c4559f588a8  -
1048576000 bytes (1.0 GB) copied, 2.19727 s, 477 MB/s

real	0m2.200s
user	0m1.897s
sys	0m0.570s
1000+0 records in
1000+0 records out
3c84e34b319946f6531a2c4559f588a8  -
1048576000 bytes (1.0 GB) copied, 2.2993 s, 456 MB/s

real	0m2.302s
user	0m1.974s
sys	0m0.613s
1000+0 records in
1000+0 records out
3c84e34b319946f6531a2c4559f588a8  -
1048576000 bytes (1.0 GB) copied, 2.16965 s, 483 MB/s

real	0m2.172s
user	0m1.898s
sys	0m0.529s
1000+0 records in
1000+0 records out
3c84e34b319946f6531a2c4559f588a8  -
1048576000 bytes (1.0 GB) copied, 2.10971 s, 497 MB/s

real	0m2.112s
user	0m1.865s
sys	0m0.466s
1000+0 records in
1000+0 records out
3c84e34b319946f6531a2c4559f588a8  -
1048576000 bytes (1.0 GB) copied, 2.29168 s, 458 MB/s

real	0m2.294s
user	0m1.999s
sys	0m0.597s
1000+0 records in
1000+0 records out
3c84e34b319946f6531a2c4559f588a8  -
1048576000 bytes (1.0 GB) copied, 2.19166 s, 478 MB/s

real	0m2.195s
user	0m1.938s
sys	0m0.531s
1000+0 records in
1000+0 records out
3c84e34b319946f6531a2c4559f588a8  -
1048576000 bytes (1.0 GB) copied, 2.11458 s, 496 MB/s

real	0m2.117s
user	0m1.837s
sys	0m0.521s
1000+0 records in
1000+0 records out
3c84e34b319946f6531a2c4559f588a8  -
1048576000 bytes (1.0 GB) copied, 2.32406 s, 451 MB/s

real	0m2.327s
user	0m1.985s
sys	0m0.593s
1000+0 records in
1000+0 records out
1048576000 bytes (1.0 GB) copied3c84e34b319946f6531a2c4559f588a8  -
, 2.18276 s, 480 MB/s

real	0m2.185s
user	0m1.933s
sys	0m0.562s
1000+0 records in
1000+0 records out
3c84e34b319946f6531a2c4559f588a8  -
1048576000 bytes (1.0 GB) copied, 2.27095 s, 462 MB/s

real	0m2.273s
user	0m1.969s
sys	0m0.588s
1000+0 records in
1000+0 records out
3c84e34b319946f6531a2c4559f588a8  -
1048576000 bytes (1.0 GB) copied, 2.25533 s, 465 MB/s

real	0m2.258s
user	0m1.985s
sys	0m0.566s
1000+0 records in
1000+0 records out
3c84e34b319946f6531a2c4559f588a8  -
1048576000 bytes (1.0 GB) copied, 2.13677 s, 491 MB/s

real	0m2.140s
user	0m1.829s
sys	0m0.501s
1000+0 records in
1000+0 records out
3c84e34b319946f6531a2c4559f588a8  -
1048576000 bytes (1.0 GB) copied, 2.27139 s, 462 MB/s

real	0m2.274s
user	0m1.987s
sys	0m0.596s
1000+0 records in
1000+0 records out
3c84e34b319946f6531a2c4559f588a8  -
1048576000 bytes (1.0 GB) copied, 2.45128 s, 428 MB/s

real	0m2.454s
user	0m1.959s
sys	0m0.590s
1000+0 records in
1000+0 records out
3c84e34b319946f6531a2c4559f588a8  -
1048576000 bytes (1.0 GB) copied, 2.16755 s, 484 MB/s

real	0m2.170s
user	0m1.942s
sys	0m0.508s
1000+0 records in
1000+0 records out
3c84e34b319946f6531a2c4559f588a8  -
1048576000 bytes (1.0 GB) copied, 2.23366 s, 469 MB/s

real	0m2.236s
user	0m1.937s
sys	0m0.568s
1000+0 records in
1000+0 records out
3c84e34b319946f6531a2c4559f588a8  -
1048576000 bytes (1.0 GB) copied, 2.13251 s, 492 MB/s

real	0m2.135s
user	0m1.873s
sys	0m0.503s
1000+0 records in
1000+0 records out
3c84e34b319946f6531a2c4559f588a8  -
1048576000 bytes (1.0 GB) copied, 2.14328 s, 489 MB/s

real	0m2.146s
user	0m1.924s
sys	0m0.519s
1000+0 records in
1000+0 records out
1048576000 bytes (1.0 GB) copied3c84e34b319946f6531a2c4559f588a8  -
, 2.11018 s, 497 MB/s

real	0m2.113s
user	0m1.897s
sys	0m0.530s
1000+0 records in
1000+0 records out
3c84e34b319946f6531a2c4559f588a8  -
1048576000 bytes (1.0 GB) copied, 2.31619 s, 453 MB/s

real	0m2.319s
user	0m1.966s
sys	0m0.633s
1000+0 records in
1000+0 records out
3c84e34b319946f6531a2c4559f588a8  -
1048576000 bytes (1.0 GB) copied, 2.10705 s, 498 MB/s

real	0m2.109s
user	0m1.858s
sys	0m0.486s
1000+0 records in
1000+0 records out
3c84e34b319946f6531a2c4559f588a8  -
1048576000 bytes (1.0 GB) copied, 2.13099 s, 492 MB/s

real	0m2.134s
user	0m1.854s
sys	0m0.510s
1000+0 records in
1000+0 records out
3c84e34b319946f6531a2c4559f588a8  -
1048576000 bytes (1.0 GB) copied, 2.2418 s, 468 MB/s

real	0m2.245s
user	0m1.929s
sys	0m0.602s
1000+0 records in
1000+0 records out
3c84e34b319946f6531a2c4559f588a8  -
1048576000 bytes (1.0 GB) copied, 2.28405 s, 459 MB/s

real	0m2.287s
user	0m2.028s
sys	0m0.562s
1000+0 records in
1000+0 records out
3c84e34b319946f6531a2c4559f588a8  -
1048576000 bytes (1.0 GB) copied, 2.09499 s, 501 MB/s

real	0m2.098s
user	0m1.841s
sys	0m0.506s
1000+0 records in
1000+0 records out
3c84e34b319946f6531a2c4559f588a8  -
1048576000 bytes (1.0 GB) copied, 2.14369 s, 489 MB/s

real	0m2.146s
user	0m1.875s
sys	0m0.506s
1000+0 records in
1000+0 records out
3c84e34b319946f6531a2c4559f588a8  -
1048576000 bytes (1.0 GB) copied, 2.10749 s, 498 MB/s

real	0m2.110s
user	0m1.848s
sys	0m0.498s
1000+0 records in
1000+0 records out
3c84e34b319946f6531a2c4559f588a8  -
1048576000 bytes (1.0 GB) copied, 2.09988 s, 499 MB/s

real	0m2.103s
user	0m1.880s
sys	0m0.504s
1000+0 records in
1000+0 records out
1048576000 bytes (1.0 GB) copied3c84e34b319946f6531a2c4559f588a8  -
, 2.09712 s, 500 MB/s

real	0m2.100s
user	0m1.823s
sys	0m0.504s
1000+0 records in
1000+0 records out
3c84e34b319946f6531a2c4559f588a8  -
1048576000 bytes (1.0 GB) copied, 2.17982 s, 481 MB/s

real	0m2.182s
user	0m1.899s
sys	0m0.506s
1000+0 records in
1000+0 records out
1048576000 bytes (1.0 GB) copied3c84e34b319946f6531a2c4559f588a8  -
, 2.14066 s, 490 MB/s

real	0m2.144s
user	0m1.874s
sys	0m0.486s
1000+0 records in
1000+0 records out
3c84e34b319946f6531a2c4559f588a8  -
1048576000 bytes (1.0 GB) copied, 2.06763 s, 507 MB/s

real	0m2.070s
user	0m1.830s
sys	0m0.483s
1000+0 records in
1000+0 records out
3c84e34b319946f6531a2c4559f588a8  -
1048576000 bytes (1.0 GB) copied, 2.2505 s, 466 MB/s

real	0m2.253s
user	0m1.976s
sys	0m0.555s
1000+0 records in
1000+0 records out
3c84e34b319946f6531a2c4559f588a8  -
1048576000 bytes (1.0 GB) copied, 2.31249 s, 453 MB/s

real	0m2.315s
user	0m1.946s
sys	0m0.646s
1000+0 records in
1000+0 records out
3c84e34b319946f6531a2c4559f588a8  -
1048576000 bytes (1.0 GB) copied, 2.11771 s, 495 MB/s

real	0m2.120s
user	0m1.898s
sys	0m0.519s
1000+0 records in
1000+0 records out
3c84e34b319946f6531a2c4559f588a8  -
1048576000 bytes (1.0 GB) copied, 2.26243 s, 463 MB/s

real	0m2.265s
user	0m1.996s
sys	0m0.579s
1000+0 records in
1000+0 records out
3c84e34b319946f6531a2c4559f588a8  -
1048576000 bytes (1.0 GB) copied, 2.31769 s, 452 MB/s

real	0m2.321s
user	0m1.995s
sys	0m0.602s
1000+0 records in
1000+0 records out
3c84e34b319946f6531a2c4559f588a8  -
1048576000 bytes (1.0 GB) copied, 2.15316 s, 487 MB/s

real	0m2.156s
user	0m1.917s
sys	0m0.537s
1000+0 records in
1000+0 records out
3c84e34b319946f6531a2c4559f588a8  -
1048576000 bytes (1.0 GB) copied, 2.17331 s, 482 MB/s

real	0m2.176s
user	0m1.945s
sys	0m0.547s
1000+0 records in
1000+0 records out
3c84e34b319946f6531a2c4559f588a8  -
1048576000 bytes (1.0 GB) copied, 2.31241 s, 453 MB/s

real	0m2.315s
user	0m1.960s
sys	0m0.599s
1000+0 records in
1000+0 records out
3c84e34b319946f6531a2c4559f588a8  -
1048576000 bytes (1.0 GB) copied, 2.29403 s, 457 MB/s

real	0m2.297s
user	0m1.959s
sys	0m0.632s
1000+0 records in
1000+0 records out
3c84e34b319946f6531a2c4559f588a8  -
1048576000 bytes (1.0 GB) copied, 2.27672 s, 461 MB/s

real	0m2.279s
user	0m1.985s
sys	0m0.579s
1000+0 records in
1000+0 records out
3c84e34b319946f6531a2c4559f588a8  -
1048576000 bytes (1.0 GB) copied, 2.11705 s, 495 MB/s

real	0m2.120s
user	0m1.866s
sys	0m0.487s
1000+0 records in
1000+0 records out
3c84e34b319946f6531a2c4559f588a8  -
1048576000 bytes (1.0 GB) copied, 2.29216 s, 457 MB/s

real	0m2.295s
user	0m1.990s
sys	0m0.594s
1000+0 records in
1000+0 records out
3c84e34b319946f6531a2c4559f588a8  -
1048576000 bytes (1.0 GB) copied, 2.06613 s, 508 MB/s

real	0m2.069s
user	0m1.881s
sys	0m0.486s
1000+0 records in
1000+0 records out
3c84e34b319946f6531a2c4559f588a8  -
1048576000 bytes (1.0 GB) copied, 2.11173 s, 497 MB/s

real	0m2.114s
user	0m1.870s
sys	0m0.491s
1000+0 records in
1000+0 records out
3c84e34b319946f6531a2c4559f588a8  -
1048576000 bytes (1.0 GB) copied, 2.1115 s, 497 MB/s

real	0m2.114s
user	0m1.870s
sys	0m0.501s
1000+0 records in
1000+0 records out
3c84e34b319946f6531a2c4559f588a8  -
1048576000 bytes (1.0 GB) copied, 2.30228 s, 455 MB/s

real	0m2.305s
user	0m1.926s
sys	0m0.700s
1000+0 records in
1000+0 records out
1048576000 bytes (1.0 GB) copied3c84e34b319946f6531a2c4559f588a8  -
, 2.02944 s, 517 MB/s

real	0m2.032s
user	0m1.789s
sys	0m0.514s
1000+0 records in
1000+0 records out
3c84e34b319946f6531a2c4559f588a8  -
1048576000 bytes (1.0 GB) copied, 2.30725 s, 454 MB/s

real	0m2.310s
user	0m1.951s
sys	0m0.571s
1000+0 records in
1000+0 records out
3c84e34b319946f6531a2c4559f588a8  -
1048576000 bytes (1.0 GB) copied, 2.14015 s, 490 MB/s

real	0m2.143s
user	0m1.840s
sys	0m0.478s
1000+0 records in
1000+0 records out
3c84e34b319946f6531a2c4559f588a8  -
1048576000 bytes (1.0 GB) copied, 2.14691 s, 488 MB/s

real	0m2.150s
user	0m1.905s
sys	0m0.526s
1000+0 records in
1000+0 records out
3c84e34b319946f6531a2c4559f588a8  -
1048576000 bytes (1.0 GB) copied, 2.17449 s, 482 MB/s

real	0m2.177s
user	0m1.902s
sys	0m0.520s
1000+0 records in
1000+0 records out
3c84e34b319946f6531a2c4559f588a8  -
1048576000 bytes (1.0 GB) copied, 2.11425 s, 496 MB/s

real	0m2.117s
user	0m1.876s
sys	0m0.475s
1000+0 records in
1000+0 records out
3c84e34b319946f6531a2c4559f588a8  -
1048576000 bytes (1.0 GB) copied, 2.15017 s, 488 MB/s

real	0m2.153s
user	0m1.914s
sys	0m0.511s
1000+0 records in
1000+0 records out
3c84e34b319946f6531a2c4559f588a8  -
1048576000 bytes (1.0 GB) copied, 2.12174 s, 494 MB/s

real	0m2.124s
user	0m1.838s
sys	0m0.506s
1000+0 records in
1000+0 records out
3c84e34b319946f6531a2c4559f588a8  -
1048576000 bytes (1.0 GB) copied, 2.26784 s, 462 MB/s

real	0m2.271s
user	0m1.979s
sys	0m0.578s
1000+0 records in
1000+0 records out
3c84e34b319946f6531a2c4559f588a8  -
1048576000 bytes (1.0 GB) copied, 2.08766 s, 502 MB/s

real	0m2.090s
user	0m1.825s
sys	0m0.506s
1000+0 records in
1000+0 records out
1048576000 bytes (1.0 GB) copied3c84e34b319946f6531a2c4559f588a8  -
, 2.22142 s, 472 MB/s

real	0m2.224s
user	0m1.950s
sys	0m0.607s
1000+0 records in
1000+0 records out
3c84e34b319946f6531a2c4559f588a8  -
1048576000 bytes (1.0 GB) copied, 2.21638 s, 473 MB/s

real	0m2.219s
user	0m1.907s
sys	0m0.500s
1000+0 records in
1000+0 records out
3c84e34b319946f6531a2c4559f588a8  -
1048576000 bytes (1.0 GB) copied, 2.09714 s, 500 MB/s

real	0m2.100s
user	0m1.856s
sys	0m0.500s
1000+0 records in
1000+0 records out
3c84e34b319946f6531a2c4559f588a8  -
1048576000 bytes (1.0 GB) copied, 2.17278 s, 483 MB/s

real	0m2.176s
user	0m1.855s
sys	0m0.539s
1000+0 records in
1000+0 records out
3c84e34b319946f6531a2c4559f588a8  -
1048576000 bytes (1.0 GB) copied, 2.13497 s, 491 MB/s

real	0m2.138s
user	0m1.845s
sys	0m0.491s
1000+0 records in
1000+0 records out
3c84e34b319946f6531a2c4559f588a8  -
1048576000 bytes (1.0 GB) copied, 2.26735 s, 462 MB/s

real	0m2.270s
user	0m1.903s
sys	0m0.650s
1000+0 records in
1000+0 records out
3c84e34b319946f6531a2c4559f588a8  -
1048576000 bytes (1.0 GB) copied, 2.31531 s, 453 MB/s

real	0m2.318s
user	0m1.962s
sys	0m0.600s
1000+0 records in
1000+0 records out
1048576000 bytes (1.0 GB) copied3c84e34b319946f6531a2c4559f588a8  -
, 2.05797 s, 510 MB/s

real	0m2.061s
user	0m1.840s
sys	0m0.488s
1000+0 records in
1000+0 records out
1048576000 bytes (1.0 GB) copied3c84e34b319946f6531a2c4559f588a8  -
, 2.07208 s, 506 MB/s

real	0m2.075s
user	0m1.847s
sys	0m0.481s
1000+0 records in
1000+0 records out
3c84e34b319946f6531a2c4559f588a8  -
1048576000 bytes (1.0 GB) copied, 2.1425 s, 489 MB/s

real	0m2.145s
user	0m1.851s
sys	0m0.558s
1000+0 records in
1000+0 records out
1048576000 bytes (1.0 GB) copied, 2.11184 s, 497 MB/s
3c84e34b319946f6531a2c4559f588a8  -

real	0m2.115s
user	0m1.842s
sys	0m0.490s
1000+0 records in
1000+0 records out
3c84e34b319946f6531a2c4559f588a8  -
1048576000 bytes (1.0 GB) copied, 2.28577 s, 459 MB/s

real	0m2.288s
user	0m1.971s
sys	0m0.596s
1000+0 records in
1000+0 records out
3c84e34b319946f6531a2c4559f588a8  -
1048576000 bytes (1.0 GB) copied, 2.147 s, 488 MB/s

real	0m2.150s
user	0m1.858s
sys	0m0.551s
1000+0 records in
1000+0 records out
3c84e34b319946f6531a2c4559f588a8  -
1048576000 bytes (1.0 GB) copied, 2.21039 s, 474 MB/s

real	0m2.213s
user	0m1.918s
sys	0m0.575s
1000+0 records in
1000+0 records out
3c84e34b319946f6531a2c4559f588a8  -
1048576000 bytes (1.0 GB) copied, 2.31967 s, 452 MB/s

real	0m2.323s
user	0m1.968s
sys	0m0.635s
1000+0 records in
1000+0 records out
3c84e34b319946f6531a2c4559f588a8  -
1048576000 bytes (1.0 GB) copied, 2.28251 s, 459 MB/s

real	0m2.285s
user	0m1.983s
sys	0m0.590s
1000+0 records in
1000+0 records out
3c84e34b319946f6531a2c4559f588a8  -
1048576000 bytes (1.0 GB) copied, 2.22317 s, 472 MB/s

real	0m2.226s
user	0m1.955s
sys	0m0.590s
1000+0 records in
1000+0 records out
3c84e34b319946f6531a2c4559f588a8  -
1048576000 bytes (1.0 GB) copied, 2.32207 s, 452 MB/s

real	0m2.325s
user	0m1.956s
sys	0m0.636s
1000+0 records in
1000+0 records out
3c84e34b319946f6531a2c4559f588a8  -
1048576000 bytes (1.0 GB) copied, 2.71 s, 387 MB/s

real	0m2.713s
user	0m1.965s
sys	0m0.603s
1000+0 records in
1000+0 records out
3c84e34b319946f6531a2c4559f588a8  -
1048576000 bytes (1.0 GB) copied, 2.28906 s, 458 MB/s

real	0m2.292s
user	0m1.902s
sys	0m0.681s
1000+0 records in
1000+0 records out
1048576000 bytes (1.0 GB) copied, 2.03833 s, 514 MB/s
3c84e34b319946f6531a2c4559f588a8  -

real	0m2.042s
user	0m1.822s
sys	0m0.523s
1000+0 records in
1000+0 records out
3c84e34b319946f6531a2c4559f588a8  -
1048576000 bytes (1.0 GB) copied, 2.15989 s, 485 MB/s

real	0m2.163s
user	0m1.810s
sys	0m0.498s
1000+0 records in
1000+0 records out
1048576000 bytes (1.0 GB) copied3c84e34b319946f6531a2c4559f588a8  -
, 2.11362 s, 496 MB/s

real	0m2.116s
user	0m1.848s
sys	0m0.480s
1000+0 records in
1000+0 records out
3c84e34b319946f6531a2c4559f588a8  -
1048576000 bytes (1.0 GB) copied, 2.13262 s, 492 MB/s

real	0m2.136s
user	0m1.883s
sys	0m0.479s
1000+0 records in
1000+0 records out
3c84e34b319946f6531a2c4559f588a8  -
1048576000 bytes (1.0 GB) copied, 2.25185 s, 466 MB/s

real	0m2.255s
user	0m1.957s
sys	0m0.607s
1000+0 records in
1000+0 records out
3c84e34b319946f6531a2c4559f588a8  -
1048576000 bytes (1.0 GB) copied, 2.29765 s, 456 MB/s

real	0m2.300s
user	0m1.972s
sys	0m0.596s
1000+0 records in
1000+0 records out
3c84e34b319946f6531a2c4559f588a8  -
1048576000 bytes (1.0 GB) copied, 2.04375 s, 513 MB/s

real	0m2.047s
user	0m1.822s
sys	0m0.504s
1000+0 records in
1000+0 records out
3c84e34b319946f6531a2c4559f588a8  -
1048576000 bytes (1.0 GB) copied, 2.1035 s, 498 MB/s

real	0m2.106s
user	0m1.869s
sys	0m0.491s
1000+0 records in
1000+0 records out
3c84e34b319946f6531a2c4559f588a8  -
1048576000 bytes (1.0 GB) copied, 2.18996 s, 479 MB/s

real	0m2.193s
user	0m1.917s
sys	0m0.574s
1000+0 records in
1000+0 records out
3c84e34b319946f6531a2c4559f588a8  -
1048576000 bytes (1.0 GB) copied, 2.27679 s, 461 MB/s

real	0m2.279s
user	0m1.980s
sys	0m0.634s
1000+0 records in
1000+0 records out
1048576000 bytes (1.0 GB) copied3c84e34b319946f6531a2c4559f588a8  -
, 2.19148 s, 478 MB/s

real	0m2.194s
user	0m1.980s
sys	0m0.540s
1000+0 records in
1000+0 records out
3c84e34b319946f6531a2c4559f588a8  -
1048576000 bytes (1.0 GB) copied, 2.19827 s, 477 MB/s

real	0m2.201s
user	0m1.944s
sys	0m0.556s
1000+0 records in
1000+0 records out
3c84e34b319946f6531a2c4559f588a8  -
1048576000 bytes (1.0 GB) copied, 2.25767 s, 464 MB/s

real	0m2.260s
user	0m1.910s
sys	0m0.658s
1000+0 records in
1000+0 records out
3c84e34b319946f6531a2c4559f588a8  -
1048576000 bytes (1.0 GB) copied, 2.12408 s, 494 MB/s

real	0m2.127s
user	0m1.839s
sys	0m0.494s
1000+0 records in
1000+0 records out
3c84e34b319946f6531a2c4559f588a8  -
1048576000 bytes (1.0 GB) copied, 2.08141 s, 504 MB/s

real	0m2.084s
user	0m1.820s
sys	0m0.512s
1000+0 records in
1000+0 records out
3c84e34b319946f6531a2c4559f588a8  -
1048576000 bytes (1.0 GB) copied, 2.26615 s, 463 MB/s

real	0m2.269s
user	0m1.941s
sys	0m0.594s
1000+0 records in
1000+0 records out
3c84e34b319946f6531a2c4559f588a8  -
1048576000 bytes (1.0 GB) copied, 2.29029 s, 458 MB/s

real	0m2.293s
user	0m1.926s
sys	0m0.655s
1000+0 records in
1000+0 records out
3c84e34b319946f6531a2c4559f588a8  -
1048576000 bytes (1.0 GB) copied, 2.25592 s, 465 MB/s

real	0m2.259s
user	0m1.965s
sys	0m0.573s
1000+0 records in
1000+0 records out
3c84e34b319946f6531a2c4559f588a8  -
1048576000 bytes (1.0 GB) copied, 2.07342 s, 506 MB/s

real	0m2.076s
user	0m1.853s
sys	0m0.479s
1000+0 records in
1000+0 records out
3c84e34b319946f6531a2c4559f588a8  -
1048576000 bytes (1.0 GB) copied, 2.1018 s, 499 MB/s

real	0m2.105s
user	0m1.869s
sys	0m0.487s
1000+0 records in
1000+0 records out
1048576000 bytes (1.0 GB) copied, 2.04499 s, 513 MB/s
3c84e34b319946f6531a2c4559f588a8  -

real	0m2.048s
user	0m1.824s
sys	0m0.498s
1000+0 records in
1000+0 records out
3c84e34b319946f6531a2c4559f588a8  -
1048576000 bytes (1.0 GB) copied, 2.26255 s, 463 MB/s

real	0m2.265s
user	0m1.917s
sys	0m0.620s
1000+0 records in
1000+0 records out
3c84e34b319946f6531a2c4559f588a8  -
1048576000 bytes (1.0 GB) copied, 2.14666 s, 488 MB/s

real	0m2.149s
user	0m1.797s
sys	0m0.490s
1000+0 records in
1000+0 records out
3c84e34b319946f6531a2c4559f588a8  -
1048576000 bytes (1.0 GB) copied, 2.31417 s, 453 MB/s

real	0m2.317s
user	0m1.893s
sys	0m0.691s
1000+0 records in
1000+0 records out
3c84e34b319946f6531a2c4559f588a8  -
1048576000 bytes (1.0 GB) copied, 2.07291 s, 506 MB/s

real	0m2.076s
user	0m1.846s
sys	0m0.490s
1000+0 records in
1000+0 records out
3c84e34b319946f6531a2c4559f588a8  -
1048576000 bytes (1.0 GB) copied, 2.1193 s, 495 MB/s

real	0m2.122s
user	0m1.868s
sys	0m0.498s
1000+0 records in
1000+0 records out
3c84e34b319946f6531a2c4559f588a8  -
1048576000 bytes (1.0 GB) copied, 2.28906 s, 458 MB/s

real	0m2.292s
user	0m1.982s
sys	0m0.577s
1000+0 records in
1000+0 records out
3c84e34b319946f6531a2c4559f588a8  -
1048576000 bytes (1.0 GB) copied, 2.09685 s, 500 MB/s

real	0m2.100s
user	0m1.860s
sys	0m0.517s
1000+0 records in
1000+0 records out
3c84e34b319946f6531a2c4559f588a8  -
1048576000 bytes (1.0 GB) copied, 2.11166 s, 497 MB/s

real	0m2.114s
user	0m1.867s
sys	0m0.488s
1000+0 records in
1000+0 records out
3c84e34b319946f6531a2c4559f588a8  -
1048576000 bytes (1.0 GB) copied, 2.26302 s, 463 MB/s

real	0m2.266s
user	0m1.943s
sys	0m0.577s
1000+0 records in
1000+0 records out
1048576000 bytes (1.0 GB) copied3c84e34b319946f6531a2c4559f588a8  -
, 2.20471 s, 476 MB/s

real	0m2.207s
user	0m1.970s
sys	0m0.568s
1000+0 records in
1000+0 records out
3c84e34b319946f6531a2c4559f588a8  -
1048576000 bytes (1.0 GB) copied, 2.10729 s, 498 MB/s

real	0m2.110s
user	0m1.868s
sys	0m0.495s
1000+0 records in
1000+0 records out
3c84e34b319946f6531a2c4559f588a8  -
1048576000 bytes (1.0 GB) copied, 2.10413 s, 498 MB/s

real	0m2.107s
user	0m1.838s
sys	0m0.511s
1000+0 records in
1000+0 records out
3c84e34b319946f6531a2c4559f588a8  -
1048576000 bytes (1.0 GB) copied, 2.07125 s, 506 MB/s

real	0m2.074s
user	0m1.852s
sys	0m0.472s
1000+0 records in
1000+0 records out
3c84e34b319946f6531a2c4559f588a8  -
1048576000 bytes (1.0 GB) copied, 2.39018 s, 439 MB/s

real	0m2.393s
user	0m1.846s
sys	0m0.482s
1000+0 records in
1000+0 records out
3c84e34b319946f6531a2c4559f588a8  -
1048576000 bytes (1.0 GB) copied, 2.08518 s, 503 MB/s

real	0m2.088s
user	0m1.831s
sys	0m0.493s
1000+0 records in
1000+0 records out
3c84e34b319946f6531a2c4559f588a8  -
1048576000 bytes (1.0 GB) copied, 2.12686 s, 493 MB/s

real	0m2.130s
user	0m1.906s
sys	0m0.507s
1000+0 records in
1000+0 records out
3c84e34b319946f6531a2c4559f588a8  -
1048576000 bytes (1.0 GB) copied, 2.11643 s, 495 MB/s

real	0m2.119s
user	0m1.885s
sys	0m0.496s
1000+0 records in
1000+0 records out
3c84e34b319946f6531a2c4559f588a8  -
1048576000 bytes (1.0 GB) copied, 2.10826 s, 497 MB/s

real	0m2.111s
user	0m1.845s
sys	0m0.500s
1000+0 records in
1000+0 records out
3c84e34b319946f6531a2c4559f588a8  -
1048576000 bytes (1.0 GB) copied, 2.0899 s, 502 MB/s

real	0m2.093s
user	0m1.815s
sys	0m0.508s
1000+0 records in
1000+0 records out
1048576000 bytes (1.0 GB) copied3c84e34b319946f6531a2c4559f588a8  -
, 2.17633 s, 482 MB/s

real	0m2.179s
user	0m1.935s
sys	0m0.582s
1000+0 records in
1000+0 records out
3c84e34b319946f6531a2c4559f588a8  -
1048576000 bytes (1.0 GB) copied, 2.15009 s, 488 MB/s

real	0m2.153s
user	0m1.869s
sys	0m0.509s
1000+0 records in
1000+0 records out
3c84e34b319946f6531a2c4559f588a8  -
1048576000 bytes (1.0 GB) copied, 2.0892 s, 502 MB/s

real	0m2.092s
user	0m1.849s
sys	0m0.482s
1000+0 records in
1000+0 records out
3c84e34b319946f6531a2c4559f588a8  -
1048576000 bytes (1.0 GB) copied, 2.13764 s, 491 MB/s

real	0m2.140s
user	0m1.837s
sys	0m0.494s
1000+0 records in
1000+0 records out
3c84e34b319946f6531a2c4559f588a8  -
1048576000 bytes (1.0 GB) copied, 2.30784 s, 454 MB/s

real	0m2.311s
user	0m1.980s
sys	0m0.626s
1000+0 records in
1000+0 records out
3c84e34b319946f6531a2c4559f588a8  -
1048576000 bytes (1.0 GB) copied, 2.10994 s, 497 MB/s

real	0m2.113s
user	0m1.883s
sys	0m0.491s
1000+0 records in
1000+0 records out
3c84e34b319946f6531a2c4559f588a8  -
1048576000 bytes (1.0 GB) copied, 2.08218 s, 504 MB/s

real	0m2.085s
user	0m1.840s
sys	0m0.474s
1000+0 records in
1000+0 records out
3c84e34b319946f6531a2c4559f588a8  -
1048576000 bytes (1.0 GB) copied, 2.22053 s, 472 MB/s

real	0m2.223s
user	0m1.936s
sys	0m0.550s
1000+0 records in
1000+0 records out
3c84e34b319946f6531a2c4559f588a8  -
1048576000 bytes (1.0 GB) copied, 2.13075 s, 492 MB/s

real	0m2.134s
user	0m1.880s
sys	0m0.498s
1000+0 records in
1000+0 records out
1048576000 bytes (1.0 GB) copied3c84e34b319946f6531a2c4559f588a8  -
, 2.27648 s, 461 MB/s

real	0m2.279s
user	0m2.021s
sys	0m0.590s
1000+0 records in
1000+0 records out
1048576000 bytes (1.0 GB) copied, 2.0537 s, 511 MB/s
3c84e34b319946f6531a2c4559f588a8  -

real	0m2.057s
user	0m1.845s
sys	0m0.494s
1000+0 records in
1000+0 records out
3c84e34b319946f6531a2c4559f588a8  -
1048576000 bytes (1.0 GB) copied, 2.2047 s, 476 MB/s

real	0m2.207s
user	0m1.909s
sys	0m0.586s
1000+0 records in
1000+0 records out
3c84e34b319946f6531a2c4559f588a8  -
1048576000 bytes (1.0 GB) copied, 2.6858 s, 390 MB/s

real	0m2.688s
user	0m1.897s
sys	0m0.497s
1000+0 records in
1000+0 records out
3c84e34b319946f6531a2c4559f588a8  -
1048576000 bytes (1.0 GB) copied, 2.15348 s, 487 MB/s

real	0m2.157s
user	0m1.873s
sys	0m0.540s
1000+0 records in
1000+0 records out
3c84e34b319946f6531a2c4559f588a8  -
1048576000 bytes (1.0 GB) copied, 2.23355 s, 469 MB/s

real	0m2.236s
user	0m1.974s
sys	0m0.561s
1000+0 records in
1000+0 records out
3c84e34b319946f6531a2c4559f588a8  -
1048576000 bytes (1.0 GB) copied, 2.34151 s, 448 MB/s

real	0m2.344s
user	0m1.933s
sys	0m0.656s
1000+0 records in
1000+0 records out
3c84e34b319946f6531a2c4559f588a8  -
1048576000 bytes (1.0 GB) copied, 2.16665 s, 484 MB/s

real	0m2.169s
user	0m1.832s
sys	0m0.513s
1000+0 records in
1000+0 records out
3c84e34b319946f6531a2c4559f588a8  -
1048576000 bytes (1.0 GB) copied, 2.07928 s, 504 MB/s

real	0m2.082s
user	0m1.858s
sys	0m0.500s
1000+0 records in
1000+0 records out
3c84e34b319946f6531a2c4559f588a8  -
1048576000 bytes (1.0 GB) copied, 2.11864 s, 495 MB/s

real	0m2.121s
user	0m1.866s
sys	0m0.502s
1000+0 records in
1000+0 records out
3c84e34b319946f6531a2c4559f588a8  -
1048576000 bytes (1.0 GB) copied, 2.29578 s, 457 MB/s

real	0m2.299s
user	0m1.943s
sys	0m0.662s
1000+0 records in
1000+0 records out
1048576000 bytes (1.0 GB) copied, 2.10538 s, 498 MB/s
3c84e34b319946f6531a2c4559f588a8  -

real	0m2.108s
user	0m1.876s
sys	0m0.505s
