10000+0 records in
10000+0 records out
a02bf4596da9a0c3d2b10ac745b55ccf  -
10485760000 bytes (10 GB) copied, 19.6588 s, 533 MB/s

real	0m19.662s
user	0m18.103s
sys	0m4.773s
10000+0 records in
10000+0 records out
10485760000 bytes (10 GB) copied, 19.4644 s, 539 MB/s
a02bf4596da9a0c3d2b10ac745b55ccf  -

real	0m19.467s
user	0m18.045s
sys	0m4.769s
10000+0 records in
10000+0 records out
a02bf4596da9a0c3d2b10ac745b55ccf  -
10485760000 bytes (10 GB) copied, 19.4436 s, 539 MB/s

real	0m19.447s
user	0m18.031s
sys	0m4.741s
10000+0 records in
10000+0 records out
10485760000 bytes (10 GB) copied, 19.6498 s, 534 MB/s
a02bf4596da9a0c3d2b10ac745b55ccf  -

real	0m19.652s
user	0m18.191s
sys	0m4.750s
10000+0 records in
10000+0 records out
10485760000 bytes (10 GB) copied, 19.5463 s, 536 MB/s
a02bf4596da9a0c3d2b10ac745b55ccf  -

real	0m19.549s
user	0m18.259s
sys	0m4.624s
10000+0 records in
10000+0 records out
10485760000 bytes (10 GB) copied, 19.7735 s, 530 MB/s
a02bf4596da9a0c3d2b10ac745b55ccf  -

real	0m19.776s
user	0m18.278s
sys	0m4.840s
10000+0 records in
10000+0 records out
10485760000 bytes (10 GB) copied, 19.8654 s, 528 MB/s
a02bf4596da9a0c3d2b10ac745b55ccf  -

real	0m19.868s
user	0m18.381s
sys	0m4.803s
10000+0 records in
10000+0 records out
10485760000 bytes (10 GB) copied, 21.1998 s, 495 MB/s
a02bf4596da9a0c3d2b10ac745b55ccf  -

real	0m21.221s
user	0m18.442s
sys	0m6.231s
10000+0 records in
10000+0 records out
a02bf4596da9a0c3d2b10ac745b55ccf  -
10485760000 bytes (10 GB) copied, 19.8545 s, 528 MB/s

real	0m19.857s
user	0m18.404s
sys	0m4.787s
10000+0 records in
10000+0 records out
10485760000 bytes (10 GB) copied, 20.1071 s, 521 MB/s
a02bf4596da9a0c3d2b10ac745b55ccf  -

real	0m20.131s
user	0m18.567s
sys	0m4.980s
10000+0 records in
10000+0 records out
a02bf4596da9a0c3d2b10ac745b55ccf  -
10485760000 bytes (10 GB) copied, 19.7721 s, 530 MB/s

real	0m19.775s
user	0m18.316s
sys	0m4.826s
10000+0 records in
10000+0 records out
10485760000 bytes (10 GB) copied, 19.8158 s, 529 MB/s
a02bf4596da9a0c3d2b10ac745b55ccf  -

real	0m19.846s
user	0m18.264s
sys	0m4.873s
10000+0 records in
10000+0 records out
10485760000 bytes (10 GB) copied, 20.3584 s, 515 MB/s
a02bf4596da9a0c3d2b10ac745b55ccf  -

real	0m20.361s
user	0m18.802s
sys	0m5.101s
10000+0 records in
10000+0 records out
10485760000 bytes (10 GB) copied, 20.0575 s, 523 MB/s
a02bf4596da9a0c3d2b10ac745b55ccf  -

real	0m20.076s
user	0m18.471s
sys	0m5.018s
10000+0 records in
10000+0 records out
10485760000 bytes (10 GB) copied, 19.7008 s, 532 MB/s
a02bf4596da9a0c3d2b10ac745b55ccf  -

real	0m19.703s
user	0m18.232s
sys	0m4.798s
10000+0 records in
10000+0 records out
10485760000 bytes (10 GB) copieda02bf4596da9a0c3d2b10ac745b55ccf  -
, 19.9441 s, 526 MB/s

real	0m19.963s
user	0m18.465s
sys	0m4.868s
10000+0 records in
10000+0 records out
10485760000 bytes (10 GB) copieda02bf4596da9a0c3d2b10ac745b55ccf  -
, 19.7948 s, 530 MB/s

real	0m19.798s
user	0m18.300s
sys	0m4.846s
10000+0 records in
10000+0 records out
10485760000 bytes (10 GB) copied, 19.8799 s, 527 MB/s
a02bf4596da9a0c3d2b10ac745b55ccf  -

real	0m19.893s
user	0m18.396s
sys	0m4.839s
10000+0 records in
10000+0 records out
10485760000 bytes (10 GB) copied, 21.818 s, 481 MB/s
a02bf4596da9a0c3d2b10ac745b55ccf  -

real	0m21.821s
user	0m19.132s
sys	0m6.392s
10000+0 records in
10000+0 records out
10485760000 bytes (10 GB) copied, 19.4888 s, 538 MB/s
a02bf4596da9a0c3d2b10ac745b55ccf  -

real	0m19.509s
user	0m18.050s
sys	0m4.773s
10000+0 records in
10000+0 records out
10485760000 bytes (10 GB) copieda02bf4596da9a0c3d2b10ac745b55ccf  -
, 20.1723 s, 520 MB/s

real	0m20.175s
user	0m18.431s
sys	0m5.225s
10000+0 records in
10000+0 records out
10485760000 bytes (10 GB) copied, 19.7035 s, 532 MB/s
a02bf4596da9a0c3d2b10ac745b55ccf  -

real	0m19.729s
user	0m18.162s
sys	0m4.811s
10000+0 records in
10000+0 records out
10485760000 bytes (10 GB) copied, 20.0707 s, 522 MB/s
a02bf4596da9a0c3d2b10ac745b55ccf  -

real	0m20.073s
user	0m18.347s
sys	0m5.161s
10000+0 records in
10000+0 records out
10485760000 bytes (10 GB) copied, 20.8603 s, 503 MB/s
a02bf4596da9a0c3d2b10ac745b55ccf  -

real	0m20.888s
user	0m18.459s
sys	0m5.094s
10000+0 records in
10000+0 records out
10485760000 bytes (10 GB) copied, 20.2529 s, 518 MB/s
a02bf4596da9a0c3d2b10ac745b55ccf  -

real	0m20.256s
user	0m18.675s
sys	0m5.096s
10000+0 records in
10000+0 records out
10485760000 bytes (10 GB) copieda02bf4596da9a0c3d2b10ac745b55ccf  -
, 20.3561 s, 515 MB/s

real	0m20.383s
user	0m18.717s
sys	0m5.129s
10000+0 records in
10000+0 records out
10485760000 bytes (10 GB) copied, 20.5916 s, 509 MB/s
a02bf4596da9a0c3d2b10ac745b55ccf  -

real	0m20.594s
user	0m18.703s
sys	0m5.055s
10000+0 records in
10000+0 records out
10485760000 bytes (10 GB) copied, 20.5584 s, 510 MB/s
a02bf4596da9a0c3d2b10ac745b55ccf  -

real	0m20.582s
user	0m18.918s
sys	0m5.243s
10000+0 records in
10000+0 records out
10485760000 bytes (10 GB) copieda02bf4596da9a0c3d2b10ac745b55ccf  -
, 19.9363 s, 526 MB/s

real	0m19.939s
user	0m18.415s
sys	0m4.940s
10000+0 records in
10000+0 records out
10485760000 bytes (10 GB) copieda02bf4596da9a0c3d2b10ac745b55ccf  -
, 20.276 s, 517 MB/s

real	0m20.308s
user	0m18.583s
sys	0m5.011s
10000+0 records in
10000+0 records out
10485760000 bytes (10 GB) copied, 19.7716 s, 530 MB/s
a02bf4596da9a0c3d2b10ac745b55ccf  -

real	0m19.774s
user	0m18.268s
sys	0m4.826s
10000+0 records in
10000+0 records out
10485760000 bytes (10 GB) copied, 19.93 s, 526 MB/s
a02bf4596da9a0c3d2b10ac745b55ccf  -

real	0m19.955s
user	0m18.436s
sys	0m4.870s
10000+0 records in
10000+0 records out
10485760000 bytes (10 GB) copieda02bf4596da9a0c3d2b10ac745b55ccf  -
, 20.9152 s, 501 MB/s

real	0m20.918s
user	0m19.137s
sys	0m5.386s
10000+0 records in
10000+0 records out
10485760000 bytes (10 GB) copied, 19.7922 s, 530 MB/s
a02bf4596da9a0c3d2b10ac745b55ccf  -

real	0m19.812s
user	0m18.306s
sys	0m4.866s
10000+0 records in
10000+0 records out
10485760000 bytes (10 GB) copieda02bf4596da9a0c3d2b10ac745b55ccf  -
, 19.7374 s, 531 MB/s

real	0m19.740s
user	0m18.221s
sys	0m4.859s
10000+0 records in
10000+0 records out
10485760000 bytes (10 GB) copied, 19.8435 s, 528 MB/s
a02bf4596da9a0c3d2b10ac745b55ccf  -

real	0m19.868s
user	0m18.396s
sys	0m4.842s
10000+0 records in
10000+0 records out
10485760000 bytes (10 GB) copied, 20.136 s, 521 MB/s
a02bf4596da9a0c3d2b10ac745b55ccf  -

real	0m20.141s
user	0m18.577s
sys	0m5.020s
10000+0 records in
10000+0 records out
10485760000 bytes (10 GB) copied, 21.5249 s, 487 MB/s
a02bf4596da9a0c3d2b10ac745b55ccf  -

real	0m21.551s
user	0m18.838s
sys	0m6.289s
10000+0 records in
10000+0 records out
a02bf4596da9a0c3d2b10ac745b55ccf  -
10485760000 bytes (10 GB) copied, 21.8497 s, 480 MB/s

real	0m21.852s
user	0m19.123s
sys	0m6.366s
10000+0 records in
10000+0 records out
10485760000 bytes (10 GB) copied, 20.2294 s, 518 MB/s
a02bf4596da9a0c3d2b10ac745b55ccf  -

real	0m20.249s
user	0m18.510s
sys	0m5.226s
