500+0 records in
500+0 records out
afbad591ee2b70ac94258fbc7fac3bf2  -
524288000 bytes (524 MB) copied, 1.34906 s, 389 MB/s

real	0m1.352s
user	0m1.168s
sys	0m0.333s
500+0 records in
500+0 records out
afbad591ee2b70ac94258fbc7fac3bf2  -
524288000 bytes (524 MB) copied, 1.40668 s, 373 MB/s

real	0m1.409s
user	0m1.176s
sys	0m0.315s
500+0 records in
500+0 records out
524288000 bytes (524 MB) copiedafbad591ee2b70ac94258fbc7fac3bf2  -
, 1.33466 s, 393 MB/s

real	0m1.338s
user	0m1.168s
sys	0m0.295s
500+0 records in
500+0 records out
afbad591ee2b70ac94258fbc7fac3bf2  -
524288000 bytes (524 MB) copied, 1.39539 s, 376 MB/s

real	0m1.398s
user	0m1.179s
sys	0m0.278s
500+0 records in
500+0 records out
afbad591ee2b70ac94258fbc7fac3bf2  -
524288000 bytes (524 MB) copied, 1.38818 s, 378 MB/s

real	0m1.391s
user	0m1.183s
sys	0m0.276s
500+0 records in
500+0 records out
afbad591ee2b70ac94258fbc7fac3bf2  -
524288000 bytes (524 MB) copied, 1.3452 s, 390 MB/s

real	0m1.348s
user	0m1.179s
sys	0m0.284s
500+0 records in
500+0 records out
afbad591ee2b70ac94258fbc7fac3bf2  -
524288000 bytes (524 MB) copied, 1.37111 s, 382 MB/s

real	0m1.374s
user	0m1.158s
sys	0m0.296s
500+0 records in
500+0 records out
afbad591ee2b70ac94258fbc7fac3bf2  -
524288000 bytes (524 MB) copied, 1.43653 s, 365 MB/s

real	0m1.439s
user	0m1.169s
sys	0m0.288s
500+0 records in
500+0 records out
afbad591ee2b70ac94258fbc7fac3bf2  -
524288000 bytes (524 MB) copied, 1.35483 s, 387 MB/s

real	0m1.358s
user	0m1.160s
sys	0m0.346s
500+0 records in
500+0 records out
afbad591ee2b70ac94258fbc7fac3bf2  -
524288000 bytes (524 MB) copied, 1.40241 s, 374 MB/s

real	0m1.405s
user	0m1.165s
sys	0m0.298s
500+0 records in
500+0 records out
afbad591ee2b70ac94258fbc7fac3bf2  -
524288000 bytes (524 MB) copied, 1.40769 s, 372 MB/s

real	0m1.411s
user	0m1.170s
sys	0m0.355s
500+0 records in
500+0 records out
afbad591ee2b70ac94258fbc7fac3bf2  -
524288000 bytes (524 MB) copied, 1.3453 s, 390 MB/s

real	0m1.348s
user	0m1.175s
sys	0m0.290s
500+0 records in
500+0 records out
afbad591ee2b70ac94258fbc7fac3bf2  -
524288000 bytes (524 MB) copied, 1.35481 s, 387 MB/s

real	0m1.357s
user	0m1.163s
sys	0m0.301s
500+0 records in
500+0 records out
afbad591ee2b70ac94258fbc7fac3bf2  -
524288000 bytes (524 MB) copied, 1.38096 s, 380 MB/s

real	0m1.383s
user	0m1.180s
sys	0m0.272s
500+0 records in
500+0 records out
afbad591ee2b70ac94258fbc7fac3bf2  -
524288000 bytes (524 MB) copied, 1.35393 s, 387 MB/s

real	0m1.357s
user	0m1.158s
sys	0m0.299s
500+0 records in
500+0 records out
524288000 bytes (524 MB) copied, 1.33756 s, 392 MB/s
afbad591ee2b70ac94258fbc7fac3bf2  -

real	0m1.340s
user	0m1.179s
sys	0m0.274s
500+0 records in
500+0 records out
afbad591ee2b70ac94258fbc7fac3bf2  -
524288000 bytes (524 MB) copied, 1.33354 s, 393 MB/s

real	0m1.336s
user	0m1.180s
sys	0m0.278s
500+0 records in
500+0 records out
afbad591ee2b70ac94258fbc7fac3bf2  -
524288000 bytes (524 MB) copied, 1.3505 s, 388 MB/s

real	0m1.353s
user	0m1.178s
sys	0m0.310s
500+0 records in
500+0 records out
524288000 bytes (524 MB) copied, 1.35642 s, 387 MB/s
afbad591ee2b70ac94258fbc7fac3bf2  -

real	0m1.359s
user	0m1.166s
sys	0m0.298s
500+0 records in
500+0 records out
524288000 bytes (524 MB) copied, 1.31582 s, 398 MB/s
afbad591ee2b70ac94258fbc7fac3bf2  -

real	0m1.319s
user	0m1.179s
sys	0m0.313s
500+0 records in
500+0 records out
afbad591ee2b70ac94258fbc7fac3bf2  -
524288000 bytes (524 MB) copied, 1.38152 s, 380 MB/s

real	0m1.384s
user	0m1.180s
sys	0m0.367s
500+0 records in
500+0 records out
afbad591ee2b70ac94258fbc7fac3bf2  -
524288000 bytes (524 MB) copied, 1.45995 s, 359 MB/s

real	0m1.463s
user	0m1.183s
sys	0m0.316s
500+0 records in
500+0 records out
afbad591ee2b70ac94258fbc7fac3bf2  -
524288000 bytes (524 MB) copied, 1.33294 s, 393 MB/s

real	0m1.336s
user	0m1.165s
sys	0m0.320s
500+0 records in
500+0 records out
524288000 bytes (524 MB) copied, 1.35644 s, 387 MB/s
afbad591ee2b70ac94258fbc7fac3bf2  -

real	0m1.359s
user	0m1.177s
sys	0m0.297s
500+0 records in
500+0 records out
524288000 bytes (524 MB) copied, 1.33728 s, 392 MB/s
afbad591ee2b70ac94258fbc7fac3bf2  -

real	0m1.340s
user	0m1.183s
sys	0m0.274s
500+0 records in
500+0 records out
afbad591ee2b70ac94258fbc7fac3bf2  -
524288000 bytes (524 MB) copied, 1.40983 s, 372 MB/s

real	0m1.413s
user	0m1.178s
sys	0m0.286s
500+0 records in
500+0 records out
524288000 bytes (524 MB) copied, 1.37886 s, 380 MB/s
afbad591ee2b70ac94258fbc7fac3bf2  -

real	0m1.382s
user	0m1.172s
sys	0m0.282s
500+0 records in
500+0 records out
524288000 bytes (524 MB) copiedafbad591ee2b70ac94258fbc7fac3bf2  -
, 1.33488 s, 393 MB/s

real	0m1.338s
user	0m1.176s
sys	0m0.287s
500+0 records in
500+0 records out
afbad591ee2b70ac94258fbc7fac3bf2  -
524288000 bytes (524 MB) copied, 1.31759 s, 398 MB/s

real	0m1.321s
user	0m1.179s
sys	0m0.284s
500+0 records in
500+0 records out
524288000 bytes (524 MB) copied, 1.37047 s, 383 MB/s
afbad591ee2b70ac94258fbc7fac3bf2  -

real	0m1.373s
user	0m1.180s
sys	0m0.275s
500+0 records in
500+0 records out
afbad591ee2b70ac94258fbc7fac3bf2  -
524288000 bytes (524 MB) copied, 1.36468 s, 384 MB/s

real	0m1.367s
user	0m1.177s
sys	0m0.278s
500+0 records in
500+0 records out
afbad591ee2b70ac94258fbc7fac3bf2  -
524288000 bytes (524 MB) copied, 1.3507 s, 388 MB/s

real	0m1.353s
user	0m1.173s
sys	0m0.290s
500+0 records in
500+0 records out
afbad591ee2b70ac94258fbc7fac3bf2  -
524288000 bytes (524 MB) copied, 1.33257 s, 393 MB/s

real	0m1.336s
user	0m1.166s
sys	0m0.288s
500+0 records in
500+0 records out
afbad591ee2b70ac94258fbc7fac3bf2  -
524288000 bytes (524 MB) copied, 1.33479 s, 393 MB/s

real	0m1.338s
user	0m1.165s
sys	0m0.289s
500+0 records in
500+0 records out
afbad591ee2b70ac94258fbc7fac3bf2  -
524288000 bytes (524 MB) copied, 1.39575 s, 376 MB/s

real	0m1.399s
user	0m1.169s
sys	0m0.390s
500+0 records in
500+0 records out
afbad591ee2b70ac94258fbc7fac3bf2  -
524288000 bytes (524 MB) copied, 1.33266 s, 393 MB/s

real	0m1.335s
user	0m1.162s
sys	0m0.305s
500+0 records in
500+0 records out
afbad591ee2b70ac94258fbc7fac3bf2  -
524288000 bytes (524 MB) copied, 1.35394 s, 387 MB/s

real	0m1.357s
user	0m1.176s
sys	0m0.288s
500+0 records in
500+0 records out
524288000 bytes (524 MB) copied, 1.34905 s, 389 MB/s
afbad591ee2b70ac94258fbc7fac3bf2  -

real	0m1.352s
user	0m1.181s
sys	0m0.334s
500+0 records in
500+0 records out
afbad591ee2b70ac94258fbc7fac3bf2  -
524288000 bytes (524 MB) copied, 1.35702 s, 386 MB/s

real	0m1.360s
user	0m1.169s
sys	0m0.293s
500+0 records in
500+0 records out
524288000 bytes (524 MB) copied, 1.40047 s, 374 MB/s
afbad591ee2b70ac94258fbc7fac3bf2  -

real	0m1.403s
user	0m1.173s
sys	0m0.383s
500+0 records in
500+0 records out
afbad591ee2b70ac94258fbc7fac3bf2  -
524288000 bytes (524 MB) copied, 1.35516 s, 387 MB/s

real	0m1.358s
user	0m1.163s
sys	0m0.319s
500+0 records in
500+0 records out
afbad591ee2b70ac94258fbc7fac3bf2  -
524288000 bytes (524 MB) copied, 1.42392 s, 368 MB/s

real	0m1.427s
user	0m1.166s
sys	0m0.332s
500+0 records in
500+0 records out
afbad591ee2b70ac94258fbc7fac3bf2  -
524288000 bytes (524 MB) copied, 1.36436 s, 384 MB/s

real	0m1.367s
user	0m1.165s
sys	0m0.313s
500+0 records in
500+0 records out
afbad591ee2b70ac94258fbc7fac3bf2  -
524288000 bytes (524 MB) copied, 1.45066 s, 361 MB/s

real	0m1.454s
user	0m1.169s
sys	0m0.291s
500+0 records in
500+0 records out
524288000 bytes (524 MB) copied, 1.38618 s, 378 MB/s
afbad591ee2b70ac94258fbc7fac3bf2  -

real	0m1.389s
user	0m1.156s
sys	0m0.301s
500+0 records in
500+0 records out
afbad591ee2b70ac94258fbc7fac3bf2  -
524288000 bytes (524 MB) copied, 1.4671 s, 357 MB/s

real	0m1.470s
user	0m1.181s
sys	0m0.363s
500+0 records in
500+0 records out
afbad591ee2b70ac94258fbc7fac3bf2  -
524288000 bytes (524 MB) copied, 1.34484 s, 390 MB/s

real	0m1.348s
user	0m1.188s
sys	0m0.285s
500+0 records in
500+0 records out
524288000 bytes (524 MB) copied, 1.30763 s, 401 MB/s
afbad591ee2b70ac94258fbc7fac3bf2  -

real	0m1.310s
user	0m1.161s
sys	0m0.299s
500+0 records in
500+0 records out
afbad591ee2b70ac94258fbc7fac3bf2  -
524288000 bytes (524 MB) copied, 1.41065 s, 372 MB/s

real	0m1.413s
user	0m1.174s
sys	0m0.283s
500+0 records in
500+0 records out
afbad591ee2b70ac94258fbc7fac3bf2  -
524288000 bytes (524 MB) copied, 1.35262 s, 388 MB/s

real	0m1.355s
user	0m1.171s
sys	0m0.293s
500+0 records in
500+0 records out
afbad591ee2b70ac94258fbc7fac3bf2  -
524288000 bytes (524 MB) copied, 1.36696 s, 384 MB/s

real	0m1.370s
user	0m1.178s
sys	0m0.306s
500+0 records in
500+0 records out
afbad591ee2b70ac94258fbc7fac3bf2  -
524288000 bytes (524 MB) copied, 1.31972 s, 397 MB/s

real	0m1.323s
user	0m1.171s
sys	0m0.290s
500+0 records in
500+0 records out
524288000 bytes (524 MB) copied, 1.32342 s, 396 MB/s
afbad591ee2b70ac94258fbc7fac3bf2  -

real	0m1.326s
user	0m1.175s
sys	0m0.284s
500+0 records in
500+0 records out
afbad591ee2b70ac94258fbc7fac3bf2  -
524288000 bytes (524 MB) copied, 1.38978 s, 377 MB/s

real	0m1.393s
user	0m1.188s
sys	0m0.277s
500+0 records in
500+0 records out
524288000 bytes (524 MB) copiedafbad591ee2b70ac94258fbc7fac3bf2  -
, 1.31872 s, 398 MB/s

real	0m1.321s
user	0m1.174s
sys	0m0.279s
500+0 records in
500+0 records out
524288000 bytes (524 MB) copied, 1.3841 s, 379 MB/s
afbad591ee2b70ac94258fbc7fac3bf2  -

real	0m1.387s
user	0m1.176s
sys	0m0.302s
500+0 records in
500+0 records out
afbad591ee2b70ac94258fbc7fac3bf2  -
524288000 bytes (524 MB) copied, 1.3763 s, 381 MB/s

real	0m1.379s
user	0m1.175s
sys	0m0.322s
500+0 records in
500+0 records out
afbad591ee2b70ac94258fbc7fac3bf2  -
524288000 bytes (524 MB) copied, 1.45226 s, 361 MB/s

real	0m1.455s
user	0m1.172s
sys	0m0.390s
500+0 records in
500+0 records out
524288000 bytes (524 MB) copied, 1.4266 s, 368 MB/s
afbad591ee2b70ac94258fbc7fac3bf2  -

real	0m1.430s
user	0m1.182s
sys	0m0.331s
500+0 records in
500+0 records out
524288000 bytes (524 MB) copied, 1.31815 s, 398 MB/s
afbad591ee2b70ac94258fbc7fac3bf2  -

real	0m1.321s
user	0m1.165s
sys	0m0.307s
500+0 records in
500+0 records out
524288000 bytes (524 MB) copiedafbad591ee2b70ac94258fbc7fac3bf2  -
, 1.37215 s, 382 MB/s

real	0m1.374s
user	0m1.175s
sys	0m0.289s
500+0 records in
500+0 records out
afbad591ee2b70ac94258fbc7fac3bf2  -
524288000 bytes (524 MB) copied, 1.40167 s, 374 MB/s

real	0m1.404s
user	0m1.185s
sys	0m0.271s
500+0 records in
500+0 records out
afbad591ee2b70ac94258fbc7fac3bf2  -
524288000 bytes (524 MB) copied, 1.32229 s, 396 MB/s

real	0m1.325s
user	0m1.171s
sys	0m0.312s
500+0 records in
500+0 records out
afbad591ee2b70ac94258fbc7fac3bf2  -
524288000 bytes (524 MB) copied, 1.34291 s, 390 MB/s

real	0m1.346s
user	0m1.188s
sys	0m0.271s
500+0 records in
500+0 records out
524288000 bytes (524 MB) copied, 1.32201 s, 397 MB/s
afbad591ee2b70ac94258fbc7fac3bf2  -

real	0m1.325s
user	0m1.163s
sys	0m0.325s
500+0 records in
500+0 records out
afbad591ee2b70ac94258fbc7fac3bf2  -
524288000 bytes (524 MB) copied, 1.4384 s, 364 MB/s

real	0m1.441s
user	0m1.173s
sys	0m0.296s
500+0 records in
500+0 records out
afbad591ee2b70ac94258fbc7fac3bf2  -
524288000 bytes (524 MB) copied, 1.40155 s, 374 MB/s

real	0m1.404s
user	0m1.181s
sys	0m0.344s
500+0 records in
500+0 records out
afbad591ee2b70ac94258fbc7fac3bf2  -
524288000 bytes (524 MB) copied, 1.38864 s, 378 MB/s

real	0m1.392s
user	0m1.168s
sys	0m0.318s
500+0 records in
500+0 records out
afbad591ee2b70ac94258fbc7fac3bf2  -
524288000 bytes (524 MB) copied, 1.42497 s, 368 MB/s

real	0m1.428s
user	0m1.173s
sys	0m0.294s
500+0 records in
500+0 records out
524288000 bytes (524 MB) copied, 1.46607 s, 358 MB/s
afbad591ee2b70ac94258fbc7fac3bf2  -

real	0m1.469s
user	0m1.177s
sys	0m0.384s
500+0 records in
500+0 records out
afbad591ee2b70ac94258fbc7fac3bf2  -
524288000 bytes (524 MB) copied, 1.49042 s, 352 MB/s

real	0m1.493s
user	0m1.195s
sys	0m0.380s
500+0 records in
500+0 records out
afbad591ee2b70ac94258fbc7fac3bf2  -
524288000 bytes (524 MB) copied, 1.38189 s, 379 MB/s

real	0m1.385s
user	0m1.176s
sys	0m0.301s
500+0 records in
500+0 records out
524288000 bytes (524 MB) copied, 1.40068 s, 374 MB/s
afbad591ee2b70ac94258fbc7fac3bf2  -

real	0m1.403s
user	0m1.150s
sys	0m0.404s
500+0 records in
500+0 records out
afbad591ee2b70ac94258fbc7fac3bf2  -
524288000 bytes (524 MB) copied, 1.32426 s, 396 MB/s

real	0m1.327s
user	0m1.169s
sys	0m0.321s
500+0 records in
500+0 records out
524288000 bytes (524 MB) copied, 1.37594 s, 381 MB/s
afbad591ee2b70ac94258fbc7fac3bf2  -

real	0m1.379s
user	0m1.177s
sys	0m0.323s
500+0 records in
500+0 records out
524288000 bytes (524 MB) copied, 1.30557 s, 402 MB/s
afbad591ee2b70ac94258fbc7fac3bf2  -

real	0m1.308s
user	0m1.171s
sys	0m0.304s
500+0 records in
500+0 records out
afbad591ee2b70ac94258fbc7fac3bf2  -
524288000 bytes (524 MB) copied, 1.35133 s, 388 MB/s

real	0m1.354s
user	0m1.182s
sys	0m0.309s
500+0 records in
500+0 records out
524288000 bytes (524 MB) copied, 1.32534 s, 396 MB/s
afbad591ee2b70ac94258fbc7fac3bf2  -

real	0m1.328s
user	0m1.174s
sys	0m0.320s
500+0 records in
500+0 records out
afbad591ee2b70ac94258fbc7fac3bf2  -
524288000 bytes (524 MB) copied, 1.36606 s, 384 MB/s

real	0m1.369s
user	0m1.169s
sys	0m0.308s
500+0 records in
500+0 records out
524288000 bytes (524 MB) copied, 1.30606 s, 401 MB/s
afbad591ee2b70ac94258fbc7fac3bf2  -

real	0m1.309s
user	0m1.181s
sys	0m0.284s
500+0 records in
500+0 records out
afbad591ee2b70ac94258fbc7fac3bf2  -
524288000 bytes (524 MB) copied, 1.43874 s, 364 MB/s

real	0m1.441s
user	0m1.183s
sys	0m0.350s
500+0 records in
500+0 records out
524288000 bytes (524 MB) copied, 1.25935 s, 416 MB/s
afbad591ee2b70ac94258fbc7fac3bf2  -

real	0m1.262s
user	0m1.169s
sys	0m0.294s
500+0 records in
500+0 records out
afbad591ee2b70ac94258fbc7fac3bf2  -
524288000 bytes (524 MB) copied, 1.43637 s, 365 MB/s

real	0m1.439s
user	0m1.156s
sys	0m0.410s
500+0 records in
500+0 records out
afbad591ee2b70ac94258fbc7fac3bf2  -
524288000 bytes (524 MB) copied, 1.38294 s, 379 MB/s

real	0m1.386s
user	0m1.178s
sys	0m0.284s
500+0 records in
500+0 records out
524288000 bytes (524 MB) copied, 1.35415 s, 387 MB/s
afbad591ee2b70ac94258fbc7fac3bf2  -

real	0m1.357s
user	0m1.177s
sys	0m0.283s
500+0 records in
500+0 records out
afbad591ee2b70ac94258fbc7fac3bf2  -
524288000 bytes (524 MB) copied, 1.38451 s, 379 MB/s

real	0m1.387s
user	0m1.160s
sys	0m0.336s
500+0 records in
500+0 records out
afbad591ee2b70ac94258fbc7fac3bf2  -
524288000 bytes (524 MB) copied, 1.40946 s, 372 MB/s

real	0m1.412s
user	0m1.183s
sys	0m0.279s
500+0 records in
500+0 records out
524288000 bytes (524 MB) copied, 1.34579 s, 390 MB/s
afbad591ee2b70ac94258fbc7fac3bf2  -

real	0m1.349s
user	0m1.158s
sys	0m0.323s
500+0 records in
500+0 records out
afbad591ee2b70ac94258fbc7fac3bf2  -
524288000 bytes (524 MB) copied, 1.43122 s, 366 MB/s

real	0m1.434s
user	0m1.172s
sys	0m0.305s
500+0 records in
500+0 records out
524288000 bytes (524 MB) copied, 1.32106 s, 397 MB/s
afbad591ee2b70ac94258fbc7fac3bf2  -

real	0m1.324s
user	0m1.172s
sys	0m0.293s
500+0 records in
500+0 records out
afbad591ee2b70ac94258fbc7fac3bf2  -
524288000 bytes (524 MB) copied, 1.48938 s, 352 MB/s

real	0m1.492s
user	0m1.178s
sys	0m0.271s
500+0 records in
500+0 records out
afbad591ee2b70ac94258fbc7fac3bf2  -
524288000 bytes (524 MB) copied, 1.45041 s, 361 MB/s

real	0m1.453s
user	0m1.173s
sys	0m0.339s
500+0 records in
500+0 records out
524288000 bytes (524 MB) copied, 1.359 s, 386 MB/s
afbad591ee2b70ac94258fbc7fac3bf2  -

real	0m1.362s
user	0m1.170s
sys	0m0.321s
500+0 records in
500+0 records out
afbad591ee2b70ac94258fbc7fac3bf2  -
524288000 bytes (524 MB) copied, 1.42803 s, 367 MB/s

real	0m1.431s
user	0m1.167s
sys	0m0.370s
500+0 records in
500+0 records out
afbad591ee2b70ac94258fbc7fac3bf2  -
524288000 bytes (524 MB) copied, 1.43555 s, 365 MB/s

real	0m1.438s
user	0m1.182s
sys	0m0.278s
500+0 records in
500+0 records out
afbad591ee2b70ac94258fbc7fac3bf2  -
524288000 bytes (524 MB) copied, 1.36347 s, 385 MB/s

real	0m1.366s
user	0m1.182s
sys	0m0.318s
500+0 records in
500+0 records out
afbad591ee2b70ac94258fbc7fac3bf2  -
524288000 bytes (524 MB) copied, 1.79154 s, 293 MB/s

real	0m1.795s
user	0m1.179s
sys	0m0.363s
500+0 records in
500+0 records out
524288000 bytes (524 MB) copied, 1.34799 s, 389 MB/s
afbad591ee2b70ac94258fbc7fac3bf2  -

real	0m1.351s
user	0m1.170s
sys	0m0.306s
500+0 records in
500+0 records out
afbad591ee2b70ac94258fbc7fac3bf2  -
524288000 bytes (524 MB) copied, 1.32695 s, 395 MB/s

real	0m1.330s
user	0m1.171s
sys	0m0.288s
500+0 records in
500+0 records out
524288000 bytes (524 MB) copied, 1.31045 s, 400 MB/s
afbad591ee2b70ac94258fbc7fac3bf2  -

real	0m1.313s
user	0m1.170s
sys	0m0.282s
500+0 records in
500+0 records out
afbad591ee2b70ac94258fbc7fac3bf2  -
524288000 bytes (524 MB) copied, 1.41488 s, 371 MB/s

real	0m1.418s
user	0m1.182s
sys	0m0.279s
500+0 records in
500+0 records out
afbad591ee2b70ac94258fbc7fac3bf2  -
524288000 bytes (524 MB) copied, 1.36379 s, 384 MB/s

real	0m1.367s
user	0m1.170s
sys	0m0.361s
500+0 records in
500+0 records out
afbad591ee2b70ac94258fbc7fac3bf2  -
524288000 bytes (524 MB) copied, 1.42794 s, 367 MB/s

real	0m1.431s
user	0m1.172s
sys	0m0.364s
500+0 records in
500+0 records out
afbad591ee2b70ac94258fbc7fac3bf2  -
524288000 bytes (524 MB) copied, 1.45342 s, 361 MB/s

real	0m1.456s
user	0m1.173s
sys	0m0.325s
500+0 records in
500+0 records out
524288000 bytes (524 MB) copied, 1.35337 s, 387 MB/s
afbad591ee2b70ac94258fbc7fac3bf2  -

real	0m1.356s
user	0m1.163s
sys	0m0.366s
500+0 records in
500+0 records out
afbad591ee2b70ac94258fbc7fac3bf2  -
524288000 bytes (524 MB) copied, 1.36018 s, 385 MB/s

real	0m1.363s
user	0m1.183s
sys	0m0.283s
500+0 records in
500+0 records out
524288000 bytes (524 MB) copiedafbad591ee2b70ac94258fbc7fac3bf2  -
, 1.36882 s, 383 MB/s

real	0m1.372s
user	0m1.179s
sys	0m0.272s
500+0 records in
500+0 records out
524288000 bytes (524 MB) copied, 1.35319 s, 387 MB/s
afbad591ee2b70ac94258fbc7fac3bf2  -

real	0m1.356s
user	0m1.175s
sys	0m0.300s
500+0 records in
500+0 records out
afbad591ee2b70ac94258fbc7fac3bf2  -
524288000 bytes (524 MB) copied, 1.36515 s, 384 MB/s

real	0m1.368s
user	0m1.174s
sys	0m0.324s
500+0 records in
500+0 records out
afbad591ee2b70ac94258fbc7fac3bf2  -
524288000 bytes (524 MB) copied, 1.35967 s, 386 MB/s

real	0m1.362s
user	0m1.188s
sys	0m0.274s
500+0 records in
500+0 records out
524288000 bytes (524 MB) copiedafbad591ee2b70ac94258fbc7fac3bf2  -
, 1.33746 s, 392 MB/s

real	0m1.341s
user	0m1.180s
sys	0m0.276s
500+0 records in
500+0 records out
afbad591ee2b70ac94258fbc7fac3bf2  -
524288000 bytes (524 MB) copied, 1.35295 s, 388 MB/s

real	0m1.356s
user	0m1.188s
sys	0m0.265s
500+0 records in
500+0 records out
afbad591ee2b70ac94258fbc7fac3bf2  -
524288000 bytes (524 MB) copied, 1.33551 s, 393 MB/s

real	0m1.338s
user	0m1.176s
sys	0m0.277s
500+0 records in
500+0 records out
524288000 bytes (524 MB) copiedafbad591ee2b70ac94258fbc7fac3bf2  -
, 1.35909 s, 386 MB/s

real	0m1.362s
user	0m1.171s
sys	0m0.279s
500+0 records in
500+0 records out
afbad591ee2b70ac94258fbc7fac3bf2  -
524288000 bytes (524 MB) copied, 1.42637 s, 368 MB/s

real	0m1.429s
user	0m1.179s
sys	0m0.365s
500+0 records in
500+0 records out
524288000 bytes (524 MB) copiedafbad591ee2b70ac94258fbc7fac3bf2  -
, 1.33835 s, 392 MB/s

real	0m1.341s
user	0m1.169s
sys	0m0.290s
500+0 records in
500+0 records out
524288000 bytes (524 MB) copied, 1.30128 s, 403 MB/s
afbad591ee2b70ac94258fbc7fac3bf2  -

real	0m1.304s
user	0m1.169s
sys	0m0.282s
500+0 records in
500+0 records out
afbad591ee2b70ac94258fbc7fac3bf2  -
524288000 bytes (524 MB) copied, 1.35343 s, 387 MB/s

real	0m1.356s
user	0m1.180s
sys	0m0.309s
500+0 records in
500+0 records out
afbad591ee2b70ac94258fbc7fac3bf2  -
524288000 bytes (524 MB) copied, 1.39248 s, 377 MB/s

real	0m1.395s
user	0m1.188s
sys	0m0.357s
500+0 records in
500+0 records out
524288000 bytes (524 MB) copied, 1.30802 s, 401 MB/s
afbad591ee2b70ac94258fbc7fac3bf2  -

real	0m1.311s
user	0m1.161s
sys	0m0.297s
500+0 records in
500+0 records out
afbad591ee2b70ac94258fbc7fac3bf2  -
524288000 bytes (524 MB) copied, 1.32428 s, 396 MB/s

real	0m1.327s
user	0m1.169s
sys	0m0.291s
500+0 records in
500+0 records out
afbad591ee2b70ac94258fbc7fac3bf2  -
524288000 bytes (524 MB) copied, 1.36977 s, 383 MB/s

real	0m1.373s
user	0m1.161s
sys	0m0.359s
500+0 records in
500+0 records out
afbad591ee2b70ac94258fbc7fac3bf2  -
524288000 bytes (524 MB) copied, 1.35591 s, 387 MB/s

real	0m1.359s
user	0m1.173s
sys	0m0.310s
500+0 records in
500+0 records out
afbad591ee2b70ac94258fbc7fac3bf2  -
524288000 bytes (524 MB) copied, 1.34536 s, 390 MB/s

real	0m1.349s
user	0m1.178s
sys	0m0.322s
500+0 records in
500+0 records out
524288000 bytes (524 MB) copied, 1.30251 s, 403 MB/s
afbad591ee2b70ac94258fbc7fac3bf2  -

real	0m1.305s
user	0m1.186s
sys	0m0.272s
500+0 records in
500+0 records out
afbad591ee2b70ac94258fbc7fac3bf2  -
524288000 bytes (524 MB) copied, 1.34698 s, 389 MB/s

real	0m1.349s
user	0m1.171s
sys	0m0.280s
500+0 records in
500+0 records out
afbad591ee2b70ac94258fbc7fac3bf2  -
524288000 bytes (524 MB) copied, 1.41417 s, 371 MB/s

real	0m1.417s
user	0m1.173s
sys	0m0.337s
500+0 records in
500+0 records out
524288000 bytes (524 MB) copied, 1.3209 s, 397 MB/s
afbad591ee2b70ac94258fbc7fac3bf2  -

real	0m1.324s
user	0m1.169s
sys	0m0.289s
500+0 records in
500+0 records out
afbad591ee2b70ac94258fbc7fac3bf2  -
524288000 bytes (524 MB) copied, 1.33173 s, 394 MB/s

real	0m1.334s
user	0m1.166s
sys	0m0.286s
500+0 records in
500+0 records out
afbad591ee2b70ac94258fbc7fac3bf2  -
524288000 bytes (524 MB) copied, 1.37218 s, 382 MB/s

real	0m1.375s
user	0m1.185s
sys	0m0.277s
500+0 records in
500+0 records out
afbad591ee2b70ac94258fbc7fac3bf2  -
524288000 bytes (524 MB) copied, 1.36946 s, 383 MB/s

real	0m1.372s
user	0m1.189s
sys	0m0.349s
500+0 records in
500+0 records out
afbad591ee2b70ac94258fbc7fac3bf2  -
524288000 bytes (524 MB) copied, 1.48691 s, 353 MB/s

real	0m1.489s
user	0m1.180s
sys	0m0.279s
500+0 records in
500+0 records out
afbad591ee2b70ac94258fbc7fac3bf2  -
524288000 bytes (524 MB) copied, 1.37353 s, 382 MB/s

real	0m1.376s
user	0m1.169s
sys	0m0.299s
500+0 records in
500+0 records out
afbad591ee2b70ac94258fbc7fac3bf2  -
524288000 bytes (524 MB) copied, 1.38902 s, 377 MB/s

real	0m1.392s
user	0m1.175s
sys	0m0.277s
500+0 records in
500+0 records out
afbad591ee2b70ac94258fbc7fac3bf2  -
524288000 bytes (524 MB) copied, 1.39862 s, 375 MB/s

real	0m1.401s
user	0m1.185s
sys	0m0.280s
500+0 records in
500+0 records out
afbad591ee2b70ac94258fbc7fac3bf2  -
524288000 bytes (524 MB) copied, 1.36842 s, 383 MB/s

real	0m1.371s
user	0m1.173s
sys	0m0.346s
500+0 records in
500+0 records out
524288000 bytes (524 MB) copied, 1.35925 s, 386 MB/s
afbad591ee2b70ac94258fbc7fac3bf2  -

real	0m1.362s
user	0m1.166s
sys	0m0.359s
500+0 records in
500+0 records out
afbad591ee2b70ac94258fbc7fac3bf2  -
524288000 bytes (524 MB) copied, 1.36468 s, 384 MB/s

real	0m1.367s
user	0m1.164s
sys	0m0.335s
500+0 records in
500+0 records out
afbad591ee2b70ac94258fbc7fac3bf2  -
524288000 bytes (524 MB) copied, 1.44175 s, 364 MB/s

real	0m1.445s
user	0m1.171s
sys	0m0.324s
500+0 records in
500+0 records out
524288000 bytes (524 MB) copied, 1.34021 s, 391 MB/s
afbad591ee2b70ac94258fbc7fac3bf2  -

real	0m1.343s
user	0m1.174s
sys	0m0.337s
500+0 records in
500+0 records out
afbad591ee2b70ac94258fbc7fac3bf2  -
524288000 bytes (524 MB) copied, 1.36118 s, 385 MB/s

real	0m1.364s
user	0m1.178s
sys	0m0.299s
500+0 records in
500+0 records out
afbad591ee2b70ac94258fbc7fac3bf2  -
524288000 bytes (524 MB) copied, 1.46614 s, 358 MB/s

real	0m1.469s
user	0m1.152s
sys	0m0.386s
500+0 records in
500+0 records out
afbad591ee2b70ac94258fbc7fac3bf2  -
524288000 bytes (524 MB) copied, 1.44074 s, 364 MB/s

real	0m1.444s
user	0m1.164s
sys	0m0.320s
500+0 records in
500+0 records out
afbad591ee2b70ac94258fbc7fac3bf2  -
524288000 bytes (524 MB) copied, 1.41005 s, 372 MB/s

real	0m1.412s
user	0m1.164s
sys	0m0.289s
500+0 records in
500+0 records out
afbad591ee2b70ac94258fbc7fac3bf2  -
524288000 bytes (524 MB) copied, 1.41898 s, 369 MB/s

real	0m1.422s
user	0m1.177s
sys	0m0.329s
500+0 records in
500+0 records out
afbad591ee2b70ac94258fbc7fac3bf2  -
524288000 bytes (524 MB) copied, 1.37381 s, 382 MB/s

real	0m1.376s
user	0m1.171s
sys	0m0.289s
500+0 records in
500+0 records out
524288000 bytes (524 MB) copiedafbad591ee2b70ac94258fbc7fac3bf2  -
, 1.38559 s, 378 MB/s

real	0m1.388s
user	0m1.183s
sys	0m0.268s
500+0 records in
500+0 records out
524288000 bytes (524 MB) copied, 1.37455 s, 381 MB/s
afbad591ee2b70ac94258fbc7fac3bf2  -

real	0m1.378s
user	0m1.178s
sys	0m0.334s
500+0 records in
500+0 records out
524288000 bytes (524 MB) copiedafbad591ee2b70ac94258fbc7fac3bf2  -
, 1.50614 s, 348 MB/s

real	0m1.509s
user	0m1.180s
sys	0m0.278s
500+0 records in
500+0 records out
afbad591ee2b70ac94258fbc7fac3bf2  -
524288000 bytes (524 MB) copied, 1.36628 s, 384 MB/s

real	0m1.369s
user	0m1.165s
sys	0m0.335s
500+0 records in
500+0 records out
afbad591ee2b70ac94258fbc7fac3bf2  -
524288000 bytes (524 MB) copied, 1.31842 s, 398 MB/s

real	0m1.321s
user	0m1.176s
sys	0m0.283s
500+0 records in
500+0 records out
afbad591ee2b70ac94258fbc7fac3bf2  -
524288000 bytes (524 MB) copied, 1.39333 s, 376 MB/s

real	0m1.396s
user	0m1.172s
sys	0m0.342s
500+0 records in
500+0 records out
afbad591ee2b70ac94258fbc7fac3bf2  -
524288000 bytes (524 MB) copied, 1.43522 s, 365 MB/s

real	0m1.438s
user	0m1.184s
sys	0m0.314s
500+0 records in
500+0 records out
afbad591ee2b70ac94258fbc7fac3bf2  -
524288000 bytes (524 MB) copied, 1.3499 s, 388 MB/s

real	0m1.352s
user	0m1.171s
sys	0m0.288s
500+0 records in
500+0 records out
afbad591ee2b70ac94258fbc7fac3bf2  -
524288000 bytes (524 MB) copied, 1.37759 s, 381 MB/s

real	0m1.380s
user	0m1.190s
sys	0m0.321s
500+0 records in
500+0 records out
afbad591ee2b70ac94258fbc7fac3bf2  -
524288000 bytes (524 MB) copied, 1.61344 s, 325 MB/s

real	0m1.616s
user	0m1.162s
sys	0m0.329s
500+0 records in
500+0 records out
afbad591ee2b70ac94258fbc7fac3bf2  -
524288000 bytes (524 MB) copied, 1.33015 s, 394 MB/s

real	0m1.333s
user	0m1.158s
sys	0m0.301s
500+0 records in
500+0 records out
524288000 bytes (524 MB) copied, 1.34823 s, 389 MB/s
afbad591ee2b70ac94258fbc7fac3bf2  -

real	0m1.351s
user	0m1.175s
sys	0m0.324s
500+0 records in
500+0 records out
524288000 bytes (524 MB) copiedafbad591ee2b70ac94258fbc7fac3bf2  -
, 1.34546 s, 390 MB/s

real	0m1.348s
user	0m1.167s
sys	0m0.291s
500+0 records in
500+0 records out
524288000 bytes (524 MB) copied, 1.30769 s, 401 MB/s
afbad591ee2b70ac94258fbc7fac3bf2  -

real	0m1.310s
user	0m1.184s
sys	0m0.268s
500+0 records in
500+0 records out
524288000 bytes (524 MB) copiedafbad591ee2b70ac94258fbc7fac3bf2  -
, 1.35123 s, 388 MB/s

real	0m1.354s
user	0m1.179s
sys	0m0.272s
500+0 records in
500+0 records out
524288000 bytes (524 MB) copiedafbad591ee2b70ac94258fbc7fac3bf2  -
, 1.34584 s, 390 MB/s

real	0m1.348s
user	0m1.177s
sys	0m0.275s
500+0 records in
500+0 records out
afbad591ee2b70ac94258fbc7fac3bf2  -
524288000 bytes (524 MB) copied, 1.37961 s, 380 MB/s

real	0m1.383s
user	0m1.177s
sys	0m0.287s
500+0 records in
500+0 records out
524288000 bytes (524 MB) copiedafbad591ee2b70ac94258fbc7fac3bf2  -
, 1.37732 s, 381 MB/s

real	0m1.380s
user	0m1.167s
sys	0m0.283s
500+0 records in
500+0 records out
524288000 bytes (524 MB) copied, 1.3653 s, 384 MB/s
afbad591ee2b70ac94258fbc7fac3bf2  -

real	0m1.368s
user	0m1.169s
sys	0m0.283s
500+0 records in
500+0 records out
afbad591ee2b70ac94258fbc7fac3bf2  -
524288000 bytes (524 MB) copied, 1.34596 s, 390 MB/s

real	0m1.349s
user	0m1.181s
sys	0m0.267s
500+0 records in
500+0 records out
524288000 bytes (524 MB) copiedafbad591ee2b70ac94258fbc7fac3bf2  -
, 1.34314 s, 390 MB/s

real	0m1.346s
user	0m1.177s
sys	0m0.276s
500+0 records in
500+0 records out
524288000 bytes (524 MB) copied, 1.31895 s, 398 MB/s
afbad591ee2b70ac94258fbc7fac3bf2  -

real	0m1.322s
user	0m1.170s
sys	0m0.281s
500+0 records in
500+0 records out
afbad591ee2b70ac94258fbc7fac3bf2  -
524288000 bytes (524 MB) copied, 1.38916 s, 377 MB/s

real	0m1.392s
user	0m1.177s
sys	0m0.277s
500+0 records in
500+0 records out
524288000 bytes (524 MB) copied, 1.3511 s, 388 MB/s
afbad591ee2b70ac94258fbc7fac3bf2  -

real	0m1.354s
user	0m1.184s
sys	0m0.268s
500+0 records in
500+0 records out
afbad591ee2b70ac94258fbc7fac3bf2  -
524288000 bytes (524 MB) copied, 1.37055 s, 383 MB/s

real	0m1.373s
user	0m1.176s
sys	0m0.325s
500+0 records in
500+0 records out
afbad591ee2b70ac94258fbc7fac3bf2  -
524288000 bytes (524 MB) copied, 1.35247 s, 388 MB/s

real	0m1.355s
user	0m1.173s
sys	0m0.285s
500+0 records in
500+0 records out
afbad591ee2b70ac94258fbc7fac3bf2  -
524288000 bytes (524 MB) copied, 1.33317 s, 393 MB/s

real	0m1.336s
user	0m1.181s
sys	0m0.271s
500+0 records in
500+0 records out
524288000 bytes (524 MB) copied, 1.29456 s, 405 MB/s
afbad591ee2b70ac94258fbc7fac3bf2  -

real	0m1.297s
user	0m1.171s
sys	0m0.280s
500+0 records in
500+0 records out
afbad591ee2b70ac94258fbc7fac3bf2  -
524288000 bytes (524 MB) copied, 1.32989 s, 394 MB/s

real	0m1.333s
user	0m1.183s
sys	0m0.268s
500+0 records in
500+0 records out
524288000 bytes (524 MB) copiedafbad591ee2b70ac94258fbc7fac3bf2  -
, 1.34019 s, 391 MB/s

real	0m1.343s
user	0m1.181s
sys	0m0.270s
500+0 records in
500+0 records out
524288000 bytes (524 MB) copied, 1.36596 s, 384 MB/s
afbad591ee2b70ac94258fbc7fac3bf2  -

real	0m1.369s
user	0m1.161s
sys	0m0.398s
500+0 records in
500+0 records out
afbad591ee2b70ac94258fbc7fac3bf2  -
524288000 bytes (524 MB) copied, 1.31027 s, 400 MB/s

real	0m1.313s
user	0m1.162s
sys	0m0.308s
500+0 records in
500+0 records out
afbad591ee2b70ac94258fbc7fac3bf2  -
524288000 bytes (524 MB) copied, 1.35118 s, 388 MB/s

real	0m1.354s
user	0m1.183s
sys	0m0.301s
500+0 records in
500+0 records out
524288000 bytes (524 MB) copied, 1.2856 s, 408 MB/s
afbad591ee2b70ac94258fbc7fac3bf2  -

real	0m1.289s
user	0m1.175s
sys	0m0.276s
500+0 records in
500+0 records out
afbad591ee2b70ac94258fbc7fac3bf2  -
524288000 bytes (524 MB) copied, 1.32633 s, 395 MB/s

real	0m1.329s
user	0m1.172s
sys	0m0.280s
500+0 records in
500+0 records out
afbad591ee2b70ac94258fbc7fac3bf2  -
524288000 bytes (524 MB) copied, 1.39427 s, 376 MB/s

real	0m1.397s
user	0m1.174s
sys	0m0.323s
500+0 records in
500+0 records out
afbad591ee2b70ac94258fbc7fac3bf2  -
524288000 bytes (524 MB) copied, 1.35066 s, 388 MB/s

real	0m1.353s
user	0m1.187s
sys	0m0.306s
500+0 records in
500+0 records out
afbad591ee2b70ac94258fbc7fac3bf2  -
524288000 bytes (524 MB) copied, 1.36185 s, 385 MB/s

real	0m1.365s
user	0m1.181s
sys	0m0.324s
500+0 records in
500+0 records out
afbad591ee2b70ac94258fbc7fac3bf2  -
524288000 bytes (524 MB) copied, 1.3316 s, 394 MB/s

real	0m1.334s
user	0m1.168s
sys	0m0.291s
500+0 records in
500+0 records out
524288000 bytes (524 MB) copied, 1.29591 s, 405 MB/s
afbad591ee2b70ac94258fbc7fac3bf2  -

real	0m1.298s
user	0m1.181s
sys	0m0.273s
500+0 records in
500+0 records out
524288000 bytes (524 MB) copiedafbad591ee2b70ac94258fbc7fac3bf2  -
, 1.37379 s, 382 MB/s

real	0m1.377s
user	0m1.165s
sys	0m0.300s
500+0 records in
500+0 records out
afbad591ee2b70ac94258fbc7fac3bf2  -
524288000 bytes (524 MB) copied, 1.335 s, 393 MB/s

real	0m1.338s
user	0m1.168s
sys	0m0.317s
500+0 records in
500+0 records out
524288000 bytes (524 MB) copied, 1.38537 s, 378 MB/s
afbad591ee2b70ac94258fbc7fac3bf2  -

real	0m1.388s
user	0m1.172s
sys	0m0.295s
500+0 records in
500+0 records out
afbad591ee2b70ac94258fbc7fac3bf2  -
524288000 bytes (524 MB) copied, 1.36977 s, 383 MB/s

real	0m1.372s
user	0m1.173s
sys	0m0.291s
500+0 records in
500+0 records out
524288000 bytes (524 MB) copied, 1.3086 s, 401 MB/s
afbad591ee2b70ac94258fbc7fac3bf2  -

real	0m1.312s
user	0m1.168s
sys	0m0.288s
500+0 records in
500+0 records out
524288000 bytes (524 MB) copied, 1.30359 s, 402 MB/s
afbad591ee2b70ac94258fbc7fac3bf2  -

real	0m1.306s
user	0m1.165s
sys	0m0.339s
500+0 records in
500+0 records out
afbad591ee2b70ac94258fbc7fac3bf2  -
524288000 bytes (524 MB) copied, 1.33486 s, 393 MB/s

real	0m1.338s
user	0m1.165s
sys	0m0.298s
500+0 records in
500+0 records out
524288000 bytes (524 MB) copied, 1.3211 s, 397 MB/s
afbad591ee2b70ac94258fbc7fac3bf2  -

real	0m1.324s
user	0m1.177s
sys	0m0.316s
500+0 records in
500+0 records out
524288000 bytes (524 MB) copied, 1.29801 s, 404 MB/s
afbad591ee2b70ac94258fbc7fac3bf2  -

real	0m1.301s
user	0m1.162s
sys	0m0.305s
500+0 records in
500+0 records out
afbad591ee2b70ac94258fbc7fac3bf2  -
524288000 bytes (524 MB) copied, 1.4071 s, 373 MB/s

real	0m1.410s
user	0m1.158s
sys	0m0.298s
500+0 records in
500+0 records out
524288000 bytes (524 MB) copied, 1.32244 s, 396 MB/s
afbad591ee2b70ac94258fbc7fac3bf2  -

real	0m1.325s
user	0m1.177s
sys	0m0.282s
500+0 records in
500+0 records out
afbad591ee2b70ac94258fbc7fac3bf2  -
524288000 bytes (524 MB) copied, 1.3741 s, 382 MB/s

real	0m1.377s
user	0m1.152s
sys	0m0.330s
500+0 records in
500+0 records out
afbad591ee2b70ac94258fbc7fac3bf2  -
524288000 bytes (524 MB) copied, 1.40328 s, 374 MB/s

real	0m1.406s
user	0m1.164s
sys	0m0.299s
500+0 records in
500+0 records out
524288000 bytes (524 MB) copied, 1.31336 s, 399 MB/s
afbad591ee2b70ac94258fbc7fac3bf2  -

real	0m1.316s
user	0m1.183s
sys	0m0.299s
