500+0 records in
500+0 records out
524288000 bytes (524 MB) copied, 1.27098 s, 413 MB/s
afbad591ee2b70ac94258fbc7fac3bf2  -

real	0m1.274s
user	0m1.176s
sys	0m0.283s
500+0 records in
500+0 records out
524288000 bytes (524 MB) copied, 1.2833 s, 409 MB/s
afbad591ee2b70ac94258fbc7fac3bf2  -

real	0m1.286s
user	0m1.183s
sys	0m0.296s
500+0 records in
500+0 records out
524288000 bytes (524 MB) copiedafbad591ee2b70ac94258fbc7fac3bf2  -
, 1.33977 s, 391 MB/s

real	0m1.342s
user	0m1.165s
sys	0m0.313s
500+0 records in
500+0 records out
524288000 bytes (524 MB) copied, 1.37997 s, 380 MB/s
afbad591ee2b70ac94258fbc7fac3bf2  -

real	0m1.383s
user	0m1.168s
sys	0m0.311s
500+0 records in
500+0 records out
524288000 bytes (524 MB) copied, 1.33927 s, 391 MB/s
afbad591ee2b70ac94258fbc7fac3bf2  -

real	0m1.342s
user	0m1.181s
sys	0m0.287s
500+0 records in
500+0 records out
524288000 bytes (524 MB) copied, 1.35317 s, 387 MB/s
afbad591ee2b70ac94258fbc7fac3bf2  -

real	0m1.356s
user	0m1.171s
sys	0m0.308s
500+0 records in
500+0 records out
524288000 bytes (524 MB) copied, 1.36532 s, 384 MB/s
afbad591ee2b70ac94258fbc7fac3bf2  -

real	0m1.368s
user	0m1.176s
sys	0m0.293s
500+0 records in
500+0 records out
524288000 bytes (524 MB) copied, 1.29312 s, 405 MB/s
afbad591ee2b70ac94258fbc7fac3bf2  -

real	0m1.296s
user	0m1.177s
sys	0m0.286s
500+0 records in
500+0 records out
524288000 bytes (524 MB) copied, 1.4209 s, 369 MB/s
afbad591ee2b70ac94258fbc7fac3bf2  -

real	0m1.424s
user	0m1.178s
sys	0m0.294s
500+0 records in
500+0 records out
524288000 bytes (524 MB) copied, 1.2699 s, 413 MB/s
afbad591ee2b70ac94258fbc7fac3bf2  -

real	0m1.272s
user	0m1.179s
sys	0m0.296s
500+0 records in
500+0 records out
524288000 bytes (524 MB) copied, 1.37606 s, 381 MB/s
afbad591ee2b70ac94258fbc7fac3bf2  -

real	0m1.379s
user	0m1.175s
sys	0m0.366s
500+0 records in
500+0 records out
524288000 bytes (524 MB) copied, 1.35846 s, 386 MB/s
afbad591ee2b70ac94258fbc7fac3bf2  -

real	0m1.361s
user	0m1.192s
sys	0m0.271s
500+0 records in
500+0 records out
524288000 bytes (524 MB) copied, 1.38846 s, 378 MB/s
afbad591ee2b70ac94258fbc7fac3bf2  -

real	0m1.391s
user	0m1.169s
sys	0m0.328s
500+0 records in
500+0 records out
524288000 bytes (524 MB) copied, 1.32209 s, 397 MB/s
afbad591ee2b70ac94258fbc7fac3bf2  -

real	0m1.325s
user	0m1.154s
sys	0m0.331s
500+0 records in
500+0 records out
524288000 bytes (524 MB) copied, 1.34471 s, 390 MB/s
afbad591ee2b70ac94258fbc7fac3bf2  -

real	0m1.348s
user	0m1.164s
sys	0m0.351s
500+0 records in
500+0 records out
524288000 bytes (524 MB) copied, 1.31598 s, 398 MB/s
afbad591ee2b70ac94258fbc7fac3bf2  -

real	0m1.319s
user	0m1.178s
sys	0m0.327s
500+0 records in
500+0 records out
524288000 bytes (524 MB) copied, 1.3374 s, 392 MB/s
afbad591ee2b70ac94258fbc7fac3bf2  -

real	0m1.340s
user	0m1.178s
sys	0m0.322s
500+0 records in
500+0 records out
524288000 bytes (524 MB) copied, 1.36667 s, 384 MB/s
afbad591ee2b70ac94258fbc7fac3bf2  -

real	0m1.370s
user	0m1.176s
sys	0m0.325s
500+0 records in
500+0 records out
524288000 bytes (524 MB) copied, 1.35161 s, 388 MB/s
afbad591ee2b70ac94258fbc7fac3bf2  -

real	0m1.354s
user	0m1.171s
sys	0m0.281s
500+0 records in
500+0 records out
524288000 bytes (524 MB) copied, 1.39585 s, 376 MB/s
afbad591ee2b70ac94258fbc7fac3bf2  -

real	0m1.399s
user	0m1.170s
sys	0m0.303s
500+0 records in
500+0 records out
524288000 bytes (524 MB) copied, 1.38001 s, 380 MB/s
afbad591ee2b70ac94258fbc7fac3bf2  -

real	0m1.383s
user	0m1.170s
sys	0m0.349s
500+0 records in
500+0 records out
524288000 bytes (524 MB) copied, 1.34108 s, 391 MB/s
afbad591ee2b70ac94258fbc7fac3bf2  -

real	0m1.344s
user	0m1.184s
sys	0m0.336s
500+0 records in
500+0 records out
524288000 bytes (524 MB) copied, 1.34811 s, 389 MB/s
afbad591ee2b70ac94258fbc7fac3bf2  -

real	0m1.351s
user	0m1.165s
sys	0m0.299s
500+0 records in
500+0 records out
524288000 bytes (524 MB) copied, 1.33573 s, 393 MB/s
afbad591ee2b70ac94258fbc7fac3bf2  -

real	0m1.339s
user	0m1.177s
sys	0m0.333s
500+0 records in
500+0 records out
524288000 bytes (524 MB) copied, 1.37706 s, 381 MB/s
afbad591ee2b70ac94258fbc7fac3bf2  -

real	0m1.380s
user	0m1.166s
sys	0m0.352s
500+0 records in
500+0 records out
524288000 bytes (524 MB) copied, 1.30141 s, 403 MB/s
afbad591ee2b70ac94258fbc7fac3bf2  -

real	0m1.304s
user	0m1.185s
sys	0m0.279s
500+0 records in
500+0 records out
524288000 bytes (524 MB) copied, 1.29884 s, 404 MB/s
afbad591ee2b70ac94258fbc7fac3bf2  -

real	0m1.302s
user	0m1.166s
sys	0m0.294s
500+0 records in
500+0 records out
524288000 bytes (524 MB) copied, 1.30717 s, 401 MB/s
afbad591ee2b70ac94258fbc7fac3bf2  -

real	0m1.310s
user	0m1.181s
sys	0m0.283s
500+0 records in
500+0 records out
524288000 bytes (524 MB) copied, 1.36014 s, 385 MB/s
afbad591ee2b70ac94258fbc7fac3bf2  -

real	0m1.363s
user	0m1.168s
sys	0m0.337s
500+0 records in
500+0 records out
524288000 bytes (524 MB) copied, 1.32977 s, 394 MB/s
afbad591ee2b70ac94258fbc7fac3bf2  -

real	0m1.332s
user	0m1.167s
sys	0m0.311s
500+0 records in
500+0 records out
524288000 bytes (524 MB) copied, 1.35396 s, 387 MB/s
afbad591ee2b70ac94258fbc7fac3bf2  -

real	0m1.357s
user	0m1.168s
sys	0m0.291s
500+0 records in
500+0 records out
524288000 bytes (524 MB) copied, 1.42092 s, 369 MB/s
afbad591ee2b70ac94258fbc7fac3bf2  -

real	0m1.424s
user	0m1.188s
sys	0m0.405s
500+0 records in
500+0 records out
524288000 bytes (524 MB) copied, 1.37149 s, 382 MB/s
afbad591ee2b70ac94258fbc7fac3bf2  -

real	0m1.375s
user	0m1.182s
sys	0m0.338s
500+0 records in
500+0 records out
524288000 bytes (524 MB) copied, 1.58284 s, 331 MB/s
afbad591ee2b70ac94258fbc7fac3bf2  -

real	0m1.586s
user	0m1.196s
sys	0m0.528s
500+0 records in
500+0 records out
524288000 bytes (524 MB) copied, 1.5752 s, 333 MB/s
afbad591ee2b70ac94258fbc7fac3bf2  -

real	0m1.578s
user	0m1.186s
sys	0m0.545s
500+0 records in
500+0 records out
524288000 bytes (524 MB) copied, 1.31916 s, 397 MB/s
afbad591ee2b70ac94258fbc7fac3bf2  -

real	0m1.322s
user	0m1.170s
sys	0m0.324s
500+0 records in
500+0 records out
524288000 bytes (524 MB) copied, 1.33911 s, 392 MB/s
afbad591ee2b70ac94258fbc7fac3bf2  -

real	0m1.342s
user	0m1.170s
sys	0m0.347s
500+0 records in
500+0 records out
524288000 bytes (524 MB) copied, 1.3911 s, 377 MB/s
afbad591ee2b70ac94258fbc7fac3bf2  -

real	0m1.394s
user	0m1.167s
sys	0m0.380s
500+0 records in
500+0 records out
524288000 bytes (524 MB) copied, 1.38282 s, 379 MB/s
afbad591ee2b70ac94258fbc7fac3bf2  -

real	0m1.386s
user	0m1.174s
sys	0m0.382s
500+0 records in
500+0 records out
524288000 bytes (524 MB) copied, 1.31234 s, 400 MB/s
afbad591ee2b70ac94258fbc7fac3bf2  -

real	0m1.315s
user	0m1.170s
sys	0m0.286s
