10000+0 records in
10000+0 records out
a02bf4596da9a0c3d2b10ac745b55ccf  -
10485760000 bytes (10 GB) copied, 25.1746 s, 417 MB/s

real	0m25.177s
user	0m23.386s
sys	0m5.944s
10000+0 records in
10000+0 records out
10485760000 bytes (10 GB) copied, 25.1652 s, 417 MB/s
a02bf4596da9a0c3d2b10ac745b55ccf  -

real	0m25.168s
user	0m23.381s
sys	0m5.750s
10000+0 records in
10000+0 records out
a02bf4596da9a0c3d2b10ac745b55ccf  -
10485760000 bytes (10 GB) copied, 25.1907 s, 416 MB/s

real	0m25.194s
user	0m23.406s
sys	0m6.019s
10000+0 records in
10000+0 records out
10485760000 bytes (10 GB) copied, 25.2039 s, 416 MB/s
a02bf4596da9a0c3d2b10ac745b55ccf  -

real	0m25.207s
user	0m23.467s
sys	0m5.860s
10000+0 records in
10000+0 records out
10485760000 bytes (10 GB) copied, 25.2459 s, 415 MB/s
a02bf4596da9a0c3d2b10ac745b55ccf  -

real	0m25.249s
user	0m23.419s
sys	0m5.953s
10000+0 records in
10000+0 records out
10485760000 bytes (10 GB) copied, 25.2759 s, 415 MB/s
a02bf4596da9a0c3d2b10ac745b55ccf  -

real	0m25.279s
user	0m23.441s
sys	0m5.822s
10000+0 records in
10000+0 records out
10485760000 bytes (10 GB) copieda02bf4596da9a0c3d2b10ac745b55ccf  -
, 25.1936 s, 416 MB/s

real	0m25.196s
user	0m23.379s
sys	0m5.953s
10000+0 records in
10000+0 records out
10485760000 bytes (10 GB) copied, 25.2562 s, 415 MB/s
a02bf4596da9a0c3d2b10ac745b55ccf  -

real	0m25.259s
user	0m23.325s
sys	0m6.214s
10000+0 records in
10000+0 records out
10485760000 bytes (10 GB) copied, 25.2376 s, 415 MB/s
a02bf4596da9a0c3d2b10ac745b55ccf  -

real	0m25.240s
user	0m23.410s
sys	0m6.129s
10000+0 records in
10000+0 records out
10485760000 bytes (10 GB) copied, 25.2047 s, 416 MB/s
a02bf4596da9a0c3d2b10ac745b55ccf  -

real	0m25.207s
user	0m23.383s
sys	0m6.061s
