1000+0 records in
1000+0 records out
3c84e34b319946f6531a2c4559f588a8  -
1048576000 bytes (1.0 GB) copied, 2.61016 s, 402 MB/s

real	0m2.613s
user	0m2.329s
sys	0m0.587s
1000+0 records in
1000+0 records out
3c84e34b319946f6531a2c4559f588a8  -
1048576000 bytes (1.0 GB) copied, 2.66468 s, 394 MB/s

real	0m2.668s
user	0m2.329s
sys	0m0.654s
1000+0 records in
1000+0 records out
3c84e34b319946f6531a2c4559f588a8  -
1048576000 bytes (1.0 GB) copied, 2.58739 s, 405 MB/s

real	0m2.590s
user	0m2.353s
sys	0m0.580s
1000+0 records in
1000+0 records out
3c84e34b319946f6531a2c4559f588a8  -
1048576000 bytes (1.0 GB) copied, 2.61845 s, 400 MB/s

real	0m2.621s
user	0m2.331s
sys	0m0.606s
1000+0 records in
1000+0 records out
3c84e34b319946f6531a2c4559f588a8  -
1048576000 bytes (1.0 GB) copied, 2.62455 s, 400 MB/s

real	0m2.627s
user	0m2.317s
sys	0m0.636s
1000+0 records in
1000+0 records out
3c84e34b319946f6531a2c4559f588a8  -
1048576000 bytes (1.0 GB) copied, 2.82652 s, 371 MB/s

real	0m2.829s
user	0m2.366s
sys	0m0.760s
1000+0 records in
1000+0 records out
3c84e34b319946f6531a2c4559f588a8  -
1048576000 bytes (1.0 GB) copied, 2.70041 s, 388 MB/s

real	0m2.703s
user	0m2.349s
sys	0m0.632s
1000+0 records in
1000+0 records out
3c84e34b319946f6531a2c4559f588a8  -
1048576000 bytes (1.0 GB) copied, 2.75887 s, 380 MB/s

real	0m2.762s
user	0m2.335s
sys	0m0.767s
1000+0 records in
1000+0 records out
3c84e34b319946f6531a2c4559f588a8  -
1048576000 bytes (1.0 GB) copied, 2.79511 s, 375 MB/s

real	0m2.798s
user	0m2.346s
sys	0m0.796s
1000+0 records in
1000+0 records out
1048576000 bytes (1.0 GB) copied3c84e34b319946f6531a2c4559f588a8  -
, 2.59126 s, 405 MB/s

real	0m2.594s
user	0m2.346s
sys	0m0.617s
1000+0 records in
1000+0 records out
3c84e34b319946f6531a2c4559f588a8  -
1048576000 bytes (1.0 GB) copied, 2.68751 s, 390 MB/s

real	0m2.690s
user	0m2.345s
sys	0m0.694s
1000+0 records in
1000+0 records out
3c84e34b319946f6531a2c4559f588a8  -
1048576000 bytes (1.0 GB) copied, 2.6938 s, 389 MB/s

real	0m2.697s
user	0m2.370s
sys	0m0.654s
1000+0 records in
1000+0 records out
3c84e34b319946f6531a2c4559f588a8  -
1048576000 bytes (1.0 GB) copied, 2.64172 s, 397 MB/s

real	0m2.645s
user	0m2.344s
sys	0m0.663s
1000+0 records in
1000+0 records out
3c84e34b319946f6531a2c4559f588a8  -
1048576000 bytes (1.0 GB) copied, 2.66602 s, 393 MB/s

real	0m2.669s
user	0m2.348s
sys	0m0.565s
1000+0 records in
1000+0 records out
3c84e34b319946f6531a2c4559f588a8  -
1048576000 bytes (1.0 GB) copied, 2.6226 s, 400 MB/s

real	0m2.625s
user	0m2.341s
sys	0m0.565s
1000+0 records in
1000+0 records out
3c84e34b319946f6531a2c4559f588a8  -
1048576000 bytes (1.0 GB) copied, 2.60783 s, 402 MB/s

real	0m2.611s
user	0m2.331s
sys	0m0.578s
1000+0 records in
1000+0 records out
3c84e34b319946f6531a2c4559f588a8  -
1048576000 bytes (1.0 GB) copied, 2.59355 s, 404 MB/s

real	0m2.596s
user	0m2.356s
sys	0m0.548s
1000+0 records in
1000+0 records out
3c84e34b319946f6531a2c4559f588a8  -
1048576000 bytes (1.0 GB) copied, 2.60731 s, 402 MB/s

real	0m2.610s
user	0m2.353s
sys	0m0.560s
1000+0 records in
1000+0 records out
3c84e34b319946f6531a2c4559f588a8  -
1048576000 bytes (1.0 GB) copied, 2.62867 s, 399 MB/s

real	0m2.632s
user	0m2.352s
sys	0m0.553s
1000+0 records in
1000+0 records out
1048576000 bytes (1.0 GB) copied, 2.62832 s, 399 MB/s
3c84e34b319946f6531a2c4559f588a8  -

real	0m2.631s
user	0m2.330s
sys	0m0.615s
1000+0 records in
1000+0 records out
3c84e34b319946f6531a2c4559f588a8  -
1048576000 bytes (1.0 GB) copied, 2.56243 s, 409 MB/s

real	0m2.565s
user	0m2.321s
sys	0m0.585s
1000+0 records in
1000+0 records out
3c84e34b319946f6531a2c4559f588a8  -
1048576000 bytes (1.0 GB) copied, 2.80244 s, 374 MB/s

real	0m2.805s
user	0m2.341s
sys	0m0.566s
1000+0 records in
1000+0 records out
3c84e34b319946f6531a2c4559f588a8  -
1048576000 bytes (1.0 GB) copied, 2.60357 s, 403 MB/s

real	0m2.608s
user	0m2.346s
sys	0m0.564s
1000+0 records in
1000+0 records out
3c84e34b319946f6531a2c4559f588a8  -
1048576000 bytes (1.0 GB) copied, 2.624 s, 400 MB/s

real	0m2.627s
user	0m2.311s
sys	0m0.656s
1000+0 records in
1000+0 records out
3c84e34b319946f6531a2c4559f588a8  -
1048576000 bytes (1.0 GB) copied, 2.66581 s, 393 MB/s

real	0m2.669s
user	0m2.331s
sys	0m0.669s
1000+0 records in
1000+0 records out
3c84e34b319946f6531a2c4559f588a8  -
1048576000 bytes (1.0 GB) copied, 2.67322 s, 392 MB/s

real	0m2.676s
user	0m2.337s
sys	0m0.632s
1000+0 records in
1000+0 records out
3c84e34b319946f6531a2c4559f588a8  -
1048576000 bytes (1.0 GB) copied, 2.59575 s, 404 MB/s

real	0m2.599s
user	0m2.342s
sys	0m0.558s
1000+0 records in
1000+0 records out
3c84e34b319946f6531a2c4559f588a8  -
1048576000 bytes (1.0 GB) copied, 2.59284 s, 404 MB/s

real	0m2.596s
user	0m2.330s
sys	0m0.574s
1000+0 records in
1000+0 records out
3c84e34b319946f6531a2c4559f588a8  -
1048576000 bytes (1.0 GB) copied, 2.60926 s, 402 MB/s

real	0m2.612s
user	0m2.344s
sys	0m0.557s
1000+0 records in
1000+0 records out
1048576000 bytes (1.0 GB) copied, 2.58282 s, 406 MB/s
3c84e34b319946f6531a2c4559f588a8  -

real	0m2.586s
user	0m2.322s
sys	0m0.603s
1000+0 records in
1000+0 records out
3c84e34b319946f6531a2c4559f588a8  -
1048576000 bytes (1.0 GB) copied, 2.74576 s, 382 MB/s

real	0m2.748s
user	0m2.339s
sys	0m0.569s
1000+0 records in
1000+0 records out
3c84e34b319946f6531a2c4559f588a8  -
1048576000 bytes (1.0 GB) copied, 2.6263 s, 399 MB/s

real	0m2.629s
user	0m2.359s
sys	0m0.541s
1000+0 records in
1000+0 records out
3c84e34b319946f6531a2c4559f588a8  -
1048576000 bytes (1.0 GB) copied, 2.59644 s, 404 MB/s

real	0m2.600s
user	0m2.350s
sys	0m0.555s
1000+0 records in
1000+0 records out
3c84e34b319946f6531a2c4559f588a8  -
1048576000 bytes (1.0 GB) copied, 2.76824 s, 379 MB/s

real	0m2.771s
user	0m2.342s
sys	0m0.711s
1000+0 records in
1000+0 records out
3c84e34b319946f6531a2c4559f588a8  -
1048576000 bytes (1.0 GB) copied, 2.71997 s, 386 MB/s

real	0m2.723s
user	0m2.346s
sys	0m0.561s
1000+0 records in
1000+0 records out
3c84e34b319946f6531a2c4559f588a8  -
1048576000 bytes (1.0 GB) copied, 2.60592 s, 402 MB/s

real	0m2.609s
user	0m2.341s
sys	0m0.561s
1000+0 records in
1000+0 records out
3c84e34b319946f6531a2c4559f588a8  -
1048576000 bytes (1.0 GB) copied, 2.59861 s, 404 MB/s

real	0m2.601s
user	0m2.347s
sys	0m0.553s
1000+0 records in
1000+0 records out
3c84e34b319946f6531a2c4559f588a8  -
1048576000 bytes (1.0 GB) copied, 2.64085 s, 397 MB/s

real	0m2.644s
user	0m2.336s
sys	0m0.649s
1000+0 records in
1000+0 records out
3c84e34b319946f6531a2c4559f588a8  -
1048576000 bytes (1.0 GB) copied, 2.62772 s, 399 MB/s

real	0m2.630s
user	0m2.326s
sys	0m0.586s
1000+0 records in
1000+0 records out
1048576000 bytes (1.0 GB) copied, 2.64853 s, 396 MB/s
3c84e34b319946f6531a2c4559f588a8  -

real	0m2.651s
user	0m2.332s
sys	0m0.666s
1000+0 records in
1000+0 records out
3c84e34b319946f6531a2c4559f588a8  -
1048576000 bytes (1.0 GB) copied, 2.79428 s, 375 MB/s

real	0m2.797s
user	0m2.328s
sys	0m0.768s
1000+0 records in
1000+0 records out
3c84e34b319946f6531a2c4559f588a8  -
1048576000 bytes (1.0 GB) copied, 2.66706 s, 393 MB/s

real	0m2.670s
user	0m2.325s
sys	0m0.704s
1000+0 records in
1000+0 records out
3c84e34b319946f6531a2c4559f588a8  -
1048576000 bytes (1.0 GB) copied, 2.60214 s, 403 MB/s

real	0m2.605s
user	0m2.331s
sys	0m0.575s
1000+0 records in
1000+0 records out
1048576000 bytes (1.0 GB) copied3c84e34b319946f6531a2c4559f588a8  -
, 2.6977 s, 389 MB/s

real	0m2.700s
user	0m2.351s
sys	0m0.551s
1000+0 records in
1000+0 records out
3c84e34b319946f6531a2c4559f588a8  -
1048576000 bytes (1.0 GB) copied, 2.70406 s, 388 MB/s

real	0m2.707s
user	0m2.344s
sys	0m0.687s
1000+0 records in
1000+0 records out
3c84e34b319946f6531a2c4559f588a8  -
1048576000 bytes (1.0 GB) copied, 2.61935 s, 400 MB/s

real	0m2.622s
user	0m2.355s
sys	0m0.551s
1000+0 records in
1000+0 records out
3c84e34b319946f6531a2c4559f588a8  -
1048576000 bytes (1.0 GB) copied, 2.66045 s, 394 MB/s

real	0m2.663s
user	0m2.329s
sys	0m0.572s
1000+0 records in
1000+0 records out
3c84e34b319946f6531a2c4559f588a8  -
1048576000 bytes (1.0 GB) copied, 2.66692 s, 393 MB/s

real	0m2.670s
user	0m2.347s
sys	0m0.673s
1000+0 records in
1000+0 records out
3c84e34b319946f6531a2c4559f588a8  -
1048576000 bytes (1.0 GB) copied, 2.62249 s, 400 MB/s

real	0m2.625s
user	0m2.339s
sys	0m0.598s
1000+0 records in
1000+0 records out
1048576000 bytes (1.0 GB) copied, 2.57719 s, 407 MB/s
3c84e34b319946f6531a2c4559f588a8  -

real	0m2.580s
user	0m2.341s
sys	0m0.565s
1000+0 records in
1000+0 records out
1048576000 bytes (1.0 GB) copied3c84e34b319946f6531a2c4559f588a8  -
, 2.60437 s, 403 MB/s

real	0m2.607s
user	0m2.339s
sys	0m0.570s
1000+0 records in
1000+0 records out
3c84e34b319946f6531a2c4559f588a8  -
1048576000 bytes (1.0 GB) copied, 2.67443 s, 392 MB/s

real	0m2.677s
user	0m2.323s
sys	0m0.577s
1000+0 records in
1000+0 records out
3c84e34b319946f6531a2c4559f588a8  -
1048576000 bytes (1.0 GB) copied, 2.69391 s, 389 MB/s

real	0m2.697s
user	0m2.337s
sys	0m0.656s
1000+0 records in
1000+0 records out
3c84e34b319946f6531a2c4559f588a8  -
1048576000 bytes (1.0 GB) copied, 2.61656 s, 401 MB/s

real	0m2.619s
user	0m2.356s
sys	0m0.550s
1000+0 records in
1000+0 records out
3c84e34b319946f6531a2c4559f588a8  -
1048576000 bytes (1.0 GB) copied, 2.66715 s, 393 MB/s

real	0m2.670s
user	0m2.358s
sys	0m0.552s
1000+0 records in
1000+0 records out
3c84e34b319946f6531a2c4559f588a8  -
1048576000 bytes (1.0 GB) copied, 2.61243 s, 401 MB/s

real	0m2.615s
user	0m2.360s
sys	0m0.558s
1000+0 records in
1000+0 records out
3c84e34b319946f6531a2c4559f588a8  -
1048576000 bytes (1.0 GB) copied, 2.61781 s, 401 MB/s

real	0m2.621s
user	0m2.361s
sys	0m0.543s
1000+0 records in
1000+0 records out
3c84e34b319946f6531a2c4559f588a8  -
1048576000 bytes (1.0 GB) copied, 2.60758 s, 402 MB/s

real	0m2.610s
user	0m2.331s
sys	0m0.649s
1000+0 records in
1000+0 records out
3c84e34b319946f6531a2c4559f588a8  -
1048576000 bytes (1.0 GB) copied, 2.65422 s, 395 MB/s

real	0m2.657s
user	0m2.335s
sys	0m0.593s
1000+0 records in
1000+0 records out
1048576000 bytes (1.0 GB) copied, 2.58702 s, 405 MB/s
3c84e34b319946f6531a2c4559f588a8  -

real	0m2.590s
user	0m2.345s
sys	0m0.556s
1000+0 records in
1000+0 records out
3c84e34b319946f6531a2c4559f588a8  -
1048576000 bytes (1.0 GB) copied, 2.6295 s, 399 MB/s

real	0m2.632s
user	0m2.321s
sys	0m0.582s
1000+0 records in
1000+0 records out
3c84e34b319946f6531a2c4559f588a8  -
1048576000 bytes (1.0 GB) copied, 2.61443 s, 401 MB/s

real	0m2.617s
user	0m2.328s
sys	0m0.577s
1000+0 records in
1000+0 records out
3c84e34b319946f6531a2c4559f588a8  -
1048576000 bytes (1.0 GB) copied, 2.6185 s, 400 MB/s

real	0m2.621s
user	0m2.347s
sys	0m0.564s
1000+0 records in
1000+0 records out
3c84e34b319946f6531a2c4559f588a8  -
1048576000 bytes (1.0 GB) copied, 2.7953 s, 375 MB/s

real	0m2.798s
user	0m2.358s
sys	0m0.782s
1000+0 records in
1000+0 records out
3c84e34b319946f6531a2c4559f588a8  -
1048576000 bytes (1.0 GB) copied, 2.59987 s, 403 MB/s

real	0m2.603s
user	0m2.338s
sys	0m0.569s
1000+0 records in
1000+0 records out
3c84e34b319946f6531a2c4559f588a8  -
1048576000 bytes (1.0 GB) copied, 2.60246 s, 403 MB/s

real	0m2.605s
user	0m2.344s
sys	0m0.555s
1000+0 records in
1000+0 records out
3c84e34b319946f6531a2c4559f588a8  -
1048576000 bytes (1.0 GB) copied, 2.63515 s, 398 MB/s

real	0m2.638s
user	0m2.329s
sys	0m0.595s
1000+0 records in
1000+0 records out
3c84e34b319946f6531a2c4559f588a8  -
1048576000 bytes (1.0 GB) copied, 2.59466 s, 404 MB/s

real	0m2.598s
user	0m2.341s
sys	0m0.563s
1000+0 records in
1000+0 records out
3c84e34b319946f6531a2c4559f588a8  -
1048576000 bytes (1.0 GB) copied, 2.65774 s, 395 MB/s

real	0m2.660s
user	0m2.348s
sys	0m0.568s
1000+0 records in
1000+0 records out
1048576000 bytes (1.0 GB) copied3c84e34b319946f6531a2c4559f588a8  -
, 2.5736 s, 407 MB/s

real	0m2.577s
user	0m2.334s
sys	0m0.584s
1000+0 records in
1000+0 records out
3c84e34b319946f6531a2c4559f588a8  -
1048576000 bytes (1.0 GB) copied, 2.63963 s, 397 MB/s

real	0m2.642s
user	0m2.339s
sys	0m0.652s
1000+0 records in
1000+0 records out
3c84e34b319946f6531a2c4559f588a8  -
1048576000 bytes (1.0 GB) copied, 2.60343 s, 403 MB/s

real	0m2.606s
user	0m2.332s
sys	0m0.570s
1000+0 records in
1000+0 records out
3c84e34b319946f6531a2c4559f588a8  -
1048576000 bytes (1.0 GB) copied, 2.65949 s, 394 MB/s

real	0m2.662s
user	0m2.345s
sys	0m0.556s
1000+0 records in
1000+0 records out
3c84e34b319946f6531a2c4559f588a8  -
1048576000 bytes (1.0 GB) copied, 2.67225 s, 392 MB/s

real	0m2.675s
user	0m2.331s
sys	0m0.569s
1000+0 records in
1000+0 records out
3c84e34b319946f6531a2c4559f588a8  -
1048576000 bytes (1.0 GB) copied, 2.6711 s, 393 MB/s

real	0m2.674s
user	0m2.350s
sys	0m0.661s
1000+0 records in
1000+0 records out
1048576000 bytes (1.0 GB) copied3c84e34b319946f6531a2c4559f588a8  -
, 2.78448 s, 377 MB/s

real	0m2.787s
user	0m2.342s
sys	0m0.567s
1000+0 records in
1000+0 records out
3c84e34b319946f6531a2c4559f588a8  -
1048576000 bytes (1.0 GB) copied, 2.67627 s, 392 MB/s

real	0m2.679s
user	0m2.327s
sys	0m0.584s
1000+0 records in
1000+0 records out
3c84e34b319946f6531a2c4559f588a8  -
1048576000 bytes (1.0 GB) copied, 2.6165 s, 401 MB/s

real	0m2.619s
user	0m2.345s
sys	0m0.617s
1000+0 records in
1000+0 records out
3c84e34b319946f6531a2c4559f588a8  -
1048576000 bytes (1.0 GB) copied, 2.62333 s, 400 MB/s

real	0m2.626s
user	0m2.354s
sys	0m0.552s
1000+0 records in
1000+0 records out
1048576000 bytes (1.0 GB) copied, 2.57498 s, 407 MB/s
3c84e34b319946f6531a2c4559f588a8  -

real	0m2.578s
user	0m2.319s
sys	0m0.599s
1000+0 records in
1000+0 records out
3c84e34b319946f6531a2c4559f588a8  -
1048576000 bytes (1.0 GB) copied, 2.74104 s, 383 MB/s

real	0m2.744s
user	0m2.356s
sys	0m0.731s
1000+0 records in
1000+0 records out
3c84e34b319946f6531a2c4559f588a8  -
1048576000 bytes (1.0 GB) copied, 2.61887 s, 400 MB/s

real	0m2.622s
user	0m2.358s
sys	0m0.553s
1000+0 records in
1000+0 records out
3c84e34b319946f6531a2c4559f588a8  -
1048576000 bytes (1.0 GB) copied, 2.60963 s, 402 MB/s

real	0m2.612s
user	0m2.352s
sys	0m0.549s
1000+0 records in
1000+0 records out
3c84e34b319946f6531a2c4559f588a8  -
1048576000 bytes (1.0 GB) copied, 2.64437 s, 397 MB/s

real	0m2.647s
user	0m2.340s
sys	0m0.587s
1000+0 records in
1000+0 records out
3c84e34b319946f6531a2c4559f588a8  -
1048576000 bytes (1.0 GB) copied, 2.59831 s, 404 MB/s

real	0m2.601s
user	0m2.369s
sys	0m0.545s
1000+0 records in
1000+0 records out
3c84e34b319946f6531a2c4559f588a8  -
1048576000 bytes (1.0 GB) copied, 2.60352 s, 403 MB/s

real	0m2.606s
user	0m2.336s
sys	0m0.565s
1000+0 records in
1000+0 records out
3c84e34b319946f6531a2c4559f588a8  -
1048576000 bytes (1.0 GB) copied, 2.60271 s, 403 MB/s

real	0m2.605s
user	0m2.340s
sys	0m0.565s
1000+0 records in
1000+0 records out
3c84e34b319946f6531a2c4559f588a8  -
1048576000 bytes (1.0 GB) copied, 2.61086 s, 402 MB/s

real	0m2.614s
user	0m2.351s
sys	0m0.630s
1000+0 records in
1000+0 records out
3c84e34b319946f6531a2c4559f588a8  -
1048576000 bytes (1.0 GB) copied, 2.62529 s, 399 MB/s

real	0m2.628s
user	0m2.349s
sys	0m0.623s
1000+0 records in
1000+0 records out
1048576000 bytes (1.0 GB) copied3c84e34b319946f6531a2c4559f588a8  -
, 2.57985 s, 406 MB/s

real	0m2.583s
user	0m2.339s
sys	0m0.618s
1000+0 records in
1000+0 records out
3c84e34b319946f6531a2c4559f588a8  -
1048576000 bytes (1.0 GB) copied, 2.64599 s, 396 MB/s

real	0m2.649s
user	0m2.331s
sys	0m0.593s
1000+0 records in
1000+0 records out
3c84e34b319946f6531a2c4559f588a8  -
1048576000 bytes (1.0 GB) copied, 2.61799 s, 401 MB/s

real	0m2.621s
user	0m2.339s
sys	0m0.569s
1000+0 records in
1000+0 records out
3c84e34b319946f6531a2c4559f588a8  -
1048576000 bytes (1.0 GB) copied, 2.59761 s, 404 MB/s

real	0m2.600s
user	0m2.344s
sys	0m0.562s
1000+0 records in
1000+0 records out
3c84e34b319946f6531a2c4559f588a8  -
1048576000 bytes (1.0 GB) copied, 2.63868 s, 397 MB/s

real	0m2.641s
user	0m2.343s
sys	0m0.641s
1000+0 records in
1000+0 records out
3c84e34b319946f6531a2c4559f588a8  -
1048576000 bytes (1.0 GB) copied, 2.62951 s, 399 MB/s

real	0m2.632s
user	0m2.324s
sys	0m0.587s
1000+0 records in
1000+0 records out
3c84e34b319946f6531a2c4559f588a8  -
1048576000 bytes (1.0 GB) copied, 2.75608 s, 380 MB/s

real	0m2.759s
user	0m2.333s
sys	0m0.742s
1000+0 records in
1000+0 records out
3c84e34b319946f6531a2c4559f588a8  -
1048576000 bytes (1.0 GB) copied, 2.61558 s, 401 MB/s

real	0m2.618s
user	0m2.338s
sys	0m0.568s
1000+0 records in
1000+0 records out
3c84e34b319946f6531a2c4559f588a8  -
1048576000 bytes (1.0 GB) copied, 2.65561 s, 395 MB/s

real	0m2.658s
user	0m2.331s
sys	0m0.636s
1000+0 records in
1000+0 records out
3c84e34b319946f6531a2c4559f588a8  -
1048576000 bytes (1.0 GB) copied, 2.65702 s, 395 MB/s

real	0m2.660s
user	0m2.346s
sys	0m0.649s
1000+0 records in
1000+0 records out
1048576000 bytes (1.0 GB) copied, 2.5553 s, 410 MB/s
3c84e34b319946f6531a2c4559f588a8  -

real	0m2.558s
user	0m2.351s
sys	0m0.618s
