500+0 records in
500+0 records out
afbad591ee2b70ac94258fbc7fac3bf2  -
524288000 bytes (524 MB) copied, 1.32482 s, 396 MB/s

real	0m1.354s
user	0m1.194s
sys	0m0.285s
500+0 records in
500+0 records out
524288000 bytes (524 MB) copied, 1.34795 s, 389 MB/s
afbad591ee2b70ac94258fbc7fac3bf2  -

real	0m1.353s
user	0m1.180s
sys	0m0.274s
500+0 records in
500+0 records out
524288000 bytes (524 MB) copiedafbad591ee2b70ac94258fbc7fac3bf2  -
, 1.31747 s, 398 MB/s

real	0m1.322s
user	0m1.165s
sys	0m0.297s
500+0 records in
500+0 records out
524288000 bytes (524 MB) copied, 1.32073 s, 397 MB/s
afbad591ee2b70ac94258fbc7fac3bf2  -

real	0m1.350s
user	0m1.173s
sys	0m0.290s
500+0 records in
500+0 records out
524288000 bytes (524 MB) copied, 1.36427 s, 384 MB/s
afbad591ee2b70ac94258fbc7fac3bf2  -

real	0m1.392s
user	0m1.177s
sys	0m0.282s
500+0 records in
500+0 records out
524288000 bytes (524 MB) copied, 1.37641 s, 381 MB/s
afbad591ee2b70ac94258fbc7fac3bf2  -

real	0m1.400s
user	0m1.174s
sys	0m0.335s
500+0 records in
500+0 records out
524288000 bytes (524 MB) copied, 1.33576 s, 393 MB/s
afbad591ee2b70ac94258fbc7fac3bf2  -

real	0m1.341s
user	0m1.171s
sys	0m0.327s
500+0 records in
500+0 records out
524288000 bytes (524 MB) copied, 1.40278 s, 374 MB/s
afbad591ee2b70ac94258fbc7fac3bf2  -

real	0m1.432s
user	0m1.166s
sys	0m0.393s
500+0 records in
500+0 records out
524288000 bytes (524 MB) copied, 1.35371 s, 387 MB/s
afbad591ee2b70ac94258fbc7fac3bf2  -

real	0m1.359s
user	0m1.176s
sys	0m0.291s
500+0 records in
500+0 records out
524288000 bytes (524 MB) copied, 1.36277 s, 385 MB/s
afbad591ee2b70ac94258fbc7fac3bf2  -

real	0m1.388s
user	0m1.180s
sys	0m0.303s
