2000+0 records in
2000+0 records out
0dd74775419ada42017a0fdf21eccf94  -
2097152000 bytes (2.1 GB) copied, 5.12445 s, 409 MB/s

real	0m5.127s
user	0m4.740s
sys	0m1.110s
2000+0 records in
2000+0 records out
0dd74775419ada42017a0fdf21eccf94  -
2097152000 bytes (2.1 GB) copied, 5.19341 s, 404 MB/s

real	0m5.196s
user	0m4.674s
sys	0m1.167s
2000+0 records in
2000+0 records out
0dd74775419ada42017a0fdf21eccf94  -
2097152000 bytes (2.1 GB) copied, 5.19107 s, 404 MB/s

real	0m5.194s
user	0m4.696s
sys	0m1.148s
2000+0 records in
2000+0 records out
0dd74775419ada42017a0fdf21eccf94  -
2097152000 bytes (2.1 GB) copied, 5.17844 s, 405 MB/s

real	0m5.181s
user	0m4.706s
sys	0m1.203s
2000+0 records in
2000+0 records out
2097152000 bytes (2.1 GB) copied, 5.15828 s, 407 MB/s
0dd74775419ada42017a0fdf21eccf94  -

real	0m5.161s
user	0m4.712s
sys	0m1.264s
2000+0 records in
2000+0 records out
0dd74775419ada42017a0fdf21eccf94  -
2097152000 bytes (2.1 GB) copied, 5.4927 s, 382 MB/s

real	0m5.495s
user	0m4.726s
sys	0m1.507s
2000+0 records in
2000+0 records out
0dd74775419ada42017a0fdf21eccf94  -
2097152000 bytes (2.1 GB) copied, 5.15135 s, 407 MB/s

real	0m5.154s
user	0m4.685s
sys	0m1.166s
2000+0 records in
2000+0 records out
0dd74775419ada42017a0fdf21eccf94  -
2097152000 bytes (2.1 GB) copied, 5.22794 s, 401 MB/s

real	0m5.231s
user	0m4.691s
sys	0m1.139s
2000+0 records in
2000+0 records out
0dd74775419ada42017a0fdf21eccf94  -
2097152000 bytes (2.1 GB) copied, 5.11821 s, 410 MB/s

real	0m5.121s
user	0m4.694s
sys	0m1.134s
2000+0 records in
2000+0 records out
2097152000 bytes (2.1 GB) copied, 5.09334 s, 412 MB/s
0dd74775419ada42017a0fdf21eccf94  -

real	0m5.096s
user	0m4.678s
sys	0m1.225s
2000+0 records in
2000+0 records out
0dd74775419ada42017a0fdf21eccf94  -
2097152000 bytes (2.1 GB) copied, 5.11141 s, 410 MB/s

real	0m5.114s
user	0m4.675s
sys	0m1.128s
2000+0 records in
2000+0 records out
0dd74775419ada42017a0fdf21eccf94  -
2097152000 bytes (2.1 GB) copied, 5.42425 s, 387 MB/s

real	0m5.427s
user	0m4.711s
sys	0m1.418s
2000+0 records in
2000+0 records out
0dd74775419ada42017a0fdf21eccf94  -
2097152000 bytes (2.1 GB) copied, 5.16851 s, 406 MB/s

real	0m5.171s
user	0m4.677s
sys	0m1.229s
2000+0 records in
2000+0 records out
0dd74775419ada42017a0fdf21eccf94  -
2097152000 bytes (2.1 GB) copied, 5.18127 s, 405 MB/s

real	0m5.184s
user	0m4.668s
sys	0m1.202s
2000+0 records in
2000+0 records out
2097152000 bytes (2.1 GB) copied, 5.08632 s, 412 MB/s
0dd74775419ada42017a0fdf21eccf94  -

real	0m5.089s
user	0m4.656s
sys	0m1.206s
2000+0 records in
2000+0 records out
0dd74775419ada42017a0fdf21eccf94  -
2097152000 bytes (2.1 GB) copied, 5.13648 s, 408 MB/s

real	0m5.139s
user	0m4.683s
sys	0m1.122s
2000+0 records in
2000+0 records out
0dd74775419ada42017a0fdf21eccf94  -
2097152000 bytes (2.1 GB) copied, 5.14716 s, 407 MB/s

real	0m5.150s
user	0m4.660s
sys	0m1.299s
2000+0 records in
2000+0 records out
0dd74775419ada42017a0fdf21eccf94  -
2097152000 bytes (2.1 GB) copied, 5.25942 s, 399 MB/s

real	0m5.262s
user	0m4.687s
sys	0m1.291s
2000+0 records in
2000+0 records out
0dd74775419ada42017a0fdf21eccf94  -
2097152000 bytes (2.1 GB) copied, 5.32269 s, 394 MB/s

real	0m5.326s
user	0m4.670s
sys	0m1.433s
2000+0 records in
2000+0 records out
2097152000 bytes (2.1 GB) copied, 5.19263 s, 404 MB/s
0dd74775419ada42017a0fdf21eccf94  -

real	0m5.195s
user	0m4.678s
sys	0m1.234s
2000+0 records in
2000+0 records out
0dd74775419ada42017a0fdf21eccf94  -
2097152000 bytes (2.1 GB) copied, 5.15785 s, 407 MB/s

real	0m5.160s
user	0m4.667s
sys	0m1.165s
2000+0 records in
2000+0 records out
0dd74775419ada42017a0fdf21eccf94  -
2097152000 bytes (2.1 GB) copied, 5.14053 s, 408 MB/s

real	0m5.143s
user	0m4.679s
sys	0m1.124s
2000+0 records in
2000+0 records out
0dd74775419ada42017a0fdf21eccf94  -
2097152000 bytes (2.1 GB) copied, 5.14591 s, 408 MB/s

real	0m5.149s
user	0m4.691s
sys	0m1.112s
2000+0 records in
2000+0 records out
0dd74775419ada42017a0fdf21eccf94  -
2097152000 bytes (2.1 GB) copied, 5.14691 s, 407 MB/s

real	0m5.150s
user	0m4.700s
sys	0m1.154s
2000+0 records in
2000+0 records out
2097152000 bytes (2.1 GB) copied, 5.07775 s, 413 MB/s
0dd74775419ada42017a0fdf21eccf94  -

real	0m5.081s
user	0m4.674s
sys	0m1.231s
2000+0 records in
2000+0 records out
0dd74775419ada42017a0fdf21eccf94  -
2097152000 bytes (2.1 GB) copied, 5.11643 s, 410 MB/s

real	0m5.119s
user	0m4.633s
sys	0m1.182s
2000+0 records in
2000+0 records out
0dd74775419ada42017a0fdf21eccf94  -
2097152000 bytes (2.1 GB) copied, 5.47027 s, 383 MB/s

real	0m5.473s
user	0m4.692s
sys	0m1.415s
2000+0 records in
2000+0 records out
0dd74775419ada42017a0fdf21eccf94  -
2097152000 bytes (2.1 GB) copied, 5.1455 s, 408 MB/s

real	0m5.149s
user	0m4.732s
sys	0m1.100s
2000+0 records in
2000+0 records out
0dd74775419ada42017a0fdf21eccf94  -
2097152000 bytes (2.1 GB) copied, 5.24557 s, 400 MB/s

real	0m5.248s
user	0m4.671s
sys	0m1.216s
2000+0 records in
2000+0 records out
2097152000 bytes (2.1 GB) copied, 5.10499 s, 411 MB/s
0dd74775419ada42017a0fdf21eccf94  -

real	0m5.108s
user	0m4.672s
sys	0m1.254s
2000+0 records in
2000+0 records out
0dd74775419ada42017a0fdf21eccf94  -
2097152000 bytes (2.1 GB) copied, 5.11749 s, 410 MB/s

real	0m5.120s
user	0m4.668s
sys	0m1.147s
2000+0 records in
2000+0 records out
0dd74775419ada42017a0fdf21eccf94  -
2097152000 bytes (2.1 GB) copied, 5.30175 s, 396 MB/s

real	0m5.305s
user	0m4.679s
sys	0m1.276s
2000+0 records in
2000+0 records out
0dd74775419ada42017a0fdf21eccf94  -
2097152000 bytes (2.1 GB) copied, 5.13402 s, 408 MB/s

real	0m5.137s
user	0m4.685s
sys	0m1.283s
2000+0 records in
2000+0 records out
0dd74775419ada42017a0fdf21eccf94  -
2097152000 bytes (2.1 GB) copied, 5.13168 s, 409 MB/s

real	0m5.134s
user	0m4.690s
sys	0m1.128s
2000+0 records in
2000+0 records out
2097152000 bytes (2.1 GB) copied, 5.11301 s, 410 MB/s
0dd74775419ada42017a0fdf21eccf94  -

real	0m5.116s
user	0m4.679s
sys	0m1.243s
2000+0 records in
2000+0 records out
0dd74775419ada42017a0fdf21eccf94  -
2097152000 bytes (2.1 GB) copied, 5.20485 s, 403 MB/s

real	0m5.208s
user	0m4.693s
sys	0m1.280s
2000+0 records in
2000+0 records out
0dd74775419ada42017a0fdf21eccf94  -
2097152000 bytes (2.1 GB) copied, 5.62212 s, 373 MB/s

real	0m5.625s
user	0m4.671s
sys	0m1.278s
2000+0 records in
2000+0 records out
0dd74775419ada42017a0fdf21eccf94  -
2097152000 bytes (2.1 GB) copied, 5.14805 s, 407 MB/s

real	0m5.151s
user	0m4.714s
sys	0m1.157s
2000+0 records in
2000+0 records out
0dd74775419ada42017a0fdf21eccf94  -
2097152000 bytes (2.1 GB) copied, 5.16755 s, 406 MB/s

real	0m5.170s
user	0m4.683s
sys	0m1.150s
2000+0 records in
2000+0 records out
2097152000 bytes (2.1 GB) copied, 5.09466 s, 412 MB/s
0dd74775419ada42017a0fdf21eccf94  -

real	0m5.098s
user	0m4.666s
sys	0m1.242s
2000+0 records in
2000+0 records out
0dd74775419ada42017a0fdf21eccf94  -
2097152000 bytes (2.1 GB) copied, 5.12114 s, 410 MB/s

real	0m5.124s
user	0m4.690s
sys	0m1.164s
2000+0 records in
2000+0 records out
0dd74775419ada42017a0fdf21eccf94  -
2097152000 bytes (2.1 GB) copied, 5.25514 s, 399 MB/s

real	0m5.258s
user	0m4.677s
sys	0m1.321s
2000+0 records in
2000+0 records out
0dd74775419ada42017a0fdf21eccf94  -
2097152000 bytes (2.1 GB) copied, 5.1975 s, 403 MB/s

real	0m5.200s
user	0m4.680s
sys	0m1.127s
2000+0 records in
2000+0 records out
0dd74775419ada42017a0fdf21eccf94  -
2097152000 bytes (2.1 GB) copied, 5.20399 s, 403 MB/s

real	0m5.207s
user	0m4.677s
sys	0m1.273s
2000+0 records in
2000+0 records out
2097152000 bytes (2.1 GB) copied, 5.08927 s, 412 MB/s
0dd74775419ada42017a0fdf21eccf94  -

real	0m5.092s
user	0m4.661s
sys	0m1.247s
2000+0 records in
2000+0 records out
0dd74775419ada42017a0fdf21eccf94  -
2097152000 bytes (2.1 GB) copied, 5.10552 s, 411 MB/s

real	0m5.108s
user	0m4.672s
sys	0m1.284s
2000+0 records in
2000+0 records out
0dd74775419ada42017a0fdf21eccf94  -
2097152000 bytes (2.1 GB) copied, 5.18149 s, 405 MB/s

real	0m5.184s
user	0m4.660s
sys	0m1.278s
2000+0 records in
2000+0 records out
0dd74775419ada42017a0fdf21eccf94  -
2097152000 bytes (2.1 GB) copied, 5.19724 s, 404 MB/s

real	0m5.200s
user	0m4.690s
sys	0m1.266s
2000+0 records in
2000+0 records out
0dd74775419ada42017a0fdf21eccf94  -
2097152000 bytes (2.1 GB) copied, 5.12386 s, 409 MB/s

real	0m5.126s
user	0m4.681s
sys	0m1.133s
2000+0 records in
2000+0 records out
2097152000 bytes (2.1 GB) copied, 5.14022 s, 408 MB/s
0dd74775419ada42017a0fdf21eccf94  -

real	0m5.143s
user	0m4.656s
sys	0m1.310s
