500+0 records in
500+0 records out
524288000 bytes (524 MB) copied, 1.31434 s, 399 MB/s
afbad591ee2b70ac94258fbc7fac3bf2  -

real	0m1.317s
user	0m1.165s
sys	0m0.325s
500+0 records in
500+0 records out
524288000 bytes (524 MB) copied, 1.27123 s, 412 MB/s
afbad591ee2b70ac94258fbc7fac3bf2  -

real	0m1.274s
user	0m1.182s
sys	0m0.296s
500+0 records in
500+0 records out
524288000 bytes (524 MB) copiedafbad591ee2b70ac94258fbc7fac3bf2  -
, 1.27184 s, 412 MB/s

real	0m1.275s
user	0m1.169s
sys	0m0.294s
500+0 records in
500+0 records out
524288000 bytes (524 MB) copied, 1.28649 s, 408 MB/s
afbad591ee2b70ac94258fbc7fac3bf2  -

real	0m1.289s
user	0m1.177s
sys	0m0.305s
500+0 records in
500+0 records out
524288000 bytes (524 MB) copied, 1.27309 s, 412 MB/s
afbad591ee2b70ac94258fbc7fac3bf2  -

real	0m1.276s
user	0m1.170s
sys	0m0.285s
500+0 records in
500+0 records out
524288000 bytes (524 MB) copied, 1.33846 s, 392 MB/s
afbad591ee2b70ac94258fbc7fac3bf2  -

real	0m1.341s
user	0m1.177s
sys	0m0.281s
500+0 records in
500+0 records out
524288000 bytes (524 MB) copied, 1.27249 s, 412 MB/s
afbad591ee2b70ac94258fbc7fac3bf2  -

real	0m1.275s
user	0m1.171s
sys	0m0.306s
500+0 records in
500+0 records out
524288000 bytes (524 MB) copied, 1.32832 s, 395 MB/s
afbad591ee2b70ac94258fbc7fac3bf2  -

real	0m1.331s
user	0m1.169s
sys	0m0.286s
500+0 records in
500+0 records out
524288000 bytes (524 MB) copied, 1.27303 s, 412 MB/s
afbad591ee2b70ac94258fbc7fac3bf2  -

real	0m1.276s
user	0m1.173s
sys	0m0.302s
500+0 records in
500+0 records out
524288000 bytes (524 MB) copied, 1.34369 s, 390 MB/s
afbad591ee2b70ac94258fbc7fac3bf2  -

real	0m1.346s
user	0m1.173s
sys	0m0.306s
500+0 records in
500+0 records out
524288000 bytes (524 MB) copied, 1.34577 s, 390 MB/s
afbad591ee2b70ac94258fbc7fac3bf2  -

real	0m1.349s
user	0m1.175s
sys	0m0.315s
500+0 records in
500+0 records out
524288000 bytes (524 MB) copied, 1.31252 s, 399 MB/s
afbad591ee2b70ac94258fbc7fac3bf2  -

real	0m1.315s
user	0m1.164s
sys	0m0.305s
500+0 records in
500+0 records out
524288000 bytes (524 MB) copied, 1.31786 s, 398 MB/s
afbad591ee2b70ac94258fbc7fac3bf2  -

real	0m1.321s
user	0m1.176s
sys	0m0.318s
500+0 records in
500+0 records out
524288000 bytes (524 MB) copied, 1.37271 s, 382 MB/s
afbad591ee2b70ac94258fbc7fac3bf2  -

real	0m1.375s
user	0m1.154s
sys	0m0.310s
500+0 records in
500+0 records out
524288000 bytes (524 MB) copied, 1.34516 s, 390 MB/s
afbad591ee2b70ac94258fbc7fac3bf2  -

real	0m1.348s
user	0m1.170s
sys	0m0.283s
500+0 records in
500+0 records out
524288000 bytes (524 MB) copied, 1.36626 s, 384 MB/s
afbad591ee2b70ac94258fbc7fac3bf2  -

real	0m1.369s
user	0m1.198s
sys	0m0.254s
500+0 records in
500+0 records out
524288000 bytes (524 MB) copied, 1.33249 s, 393 MB/s
afbad591ee2b70ac94258fbc7fac3bf2  -

real	0m1.336s
user	0m1.169s
sys	0m0.298s
500+0 records in
500+0 records out
524288000 bytes (524 MB) copied, 1.35456 s, 387 MB/s
afbad591ee2b70ac94258fbc7fac3bf2  -

real	0m1.357s
user	0m1.166s
sys	0m0.379s
500+0 records in
500+0 records out
524288000 bytes (524 MB) copiedafbad591ee2b70ac94258fbc7fac3bf2  -
, 1.35992 s, 386 MB/s

real	0m1.363s
user	0m1.184s
sys	0m0.270s
500+0 records in
500+0 records out
afbad591ee2b70ac94258fbc7fac3bf2  -
524288000 bytes (524 MB) copied, 1.35868 s, 386 MB/s

real	0m1.361s
user	0m1.180s
sys	0m0.309s
500+0 records in
500+0 records out
524288000 bytes (524 MB) copied, 1.33883 s, 392 MB/s
afbad591ee2b70ac94258fbc7fac3bf2  -

real	0m1.342s
user	0m1.177s
sys	0m0.346s
500+0 records in
500+0 records out
524288000 bytes (524 MB) copied, 1.37903 s, 380 MB/s
afbad591ee2b70ac94258fbc7fac3bf2  -

real	0m1.382s
user	0m1.192s
sys	0m0.344s
500+0 records in
500+0 records out
524288000 bytes (524 MB) copied, 1.35425 s, 387 MB/s
afbad591ee2b70ac94258fbc7fac3bf2  -

real	0m1.357s
user	0m1.167s
sys	0m0.354s
500+0 records in
500+0 records out
524288000 bytes (524 MB) copied, 1.37829 s, 380 MB/s
afbad591ee2b70ac94258fbc7fac3bf2  -

real	0m1.381s
user	0m1.161s
sys	0m0.307s
500+0 records in
500+0 records out
524288000 bytes (524 MB) copied, 1.30973 s, 400 MB/s
afbad591ee2b70ac94258fbc7fac3bf2  -

real	0m1.313s
user	0m1.183s
sys	0m0.273s
500+0 records in
500+0 records out
524288000 bytes (524 MB) copied, 1.3573 s, 386 MB/s
afbad591ee2b70ac94258fbc7fac3bf2  -

real	0m1.360s
user	0m1.167s
sys	0m0.302s
500+0 records in
500+0 records out
524288000 bytes (524 MB) copied, 1.46994 s, 357 MB/s
afbad591ee2b70ac94258fbc7fac3bf2  -

real	0m1.473s
user	0m1.170s
sys	0m0.460s
500+0 records in
500+0 records out
524288000 bytes (524 MB) copied, 1.41727 s, 370 MB/s
afbad591ee2b70ac94258fbc7fac3bf2  -

real	0m1.420s
user	0m1.183s
sys	0m0.407s
500+0 records in
500+0 records out
524288000 bytes (524 MB) copied, 1.32205 s, 397 MB/s
afbad591ee2b70ac94258fbc7fac3bf2  -

real	0m1.325s
user	0m1.174s
sys	0m0.307s
500+0 records in
500+0 records out
524288000 bytes (524 MB) copied, 1.3549 s, 387 MB/s
afbad591ee2b70ac94258fbc7fac3bf2  -

real	0m1.358s
user	0m1.179s
sys	0m0.287s
500+0 records in
500+0 records out
524288000 bytes (524 MB) copied, 1.31465 s, 399 MB/s
afbad591ee2b70ac94258fbc7fac3bf2  -

real	0m1.317s
user	0m1.172s
sys	0m0.281s
500+0 records in
500+0 records out
524288000 bytes (524 MB) copied, 1.39495 s, 376 MB/s
afbad591ee2b70ac94258fbc7fac3bf2  -

real	0m1.398s
user	0m1.172s
sys	0m0.292s
500+0 records in
500+0 records out
524288000 bytes (524 MB) copied, 1.38325 s, 379 MB/s
afbad591ee2b70ac94258fbc7fac3bf2  -

real	0m1.386s
user	0m1.172s
sys	0m0.392s
500+0 records in
500+0 records out
524288000 bytes (524 MB) copied, 1.67164 s, 314 MB/s
afbad591ee2b70ac94258fbc7fac3bf2  -

real	0m1.675s
user	0m1.167s
sys	0m0.547s
500+0 records in
500+0 records out
524288000 bytes (524 MB) copied, 1.36172 s, 385 MB/s
afbad591ee2b70ac94258fbc7fac3bf2  -

real	0m1.365s
user	0m1.184s
sys	0m0.280s
500+0 records in
500+0 records out
524288000 bytes (524 MB) copied, 1.31296 s, 399 MB/s
afbad591ee2b70ac94258fbc7fac3bf2  -

real	0m1.316s
user	0m1.167s
sys	0m0.292s
500+0 records in
500+0 records out
524288000 bytes (524 MB) copied, 1.33503 s, 393 MB/s
afbad591ee2b70ac94258fbc7fac3bf2  -

real	0m1.338s
user	0m1.183s
sys	0m0.277s
500+0 records in
500+0 records out
524288000 bytes (524 MB) copied, 1.36524 s, 384 MB/s
afbad591ee2b70ac94258fbc7fac3bf2  -

real	0m1.368s
user	0m1.177s
sys	0m0.375s
500+0 records in
500+0 records out
524288000 bytes (524 MB) copied, 1.33701 s, 392 MB/s
afbad591ee2b70ac94258fbc7fac3bf2  -

real	0m1.340s
user	0m1.183s
sys	0m0.338s
500+0 records in
500+0 records out
afbad591ee2b70ac94258fbc7fac3bf2  -
524288000 bytes (524 MB) copied, 1.35688 s, 386 MB/s

real	0m1.360s
user	0m1.176s
sys	0m0.288s
