2000+0 records in
2000+0 records out
2097152000 bytes (2.1 GB) copied0dd74775419ada42017a0fdf21eccf94  -
, 5.16622 s, 406 MB/s

real	0m5.169s
user	0m4.686s
sys	0m1.122s
2000+0 records in
2000+0 records out
0dd74775419ada42017a0fdf21eccf94  -
2097152000 bytes (2.1 GB) copied, 5.15173 s, 407 MB/s

real	0m5.154s
user	0m4.674s
sys	0m1.131s
2000+0 records in
2000+0 records out
0dd74775419ada42017a0fdf21eccf94  -
2097152000 bytes (2.1 GB) copied, 5.15995 s, 406 MB/s

real	0m5.163s
user	0m4.689s
sys	0m1.153s
2000+0 records in
2000+0 records out
0dd74775419ada42017a0fdf21eccf94  -
2097152000 bytes (2.1 GB) copied, 5.10213 s, 411 MB/s

real	0m5.105s
user	0m4.660s
sys	0m1.165s
2000+0 records in
2000+0 records out
2097152000 bytes (2.1 GB) copied, 5.102 s, 411 MB/s
0dd74775419ada42017a0fdf21eccf94  -

real	0m5.105s
user	0m4.665s
sys	0m1.257s
2000+0 records in
2000+0 records out
0dd74775419ada42017a0fdf21eccf94  -
2097152000 bytes (2.1 GB) copied, 5.16784 s, 406 MB/s

real	0m5.170s
user	0m4.689s
sys	0m1.116s
2000+0 records in
2000+0 records out
2097152000 bytes (2.1 GB) copied, 5.2234 s, 401 MB/s
0dd74775419ada42017a0fdf21eccf94  -

real	0m5.226s
user	0m4.697s
sys	0m1.301s
2000+0 records in
2000+0 records out
0dd74775419ada42017a0fdf21eccf94  -
2097152000 bytes (2.1 GB) copied, 5.12952 s, 409 MB/s

real	0m5.132s
user	0m4.700s
sys	0m1.141s
2000+0 records in
2000+0 records out
0dd74775419ada42017a0fdf21eccf94  -
2097152000 bytes (2.1 GB) copied, 5.13512 s, 408 MB/s

real	0m5.138s
user	0m4.665s
sys	0m1.189s
2000+0 records in
2000+0 records out
2097152000 bytes (2.1 GB) copied, 5.1165 s, 410 MB/s
0dd74775419ada42017a0fdf21eccf94  -

real	0m5.119s
user	0m4.679s
sys	0m1.168s
2000+0 records in
2000+0 records out
0dd74775419ada42017a0fdf21eccf94  -
2097152000 bytes (2.1 GB) copied, 5.1162 s, 410 MB/s

real	0m5.119s
user	0m4.663s
sys	0m1.152s
2000+0 records in
2000+0 records out
0dd74775419ada42017a0fdf21eccf94  -
2097152000 bytes (2.1 GB) copied, 5.15112 s, 407 MB/s

real	0m5.154s
user	0m4.660s
sys	0m1.172s
2000+0 records in
2000+0 records out
0dd74775419ada42017a0fdf21eccf94  -
2097152000 bytes (2.1 GB) copied, 5.17458 s, 405 MB/s

real	0m5.178s
user	0m4.677s
sys	0m1.172s
2000+0 records in
2000+0 records out
0dd74775419ada42017a0fdf21eccf94  -
2097152000 bytes (2.1 GB) copied, 5.13442 s, 408 MB/s

real	0m5.137s
user	0m4.684s
sys	0m1.110s
2000+0 records in
2000+0 records out
2097152000 bytes (2.1 GB) copied, 5.13961 s, 408 MB/s
0dd74775419ada42017a0fdf21eccf94  -

real	0m5.142s
user	0m4.664s
sys	0m1.139s
2000+0 records in
2000+0 records out
0dd74775419ada42017a0fdf21eccf94  -
2097152000 bytes (2.1 GB) copied, 5.18345 s, 405 MB/s

real	0m5.186s
user	0m4.717s
sys	0m1.230s
2000+0 records in
2000+0 records out
0dd74775419ada42017a0fdf21eccf94  -
2097152000 bytes (2.1 GB) copied, 5.12261 s, 409 MB/s

real	0m5.125s
user	0m4.662s
sys	0m1.139s
2000+0 records in
2000+0 records out
0dd74775419ada42017a0fdf21eccf94  -
2097152000 bytes (2.1 GB) copied, 5.13968 s, 408 MB/s

real	0m5.142s
user	0m4.680s
sys	0m1.121s
2000+0 records in
2000+0 records out
0dd74775419ada42017a0fdf21eccf94  -
2097152000 bytes (2.1 GB) copied, 5.16185 s, 406 MB/s

real	0m5.165s
user	0m4.658s
sys	0m1.211s
2000+0 records in
2000+0 records out
2097152000 bytes (2.1 GB) copied, 5.12454 s, 409 MB/s
0dd74775419ada42017a0fdf21eccf94  -

real	0m5.128s
user	0m4.681s
sys	0m1.224s
2000+0 records in
2000+0 records out
0dd74775419ada42017a0fdf21eccf94  -
2097152000 bytes (2.1 GB) copied, 5.28392 s, 397 MB/s

real	0m5.286s
user	0m4.669s
sys	0m1.413s
2000+0 records in
2000+0 records out
0dd74775419ada42017a0fdf21eccf94  -
2097152000 bytes (2.1 GB) copied, 5.19356 s, 404 MB/s

real	0m5.196s
user	0m4.722s
sys	0m1.164s
2000+0 records in
2000+0 records out
0dd74775419ada42017a0fdf21eccf94  -
2097152000 bytes (2.1 GB) copied, 5.22867 s, 401 MB/s

real	0m5.232s
user	0m4.693s
sys	0m1.279s
2000+0 records in
2000+0 records out
0dd74775419ada42017a0fdf21eccf94  -
2097152000 bytes (2.1 GB) copied, 5.14956 s, 407 MB/s

real	0m5.152s
user	0m4.670s
sys	0m1.186s
2000+0 records in
2000+0 records out
2097152000 bytes (2.1 GB) copied, 5.15341 s, 407 MB/s
0dd74775419ada42017a0fdf21eccf94  -

real	0m5.156s
user	0m4.638s
sys	0m1.172s
2000+0 records in
2000+0 records out
0dd74775419ada42017a0fdf21eccf94  -
2097152000 bytes (2.1 GB) copied, 5.11263 s, 410 MB/s

real	0m5.115s
user	0m4.672s
sys	0m1.129s
2000+0 records in
2000+0 records out
2097152000 bytes (2.1 GB) copied0dd74775419ada42017a0fdf21eccf94  -
, 5.14182 s, 408 MB/s

real	0m5.145s
user	0m4.696s
sys	0m1.098s
2000+0 records in
2000+0 records out
2097152000 bytes (2.1 GB) copied0dd74775419ada42017a0fdf21eccf94  -
, 5.12288 s, 409 MB/s

real	0m5.126s
user	0m4.686s
sys	0m1.114s
2000+0 records in
2000+0 records out
0dd74775419ada42017a0fdf21eccf94  -
2097152000 bytes (2.1 GB) copied, 5.14777 s, 407 MB/s

real	0m5.151s
user	0m4.682s
sys	0m1.115s
2000+0 records in
2000+0 records out
2097152000 bytes (2.1 GB) copied, 5.12369 s, 409 MB/s
0dd74775419ada42017a0fdf21eccf94  -

real	0m5.127s
user	0m4.672s
sys	0m1.266s
2000+0 records in
2000+0 records out
2097152000 bytes (2.1 GB) copied0dd74775419ada42017a0fdf21eccf94  -
, 5.18108 s, 405 MB/s

real	0m5.184s
user	0m4.687s
sys	0m1.287s
2000+0 records in
2000+0 records out
0dd74775419ada42017a0fdf21eccf94  -
2097152000 bytes (2.1 GB) copied, 5.18214 s, 405 MB/s

real	0m5.185s
user	0m4.678s
sys	0m1.288s
2000+0 records in
2000+0 records out
0dd74775419ada42017a0fdf21eccf94  -
2097152000 bytes (2.1 GB) copied, 5.18124 s, 405 MB/s

real	0m5.184s
user	0m4.673s
sys	0m1.172s
2000+0 records in
2000+0 records out
0dd74775419ada42017a0fdf21eccf94  -
2097152000 bytes (2.1 GB) copied, 5.26277 s, 398 MB/s

real	0m5.266s
user	0m4.671s
sys	0m1.132s
2000+0 records in
2000+0 records out
2097152000 bytes (2.1 GB) copied, 5.08141 s, 413 MB/s
0dd74775419ada42017a0fdf21eccf94  -

real	0m5.084s
user	0m4.702s
sys	0m1.117s
2000+0 records in
2000+0 records out
0dd74775419ada42017a0fdf21eccf94  -
2097152000 bytes (2.1 GB) copied, 5.27556 s, 398 MB/s

real	0m5.278s
user	0m4.677s
sys	0m1.448s
2000+0 records in
2000+0 records out
0dd74775419ada42017a0fdf21eccf94  -
2097152000 bytes (2.1 GB) copied, 5.49861 s, 381 MB/s

real	0m5.501s
user	0m4.680s
sys	0m1.173s
2000+0 records in
2000+0 records out
2097152000 bytes (2.1 GB) copied0dd74775419ada42017a0fdf21eccf94  -
, 5.22141 s, 402 MB/s

real	0m5.224s
user	0m4.671s
sys	0m1.125s
2000+0 records in
2000+0 records out
2097152000 bytes (2.1 GB) copied0dd74775419ada42017a0fdf21eccf94  -
, 5.16517 s, 406 MB/s

real	0m5.168s
user	0m4.672s
sys	0m1.128s
2000+0 records in
2000+0 records out
2097152000 bytes (2.1 GB) copied, 5.08573 s, 412 MB/s
0dd74775419ada42017a0fdf21eccf94  -

real	0m5.088s
user	0m4.675s
sys	0m1.119s
2000+0 records in
2000+0 records out
0dd74775419ada42017a0fdf21eccf94  -
2097152000 bytes (2.1 GB) copied, 5.14269 s, 408 MB/s

real	0m5.145s
user	0m4.698s
sys	0m1.105s
2000+0 records in
2000+0 records out
0dd74775419ada42017a0fdf21eccf94  -
2097152000 bytes (2.1 GB) copied, 5.15814 s, 407 MB/s

real	0m5.161s
user	0m4.690s
sys	0m1.148s
2000+0 records in
2000+0 records out
0dd74775419ada42017a0fdf21eccf94  -
2097152000 bytes (2.1 GB) copied, 5.12823 s, 409 MB/s

real	0m5.131s
user	0m4.682s
sys	0m1.120s
2000+0 records in
2000+0 records out
0dd74775419ada42017a0fdf21eccf94  -
2097152000 bytes (2.1 GB) copied, 5.15739 s, 407 MB/s

real	0m5.160s
user	0m4.693s
sys	0m1.159s
2000+0 records in
2000+0 records out
2097152000 bytes (2.1 GB) copied, 5.15591 s, 407 MB/s
0dd74775419ada42017a0fdf21eccf94  -

real	0m5.159s
user	0m4.668s
sys	0m1.262s
2000+0 records in
2000+0 records out
0dd74775419ada42017a0fdf21eccf94  -
2097152000 bytes (2.1 GB) copied, 5.10043 s, 411 MB/s

real	0m5.103s
user	0m4.686s
sys	0m1.119s
2000+0 records in
2000+0 records out
0dd74775419ada42017a0fdf21eccf94  -
2097152000 bytes (2.1 GB) copied, 5.17998 s, 405 MB/s

real	0m5.183s
user	0m4.693s
sys	0m1.104s
2000+0 records in
2000+0 records out
0dd74775419ada42017a0fdf21eccf94  -
2097152000 bytes (2.1 GB) copied, 5.22675 s, 401 MB/s

real	0m5.230s
user	0m4.688s
sys	0m1.111s
2000+0 records in
2000+0 records out
0dd74775419ada42017a0fdf21eccf94  -
2097152000 bytes (2.1 GB) copied, 5.15918 s, 406 MB/s

real	0m5.162s
user	0m4.674s
sys	0m1.126s
2000+0 records in
2000+0 records out
2097152000 bytes (2.1 GB) copied, 5.19378 s, 404 MB/s
0dd74775419ada42017a0fdf21eccf94  -

real	0m5.197s
user	0m4.685s
sys	0m1.124s
