10000+0 records in
10000+0 records out
a02bf4596da9a0c3d2b10ac745b55ccf  -
10485760000 bytes (10 GB) copied, 25.2383 s, 415 MB/s

real	0m25.241s
user	0m23.384s
sys	0m6.171s
10000+0 records in
10000+0 records out
10485760000 bytes (10 GB) copieda02bf4596da9a0c3d2b10ac745b55ccf  -
, 25.2183 s, 416 MB/s

real	0m25.221s
user	0m23.349s
sys	0m6.129s
10000+0 records in
10000+0 records out
a02bf4596da9a0c3d2b10ac745b55ccf  -
10485760000 bytes (10 GB) copied, 25.2415 s, 415 MB/s

real	0m25.244s
user	0m23.424s
sys	0m6.258s
10000+0 records in
10000+0 records out
10485760000 bytes (10 GB) copied, 25.3443 s, 414 MB/s
a02bf4596da9a0c3d2b10ac745b55ccf  -

real	0m25.347s
user	0m23.395s
sys	0m6.098s
10000+0 records in
10000+0 records out
10485760000 bytes (10 GB) copied, 25.2249 s, 416 MB/s
a02bf4596da9a0c3d2b10ac745b55ccf  -

real	0m25.227s
user	0m23.383s
sys	0m6.190s
10000+0 records in
10000+0 records out
10485760000 bytes (10 GB) copied, 25.1887 s, 416 MB/s
a02bf4596da9a0c3d2b10ac745b55ccf  -

real	0m25.192s
user	0m23.413s
sys	0m5.582s
10000+0 records in
10000+0 records out
10485760000 bytes (10 GB) copieda02bf4596da9a0c3d2b10ac745b55ccf  -
, 25.2538 s, 415 MB/s

real	0m25.257s
user	0m23.317s
sys	0m6.113s
10000+0 records in
10000+0 records out
10485760000 bytes (10 GB) copied, 25.1243 s, 417 MB/s
a02bf4596da9a0c3d2b10ac745b55ccf  -

real	0m25.127s
user	0m23.385s
sys	0m5.634s
10000+0 records in
10000+0 records out
10485760000 bytes (10 GB) copied, 25.2491 s, 415 MB/s
a02bf4596da9a0c3d2b10ac745b55ccf  -

real	0m25.252s
user	0m23.314s
sys	0m5.899s
10000+0 records in
10000+0 records out
10485760000 bytes (10 GB) copied, 80.7711 s, 130 MB/s
a02bf4596da9a0c3d2b10ac745b55ccf  -

real	1m20.774s
user	0m23.327s
sys	0m5.724s
