1000+0 records in
1000+0 records out
3c84e34b319946f6531a2c4559f588a8  -
1048576000 bytes (1.0 GB) copied, 2.62352 s, 400 MB/s

real	0m2.626s
user	0m2.346s
sys	0m0.567s
1000+0 records in
1000+0 records out
3c84e34b319946f6531a2c4559f588a8  -
1048576000 bytes (1.0 GB) copied, 2.70826 s, 387 MB/s

real	0m2.711s
user	0m2.368s
sys	0m0.604s
1000+0 records in
1000+0 records out
3c84e34b319946f6531a2c4559f588a8  -
1048576000 bytes (1.0 GB) copied, 2.59113 s, 405 MB/s

real	0m2.594s
user	0m2.332s
sys	0m0.576s
1000+0 records in
1000+0 records out
3c84e34b319946f6531a2c4559f588a8  -
1048576000 bytes (1.0 GB) copied, 2.65427 s, 395 MB/s

real	0m2.657s
user	0m2.346s
sys	0m0.554s
1000+0 records in
1000+0 records out
3c84e34b319946f6531a2c4559f588a8  -
1048576000 bytes (1.0 GB) copied, 2.62034 s, 400 MB/s

real	0m2.623s
user	0m2.347s
sys	0m0.555s
1000+0 records in
1000+0 records out
3c84e34b319946f6531a2c4559f588a8  -
1048576000 bytes (1.0 GB) copied, 2.76122 s, 380 MB/s

real	0m2.764s
user	0m2.322s
sys	0m0.580s
1000+0 records in
1000+0 records out
3c84e34b319946f6531a2c4559f588a8  -
1048576000 bytes (1.0 GB) copied, 2.59477 s, 404 MB/s

real	0m2.598s
user	0m2.357s
sys	0m0.545s
1000+0 records in
1000+0 records out
3c84e34b319946f6531a2c4559f588a8  -
1048576000 bytes (1.0 GB) copied, 2.67663 s, 392 MB/s

real	0m2.679s
user	0m2.329s
sys	0m0.703s
1000+0 records in
1000+0 records out
1048576000 bytes (1.0 GB) copied, 2.58449 s, 406 MB/s
3c84e34b319946f6531a2c4559f588a8  -

real	0m2.587s
user	0m2.330s
sys	0m0.605s
1000+0 records in
1000+0 records out
1048576000 bytes (1.0 GB) copied, 2.57116 s, 408 MB/s
3c84e34b319946f6531a2c4559f588a8  -

real	0m2.574s
user	0m2.344s
sys	0m0.570s
1000+0 records in
1000+0 records out
3c84e34b319946f6531a2c4559f588a8  -
1048576000 bytes (1.0 GB) copied, 2.6186 s, 400 MB/s

real	0m2.621s
user	0m2.338s
sys	0m0.561s
1000+0 records in
1000+0 records out
3c84e34b319946f6531a2c4559f588a8  -
1048576000 bytes (1.0 GB) copied, 2.61453 s, 401 MB/s

real	0m2.617s
user	0m2.337s
sys	0m0.563s
1000+0 records in
1000+0 records out
3c84e34b319946f6531a2c4559f588a8  -
1048576000 bytes (1.0 GB) copied, 2.65728 s, 395 MB/s

real	0m2.660s
user	0m2.361s
sys	0m0.540s
1000+0 records in
1000+0 records out
3c84e34b319946f6531a2c4559f588a8  -
1048576000 bytes (1.0 GB) copied, 2.68118 s, 391 MB/s

real	0m2.684s
user	0m2.347s
sys	0m0.553s
1000+0 records in
1000+0 records out
3c84e34b319946f6531a2c4559f588a8  -
1048576000 bytes (1.0 GB) copied, 2.62291 s, 400 MB/s

real	0m2.626s
user	0m2.353s
sys	0m0.575s
1000+0 records in
1000+0 records out
3c84e34b319946f6531a2c4559f588a8  -
1048576000 bytes (1.0 GB) copied, 2.64781 s, 396 MB/s

real	0m2.651s
user	0m2.343s
sys	0m0.564s
1000+0 records in
1000+0 records out
3c84e34b319946f6531a2c4559f588a8  -
1048576000 bytes (1.0 GB) copied, 2.65854 s, 394 MB/s

real	0m2.661s
user	0m2.329s
sys	0m0.645s
1000+0 records in
1000+0 records out
3c84e34b319946f6531a2c4559f588a8  -
1048576000 bytes (1.0 GB) copied, 2.61742 s, 401 MB/s

real	0m2.620s
user	0m2.363s
sys	0m0.538s
1000+0 records in
1000+0 records out
3c84e34b319946f6531a2c4559f588a8  -
1048576000 bytes (1.0 GB) copied, 2.63695 s, 398 MB/s

real	0m2.640s
user	0m2.356s
sys	0m0.544s
1000+0 records in
1000+0 records out
1048576000 bytes (1.0 GB) copied, 2.63541 s, 398 MB/s
3c84e34b319946f6531a2c4559f588a8  -

real	0m2.638s
user	0m2.355s
sys	0m0.660s
1000+0 records in
1000+0 records out
3c84e34b319946f6531a2c4559f588a8  -
1048576000 bytes (1.0 GB) copied, 2.60793 s, 402 MB/s

real	0m2.610s
user	0m2.330s
sys	0m0.674s
1000+0 records in
1000+0 records out
3c84e34b319946f6531a2c4559f588a8  -
1048576000 bytes (1.0 GB) copied, 2.77402 s, 378 MB/s

real	0m2.777s
user	0m2.330s
sys	0m0.651s
1000+0 records in
1000+0 records out
3c84e34b319946f6531a2c4559f588a8  -
1048576000 bytes (1.0 GB) copied, 2.60137 s, 403 MB/s

real	0m2.604s
user	0m2.338s
sys	0m0.569s
1000+0 records in
1000+0 records out
3c84e34b319946f6531a2c4559f588a8  -
1048576000 bytes (1.0 GB) copied, 2.69265 s, 389 MB/s

real	0m2.695s
user	0m2.315s
sys	0m0.704s
1000+0 records in
1000+0 records out
3c84e34b319946f6531a2c4559f588a8  -
1048576000 bytes (1.0 GB) copied, 2.71185 s, 387 MB/s

real	0m2.715s
user	0m2.332s
sys	0m0.675s
1000+0 records in
1000+0 records out
3c84e34b319946f6531a2c4559f588a8  -
1048576000 bytes (1.0 GB) copied, 2.6596 s, 394 MB/s

real	0m2.663s
user	0m2.359s
sys	0m0.653s
1000+0 records in
1000+0 records out
3c84e34b319946f6531a2c4559f588a8  -
1048576000 bytes (1.0 GB) copied, 2.69181 s, 390 MB/s

real	0m2.695s
user	0m2.344s
sys	0m0.684s
1000+0 records in
1000+0 records out
3c84e34b319946f6531a2c4559f588a8  -
1048576000 bytes (1.0 GB) copied, 2.71176 s, 387 MB/s

real	0m2.715s
user	0m2.333s
sys	0m0.715s
1000+0 records in
1000+0 records out
3c84e34b319946f6531a2c4559f588a8  -
1048576000 bytes (1.0 GB) copied, 2.64976 s, 396 MB/s

real	0m2.653s
user	0m2.345s
sys	0m0.596s
1000+0 records in
1000+0 records out
1048576000 bytes (1.0 GB) copied, 2.60908 s, 402 MB/s
3c84e34b319946f6531a2c4559f588a8  -

real	0m2.612s
user	0m2.340s
sys	0m0.660s
1000+0 records in
1000+0 records out
3c84e34b319946f6531a2c4559f588a8  -
1048576000 bytes (1.0 GB) copied, 2.67587 s, 392 MB/s

real	0m2.678s
user	0m2.317s
sys	0m0.713s
1000+0 records in
1000+0 records out
3c84e34b319946f6531a2c4559f588a8  -
1048576000 bytes (1.0 GB) copied, 2.76262 s, 380 MB/s

real	0m2.765s
user	0m2.361s
sys	0m0.747s
1000+0 records in
1000+0 records out
3c84e34b319946f6531a2c4559f588a8  -
1048576000 bytes (1.0 GB) copied, 2.62109 s, 400 MB/s

real	0m2.624s
user	0m2.346s
sys	0m0.583s
1000+0 records in
1000+0 records out
3c84e34b319946f6531a2c4559f588a8  -
1048576000 bytes (1.0 GB) copied, 2.6705 s, 393 MB/s

real	0m2.673s
user	0m2.357s
sys	0m0.554s
1000+0 records in
1000+0 records out
3c84e34b319946f6531a2c4559f588a8  -
1048576000 bytes (1.0 GB) copied, 2.63844 s, 397 MB/s

real	0m2.641s
user	0m2.356s
sys	0m0.547s
1000+0 records in
1000+0 records out
3c84e34b319946f6531a2c4559f588a8  -
1048576000 bytes (1.0 GB) copied, 2.67156 s, 392 MB/s

real	0m2.675s
user	0m2.348s
sys	0m0.608s
1000+0 records in
1000+0 records out
3c84e34b319946f6531a2c4559f588a8  -
1048576000 bytes (1.0 GB) copied, 2.60732 s, 402 MB/s

real	0m2.610s
user	0m2.331s
sys	0m0.572s
1000+0 records in
1000+0 records out
3c84e34b319946f6531a2c4559f588a8  -
1048576000 bytes (1.0 GB) copied, 2.6815 s, 391 MB/s

real	0m2.684s
user	0m2.332s
sys	0m0.589s
1000+0 records in
1000+0 records out
3c84e34b319946f6531a2c4559f588a8  -
1048576000 bytes (1.0 GB) copied, 2.60876 s, 402 MB/s

real	0m2.611s
user	0m2.329s
sys	0m0.585s
1000+0 records in
1000+0 records out
1048576000 bytes (1.0 GB) copied, 2.65649 s, 395 MB/s
3c84e34b319946f6531a2c4559f588a8  -

real	0m2.659s
user	0m2.340s
sys	0m0.624s
1000+0 records in
1000+0 records out
3c84e34b319946f6531a2c4559f588a8  -
1048576000 bytes (1.0 GB) copied, 2.61419 s, 401 MB/s

real	0m2.617s
user	0m2.334s
sys	0m0.578s
1000+0 records in
1000+0 records out
3c84e34b319946f6531a2c4559f588a8  -
1048576000 bytes (1.0 GB) copied, 2.76927 s, 379 MB/s

real	0m2.772s
user	0m2.320s
sys	0m0.687s
1000+0 records in
1000+0 records out
3c84e34b319946f6531a2c4559f588a8  -
1048576000 bytes (1.0 GB) copied, 2.71641 s, 386 MB/s

real	0m2.719s
user	0m2.352s
sys	0m0.581s
1000+0 records in
1000+0 records out
3c84e34b319946f6531a2c4559f588a8  -
1048576000 bytes (1.0 GB) copied, 2.72888 s, 384 MB/s

real	0m2.732s
user	0m2.342s
sys	0m0.585s
1000+0 records in
1000+0 records out
3c84e34b319946f6531a2c4559f588a8  -
1048576000 bytes (1.0 GB) copied, 2.60479 s, 403 MB/s

real	0m2.608s
user	0m2.326s
sys	0m0.584s
1000+0 records in
1000+0 records out
3c84e34b319946f6531a2c4559f588a8  -
1048576000 bytes (1.0 GB) copied, 2.65824 s, 394 MB/s

real	0m2.661s
user	0m2.348s
sys	0m0.574s
1000+0 records in
1000+0 records out
3c84e34b319946f6531a2c4559f588a8  -
1048576000 bytes (1.0 GB) copied, 2.71818 s, 386 MB/s

real	0m2.721s
user	0m2.357s
sys	0m0.674s
1000+0 records in
1000+0 records out
3c84e34b319946f6531a2c4559f588a8  -
1048576000 bytes (1.0 GB) copied, 2.62044 s, 400 MB/s

real	0m2.623s
user	0m2.343s
sys	0m0.565s
1000+0 records in
1000+0 records out
3c84e34b319946f6531a2c4559f588a8  -
1048576000 bytes (1.0 GB) copied, 2.65649 s, 395 MB/s

real	0m2.659s
user	0m2.337s
sys	0m0.567s
1000+0 records in
1000+0 records out
1048576000 bytes (1.0 GB) copied, 2.56619 s, 409 MB/s
3c84e34b319946f6531a2c4559f588a8  -

real	0m2.569s
user	0m2.347s
sys	0m0.552s
1000+0 records in
1000+0 records out
3c84e34b319946f6531a2c4559f588a8  -
1048576000 bytes (1.0 GB) copied, 2.74418 s, 382 MB/s

real	0m2.747s
user	0m2.338s
sys	0m0.781s
1000+0 records in
1000+0 records out
3c84e34b319946f6531a2c4559f588a8  -
1048576000 bytes (1.0 GB) copied, 2.77479 s, 378 MB/s

real	0m2.778s
user	0m2.342s
sys	0m0.685s
1000+0 records in
1000+0 records out
3c84e34b319946f6531a2c4559f588a8  -
1048576000 bytes (1.0 GB) copied, 2.66995 s, 393 MB/s

real	0m2.673s
user	0m2.367s
sys	0m0.600s
1000+0 records in
1000+0 records out
3c84e34b319946f6531a2c4559f588a8  -
1048576000 bytes (1.0 GB) copied, 2.73292 s, 384 MB/s

real	0m2.736s
user	0m2.333s
sys	0m0.596s
1000+0 records in
1000+0 records out
3c84e34b319946f6531a2c4559f588a8  -
1048576000 bytes (1.0 GB) copied, 2.60935 s, 402 MB/s

real	0m2.612s
user	0m2.357s
sys	0m0.575s
1000+0 records in
1000+0 records out
3c84e34b319946f6531a2c4559f588a8  -
1048576000 bytes (1.0 GB) copied, 2.69332 s, 389 MB/s

real	0m2.696s
user	0m2.342s
sys	0m0.563s
1000+0 records in
1000+0 records out
3c84e34b319946f6531a2c4559f588a8  -
1048576000 bytes (1.0 GB) copied, 2.61138 s, 402 MB/s

real	0m2.614s
user	0m2.335s
sys	0m0.569s
1000+0 records in
1000+0 records out
3c84e34b319946f6531a2c4559f588a8  -
1048576000 bytes (1.0 GB) copied, 2.60424 s, 403 MB/s

real	0m2.607s
user	0m2.326s
sys	0m0.594s
1000+0 records in
1000+0 records out
3c84e34b319946f6531a2c4559f588a8  -
1048576000 bytes (1.0 GB) copied, 2.6731 s, 392 MB/s

real	0m2.676s
user	0m2.335s
sys	0m0.675s
1000+0 records in
1000+0 records out
1048576000 bytes (1.0 GB) copied3c84e34b319946f6531a2c4559f588a8  -
, 2.6462 s, 396 MB/s

real	0m2.649s
user	0m2.358s
sys	0m0.603s
1000+0 records in
1000+0 records out
3c84e34b319946f6531a2c4559f588a8  -
1048576000 bytes (1.0 GB) copied, 2.5976 s, 404 MB/s

real	0m2.600s
user	0m2.337s
sys	0m0.578s
1000+0 records in
1000+0 records out
3c84e34b319946f6531a2c4559f588a8  -
1048576000 bytes (1.0 GB) copied, 2.615 s, 401 MB/s

real	0m2.618s
user	0m2.346s
sys	0m0.562s
1000+0 records in
1000+0 records out
3c84e34b319946f6531a2c4559f588a8  -
1048576000 bytes (1.0 GB) copied, 2.64888 s, 396 MB/s

real	0m2.652s
user	0m2.329s
sys	0m0.574s
1000+0 records in
1000+0 records out
3c84e34b319946f6531a2c4559f588a8  -
1048576000 bytes (1.0 GB) copied, 2.67427 s, 392 MB/s

real	0m2.677s
user	0m2.342s
sys	0m0.664s
1000+0 records in
1000+0 records out
3c84e34b319946f6531a2c4559f588a8  -
1048576000 bytes (1.0 GB) copied, 2.67182 s, 392 MB/s

real	0m2.675s
user	0m2.358s
sys	0m0.554s
1000+0 records in
1000+0 records out
3c84e34b319946f6531a2c4559f588a8  -
1048576000 bytes (1.0 GB) copied, 2.63307 s, 398 MB/s

real	0m2.636s
user	0m2.349s
sys	0m0.605s
1000+0 records in
1000+0 records out
3c84e34b319946f6531a2c4559f588a8  -
1048576000 bytes (1.0 GB) copied, 2.61686 s, 401 MB/s

real	0m2.620s
user	0m2.333s
sys	0m0.622s
1000+0 records in
1000+0 records out
3c84e34b319946f6531a2c4559f588a8  -
1048576000 bytes (1.0 GB) copied, 2.60291 s, 403 MB/s

real	0m2.606s
user	0m2.353s
sys	0m0.617s
1000+0 records in
1000+0 records out
3c84e34b319946f6531a2c4559f588a8  -
1048576000 bytes (1.0 GB) copied, 2.59271 s, 404 MB/s

real	0m2.596s
user	0m2.349s
sys	0m0.560s
1000+0 records in
1000+0 records out
1048576000 bytes (1.0 GB) copied, 2.62198 s, 400 MB/s
3c84e34b319946f6531a2c4559f588a8  -

real	0m2.625s
user	0m2.348s
sys	0m0.590s
1000+0 records in
1000+0 records out
3c84e34b319946f6531a2c4559f588a8  -
1048576000 bytes (1.0 GB) copied, 2.59239 s, 404 MB/s

real	0m2.595s
user	0m2.323s
sys	0m0.586s
1000+0 records in
1000+0 records out
3c84e34b319946f6531a2c4559f588a8  -
1048576000 bytes (1.0 GB) copied, 2.67306 s, 392 MB/s

real	0m2.676s
user	0m2.349s
sys	0m0.614s
1000+0 records in
1000+0 records out
3c84e34b319946f6531a2c4559f588a8  -
1048576000 bytes (1.0 GB) copied, 2.75451 s, 381 MB/s

real	0m2.757s
user	0m2.335s
sys	0m0.577s
1000+0 records in
1000+0 records out
3c84e34b319946f6531a2c4559f588a8  -
1048576000 bytes (1.0 GB) copied, 2.64058 s, 397 MB/s

real	0m2.643s
user	0m2.337s
sys	0m0.566s
1000+0 records in
1000+0 records out
3c84e34b319946f6531a2c4559f588a8  -
1048576000 bytes (1.0 GB) copied, 2.75421 s, 381 MB/s

real	0m2.757s
user	0m2.335s
sys	0m0.687s
1000+0 records in
1000+0 records out
3c84e34b319946f6531a2c4559f588a8  -
1048576000 bytes (1.0 GB) copied, 2.74901 s, 381 MB/s

real	0m2.752s
user	0m2.339s
sys	0m0.753s
1000+0 records in
1000+0 records out
3c84e34b319946f6531a2c4559f588a8  -
1048576000 bytes (1.0 GB) copied, 2.6592 s, 394 MB/s

real	0m2.662s
user	0m2.360s
sys	0m0.549s
1000+0 records in
1000+0 records out
3c84e34b319946f6531a2c4559f588a8  -
1048576000 bytes (1.0 GB) copied, 2.74412 s, 382 MB/s

real	0m2.747s
user	0m2.348s
sys	0m0.711s
1000+0 records in
1000+0 records out
3c84e34b319946f6531a2c4559f588a8  -
1048576000 bytes (1.0 GB) copied, 2.66224 s, 394 MB/s

real	0m2.665s
user	0m2.346s
sys	0m0.581s
1000+0 records in
1000+0 records out
1048576000 bytes (1.0 GB) copied, 2.5808 s, 406 MB/s
3c84e34b319946f6531a2c4559f588a8  -

real	0m2.584s
user	0m2.322s
sys	0m0.635s
1000+0 records in
1000+0 records out
3c84e34b319946f6531a2c4559f588a8  -
1048576000 bytes (1.0 GB) copied, 2.66818 s, 393 MB/s

real	0m2.671s
user	0m2.343s
sys	0m0.643s
1000+0 records in
1000+0 records out
3c84e34b319946f6531a2c4559f588a8  -
1048576000 bytes (1.0 GB) copied, 2.64524 s, 396 MB/s

real	0m2.648s
user	0m2.350s
sys	0m0.648s
1000+0 records in
1000+0 records out
3c84e34b319946f6531a2c4559f588a8  -
1048576000 bytes (1.0 GB) copied, 2.64644 s, 396 MB/s

real	0m2.649s
user	0m2.337s
sys	0m0.662s
1000+0 records in
1000+0 records out
3c84e34b319946f6531a2c4559f588a8  -
1048576000 bytes (1.0 GB) copied, 2.6988 s, 389 MB/s

real	0m2.702s
user	0m2.366s
sys	0m0.611s
1000+0 records in
1000+0 records out
3c84e34b319946f6531a2c4559f588a8  -
1048576000 bytes (1.0 GB) copied, 2.69586 s, 389 MB/s

real	0m2.699s
user	0m2.333s
sys	0m0.613s
1000+0 records in
1000+0 records out
3c84e34b319946f6531a2c4559f588a8  -
1048576000 bytes (1.0 GB) copied, 2.63956 s, 397 MB/s

real	0m2.642s
user	0m2.325s
sys	0m0.579s
1000+0 records in
1000+0 records out
3c84e34b319946f6531a2c4559f588a8  -
1048576000 bytes (1.0 GB) copied, 2.62916 s, 399 MB/s

real	0m2.632s
user	0m2.338s
sys	0m0.608s
1000+0 records in
1000+0 records out
3c84e34b319946f6531a2c4559f588a8  -
1048576000 bytes (1.0 GB) copied, 2.72061 s, 385 MB/s

real	0m2.723s
user	0m2.326s
sys	0m0.730s
1000+0 records in
1000+0 records out
3c84e34b319946f6531a2c4559f588a8  -
1048576000 bytes (1.0 GB) copied, 2.67988 s, 391 MB/s

real	0m2.683s
user	0m2.348s
sys	0m0.684s
1000+0 records in
1000+0 records out
1048576000 bytes (1.0 GB) copied, 2.5845 s, 406 MB/s
3c84e34b319946f6531a2c4559f588a8  -

real	0m2.587s
user	0m2.338s
sys	0m0.633s
1000+0 records in
1000+0 records out
3c84e34b319946f6531a2c4559f588a8  -
1048576000 bytes (1.0 GB) copied, 2.67172 s, 392 MB/s

real	0m2.674s
user	0m2.339s
sys	0m0.583s
1000+0 records in
1000+0 records out
3c84e34b319946f6531a2c4559f588a8  -
1048576000 bytes (1.0 GB) copied, 2.59265 s, 404 MB/s

real	0m2.596s
user	0m2.344s
sys	0m0.579s
1000+0 records in
1000+0 records out
3c84e34b319946f6531a2c4559f588a8  -
1048576000 bytes (1.0 GB) copied, 2.64962 s, 396 MB/s

real	0m2.652s
user	0m2.344s
sys	0m0.560s
1000+0 records in
1000+0 records out
3c84e34b319946f6531a2c4559f588a8  -
1048576000 bytes (1.0 GB) copied, 2.62112 s, 400 MB/s

real	0m2.624s
user	0m2.341s
sys	0m0.575s
1000+0 records in
1000+0 records out
3c84e34b319946f6531a2c4559f588a8  -
1048576000 bytes (1.0 GB) copied, 2.74621 s, 382 MB/s

real	0m2.749s
user	0m2.372s
sys	0m0.705s
1000+0 records in
1000+0 records out
3c84e34b319946f6531a2c4559f588a8  -
1048576000 bytes (1.0 GB) copied, 2.64493 s, 396 MB/s

real	0m2.648s
user	0m2.337s
sys	0m0.609s
1000+0 records in
1000+0 records out
3c84e34b319946f6531a2c4559f588a8  -
1048576000 bytes (1.0 GB) copied, 2.67169 s, 392 MB/s

real	0m2.675s
user	0m2.329s
sys	0m0.581s
1000+0 records in
1000+0 records out
1048576000 bytes (1.0 GB) copied3c84e34b319946f6531a2c4559f588a8  -
, 2.61838 s, 400 MB/s

real	0m2.621s
user	0m2.357s
sys	0m0.547s
1000+0 records in
1000+0 records out
3c84e34b319946f6531a2c4559f588a8  -
1048576000 bytes (1.0 GB) copied, 2.61962 s, 400 MB/s

real	0m2.623s
user	0m2.361s
sys	0m0.567s
1000+0 records in
1000+0 records out
1048576000 bytes (1.0 GB) copied, 2.57517 s, 407 MB/s
3c84e34b319946f6531a2c4559f588a8  -

real	0m2.578s
user	0m2.352s
sys	0m0.565s
