500+0 records in
500+0 records out
afbad591ee2b70ac94258fbc7fac3bf2  -
524288000 bytes (524 MB) copied, 1.34841 s, 389 MB/s

real	0m1.373s
user	0m1.153s
sys	0m0.372s
500+0 records in
500+0 records out
524288000 bytes (524 MB) copied, 1.31605 s, 398 MB/s
afbad591ee2b70ac94258fbc7fac3bf2  -

real	0m1.347s
user	0m1.173s
sys	0m0.291s
500+0 records in
500+0 records out
524288000 bytes (524 MB) copiedafbad591ee2b70ac94258fbc7fac3bf2  -
, 1.34569 s, 390 MB/s

real	0m1.368s
user	0m1.177s
sys	0m0.327s
500+0 records in
500+0 records out
524288000 bytes (524 MB) copied, 1.32153 s, 397 MB/s
afbad591ee2b70ac94258fbc7fac3bf2  -

real	0m1.343s
user	0m1.162s
sys	0m0.301s
500+0 records in
500+0 records out
524288000 bytes (524 MB) copied, 1.34496 s, 390 MB/s
afbad591ee2b70ac94258fbc7fac3bf2  -

real	0m1.368s
user	0m1.180s
sys	0m0.283s
500+0 records in
500+0 records out
524288000 bytes (524 MB) copied, 1.35034 s, 388 MB/s
afbad591ee2b70ac94258fbc7fac3bf2  -

real	0m1.376s
user	0m1.181s
sys	0m0.322s
500+0 records in
500+0 records out
524288000 bytes (524 MB) copied, 1.3522 s, 388 MB/s
afbad591ee2b70ac94258fbc7fac3bf2  -

real	0m1.383s
user	0m1.160s
sys	0m0.307s
500+0 records in
500+0 records out
524288000 bytes (524 MB) copied, 1.32622 s, 395 MB/s
afbad591ee2b70ac94258fbc7fac3bf2  -

real	0m1.353s
user	0m1.170s
sys	0m0.297s
500+0 records in
500+0 records out
524288000 bytes (524 MB) copied, 1.3757 s, 381 MB/s
afbad591ee2b70ac94258fbc7fac3bf2  -

real	0m7.390s
user	0m1.187s
sys	0m0.275s
500+0 records in
500+0 records out
524288000 bytes (524 MB) copied, 1.32298 s, 396 MB/s
afbad591ee2b70ac94258fbc7fac3bf2  -

real	0m1.351s
user	0m1.179s
sys	0m0.274s
