2000+0 records in
2000+0 records out
2097152000 bytes (2.1 GB) copied0dd74775419ada42017a0fdf21eccf94  -
, 5.13284 s, 409 MB/s

real	0m5.136s
user	0m4.643s
sys	0m1.205s
2000+0 records in
2000+0 records out
0dd74775419ada42017a0fdf21eccf94  -
2097152000 bytes (2.1 GB) copied, 5.30568 s, 395 MB/s

real	0m5.308s
user	0m4.676s
sys	0m1.301s
2000+0 records in
2000+0 records out
0dd74775419ada42017a0fdf21eccf94  -
2097152000 bytes (2.1 GB) copied, 5.42777 s, 386 MB/s

real	0m5.430s
user	0m4.676s
sys	0m1.454s
2000+0 records in
2000+0 records out
0dd74775419ada42017a0fdf21eccf94  -
2097152000 bytes (2.1 GB) copied, 63.3789 s, 33.1 MB/s

real	1m3.382s
user	0m4.679s
sys	0m1.200s
2000+0 records in
2000+0 records out
2097152000 bytes (2.1 GB) copied, 5.14146 s, 408 MB/s
0dd74775419ada42017a0fdf21eccf94  -

real	0m5.144s
user	0m4.678s
sys	0m1.167s
2000+0 records in
2000+0 records out
0dd74775419ada42017a0fdf21eccf94  -
2097152000 bytes (2.1 GB) copied, 5.15516 s, 407 MB/s

real	0m5.158s
user	0m4.675s
sys	0m1.205s
2000+0 records in
2000+0 records out
0dd74775419ada42017a0fdf21eccf94  -
2097152000 bytes (2.1 GB) copied, 5.13061 s, 409 MB/s

real	0m5.134s
user	0m4.672s
sys	0m1.178s
2000+0 records in
2000+0 records out
0dd74775419ada42017a0fdf21eccf94  -
2097152000 bytes (2.1 GB) copied, 5.22756 s, 401 MB/s

real	0m5.230s
user	0m4.667s
sys	0m1.172s
2000+0 records in
2000+0 records out
0dd74775419ada42017a0fdf21eccf94  -
2097152000 bytes (2.1 GB) copied, 5.10914 s, 410 MB/s

real	0m5.112s
user	0m4.680s
sys	0m1.168s
2000+0 records in
2000+0 records out
2097152000 bytes (2.1 GB) copied, 5.08499 s, 412 MB/s
0dd74775419ada42017a0fdf21eccf94  -

real	0m5.088s
user	0m4.716s
sys	0m1.136s
2000+0 records in
2000+0 records out
0dd74775419ada42017a0fdf21eccf94  -
2097152000 bytes (2.1 GB) copied, 5.11344 s, 410 MB/s

real	0m5.116s
user	0m4.692s
sys	0m1.184s
2000+0 records in
2000+0 records out
0dd74775419ada42017a0fdf21eccf94  -
2097152000 bytes (2.1 GB) copied, 5.14622 s, 408 MB/s

real	0m5.149s
user	0m4.692s
sys	0m1.187s
2000+0 records in
2000+0 records out
0dd74775419ada42017a0fdf21eccf94  -
2097152000 bytes (2.1 GB) copied, 5.13583 s, 408 MB/s

real	0m5.138s
user	0m4.686s
sys	0m1.188s
2000+0 records in
2000+0 records out
0dd74775419ada42017a0fdf21eccf94  -
2097152000 bytes (2.1 GB) copied, 5.11875 s, 410 MB/s

real	0m5.121s
user	0m4.693s
sys	0m1.177s
2000+0 records in
2000+0 records out
2097152000 bytes (2.1 GB) copied, 5.10038 s, 411 MB/s
0dd74775419ada42017a0fdf21eccf94  -

real	0m5.103s
user	0m4.683s
sys	0m1.188s
2000+0 records in
2000+0 records out
0dd74775419ada42017a0fdf21eccf94  -
2097152000 bytes (2.1 GB) copied, 5.11134 s, 410 MB/s

real	0m5.114s
user	0m4.674s
sys	0m1.182s
2000+0 records in
2000+0 records out
0dd74775419ada42017a0fdf21eccf94  -
2097152000 bytes (2.1 GB) copied, 5.11732 s, 410 MB/s

real	0m5.120s
user	0m4.669s
sys	0m1.207s
2000+0 records in
2000+0 records out
0dd74775419ada42017a0fdf21eccf94  -
2097152000 bytes (2.1 GB) copied, 5.24192 s, 400 MB/s

real	0m5.245s
user	0m4.691s
sys	0m1.190s
2000+0 records in
2000+0 records out
0dd74775419ada42017a0fdf21eccf94  -
2097152000 bytes (2.1 GB) copied, 5.29854 s, 396 MB/s

real	0m5.301s
user	0m4.685s
sys	0m1.352s
2000+0 records in
2000+0 records out
2097152000 bytes (2.1 GB) copied, 5.07871 s, 413 MB/s
0dd74775419ada42017a0fdf21eccf94  -

real	0m5.082s
user	0m4.669s
sys	0m1.185s
2000+0 records in
2000+0 records out
0dd74775419ada42017a0fdf21eccf94  -
2097152000 bytes (2.1 GB) copied, 5.1249 s, 409 MB/s

real	0m5.128s
user	0m4.732s
sys	0m1.146s
2000+0 records in
2000+0 records out
0dd74775419ada42017a0fdf21eccf94  -
2097152000 bytes (2.1 GB) copied, 5.10826 s, 411 MB/s

real	0m5.111s
user	0m4.659s
sys	0m1.218s
2000+0 records in
2000+0 records out
0dd74775419ada42017a0fdf21eccf94  -
2097152000 bytes (2.1 GB) copied, 5.5196 s, 380 MB/s

real	0m5.523s
user	0m4.722s
sys	0m1.475s
2000+0 records in
2000+0 records out
0dd74775419ada42017a0fdf21eccf94  -
2097152000 bytes (2.1 GB) copied, 5.14697 s, 407 MB/s

real	0m5.150s
user	0m4.707s
sys	0m1.173s
2000+0 records in
2000+0 records out
2097152000 bytes (2.1 GB) copied, 5.07745 s, 413 MB/s
0dd74775419ada42017a0fdf21eccf94  -

real	0m5.080s
user	0m4.701s
sys	0m1.162s
2000+0 records in
2000+0 records out
2097152000 bytes (2.1 GB) copied0dd74775419ada42017a0fdf21eccf94  -
, 5.11499 s, 410 MB/s

real	0m5.117s
user	0m4.675s
sys	0m1.164s
2000+0 records in
2000+0 records out
0dd74775419ada42017a0fdf21eccf94  -
2097152000 bytes (2.1 GB) copied, 5.14969 s, 407 MB/s

real	0m5.152s
user	0m4.700s
sys	0m1.167s
2000+0 records in
2000+0 records out
0dd74775419ada42017a0fdf21eccf94  -
2097152000 bytes (2.1 GB) copied, 5.13761 s, 408 MB/s

real	0m5.140s
user	0m4.711s
sys	0m1.171s
2000+0 records in
2000+0 records out
2097152000 bytes (2.1 GB) copied0dd74775419ada42017a0fdf21eccf94  -
, 5.16279 s, 406 MB/s

real	0m5.166s
user	0m4.655s
sys	0m1.223s
2000+0 records in
2000+0 records out
2097152000 bytes (2.1 GB) copied, 5.16814 s, 406 MB/s
0dd74775419ada42017a0fdf21eccf94  -

real	0m5.171s
user	0m4.688s
sys	0m1.184s
2000+0 records in
2000+0 records out
0dd74775419ada42017a0fdf21eccf94  -
2097152000 bytes (2.1 GB) copied, 5.1396 s, 408 MB/s

real	0m5.142s
user	0m4.700s
sys	0m1.170s
2000+0 records in
2000+0 records out
0dd74775419ada42017a0fdf21eccf94  -
2097152000 bytes (2.1 GB) copied, 5.19537 s, 404 MB/s

real	0m5.198s
user	0m4.681s
sys	0m1.200s
2000+0 records in
2000+0 records out
2097152000 bytes (2.1 GB) copied0dd74775419ada42017a0fdf21eccf94  -
, 5.12765 s, 409 MB/s

real	0m5.131s
user	0m4.682s
sys	0m1.190s
2000+0 records in
2000+0 records out
0dd74775419ada42017a0fdf21eccf94  -
2097152000 bytes (2.1 GB) copied, 5.47982 s, 383 MB/s

real	0m5.483s
user	0m4.663s
sys	0m1.528s
2000+0 records in
2000+0 records out
2097152000 bytes (2.1 GB) copied, 5.1096 s, 410 MB/s
0dd74775419ada42017a0fdf21eccf94  -

real	0m5.112s
user	0m4.664s
sys	0m1.229s
2000+0 records in
2000+0 records out
0dd74775419ada42017a0fdf21eccf94  -
2097152000 bytes (2.1 GB) copied, 5.12715 s, 409 MB/s

real	0m5.130s
user	0m4.648s
sys	0m1.232s
2000+0 records in
2000+0 records out
2097152000 bytes (2.1 GB) copied0dd74775419ada42017a0fdf21eccf94  -
, 5.48722 s, 382 MB/s

real	0m5.490s
user	0m4.668s
sys	0m1.505s
2000+0 records in
2000+0 records out
0dd74775419ada42017a0fdf21eccf94  -
2097152000 bytes (2.1 GB) copied, 5.16316 s, 406 MB/s

real	0m5.166s
user	0m4.678s
sys	0m1.164s
2000+0 records in
2000+0 records out
0dd74775419ada42017a0fdf21eccf94  -
2097152000 bytes (2.1 GB) copied, 5.1384 s, 408 MB/s

real	0m5.141s
user	0m4.673s
sys	0m1.208s
2000+0 records in
2000+0 records out
2097152000 bytes (2.1 GB) copied, 5.29394 s, 396 MB/s
0dd74775419ada42017a0fdf21eccf94  -

real	0m5.297s
user	0m4.684s
sys	0m1.350s
2000+0 records in
2000+0 records out
0dd74775419ada42017a0fdf21eccf94  -
2097152000 bytes (2.1 GB) copied, 5.17931 s, 405 MB/s

real	0m5.182s
user	0m4.653s
sys	0m1.186s
2000+0 records in
2000+0 records out
0dd74775419ada42017a0fdf21eccf94  -
2097152000 bytes (2.1 GB) copied, 5.17925 s, 405 MB/s

real	0m5.182s
user	0m4.691s
sys	0m1.174s
2000+0 records in
2000+0 records out
0dd74775419ada42017a0fdf21eccf94  -
2097152000 bytes (2.1 GB) copied, 5.14368 s, 408 MB/s

real	0m5.147s
user	0m4.678s
sys	0m1.226s
2000+0 records in
2000+0 records out
0dd74775419ada42017a0fdf21eccf94  -
2097152000 bytes (2.1 GB) copied, 5.11582 s, 410 MB/s

real	0m5.119s
user	0m4.677s
sys	0m1.164s
2000+0 records in
2000+0 records out
2097152000 bytes (2.1 GB) copied, 5.07833 s, 413 MB/s
0dd74775419ada42017a0fdf21eccf94  -

real	0m5.081s
user	0m4.682s
sys	0m1.177s
2000+0 records in
2000+0 records out
0dd74775419ada42017a0fdf21eccf94  -
2097152000 bytes (2.1 GB) copied, 5.12167 s, 409 MB/s

real	0m5.124s
user	0m4.681s
sys	0m1.185s
2000+0 records in
2000+0 records out
0dd74775419ada42017a0fdf21eccf94  -
2097152000 bytes (2.1 GB) copied, 5.4215 s, 387 MB/s

real	0m5.424s
user	0m4.712s
sys	0m1.427s
2000+0 records in
2000+0 records out
0dd74775419ada42017a0fdf21eccf94  -
2097152000 bytes (2.1 GB) copied, 5.12229 s, 409 MB/s

real	0m5.125s
user	0m4.697s
sys	0m1.145s
2000+0 records in
2000+0 records out
0dd74775419ada42017a0fdf21eccf94  -
2097152000 bytes (2.1 GB) copied, 5.12021 s, 410 MB/s

real	0m5.123s
user	0m4.658s
sys	0m1.223s
2000+0 records in
2000+0 records out
2097152000 bytes (2.1 GB) copied, 5.09198 s, 412 MB/s
0dd74775419ada42017a0fdf21eccf94  -

real	0m5.095s
user	0m4.679s
sys	0m1.200s
2000+0 records in
2000+0 records out
0dd74775419ada42017a0fdf21eccf94  -
2097152000 bytes (2.1 GB) copied, 5.17568 s, 405 MB/s

real	0m5.178s
user	0m4.679s
sys	0m1.195s
2000+0 records in
2000+0 records out
0dd74775419ada42017a0fdf21eccf94  -
2097152000 bytes (2.1 GB) copied, 5.12793 s, 409 MB/s

real	0m5.131s
user	0m4.686s
sys	0m1.192s
2000+0 records in
2000+0 records out
0dd74775419ada42017a0fdf21eccf94  -
2097152000 bytes (2.1 GB) copied, 5.12455 s, 409 MB/s

real	0m5.127s
user	0m4.673s
sys	0m1.203s
2000+0 records in
2000+0 records out
0dd74775419ada42017a0fdf21eccf94  -
2097152000 bytes (2.1 GB) copied, 5.1195 s, 410 MB/s

real	0m5.122s
user	0m4.663s
sys	0m1.181s
2000+0 records in
2000+0 records out
2097152000 bytes (2.1 GB) copied, 5.12085 s, 410 MB/s
0dd74775419ada42017a0fdf21eccf94  -

real	0m5.124s
user	0m4.653s
sys	0m1.221s
2000+0 records in
2000+0 records out
0dd74775419ada42017a0fdf21eccf94  -
2097152000 bytes (2.1 GB) copied, 5.18224 s, 405 MB/s

real	0m5.185s
user	0m4.648s
sys	0m1.267s
2000+0 records in
2000+0 records out
0dd74775419ada42017a0fdf21eccf94  -
2097152000 bytes (2.1 GB) copied, 5.18856 s, 404 MB/s

real	0m5.191s
user	0m4.700s
sys	0m1.181s
2000+0 records in
2000+0 records out
0dd74775419ada42017a0fdf21eccf94  -
2097152000 bytes (2.1 GB) copied, 5.48315 s, 382 MB/s

real	0m5.486s
user	0m4.667s
sys	0m1.494s
2000+0 records in
2000+0 records out
2097152000 bytes (2.1 GB) copied0dd74775419ada42017a0fdf21eccf94  -
, 5.14888 s, 407 MB/s

real	0m5.152s
user	0m4.665s
sys	0m1.207s
2000+0 records in
2000+0 records out
2097152000 bytes (2.1 GB) copied, 5.12419 s, 409 MB/s
0dd74775419ada42017a0fdf21eccf94  -

real	0m5.127s
user	0m4.682s
sys	0m1.233s
2000+0 records in
2000+0 records out
0dd74775419ada42017a0fdf21eccf94  -
2097152000 bytes (2.1 GB) copied, 5.11135 s, 410 MB/s

real	0m5.114s
user	0m4.672s
sys	0m1.197s
2000+0 records in
2000+0 records out
0dd74775419ada42017a0fdf21eccf94  -
2097152000 bytes (2.1 GB) copied, 5.10528 s, 411 MB/s

real	0m5.108s
user	0m4.674s
sys	0m1.204s
2000+0 records in
2000+0 records out
0dd74775419ada42017a0fdf21eccf94  -
2097152000 bytes (2.1 GB) copied, 5.11386 s, 410 MB/s

real	0m5.117s
user	0m4.677s
sys	0m1.202s
2000+0 records in
2000+0 records out
0dd74775419ada42017a0fdf21eccf94  -
2097152000 bytes (2.1 GB) copied, 5.24279 s, 400 MB/s

real	0m5.246s
user	0m4.687s
sys	0m1.185s
2000+0 records in
2000+0 records out
2097152000 bytes (2.1 GB) copied, 5.1217 s, 409 MB/s
0dd74775419ada42017a0fdf21eccf94  -

real	0m5.125s
user	0m4.685s
sys	0m1.220s
2000+0 records in
2000+0 records out
0dd74775419ada42017a0fdf21eccf94  -
2097152000 bytes (2.1 GB) copied, 5.13175 s, 409 MB/s

real	0m5.134s
user	0m4.699s
sys	0m1.178s
2000+0 records in
2000+0 records out
0dd74775419ada42017a0fdf21eccf94  -
2097152000 bytes (2.1 GB) copied, 5.12673 s, 409 MB/s

real	0m5.129s
user	0m4.686s
sys	0m1.189s
2000+0 records in
2000+0 records out
0dd74775419ada42017a0fdf21eccf94  -
2097152000 bytes (2.1 GB) copied, 5.11429 s, 410 MB/s

real	0m5.117s
user	0m4.690s
sys	0m1.184s
2000+0 records in
2000+0 records out
0dd74775419ada42017a0fdf21eccf94  -
2097152000 bytes (2.1 GB) copied, 5.14555 s, 408 MB/s

real	0m5.148s
user	0m4.683s
sys	0m1.211s
2000+0 records in
2000+0 records out
2097152000 bytes (2.1 GB) copied, 5.09677 s, 411 MB/s
0dd74775419ada42017a0fdf21eccf94  -

real	0m5.100s
user	0m4.693s
sys	0m1.193s
2000+0 records in
2000+0 records out
0dd74775419ada42017a0fdf21eccf94  -
2097152000 bytes (2.1 GB) copied, 5.10963 s, 410 MB/s

real	0m5.112s
user	0m4.663s
sys	0m1.179s
2000+0 records in
2000+0 records out
2097152000 bytes (2.1 GB) copied0dd74775419ada42017a0fdf21eccf94  -
, 5.13976 s, 408 MB/s

real	0m5.143s
user	0m4.690s
sys	0m1.189s
2000+0 records in
2000+0 records out
0dd74775419ada42017a0fdf21eccf94  -
2097152000 bytes (2.1 GB) copied, 5.14767 s, 407 MB/s

real	0m5.151s
user	0m4.688s
sys	0m1.154s
2000+0 records in
2000+0 records out
0dd74775419ada42017a0fdf21eccf94  -
2097152000 bytes (2.1 GB) copied, 5.097 s, 411 MB/s

real	0m5.100s
user	0m4.707s
sys	0m1.162s
2000+0 records in
2000+0 records out
2097152000 bytes (2.1 GB) copied, 5.08296 s, 413 MB/s
0dd74775419ada42017a0fdf21eccf94  -

real	0m5.086s
user	0m4.700s
sys	0m1.174s
2000+0 records in
2000+0 records out
2097152000 bytes (2.1 GB) copied0dd74775419ada42017a0fdf21eccf94  -
, 5.13763 s, 408 MB/s

real	0m5.140s
user	0m4.671s
sys	0m1.205s
2000+0 records in
2000+0 records out
0dd74775419ada42017a0fdf21eccf94  -
2097152000 bytes (2.1 GB) copied, 5.14517 s, 408 MB/s

real	0m5.148s
user	0m4.673s
sys	0m1.198s
2000+0 records in
2000+0 records out
0dd74775419ada42017a0fdf21eccf94  -
2097152000 bytes (2.1 GB) copied, 5.13637 s, 408 MB/s

real	0m5.139s
user	0m4.660s
sys	0m1.217s
2000+0 records in
2000+0 records out
0dd74775419ada42017a0fdf21eccf94  -
2097152000 bytes (2.1 GB) copied, 5.13461 s, 408 MB/s

real	0m5.137s
user	0m4.686s
sys	0m1.183s
2000+0 records in
2000+0 records out
2097152000 bytes (2.1 GB) copied, 5.16411 s, 406 MB/s
0dd74775419ada42017a0fdf21eccf94  -

real	0m5.167s
user	0m4.678s
sys	0m1.199s
2000+0 records in
2000+0 records out
0dd74775419ada42017a0fdf21eccf94  -
2097152000 bytes (2.1 GB) copied, 5.16425 s, 406 MB/s

real	0m5.167s
user	0m4.689s
sys	0m1.186s
2000+0 records in
2000+0 records out
0dd74775419ada42017a0fdf21eccf94  -
2097152000 bytes (2.1 GB) copied, 5.12891 s, 409 MB/s

real	0m5.132s
user	0m4.682s
sys	0m1.189s
2000+0 records in
2000+0 records out
0dd74775419ada42017a0fdf21eccf94  -
2097152000 bytes (2.1 GB) copied, 5.28306 s, 397 MB/s

real	0m5.286s
user	0m4.688s
sys	0m1.185s
2000+0 records in
2000+0 records out
0dd74775419ada42017a0fdf21eccf94  -
2097152000 bytes (2.1 GB) copied, 5.13128 s, 409 MB/s

real	0m5.134s
user	0m4.672s
sys	0m1.209s
2000+0 records in
2000+0 records out
2097152000 bytes (2.1 GB) copied, 5.13325 s, 409 MB/s
0dd74775419ada42017a0fdf21eccf94  -

real	0m5.136s
user	0m4.678s
sys	0m1.182s
2000+0 records in
2000+0 records out
0dd74775419ada42017a0fdf21eccf94  -
2097152000 bytes (2.1 GB) copied, 5.15481 s, 407 MB/s

real	0m5.157s
user	0m4.703s
sys	0m1.177s
2000+0 records in
2000+0 records out
0dd74775419ada42017a0fdf21eccf94  -
2097152000 bytes (2.1 GB) copied, 5.1467 s, 407 MB/s

real	0m5.149s
user	0m4.693s
sys	0m1.185s
2000+0 records in
2000+0 records out
0dd74775419ada42017a0fdf21eccf94  -
2097152000 bytes (2.1 GB) copied, 5.16705 s, 406 MB/s

real	0m5.170s
user	0m4.686s
sys	0m1.190s
2000+0 records in
2000+0 records out
0dd74775419ada42017a0fdf21eccf94  -
2097152000 bytes (2.1 GB) copied, 5.13734 s, 408 MB/s

real	0m5.140s
user	0m4.666s
sys	0m1.202s
2000+0 records in
2000+0 records out
2097152000 bytes (2.1 GB) copied, 5.29247 s, 396 MB/s
0dd74775419ada42017a0fdf21eccf94  -

real	0m5.295s
user	0m4.682s
sys	0m1.199s
2000+0 records in
2000+0 records out
0dd74775419ada42017a0fdf21eccf94  -
2097152000 bytes (2.1 GB) copied, 5.31843 s, 394 MB/s

real	0m5.321s
user	0m4.674s
sys	0m1.205s
2000+0 records in
2000+0 records out
0dd74775419ada42017a0fdf21eccf94  -
2097152000 bytes (2.1 GB) copied, 5.18203 s, 405 MB/s

real	0m5.185s
user	0m4.659s
sys	0m1.193s
2000+0 records in
2000+0 records out
0dd74775419ada42017a0fdf21eccf94  -
2097152000 bytes (2.1 GB) copied, 5.167 s, 406 MB/s

real	0m5.170s
user	0m4.689s
sys	0m1.167s
2000+0 records in
2000+0 records out
0dd74775419ada42017a0fdf21eccf94  -
2097152000 bytes (2.1 GB) copied, 5.24785 s, 400 MB/s

real	0m5.251s
user	0m4.658s
sys	0m1.187s
2000+0 records in
2000+0 records out
2097152000 bytes (2.1 GB) copied, 5.1659 s, 406 MB/s
0dd74775419ada42017a0fdf21eccf94  -

real	0m5.169s
user	0m4.668s
sys	0m1.190s
2000+0 records in
2000+0 records out
0dd74775419ada42017a0fdf21eccf94  -
2097152000 bytes (2.1 GB) copied, 5.15794 s, 407 MB/s

real	0m5.161s
user	0m4.679s
sys	0m1.190s
2000+0 records in
2000+0 records out
0dd74775419ada42017a0fdf21eccf94  -
2097152000 bytes (2.1 GB) copied, 5.13952 s, 408 MB/s

real	0m5.142s
user	0m4.682s
sys	0m1.148s
2000+0 records in
2000+0 records out
2097152000 bytes (2.1 GB) copied0dd74775419ada42017a0fdf21eccf94  -
, 5.25828 s, 399 MB/s

real	0m5.261s
user	0m4.675s
sys	0m1.194s
2000+0 records in
2000+0 records out
0dd74775419ada42017a0fdf21eccf94  -
2097152000 bytes (2.1 GB) copied, 5.16889 s, 406 MB/s

real	0m5.172s
user	0m4.685s
sys	0m1.187s
2000+0 records in
2000+0 records out
2097152000 bytes (2.1 GB) copied, 5.12503 s, 409 MB/s
0dd74775419ada42017a0fdf21eccf94  -

real	0m5.128s
user	0m4.664s
sys	0m1.217s
