10000+0 records in
10000+0 records out
a02bf4596da9a0c3d2b10ac745b55ccf  -
10485760000 bytes (10 GB) copied, 25.191 s, 416 MB/s

real	0m25.194s
user	0m23.390s
sys	0m5.971s
10000+0 records in
10000+0 records out
10485760000 bytes (10 GB) copied, 25.1628 s, 417 MB/s
a02bf4596da9a0c3d2b10ac745b55ccf  -

real	0m25.186s
user	0m23.398s
sys	0m5.906s
10000+0 records in
10000+0 records out
10485760000 bytes (10 GB) copieda02bf4596da9a0c3d2b10ac745b55ccf  -
, 25.1785 s, 416 MB/s

real	0m25.182s
user	0m23.379s
sys	0m6.080s
10000+0 records in
10000+0 records out
10485760000 bytes (10 GB) copied, 25.2126 s, 416 MB/s
a02bf4596da9a0c3d2b10ac745b55ccf  -

real	0m25.238s
user	0m23.488s
sys	0m5.820s
10000+0 records in
10000+0 records out
10485760000 bytes (10 GB) copied, 25.1832 s, 416 MB/s
a02bf4596da9a0c3d2b10ac745b55ccf  -

real	0m25.186s
user	0m23.409s
sys	0m5.802s
10000+0 records in
10000+0 records out
10485760000 bytes (10 GB) copied, 25.2316 s, 416 MB/s
a02bf4596da9a0c3d2b10ac745b55ccf  -

real	0m25.254s
user	0m23.447s
sys	0m5.977s
10000+0 records in
10000+0 records out
10485760000 bytes (10 GB) copied, 25.2261 s, 416 MB/s
a02bf4596da9a0c3d2b10ac745b55ccf  -

real	0m25.229s
user	0m23.428s
sys	0m5.798s
10000+0 records in
10000+0 records out
10485760000 bytes (10 GB) copied, 26.324 s, 398 MB/s
a02bf4596da9a0c3d2b10ac745b55ccf  -

real	0m26.350s
user	0m23.455s
sys	0m6.896s
10000+0 records in
10000+0 records out
10485760000 bytes (10 GB) copied, 25.2116 s, 416 MB/s
a02bf4596da9a0c3d2b10ac745b55ccf  -

real	0m25.214s
user	0m23.404s
sys	0m5.934s
10000+0 records in
10000+0 records out
10485760000 bytes (10 GB) copied, 25.212 s, 416 MB/s
a02bf4596da9a0c3d2b10ac745b55ccf  -

real	0m25.235s
user	0m23.434s
sys	0m5.900s
10000+0 records in
10000+0 records out
10485760000 bytes (10 GB) copied, 25.2173 s, 416 MB/s
a02bf4596da9a0c3d2b10ac745b55ccf  -

real	0m25.220s
user	0m23.411s
sys	0m6.028s
10000+0 records in
10000+0 records out
10485760000 bytes (10 GB) copied, 25.9281 s, 404 MB/s
a02bf4596da9a0c3d2b10ac745b55ccf  -

real	0m25.955s
user	0m23.423s
sys	0m6.673s
10000+0 records in
10000+0 records out
10485760000 bytes (10 GB) copied, 25.1628 s, 417 MB/s
a02bf4596da9a0c3d2b10ac745b55ccf  -

real	0m25.166s
user	0m23.436s
sys	0m5.868s
10000+0 records in
10000+0 records out
10485760000 bytes (10 GB) copied, 25.1852 s, 416 MB/s
a02bf4596da9a0c3d2b10ac745b55ccf  -

real	0m25.212s
user	0m23.420s
sys	0m5.953s
10000+0 records in
10000+0 records out
10485760000 bytes (10 GB) copied, 25.2451 s, 415 MB/s
a02bf4596da9a0c3d2b10ac745b55ccf  -

real	0m25.248s
user	0m23.296s
sys	0m5.994s
10000+0 records in
10000+0 records out
10485760000 bytes (10 GB) copied, 25.1673 s, 417 MB/s
a02bf4596da9a0c3d2b10ac745b55ccf  -

real	0m25.192s
user	0m23.457s
sys	0m5.885s
10000+0 records in
10000+0 records out
10485760000 bytes (10 GB) copied, 25.1856 s, 416 MB/s
a02bf4596da9a0c3d2b10ac745b55ccf  -

real	0m25.188s
user	0m23.357s
sys	0m5.979s
10000+0 records in
10000+0 records out
10485760000 bytes (10 GB) copied, 25.2009 s, 416 MB/s
a02bf4596da9a0c3d2b10ac745b55ccf  -

real	0m25.220s
user	0m23.433s
sys	0m5.812s
10000+0 records in
10000+0 records out
10485760000 bytes (10 GB) copied, 25.4237 s, 412 MB/s
a02bf4596da9a0c3d2b10ac745b55ccf  -

real	0m25.427s
user	0m23.408s
sys	0m5.866s
10000+0 records in
10000+0 records out
10485760000 bytes (10 GB) copied, 25.2013 s, 416 MB/s
a02bf4596da9a0c3d2b10ac745b55ccf  -

real	0m25.227s
user	0m23.317s
sys	0m5.757s
