1000+0 records in
1000+0 records out
3c84e34b319946f6531a2c4559f588a8  -
1048576000 bytes (1.0 GB) copied, 2.61347 s, 401 MB/s

real	0m2.616s
user	0m2.341s
sys	0m0.609s
1000+0 records in
1000+0 records out
3c84e34b319946f6531a2c4559f588a8  -
1048576000 bytes (1.0 GB) copied, 2.68426 s, 391 MB/s

real	0m2.687s
user	0m2.343s
sys	0m0.609s
1000+0 records in
1000+0 records out
3c84e34b319946f6531a2c4559f588a8  -
1048576000 bytes (1.0 GB) copied, 2.61723 s, 401 MB/s

real	0m2.620s
user	0m2.361s
sys	0m0.583s
1000+0 records in
1000+0 records out
1048576000 bytes (1.0 GB) copied3c84e34b319946f6531a2c4559f588a8  -
, 2.70248 s, 388 MB/s

real	0m2.705s
user	0m2.330s
sys	0m0.615s
1000+0 records in
1000+0 records out
3c84e34b319946f6531a2c4559f588a8  -
1048576000 bytes (1.0 GB) copied, 2.66548 s, 393 MB/s

real	0m2.668s
user	0m2.360s
sys	0m0.578s
1000+0 records in
1000+0 records out
3c84e34b319946f6531a2c4559f588a8  -
1048576000 bytes (1.0 GB) copied, 2.62207 s, 400 MB/s

real	0m2.625s
user	0m2.336s
sys	0m0.604s
1000+0 records in
1000+0 records out
3c84e34b319946f6531a2c4559f588a8  -
1048576000 bytes (1.0 GB) copied, 2.60493 s, 403 MB/s

real	0m2.608s
user	0m2.357s
sys	0m0.563s
1000+0 records in
1000+0 records out
3c84e34b319946f6531a2c4559f588a8  -
1048576000 bytes (1.0 GB) copied, 2.60907 s, 402 MB/s

real	0m2.612s
user	0m2.353s
sys	0m0.592s
1000+0 records in
1000+0 records out
3c84e34b319946f6531a2c4559f588a8  -
1048576000 bytes (1.0 GB) copied, 2.60234 s, 403 MB/s

real	0m2.605s
user	0m2.331s
sys	0m0.605s
1000+0 records in
1000+0 records out
1048576000 bytes (1.0 GB) copied, 2.5914 s, 405 MB/s
3c84e34b319946f6531a2c4559f588a8  -

real	0m2.594s
user	0m2.351s
sys	0m0.572s
1000+0 records in
1000+0 records out
3c84e34b319946f6531a2c4559f588a8  -
1048576000 bytes (1.0 GB) copied, 2.60439 s, 403 MB/s

real	0m2.607s
user	0m2.335s
sys	0m0.627s
1000+0 records in
1000+0 records out
3c84e34b319946f6531a2c4559f588a8  -
1048576000 bytes (1.0 GB) copied, 2.63071 s, 399 MB/s

real	0m2.634s
user	0m2.339s
sys	0m0.616s
1000+0 records in
1000+0 records out
3c84e34b319946f6531a2c4559f588a8  -
1048576000 bytes (1.0 GB) copied, 2.83537 s, 370 MB/s

real	0m2.838s
user	0m2.338s
sys	0m0.777s
1000+0 records in
1000+0 records out
3c84e34b319946f6531a2c4559f588a8  -
1048576000 bytes (1.0 GB) copied, 2.82279 s, 371 MB/s

real	0m2.826s
user	0m2.341s
sys	0m0.621s
1000+0 records in
1000+0 records out
3c84e34b319946f6531a2c4559f588a8  -
1048576000 bytes (1.0 GB) copied, 2.82722 s, 371 MB/s

real	0m2.831s
user	0m2.344s
sys	0m0.595s
1000+0 records in
1000+0 records out
3c84e34b319946f6531a2c4559f588a8  -
1048576000 bytes (1.0 GB) copied, 2.67089 s, 393 MB/s

real	0m2.674s
user	0m2.339s
sys	0m0.635s
1000+0 records in
1000+0 records out
3c84e34b319946f6531a2c4559f588a8  -
1048576000 bytes (1.0 GB) copied, 2.71278 s, 387 MB/s

real	0m2.715s
user	0m2.327s
sys	0m0.598s
1000+0 records in
1000+0 records out
3c84e34b319946f6531a2c4559f588a8  -
1048576000 bytes (1.0 GB) copied, 2.78011 s, 377 MB/s

real	0m2.783s
user	0m2.384s
sys	0m0.729s
1000+0 records in
1000+0 records out
3c84e34b319946f6531a2c4559f588a8  -
1048576000 bytes (1.0 GB) copied, 2.71582 s, 386 MB/s

real	0m2.719s
user	0m2.335s
sys	0m0.622s
1000+0 records in
1000+0 records out
1048576000 bytes (1.0 GB) copied, 2.58989 s, 405 MB/s
3c84e34b319946f6531a2c4559f588a8  -

real	0m2.593s
user	0m2.350s
sys	0m0.596s
1000+0 records in
1000+0 records out
3c84e34b319946f6531a2c4559f588a8  -
1048576000 bytes (1.0 GB) copied, 2.59646 s, 404 MB/s

real	0m2.599s
user	0m2.355s
sys	0m0.586s
1000+0 records in
1000+0 records out
3c84e34b319946f6531a2c4559f588a8  -
1048576000 bytes (1.0 GB) copied, 2.68766 s, 390 MB/s

real	0m2.691s
user	0m2.334s
sys	0m0.620s
1000+0 records in
1000+0 records out
3c84e34b319946f6531a2c4559f588a8  -
1048576000 bytes (1.0 GB) copied, 2.72914 s, 384 MB/s

real	0m2.732s
user	0m2.332s
sys	0m0.588s
1000+0 records in
1000+0 records out
3c84e34b319946f6531a2c4559f588a8  -
1048576000 bytes (1.0 GB) copied, 2.62784 s, 399 MB/s

real	0m2.631s
user	0m2.339s
sys	0m0.610s
1000+0 records in
1000+0 records out
3c84e34b319946f6531a2c4559f588a8  -
1048576000 bytes (1.0 GB) copied, 2.61267 s, 401 MB/s

real	0m2.615s
user	0m2.337s
sys	0m0.618s
1000+0 records in
1000+0 records out
3c84e34b319946f6531a2c4559f588a8  -
1048576000 bytes (1.0 GB) copied, 2.62016 s, 400 MB/s

real	0m2.623s
user	0m2.330s
sys	0m0.599s
1000+0 records in
1000+0 records out
3c84e34b319946f6531a2c4559f588a8  -
1048576000 bytes (1.0 GB) copied, 2.65184 s, 395 MB/s

real	0m2.655s
user	0m2.323s
sys	0m0.597s
1000+0 records in
1000+0 records out
3c84e34b319946f6531a2c4559f588a8  -
1048576000 bytes (1.0 GB) copied, 2.57934 s, 407 MB/s

real	0m2.582s
user	0m2.336s
sys	0m0.584s
1000+0 records in
1000+0 records out
3c84e34b319946f6531a2c4559f588a8  -
1048576000 bytes (1.0 GB) copied, 2.62816 s, 399 MB/s

real	0m2.631s
user	0m2.341s
sys	0m0.607s
1000+0 records in
1000+0 records out
1048576000 bytes (1.0 GB) copied, 2.57311 s, 408 MB/s
3c84e34b319946f6531a2c4559f588a8  -

real	0m2.576s
user	0m2.343s
sys	0m0.594s
1000+0 records in
1000+0 records out
3c84e34b319946f6531a2c4559f588a8  -
1048576000 bytes (1.0 GB) copied, 2.8145 s, 373 MB/s

real	0m2.817s
user	0m2.327s
sys	0m0.790s
1000+0 records in
1000+0 records out
3c84e34b319946f6531a2c4559f588a8  -
1048576000 bytes (1.0 GB) copied, 2.58709 s, 405 MB/s

real	0m2.590s
user	0m2.318s
sys	0m0.604s
1000+0 records in
1000+0 records out
3c84e34b319946f6531a2c4559f588a8  -
1048576000 bytes (1.0 GB) copied, 2.62949 s, 399 MB/s

real	0m2.632s
user	0m2.352s
sys	0m0.599s
1000+0 records in
1000+0 records out
3c84e34b319946f6531a2c4559f588a8  -
1048576000 bytes (1.0 GB) copied, 2.61078 s, 402 MB/s

real	0m2.613s
user	0m2.345s
sys	0m0.587s
1000+0 records in
1000+0 records out
3c84e34b319946f6531a2c4559f588a8  -
1048576000 bytes (1.0 GB) copied, 2.59794 s, 404 MB/s

real	0m2.601s
user	0m2.357s
sys	0m0.572s
1000+0 records in
1000+0 records out
3c84e34b319946f6531a2c4559f588a8  -
1048576000 bytes (1.0 GB) copied, 2.69359 s, 389 MB/s

real	0m2.696s
user	0m2.317s
sys	0m0.615s
1000+0 records in
1000+0 records out
3c84e34b319946f6531a2c4559f588a8  -
1048576000 bytes (1.0 GB) copied, 2.6323 s, 398 MB/s

real	0m2.635s
user	0m2.357s
sys	0m0.576s
1000+0 records in
1000+0 records out
3c84e34b319946f6531a2c4559f588a8  -
1048576000 bytes (1.0 GB) copied, 2.70148 s, 388 MB/s

real	0m2.704s
user	0m2.320s
sys	0m0.718s
1000+0 records in
1000+0 records out
3c84e34b319946f6531a2c4559f588a8  -
1048576000 bytes (1.0 GB) copied, 2.60811 s, 402 MB/s

real	0m2.611s
user	0m2.323s
sys	0m0.599s
1000+0 records in
1000+0 records out
1048576000 bytes (1.0 GB) copied, 2.57384 s, 407 MB/s
3c84e34b319946f6531a2c4559f588a8  -

real	0m2.577s
user	0m2.364s
sys	0m0.582s
1000+0 records in
1000+0 records out
3c84e34b319946f6531a2c4559f588a8  -
1048576000 bytes (1.0 GB) copied, 2.58976 s, 405 MB/s

real	0m2.593s
user	0m2.333s
sys	0m0.608s
1000+0 records in
1000+0 records out
3c84e34b319946f6531a2c4559f588a8  -
1048576000 bytes (1.0 GB) copied, 2.5986 s, 404 MB/s

real	0m2.601s
user	0m2.334s
sys	0m0.609s
1000+0 records in
1000+0 records out
3c84e34b319946f6531a2c4559f588a8  -
1048576000 bytes (1.0 GB) copied, 2.63337 s, 398 MB/s

real	0m2.636s
user	0m2.334s
sys	0m0.612s
1000+0 records in
1000+0 records out
3c84e34b319946f6531a2c4559f588a8  -
1048576000 bytes (1.0 GB) copied, 2.61814 s, 401 MB/s

real	0m2.621s
user	0m2.352s
sys	0m0.573s
1000+0 records in
1000+0 records out
3c84e34b319946f6531a2c4559f588a8  -
1048576000 bytes (1.0 GB) copied, 2.65579 s, 395 MB/s

real	0m2.659s
user	0m2.341s
sys	0m0.642s
1000+0 records in
1000+0 records out
3c84e34b319946f6531a2c4559f588a8  -
1048576000 bytes (1.0 GB) copied, 2.58989 s, 405 MB/s

real	0m2.593s
user	0m2.342s
sys	0m0.602s
1000+0 records in
1000+0 records out
3c84e34b319946f6531a2c4559f588a8  -
1048576000 bytes (1.0 GB) copied, 2.6135 s, 401 MB/s

real	0m2.616s
user	0m2.314s
sys	0m0.620s
1000+0 records in
1000+0 records out
3c84e34b319946f6531a2c4559f588a8  -
1048576000 bytes (1.0 GB) copied, 2.57634 s, 407 MB/s

real	0m2.579s
user	0m2.324s
sys	0m0.616s
1000+0 records in
1000+0 records out
3c84e34b319946f6531a2c4559f588a8  -
1048576000 bytes (1.0 GB) copied, 2.59001 s, 405 MB/s

real	0m2.593s
user	0m2.356s
sys	0m0.586s
1000+0 records in
1000+0 records out
1048576000 bytes (1.0 GB) copied, 2.60234 s, 403 MB/s
3c84e34b319946f6531a2c4559f588a8  -

real	0m2.605s
user	0m2.333s
sys	0m0.615s
1000+0 records in
1000+0 records out
3c84e34b319946f6531a2c4559f588a8  -
1048576000 bytes (1.0 GB) copied, 2.60617 s, 402 MB/s

real	0m2.609s
user	0m2.339s
sys	0m0.610s
1000+0 records in
1000+0 records out
3c84e34b319946f6531a2c4559f588a8  -
1048576000 bytes (1.0 GB) copied, 2.60106 s, 403 MB/s

real	0m2.604s
user	0m2.352s
sys	0m0.588s
1000+0 records in
1000+0 records out
3c84e34b319946f6531a2c4559f588a8  -
1048576000 bytes (1.0 GB) copied, 2.64254 s, 397 MB/s

real	0m2.645s
user	0m2.354s
sys	0m0.575s
1000+0 records in
1000+0 records out
3c84e34b319946f6531a2c4559f588a8  -
1048576000 bytes (1.0 GB) copied, 2.6349 s, 398 MB/s

real	0m2.637s
user	0m2.329s
sys	0m0.595s
1000+0 records in
1000+0 records out
3c84e34b319946f6531a2c4559f588a8  -
1048576000 bytes (1.0 GB) copied, 2.6052 s, 402 MB/s

real	0m2.608s
user	0m2.333s
sys	0m0.610s
1000+0 records in
1000+0 records out
3c84e34b319946f6531a2c4559f588a8  -
1048576000 bytes (1.0 GB) copied, 2.67449 s, 392 MB/s

real	0m2.677s
user	0m2.339s
sys	0m0.588s
1000+0 records in
1000+0 records out
3c84e34b319946f6531a2c4559f588a8  -
1048576000 bytes (1.0 GB) copied, 2.78787 s, 376 MB/s

real	0m2.791s
user	0m2.353s
sys	0m0.568s
1000+0 records in
1000+0 records out
3c84e34b319946f6531a2c4559f588a8  -
1048576000 bytes (1.0 GB) copied, 2.69827 s, 389 MB/s

real	0m2.701s
user	0m2.327s
sys	0m0.696s
1000+0 records in
1000+0 records out
3c84e34b319946f6531a2c4559f588a8  -
1048576000 bytes (1.0 GB) copied, 2.585 s, 406 MB/s

real	0m2.588s
user	0m2.340s
sys	0m0.603s
1000+0 records in
1000+0 records out
1048576000 bytes (1.0 GB) copied, 2.5665 s, 409 MB/s
3c84e34b319946f6531a2c4559f588a8  -

real	0m2.569s
user	0m2.344s
sys	0m0.604s
1000+0 records in
1000+0 records out
3c84e34b319946f6531a2c4559f588a8  -
1048576000 bytes (1.0 GB) copied, 2.65235 s, 395 MB/s

real	0m2.655s
user	0m2.351s
sys	0m0.586s
1000+0 records in
1000+0 records out
3c84e34b319946f6531a2c4559f588a8  -
1048576000 bytes (1.0 GB) copied, 2.61957 s, 400 MB/s

real	0m2.622s
user	0m2.330s
sys	0m0.606s
1000+0 records in
1000+0 records out
3c84e34b319946f6531a2c4559f588a8  -
1048576000 bytes (1.0 GB) copied, 2.64218 s, 397 MB/s

real	0m2.645s
user	0m2.327s
sys	0m0.617s
1000+0 records in
1000+0 records out
3c84e34b319946f6531a2c4559f588a8  -
1048576000 bytes (1.0 GB) copied, 2.6482 s, 396 MB/s

real	0m2.651s
user	0m2.343s
sys	0m0.602s
1000+0 records in
1000+0 records out
3c84e34b319946f6531a2c4559f588a8  -
1048576000 bytes (1.0 GB) copied, 2.57915 s, 407 MB/s

real	0m2.582s
user	0m2.346s
sys	0m0.593s
1000+0 records in
1000+0 records out
3c84e34b319946f6531a2c4559f588a8  -
1048576000 bytes (1.0 GB) copied, 2.61977 s, 400 MB/s

real	0m2.622s
user	0m2.317s
sys	0m0.636s
1000+0 records in
1000+0 records out
3c84e34b319946f6531a2c4559f588a8  -
1048576000 bytes (1.0 GB) copied, 2.58141 s, 406 MB/s

real	0m2.584s
user	0m2.349s
sys	0m0.581s
1000+0 records in
1000+0 records out
3c84e34b319946f6531a2c4559f588a8  -
1048576000 bytes (1.0 GB) copied, 2.58082 s, 406 MB/s

real	0m2.583s
user	0m2.341s
sys	0m0.602s
1000+0 records in
1000+0 records out
3c84e34b319946f6531a2c4559f588a8  -
1048576000 bytes (1.0 GB) copied, 2.64062 s, 397 MB/s

real	0m2.643s
user	0m2.350s
sys	0m0.599s
1000+0 records in
1000+0 records out
1048576000 bytes (1.0 GB) copied, 2.57376 s, 407 MB/s
3c84e34b319946f6531a2c4559f588a8  -

real	0m2.577s
user	0m2.360s
sys	0m0.583s
1000+0 records in
1000+0 records out
3c84e34b319946f6531a2c4559f588a8  -
1048576000 bytes (1.0 GB) copied, 2.62033 s, 400 MB/s

real	0m2.623s
user	0m2.337s
sys	0m0.607s
1000+0 records in
1000+0 records out
1048576000 bytes (1.0 GB) copied3c84e34b319946f6531a2c4559f588a8  -
, 2.65567 s, 395 MB/s

real	0m2.659s
user	0m2.352s
sys	0m0.589s
1000+0 records in
1000+0 records out
3c84e34b319946f6531a2c4559f588a8  -
1048576000 bytes (1.0 GB) copied, 2.59242 s, 404 MB/s

real	0m2.595s
user	0m2.347s
sys	0m0.589s
1000+0 records in
1000+0 records out
3c84e34b319946f6531a2c4559f588a8  -
1048576000 bytes (1.0 GB) copied, 2.62805 s, 399 MB/s

real	0m2.631s
user	0m2.349s
sys	0m0.590s
1000+0 records in
1000+0 records out
3c84e34b319946f6531a2c4559f588a8  -
1048576000 bytes (1.0 GB) copied, 2.62859 s, 399 MB/s

real	0m2.632s
user	0m2.338s
sys	0m0.588s
1000+0 records in
1000+0 records out
3c84e34b319946f6531a2c4559f588a8  -
1048576000 bytes (1.0 GB) copied, 2.58966 s, 405 MB/s

real	0m2.593s
user	0m2.346s
sys	0m0.599s
1000+0 records in
1000+0 records out
3c84e34b319946f6531a2c4559f588a8  -
1048576000 bytes (1.0 GB) copied, 2.59966 s, 403 MB/s

real	0m2.602s
user	0m2.343s
sys	0m0.602s
1000+0 records in
1000+0 records out
3c84e34b319946f6531a2c4559f588a8  -
1048576000 bytes (1.0 GB) copied, 2.57237 s, 408 MB/s

real	0m2.575s
user	0m2.332s
sys	0m0.591s
1000+0 records in
1000+0 records out
3c84e34b319946f6531a2c4559f588a8  -
1048576000 bytes (1.0 GB) copied, 2.5914 s, 405 MB/s

real	0m2.594s
user	0m2.360s
sys	0m0.587s
1000+0 records in
1000+0 records out
1048576000 bytes (1.0 GB) copied, 2.57402 s, 407 MB/s
3c84e34b319946f6531a2c4559f588a8  -

real	0m2.577s
user	0m2.332s
sys	0m0.617s
1000+0 records in
1000+0 records out
3c84e34b319946f6531a2c4559f588a8  -
1048576000 bytes (1.0 GB) copied, 2.80538 s, 374 MB/s

real	0m2.808s
user	0m2.364s
sys	0m0.717s
1000+0 records in
1000+0 records out
3c84e34b319946f6531a2c4559f588a8  -
1048576000 bytes (1.0 GB) copied, 2.80581 s, 374 MB/s

real	0m2.808s
user	0m2.320s
sys	0m0.734s
1000+0 records in
1000+0 records out
3c84e34b319946f6531a2c4559f588a8  -
1048576000 bytes (1.0 GB) copied, 2.74678 s, 382 MB/s

real	0m2.749s
user	0m2.328s
sys	0m0.745s
1000+0 records in
1000+0 records out
3c84e34b319946f6531a2c4559f588a8  -
1048576000 bytes (1.0 GB) copied, 2.62715 s, 399 MB/s

real	0m2.630s
user	0m2.360s
sys	0m0.585s
1000+0 records in
1000+0 records out
3c84e34b319946f6531a2c4559f588a8  -
1048576000 bytes (1.0 GB) copied, 2.63539 s, 398 MB/s

real	0m2.638s
user	0m2.321s
sys	0m0.612s
1000+0 records in
1000+0 records out
3c84e34b319946f6531a2c4559f588a8  -
1048576000 bytes (1.0 GB) copied, 2.78856 s, 376 MB/s

real	0m2.791s
user	0m2.336s
sys	0m0.616s
1000+0 records in
1000+0 records out
3c84e34b319946f6531a2c4559f588a8  -
1048576000 bytes (1.0 GB) copied, 2.76637 s, 379 MB/s

real	0m2.769s
user	0m2.358s
sys	0m0.758s
1000+0 records in
1000+0 records out
3c84e34b319946f6531a2c4559f588a8  -
1048576000 bytes (1.0 GB) copied, 2.60938 s, 402 MB/s

real	0m2.612s
user	0m2.335s
sys	0m0.614s
1000+0 records in
1000+0 records out
3c84e34b319946f6531a2c4559f588a8  -
1048576000 bytes (1.0 GB) copied, 2.65796 s, 395 MB/s

real	0m2.661s
user	0m2.323s
sys	0m0.618s
1000+0 records in
1000+0 records out
1048576000 bytes (1.0 GB) copied, 2.56984 s, 408 MB/s
3c84e34b319946f6531a2c4559f588a8  -

real	0m2.572s
user	0m2.334s
sys	0m0.614s
1000+0 records in
1000+0 records out
3c84e34b319946f6531a2c4559f588a8  -
1048576000 bytes (1.0 GB) copied, 2.56859 s, 408 MB/s

real	0m2.571s
user	0m2.359s
sys	0m0.569s
1000+0 records in
1000+0 records out
3c84e34b319946f6531a2c4559f588a8  -
1048576000 bytes (1.0 GB) copied, 2.59244 s, 404 MB/s

real	0m2.595s
user	0m2.313s
sys	0m0.612s
1000+0 records in
1000+0 records out
3c84e34b319946f6531a2c4559f588a8  -
1048576000 bytes (1.0 GB) copied, 2.57545 s, 407 MB/s

real	0m2.578s
user	0m2.351s
sys	0m0.569s
1000+0 records in
1000+0 records out
3c84e34b319946f6531a2c4559f588a8  -
1048576000 bytes (1.0 GB) copied, 2.62492 s, 399 MB/s

real	0m2.628s
user	0m2.360s
sys	0m0.597s
1000+0 records in
1000+0 records out
3c84e34b319946f6531a2c4559f588a8  -
1048576000 bytes (1.0 GB) copied, 2.66614 s, 393 MB/s

real	0m2.669s
user	0m2.348s
sys	0m0.582s
1000+0 records in
1000+0 records out
3c84e34b319946f6531a2c4559f588a8  -
1048576000 bytes (1.0 GB) copied, 2.73561 s, 383 MB/s

real	0m2.738s
user	0m2.298s
sys	0m0.780s
1000+0 records in
1000+0 records out
3c84e34b319946f6531a2c4559f588a8  -
1048576000 bytes (1.0 GB) copied, 2.62466 s, 400 MB/s

real	0m2.627s
user	0m2.335s
sys	0m0.583s
1000+0 records in
1000+0 records out
1048576000 bytes (1.0 GB) copied3c84e34b319946f6531a2c4559f588a8  -
, 2.74415 s, 382 MB/s

real	0m2.747s
user	0m2.361s
sys	0m0.666s
1000+0 records in
1000+0 records out
3c84e34b319946f6531a2c4559f588a8  -
1048576000 bytes (1.0 GB) copied, 2.63168 s, 398 MB/s

real	0m2.634s
user	0m2.307s
sys	0m0.667s
1000+0 records in
1000+0 records out
1048576000 bytes (1.0 GB) copied, 2.6132 s, 401 MB/s
3c84e34b319946f6531a2c4559f588a8  -

real	0m2.616s
user	0m2.339s
sys	0m0.635s
1000+0 records in
1000+0 records out
3c84e34b319946f6531a2c4559f588a8  -
1048576000 bytes (1.0 GB) copied, 2.58977 s, 405 MB/s

real	0m2.593s
user	0m2.348s
sys	0m0.597s
1000+0 records in
1000+0 records out
3c84e34b319946f6531a2c4559f588a8  -
1048576000 bytes (1.0 GB) copied, 2.61437 s, 401 MB/s

real	0m2.617s
user	0m2.344s
sys	0m0.591s
1000+0 records in
1000+0 records out
3c84e34b319946f6531a2c4559f588a8  -
1048576000 bytes (1.0 GB) copied, 2.69726 s, 389 MB/s

real	0m2.700s
user	0m2.343s
sys	0m0.689s
1000+0 records in
1000+0 records out
3c84e34b319946f6531a2c4559f588a8  -
1048576000 bytes (1.0 GB) copied, 2.67481 s, 392 MB/s

real	0m2.678s
user	0m2.351s
sys	0m0.583s
1000+0 records in
1000+0 records out
3c84e34b319946f6531a2c4559f588a8  -
1048576000 bytes (1.0 GB) copied, 2.66998 s, 393 MB/s

real	0m2.673s
user	0m2.344s
sys	0m0.607s
1000+0 records in
1000+0 records out
3c84e34b319946f6531a2c4559f588a8  -
1048576000 bytes (1.0 GB) copied, 2.69557 s, 389 MB/s

real	0m2.698s
user	0m2.348s
sys	0m0.591s
1000+0 records in
1000+0 records out
3c84e34b319946f6531a2c4559f588a8  -
1048576000 bytes (1.0 GB) copied, 2.62389 s, 400 MB/s

real	0m2.627s
user	0m2.351s
sys	0m0.588s
1000+0 records in
1000+0 records out
3c84e34b319946f6531a2c4559f588a8  -
1048576000 bytes (1.0 GB) copied, 2.61824 s, 400 MB/s

real	0m2.621s
user	0m2.339s
sys	0m0.600s
1000+0 records in
1000+0 records out
3c84e34b319946f6531a2c4559f588a8  -
1048576000 bytes (1.0 GB) copied, 2.60681 s, 402 MB/s

real	0m2.610s
user	0m2.327s
sys	0m0.609s
1000+0 records in
1000+0 records out
1048576000 bytes (1.0 GB) copied, 2.56312 s, 409 MB/s
3c84e34b319946f6531a2c4559f588a8  -

real	0m2.566s
user	0m2.342s
sys	0m0.597s
1000+0 records in
1000+0 records out
3c84e34b319946f6531a2c4559f588a8  -
1048576000 bytes (1.0 GB) copied, 2.66082 s, 394 MB/s

real	0m2.664s
user	0m2.344s
sys	0m0.621s
1000+0 records in
1000+0 records out
3c84e34b319946f6531a2c4559f588a8  -
1048576000 bytes (1.0 GB) copied, 2.60519 s, 402 MB/s

real	0m2.608s
user	0m2.355s
sys	0m0.583s
1000+0 records in
1000+0 records out
3c84e34b319946f6531a2c4559f588a8  -
1048576000 bytes (1.0 GB) copied, 2.62127 s, 400 MB/s

real	0m2.624s
user	0m2.337s
sys	0m0.612s
1000+0 records in
1000+0 records out
3c84e34b319946f6531a2c4559f588a8  -
1048576000 bytes (1.0 GB) copied, 2.60527 s, 402 MB/s

real	0m2.608s
user	0m2.347s
sys	0m0.589s
1000+0 records in
1000+0 records out
3c84e34b319946f6531a2c4559f588a8  -
1048576000 bytes (1.0 GB) copied, 2.62025 s, 400 MB/s

real	0m2.623s
user	0m2.309s
sys	0m0.623s
1000+0 records in
1000+0 records out
3c84e34b319946f6531a2c4559f588a8  -
1048576000 bytes (1.0 GB) copied, 2.68251 s, 391 MB/s

real	0m2.685s
user	0m2.360s
sys	0m0.584s
1000+0 records in
1000+0 records out
3c84e34b319946f6531a2c4559f588a8  -
1048576000 bytes (1.0 GB) copied, 2.64417 s, 397 MB/s

real	0m2.647s
user	0m2.328s
sys	0m0.609s
1000+0 records in
1000+0 records out
3c84e34b319946f6531a2c4559f588a8  -
1048576000 bytes (1.0 GB) copied, 2.79045 s, 376 MB/s

real	0m2.793s
user	0m2.323s
sys	0m0.617s
1000+0 records in
1000+0 records out
3c84e34b319946f6531a2c4559f588a8  -
1048576000 bytes (1.0 GB) copied, 2.61103 s, 402 MB/s

real	0m2.614s
user	0m2.352s
sys	0m0.592s
1000+0 records in
1000+0 records out
1048576000 bytes (1.0 GB) copied, 2.59798 s, 404 MB/s
3c84e34b319946f6531a2c4559f588a8  -

real	0m2.601s
user	0m2.345s
sys	0m0.596s
1000+0 records in
1000+0 records out
3c84e34b319946f6531a2c4559f588a8  -
1048576000 bytes (1.0 GB) copied, 2.66045 s, 394 MB/s

real	0m2.663s
user	0m2.347s
sys	0m0.604s
1000+0 records in
1000+0 records out
3c84e34b319946f6531a2c4559f588a8  -
1048576000 bytes (1.0 GB) copied, 2.59148 s, 405 MB/s

real	0m2.594s
user	0m2.340s
sys	0m0.600s
1000+0 records in
1000+0 records out
3c84e34b319946f6531a2c4559f588a8  -
1048576000 bytes (1.0 GB) copied, 2.62628 s, 399 MB/s

real	0m2.629s
user	0m2.366s
sys	0m0.574s
1000+0 records in
1000+0 records out
3c84e34b319946f6531a2c4559f588a8  -
1048576000 bytes (1.0 GB) copied, 2.62747 s, 399 MB/s

real	0m2.630s
user	0m2.338s
sys	0m0.616s
1000+0 records in
1000+0 records out
3c84e34b319946f6531a2c4559f588a8  -
1048576000 bytes (1.0 GB) copied, 2.63919 s, 397 MB/s

real	0m2.642s
user	0m2.315s
sys	0m0.607s
1000+0 records in
1000+0 records out
3c84e34b319946f6531a2c4559f588a8  -
1048576000 bytes (1.0 GB) copied, 2.63973 s, 397 MB/s

real	0m2.643s
user	0m2.328s
sys	0m0.621s
1000+0 records in
1000+0 records out
3c84e34b319946f6531a2c4559f588a8  -
1048576000 bytes (1.0 GB) copied, 2.58009 s, 406 MB/s

real	0m2.583s
user	0m2.361s
sys	0m0.580s
1000+0 records in
1000+0 records out
3c84e34b319946f6531a2c4559f588a8  -
1048576000 bytes (1.0 GB) copied, 2.59305 s, 404 MB/s

real	0m2.596s
user	0m2.316s
sys	0m0.624s
1000+0 records in
1000+0 records out
3c84e34b319946f6531a2c4559f588a8  -
1048576000 bytes (1.0 GB) copied, 2.64001 s, 397 MB/s

real	0m2.643s
user	0m2.355s
sys	0m0.588s
1000+0 records in
1000+0 records out
1048576000 bytes (1.0 GB) copied, 2.58047 s, 406 MB/s
3c84e34b319946f6531a2c4559f588a8  -

real	0m2.583s
user	0m2.349s
sys	0m0.583s
1000+0 records in
1000+0 records out
3c84e34b319946f6531a2c4559f588a8  -
1048576000 bytes (1.0 GB) copied, 2.67769 s, 392 MB/s

real	0m2.680s
user	0m2.333s
sys	0m0.601s
1000+0 records in
1000+0 records out
3c84e34b319946f6531a2c4559f588a8  -
1048576000 bytes (1.0 GB) copied, 2.60087 s, 403 MB/s

real	0m2.604s
user	0m2.333s
sys	0m0.605s
1000+0 records in
1000+0 records out
3c84e34b319946f6531a2c4559f588a8  -
1048576000 bytes (1.0 GB) copied, 2.61413 s, 401 MB/s

real	0m2.617s
user	0m2.353s
sys	0m0.584s
1000+0 records in
1000+0 records out
3c84e34b319946f6531a2c4559f588a8  -
1048576000 bytes (1.0 GB) copied, 2.59021 s, 405 MB/s

real	0m2.593s
user	0m2.356s
sys	0m0.581s
1000+0 records in
1000+0 records out
3c84e34b319946f6531a2c4559f588a8  -
1048576000 bytes (1.0 GB) copied, 2.61117 s, 402 MB/s

real	0m2.614s
user	0m2.340s
sys	0m0.595s
1000+0 records in
1000+0 records out
3c84e34b319946f6531a2c4559f588a8  -
1048576000 bytes (1.0 GB) copied, 2.62493 s, 399 MB/s

real	0m2.628s
user	0m2.378s
sys	0m0.567s
1000+0 records in
1000+0 records out
3c84e34b319946f6531a2c4559f588a8  -
1048576000 bytes (1.0 GB) copied, 2.70057 s, 388 MB/s

real	0m2.703s
user	0m2.364s
sys	0m0.596s
1000+0 records in
1000+0 records out
3c84e34b319946f6531a2c4559f588a8  -
1048576000 bytes (1.0 GB) copied, 2.66262 s, 394 MB/s

real	0m2.665s
user	0m2.353s
sys	0m0.590s
1000+0 records in
1000+0 records out
3c84e34b319946f6531a2c4559f588a8  -
1048576000 bytes (1.0 GB) copied, 2.65757 s, 395 MB/s

real	0m2.660s
user	0m2.322s
sys	0m0.619s
1000+0 records in
1000+0 records out
1048576000 bytes (1.0 GB) copied, 2.59033 s, 405 MB/s
3c84e34b319946f6531a2c4559f588a8  -

real	0m2.593s
user	0m2.360s
sys	0m0.582s
1000+0 records in
1000+0 records out
3c84e34b319946f6531a2c4559f588a8  -
1048576000 bytes (1.0 GB) copied, 2.64773 s, 396 MB/s

real	0m2.650s
user	0m2.343s
sys	0m0.603s
1000+0 records in
1000+0 records out
3c84e34b319946f6531a2c4559f588a8  -
1048576000 bytes (1.0 GB) copied, 2.6195 s, 400 MB/s

real	0m2.622s
user	0m2.351s
sys	0m0.593s
1000+0 records in
1000+0 records out
3c84e34b319946f6531a2c4559f588a8  -
1048576000 bytes (1.0 GB) copied, 2.63855 s, 397 MB/s

real	0m2.641s
user	0m2.334s
sys	0m0.581s
1000+0 records in
1000+0 records out
3c84e34b319946f6531a2c4559f588a8  -
1048576000 bytes (1.0 GB) copied, 2.61195 s, 401 MB/s

real	0m2.614s
user	0m2.334s
sys	0m0.601s
1000+0 records in
1000+0 records out
3c84e34b319946f6531a2c4559f588a8  -
1048576000 bytes (1.0 GB) copied, 2.60248 s, 403 MB/s

real	0m2.605s
user	0m2.334s
sys	0m0.604s
1000+0 records in
1000+0 records out
3c84e34b319946f6531a2c4559f588a8  -
1048576000 bytes (1.0 GB) copied, 2.63736 s, 398 MB/s

real	0m2.640s
user	0m2.338s
sys	0m0.606s
1000+0 records in
1000+0 records out
3c84e34b319946f6531a2c4559f588a8  -
1048576000 bytes (1.0 GB) copied, 2.60188 s, 403 MB/s

real	0m2.604s
user	0m2.347s
sys	0m0.592s
1000+0 records in
1000+0 records out
3c84e34b319946f6531a2c4559f588a8  -
1048576000 bytes (1.0 GB) copied, 2.6371 s, 398 MB/s

real	0m2.640s
user	0m2.338s
sys	0m0.605s
1000+0 records in
1000+0 records out
3c84e34b319946f6531a2c4559f588a8  -
1048576000 bytes (1.0 GB) copied, 2.59029 s, 405 MB/s

real	0m2.593s
user	0m2.329s
sys	0m0.613s
1000+0 records in
1000+0 records out
1048576000 bytes (1.0 GB) copied, 2.55204 s, 411 MB/s
3c84e34b319946f6531a2c4559f588a8  -

real	0m2.555s
user	0m2.339s
sys	0m0.596s
1000+0 records in
1000+0 records out
3c84e34b319946f6531a2c4559f588a8  -
1048576000 bytes (1.0 GB) copied, 2.61569 s, 401 MB/s

real	0m2.619s
user	0m2.362s
sys	0m0.582s
1000+0 records in
1000+0 records out
3c84e34b319946f6531a2c4559f588a8  -
1048576000 bytes (1.0 GB) copied, 2.6736 s, 392 MB/s

real	0m2.676s
user	0m2.335s
sys	0m0.600s
1000+0 records in
1000+0 records out
3c84e34b319946f6531a2c4559f588a8  -
1048576000 bytes (1.0 GB) copied, 2.62246 s, 400 MB/s

real	0m2.625s
user	0m2.367s
sys	0m0.571s
1000+0 records in
1000+0 records out
3c84e34b319946f6531a2c4559f588a8  -
1048576000 bytes (1.0 GB) copied, 2.61711 s, 401 MB/s

real	0m2.620s
user	0m2.340s
sys	0m0.598s
1000+0 records in
1000+0 records out
3c84e34b319946f6531a2c4559f588a8  -
1048576000 bytes (1.0 GB) copied, 2.62484 s, 399 MB/s

real	0m2.628s
user	0m2.343s
sys	0m0.597s
1000+0 records in
1000+0 records out
3c84e34b319946f6531a2c4559f588a8  -
1048576000 bytes (1.0 GB) copied, 2.622 s, 400 MB/s

real	0m2.625s
user	0m2.341s
sys	0m0.599s
1000+0 records in
1000+0 records out
3c84e34b319946f6531a2c4559f588a8  -
1048576000 bytes (1.0 GB) copied, 2.61298 s, 401 MB/s

real	0m2.616s
user	0m2.343s
sys	0m0.581s
1000+0 records in
1000+0 records out
3c84e34b319946f6531a2c4559f588a8  -
1048576000 bytes (1.0 GB) copied, 2.62076 s, 400 MB/s

real	0m2.623s
user	0m2.325s
sys	0m0.606s
1000+0 records in
1000+0 records out
3c84e34b319946f6531a2c4559f588a8  -
1048576000 bytes (1.0 GB) copied, 2.67002 s, 393 MB/s

real	0m2.673s
user	0m2.337s
sys	0m0.593s
1000+0 records in
1000+0 records out
1048576000 bytes (1.0 GB) copied, 2.6219 s, 400 MB/s
3c84e34b319946f6531a2c4559f588a8  -

real	0m2.625s
user	0m2.335s
sys	0m0.615s
1000+0 records in
1000+0 records out
3c84e34b319946f6531a2c4559f588a8  -
1048576000 bytes (1.0 GB) copied, 2.60344 s, 403 MB/s

real	0m2.606s
user	0m2.336s
sys	0m0.606s
1000+0 records in
1000+0 records out
3c84e34b319946f6531a2c4559f588a8  -
1048576000 bytes (1.0 GB) copied, 2.59928 s, 403 MB/s

real	0m2.602s
user	0m2.334s
sys	0m0.604s
1000+0 records in
1000+0 records out
3c84e34b319946f6531a2c4559f588a8  -
1048576000 bytes (1.0 GB) copied, 2.79844 s, 375 MB/s

real	0m2.801s
user	0m2.336s
sys	0m0.784s
1000+0 records in
1000+0 records out
3c84e34b319946f6531a2c4559f588a8  -
1048576000 bytes (1.0 GB) copied, 2.62341 s, 400 MB/s

real	0m2.626s
user	0m2.343s
sys	0m0.611s
1000+0 records in
1000+0 records out
3c84e34b319946f6531a2c4559f588a8  -
1048576000 bytes (1.0 GB) copied, 2.68013 s, 391 MB/s

real	0m2.683s
user	0m2.355s
sys	0m0.583s
1000+0 records in
1000+0 records out
3c84e34b319946f6531a2c4559f588a8  -
1048576000 bytes (1.0 GB) copied, 2.63419 s, 398 MB/s

real	0m2.637s
user	0m2.340s
sys	0m0.589s
1000+0 records in
1000+0 records out
3c84e34b319946f6531a2c4559f588a8  -
1048576000 bytes (1.0 GB) copied, 2.61383 s, 401 MB/s

real	0m2.616s
user	0m2.338s
sys	0m0.607s
1000+0 records in
1000+0 records out
3c84e34b319946f6531a2c4559f588a8  -
1048576000 bytes (1.0 GB) copied, 2.65787 s, 395 MB/s

real	0m2.661s
user	0m2.339s
sys	0m0.600s
1000+0 records in
1000+0 records out
3c84e34b319946f6531a2c4559f588a8  -
1048576000 bytes (1.0 GB) copied, 2.59174 s, 405 MB/s

real	0m2.595s
user	0m2.350s
sys	0m0.586s
1000+0 records in
1000+0 records out
1048576000 bytes (1.0 GB) copied, 2.58479 s, 406 MB/s
3c84e34b319946f6531a2c4559f588a8  -

real	0m2.588s
user	0m2.338s
sys	0m0.622s
1000+0 records in
1000+0 records out
3c84e34b319946f6531a2c4559f588a8  -
1048576000 bytes (1.0 GB) copied, 2.62198 s, 400 MB/s

real	0m2.625s
user	0m2.343s
sys	0m0.605s
1000+0 records in
1000+0 records out
3c84e34b319946f6531a2c4559f588a8  -
1048576000 bytes (1.0 GB) copied, 2.76842 s, 379 MB/s

real	0m2.771s
user	0m2.327s
sys	0m0.599s
1000+0 records in
1000+0 records out
3c84e34b319946f6531a2c4559f588a8  -
1048576000 bytes (1.0 GB) copied, 2.64658 s, 396 MB/s

real	0m2.649s
user	0m2.335s
sys	0m0.608s
1000+0 records in
1000+0 records out
3c84e34b319946f6531a2c4559f588a8  -
1048576000 bytes (1.0 GB) copied, 2.61725 s, 401 MB/s

real	0m2.620s
user	0m2.341s
sys	0m0.616s
1000+0 records in
1000+0 records out
3c84e34b319946f6531a2c4559f588a8  -
1048576000 bytes (1.0 GB) copied, 2.60836 s, 402 MB/s

real	0m2.611s
user	0m2.340s
sys	0m0.597s
1000+0 records in
1000+0 records out
3c84e34b319946f6531a2c4559f588a8  -
1048576000 bytes (1.0 GB) copied, 2.61454 s, 401 MB/s

real	0m2.617s
user	0m2.342s
sys	0m0.595s
1000+0 records in
1000+0 records out
3c84e34b319946f6531a2c4559f588a8  -
1048576000 bytes (1.0 GB) copied, 2.66745 s, 393 MB/s

real	0m2.670s
user	0m2.339s
sys	0m0.660s
1000+0 records in
1000+0 records out
3c84e34b319946f6531a2c4559f588a8  -
1048576000 bytes (1.0 GB) copied, 2.63197 s, 398 MB/s

real	0m2.635s
user	0m2.358s
sys	0m0.608s
1000+0 records in
1000+0 records out
3c84e34b319946f6531a2c4559f588a8  -
1048576000 bytes (1.0 GB) copied, 2.61658 s, 401 MB/s

real	0m2.619s
user	0m2.340s
sys	0m0.603s
1000+0 records in
1000+0 records out
1048576000 bytes (1.0 GB) copied, 2.5729 s, 408 MB/s
3c84e34b319946f6531a2c4559f588a8  -

real	0m2.576s
user	0m2.331s
sys	0m0.600s
1000+0 records in
1000+0 records out
3c84e34b319946f6531a2c4559f588a8  -
1048576000 bytes (1.0 GB) copied, 2.79868 s, 375 MB/s

real	0m2.801s
user	0m2.347s
sys	0m0.709s
1000+0 records in
1000+0 records out
3c84e34b319946f6531a2c4559f588a8  -
1048576000 bytes (1.0 GB) copied, 2.63141 s, 398 MB/s

real	0m2.634s
user	0m2.359s
sys	0m0.586s
1000+0 records in
1000+0 records out
3c84e34b319946f6531a2c4559f588a8  -
1048576000 bytes (1.0 GB) copied, 3.13936 s, 334 MB/s

real	0m3.142s
user	0m2.347s
sys	0m0.595s
1000+0 records in
1000+0 records out
3c84e34b319946f6531a2c4559f588a8  -
1048576000 bytes (1.0 GB) copied, 2.70184 s, 388 MB/s

real	0m2.705s
user	0m2.327s
sys	0m0.628s
1000+0 records in
1000+0 records out
3c84e34b319946f6531a2c4559f588a8  -
1048576000 bytes (1.0 GB) copied, 2.59748 s, 404 MB/s

real	0m2.600s
user	0m2.361s
sys	0m0.584s
1000+0 records in
1000+0 records out
3c84e34b319946f6531a2c4559f588a8  -
1048576000 bytes (1.0 GB) copied, 2.57582 s, 407 MB/s

real	0m2.579s
user	0m2.328s
sys	0m0.613s
1000+0 records in
1000+0 records out
3c84e34b319946f6531a2c4559f588a8  -
1048576000 bytes (1.0 GB) copied, 2.72095 s, 385 MB/s

real	0m2.724s
user	0m2.354s
sys	0m0.586s
1000+0 records in
1000+0 records out
3c84e34b319946f6531a2c4559f588a8  -
1048576000 bytes (1.0 GB) copied, 2.6856 s, 390 MB/s

real	0m2.688s
user	0m2.317s
sys	0m0.609s
1000+0 records in
1000+0 records out
3c84e34b319946f6531a2c4559f588a8  -
1048576000 bytes (1.0 GB) copied, 2.60244 s, 403 MB/s

real	0m2.605s
user	0m2.326s
sys	0m0.616s
1000+0 records in
1000+0 records out
1048576000 bytes (1.0 GB) copied, 2.57899 s, 407 MB/s
3c84e34b319946f6531a2c4559f588a8  -

real	0m2.582s
user	0m2.339s
sys	0m0.605s
1000+0 records in
1000+0 records out
3c84e34b319946f6531a2c4559f588a8  -
1048576000 bytes (1.0 GB) copied, 2.63595 s, 398 MB/s

real	0m2.638s
user	0m2.334s
sys	0m0.605s
1000+0 records in
1000+0 records out
3c84e34b319946f6531a2c4559f588a8  -
1048576000 bytes (1.0 GB) copied, 2.62432 s, 400 MB/s

real	0m2.627s
user	0m2.340s
sys	0m0.597s
1000+0 records in
1000+0 records out
3c84e34b319946f6531a2c4559f588a8  -
1048576000 bytes (1.0 GB) copied, 2.6222 s, 400 MB/s

real	0m2.625s
user	0m2.343s
sys	0m0.620s
1000+0 records in
1000+0 records out
3c84e34b319946f6531a2c4559f588a8  -
1048576000 bytes (1.0 GB) copied, 2.65592 s, 395 MB/s

real	0m2.659s
user	0m2.335s
sys	0m0.609s
1000+0 records in
1000+0 records out
3c84e34b319946f6531a2c4559f588a8  -
1048576000 bytes (1.0 GB) copied, 2.62489 s, 399 MB/s

real	0m2.627s
user	0m2.336s
sys	0m0.601s
1000+0 records in
1000+0 records out
3c84e34b319946f6531a2c4559f588a8  -
1048576000 bytes (1.0 GB) copied, 2.7569 s, 380 MB/s

real	0m2.760s
user	0m2.340s
sys	0m0.734s
1000+0 records in
1000+0 records out
3c84e34b319946f6531a2c4559f588a8  -
1048576000 bytes (1.0 GB) copied, 2.60131 s, 403 MB/s

real	0m2.604s
user	0m2.343s
sys	0m0.601s
1000+0 records in
1000+0 records out
3c84e34b319946f6531a2c4559f588a8  -
1048576000 bytes (1.0 GB) copied, 2.67014 s, 393 MB/s

real	0m2.673s
user	0m2.338s
sys	0m0.600s
1000+0 records in
1000+0 records out
3c84e34b319946f6531a2c4559f588a8  -
1048576000 bytes (1.0 GB) copied, 2.8015 s, 374 MB/s

real	0m2.804s
user	0m2.340s
sys	0m0.797s
1000+0 records in
1000+0 records out
1048576000 bytes (1.0 GB) copied, 2.59968 s, 403 MB/s
3c84e34b319946f6531a2c4559f588a8  -

real	0m2.603s
user	0m2.329s
sys	0m0.615s
