10000+0 records in
10000+0 records out
10485760000 bytes (10 GB) copied, 25.2734 s, 415 MB/s
a02bf4596da9a0c3d2b10ac745b55ccf  -

real	0m25.276s
user	0m23.419s
sys	0m6.133s
10000+0 records in
10000+0 records out
10485760000 bytes (10 GB) copied, 25.2404 s, 415 MB/s
a02bf4596da9a0c3d2b10ac745b55ccf  -

real	0m25.246s
user	0m23.395s
sys	0m6.088s
10000+0 records in
10000+0 records out
a02bf4596da9a0c3d2b10ac745b55ccf  -
10485760000 bytes (10 GB) copied, 25.2143 s, 416 MB/s

real	0m25.217s
user	0m23.346s
sys	0m6.068s
10000+0 records in
10000+0 records out
10485760000 bytes (10 GB) copied, 25.2349 s, 416 MB/s
a02bf4596da9a0c3d2b10ac745b55ccf  -

real	0m25.243s
user	0m23.309s
sys	0m6.163s
10000+0 records in
10000+0 records out
10485760000 bytes (10 GB) copied, 25.2184 s, 416 MB/s
a02bf4596da9a0c3d2b10ac745b55ccf  -

real	0m25.223s
user	0m23.338s
sys	0m6.125s
10000+0 records in
10000+0 records out
a02bf4596da9a0c3d2b10ac745b55ccf  -
10485760000 bytes (10 GB) copied, 25.2764 s, 415 MB/s

real	0m25.282s
user	0m23.355s
sys	0m6.198s
10000+0 records in
10000+0 records out
a02bf4596da9a0c3d2b10ac745b55ccf  -
10485760000 bytes (10 GB) copied, 25.2455 s, 415 MB/s

real	0m25.253s
user	0m23.538s
sys	0m5.942s
10000+0 records in
10000+0 records out
a02bf4596da9a0c3d2b10ac745b55ccf  -
10485760000 bytes (10 GB) copied, 25.2863 s, 415 MB/s

real	0m25.292s
user	0m23.485s
sys	0m6.125s
10000+0 records in
10000+0 records out
a02bf4596da9a0c3d2b10ac745b55ccf  -
10485760000 bytes (10 GB) copied, 25.2498 s, 415 MB/s

real	0m25.254s
user	0m23.375s
sys	0m6.128s
10000+0 records in
10000+0 records out
10485760000 bytes (10 GB) copied, 25.2715 s, 415 MB/s
a02bf4596da9a0c3d2b10ac745b55ccf  -

real	0m25.284s
user	0m23.444s
sys	0m6.111s
