500+0 records in
500+0 records out
524288000 bytes (524 MB) copied, 1.25873 s, 417 MB/s
afbad591ee2b70ac94258fbc7fac3bf2  -

real	0m1.264s
user	0m1.156s
sys	0m0.316s
500+0 records in
500+0 records out
524288000 bytes (524 MB) copied, 1.25656 s, 417 MB/s
afbad591ee2b70ac94258fbc7fac3bf2  -

real	0m1.259s
user	0m1.170s
sys	0m0.295s
500+0 records in
500+0 records out
524288000 bytes (524 MB) copiedafbad591ee2b70ac94258fbc7fac3bf2  -
, 1.2572 s, 417 MB/s

real	0m1.260s
user	0m1.160s
sys	0m0.303s
500+0 records in
500+0 records out
524288000 bytes (524 MB) copied, 1.26095 s, 416 MB/s
afbad591ee2b70ac94258fbc7fac3bf2  -

real	0m1.264s
user	0m1.178s
sys	0m0.293s
500+0 records in
500+0 records out
524288000 bytes (524 MB) copied, 1.26612 s, 414 MB/s
afbad591ee2b70ac94258fbc7fac3bf2  -

real	0m1.269s
user	0m1.184s
sys	0m0.302s
500+0 records in
500+0 records out
afbad591ee2b70ac94258fbc7fac3bf2  -
524288000 bytes (524 MB) copied, 1.26101 s, 416 MB/s

real	0m1.264s
user	0m1.170s
sys	0m0.307s
500+0 records in
500+0 records out
afbad591ee2b70ac94258fbc7fac3bf2  -
524288000 bytes (524 MB) copied, 1.2627 s, 415 MB/s

real	0m1.265s
user	0m1.181s
sys	0m0.295s
500+0 records in
500+0 records out
afbad591ee2b70ac94258fbc7fac3bf2  -
524288000 bytes (524 MB) copied, 1.27047 s, 413 MB/s

real	0m1.273s
user	0m1.197s
sys	0m0.297s
500+0 records in
500+0 records out
afbad591ee2b70ac94258fbc7fac3bf2  -
524288000 bytes (524 MB) copied, 1.26715 s, 414 MB/s

real	0m1.270s
user	0m1.159s
sys	0m0.331s
500+0 records in
500+0 records out
524288000 bytes (524 MB) copied, 1.26712 s, 414 MB/s
afbad591ee2b70ac94258fbc7fac3bf2  -

real	0m1.270s
user	0m1.164s
sys	0m0.323s
