2000+0 records in
2000+0 records out
2097152000 bytes (2.1 GB) copied, 5.04433 s, 416 MB/s
0dd74775419ada42017a0fdf21eccf94  -

real	0m5.047s
user	0m4.692s
sys	0m1.180s
2000+0 records in
2000+0 records out
2097152000 bytes (2.1 GB) copied, 5.29595 s, 396 MB/s
0dd74775419ada42017a0fdf21eccf94  -

real	0m5.299s
user	0m4.698s
sys	0m1.509s
2000+0 records in
2000+0 records out
2097152000 bytes (2.1 GB) copied0dd74775419ada42017a0fdf21eccf94  -
, 5.03991 s, 416 MB/s

real	0m5.043s
user	0m4.687s
sys	0m1.183s
2000+0 records in
2000+0 records out
2097152000 bytes (2.1 GB) copied, 5.02393 s, 417 MB/s
0dd74775419ada42017a0fdf21eccf94  -

real	0m5.027s
user	0m4.685s
sys	0m1.134s
2000+0 records in
2000+0 records out
2097152000 bytes (2.1 GB) copied, 5.05396 s, 415 MB/s
0dd74775419ada42017a0fdf21eccf94  -

real	0m5.057s
user	0m4.711s
sys	0m1.187s
2000+0 records in
2000+0 records out
2097152000 bytes (2.1 GB) copied, 5.04742 s, 415 MB/s
0dd74775419ada42017a0fdf21eccf94  -

real	0m5.050s
user	0m4.702s
sys	0m1.182s
2000+0 records in
2000+0 records out
2097152000 bytes (2.1 GB) copied, 5.25601 s, 399 MB/s
0dd74775419ada42017a0fdf21eccf94  -

real	0m5.259s
user	0m4.707s
sys	0m1.430s
2000+0 records in
2000+0 records out
2097152000 bytes (2.1 GB) copied, 5.04935 s, 415 MB/s
0dd74775419ada42017a0fdf21eccf94  -

real	0m5.052s
user	0m4.707s
sys	0m1.194s
2000+0 records in
2000+0 records out
2097152000 bytes (2.1 GB) copied, 5.04763 s, 415 MB/s
0dd74775419ada42017a0fdf21eccf94  -

real	0m5.050s
user	0m4.696s
sys	0m1.208s
2000+0 records in
2000+0 records out
2097152000 bytes (2.1 GB) copied, 5.04071 s, 416 MB/s
0dd74775419ada42017a0fdf21eccf94  -

real	0m5.044s
user	0m4.670s
sys	0m1.199s
2000+0 records in
2000+0 records out
2097152000 bytes (2.1 GB) copied, 5.04682 s, 416 MB/s
0dd74775419ada42017a0fdf21eccf94  -

real	0m5.050s
user	0m4.723s
sys	0m1.165s
2000+0 records in
2000+0 records out
2097152000 bytes (2.1 GB) copied, 5.05255 s, 415 MB/s
0dd74775419ada42017a0fdf21eccf94  -

real	0m5.055s
user	0m4.702s
sys	0m1.189s
2000+0 records in
2000+0 records out
2097152000 bytes (2.1 GB) copied, 5.04874 s, 415 MB/s
0dd74775419ada42017a0fdf21eccf94  -

real	0m5.052s
user	0m4.657s
sys	0m1.238s
2000+0 records in
2000+0 records out
2097152000 bytes (2.1 GB) copied, 5.03525 s, 416 MB/s
0dd74775419ada42017a0fdf21eccf94  -

real	0m5.038s
user	0m4.636s
sys	0m1.242s
2000+0 records in
2000+0 records out
2097152000 bytes (2.1 GB) copied, 5.2263 s, 401 MB/s
0dd74775419ada42017a0fdf21eccf94  -

real	0m5.229s
user	0m4.717s
sys	0m1.384s
2000+0 records in
2000+0 records out
2097152000 bytes (2.1 GB) copied, 5.05323 s, 415 MB/s
0dd74775419ada42017a0fdf21eccf94  -

real	0m5.056s
user	0m4.688s
sys	0m1.244s
2000+0 records in
2000+0 records out
2097152000 bytes (2.1 GB) copied, 5.03705 s, 416 MB/s
0dd74775419ada42017a0fdf21eccf94  -

real	0m5.040s
user	0m4.666s
sys	0m1.220s
2000+0 records in
2000+0 records out
2097152000 bytes (2.1 GB) copied, 5.04996 s, 415 MB/s
0dd74775419ada42017a0fdf21eccf94  -

real	0m5.053s
user	0m4.710s
sys	0m1.186s
2000+0 records in
2000+0 records out
2097152000 bytes (2.1 GB) copied, 5.04842 s, 415 MB/s
0dd74775419ada42017a0fdf21eccf94  -

real	0m5.051s
user	0m4.678s
sys	0m1.206s
2000+0 records in
2000+0 records out
2097152000 bytes (2.1 GB) copied, 5.04678 s, 416 MB/s
0dd74775419ada42017a0fdf21eccf94  -

real	0m5.050s
user	0m4.699s
sys	0m1.186s
2000+0 records in
2000+0 records out
2097152000 bytes (2.1 GB) copied, 5.11415 s, 410 MB/s
0dd74775419ada42017a0fdf21eccf94  -

real	0m5.117s
user	0m4.647s
sys	0m1.338s
2000+0 records in
2000+0 records out
2097152000 bytes (2.1 GB) copied, 5.0534 s, 415 MB/s
0dd74775419ada42017a0fdf21eccf94  -

real	0m5.056s
user	0m4.662s
sys	0m1.259s
2000+0 records in
2000+0 records out
2097152000 bytes (2.1 GB) copied, 5.03953 s, 416 MB/s
0dd74775419ada42017a0fdf21eccf94  -

real	0m5.042s
user	0m4.665s
sys	0m1.190s
2000+0 records in
2000+0 records out
2097152000 bytes (2.1 GB) copied, 5.05866 s, 415 MB/s
0dd74775419ada42017a0fdf21eccf94  -

real	0m5.061s
user	0m4.669s
sys	0m1.267s
2000+0 records in
2000+0 records out
2097152000 bytes (2.1 GB) copied, 5.18667 s, 404 MB/s
0dd74775419ada42017a0fdf21eccf94  -

real	0m5.189s
user	0m4.685s
sys	0m1.335s
2000+0 records in
2000+0 records out
2097152000 bytes (2.1 GB) copied, 5.04306 s, 416 MB/s
0dd74775419ada42017a0fdf21eccf94  -

real	0m5.046s
user	0m4.685s
sys	0m1.198s
2000+0 records in
2000+0 records out
2097152000 bytes (2.1 GB) copied, 5.03203 s, 417 MB/s
0dd74775419ada42017a0fdf21eccf94  -

real	0m5.035s
user	0m4.678s
sys	0m1.169s
2000+0 records in
2000+0 records out
2097152000 bytes (2.1 GB) copied, 5.03922 s, 416 MB/s
0dd74775419ada42017a0fdf21eccf94  -

real	0m5.042s
user	0m4.687s
sys	0m1.183s
2000+0 records in
2000+0 records out
2097152000 bytes (2.1 GB) copied, 5.31516 s, 395 MB/s
0dd74775419ada42017a0fdf21eccf94  -

real	0m5.318s
user	0m4.658s
sys	0m1.500s
2000+0 records in
2000+0 records out
2097152000 bytes (2.1 GB) copied, 5.03762 s, 416 MB/s
0dd74775419ada42017a0fdf21eccf94  -

real	0m5.040s
user	0m4.721s
sys	0m1.178s
2000+0 records in
2000+0 records out
2097152000 bytes (2.1 GB) copied, 5.05122 s, 415 MB/s
0dd74775419ada42017a0fdf21eccf94  -

real	0m5.054s
user	0m4.698s
sys	0m1.213s
2000+0 records in
2000+0 records out
2097152000 bytes (2.1 GB) copied, 5.02907 s, 417 MB/s
0dd74775419ada42017a0fdf21eccf94  -

real	0m5.032s
user	0m4.649s
sys	0m1.215s
2000+0 records in
2000+0 records out
2097152000 bytes (2.1 GB) copied, 5.0524 s, 415 MB/s
0dd74775419ada42017a0fdf21eccf94  -

real	0m5.055s
user	0m4.687s
sys	0m1.198s
2000+0 records in
2000+0 records out
2097152000 bytes (2.1 GB) copied, 5.03131 s, 417 MB/s
0dd74775419ada42017a0fdf21eccf94  -

real	0m5.034s
user	0m4.688s
sys	0m1.169s
2000+0 records in
2000+0 records out
2097152000 bytes (2.1 GB) copied, 5.03941 s, 416 MB/s
0dd74775419ada42017a0fdf21eccf94  -

real	0m5.042s
user	0m4.704s
sys	0m1.211s
2000+0 records in
2000+0 records out
2097152000 bytes (2.1 GB) copied, 5.04016 s, 416 MB/s
0dd74775419ada42017a0fdf21eccf94  -

real	0m5.043s
user	0m4.655s
sys	0m1.233s
2000+0 records in
2000+0 records out
2097152000 bytes (2.1 GB) copied, 5.03223 s, 417 MB/s
0dd74775419ada42017a0fdf21eccf94  -

real	0m5.035s
user	0m4.682s
sys	0m1.217s
2000+0 records in
2000+0 records out
2097152000 bytes (2.1 GB) copied, 5.01599 s, 418 MB/s
0dd74775419ada42017a0fdf21eccf94  -

real	0m5.019s
user	0m4.663s
sys	0m1.161s
2000+0 records in
2000+0 records out
2097152000 bytes (2.1 GB) copied, 5.05968 s, 414 MB/s
0dd74775419ada42017a0fdf21eccf94  -

real	0m5.062s
user	0m4.680s
sys	0m1.246s
2000+0 records in
2000+0 records out
2097152000 bytes (2.1 GB) copied, 5.08319 s, 413 MB/s
0dd74775419ada42017a0fdf21eccf94  -

real	0m5.086s
user	0m4.734s
sys	0m1.203s
2000+0 records in
2000+0 records out
2097152000 bytes (2.1 GB) copied, 5.01918 s, 418 MB/s
0dd74775419ada42017a0fdf21eccf94  -

real	0m5.022s
user	0m4.674s
sys	0m1.160s
2000+0 records in
2000+0 records out
2097152000 bytes (2.1 GB) copied, 5.06687 s, 414 MB/s
0dd74775419ada42017a0fdf21eccf94  -

real	0m5.070s
user	0m4.693s
sys	0m1.231s
2000+0 records in
2000+0 records out
2097152000 bytes (2.1 GB) copied, 5.04413 s, 416 MB/s
0dd74775419ada42017a0fdf21eccf94  -

real	0m5.047s
user	0m4.692s
sys	0m1.208s
2000+0 records in
2000+0 records out
2097152000 bytes (2.1 GB) copied, 5.06247 s, 414 MB/s
0dd74775419ada42017a0fdf21eccf94  -

real	0m5.065s
user	0m4.731s
sys	0m1.208s
2000+0 records in
2000+0 records out
2097152000 bytes (2.1 GB) copied, 5.05374 s, 415 MB/s
0dd74775419ada42017a0fdf21eccf94  -

real	0m5.057s
user	0m4.702s
sys	0m1.223s
2000+0 records in
2000+0 records out
2097152000 bytes (2.1 GB) copied, 5.06959 s, 414 MB/s
0dd74775419ada42017a0fdf21eccf94  -

real	0m5.073s
user	0m4.705s
sys	0m1.228s
2000+0 records in
2000+0 records out
2097152000 bytes (2.1 GB) copied, 5.02322 s, 417 MB/s
0dd74775419ada42017a0fdf21eccf94  -

real	0m5.026s
user	0m4.692s
sys	0m1.135s
2000+0 records in
2000+0 records out
2097152000 bytes (2.1 GB) copied, 5.07006 s, 414 MB/s
0dd74775419ada42017a0fdf21eccf94  -

real	0m5.073s
user	0m4.684s
sys	0m1.263s
2000+0 records in
2000+0 records out
2097152000 bytes (2.1 GB) copied, 5.01667 s, 418 MB/s
0dd74775419ada42017a0fdf21eccf94  -

real	0m5.021s
user	0m4.695s
sys	0m1.130s
2000+0 records in
2000+0 records out
2097152000 bytes (2.1 GB) copied, 5.10597 s, 411 MB/s
0dd74775419ada42017a0fdf21eccf94  -

real	0m5.109s
user	0m4.681s
sys	0m1.320s
2000+0 records in
2000+0 records out
2097152000 bytes (2.1 GB) copied, 5.02111 s, 418 MB/s
0dd74775419ada42017a0fdf21eccf94  -

real	0m5.024s
user	0m4.673s
sys	0m1.147s
2000+0 records in
2000+0 records out
2097152000 bytes (2.1 GB) copied, 5.03111 s, 417 MB/s
0dd74775419ada42017a0fdf21eccf94  -

real	0m5.034s
user	0m4.698s
sys	0m1.155s
2000+0 records in
2000+0 records out
2097152000 bytes (2.1 GB) copied, 5.09569 s, 412 MB/s
0dd74775419ada42017a0fdf21eccf94  -

real	0m5.099s
user	0m4.688s
sys	0m1.295s
2000+0 records in
2000+0 records out
2097152000 bytes (2.1 GB) copied, 5.02521 s, 417 MB/s
0dd74775419ada42017a0fdf21eccf94  -

real	0m5.028s
user	0m4.689s
sys	0m1.144s
2000+0 records in
2000+0 records out
2097152000 bytes (2.1 GB) copied, 5.02183 s, 418 MB/s
0dd74775419ada42017a0fdf21eccf94  -

real	0m5.025s
user	0m4.654s
sys	0m1.193s
2000+0 records in
2000+0 records out
2097152000 bytes (2.1 GB) copied, 5.06108 s, 414 MB/s
0dd74775419ada42017a0fdf21eccf94  -

real	0m5.064s
user	0m4.670s
sys	0m1.278s
2000+0 records in
2000+0 records out
2097152000 bytes (2.1 GB) copied, 5.06465 s, 414 MB/s
0dd74775419ada42017a0fdf21eccf94  -

real	0m5.068s
user	0m4.713s
sys	0m1.230s
2000+0 records in
2000+0 records out
2097152000 bytes (2.1 GB) copied, 5.12994 s, 409 MB/s
0dd74775419ada42017a0fdf21eccf94  -

real	0m5.133s
user	0m4.675s
sys	0m1.333s
2000+0 records in
2000+0 records out
2097152000 bytes (2.1 GB) copied, 5.05497 s, 415 MB/s
0dd74775419ada42017a0fdf21eccf94  -

real	0m5.058s
user	0m4.684s
sys	0m1.225s
2000+0 records in
2000+0 records out
2097152000 bytes (2.1 GB) copied, 5.06506 s, 414 MB/s
0dd74775419ada42017a0fdf21eccf94  -

real	0m5.068s
user	0m4.691s
sys	0m1.259s
2000+0 records in
2000+0 records out
2097152000 bytes (2.1 GB) copied, 5.06366 s, 414 MB/s
0dd74775419ada42017a0fdf21eccf94  -

real	0m5.066s
user	0m4.702s
sys	0m1.235s
2000+0 records in
2000+0 records out
2097152000 bytes (2.1 GB) copied, 5.07021 s, 414 MB/s
0dd74775419ada42017a0fdf21eccf94  -

real	0m5.073s
user	0m4.660s
sys	0m1.261s
2000+0 records in
2000+0 records out
2097152000 bytes (2.1 GB) copied, 5.06859 s, 414 MB/s
0dd74775419ada42017a0fdf21eccf94  -

real	0m5.072s
user	0m4.686s
sys	0m1.263s
2000+0 records in
2000+0 records out
2097152000 bytes (2.1 GB) copied, 5.03078 s, 417 MB/s
0dd74775419ada42017a0fdf21eccf94  -

real	0m5.034s
user	0m4.666s
sys	0m1.214s
2000+0 records in
2000+0 records out
2097152000 bytes (2.1 GB) copied, 5.03419 s, 417 MB/s
0dd74775419ada42017a0fdf21eccf94  -

real	0m5.037s
user	0m4.710s
sys	0m1.172s
2000+0 records in
2000+0 records out
2097152000 bytes (2.1 GB) copied, 5.05696 s, 415 MB/s
0dd74775419ada42017a0fdf21eccf94  -

real	0m5.060s
user	0m4.688s
sys	0m1.242s
2000+0 records in
2000+0 records out
2097152000 bytes (2.1 GB) copied, 5.05339 s, 415 MB/s
0dd74775419ada42017a0fdf21eccf94  -

real	0m5.057s
user	0m4.708s
sys	0m1.220s
2000+0 records in
2000+0 records out
2097152000 bytes (2.1 GB) copied, 5.06054 s, 414 MB/s
0dd74775419ada42017a0fdf21eccf94  -

real	0m5.064s
user	0m4.657s
sys	0m1.284s
2000+0 records in
2000+0 records out
2097152000 bytes (2.1 GB) copied, 5.06089 s, 414 MB/s
0dd74775419ada42017a0fdf21eccf94  -

real	0m5.064s
user	0m4.674s
sys	0m1.256s
2000+0 records in
2000+0 records out
2097152000 bytes (2.1 GB) copied, 5.05554 s, 415 MB/s
0dd74775419ada42017a0fdf21eccf94  -

real	0m5.059s
user	0m4.702s
sys	0m1.222s
2000+0 records in
2000+0 records out
2097152000 bytes (2.1 GB) copied, 5.03875 s, 416 MB/s
0dd74775419ada42017a0fdf21eccf94  -

real	0m5.042s
user	0m4.668s
sys	0m1.224s
2000+0 records in
2000+0 records out
2097152000 bytes (2.1 GB) copied, 5.05793 s, 415 MB/s
0dd74775419ada42017a0fdf21eccf94  -

real	0m5.061s
user	0m4.679s
sys	0m1.251s
2000+0 records in
2000+0 records out
2097152000 bytes (2.1 GB) copied, 5.0403 s, 416 MB/s
0dd74775419ada42017a0fdf21eccf94  -

real	0m5.043s
user	0m4.675s
sys	0m1.212s
2000+0 records in
2000+0 records out
2097152000 bytes (2.1 GB) copied, 5.03601 s, 416 MB/s
0dd74775419ada42017a0fdf21eccf94  -

real	0m5.039s
user	0m4.670s
sys	0m1.197s
2000+0 records in
2000+0 records out
2097152000 bytes (2.1 GB) copied, 5.02923 s, 417 MB/s
0dd74775419ada42017a0fdf21eccf94  -

real	0m5.032s
user	0m4.684s
sys	0m1.176s
2000+0 records in
2000+0 records out
2097152000 bytes (2.1 GB) copied, 5.06356 s, 414 MB/s
0dd74775419ada42017a0fdf21eccf94  -

real	0m5.066s
user	0m4.700s
sys	0m1.244s
2000+0 records in
2000+0 records out
2097152000 bytes (2.1 GB) copied, 5.05787 s, 415 MB/s
0dd74775419ada42017a0fdf21eccf94  -

real	0m5.061s
user	0m4.723s
sys	0m1.218s
2000+0 records in
2000+0 records out
2097152000 bytes (2.1 GB) copied, 5.04299 s, 416 MB/s
0dd74775419ada42017a0fdf21eccf94  -

real	0m5.046s
user	0m4.712s
sys	0m1.185s
2000+0 records in
2000+0 records out
2097152000 bytes (2.1 GB) copied, 5.04842 s, 415 MB/s
0dd74775419ada42017a0fdf21eccf94  -

real	0m5.052s
user	0m4.699s
sys	0m1.212s
2000+0 records in
2000+0 records out
2097152000 bytes (2.1 GB) copied, 5.04318 s, 416 MB/s
0dd74775419ada42017a0fdf21eccf94  -

real	0m5.046s
user	0m4.715s
sys	0m1.167s
2000+0 records in
2000+0 records out
2097152000 bytes (2.1 GB) copied, 5.04955 s, 415 MB/s
0dd74775419ada42017a0fdf21eccf94  -

real	0m5.052s
user	0m4.675s
sys	0m1.228s
2000+0 records in
2000+0 records out
0dd74775419ada42017a0fdf21eccf94  -
2097152000 bytes (2.1 GB) copied, 5.05141 s, 415 MB/s

real	0m5.054s
user	0m4.690s
sys	0m1.224s
2000+0 records in
2000+0 records out
2097152000 bytes (2.1 GB) copied, 5.07595 s, 413 MB/s
0dd74775419ada42017a0fdf21eccf94  -

real	0m5.079s
user	0m4.676s
sys	0m1.233s
2000+0 records in
2000+0 records out
2097152000 bytes (2.1 GB) copied, 5.04608 s, 416 MB/s
0dd74775419ada42017a0fdf21eccf94  -

real	0m5.049s
user	0m4.671s
sys	0m1.218s
2000+0 records in
2000+0 records out
2097152000 bytes (2.1 GB) copied, 5.04296 s, 416 MB/s
0dd74775419ada42017a0fdf21eccf94  -

real	0m5.046s
user	0m4.706s
sys	0m1.181s
2000+0 records in
2000+0 records out
2097152000 bytes (2.1 GB) copied, 5.0622 s, 414 MB/s
0dd74775419ada42017a0fdf21eccf94  -

real	0m5.065s
user	0m4.672s
sys	0m1.268s
2000+0 records in
2000+0 records out
2097152000 bytes (2.1 GB) copied, 5.05715 s, 415 MB/s
0dd74775419ada42017a0fdf21eccf94  -

real	0m5.060s
user	0m4.708s
sys	0m1.206s
2000+0 records in
2000+0 records out
2097152000 bytes (2.1 GB) copied, 5.0486 s, 415 MB/s
0dd74775419ada42017a0fdf21eccf94  -

real	0m5.052s
user	0m4.689s
sys	0m1.210s
2000+0 records in
2000+0 records out
2097152000 bytes (2.1 GB) copied, 5.03586 s, 416 MB/s
0dd74775419ada42017a0fdf21eccf94  -

real	0m5.039s
user	0m4.695s
sys	0m1.169s
2000+0 records in
2000+0 records out
2097152000 bytes (2.1 GB) copied, 5.03795 s, 416 MB/s
0dd74775419ada42017a0fdf21eccf94  -

real	0m5.041s
user	0m4.671s
sys	0m1.197s
2000+0 records in
2000+0 records out
2097152000 bytes (2.1 GB) copied, 5.07683 s, 413 MB/s
0dd74775419ada42017a0fdf21eccf94  -

real	0m5.080s
user	0m4.640s
sys	0m1.272s
2000+0 records in
2000+0 records out
2097152000 bytes (2.1 GB) copied, 5.04003 s, 416 MB/s
0dd74775419ada42017a0fdf21eccf94  -

real	0m5.043s
user	0m4.658s
sys	0m1.235s
2000+0 records in
2000+0 records out
2097152000 bytes (2.1 GB) copied, 5.05732 s, 415 MB/s
0dd74775419ada42017a0fdf21eccf94  -

real	0m5.060s
user	0m4.686s
sys	0m1.243s
2000+0 records in
2000+0 records out
2097152000 bytes (2.1 GB) copied, 5.09013 s, 412 MB/s
0dd74775419ada42017a0fdf21eccf94  -

real	0m5.093s
user	0m4.664s
sys	0m1.294s
2000+0 records in
2000+0 records out
2097152000 bytes (2.1 GB) copied, 5.02006 s, 418 MB/s
0dd74775419ada42017a0fdf21eccf94  -

real	0m5.023s
user	0m4.688s
sys	0m1.154s
2000+0 records in
2000+0 records out
2097152000 bytes (2.1 GB) copied, 5.03643 s, 416 MB/s
0dd74775419ada42017a0fdf21eccf94  -

real	0m5.039s
user	0m4.693s
sys	0m1.191s
2000+0 records in
2000+0 records out
2097152000 bytes (2.1 GB) copied, 5.05609 s, 415 MB/s
0dd74775419ada42017a0fdf21eccf94  -

real	0m5.059s
user	0m4.688s
sys	0m1.242s
2000+0 records in
2000+0 records out
2097152000 bytes (2.1 GB) copied, 5.0271 s, 417 MB/s
0dd74775419ada42017a0fdf21eccf94  -

real	0m5.030s
user	0m4.680s
sys	0m1.158s
2000+0 records in
2000+0 records out
2097152000 bytes (2.1 GB) copied, 5.02898 s, 417 MB/s
0dd74775419ada42017a0fdf21eccf94  -

real	0m5.032s
user	0m4.678s
sys	0m1.183s
2000+0 records in
2000+0 records out
2097152000 bytes (2.1 GB) copied, 5.06574 s, 414 MB/s
0dd74775419ada42017a0fdf21eccf94  -

real	0m5.069s
user	0m4.693s
sys	0m1.240s
