1000+0 records in
1000+0 records out
1048576000 bytes (1.0 GB) copied, 2.52494 s, 415 MB/s
3c84e34b319946f6531a2c4559f588a8  -

real	0m2.527s
user	0m2.329s
sys	0m0.632s
1000+0 records in
1000+0 records out
1048576000 bytes (1.0 GB) copied, 2.51603 s, 417 MB/s
3c84e34b319946f6531a2c4559f588a8  -

real	0m2.519s
user	0m2.356s
sys	0m0.588s
1000+0 records in
1000+0 records out
1048576000 bytes (1.0 GB) copied3c84e34b319946f6531a2c4559f588a8  -
, 2.65562 s, 395 MB/s

real	0m2.658s
user	0m2.362s
sys	0m0.726s
1000+0 records in
1000+0 records out
1048576000 bytes (1.0 GB) copied, 2.52325 s, 416 MB/s
3c84e34b319946f6531a2c4559f588a8  -

real	0m2.526s
user	0m2.347s
sys	0m0.601s
1000+0 records in
1000+0 records out
1048576000 bytes (1.0 GB) copied, 2.52687 s, 415 MB/s
3c84e34b319946f6531a2c4559f588a8  -

real	0m2.530s
user	0m2.321s
sys	0m0.634s
1000+0 records in
1000+0 records out
1048576000 bytes (1.0 GB) copied, 2.53842 s, 413 MB/s
3c84e34b319946f6531a2c4559f588a8  -

real	0m2.541s
user	0m2.346s
sys	0m0.615s
1000+0 records in
1000+0 records out
1048576000 bytes (1.0 GB) copied, 2.5172 s, 417 MB/s
3c84e34b319946f6531a2c4559f588a8  -

real	0m2.520s
user	0m2.339s
sys	0m0.583s
1000+0 records in
1000+0 records out
1048576000 bytes (1.0 GB) copied, 2.51838 s, 416 MB/s
3c84e34b319946f6531a2c4559f588a8  -

real	0m2.521s
user	0m2.332s
sys	0m0.609s
1000+0 records in
1000+0 records out
1048576000 bytes (1.0 GB) copied, 2.52658 s, 415 MB/s
3c84e34b319946f6531a2c4559f588a8  -

real	0m2.529s
user	0m2.348s
sys	0m0.601s
1000+0 records in
1000+0 records out
1048576000 bytes (1.0 GB) copied, 2.51552 s, 417 MB/s
3c84e34b319946f6531a2c4559f588a8  -

real	0m2.518s
user	0m2.334s
sys	0m0.592s
1000+0 records in
1000+0 records out
1048576000 bytes (1.0 GB) copied, 2.66296 s, 394 MB/s
3c84e34b319946f6531a2c4559f588a8  -

real	0m2.666s
user	0m2.344s
sys	0m0.754s
1000+0 records in
1000+0 records out
1048576000 bytes (1.0 GB) copied, 2.52401 s, 415 MB/s
3c84e34b319946f6531a2c4559f588a8  -

real	0m2.527s
user	0m2.331s
sys	0m0.632s
1000+0 records in
1000+0 records out
1048576000 bytes (1.0 GB) copied, 2.52767 s, 415 MB/s
3c84e34b319946f6531a2c4559f588a8  -

real	0m2.531s
user	0m2.349s
sys	0m0.633s
1000+0 records in
1000+0 records out
1048576000 bytes (1.0 GB) copied, 2.50826 s, 418 MB/s
3c84e34b319946f6531a2c4559f588a8  -

real	0m2.511s
user	0m2.327s
sys	0m0.601s
1000+0 records in
1000+0 records out
1048576000 bytes (1.0 GB) copied, 2.51985 s, 416 MB/s
3c84e34b319946f6531a2c4559f588a8  -

real	0m2.523s
user	0m2.343s
sys	0m0.606s
1000+0 records in
1000+0 records out
1048576000 bytes (1.0 GB) copied, 2.51181 s, 417 MB/s
3c84e34b319946f6531a2c4559f588a8  -

real	0m2.515s
user	0m2.336s
sys	0m0.574s
1000+0 records in
1000+0 records out
1048576000 bytes (1.0 GB) copied, 2.51394 s, 417 MB/s
3c84e34b319946f6531a2c4559f588a8  -

real	0m2.517s
user	0m2.357s
sys	0m0.577s
1000+0 records in
1000+0 records out
1048576000 bytes (1.0 GB) copied, 2.51363 s, 417 MB/s
3c84e34b319946f6531a2c4559f588a8  -

real	0m2.516s
user	0m2.348s
sys	0m0.571s
1000+0 records in
1000+0 records out
1048576000 bytes (1.0 GB) copied, 2.51781 s, 416 MB/s
3c84e34b319946f6531a2c4559f588a8  -

real	0m2.521s
user	0m2.339s
sys	0m0.598s
1000+0 records in
1000+0 records out
1048576000 bytes (1.0 GB) copied, 2.5177 s, 416 MB/s
3c84e34b319946f6531a2c4559f588a8  -

real	0m2.521s
user	0m2.356s
sys	0m0.577s
1000+0 records in
1000+0 records out
1048576000 bytes (1.0 GB) copied, 2.52033 s, 416 MB/s
3c84e34b319946f6531a2c4559f588a8  -

real	0m2.523s
user	0m2.354s
sys	0m0.608s
1000+0 records in
1000+0 records out
1048576000 bytes (1.0 GB) copied, 2.52509 s, 415 MB/s
3c84e34b319946f6531a2c4559f588a8  -

real	0m2.528s
user	0m2.354s
sys	0m0.612s
1000+0 records in
1000+0 records out
1048576000 bytes (1.0 GB) copied, 2.5203 s, 416 MB/s
3c84e34b319946f6531a2c4559f588a8  -

real	0m2.523s
user	0m2.347s
sys	0m0.609s
1000+0 records in
1000+0 records out
1048576000 bytes (1.0 GB) copied, 2.51636 s, 417 MB/s
3c84e34b319946f6531a2c4559f588a8  -

real	0m2.519s
user	0m2.340s
sys	0m0.605s
1000+0 records in
1000+0 records out
1048576000 bytes (1.0 GB) copied, 2.514 s, 417 MB/s
3c84e34b319946f6531a2c4559f588a8  -

real	0m2.517s
user	0m2.340s
sys	0m0.585s
1000+0 records in
1000+0 records out
1048576000 bytes (1.0 GB) copied, 2.52571 s, 415 MB/s
3c84e34b319946f6531a2c4559f588a8  -

real	0m2.529s
user	0m2.350s
sys	0m0.608s
1000+0 records in
1000+0 records out
1048576000 bytes (1.0 GB) copied, 2.51065 s, 418 MB/s
3c84e34b319946f6531a2c4559f588a8  -

real	0m2.513s
user	0m2.335s
sys	0m0.594s
1000+0 records in
1000+0 records out
1048576000 bytes (1.0 GB) copied, 2.50816 s, 418 MB/s
3c84e34b319946f6531a2c4559f588a8  -

real	0m2.511s
user	0m2.341s
sys	0m0.580s
1000+0 records in
1000+0 records out
1048576000 bytes (1.0 GB) copied, 2.52514 s, 415 MB/s
3c84e34b319946f6531a2c4559f588a8  -

real	0m2.528s
user	0m2.324s
sys	0m0.632s
1000+0 records in
1000+0 records out
1048576000 bytes (1.0 GB) copied, 2.52802 s, 415 MB/s
3c84e34b319946f6531a2c4559f588a8  -

real	0m2.531s
user	0m2.344s
sys	0m0.603s
1000+0 records in
1000+0 records out
1048576000 bytes (1.0 GB) copied, 2.51117 s, 418 MB/s
3c84e34b319946f6531a2c4559f588a8  -

real	0m2.514s
user	0m2.354s
sys	0m0.579s
1000+0 records in
1000+0 records out
1048576000 bytes (1.0 GB) copied, 2.66042 s, 394 MB/s
3c84e34b319946f6531a2c4559f588a8  -

real	0m2.663s
user	0m2.337s
sys	0m0.759s
1000+0 records in
1000+0 records out
1048576000 bytes (1.0 GB) copied, 2.52659 s, 415 MB/s
3c84e34b319946f6531a2c4559f588a8  -

real	0m2.530s
user	0m2.349s
sys	0m0.608s
1000+0 records in
1000+0 records out
1048576000 bytes (1.0 GB) copied, 2.52181 s, 416 MB/s
3c84e34b319946f6531a2c4559f588a8  -

real	0m2.525s
user	0m2.336s
sys	0m0.607s
1000+0 records in
1000+0 records out
1048576000 bytes (1.0 GB) copied, 2.51553 s, 417 MB/s
3c84e34b319946f6531a2c4559f588a8  -

real	0m2.518s
user	0m2.356s
sys	0m0.575s
1000+0 records in
1000+0 records out
1048576000 bytes (1.0 GB) copied, 2.58276 s, 406 MB/s
3c84e34b319946f6531a2c4559f588a8  -

real	0m2.586s
user	0m2.353s
sys	0m0.668s
1000+0 records in
1000+0 records out
1048576000 bytes (1.0 GB) copied, 2.52045 s, 416 MB/s
3c84e34b319946f6531a2c4559f588a8  -

real	0m2.523s
user	0m2.318s
sys	0m0.625s
1000+0 records in
1000+0 records out
1048576000 bytes (1.0 GB) copied, 2.52126 s, 416 MB/s
3c84e34b319946f6531a2c4559f588a8  -

real	0m2.524s
user	0m2.354s
sys	0m0.615s
1000+0 records in
1000+0 records out
1048576000 bytes (1.0 GB) copied, 2.514 s, 417 MB/s
3c84e34b319946f6531a2c4559f588a8  -

real	0m2.517s
user	0m2.347s
sys	0m0.569s
1000+0 records in
1000+0 records out
1048576000 bytes (1.0 GB) copied, 2.5194 s, 416 MB/s
3c84e34b319946f6531a2c4559f588a8  -

real	0m2.522s
user	0m2.327s
sys	0m0.611s
1000+0 records in
1000+0 records out
1048576000 bytes (1.0 GB) copied, 2.64808 s, 396 MB/s
3c84e34b319946f6531a2c4559f588a8  -

real	0m2.651s
user	0m2.348s
sys	0m0.711s
1000+0 records in
1000+0 records out
1048576000 bytes (1.0 GB) copied, 2.52274 s, 416 MB/s
3c84e34b319946f6531a2c4559f588a8  -

real	0m2.526s
user	0m2.333s
sys	0m0.633s
1000+0 records in
1000+0 records out
1048576000 bytes (1.0 GB) copied, 2.51543 s, 417 MB/s
3c84e34b319946f6531a2c4559f588a8  -

real	0m2.518s
user	0m2.348s
sys	0m0.592s
1000+0 records in
1000+0 records out
1048576000 bytes (1.0 GB) copied, 2.517 s, 417 MB/s
3c84e34b319946f6531a2c4559f588a8  -

real	0m2.520s
user	0m2.341s
sys	0m0.604s
1000+0 records in
1000+0 records out
1048576000 bytes (1.0 GB) copied, 2.51825 s, 416 MB/s
3c84e34b319946f6531a2c4559f588a8  -

real	0m2.521s
user	0m2.373s
sys	0m0.552s
1000+0 records in
1000+0 records out
1048576000 bytes (1.0 GB) copied, 2.5165 s, 417 MB/s
3c84e34b319946f6531a2c4559f588a8  -

real	0m2.519s
user	0m2.358s
sys	0m0.580s
1000+0 records in
1000+0 records out
1048576000 bytes (1.0 GB) copied, 2.51317 s, 417 MB/s
3c84e34b319946f6531a2c4559f588a8  -

real	0m2.516s
user	0m2.327s
sys	0m0.601s
1000+0 records in
1000+0 records out
1048576000 bytes (1.0 GB) copied, 2.52543 s, 415 MB/s
3c84e34b319946f6531a2c4559f588a8  -

real	0m2.528s
user	0m2.336s
sys	0m0.620s
1000+0 records in
1000+0 records out
1048576000 bytes (1.0 GB) copied, 2.52765 s, 415 MB/s
3c84e34b319946f6531a2c4559f588a8  -

real	0m2.532s
user	0m2.363s
sys	0m0.617s
1000+0 records in
1000+0 records out
1048576000 bytes (1.0 GB) copied, 2.52721 s, 415 MB/s
3c84e34b319946f6531a2c4559f588a8  -

real	0m2.530s
user	0m2.351s
sys	0m0.607s
1000+0 records in
1000+0 records out
1048576000 bytes (1.0 GB) copied, 2.5225 s, 416 MB/s
3c84e34b319946f6531a2c4559f588a8  -

real	0m2.525s
user	0m2.354s
sys	0m0.595s
1000+0 records in
1000+0 records out
1048576000 bytes (1.0 GB) copied, 2.52697 s, 415 MB/s
3c84e34b319946f6531a2c4559f588a8  -

real	0m2.530s
user	0m2.339s
sys	0m0.623s
1000+0 records in
1000+0 records out
1048576000 bytes (1.0 GB) copied, 2.51628 s, 417 MB/s
3c84e34b319946f6531a2c4559f588a8  -

real	0m2.519s
user	0m2.358s
sys	0m0.593s
1000+0 records in
1000+0 records out
1048576000 bytes (1.0 GB) copied, 2.51432 s, 417 MB/s
3c84e34b319946f6531a2c4559f588a8  -

real	0m2.517s
user	0m2.346s
sys	0m0.603s
1000+0 records in
1000+0 records out
1048576000 bytes (1.0 GB) copied, 2.5136 s, 417 MB/s
3c84e34b319946f6531a2c4559f588a8  -

real	0m2.516s
user	0m2.340s
sys	0m0.581s
1000+0 records in
1000+0 records out
1048576000 bytes (1.0 GB) copied, 2.52314 s, 416 MB/s
3c84e34b319946f6531a2c4559f588a8  -

real	0m2.526s
user	0m2.330s
sys	0m0.625s
1000+0 records in
1000+0 records out
1048576000 bytes (1.0 GB) copied, 2.5226 s, 416 MB/s
3c84e34b319946f6531a2c4559f588a8  -

real	0m2.525s
user	0m2.344s
sys	0m0.611s
1000+0 records in
1000+0 records out
1048576000 bytes (1.0 GB) copied, 2.51202 s, 417 MB/s
3c84e34b319946f6531a2c4559f588a8  -

real	0m2.515s
user	0m2.328s
sys	0m0.581s
1000+0 records in
1000+0 records out
1048576000 bytes (1.0 GB) copied, 2.52326 s, 416 MB/s
3c84e34b319946f6531a2c4559f588a8  -

real	0m2.526s
user	0m2.358s
sys	0m0.606s
1000+0 records in
1000+0 records out
1048576000 bytes (1.0 GB) copied, 2.52099 s, 416 MB/s
3c84e34b319946f6531a2c4559f588a8  -

real	0m2.524s
user	0m2.338s
sys	0m0.606s
1000+0 records in
1000+0 records out
1048576000 bytes (1.0 GB) copied, 2.51467 s, 417 MB/s
3c84e34b319946f6531a2c4559f588a8  -

real	0m2.517s
user	0m2.319s
sys	0m0.647s
1000+0 records in
1000+0 records out
1048576000 bytes (1.0 GB) copied, 2.52399 s, 415 MB/s
3c84e34b319946f6531a2c4559f588a8  -

real	0m2.527s
user	0m2.341s
sys	0m0.600s
1000+0 records in
1000+0 records out
1048576000 bytes (1.0 GB) copied, 2.50985 s, 418 MB/s
3c84e34b319946f6531a2c4559f588a8  -

real	0m2.513s
user	0m2.317s
sys	0m0.604s
1000+0 records in
1000+0 records out
1048576000 bytes (1.0 GB) copied, 2.52706 s, 415 MB/s
3c84e34b319946f6531a2c4559f588a8  -

real	0m2.530s
user	0m2.344s
sys	0m0.629s
1000+0 records in
1000+0 records out
1048576000 bytes (1.0 GB) copied, 2.51447 s, 417 MB/s
3c84e34b319946f6531a2c4559f588a8  -

real	0m2.517s
user	0m2.345s
sys	0m0.580s
1000+0 records in
1000+0 records out
1048576000 bytes (1.0 GB) copied, 2.53212 s, 414 MB/s
3c84e34b319946f6531a2c4559f588a8  -

real	0m2.535s
user	0m2.360s
sys	0m0.623s
1000+0 records in
1000+0 records out
1048576000 bytes (1.0 GB) copied, 2.52192 s, 416 MB/s
3c84e34b319946f6531a2c4559f588a8  -

real	0m2.525s
user	0m2.349s
sys	0m0.597s
1000+0 records in
1000+0 records out
1048576000 bytes (1.0 GB) copied, 2.52372 s, 415 MB/s
3c84e34b319946f6531a2c4559f588a8  -

real	0m2.527s
user	0m2.339s
sys	0m0.620s
1000+0 records in
1000+0 records out
1048576000 bytes (1.0 GB) copied, 2.5216 s, 416 MB/s
3c84e34b319946f6531a2c4559f588a8  -

real	0m2.524s
user	0m2.353s
sys	0m0.589s
1000+0 records in
1000+0 records out
1048576000 bytes (1.0 GB) copied, 2.52388 s, 415 MB/s
3c84e34b319946f6531a2c4559f588a8  -

real	0m2.527s
user	0m2.339s
sys	0m0.626s
1000+0 records in
1000+0 records out
1048576000 bytes (1.0 GB) copied, 2.51479 s, 417 MB/s
3c84e34b319946f6531a2c4559f588a8  -

real	0m2.518s
user	0m2.359s
sys	0m0.575s
1000+0 records in
1000+0 records out
1048576000 bytes (1.0 GB) copied, 2.51795 s, 416 MB/s
3c84e34b319946f6531a2c4559f588a8  -

real	0m2.521s
user	0m2.374s
sys	0m0.566s
1000+0 records in
1000+0 records out
1048576000 bytes (1.0 GB) copied, 2.51204 s, 417 MB/s
3c84e34b319946f6531a2c4559f588a8  -

real	0m2.515s
user	0m2.349s
sys	0m0.562s
1000+0 records in
1000+0 records out
1048576000 bytes (1.0 GB) copied, 2.52995 s, 414 MB/s
3c84e34b319946f6531a2c4559f588a8  -

real	0m2.533s
user	0m2.327s
sys	0m0.660s
1000+0 records in
1000+0 records out
1048576000 bytes (1.0 GB) copied, 2.51315 s, 417 MB/s
3c84e34b319946f6531a2c4559f588a8  -

real	0m2.516s
user	0m2.346s
sys	0m0.580s
1000+0 records in
1000+0 records out
1048576000 bytes (1.0 GB) copied, 2.52701 s, 415 MB/s
3c84e34b319946f6531a2c4559f588a8  -

real	0m2.530s
user	0m2.355s
sys	0m0.605s
1000+0 records in
1000+0 records out
1048576000 bytes (1.0 GB) copied, 2.52565 s, 415 MB/s
3c84e34b319946f6531a2c4559f588a8  -

real	0m2.528s
user	0m2.341s
sys	0m0.622s
1000+0 records in
1000+0 records out
1048576000 bytes (1.0 GB) copied, 2.51725 s, 417 MB/s
3c84e34b319946f6531a2c4559f588a8  -

real	0m2.520s
user	0m2.353s
sys	0m0.593s
1000+0 records in
1000+0 records out
1048576000 bytes (1.0 GB) copied, 2.5226 s, 416 MB/s
3c84e34b319946f6531a2c4559f588a8  -

real	0m2.526s
user	0m2.340s
sys	0m0.610s
1000+0 records in
1000+0 records out
1048576000 bytes (1.0 GB) copied, 2.5228 s, 416 MB/s
3c84e34b319946f6531a2c4559f588a8  -

real	0m2.526s
user	0m2.345s
sys	0m0.616s
1000+0 records in
1000+0 records out
1048576000 bytes (1.0 GB) copied, 2.51425 s, 417 MB/s
3c84e34b319946f6531a2c4559f588a8  -

real	0m2.517s
user	0m2.350s
sys	0m0.575s
1000+0 records in
1000+0 records out
1048576000 bytes (1.0 GB) copied, 2.51411 s, 417 MB/s
3c84e34b319946f6531a2c4559f588a8  -

real	0m2.517s
user	0m2.326s
sys	0m0.603s
1000+0 records in
1000+0 records out
1048576000 bytes (1.0 GB) copied, 2.50973 s, 418 MB/s
3c84e34b319946f6531a2c4559f588a8  -

real	0m2.512s
user	0m2.352s
sys	0m0.571s
1000+0 records in
1000+0 records out
1048576000 bytes (1.0 GB) copied, 2.51407 s, 417 MB/s
3c84e34b319946f6531a2c4559f588a8  -

real	0m2.517s
user	0m2.331s
sys	0m0.602s
1000+0 records in
1000+0 records out
1048576000 bytes (1.0 GB) copied, 2.52934 s, 415 MB/s
3c84e34b319946f6531a2c4559f588a8  -

real	0m2.532s
user	0m2.336s
sys	0m0.634s
1000+0 records in
1000+0 records out
1048576000 bytes (1.0 GB) copied, 2.54659 s, 412 MB/s
3c84e34b319946f6531a2c4559f588a8  -

real	0m2.549s
user	0m2.347s
sys	0m0.631s
1000+0 records in
1000+0 records out
1048576000 bytes (1.0 GB) copied, 2.51578 s, 417 MB/s
3c84e34b319946f6531a2c4559f588a8  -

real	0m2.519s
user	0m2.342s
sys	0m0.598s
1000+0 records in
1000+0 records out
1048576000 bytes (1.0 GB) copied, 2.52123 s, 416 MB/s
3c84e34b319946f6531a2c4559f588a8  -

real	0m2.525s
user	0m2.345s
sys	0m0.603s
1000+0 records in
1000+0 records out
1048576000 bytes (1.0 GB) copied, 2.54454 s, 412 MB/s
3c84e34b319946f6531a2c4559f588a8  -

real	0m2.547s
user	0m2.394s
sys	0m0.594s
1000+0 records in
1000+0 records out
1048576000 bytes (1.0 GB) copied, 2.53209 s, 414 MB/s
3c84e34b319946f6531a2c4559f588a8  -

real	0m2.535s
user	0m2.336s
sys	0m0.636s
1000+0 records in
1000+0 records out
1048576000 bytes (1.0 GB) copied, 2.50987 s, 418 MB/s
3c84e34b319946f6531a2c4559f588a8  -

real	0m2.513s
user	0m2.347s
sys	0m0.570s
1000+0 records in
1000+0 records out
1048576000 bytes (1.0 GB) copied, 2.5366 s, 413 MB/s
3c84e34b319946f6531a2c4559f588a8  -

real	0m2.540s
user	0m2.332s
sys	0m0.657s
1000+0 records in
1000+0 records out
1048576000 bytes (1.0 GB) copied, 2.52707 s, 415 MB/s
3c84e34b319946f6531a2c4559f588a8  -

real	0m2.530s
user	0m2.348s
sys	0m0.603s
1000+0 records in
1000+0 records out
1048576000 bytes (1.0 GB) copied, 2.53608 s, 413 MB/s
3c84e34b319946f6531a2c4559f588a8  -

real	0m2.539s
user	0m2.342s
sys	0m0.634s
1000+0 records in
1000+0 records out
1048576000 bytes (1.0 GB) copied, 2.51818 s, 416 MB/s
3c84e34b319946f6531a2c4559f588a8  -

real	0m2.521s
user	0m2.333s
sys	0m0.609s
1000+0 records in
1000+0 records out
1048576000 bytes (1.0 GB) copied, 2.55308 s, 411 MB/s
3c84e34b319946f6531a2c4559f588a8  -

real	0m2.556s
user	0m2.364s
sys	0m0.632s
1000+0 records in
1000+0 records out
1048576000 bytes (1.0 GB) copied, 2.53439 s, 414 MB/s
3c84e34b319946f6531a2c4559f588a8  -

real	0m2.537s
user	0m2.365s
sys	0m0.611s
1000+0 records in
1000+0 records out
3c84e34b319946f6531a2c4559f588a8  -
1048576000 bytes (1.0 GB) copied, 2.54038 s, 413 MB/s

real	0m2.543s
user	0m2.372s
sys	0m0.619s
1000+0 records in
1000+0 records out
1048576000 bytes (1.0 GB) copied, 2.51366 s, 417 MB/s
3c84e34b319946f6531a2c4559f588a8  -

real	0m2.517s
user	0m2.344s
sys	0m0.586s
1000+0 records in
1000+0 records out
1048576000 bytes (1.0 GB) copied, 2.51418 s, 417 MB/s
3c84e34b319946f6531a2c4559f588a8  -

real	0m2.517s
user	0m2.353s
sys	0m0.570s
1000+0 records in
1000+0 records out
1048576000 bytes (1.0 GB) copied, 2.53196 s, 414 MB/s
3c84e34b319946f6531a2c4559f588a8  -

real	0m2.535s
user	0m2.342s
sys	0m0.631s
1000+0 records in
1000+0 records out
1048576000 bytes (1.0 GB) copied, 2.51288 s, 417 MB/s
3c84e34b319946f6531a2c4559f588a8  -

real	0m2.516s
user	0m2.342s
sys	0m0.575s
1000+0 records in
1000+0 records out
1048576000 bytes (1.0 GB) copied, 2.53163 s, 414 MB/s
3c84e34b319946f6531a2c4559f588a8  -

real	0m2.535s
user	0m2.336s
sys	0m0.641s
1000+0 records in
1000+0 records out
1048576000 bytes (1.0 GB) copied, 2.538 s, 413 MB/s
3c84e34b319946f6531a2c4559f588a8  -

real	0m2.541s
user	0m2.376s
sys	0m0.607s
1000+0 records in
1000+0 records out
1048576000 bytes (1.0 GB) copied, 2.51648 s, 417 MB/s
3c84e34b319946f6531a2c4559f588a8  -

real	0m2.520s
user	0m2.338s
sys	0m0.592s
1000+0 records in
1000+0 records out
1048576000 bytes (1.0 GB) copied, 2.52638 s, 415 MB/s
3c84e34b319946f6531a2c4559f588a8  -

real	0m2.529s
user	0m2.346s
sys	0m0.623s
1000+0 records in
1000+0 records out
1048576000 bytes (1.0 GB) copied, 2.51238 s, 417 MB/s
3c84e34b319946f6531a2c4559f588a8  -

real	0m2.515s
user	0m2.335s
sys	0m0.584s
1000+0 records in
1000+0 records out
1048576000 bytes (1.0 GB) copied, 2.53633 s, 413 MB/s
3c84e34b319946f6531a2c4559f588a8  -

real	0m2.539s
user	0m2.360s
sys	0m0.621s
1000+0 records in
1000+0 records out
1048576000 bytes (1.0 GB) copied, 2.54605 s, 412 MB/s
3c84e34b319946f6531a2c4559f588a8  -

real	0m2.549s
user	0m2.344s
sys	0m0.647s
1000+0 records in
1000+0 records out
1048576000 bytes (1.0 GB) copied, 2.53446 s, 414 MB/s
3c84e34b319946f6531a2c4559f588a8  -

real	0m2.538s
user	0m2.347s
sys	0m0.631s
1000+0 records in
1000+0 records out
1048576000 bytes (1.0 GB) copied, 2.56765 s, 408 MB/s
3c84e34b319946f6531a2c4559f588a8  -

real	0m2.570s
user	0m2.342s
sys	0m0.676s
1000+0 records in
1000+0 records out
1048576000 bytes (1.0 GB) copied, 2.53033 s, 414 MB/s
3c84e34b319946f6531a2c4559f588a8  -

real	0m2.533s
user	0m2.348s
sys	0m0.625s
1000+0 records in
1000+0 records out
1048576000 bytes (1.0 GB) copied, 2.52734 s, 415 MB/s
3c84e34b319946f6531a2c4559f588a8  -

real	0m2.530s
user	0m2.350s
sys	0m0.599s
1000+0 records in
1000+0 records out
1048576000 bytes (1.0 GB) copied, 2.52455 s, 415 MB/s
3c84e34b319946f6531a2c4559f588a8  -

real	0m2.528s
user	0m2.327s
sys	0m0.628s
1000+0 records in
1000+0 records out
1048576000 bytes (1.0 GB) copied, 2.51373 s, 417 MB/s
3c84e34b319946f6531a2c4559f588a8  -

real	0m2.517s
user	0m2.338s
sys	0m0.578s
1000+0 records in
1000+0 records out
1048576000 bytes (1.0 GB) copied, 2.51304 s, 417 MB/s
3c84e34b319946f6531a2c4559f588a8  -

real	0m2.516s
user	0m2.359s
sys	0m0.563s
1000+0 records in
1000+0 records out
1048576000 bytes (1.0 GB) copied, 2.51392 s, 417 MB/s
3c84e34b319946f6531a2c4559f588a8  -

real	0m2.517s
user	0m2.340s
sys	0m0.595s
1000+0 records in
1000+0 records out
1048576000 bytes (1.0 GB) copied, 2.513 s, 417 MB/s
3c84e34b319946f6531a2c4559f588a8  -

real	0m2.516s
user	0m2.323s
sys	0m0.613s
1000+0 records in
1000+0 records out
1048576000 bytes (1.0 GB) copied, 2.53567 s, 414 MB/s
3c84e34b319946f6531a2c4559f588a8  -

real	0m2.538s
user	0m2.363s
sys	0m0.618s
1000+0 records in
1000+0 records out
1048576000 bytes (1.0 GB) copied, 2.52534 s, 415 MB/s
3c84e34b319946f6531a2c4559f588a8  -

real	0m2.528s
user	0m2.344s
sys	0m0.623s
1000+0 records in
1000+0 records out
1048576000 bytes (1.0 GB) copied, 2.53305 s, 414 MB/s
3c84e34b319946f6531a2c4559f588a8  -

real	0m2.536s
user	0m2.319s
sys	0m0.660s
1000+0 records in
1000+0 records out
1048576000 bytes (1.0 GB) copied, 2.51311 s, 417 MB/s
3c84e34b319946f6531a2c4559f588a8  -

real	0m2.516s
user	0m2.333s
sys	0m0.604s
1000+0 records in
1000+0 records out
1048576000 bytes (1.0 GB) copied, 2.53644 s, 413 MB/s
3c84e34b319946f6531a2c4559f588a8  -

real	0m2.539s
user	0m2.350s
sys	0m0.628s
1000+0 records in
1000+0 records out
1048576000 bytes (1.0 GB) copied, 2.53031 s, 414 MB/s
3c84e34b319946f6531a2c4559f588a8  -

real	0m2.533s
user	0m2.328s
sys	0m0.650s
1000+0 records in
1000+0 records out
1048576000 bytes (1.0 GB) copied, 2.50975 s, 418 MB/s
3c84e34b319946f6531a2c4559f588a8  -

real	0m2.513s
user	0m2.327s
sys	0m0.598s
1000+0 records in
1000+0 records out
1048576000 bytes (1.0 GB) copied, 2.53122 s, 414 MB/s
3c84e34b319946f6531a2c4559f588a8  -

real	0m2.534s
user	0m2.358s
sys	0m0.611s
1000+0 records in
1000+0 records out
1048576000 bytes (1.0 GB) copied, 2.53425 s, 414 MB/s
3c84e34b319946f6531a2c4559f588a8  -

real	0m2.537s
user	0m2.374s
sys	0m0.608s
1000+0 records in
1000+0 records out
1048576000 bytes (1.0 GB) copied, 2.53554 s, 414 MB/s
3c84e34b319946f6531a2c4559f588a8  -

real	0m2.539s
user	0m2.353s
sys	0m0.620s
1000+0 records in
1000+0 records out
1048576000 bytes (1.0 GB) copied, 2.51317 s, 417 MB/s
3c84e34b319946f6531a2c4559f588a8  -

real	0m2.516s
user	0m2.329s
sys	0m0.594s
1000+0 records in
1000+0 records out
1048576000 bytes (1.0 GB) copied, 2.50862 s, 418 MB/s
3c84e34b319946f6531a2c4559f588a8  -

real	0m2.511s
user	0m2.348s
sys	0m0.576s
1000+0 records in
1000+0 records out
1048576000 bytes (1.0 GB) copied, 2.51238 s, 417 MB/s
3c84e34b319946f6531a2c4559f588a8  -

real	0m2.515s
user	0m2.344s
sys	0m0.590s
1000+0 records in
1000+0 records out
1048576000 bytes (1.0 GB) copied, 2.53397 s, 414 MB/s
3c84e34b319946f6531a2c4559f588a8  -

real	0m2.537s
user	0m2.321s
sys	0m0.660s
1000+0 records in
1000+0 records out
1048576000 bytes (1.0 GB) copied, 2.51856 s, 416 MB/s
3c84e34b319946f6531a2c4559f588a8  -

real	0m2.522s
user	0m2.326s
sys	0m0.634s
1000+0 records in
1000+0 records out
1048576000 bytes (1.0 GB) copied, 2.51853 s, 416 MB/s
3c84e34b319946f6531a2c4559f588a8  -

real	0m2.522s
user	0m2.325s
sys	0m0.614s
1000+0 records in
1000+0 records out
1048576000 bytes (1.0 GB) copied, 2.51435 s, 417 MB/s
3c84e34b319946f6531a2c4559f588a8  -

real	0m2.517s
user	0m2.338s
sys	0m0.596s
1000+0 records in
1000+0 records out
1048576000 bytes (1.0 GB) copied, 2.52908 s, 415 MB/s
3c84e34b319946f6531a2c4559f588a8  -

real	0m2.532s
user	0m2.343s
sys	0m0.625s
1000+0 records in
1000+0 records out
1048576000 bytes (1.0 GB) copied, 2.52935 s, 415 MB/s
3c84e34b319946f6531a2c4559f588a8  -

real	0m2.532s
user	0m2.338s
sys	0m0.629s
1000+0 records in
1000+0 records out
1048576000 bytes (1.0 GB) copied, 2.52857 s, 415 MB/s
3c84e34b319946f6531a2c4559f588a8  -

real	0m2.536s
user	0m2.347s
sys	0m0.624s
1000+0 records in
1000+0 records out
1048576000 bytes (1.0 GB) copied, 2.53231 s, 414 MB/s
3c84e34b319946f6531a2c4559f588a8  -

real	0m2.535s
user	0m2.334s
sys	0m0.645s
1000+0 records in
1000+0 records out
1048576000 bytes (1.0 GB) copied, 2.52539 s, 415 MB/s
3c84e34b319946f6531a2c4559f588a8  -

real	0m2.531s
user	0m2.339s
sys	0m0.628s
1000+0 records in
1000+0 records out
1048576000 bytes (1.0 GB) copied, 2.51259 s, 417 MB/s
3c84e34b319946f6531a2c4559f588a8  -

real	0m2.516s
user	0m2.337s
sys	0m0.602s
1000+0 records in
1000+0 records out
1048576000 bytes (1.0 GB) copied, 2.52897 s, 415 MB/s
3c84e34b319946f6531a2c4559f588a8  -

real	0m2.532s
user	0m2.358s
sys	0m0.616s
1000+0 records in
1000+0 records out
1048576000 bytes (1.0 GB) copied, 2.531 s, 414 MB/s
3c84e34b319946f6531a2c4559f588a8  -

real	0m2.534s
user	0m2.345s
sys	0m0.626s
1000+0 records in
1000+0 records out
1048576000 bytes (1.0 GB) copied, 2.53801 s, 413 MB/s
3c84e34b319946f6531a2c4559f588a8  -

real	0m2.541s
user	0m2.326s
sys	0m0.629s
1000+0 records in
1000+0 records out
1048576000 bytes (1.0 GB) copied, 2.52824 s, 415 MB/s
3c84e34b319946f6531a2c4559f588a8  -

real	0m2.537s
user	0m2.320s
sys	0m0.649s
1000+0 records in
1000+0 records out
1048576000 bytes (1.0 GB) copied, 2.51143 s, 418 MB/s
3c84e34b319946f6531a2c4559f588a8  -

real	0m2.521s
user	0m2.340s
sys	0m0.594s
1000+0 records in
1000+0 records out
1048576000 bytes (1.0 GB) copied, 2.53693 s, 413 MB/s
3c84e34b319946f6531a2c4559f588a8  -

real	0m2.540s
user	0m2.346s
sys	0m0.632s
1000+0 records in
1000+0 records out
1048576000 bytes (1.0 GB) copied, 2.52369 s, 415 MB/s
3c84e34b319946f6531a2c4559f588a8  -

real	0m2.526s
user	0m2.362s
sys	0m0.597s
1000+0 records in
1000+0 records out
1048576000 bytes (1.0 GB) copied, 2.52859 s, 415 MB/s
3c84e34b319946f6531a2c4559f588a8  -

real	0m2.532s
user	0m2.340s
sys	0m0.634s
1000+0 records in
1000+0 records out
1048576000 bytes (1.0 GB) copied, 2.52015 s, 416 MB/s
3c84e34b319946f6531a2c4559f588a8  -

real	0m2.523s
user	0m2.332s
sys	0m0.609s
1000+0 records in
1000+0 records out
1048576000 bytes (1.0 GB) copied, 2.52215 s, 416 MB/s
3c84e34b319946f6531a2c4559f588a8  -

real	0m2.525s
user	0m2.331s
sys	0m0.616s
1000+0 records in
1000+0 records out
1048576000 bytes (1.0 GB) copied, 2.51302 s, 417 MB/s
3c84e34b319946f6531a2c4559f588a8  -

real	0m2.516s
user	0m2.301s
sys	0m0.626s
1000+0 records in
1000+0 records out
1048576000 bytes (1.0 GB) copied, 2.53752 s, 413 MB/s
3c84e34b319946f6531a2c4559f588a8  -

real	0m2.541s
user	0m2.326s
sys	0m0.666s
1000+0 records in
1000+0 records out
1048576000 bytes (1.0 GB) copied, 2.52029 s, 416 MB/s
3c84e34b319946f6531a2c4559f588a8  -

real	0m2.523s
user	0m2.352s
sys	0m0.581s
1000+0 records in
1000+0 records out
1048576000 bytes (1.0 GB) copied, 2.51328 s, 417 MB/s
3c84e34b319946f6531a2c4559f588a8  -

real	0m2.516s
user	0m2.327s
sys	0m0.598s
1000+0 records in
1000+0 records out
1048576000 bytes (1.0 GB) copied, 2.5198 s, 416 MB/s
3c84e34b319946f6531a2c4559f588a8  -

real	0m2.523s
user	0m2.360s
sys	0m0.598s
1000+0 records in
1000+0 records out
1048576000 bytes (1.0 GB) copied, 2.54094 s, 413 MB/s
3c84e34b319946f6531a2c4559f588a8  -

real	0m2.544s
user	0m2.334s
sys	0m0.639s
1000+0 records in
1000+0 records out
1048576000 bytes (1.0 GB) copied, 2.52607 s, 415 MB/s
3c84e34b319946f6531a2c4559f588a8  -

real	0m2.529s
user	0m2.347s
sys	0m0.616s
1000+0 records in
1000+0 records out
1048576000 bytes (1.0 GB) copied, 2.52804 s, 415 MB/s
3c84e34b319946f6531a2c4559f588a8  -

real	0m2.531s
user	0m2.354s
sys	0m0.610s
1000+0 records in
1000+0 records out
1048576000 bytes (1.0 GB) copied, 2.51726 s, 417 MB/s
3c84e34b319946f6531a2c4559f588a8  -

real	0m2.520s
user	0m2.344s
sys	0m0.597s
1000+0 records in
1000+0 records out
1048576000 bytes (1.0 GB) copied, 2.52945 s, 415 MB/s
3c84e34b319946f6531a2c4559f588a8  -

real	0m2.533s
user	0m2.365s
sys	0m0.597s
1000+0 records in
1000+0 records out
1048576000 bytes (1.0 GB) copied, 2.52074 s, 416 MB/s
3c84e34b319946f6531a2c4559f588a8  -

real	0m2.524s
user	0m2.313s
sys	0m0.636s
1000+0 records in
1000+0 records out
1048576000 bytes (1.0 GB) copied, 2.51659 s, 417 MB/s
3c84e34b319946f6531a2c4559f588a8  -

real	0m2.520s
user	0m2.336s
sys	0m0.608s
1000+0 records in
1000+0 records out
1048576000 bytes (1.0 GB) copied, 2.53297 s, 414 MB/s
3c84e34b319946f6531a2c4559f588a8  -

real	0m2.536s
user	0m2.361s
sys	0m0.615s
1000+0 records in
1000+0 records out
1048576000 bytes (1.0 GB) copied, 2.51413 s, 417 MB/s
3c84e34b319946f6531a2c4559f588a8  -

real	0m2.517s
user	0m2.323s
sys	0m0.609s
1000+0 records in
1000+0 records out
1048576000 bytes (1.0 GB) copied, 2.52181 s, 416 MB/s
3c84e34b319946f6531a2c4559f588a8  -

real	0m2.525s
user	0m2.345s
sys	0m0.615s
1000+0 records in
1000+0 records out
1048576000 bytes (1.0 GB) copied, 2.52798 s, 415 MB/s
3c84e34b319946f6531a2c4559f588a8  -

real	0m2.531s
user	0m2.341s
sys	0m0.624s
1000+0 records in
1000+0 records out
1048576000 bytes (1.0 GB) copied, 2.55263 s, 411 MB/s
3c84e34b319946f6531a2c4559f588a8  -

real	0m2.556s
user	0m2.328s
sys	0m0.662s
1000+0 records in
1000+0 records out
1048576000 bytes (1.0 GB) copied, 2.5268 s, 415 MB/s
3c84e34b319946f6531a2c4559f588a8  -

real	0m2.529s
user	0m2.350s
sys	0m0.609s
1000+0 records in
1000+0 records out
1048576000 bytes (1.0 GB) copied, 2.52461 s, 415 MB/s
3c84e34b319946f6531a2c4559f588a8  -

real	0m2.528s
user	0m2.334s
sys	0m0.618s
1000+0 records in
1000+0 records out
1048576000 bytes (1.0 GB) copied, 2.53321 s, 414 MB/s
3c84e34b319946f6531a2c4559f588a8  -

real	0m2.536s
user	0m2.349s
sys	0m0.629s
1000+0 records in
1000+0 records out
1048576000 bytes (1.0 GB) copied, 2.51189 s, 417 MB/s
3c84e34b319946f6531a2c4559f588a8  -

real	0m2.515s
user	0m2.339s
sys	0m0.580s
1000+0 records in
1000+0 records out
1048576000 bytes (1.0 GB) copied, 2.52681 s, 415 MB/s
3c84e34b319946f6531a2c4559f588a8  -

real	0m2.530s
user	0m2.333s
sys	0m0.623s
1000+0 records in
1000+0 records out
1048576000 bytes (1.0 GB) copied, 2.52342 s, 416 MB/s
3c84e34b319946f6531a2c4559f588a8  -

real	0m2.527s
user	0m2.363s
sys	0m0.586s
1000+0 records in
1000+0 records out
1048576000 bytes (1.0 GB) copied, 2.5293 s, 415 MB/s
3c84e34b319946f6531a2c4559f588a8  -

real	0m2.533s
user	0m2.363s
sys	0m0.599s
1000+0 records in
1000+0 records out
1048576000 bytes (1.0 GB) copied, 2.52106 s, 416 MB/s
3c84e34b319946f6531a2c4559f588a8  -

real	0m2.524s
user	0m2.331s
sys	0m0.621s
1000+0 records in
1000+0 records out
1048576000 bytes (1.0 GB) copied, 2.5214 s, 416 MB/s
3c84e34b319946f6531a2c4559f588a8  -

real	0m2.525s
user	0m2.345s
sys	0m0.592s
1000+0 records in
1000+0 records out
1048576000 bytes (1.0 GB) copied, 2.52212 s, 416 MB/s
3c84e34b319946f6531a2c4559f588a8  -

real	0m2.525s
user	0m2.321s
sys	0m0.628s
1000+0 records in
1000+0 records out
1048576000 bytes (1.0 GB) copied, 2.52162 s, 416 MB/s
3c84e34b319946f6531a2c4559f588a8  -

real	0m2.525s
user	0m2.350s
sys	0m0.615s
1000+0 records in
1000+0 records out
1048576000 bytes (1.0 GB) copied, 2.52405 s, 415 MB/s
3c84e34b319946f6531a2c4559f588a8  -

real	0m2.527s
user	0m2.340s
sys	0m0.606s
1000+0 records in
1000+0 records out
1048576000 bytes (1.0 GB) copied, 2.53106 s, 414 MB/s
3c84e34b319946f6531a2c4559f588a8  -

real	0m2.534s
user	0m2.350s
sys	0m0.629s
1000+0 records in
1000+0 records out
1048576000 bytes (1.0 GB) copied, 2.54187 s, 413 MB/s
3c84e34b319946f6531a2c4559f588a8  -

real	0m2.545s
user	0m2.346s
sys	0m0.633s
1000+0 records in
1000+0 records out
1048576000 bytes (1.0 GB) copied, 2.53137 s, 414 MB/s
3c84e34b319946f6531a2c4559f588a8  -

real	0m2.534s
user	0m2.332s
sys	0m0.636s
1000+0 records in
1000+0 records out
1048576000 bytes (1.0 GB) copied, 2.52886 s, 415 MB/s
3c84e34b319946f6531a2c4559f588a8  -

real	0m2.532s
user	0m2.364s
sys	0m0.595s
1000+0 records in
1000+0 records out
1048576000 bytes (1.0 GB) copied, 2.53238 s, 414 MB/s
3c84e34b319946f6531a2c4559f588a8  -

real	0m2.535s
user	0m2.340s
sys	0m0.633s
1000+0 records in
1000+0 records out
1048576000 bytes (1.0 GB) copied, 2.51219 s, 417 MB/s
3c84e34b319946f6531a2c4559f588a8  -

real	0m2.515s
user	0m2.332s
sys	0m0.603s
1000+0 records in
1000+0 records out
1048576000 bytes (1.0 GB) copied, 2.51824 s, 416 MB/s
3c84e34b319946f6531a2c4559f588a8  -

real	0m2.521s
user	0m2.333s
sys	0m0.608s
1000+0 records in
1000+0 records out
1048576000 bytes (1.0 GB) copied, 2.53068 s, 414 MB/s
3c84e34b319946f6531a2c4559f588a8  -

real	0m2.533s
user	0m2.353s
sys	0m0.615s
1000+0 records in
1000+0 records out
1048576000 bytes (1.0 GB) copied, 2.5135 s, 417 MB/s
3c84e34b319946f6531a2c4559f588a8  -

real	0m2.517s
user	0m2.330s
sys	0m0.588s
1000+0 records in
1000+0 records out
1048576000 bytes (1.0 GB) copied, 2.52153 s, 416 MB/s
3c84e34b319946f6531a2c4559f588a8  -

real	0m2.524s
user	0m2.341s
sys	0m0.608s
1000+0 records in
1000+0 records out
1048576000 bytes (1.0 GB) copied, 2.52033 s, 416 MB/s
3c84e34b319946f6531a2c4559f588a8  -

real	0m2.523s
user	0m2.338s
sys	0m0.608s
1000+0 records in
1000+0 records out
1048576000 bytes (1.0 GB) copied, 2.53941 s, 413 MB/s
3c84e34b319946f6531a2c4559f588a8  -

real	0m2.543s
user	0m2.340s
sys	0m0.635s
1000+0 records in
1000+0 records out
1048576000 bytes (1.0 GB) copied, 2.52928 s, 415 MB/s
3c84e34b319946f6531a2c4559f588a8  -

real	0m2.532s
user	0m2.326s
sys	0m0.643s
1000+0 records in
1000+0 records out
1048576000 bytes (1.0 GB) copied, 2.51946 s, 416 MB/s
3c84e34b319946f6531a2c4559f588a8  -

real	0m2.523s
user	0m2.357s
sys	0m0.588s
1000+0 records in
1000+0 records out
1048576000 bytes (1.0 GB) copied3c84e34b319946f6531a2c4559f588a8  -
, 2.52234 s, 416 MB/s

real	0m2.525s
user	0m2.356s
sys	0m0.601s
1000+0 records in
1000+0 records out
1048576000 bytes (1.0 GB) copied, 2.52374 s, 415 MB/s
3c84e34b319946f6531a2c4559f588a8  -

real	0m2.527s
user	0m2.327s
sys	0m0.634s
1000+0 records in
1000+0 records out
1048576000 bytes (1.0 GB) copied, 2.51844 s, 416 MB/s
3c84e34b319946f6531a2c4559f588a8  -

real	0m2.521s
user	0m2.347s
sys	0m0.593s
1000+0 records in
1000+0 records out
1048576000 bytes (1.0 GB) copied, 2.52602 s, 415 MB/s
3c84e34b319946f6531a2c4559f588a8  -

real	0m2.529s
user	0m2.341s
sys	0m0.610s
1000+0 records in
1000+0 records out
1048576000 bytes (1.0 GB) copied, 2.51232 s, 417 MB/s
3c84e34b319946f6531a2c4559f588a8  -

real	0m2.515s
user	0m2.344s
sys	0m0.585s
1000+0 records in
1000+0 records out
1048576000 bytes (1.0 GB) copied, 2.52713 s, 415 MB/s
3c84e34b319946f6531a2c4559f588a8  -

real	0m2.530s
user	0m2.320s
sys	0m0.636s
