500+0 records in
500+0 records out
afbad591ee2b70ac94258fbc7fac3bf2  -
524288000 bytes (524 MB) copied, 0.983916 s, 533 MB/s

real	0m0.987s
user	0m0.889s
sys	0m0.273s
500+0 records in
500+0 records out
524288000 bytes (524 MB) copied, 0.994635 s, 527 MB/s
afbad591ee2b70ac94258fbc7fac3bf2  -

real	0m0.997s
user	0m0.932s
sys	0m0.241s
500+0 records in
500+0 records out
524288000 bytes (524 MB) copiedafbad591ee2b70ac94258fbc7fac3bf2  -
, 0.976199 s, 537 MB/s

real	0m0.979s
user	0m0.902s
sys	0m0.251s
500+0 records in
500+0 records out
524288000 bytes (524 MB) copied, 1.00557 s, 521 MB/s
afbad591ee2b70ac94258fbc7fac3bf2  -

real	0m1.008s
user	0m0.921s
sys	0m0.267s
500+0 records in
500+0 records out
524288000 bytes (524 MB) copied, 1.01103 s, 519 MB/s
afbad591ee2b70ac94258fbc7fac3bf2  -

real	0m1.014s
user	0m0.908s
sys	0m0.283s
500+0 records in
500+0 records out
524288000 bytes (524 MB) copied, 1.05557 s, 497 MB/s
afbad591ee2b70ac94258fbc7fac3bf2  -

real	0m1.058s
user	0m0.961s
sys	0m0.285s
500+0 records in
500+0 records out
524288000 bytes (524 MB) copied, 1.00679 s, 521 MB/s
afbad591ee2b70ac94258fbc7fac3bf2  -

real	0m1.009s
user	0m0.912s
sys	0m0.275s
500+0 records in
500+0 records out
524288000 bytes (524 MB) copied, 0.985968 s, 532 MB/s
afbad591ee2b70ac94258fbc7fac3bf2  -

real	0m0.989s
user	0m0.901s
sys	0m0.268s
500+0 records in
500+0 records out
524288000 bytes (524 MB) copied, 0.97133 s, 540 MB/s
afbad591ee2b70ac94258fbc7fac3bf2  -

real	0m0.974s
user	0m0.906s
sys	0m0.245s
500+0 records in
500+0 records out
524288000 bytes (524 MB) copied, 0.997026 s, 526 MB/s
afbad591ee2b70ac94258fbc7fac3bf2  -

real	0m1.000s
user	0m0.897s
sys	0m0.281s
500+0 records in
500+0 records out
524288000 bytes (524 MB) copied, 1.05361 s, 498 MB/s
afbad591ee2b70ac94258fbc7fac3bf2  -

real	0m1.057s
user	0m0.879s
sys	0m0.357s
500+0 records in
500+0 records out
afbad591ee2b70ac94258fbc7fac3bf2  -
524288000 bytes (524 MB) copied, 1.01266 s, 518 MB/s

real	0m1.016s
user	0m0.917s
sys	0m0.290s
500+0 records in
500+0 records out
524288000 bytes (524 MB) copied, 1.03705 s, 506 MB/s
afbad591ee2b70ac94258fbc7fac3bf2  -

real	0m1.043s
user	0m0.940s
sys	0m0.292s
500+0 records in
500+0 records out
524288000 bytes (524 MB) copied, 1.04874 s, 500 MB/s
afbad591ee2b70ac94258fbc7fac3bf2  -

real	0m1.053s
user	0m0.967s
sys	0m0.280s
500+0 records in
500+0 records out
524288000 bytes (524 MB) copied, 1.0754 s, 488 MB/s
afbad591ee2b70ac94258fbc7fac3bf2  -

real	0m1.079s
user	0m0.908s
sys	0m0.358s
500+0 records in
500+0 records out
524288000 bytes (524 MB) copied, 1.09663 s, 478 MB/s
afbad591ee2b70ac94258fbc7fac3bf2  -

real	0m1.100s
user	0m0.998s
sys	0m0.304s
500+0 records in
500+0 records out
524288000 bytes (524 MB) copied, 1.04331 s, 503 MB/s
afbad591ee2b70ac94258fbc7fac3bf2  -

real	0m1.046s
user	0m0.937s
sys	0m0.297s
500+0 records in
500+0 records out
524288000 bytes (524 MB) copied, 1.03493 s, 507 MB/s
afbad591ee2b70ac94258fbc7fac3bf2  -

real	0m1.038s
user	0m0.918s
sys	0m0.306s
500+0 records in
500+0 records out
524288000 bytes (524 MB) copied, 1.0301 s, 509 MB/s
afbad591ee2b70ac94258fbc7fac3bf2  -

real	0m1.032s
user	0m0.958s
sys	0m0.259s
500+0 records in
500+0 records out
524288000 bytes (524 MB) copied, 0.98683 s, 531 MB/s
afbad591ee2b70ac94258fbc7fac3bf2  -

real	0m0.990s
user	0m0.876s
sys	0m0.290s
500+0 records in
500+0 records out
524288000 bytes (524 MB) copied, 1.00265 s, 523 MB/s
afbad591ee2b70ac94258fbc7fac3bf2  -

real	0m1.006s
user	0m0.903s
sys	0m0.291s
500+0 records in
500+0 records out
524288000 bytes (524 MB) copied, 1.08431 s, 484 MB/s
afbad591ee2b70ac94258fbc7fac3bf2  -

real	0m1.087s
user	0m0.995s
sys	0m0.313s
500+0 records in
500+0 records out
524288000 bytes (524 MB) copied, 1.09369 s, 479 MB/s
afbad591ee2b70ac94258fbc7fac3bf2  -

real	0m1.097s
user	0m1.011s
sys	0m0.297s
500+0 records in
500+0 records out
524288000 bytes (524 MB) copied, 1.02268 s, 513 MB/s
afbad591ee2b70ac94258fbc7fac3bf2  -

real	0m1.026s
user	0m0.913s
sys	0m0.304s
500+0 records in
500+0 records out
524288000 bytes (524 MB) copied, 1.00321 s, 523 MB/s
afbad591ee2b70ac94258fbc7fac3bf2  -

real	0m1.006s
user	0m0.933s
sys	0m0.259s
500+0 records in
500+0 records out
524288000 bytes (524 MB) copied, 1.06614 s, 492 MB/s
afbad591ee2b70ac94258fbc7fac3bf2  -

real	0m1.069s
user	0m0.958s
sys	0m0.312s
500+0 records in
500+0 records out
524288000 bytes (524 MB) copied, 0.960733 s, 546 MB/s
afbad591ee2b70ac94258fbc7fac3bf2  -

real	0m0.964s
user	0m0.880s
sys	0m0.258s
500+0 records in
500+0 records out
afbad591ee2b70ac94258fbc7fac3bf2  -
524288000 bytes (524 MB) copied, 0.972707 s, 539 MB/s

real	0m0.975s
user	0m0.878s
sys	0m0.271s
500+0 records in
500+0 records out
524288000 bytes (524 MB) copied, 1.07262 s, 489 MB/s
afbad591ee2b70ac94258fbc7fac3bf2  -

real	0m1.075s
user	0m0.996s
sys	0m0.282s
500+0 records in
500+0 records out
524288000 bytes (524 MB) copied, 0.977875 s, 536 MB/s
afbad591ee2b70ac94258fbc7fac3bf2  -

real	0m0.980s
user	0m0.885s
sys	0m0.271s
500+0 records in
500+0 records out
afbad591ee2b70ac94258fbc7fac3bf2  -
524288000 bytes (524 MB) copied, 1.0528 s, 498 MB/s

real	0m1.056s
user	0m0.958s
sys	0m0.283s
500+0 records in
500+0 records out
524288000 bytes (524 MB) copied, 1.15135 s, 455 MB/s
afbad591ee2b70ac94258fbc7fac3bf2  -

real	0m1.154s
user	0m0.949s
sys	0m0.388s
500+0 records in
500+0 records out
524288000 bytes (524 MB) copied, 1.00584 s, 521 MB/s
afbad591ee2b70ac94258fbc7fac3bf2  -

real	0m1.009s
user	0m0.925s
sys	0m0.275s
500+0 records in
500+0 records out
524288000 bytes (524 MB) copied, 0.969049 s, 541 MB/s
afbad591ee2b70ac94258fbc7fac3bf2  -

real	0m0.972s
user	0m0.881s
sys	0m0.270s
500+0 records in
500+0 records out
524288000 bytes (524 MB) copied, 0.961501 s, 545 MB/s
afbad591ee2b70ac94258fbc7fac3bf2  -

real	0m0.967s
user	0m0.894s
sys	0m0.247s
500+0 records in
500+0 records out
524288000 bytes (524 MB) copied, 1.03047 s, 509 MB/s
afbad591ee2b70ac94258fbc7fac3bf2  -

real	0m1.034s
user	0m0.918s
sys	0m0.308s
500+0 records in
500+0 records out
524288000 bytes (524 MB) copied, 0.988576 s, 530 MB/s
afbad591ee2b70ac94258fbc7fac3bf2  -

real	0m0.992s
user	0m0.912s
sys	0m0.262s
500+0 records in
500+0 records out
524288000 bytes (524 MB) copied, 1.06358 s, 493 MB/s
afbad591ee2b70ac94258fbc7fac3bf2  -

real	0m1.067s
user	0m0.965s
sys	0m0.302s
500+0 records in
500+0 records out
524288000 bytes (524 MB) copied, 0.969838 s, 541 MB/s
afbad591ee2b70ac94258fbc7fac3bf2  -

real	0m0.973s
user	0m0.884s
sys	0m0.266s
500+0 records in
500+0 records out
524288000 bytes (524 MB) copied, 0.966194 s, 543 MB/s
afbad591ee2b70ac94258fbc7fac3bf2  -

real	0m0.969s
user	0m0.864s
sys	0m0.284s
