2000+0 records in
2000+0 records out
2097152000 bytes (2.1 GB) copied0dd74775419ada42017a0fdf21eccf94  -
, 3.92116 s, 535 MB/s

real	0m3.924s
user	0m3.576s
sys	0m1.047s
2000+0 records in
2000+0 records out
2097152000 bytes (2.1 GB) copied, 3.90327 s, 537 MB/s
0dd74775419ada42017a0fdf21eccf94  -

real	0m3.906s
user	0m3.550s
sys	0m1.044s
2000+0 records in
2000+0 records out
2097152000 bytes (2.1 GB) copied0dd74775419ada42017a0fdf21eccf94  -
, 3.96823 s, 528 MB/s

real	0m3.971s
user	0m3.621s
sys	0m1.060s
2000+0 records in
2000+0 records out
2097152000 bytes (2.1 GB) copied, 4.02965 s, 520 MB/s
0dd74775419ada42017a0fdf21eccf94  -

real	0m4.032s
user	0m3.714s
sys	0m1.035s
2000+0 records in
2000+0 records out
2097152000 bytes (2.1 GB) copied, 3.92776 s, 534 MB/s
0dd74775419ada42017a0fdf21eccf94  -

real	0m3.931s
user	0m3.624s
sys	0m1.015s
2000+0 records in
2000+0 records out
2097152000 bytes (2.1 GB) copied, 4.01786 s, 522 MB/s
0dd74775419ada42017a0fdf21eccf94  -

real	0m4.020s
user	0m3.724s
sys	0m0.992s
2000+0 records in
2000+0 records out
2097152000 bytes (2.1 GB) copied, 3.99508 s, 525 MB/s
0dd74775419ada42017a0fdf21eccf94  -

real	0m3.998s
user	0m3.718s
sys	0m0.988s
2000+0 records in
2000+0 records out
2097152000 bytes (2.1 GB) copied, 4.11543 s, 510 MB/s
0dd74775419ada42017a0fdf21eccf94  -

real	0m4.118s
user	0m3.744s
sys	0m1.123s
2000+0 records in
2000+0 records out
2097152000 bytes (2.1 GB) copied, 4.15704 s, 504 MB/s
0dd74775419ada42017a0fdf21eccf94  -

real	0m4.160s
user	0m3.804s
sys	0m1.117s
2000+0 records in
2000+0 records out
2097152000 bytes (2.1 GB) copied, 3.86627 s, 542 MB/s
0dd74775419ada42017a0fdf21eccf94  -

real	0m3.869s
user	0m3.582s
sys	0m0.991s
2000+0 records in
2000+0 records out
2097152000 bytes (2.1 GB) copied, 3.95032 s, 531 MB/s
0dd74775419ada42017a0fdf21eccf94  -

real	0m3.953s
user	0m3.588s
sys	0m1.071s
2000+0 records in
2000+0 records out
2097152000 bytes (2.1 GB) copied, 4.17583 s, 502 MB/s
0dd74775419ada42017a0fdf21eccf94  -

real	0m4.178s
user	0m3.805s
sys	0m1.145s
2000+0 records in
2000+0 records out
2097152000 bytes (2.1 GB) copied, 3.93021 s, 534 MB/s
0dd74775419ada42017a0fdf21eccf94  -

real	0m3.933s
user	0m3.565s
sys	0m1.069s
2000+0 records in
2000+0 records out
2097152000 bytes (2.1 GB) copied, 4.29466 s, 488 MB/s
0dd74775419ada42017a0fdf21eccf94  -

real	0m4.297s
user	0m3.749s
sys	0m1.295s
2000+0 records in
2000+0 records out
2097152000 bytes (2.1 GB) copied, 3.97617 s, 527 MB/s
0dd74775419ada42017a0fdf21eccf94  -

real	0m3.979s
user	0m3.597s
sys	0m1.089s
2000+0 records in
2000+0 records out
2097152000 bytes (2.1 GB) copied, 3.90971 s, 536 MB/s
0dd74775419ada42017a0fdf21eccf94  -

real	0m3.912s
user	0m3.567s
sys	0m1.042s
2000+0 records in
2000+0 records out
2097152000 bytes (2.1 GB) copied, 3.90143 s, 538 MB/s
0dd74775419ada42017a0fdf21eccf94  -

real	0m3.904s
user	0m3.570s
sys	0m1.028s
2000+0 records in
2000+0 records out
2097152000 bytes (2.1 GB) copied, 3.89974 s, 538 MB/s
0dd74775419ada42017a0fdf21eccf94  -

real	0m3.902s
user	0m3.551s
sys	0m1.058s
2000+0 records in
2000+0 records out
2097152000 bytes (2.1 GB) copied, 3.89831 s, 538 MB/s
0dd74775419ada42017a0fdf21eccf94  -

real	0m3.901s
user	0m3.562s
sys	0m1.034s
2000+0 records in
2000+0 records out
2097152000 bytes (2.1 GB) copied, 3.92074 s, 535 MB/s
0dd74775419ada42017a0fdf21eccf94  -

real	0m3.923s
user	0m3.558s
sys	0m1.050s
2000+0 records in
2000+0 records out
2097152000 bytes (2.1 GB) copied, 3.83569 s, 547 MB/s
0dd74775419ada42017a0fdf21eccf94  -

real	0m3.838s
user	0m3.547s
sys	0m0.979s
2000+0 records in
2000+0 records out
2097152000 bytes (2.1 GB) copied, 3.8037 s, 551 MB/s
0dd74775419ada42017a0fdf21eccf94  -

real	0m3.806s
user	0m3.506s
sys	0m0.985s
2000+0 records in
2000+0 records out
2097152000 bytes (2.1 GB) copied, 3.84723 s, 545 MB/s
0dd74775419ada42017a0fdf21eccf94  -

real	0m3.850s
user	0m3.570s
sys	0m0.976s
2000+0 records in
2000+0 records out
2097152000 bytes (2.1 GB) copied, 3.8699 s, 542 MB/s
0dd74775419ada42017a0fdf21eccf94  -

real	0m3.873s
user	0m3.512s
sys	0m1.069s
2000+0 records in
2000+0 records out
2097152000 bytes (2.1 GB) copied, 3.87174 s, 542 MB/s
0dd74775419ada42017a0fdf21eccf94  -

real	0m3.875s
user	0m3.563s
sys	0m1.011s
2000+0 records in
2000+0 records out
2097152000 bytes (2.1 GB) copied, 3.90487 s, 537 MB/s
0dd74775419ada42017a0fdf21eccf94  -

real	0m3.907s
user	0m3.566s
sys	0m1.048s
2000+0 records in
2000+0 records out
2097152000 bytes (2.1 GB) copied, 3.88664 s, 540 MB/s
0dd74775419ada42017a0fdf21eccf94  -

real	0m3.893s
user	0m3.534s
sys	0m1.047s
2000+0 records in
2000+0 records out
2097152000 bytes (2.1 GB) copied, 3.87897 s, 541 MB/s
0dd74775419ada42017a0fdf21eccf94  -

real	0m3.881s
user	0m3.567s
sys	0m1.010s
2000+0 records in
2000+0 records out
2097152000 bytes (2.1 GB) copied, 4.43352 s, 473 MB/s
0dd74775419ada42017a0fdf21eccf94  -

real	0m4.436s
user	0m3.855s
sys	0m1.341s
2000+0 records in
2000+0 records out
2097152000 bytes (2.1 GB) copied, 3.85426 s, 544 MB/s
0dd74775419ada42017a0fdf21eccf94  -

real	0m3.861s
user	0m3.542s
sys	0m1.012s
2000+0 records in
2000+0 records out
2097152000 bytes (2.1 GB) copied, 3.87105 s, 542 MB/s
0dd74775419ada42017a0fdf21eccf94  -

real	0m3.874s
user	0m3.589s
sys	0m0.977s
2000+0 records in
2000+0 records out
2097152000 bytes (2.1 GB) copied, 3.84679 s, 545 MB/s
0dd74775419ada42017a0fdf21eccf94  -

real	0m3.850s
user	0m3.517s
sys	0m1.020s
2000+0 records in
2000+0 records out
2097152000 bytes (2.1 GB) copied, 3.85039 s, 545 MB/s
0dd74775419ada42017a0fdf21eccf94  -

real	0m3.853s
user	0m3.593s
sys	0m0.958s
2000+0 records in
2000+0 records out
2097152000 bytes (2.1 GB) copied, 3.86977 s, 542 MB/s
0dd74775419ada42017a0fdf21eccf94  -

real	0m3.876s
user	0m3.561s
sys	0m1.002s
2000+0 records in
2000+0 records out
2097152000 bytes (2.1 GB) copied, 3.85015 s, 545 MB/s
0dd74775419ada42017a0fdf21eccf94  -

real	0m3.853s
user	0m3.526s
sys	0m1.017s
2000+0 records in
2000+0 records out
2097152000 bytes (2.1 GB) copied, 3.91035 s, 536 MB/s
0dd74775419ada42017a0fdf21eccf94  -

real	0m3.913s
user	0m3.613s
sys	0m1.003s
2000+0 records in
2000+0 records out
2097152000 bytes (2.1 GB) copied, 4.08271 s, 514 MB/s
0dd74775419ada42017a0fdf21eccf94  -

real	0m4.086s
user	0m3.742s
sys	0m1.090s
2000+0 records in
2000+0 records out
2097152000 bytes (2.1 GB) copied, 4.1459 s, 506 MB/s
0dd74775419ada42017a0fdf21eccf94  -

real	0m4.149s
user	0m3.801s
sys	0m1.074s
2000+0 records in
2000+0 records out
2097152000 bytes (2.1 GB) copied, 4.07133 s, 515 MB/s
0dd74775419ada42017a0fdf21eccf94  -

real	0m4.074s
user	0m3.754s
sys	0m1.071s
2000+0 records in
2000+0 records out
2097152000 bytes (2.1 GB) copied, 3.94692 s, 531 MB/s
0dd74775419ada42017a0fdf21eccf94  -

real	0m3.950s
user	0m3.607s
sys	0m1.051s
2000+0 records in
2000+0 records out
2097152000 bytes (2.1 GB) copied, 4.06923 s, 515 MB/s
0dd74775419ada42017a0fdf21eccf94  -

real	0m4.072s
user	0m3.735s
sys	0m1.055s
2000+0 records in
2000+0 records out
2097152000 bytes (2.1 GB) copied, 4.0801 s, 514 MB/s
0dd74775419ada42017a0fdf21eccf94  -

real	0m4.083s
user	0m3.751s
sys	0m1.083s
2000+0 records in
2000+0 records out
2097152000 bytes (2.1 GB) copied, 4.11382 s, 510 MB/s
0dd74775419ada42017a0fdf21eccf94  -

real	0m4.117s
user	0m3.764s
sys	0m1.076s
2000+0 records in
2000+0 records out
2097152000 bytes (2.1 GB) copied, 4.08441 s, 513 MB/s
0dd74775419ada42017a0fdf21eccf94  -

real	0m4.088s
user	0m3.744s
sys	0m1.079s
2000+0 records in
2000+0 records out
2097152000 bytes (2.1 GB) copied, 3.84375 s, 546 MB/s
0dd74775419ada42017a0fdf21eccf94  -

real	0m3.848s
user	0m3.516s
sys	0m1.023s
2000+0 records in
2000+0 records out
2097152000 bytes (2.1 GB) copied, 4.0279 s, 521 MB/s
0dd74775419ada42017a0fdf21eccf94  -

real	0m4.031s
user	0m3.661s
sys	0m1.095s
2000+0 records in
2000+0 records out
2097152000 bytes (2.1 GB) copied, 3.99825 s, 525 MB/s
0dd74775419ada42017a0fdf21eccf94  -

real	0m4.004s
user	0m3.697s
sys	0m1.030s
2000+0 records in
2000+0 records out
2097152000 bytes (2.1 GB) copied, 4.06444 s, 516 MB/s
0dd74775419ada42017a0fdf21eccf94  -

real	0m4.067s
user	0m3.740s
sys	0m1.061s
2000+0 records in
2000+0 records out
2097152000 bytes (2.1 GB) copied, 3.82183 s, 549 MB/s
0dd74775419ada42017a0fdf21eccf94  -

real	0m3.826s
user	0m3.503s
sys	0m1.016s
2000+0 records in
2000+0 records out
2097152000 bytes (2.1 GB) copied, 4.02148 s, 521 MB/s
0dd74775419ada42017a0fdf21eccf94  -

real	0m4.024s
user	0m3.705s
sys	0m1.047s
