500+0 records in
500+0 records out
524288000 bytes (524 MB) copiedafbad591ee2b70ac94258fbc7fac3bf2  -
, 0.980653 s, 535 MB/s

real	0m0.983s
user	0m0.897s
sys	0m0.264s
500+0 records in
500+0 records out
524288000 bytes (524 MB) copied, 0.969639 s, 541 MB/s
afbad591ee2b70ac94258fbc7fac3bf2  -

real	0m0.972s
user	0m0.895s
sys	0m0.251s
500+0 records in
500+0 records out
524288000 bytes (524 MB) copiedafbad591ee2b70ac94258fbc7fac3bf2  -
, 1.00548 s, 521 MB/s

real	0m1.008s
user	0m0.915s
sys	0m0.276s
500+0 records in
500+0 records out
524288000 bytes (524 MB) copied, 0.972845 s, 539 MB/s
afbad591ee2b70ac94258fbc7fac3bf2  -

real	0m0.975s
user	0m0.872s
sys	0m0.277s
500+0 records in
500+0 records out
524288000 bytes (524 MB) copied, 1.02621 s, 511 MB/s
afbad591ee2b70ac94258fbc7fac3bf2  -

real	0m1.029s
user	0m0.947s
sys	0m0.274s
500+0 records in
500+0 records out
524288000 bytes (524 MB) copied, 1.04126 s, 504 MB/s
afbad591ee2b70ac94258fbc7fac3bf2  -

real	0m1.044s
user	0m0.946s
sys	0m0.293s
500+0 records in
500+0 records out
524288000 bytes (524 MB) copied, 0.996521 s, 526 MB/s
afbad591ee2b70ac94258fbc7fac3bf2  -

real	0m0.999s
user	0m0.905s
sys	0m0.272s
500+0 records in
500+0 records out
524288000 bytes (524 MB) copied, 0.975222 s, 538 MB/s
afbad591ee2b70ac94258fbc7fac3bf2  -

real	0m0.978s
user	0m0.901s
sys	0m0.251s
500+0 records in
500+0 records out
524288000 bytes (524 MB) copied, 0.97249 s, 539 MB/s
afbad591ee2b70ac94258fbc7fac3bf2  -

real	0m0.975s
user	0m0.891s
sys	0m0.258s
500+0 records in
500+0 records out
524288000 bytes (524 MB) copied, 0.97708 s, 537 MB/s
afbad591ee2b70ac94258fbc7fac3bf2  -

real	0m0.980s
user	0m0.908s
sys	0m0.247s
500+0 records in
500+0 records out
524288000 bytes (524 MB) copied, 0.968884 s, 541 MB/s
afbad591ee2b70ac94258fbc7fac3bf2  -

real	0m0.972s
user	0m0.894s
sys	0m0.251s
500+0 records in
500+0 records out
524288000 bytes (524 MB) copied, 1.07591 s, 487 MB/s
afbad591ee2b70ac94258fbc7fac3bf2  -

real	0m1.079s
user	0m0.994s
sys	0m0.282s
500+0 records in
500+0 records out
524288000 bytes (524 MB) copied, 1.0356 s, 506 MB/s
afbad591ee2b70ac94258fbc7fac3bf2  -

real	0m1.038s
user	0m0.941s
sys	0m0.283s
500+0 records in
500+0 records out
524288000 bytes (524 MB) copied, 1.02003 s, 514 MB/s
afbad591ee2b70ac94258fbc7fac3bf2  -

real	0m1.023s
user	0m0.926s
sys	0m0.282s
500+0 records in
500+0 records out
524288000 bytes (524 MB) copied, 1.03195 s, 508 MB/s
afbad591ee2b70ac94258fbc7fac3bf2  -

real	0m1.035s
user	0m0.946s
sys	0m0.270s
500+0 records in
500+0 records out
524288000 bytes (524 MB) copied, 1.03187 s, 508 MB/s
afbad591ee2b70ac94258fbc7fac3bf2  -

real	0m1.035s
user	0m0.946s
sys	0m0.281s
500+0 records in
500+0 records out
524288000 bytes (524 MB) copied, 1.0192 s, 514 MB/s
afbad591ee2b70ac94258fbc7fac3bf2  -

real	0m1.022s
user	0m0.927s
sys	0m0.277s
500+0 records in
500+0 records out
524288000 bytes (524 MB) copied, 1.03906 s, 505 MB/s
afbad591ee2b70ac94258fbc7fac3bf2  -

real	0m1.042s
user	0m0.947s
sys	0m0.288s
500+0 records in
500+0 records out
524288000 bytes (524 MB) copied, 1.04157 s, 503 MB/s
afbad591ee2b70ac94258fbc7fac3bf2  -

real	0m1.044s
user	0m0.958s
sys	0m0.276s
500+0 records in
500+0 records out
524288000 bytes (524 MB) copied, 1.07803 s, 486 MB/s
afbad591ee2b70ac94258fbc7fac3bf2  -

real	0m1.081s
user	0m0.990s
sys	0m0.289s
500+0 records in
500+0 records out
524288000 bytes (524 MB) copied, 1.03859 s, 505 MB/s
afbad591ee2b70ac94258fbc7fac3bf2  -

real	0m1.041s
user	0m0.937s
sys	0m0.298s
500+0 records in
500+0 records out
524288000 bytes (524 MB) copied, 1.04828 s, 500 MB/s
afbad591ee2b70ac94258fbc7fac3bf2  -

real	0m1.051s
user	0m0.952s
sys	0m0.291s
500+0 records in
500+0 records out
524288000 bytes (524 MB) copied, 1.02762 s, 510 MB/s
afbad591ee2b70ac94258fbc7fac3bf2  -

real	0m1.030s
user	0m0.939s
sys	0m0.279s
500+0 records in
500+0 records out
524288000 bytes (524 MB) copied, 1.02853 s, 510 MB/s
afbad591ee2b70ac94258fbc7fac3bf2  -

real	0m1.031s
user	0m0.951s
sys	0m0.269s
500+0 records in
500+0 records out
524288000 bytes (524 MB) copied, 1.00546 s, 521 MB/s
afbad591ee2b70ac94258fbc7fac3bf2  -

real	0m1.008s
user	0m0.933s
sys	0m0.256s
500+0 records in
500+0 records out
524288000 bytes (524 MB) copied, 1.03855 s, 505 MB/s
afbad591ee2b70ac94258fbc7fac3bf2  -

real	0m1.041s
user	0m0.911s
sys	0m0.317s
500+0 records in
500+0 records out
524288000 bytes (524 MB) copied, 1.02171 s, 513 MB/s
afbad591ee2b70ac94258fbc7fac3bf2  -

real	0m1.024s
user	0m0.940s
sys	0m0.281s
500+0 records in
500+0 records out
524288000 bytes (524 MB) copied, 1.07031 s, 490 MB/s
afbad591ee2b70ac94258fbc7fac3bf2  -

real	0m1.073s
user	0m0.992s
sys	0m0.281s
500+0 records in
500+0 records out
524288000 bytes (524 MB) copied, 1.02759 s, 510 MB/s
afbad591ee2b70ac94258fbc7fac3bf2  -

real	0m1.030s
user	0m0.932s
sys	0m0.285s
500+0 records in
500+0 records out
524288000 bytes (524 MB) copied, 1.0287 s, 510 MB/s
afbad591ee2b70ac94258fbc7fac3bf2  -

real	0m1.031s
user	0m0.960s
sys	0m0.260s
500+0 records in
500+0 records out
524288000 bytes (524 MB) copied, 1.05182 s, 498 MB/s
afbad591ee2b70ac94258fbc7fac3bf2  -

real	0m1.055s
user	0m0.986s
sys	0m0.264s
500+0 records in
500+0 records out
524288000 bytes (524 MB) copied, 1.04665 s, 501 MB/s
afbad591ee2b70ac94258fbc7fac3bf2  -

real	0m1.049s
user	0m0.963s
sys	0m0.280s
500+0 records in
500+0 records out
524288000 bytes (524 MB) copied, 0.973398 s, 539 MB/s
afbad591ee2b70ac94258fbc7fac3bf2  -

real	0m0.976s
user	0m0.893s
sys	0m0.258s
500+0 records in
500+0 records out
524288000 bytes (524 MB) copied, 1.05783 s, 496 MB/s
afbad591ee2b70ac94258fbc7fac3bf2  -

real	0m1.061s
user	0m0.978s
sys	0m0.283s
500+0 records in
500+0 records out
524288000 bytes (524 MB) copied, 1.01662 s, 516 MB/s
afbad591ee2b70ac94258fbc7fac3bf2  -

real	0m1.019s
user	0m0.918s
sys	0m0.291s
500+0 records in
500+0 records out
524288000 bytes (524 MB) copied, 0.967211 s, 542 MB/s
afbad591ee2b70ac94258fbc7fac3bf2  -

real	0m0.970s
user	0m0.886s
sys	0m0.257s
500+0 records in
500+0 records out
524288000 bytes (524 MB) copied, 1.05342 s, 498 MB/s
afbad591ee2b70ac94258fbc7fac3bf2  -

real	0m1.056s
user	0m0.975s
sys	0m0.274s
500+0 records in
500+0 records out
524288000 bytes (524 MB) copied, 0.979173 s, 535 MB/s
afbad591ee2b70ac94258fbc7fac3bf2  -

real	0m0.982s
user	0m0.859s
sys	0m0.302s
500+0 records in
500+0 records out
524288000 bytes (524 MB) copied, 0.988452 s, 530 MB/s
afbad591ee2b70ac94258fbc7fac3bf2  -

real	0m0.991s
user	0m0.895s
sys	0m0.277s
500+0 records in
500+0 records out
524288000 bytes (524 MB) copied, 1.0006 s, 524 MB/s
afbad591ee2b70ac94258fbc7fac3bf2  -

real	0m1.003s
user	0m0.928s
sys	0m0.253s
500+0 records in
500+0 records out
afbad591ee2b70ac94258fbc7fac3bf2  -
524288000 bytes (524 MB) copied, 0.991824 s, 529 MB/s

real	0m0.994s
user	0m0.904s
sys	0m0.276s
500+0 records in
500+0 records out
524288000 bytes (524 MB) copied, 0.970417 s, 540 MB/s
afbad591ee2b70ac94258fbc7fac3bf2  -

real	0m0.973s
user	0m0.874s
sys	0m0.272s
500+0 records in
500+0 records out
524288000 bytes (524 MB) copied, 0.986132 s, 532 MB/s
afbad591ee2b70ac94258fbc7fac3bf2  -

real	0m0.989s
user	0m0.894s
sys	0m0.277s
500+0 records in
500+0 records out
524288000 bytes (524 MB) copied, 0.96942 s, 541 MB/s
afbad591ee2b70ac94258fbc7fac3bf2  -

real	0m0.972s
user	0m0.898s
sys	0m0.247s
500+0 records in
500+0 records out
524288000 bytes (524 MB) copied, 1.01049 s, 519 MB/s
afbad591ee2b70ac94258fbc7fac3bf2  -

real	0m1.013s
user	0m0.934s
sys	0m0.258s
500+0 records in
500+0 records out
524288000 bytes (524 MB) copied, 0.990523 s, 529 MB/s
afbad591ee2b70ac94258fbc7fac3bf2  -

real	0m0.993s
user	0m0.910s
sys	0m0.259s
500+0 records in
500+0 records out
524288000 bytes (524 MB) copied, 1.04229 s, 503 MB/s
afbad591ee2b70ac94258fbc7fac3bf2  -

real	0m1.045s
user	0m0.976s
sys	0m0.258s
500+0 records in
500+0 records out
524288000 bytes (524 MB) copied, 1.03422 s, 507 MB/s
afbad591ee2b70ac94258fbc7fac3bf2  -

real	0m1.037s
user	0m0.875s
sys	0m0.331s
500+0 records in
500+0 records out
524288000 bytes (524 MB) copied, 1.05559 s, 497 MB/s
afbad591ee2b70ac94258fbc7fac3bf2  -

real	0m1.058s
user	0m0.957s
sys	0m0.298s
500+0 records in
500+0 records out
524288000 bytes (524 MB) copiedafbad591ee2b70ac94258fbc7fac3bf2  -
, 1.02628 s, 511 MB/s

real	0m1.029s
user	0m0.942s
sys	0m0.273s
500+0 records in
500+0 records out
524288000 bytes (524 MB) copied, 1.03768 s, 505 MB/s
afbad591ee2b70ac94258fbc7fac3bf2  -

real	0m1.040s
user	0m0.950s
sys	0m0.279s
500+0 records in
500+0 records out
524288000 bytes (524 MB) copied, 1.03605 s, 506 MB/s
afbad591ee2b70ac94258fbc7fac3bf2  -

real	0m1.039s
user	0m0.953s
sys	0m0.276s
500+0 records in
500+0 records out
524288000 bytes (524 MB) copied, 1.03136 s, 508 MB/s
afbad591ee2b70ac94258fbc7fac3bf2  -

real	0m1.034s
user	0m0.942s
sys	0m0.281s
500+0 records in
500+0 records out
524288000 bytes (524 MB) copied, 1.07509 s, 488 MB/s
afbad591ee2b70ac94258fbc7fac3bf2  -

real	0m1.078s
user	0m0.965s
sys	0m0.300s
500+0 records in
500+0 records out
524288000 bytes (524 MB) copied, 1.04904 s, 500 MB/s
afbad591ee2b70ac94258fbc7fac3bf2  -

real	0m1.052s
user	0m0.966s
sys	0m0.281s
500+0 records in
500+0 records out
524288000 bytes (524 MB) copied, 1.02826 s, 510 MB/s
afbad591ee2b70ac94258fbc7fac3bf2  -

real	0m1.031s
user	0m0.922s
sys	0m0.295s
500+0 records in
500+0 records out
524288000 bytes (524 MB) copied, 1.02309 s, 512 MB/s
afbad591ee2b70ac94258fbc7fac3bf2  -

real	0m1.026s
user	0m0.951s
sys	0m0.253s
500+0 records in
500+0 records out
524288000 bytes (524 MB) copied, 1.04684 s, 501 MB/s
afbad591ee2b70ac94258fbc7fac3bf2  -

real	0m1.050s
user	0m0.951s
sys	0m0.294s
500+0 records in
500+0 records out
524288000 bytes (524 MB) copied, 1.0297 s, 509 MB/s
afbad591ee2b70ac94258fbc7fac3bf2  -

real	0m1.033s
user	0m0.956s
sys	0m0.265s
500+0 records in
500+0 records out
524288000 bytes (524 MB) copied, 1.0432 s, 503 MB/s
afbad591ee2b70ac94258fbc7fac3bf2  -

real	0m1.046s
user	0m0.965s
sys	0m0.266s
500+0 records in
500+0 records out
524288000 bytes (524 MB) copied, 1.01963 s, 514 MB/s
afbad591ee2b70ac94258fbc7fac3bf2  -

real	0m1.022s
user	0m0.936s
sys	0m0.265s
500+0 records in
500+0 records out
524288000 bytes (524 MB) copied, 1.02151 s, 513 MB/s
afbad591ee2b70ac94258fbc7fac3bf2  -

real	0m1.024s
user	0m0.954s
sys	0m0.252s
500+0 records in
500+0 records out
524288000 bytes (524 MB) copied, 1.12926 s, 464 MB/s
afbad591ee2b70ac94258fbc7fac3bf2  -

real	0m1.132s
user	0m0.933s
sys	0m0.380s
500+0 records in
500+0 records out
524288000 bytes (524 MB) copied, 1.00262 s, 523 MB/s
afbad591ee2b70ac94258fbc7fac3bf2  -

real	0m1.005s
user	0m0.932s
sys	0m0.253s
500+0 records in
500+0 records out
524288000 bytes (524 MB) copied, 1.02527 s, 511 MB/s
afbad591ee2b70ac94258fbc7fac3bf2  -

real	0m1.028s
user	0m0.935s
sys	0m0.273s
500+0 records in
500+0 records out
524288000 bytes (524 MB) copied, 1.0453 s, 502 MB/s
afbad591ee2b70ac94258fbc7fac3bf2  -

real	0m1.048s
user	0m0.984s
sys	0m0.275s
500+0 records in
500+0 records out
524288000 bytes (524 MB) copied, 1.03765 s, 505 MB/s
afbad591ee2b70ac94258fbc7fac3bf2  -

real	0m1.040s
user	0m0.895s
sys	0m0.317s
500+0 records in
500+0 records out
524288000 bytes (524 MB) copied, 1.03163 s, 508 MB/s
afbad591ee2b70ac94258fbc7fac3bf2  -

real	0m1.034s
user	0m0.939s
sys	0m0.288s
500+0 records in
500+0 records out
524288000 bytes (524 MB) copied, 1.01251 s, 518 MB/s
afbad591ee2b70ac94258fbc7fac3bf2  -

real	0m1.015s
user	0m0.942s
sys	0m0.251s
500+0 records in
500+0 records out
524288000 bytes (524 MB) copied, 1.05054 s, 499 MB/s
afbad591ee2b70ac94258fbc7fac3bf2  -

real	0m1.053s
user	0m0.876s
sys	0m0.349s
500+0 records in
500+0 records out
524288000 bytes (524 MB) copied, 1.09717 s, 478 MB/s
afbad591ee2b70ac94258fbc7fac3bf2  -

real	0m1.100s
user	0m0.955s
sys	0m0.325s
500+0 records in
500+0 records out
524288000 bytes (524 MB) copied, 1.03101 s, 509 MB/s
afbad591ee2b70ac94258fbc7fac3bf2  -

real	0m1.034s
user	0m0.935s
sys	0m0.290s
500+0 records in
500+0 records out
524288000 bytes (524 MB) copied, 1.04558 s, 501 MB/s
afbad591ee2b70ac94258fbc7fac3bf2  -

real	0m1.048s
user	0m0.949s
sys	0m0.289s
500+0 records in
500+0 records out
524288000 bytes (524 MB) copied, 1.04806 s, 500 MB/s
afbad591ee2b70ac94258fbc7fac3bf2  -

real	0m1.051s
user	0m0.971s
sys	0m0.271s
500+0 records in
500+0 records out
524288000 bytes (524 MB) copied, 1.05757 s, 496 MB/s
afbad591ee2b70ac94258fbc7fac3bf2  -

real	0m1.060s
user	0m0.895s
sys	0m0.343s
500+0 records in
500+0 records out
524288000 bytes (524 MB) copied, 1.00359 s, 522 MB/s
afbad591ee2b70ac94258fbc7fac3bf2  -

real	0m1.006s
user	0m0.923s
sys	0m0.267s
500+0 records in
500+0 records out
524288000 bytes (524 MB) copied, 1.02959 s, 509 MB/s
afbad591ee2b70ac94258fbc7fac3bf2  -

real	0m1.034s
user	0m0.942s
sys	0m0.279s
500+0 records in
500+0 records out
524288000 bytes (524 MB) copied, 1.00774 s, 520 MB/s
afbad591ee2b70ac94258fbc7fac3bf2  -

real	0m1.011s
user	0m0.907s
sys	0m0.284s
500+0 records in
500+0 records out
524288000 bytes (524 MB) copied, 1.0554 s, 497 MB/s
afbad591ee2b70ac94258fbc7fac3bf2  -

real	0m1.058s
user	0m0.976s
sys	0m0.283s
500+0 records in
500+0 records out
524288000 bytes (524 MB) copied, 1.05167 s, 499 MB/s
afbad591ee2b70ac94258fbc7fac3bf2  -

real	0m1.055s
user	0m0.949s
sys	0m0.298s
500+0 records in
500+0 records out
524288000 bytes (524 MB) copied, 1.03021 s, 509 MB/s
afbad591ee2b70ac94258fbc7fac3bf2  -

real	0m1.033s
user	0m0.958s
sys	0m0.266s
500+0 records in
500+0 records out
524288000 bytes (524 MB) copied, 1.09203 s, 480 MB/s
afbad591ee2b70ac94258fbc7fac3bf2  -

real	0m1.095s
user	0m0.940s
sys	0m0.346s
500+0 records in
500+0 records out
524288000 bytes (524 MB) copied, 1.02885 s, 510 MB/s
afbad591ee2b70ac94258fbc7fac3bf2  -

real	0m1.031s
user	0m0.950s
sys	0m0.270s
500+0 records in
500+0 records out
524288000 bytes (524 MB) copied, 1.01252 s, 518 MB/s
afbad591ee2b70ac94258fbc7fac3bf2  -

real	0m1.015s
user	0m0.932s
sys	0m0.273s
500+0 records in
500+0 records out
524288000 bytes (524 MB) copied, 1.04997 s, 499 MB/s
afbad591ee2b70ac94258fbc7fac3bf2  -

real	0m1.052s
user	0m0.951s
sys	0m0.297s
500+0 records in
500+0 records out
524288000 bytes (524 MB) copied, 1.01994 s, 514 MB/s
afbad591ee2b70ac94258fbc7fac3bf2  -

real	0m1.023s
user	0m0.952s
sys	0m0.263s
500+0 records in
500+0 records out
524288000 bytes (524 MB) copied, 1.02635 s, 511 MB/s
afbad591ee2b70ac94258fbc7fac3bf2  -

real	0m1.029s
user	0m0.935s
sys	0m0.277s
500+0 records in
500+0 records out
524288000 bytes (524 MB) copied, 1.03574 s, 506 MB/s
afbad591ee2b70ac94258fbc7fac3bf2  -

real	0m1.039s
user	0m0.938s
sys	0m0.289s
500+0 records in
500+0 records out
524288000 bytes (524 MB) copied, 1.02811 s, 510 MB/s
afbad591ee2b70ac94258fbc7fac3bf2  -

real	0m1.031s
user	0m0.957s
sys	0m0.262s
500+0 records in
500+0 records out
524288000 bytes (524 MB) copied, 1.02794 s, 510 MB/s
afbad591ee2b70ac94258fbc7fac3bf2  -

real	0m1.030s
user	0m0.971s
sys	0m0.248s
500+0 records in
500+0 records out
524288000 bytes (524 MB) copied, 1.04372 s, 502 MB/s
afbad591ee2b70ac94258fbc7fac3bf2  -

real	0m1.046s
user	0m0.972s
sys	0m0.267s
500+0 records in
500+0 records out
524288000 bytes (524 MB) copied, 1.00925 s, 519 MB/s
afbad591ee2b70ac94258fbc7fac3bf2  -

real	0m1.012s
user	0m0.941s
sys	0m0.258s
500+0 records in
500+0 records out
524288000 bytes (524 MB) copied, 1.02102 s, 513 MB/s
afbad591ee2b70ac94258fbc7fac3bf2  -

real	0m1.024s
user	0m0.941s
sys	0m0.273s
500+0 records in
500+0 records out
524288000 bytes (524 MB) copied, 1.05076 s, 499 MB/s
afbad591ee2b70ac94258fbc7fac3bf2  -

real	0m1.054s
user	0m0.953s
sys	0m0.294s
500+0 records in
500+0 records out
524288000 bytes (524 MB) copied, 1.06348 s, 493 MB/s
afbad591ee2b70ac94258fbc7fac3bf2  -

real	0m1.066s
user	0m0.994s
sys	0m0.264s
500+0 records in
500+0 records out
524288000 bytes (524 MB) copied, 1.01441 s, 517 MB/s
afbad591ee2b70ac94258fbc7fac3bf2  -

real	0m1.017s
user	0m0.933s
sys	0m0.273s
500+0 records in
500+0 records out
524288000 bytes (524 MB) copied, 1.0304 s, 509 MB/s
afbad591ee2b70ac94258fbc7fac3bf2  -

real	0m1.033s
user	0m0.943s
sys	0m0.280s
500+0 records in
500+0 records out
524288000 bytes (524 MB) copied, 1.01693 s, 516 MB/s
afbad591ee2b70ac94258fbc7fac3bf2  -

real	0m1.019s
user	0m0.926s
sys	0m0.281s
500+0 records in
500+0 records out
524288000 bytes (524 MB) copied, 1.04615 s, 501 MB/s
afbad591ee2b70ac94258fbc7fac3bf2  -

real	0m1.050s
user	0m0.962s
sys	0m0.277s
500+0 records in
500+0 records out
524288000 bytes (524 MB) copied, 1.05357 s, 498 MB/s
afbad591ee2b70ac94258fbc7fac3bf2  -

real	0m1.056s
user	0m0.969s
sys	0m0.279s
500+0 records in
500+0 records out
524288000 bytes (524 MB) copied, 1.05108 s, 499 MB/s
afbad591ee2b70ac94258fbc7fac3bf2  -

real	0m1.054s
user	0m0.906s
sys	0m0.330s
500+0 records in
500+0 records out
524288000 bytes (524 MB) copied, 1.00702 s, 521 MB/s
afbad591ee2b70ac94258fbc7fac3bf2  -

real	0m1.010s
user	0m0.928s
sys	0m0.265s
500+0 records in
500+0 records out
524288000 bytes (524 MB) copied, 1.04587 s, 501 MB/s
afbad591ee2b70ac94258fbc7fac3bf2  -

real	0m1.048s
user	0m0.967s
sys	0m0.276s
500+0 records in
500+0 records out
524288000 bytes (524 MB) copied, 1.05112 s, 499 MB/s
afbad591ee2b70ac94258fbc7fac3bf2  -

real	0m1.053s
user	0m0.960s
sys	0m0.289s
500+0 records in
500+0 records out
524288000 bytes (524 MB) copied, 1.05335 s, 498 MB/s
afbad591ee2b70ac94258fbc7fac3bf2  -

real	0m1.056s
user	0m0.969s
sys	0m0.274s
500+0 records in
500+0 records out
524288000 bytes (524 MB) copied, 1.05385 s, 497 MB/s
afbad591ee2b70ac94258fbc7fac3bf2  -

real	0m1.057s
user	0m0.974s
sys	0m0.278s
500+0 records in
500+0 records out
524288000 bytes (524 MB) copied, 1.04976 s, 499 MB/s
afbad591ee2b70ac94258fbc7fac3bf2  -

real	0m1.053s
user	0m0.959s
sys	0m0.279s
500+0 records in
500+0 records out
524288000 bytes (524 MB) copied, 1.09962 s, 477 MB/s
afbad591ee2b70ac94258fbc7fac3bf2  -

real	0m1.102s
user	0m1.014s
sys	0m0.287s
500+0 records in
500+0 records out
524288000 bytes (524 MB) copied, 0.990255 s, 529 MB/s
afbad591ee2b70ac94258fbc7fac3bf2  -

real	0m0.993s
user	0m0.899s
sys	0m0.273s
500+0 records in
500+0 records out
524288000 bytes (524 MB) copied, 0.968997 s, 541 MB/s
afbad591ee2b70ac94258fbc7fac3bf2  -

real	0m0.972s
user	0m0.903s
sys	0m0.243s
500+0 records in
500+0 records out
524288000 bytes (524 MB) copied, 1.15071 s, 456 MB/s
afbad591ee2b70ac94258fbc7fac3bf2  -

real	0m1.153s
user	0m1.026s
sys	0m0.335s
500+0 records in
500+0 records out
524288000 bytes (524 MB) copied, 0.992775 s, 528 MB/s
afbad591ee2b70ac94258fbc7fac3bf2  -

real	0m0.995s
user	0m0.912s
sys	0m0.264s
500+0 records in
500+0 records out
524288000 bytes (524 MB) copied, 1.07664 s, 487 MB/s
afbad591ee2b70ac94258fbc7fac3bf2  -

real	0m1.079s
user	0m0.940s
sys	0m0.333s
500+0 records in
500+0 records out
524288000 bytes (524 MB) copied, 0.958527 s, 547 MB/s
afbad591ee2b70ac94258fbc7fac3bf2  -

real	0m0.961s
user	0m0.899s
sys	0m0.236s
500+0 records in
500+0 records out
524288000 bytes (524 MB) copied, 0.966055 s, 543 MB/s
afbad591ee2b70ac94258fbc7fac3bf2  -

real	0m0.969s
user	0m0.881s
sys	0m0.262s
500+0 records in
500+0 records out
524288000 bytes (524 MB) copied, 0.954123 s, 549 MB/s
afbad591ee2b70ac94258fbc7fac3bf2  -

real	0m0.957s
user	0m0.889s
sys	0m0.241s
500+0 records in
500+0 records out
524288000 bytes (524 MB) copied, 0.985895 s, 532 MB/s
afbad591ee2b70ac94258fbc7fac3bf2  -

real	0m0.988s
user	0m0.914s
sys	0m0.249s
500+0 records in
500+0 records out
524288000 bytes (524 MB) copied, 1.05447 s, 497 MB/s
afbad591ee2b70ac94258fbc7fac3bf2  -

real	0m1.057s
user	0m0.960s
sys	0m0.292s
500+0 records in
500+0 records out
524288000 bytes (524 MB) copied, 1.00043 s, 524 MB/s
afbad591ee2b70ac94258fbc7fac3bf2  -

real	0m1.003s
user	0m0.924s
sys	0m0.263s
500+0 records in
500+0 records out
524288000 bytes (524 MB) copied, 0.962092 s, 545 MB/s
afbad591ee2b70ac94258fbc7fac3bf2  -

real	0m0.965s
user	0m0.886s
sys	0m0.251s
500+0 records in
500+0 records out
524288000 bytes (524 MB) copied, 1.0887 s, 482 MB/s
afbad591ee2b70ac94258fbc7fac3bf2  -

real	0m1.091s
user	0m0.959s
sys	0m0.319s
500+0 records in
500+0 records out
524288000 bytes (524 MB) copied, 0.962622 s, 545 MB/s
afbad591ee2b70ac94258fbc7fac3bf2  -

real	0m0.965s
user	0m0.881s
sys	0m0.259s
500+0 records in
500+0 records out
524288000 bytes (524 MB) copied, 0.964914 s, 543 MB/s
afbad591ee2b70ac94258fbc7fac3bf2  -

real	0m0.968s
user	0m0.894s
sys	0m0.246s
500+0 records in
500+0 records out
524288000 bytes (524 MB) copied, 1.07461 s, 488 MB/s
afbad591ee2b70ac94258fbc7fac3bf2  -

real	0m1.078s
user	0m0.993s
sys	0m0.284s
500+0 records in
500+0 records out
524288000 bytes (524 MB) copied, 0.959474 s, 546 MB/s
afbad591ee2b70ac94258fbc7fac3bf2  -

real	0m0.962s
user	0m0.890s
sys	0m0.247s
500+0 records in
500+0 records out
524288000 bytes (524 MB) copied, 0.970919 s, 540 MB/s
afbad591ee2b70ac94258fbc7fac3bf2  -

real	0m0.974s
user	0m0.886s
sys	0m0.266s
500+0 records in
500+0 records out
524288000 bytes (524 MB) copied, 0.970206 s, 540 MB/s
afbad591ee2b70ac94258fbc7fac3bf2  -

real	0m0.973s
user	0m0.897s
sys	0m0.251s
500+0 records in
500+0 records out
524288000 bytes (524 MB) copied, 1.03864 s, 505 MB/s
afbad591ee2b70ac94258fbc7fac3bf2  -

real	0m1.041s
user	0m0.939s
sys	0m0.297s
500+0 records in
500+0 records out
524288000 bytes (524 MB) copied, 0.958793 s, 547 MB/s
afbad591ee2b70ac94258fbc7fac3bf2  -

real	0m0.961s
user	0m0.887s
sys	0m0.247s
500+0 records in
500+0 records out
524288000 bytes (524 MB) copied, 0.954271 s, 549 MB/s
afbad591ee2b70ac94258fbc7fac3bf2  -

real	0m0.957s
user	0m0.880s
sys	0m0.248s
500+0 records in
500+0 records out
524288000 bytes (524 MB) copied, 0.960568 s, 546 MB/s
afbad591ee2b70ac94258fbc7fac3bf2  -

real	0m0.963s
user	0m0.889s
sys	0m0.247s
500+0 records in
500+0 records out
524288000 bytes (524 MB) copied, 0.956022 s, 548 MB/s
afbad591ee2b70ac94258fbc7fac3bf2  -

real	0m0.959s
user	0m0.885s
sys	0m0.246s
500+0 records in
500+0 records out
524288000 bytes (524 MB) copied, 0.970387 s, 540 MB/s
afbad591ee2b70ac94258fbc7fac3bf2  -

real	0m0.973s
user	0m0.908s
sys	0m0.239s
500+0 records in
500+0 records out
524288000 bytes (524 MB) copied, 0.988898 s, 530 MB/s
afbad591ee2b70ac94258fbc7fac3bf2  -

real	0m0.992s
user	0m0.918s
sys	0m0.249s
500+0 records in
500+0 records out
524288000 bytes (524 MB) copied, 1.0015 s, 524 MB/s
afbad591ee2b70ac94258fbc7fac3bf2  -

real	0m1.004s
user	0m0.923s
sys	0m0.271s
500+0 records in
500+0 records out
524288000 bytes (524 MB) copied, 0.987371 s, 531 MB/s
afbad591ee2b70ac94258fbc7fac3bf2  -

real	0m0.990s
user	0m0.900s
sys	0m0.271s
500+0 records in
500+0 records out
524288000 bytes (524 MB) copied, 0.960281 s, 546 MB/s
afbad591ee2b70ac94258fbc7fac3bf2  -

real	0m0.963s
user	0m0.876s
sys	0m0.258s
500+0 records in
500+0 records out
524288000 bytes (524 MB) copied, 0.956315 s, 548 MB/s
afbad591ee2b70ac94258fbc7fac3bf2  -

real	0m0.959s
user	0m0.889s
sys	0m0.240s
500+0 records in
500+0 records out
524288000 bytes (524 MB) copied, 0.976924 s, 537 MB/s
afbad591ee2b70ac94258fbc7fac3bf2  -

real	0m0.979s
user	0m0.907s
sys	0m0.247s
500+0 records in
500+0 records out
524288000 bytes (524 MB) copied, 1.07725 s, 487 MB/s
afbad591ee2b70ac94258fbc7fac3bf2  -

real	0m1.080s
user	0m0.992s
sys	0m0.287s
500+0 records in
500+0 records out
524288000 bytes (524 MB) copied, 1.04013 s, 504 MB/s
afbad591ee2b70ac94258fbc7fac3bf2  -

real	0m1.043s
user	0m0.971s
sys	0m0.268s
500+0 records in
500+0 records out
524288000 bytes (524 MB) copied, 1.04891 s, 500 MB/s
afbad591ee2b70ac94258fbc7fac3bf2  -

real	0m1.051s
user	0m0.957s
sys	0m0.289s
500+0 records in
500+0 records out
524288000 bytes (524 MB) copied, 1.0388 s, 505 MB/s
afbad591ee2b70ac94258fbc7fac3bf2  -

real	0m1.041s
user	0m0.953s
sys	0m0.284s
500+0 records in
500+0 records out
524288000 bytes (524 MB) copied, 1.00621 s, 521 MB/s
afbad591ee2b70ac94258fbc7fac3bf2  -

real	0m1.009s
user	0m0.921s
sys	0m0.269s
500+0 records in
500+0 records out
524288000 bytes (524 MB) copied, 1.0085 s, 520 MB/s
afbad591ee2b70ac94258fbc7fac3bf2  -

real	0m1.011s
user	0m0.938s
sys	0m0.260s
500+0 records in
500+0 records out
524288000 bytes (524 MB) copied, 1.02743 s, 510 MB/s
afbad591ee2b70ac94258fbc7fac3bf2  -

real	0m1.030s
user	0m0.942s
sys	0m0.280s
500+0 records in
500+0 records out
524288000 bytes (524 MB) copied, 1.02395 s, 512 MB/s
afbad591ee2b70ac94258fbc7fac3bf2  -

real	0m1.026s
user	0m0.935s
sys	0m0.279s
500+0 records in
500+0 records out
524288000 bytes (524 MB) copied, 1.05196 s, 498 MB/s
afbad591ee2b70ac94258fbc7fac3bf2  -

real	0m1.055s
user	0m0.968s
sys	0m0.278s
500+0 records in
500+0 records out
524288000 bytes (524 MB) copied, 1.04325 s, 503 MB/s
afbad591ee2b70ac94258fbc7fac3bf2  -

real	0m1.046s
user	0m0.970s
sys	0m0.267s
500+0 records in
500+0 records out
524288000 bytes (524 MB) copied, 1.02376 s, 512 MB/s
afbad591ee2b70ac94258fbc7fac3bf2  -

real	0m1.026s
user	0m0.940s
sys	0m0.276s
500+0 records in
500+0 records out
524288000 bytes (524 MB) copied, 1.09488 s, 479 MB/s
afbad591ee2b70ac94258fbc7fac3bf2  -

real	0m1.098s
user	0m0.934s
sys	0m0.357s
500+0 records in
500+0 records out
524288000 bytes (524 MB) copied, 1.01349 s, 517 MB/s
afbad591ee2b70ac94258fbc7fac3bf2  -

real	0m1.016s
user	0m0.937s
sys	0m0.268s
500+0 records in
500+0 records out
524288000 bytes (524 MB) copied, 1.0373 s, 505 MB/s
afbad591ee2b70ac94258fbc7fac3bf2  -

real	0m1.040s
user	0m0.956s
sys	0m0.276s
500+0 records in
500+0 records out
524288000 bytes (524 MB) copied, 1.07646 s, 487 MB/s
afbad591ee2b70ac94258fbc7fac3bf2  -

real	0m1.079s
user	0m0.891s
sys	0m0.367s
500+0 records in
500+0 records out
524288000 bytes (524 MB) copied, 1.02321 s, 512 MB/s
afbad591ee2b70ac94258fbc7fac3bf2  -

real	0m1.026s
user	0m0.930s
sys	0m0.278s
500+0 records in
500+0 records out
524288000 bytes (524 MB) copied, 1.04733 s, 501 MB/s
afbad591ee2b70ac94258fbc7fac3bf2  -

real	0m1.050s
user	0m0.971s
sys	0m0.265s
500+0 records in
500+0 records out
524288000 bytes (524 MB) copied, 1.0311 s, 508 MB/s
afbad591ee2b70ac94258fbc7fac3bf2  -

real	0m1.034s
user	0m0.944s
sys	0m0.280s
500+0 records in
500+0 records out
524288000 bytes (524 MB) copied, 1.02539 s, 511 MB/s
afbad591ee2b70ac94258fbc7fac3bf2  -

real	0m1.028s
user	0m0.925s
sys	0m0.286s
500+0 records in
500+0 records out
524288000 bytes (524 MB) copied, 1.08317 s, 484 MB/s
afbad591ee2b70ac94258fbc7fac3bf2  -

real	0m1.086s
user	0m0.903s
sys	0m0.363s
500+0 records in
500+0 records out
524288000 bytes (524 MB) copied, 1.0399 s, 504 MB/s
afbad591ee2b70ac94258fbc7fac3bf2  -

real	0m1.043s
user	0m0.958s
sys	0m0.279s
500+0 records in
500+0 records out
524288000 bytes (524 MB) copied, 1.04326 s, 503 MB/s
afbad591ee2b70ac94258fbc7fac3bf2  -

real	0m1.046s
user	0m0.955s
sys	0m0.289s
500+0 records in
500+0 records out
524288000 bytes (524 MB) copied, 1.04106 s, 504 MB/s
afbad591ee2b70ac94258fbc7fac3bf2  -

real	0m1.044s
user	0m0.949s
sys	0m0.288s
500+0 records in
500+0 records out
524288000 bytes (524 MB) copied, 1.04847 s, 500 MB/s
afbad591ee2b70ac94258fbc7fac3bf2  -

real	0m1.051s
user	0m0.920s
sys	0m0.319s
500+0 records in
500+0 records out
524288000 bytes (524 MB) copied, 1.08053 s, 485 MB/s
afbad591ee2b70ac94258fbc7fac3bf2  -

real	0m1.083s
user	0m0.993s
sys	0m0.289s
500+0 records in
500+0 records out
524288000 bytes (524 MB) copied, 1.01955 s, 514 MB/s
afbad591ee2b70ac94258fbc7fac3bf2  -

real	0m1.022s
user	0m0.939s
sys	0m0.276s
500+0 records in
500+0 records out
524288000 bytes (524 MB) copied, 0.988331 s, 530 MB/s
afbad591ee2b70ac94258fbc7fac3bf2  -

real	0m0.991s
user	0m0.928s
sys	0m0.239s
500+0 records in
500+0 records out
524288000 bytes (524 MB) copied, 0.967519 s, 542 MB/s
afbad591ee2b70ac94258fbc7fac3bf2  -

real	0m0.970s
user	0m0.892s
sys	0m0.250s
500+0 records in
500+0 records out
524288000 bytes (524 MB) copied, 0.973271 s, 539 MB/s
afbad591ee2b70ac94258fbc7fac3bf2  -

real	0m0.976s
user	0m0.892s
sys	0m0.257s
500+0 records in
500+0 records out
524288000 bytes (524 MB) copied, 0.982874 s, 533 MB/s
afbad591ee2b70ac94258fbc7fac3bf2  -

real	0m0.985s
user	0m0.902s
sys	0m0.262s
500+0 records in
500+0 records out
524288000 bytes (524 MB) copied, 0.988989 s, 530 MB/s
afbad591ee2b70ac94258fbc7fac3bf2  -

real	0m0.992s
user	0m0.918s
sys	0m0.258s
500+0 records in
500+0 records out
524288000 bytes (524 MB) copied, 0.964342 s, 544 MB/s
afbad591ee2b70ac94258fbc7fac3bf2  -

real	0m0.967s
user	0m0.881s
sys	0m0.258s
500+0 records in
500+0 records out
524288000 bytes (524 MB) copied, 0.966462 s, 542 MB/s
afbad591ee2b70ac94258fbc7fac3bf2  -

real	0m0.969s
user	0m0.882s
sys	0m0.265s
500+0 records in
500+0 records out
524288000 bytes (524 MB) copied, 0.956277 s, 548 MB/s
afbad591ee2b70ac94258fbc7fac3bf2  -

real	0m0.959s
user	0m0.885s
sys	0m0.247s
500+0 records in
500+0 records out
524288000 bytes (524 MB) copied, 1.01135 s, 518 MB/s
afbad591ee2b70ac94258fbc7fac3bf2  -

real	0m1.014s
user	0m0.917s
sys	0m0.289s
500+0 records in
500+0 records out
524288000 bytes (524 MB) copied, 0.983136 s, 533 MB/s
afbad591ee2b70ac94258fbc7fac3bf2  -

real	0m0.986s
user	0m0.903s
sys	0m0.258s
500+0 records in
500+0 records out
524288000 bytes (524 MB) copied, 0.9685 s, 541 MB/s
afbad591ee2b70ac94258fbc7fac3bf2  -

real	0m0.971s
user	0m0.884s
sys	0m0.262s
500+0 records in
500+0 records out
524288000 bytes (524 MB) copied, 1.07328 s, 488 MB/s
afbad591ee2b70ac94258fbc7fac3bf2  -

real	0m1.076s
user	0m0.966s
sys	0m0.305s
500+0 records in
500+0 records out
524288000 bytes (524 MB) copied, 1.03129 s, 508 MB/s
afbad591ee2b70ac94258fbc7fac3bf2  -

real	0m1.034s
user	0m0.920s
sys	0m0.305s
500+0 records in
500+0 records out
524288000 bytes (524 MB) copied, 1.02013 s, 514 MB/s
afbad591ee2b70ac94258fbc7fac3bf2  -

real	0m1.023s
user	0m0.938s
sys	0m0.273s
500+0 records in
500+0 records out
524288000 bytes (524 MB) copied, 0.987712 s, 531 MB/s
afbad591ee2b70ac94258fbc7fac3bf2  -

real	0m0.990s
user	0m0.915s
sys	0m0.256s
500+0 records in
500+0 records out
524288000 bytes (524 MB) copied, 0.971228 s, 540 MB/s
afbad591ee2b70ac94258fbc7fac3bf2  -

real	0m0.974s
user	0m0.884s
sys	0m0.264s
500+0 records in
500+0 records out
524288000 bytes (524 MB) copied, 0.976944 s, 537 MB/s
afbad591ee2b70ac94258fbc7fac3bf2  -

real	0m0.980s
user	0m0.887s
sys	0m0.271s
500+0 records in
500+0 records out
524288000 bytes (524 MB) copied, 0.976482 s, 537 MB/s
afbad591ee2b70ac94258fbc7fac3bf2  -

real	0m0.979s
user	0m0.898s
sys	0m0.263s
500+0 records in
500+0 records out
524288000 bytes (524 MB) copied, 0.994763 s, 527 MB/s
afbad591ee2b70ac94258fbc7fac3bf2  -

real	0m0.998s
user	0m0.898s
sys	0m0.286s
500+0 records in
500+0 records out
524288000 bytes (524 MB) copied, 1.0076 s, 520 MB/s
afbad591ee2b70ac94258fbc7fac3bf2  -

real	0m1.011s
user	0m0.917s
sys	0m0.280s
500+0 records in
500+0 records out
524288000 bytes (524 MB) copied, 1.04229 s, 503 MB/s
afbad591ee2b70ac94258fbc7fac3bf2  -

real	0m1.045s
user	0m0.943s
sys	0m0.290s
500+0 records in
500+0 records out
524288000 bytes (524 MB) copied, 0.959363 s, 546 MB/s
afbad591ee2b70ac94258fbc7fac3bf2  -

real	0m0.962s
user	0m0.898s
sys	0m0.241s
500+0 records in
500+0 records out
524288000 bytes (524 MB) copied, 0.978076 s, 536 MB/s
afbad591ee2b70ac94258fbc7fac3bf2  -

real	0m0.981s
user	0m0.904s
sys	0m0.250s
500+0 records in
500+0 records out
524288000 bytes (524 MB) copied, 1.0577 s, 496 MB/s
afbad591ee2b70ac94258fbc7fac3bf2  -

real	0m1.061s
user	0m0.946s
sys	0m0.323s
500+0 records in
500+0 records out
524288000 bytes (524 MB) copied, 1.01283 s, 518 MB/s
afbad591ee2b70ac94258fbc7fac3bf2  -

real	0m1.016s
user	0m0.941s
sys	0m0.260s
500+0 records in
500+0 records out
524288000 bytes (524 MB) copied, 0.996237 s, 526 MB/s
afbad591ee2b70ac94258fbc7fac3bf2  -

real	0m0.999s
user	0m0.920s
sys	0m0.263s
500+0 records in
500+0 records out
524288000 bytes (524 MB) copied, 1.03291 s, 508 MB/s
afbad591ee2b70ac94258fbc7fac3bf2  -

real	0m1.036s
user	0m0.935s
sys	0m0.289s
500+0 records in
500+0 records out
524288000 bytes (524 MB) copied, 0.996761 s, 526 MB/s
afbad591ee2b70ac94258fbc7fac3bf2  -

real	0m1.000s
user	0m0.915s
sys	0m0.268s
500+0 records in
500+0 records out
524288000 bytes (524 MB) copied, 1.00249 s, 523 MB/s
afbad591ee2b70ac94258fbc7fac3bf2  -

real	0m1.005s
user	0m0.904s
sys	0m0.285s
500+0 records in
500+0 records out
524288000 bytes (524 MB) copied, 1.02188 s, 513 MB/s
afbad591ee2b70ac94258fbc7fac3bf2  -

real	0m1.025s
user	0m0.918s
sys	0m0.289s
500+0 records in
500+0 records out
524288000 bytes (524 MB) copied, 1.02901 s, 510 MB/s
afbad591ee2b70ac94258fbc7fac3bf2  -

real	0m1.032s
user	0m0.927s
sys	0m0.288s
500+0 records in
500+0 records out
524288000 bytes (524 MB) copied, 1.03495 s, 507 MB/s
afbad591ee2b70ac94258fbc7fac3bf2  -

real	0m1.038s
user	0m0.938s
sys	0m0.286s
500+0 records in
500+0 records out
afbad591ee2b70ac94258fbc7fac3bf2  -
524288000 bytes (524 MB) copied, 1.01951 s, 514 MB/s

real	0m1.023s
user	0m0.920s
sys	0m0.285s
500+0 records in
500+0 records out
524288000 bytes (524 MB) copied, 1.00205 s, 523 MB/s
afbad591ee2b70ac94258fbc7fac3bf2  -

real	0m1.005s
user	0m0.917s
sys	0m0.270s
500+0 records in
500+0 records out
524288000 bytes (524 MB) copied, 1.01451 s, 517 MB/s
afbad591ee2b70ac94258fbc7fac3bf2  -

real	0m1.018s
user	0m0.931s
sys	0m0.272s
