1000+0 records in
1000+0 records out
1048576000 bytes (1.0 GB) copied3c84e34b319946f6531a2c4559f588a8  -
, 2.04058 s, 514 MB/s

real	0m2.043s
user	0m1.887s
sys	0m0.526s
1000+0 records in
1000+0 records out
1048576000 bytes (1.0 GB) copied, 1.94471 s, 539 MB/s
3c84e34b319946f6531a2c4559f588a8  -

real	0m1.947s
user	0m1.767s
sys	0m0.527s
1000+0 records in
1000+0 records out
1048576000 bytes (1.0 GB) copied3c84e34b319946f6531a2c4559f588a8  -
, 1.94316 s, 540 MB/s

real	0m1.946s
user	0m1.772s
sys	0m0.521s
1000+0 records in
1000+0 records out
1048576000 bytes (1.0 GB) copied, 1.95809 s, 536 MB/s
3c84e34b319946f6531a2c4559f588a8  -

real	0m1.961s
user	0m1.788s
sys	0m0.521s
1000+0 records in
1000+0 records out
1048576000 bytes (1.0 GB) copied, 1.95226 s, 537 MB/s
3c84e34b319946f6531a2c4559f588a8  -

real	0m1.955s
user	0m1.799s
sys	0m0.504s
1000+0 records in
1000+0 records out
1048576000 bytes (1.0 GB) copied, 1.98834 s, 527 MB/s
3c84e34b319946f6531a2c4559f588a8  -

real	0m1.991s
user	0m1.824s
sys	0m0.531s
1000+0 records in
1000+0 records out
1048576000 bytes (1.0 GB) copied, 1.95966 s, 535 MB/s
3c84e34b319946f6531a2c4559f588a8  -

real	0m1.962s
user	0m1.806s
sys	0m0.505s
1000+0 records in
1000+0 records out
1048576000 bytes (1.0 GB) copied, 1.94538 s, 539 MB/s
3c84e34b319946f6531a2c4559f588a8  -

real	0m1.948s
user	0m1.800s
sys	0m0.495s
1000+0 records in
1000+0 records out
1048576000 bytes (1.0 GB) copied, 1.93944 s, 541 MB/s
3c84e34b319946f6531a2c4559f588a8  -

real	0m1.942s
user	0m1.754s
sys	0m0.532s
1000+0 records in
1000+0 records out
1048576000 bytes (1.0 GB) copied, 1.97106 s, 532 MB/s
3c84e34b319946f6531a2c4559f588a8  -

real	0m1.974s
user	0m1.797s
sys	0m0.532s
1000+0 records in
1000+0 records out
1048576000 bytes (1.0 GB) copied, 1.99949 s, 524 MB/s
3c84e34b319946f6531a2c4559f588a8  -

real	0m2.002s
user	0m1.801s
sys	0m0.556s
1000+0 records in
1000+0 records out
1048576000 bytes (1.0 GB) copied, 1.94598 s, 539 MB/s
3c84e34b319946f6531a2c4559f588a8  -

real	0m1.949s
user	0m1.775s
sys	0m0.520s
1000+0 records in
1000+0 records out
1048576000 bytes (1.0 GB) copied, 1.96531 s, 534 MB/s
3c84e34b319946f6531a2c4559f588a8  -

real	0m1.968s
user	0m1.788s
sys	0m0.527s
1000+0 records in
1000+0 records out
1048576000 bytes (1.0 GB) copied, 1.9942 s, 526 MB/s
3c84e34b319946f6531a2c4559f588a8  -

real	0m1.997s
user	0m1.821s
sys	0m0.538s
1000+0 records in
1000+0 records out
1048576000 bytes (1.0 GB) copied, 1.96514 s, 534 MB/s
3c84e34b319946f6531a2c4559f588a8  -

real	0m1.968s
user	0m1.809s
sys	0m0.508s
1000+0 records in
1000+0 records out
1048576000 bytes (1.0 GB) copied, 1.95977 s, 535 MB/s
3c84e34b319946f6531a2c4559f588a8  -

real	0m1.962s
user	0m1.791s
sys	0m0.523s
1000+0 records in
1000+0 records out
1048576000 bytes (1.0 GB) copied, 1.97351 s, 531 MB/s
3c84e34b319946f6531a2c4559f588a8  -

real	0m1.976s
user	0m1.788s
sys	0m0.542s
1000+0 records in
1000+0 records out
1048576000 bytes (1.0 GB) copied, 2.14757 s, 488 MB/s
3c84e34b319946f6531a2c4559f588a8  -

real	0m2.150s
user	0m1.865s
sys	0m0.659s
1000+0 records in
1000+0 records out
1048576000 bytes (1.0 GB) copied, 1.99409 s, 526 MB/s
3c84e34b319946f6531a2c4559f588a8  -

real	0m1.997s
user	0m1.812s
sys	0m0.548s
1000+0 records in
1000+0 records out
1048576000 bytes (1.0 GB) copied, 1.94345 s, 540 MB/s
3c84e34b319946f6531a2c4559f588a8  -

real	0m1.946s
user	0m1.793s
sys	0m0.496s
1000+0 records in
1000+0 records out
1048576000 bytes (1.0 GB) copied, 2.05361 s, 511 MB/s
3c84e34b319946f6531a2c4559f588a8  -

real	0m2.056s
user	0m1.882s
sys	0m0.551s
1000+0 records in
1000+0 records out
1048576000 bytes (1.0 GB) copied, 2.06879 s, 507 MB/s
3c84e34b319946f6531a2c4559f588a8  -

real	0m2.072s
user	0m1.914s
sys	0m0.522s
1000+0 records in
1000+0 records out
1048576000 bytes (1.0 GB) copied, 2.05849 s, 509 MB/s
3c84e34b319946f6531a2c4559f588a8  -

real	0m2.061s
user	0m1.870s
sys	0m0.571s
1000+0 records in
1000+0 records out
1048576000 bytes (1.0 GB) copied, 2.21817 s, 473 MB/s
3c84e34b319946f6531a2c4559f588a8  -

real	0m2.221s
user	0m1.894s
sys	0m0.688s
1000+0 records in
1000+0 records out
1048576000 bytes (1.0 GB) copied, 2.13461 s, 491 MB/s
3c84e34b319946f6531a2c4559f588a8  -

real	0m2.137s
user	0m1.843s
sys	0m0.648s
1000+0 records in
1000+0 records out
1048576000 bytes (1.0 GB) copied, 2.13897 s, 490 MB/s
3c84e34b319946f6531a2c4559f588a8  -

real	0m2.142s
user	0m1.991s
sys	0m0.522s
1000+0 records in
1000+0 records out
1048576000 bytes (1.0 GB) copied, 2.17375 s, 482 MB/s
3c84e34b319946f6531a2c4559f588a8  -

real	0m2.176s
user	0m1.913s
sys	0m0.620s
1000+0 records in
1000+0 records out
1048576000 bytes (1.0 GB) copied, 2.06483 s, 508 MB/s
3c84e34b319946f6531a2c4559f588a8  -

real	0m2.067s
user	0m1.884s
sys	0m0.565s
1000+0 records in
1000+0 records out
1048576000 bytes (1.0 GB) copied, 2.13707 s, 491 MB/s
3c84e34b319946f6531a2c4559f588a8  -

real	0m2.140s
user	0m1.989s
sys	0m0.536s
1000+0 records in
1000+0 records out
1048576000 bytes (1.0 GB) copied, 2.0195 s, 519 MB/s
3c84e34b319946f6531a2c4559f588a8  -

real	0m2.022s
user	0m1.841s
sys	0m0.549s
1000+0 records in
1000+0 records out
1048576000 bytes (1.0 GB) copied, 2.14599 s, 489 MB/s
3c84e34b319946f6531a2c4559f588a8  -

real	0m2.148s
user	0m1.962s
sys	0m0.577s
1000+0 records in
1000+0 records out
1048576000 bytes (1.0 GB) copied, 2.01124 s, 521 MB/s
3c84e34b319946f6531a2c4559f588a8  -

real	0m2.014s
user	0m1.812s
sys	0m0.564s
1000+0 records in
1000+0 records out
1048576000 bytes (1.0 GB) copied, 2.11232 s, 496 MB/s
3c84e34b319946f6531a2c4559f588a8  -

real	0m2.115s
user	0m1.924s
sys	0m0.573s
1000+0 records in
1000+0 records out
1048576000 bytes (1.0 GB) copied, 1.96782 s, 533 MB/s
3c84e34b319946f6531a2c4559f588a8  -

real	0m1.970s
user	0m1.821s
sys	0m0.502s
1000+0 records in
1000+0 records out
1048576000 bytes (1.0 GB) copied, 2.17043 s, 483 MB/s
3c84e34b319946f6531a2c4559f588a8  -

real	0m2.173s
user	0m1.913s
sys	0m0.635s
1000+0 records in
1000+0 records out
1048576000 bytes (1.0 GB) copied, 2.0899 s, 502 MB/s
3c84e34b319946f6531a2c4559f588a8  -

real	0m2.093s
user	0m1.900s
sys	0m0.596s
1000+0 records in
1000+0 records out
1048576000 bytes (1.0 GB) copied, 2.12718 s, 493 MB/s
3c84e34b319946f6531a2c4559f588a8  -

real	0m2.130s
user	0m1.902s
sys	0m0.610s
1000+0 records in
1000+0 records out
1048576000 bytes (1.0 GB) copied, 2.19584 s, 478 MB/s
3c84e34b319946f6531a2c4559f588a8  -

real	0m2.198s
user	0m2.052s
sys	0m0.553s
1000+0 records in
1000+0 records out
1048576000 bytes (1.0 GB) copied, 1.99869 s, 525 MB/s
3c84e34b319946f6531a2c4559f588a8  -

real	0m2.001s
user	0m1.828s
sys	0m0.533s
1000+0 records in
1000+0 records out
1048576000 bytes (1.0 GB) copied, 1.98331 s, 529 MB/s
3c84e34b319946f6531a2c4559f588a8  -

real	0m1.986s
user	0m1.802s
sys	0m0.535s
1000+0 records in
1000+0 records out
1048576000 bytes (1.0 GB) copied, 2.08286 s, 503 MB/s
3c84e34b319946f6531a2c4559f588a8  -

real	0m2.085s
user	0m1.872s
sys	0m0.596s
1000+0 records in
1000+0 records out
1048576000 bytes (1.0 GB) copied, 2.11434 s, 496 MB/s
3c84e34b319946f6531a2c4559f588a8  -

real	0m2.117s
user	0m1.885s
sys	0m0.621s
1000+0 records in
1000+0 records out
1048576000 bytes (1.0 GB) copied, 2.20927 s, 475 MB/s
3c84e34b319946f6531a2c4559f588a8  -

real	0m2.212s
user	0m1.939s
sys	0m0.668s
1000+0 records in
1000+0 records out
1048576000 bytes (1.0 GB) copied, 2.04921 s, 512 MB/s
3c84e34b319946f6531a2c4559f588a8  -

real	0m2.052s
user	0m1.876s
sys	0m0.551s
1000+0 records in
1000+0 records out
1048576000 bytes (1.0 GB) copied, 2.0069 s, 522 MB/s
3c84e34b319946f6531a2c4559f588a8  -

real	0m2.010s
user	0m1.871s
sys	0m0.492s
1000+0 records in
1000+0 records out
1048576000 bytes (1.0 GB) copied, 2.11189 s, 497 MB/s
3c84e34b319946f6531a2c4559f588a8  -

real	0m2.115s
user	0m1.922s
sys	0m0.577s
1000+0 records in
1000+0 records out
1048576000 bytes (1.0 GB) copied, 2.12923 s, 492 MB/s
3c84e34b319946f6531a2c4559f588a8  -

real	0m2.132s
user	0m1.910s
sys	0m0.610s
1000+0 records in
1000+0 records out
1048576000 bytes (1.0 GB) copied, 1.94719 s, 539 MB/s
3c84e34b319946f6531a2c4559f588a8  -

real	0m1.950s
user	0m1.824s
sys	0m0.476s
1000+0 records in
1000+0 records out
1048576000 bytes (1.0 GB) copied, 2.03434 s, 515 MB/s
3c84e34b319946f6531a2c4559f588a8  -

real	0m2.038s
user	0m1.887s
sys	0m0.504s
1000+0 records in
1000+0 records out
1048576000 bytes (1.0 GB) copied, 1.99253 s, 526 MB/s
3c84e34b319946f6531a2c4559f588a8  -

real	0m1.995s
user	0m1.817s
sys	0m0.545s
1000+0 records in
1000+0 records out
1048576000 bytes (1.0 GB) copied, 2.06284 s, 508 MB/s
3c84e34b319946f6531a2c4559f588a8  -

real	0m2.065s
user	0m1.865s
sys	0m0.582s
1000+0 records in
1000+0 records out
1048576000 bytes (1.0 GB) copied, 1.94559 s, 539 MB/s
3c84e34b319946f6531a2c4559f588a8  -

real	0m1.948s
user	0m1.769s
sys	0m0.528s
1000+0 records in
1000+0 records out
1048576000 bytes (1.0 GB) copied, 1.96758 s, 533 MB/s
3c84e34b319946f6531a2c4559f588a8  -

real	0m1.970s
user	0m1.807s
sys	0m0.514s
1000+0 records in
1000+0 records out
1048576000 bytes (1.0 GB) copied, 1.98231 s, 529 MB/s
3c84e34b319946f6531a2c4559f588a8  -

real	0m1.985s
user	0m1.809s
sys	0m0.536s
1000+0 records in
1000+0 records out
1048576000 bytes (1.0 GB) copied, 1.96391 s, 534 MB/s
3c84e34b319946f6531a2c4559f588a8  -

real	0m1.967s
user	0m1.768s
sys	0m0.551s
1000+0 records in
1000+0 records out
1048576000 bytes (1.0 GB) copied, 2.05639 s, 510 MB/s
3c84e34b319946f6531a2c4559f588a8  -

real	0m2.059s
user	0m1.852s
sys	0m0.578s
1000+0 records in
1000+0 records out
1048576000 bytes (1.0 GB) copied, 1.90723 s, 550 MB/s
3c84e34b319946f6531a2c4559f588a8  -

real	0m1.910s
user	0m1.765s
sys	0m0.486s
1000+0 records in
1000+0 records out
1048576000 bytes (1.0 GB) copied, 2.01667 s, 520 MB/s
3c84e34b319946f6531a2c4559f588a8  -

real	0m2.019s
user	0m1.840s
sys	0m0.549s
1000+0 records in
1000+0 records out
1048576000 bytes (1.0 GB) copied, 1.97421 s, 531 MB/s
3c84e34b319946f6531a2c4559f588a8  -

real	0m1.977s
user	0m1.811s
sys	0m0.525s
1000+0 records in
1000+0 records out
1048576000 bytes (1.0 GB) copied, 2.0254 s, 518 MB/s
3c84e34b319946f6531a2c4559f588a8  -

real	0m2.028s
user	0m1.856s
sys	0m0.549s
1000+0 records in
1000+0 records out
1048576000 bytes (1.0 GB) copied, 1.94519 s, 539 MB/s
3c84e34b319946f6531a2c4559f588a8  -

real	0m1.947s
user	0m1.807s
sys	0m0.483s
1000+0 records in
1000+0 records out
1048576000 bytes (1.0 GB) copied, 1.99091 s, 527 MB/s
3c84e34b319946f6531a2c4559f588a8  -

real	0m1.993s
user	0m1.834s
sys	0m0.512s
1000+0 records in
1000+0 records out
1048576000 bytes (1.0 GB) copied, 2.07451 s, 505 MB/s
3c84e34b319946f6531a2c4559f588a8  -

real	0m2.077s
user	0m1.898s
sys	0m0.565s
1000+0 records in
1000+0 records out
1048576000 bytes (1.0 GB) copied, 1.96458 s, 534 MB/s
3c84e34b319946f6531a2c4559f588a8  -

real	0m1.967s
user	0m1.790s
sys	0m0.531s
1000+0 records in
1000+0 records out
1048576000 bytes (1.0 GB) copied, 1.91717 s, 547 MB/s
3c84e34b319946f6531a2c4559f588a8  -

real	0m1.920s
user	0m1.767s
sys	0m0.494s
1000+0 records in
1000+0 records out
1048576000 bytes (1.0 GB) copied, 1.92135 s, 546 MB/s
3c84e34b319946f6531a2c4559f588a8  -

real	0m1.924s
user	0m1.781s
sys	0m0.486s
1000+0 records in
1000+0 records out
1048576000 bytes (1.0 GB) copied, 1.96899 s, 533 MB/s
3c84e34b319946f6531a2c4559f588a8  -

real	0m1.972s
user	0m1.815s
sys	0m0.511s
1000+0 records in
1000+0 records out
1048576000 bytes (1.0 GB) copied, 1.94774 s, 538 MB/s
3c84e34b319946f6531a2c4559f588a8  -

real	0m1.951s
user	0m1.766s
sys	0m0.529s
1000+0 records in
1000+0 records out
1048576000 bytes (1.0 GB) copied, 1.92973 s, 543 MB/s
3c84e34b319946f6531a2c4559f588a8  -

real	0m1.933s
user	0m1.780s
sys	0m0.499s
1000+0 records in
1000+0 records out
1048576000 bytes (1.0 GB) copied, 1.92862 s, 544 MB/s
3c84e34b319946f6531a2c4559f588a8  -

real	0m1.931s
user	0m1.775s
sys	0m0.500s
1000+0 records in
1000+0 records out
1048576000 bytes (1.0 GB) copied, 1.96721 s, 533 MB/s
3c84e34b319946f6531a2c4559f588a8  -

real	0m1.969s
user	0m1.828s
sys	0m0.493s
1000+0 records in
1000+0 records out
1048576000 bytes (1.0 GB) copied, 1.96086 s, 535 MB/s
3c84e34b319946f6531a2c4559f588a8  -

real	0m1.964s
user	0m1.792s
sys	0m0.527s
1000+0 records in
1000+0 records out
1048576000 bytes (1.0 GB) copied, 2.04584 s, 513 MB/s
3c84e34b319946f6531a2c4559f588a8  -

real	0m2.049s
user	0m1.871s
sys	0m0.557s
1000+0 records in
1000+0 records out
1048576000 bytes (1.0 GB) copied, 1.95718 s, 536 MB/s
3c84e34b319946f6531a2c4559f588a8  -

real	0m1.960s
user	0m1.815s
sys	0m0.498s
1000+0 records in
1000+0 records out
1048576000 bytes (1.0 GB) copied, 1.96592 s, 533 MB/s
3c84e34b319946f6531a2c4559f588a8  -

real	0m1.969s
user	0m1.818s
sys	0m0.502s
1000+0 records in
1000+0 records out
3c84e34b319946f6531a2c4559f588a8  -
1048576000 bytes (1.0 GB) copied, 1.93644 s, 541 MB/s

real	0m1.939s
user	0m1.775s
sys	0m0.506s
1000+0 records in
1000+0 records out
1048576000 bytes (1.0 GB) copied, 1.91853 s, 547 MB/s
3c84e34b319946f6531a2c4559f588a8  -

real	0m1.921s
user	0m1.773s
sys	0m0.492s
1000+0 records in
1000+0 records out
1048576000 bytes (1.0 GB) copied, 1.98777 s, 528 MB/s
3c84e34b319946f6531a2c4559f588a8  -

real	0m1.990s
user	0m1.839s
sys	0m0.513s
1000+0 records in
1000+0 records out
1048576000 bytes (1.0 GB) copied, 1.93609 s, 542 MB/s
3c84e34b319946f6531a2c4559f588a8  -

real	0m1.939s
user	0m1.797s
sys	0m0.494s
1000+0 records in
1000+0 records out
1048576000 bytes (1.0 GB) copied, 1.95339 s, 537 MB/s
3c84e34b319946f6531a2c4559f588a8  -

real	0m1.956s
user	0m1.797s
sys	0m0.516s
1000+0 records in
1000+0 records out
1048576000 bytes (1.0 GB) copied, 1.94069 s, 540 MB/s
3c84e34b319946f6531a2c4559f588a8  -

real	0m1.943s
user	0m1.790s
sys	0m0.499s
1000+0 records in
1000+0 records out
1048576000 bytes (1.0 GB) copied, 1.98008 s, 530 MB/s
3c84e34b319946f6531a2c4559f588a8  -

real	0m1.983s
user	0m1.802s
sys	0m0.537s
1000+0 records in
1000+0 records out
1048576000 bytes (1.0 GB) copied, 2.02538 s, 518 MB/s
3c84e34b319946f6531a2c4559f588a8  -

real	0m2.028s
user	0m1.831s
sys	0m0.563s
1000+0 records in
1000+0 records out
1048576000 bytes (1.0 GB) copied, 1.9375 s, 541 MB/s
3c84e34b319946f6531a2c4559f588a8  -

real	0m1.940s
user	0m1.776s
sys	0m0.507s
1000+0 records in
1000+0 records out
1048576000 bytes (1.0 GB) copied, 1.94059 s, 540 MB/s
3c84e34b319946f6531a2c4559f588a8  -

real	0m1.943s
user	0m1.782s
sys	0m0.515s
1000+0 records in
1000+0 records out
1048576000 bytes (1.0 GB) copied, 2.01031 s, 522 MB/s
3c84e34b319946f6531a2c4559f588a8  -

real	0m2.013s
user	0m1.825s
sys	0m0.557s
1000+0 records in
1000+0 records out
1048576000 bytes (1.0 GB) copied, 1.91695 s, 547 MB/s
3c84e34b319946f6531a2c4559f588a8  -

real	0m1.920s
user	0m1.777s
sys	0m0.485s
1000+0 records in
1000+0 records out
1048576000 bytes (1.0 GB) copied, 1.97744 s, 530 MB/s
3c84e34b319946f6531a2c4559f588a8  -

real	0m1.980s
user	0m1.802s
sys	0m0.539s
1000+0 records in
1000+0 records out
1048576000 bytes (1.0 GB) copied, 2.07628 s, 505 MB/s
3c84e34b319946f6531a2c4559f588a8  -

real	0m2.079s
user	0m1.879s
sys	0m0.574s
1000+0 records in
1000+0 records out
1048576000 bytes (1.0 GB) copied, 1.93789 s, 541 MB/s
3c84e34b319946f6531a2c4559f588a8  -

real	0m1.941s
user	0m1.796s
sys	0m0.499s
1000+0 records in
1000+0 records out
1048576000 bytes (1.0 GB) copied, 2.04829 s, 512 MB/s
3c84e34b319946f6531a2c4559f588a8  -

real	0m2.051s
user	0m1.849s
sys	0m0.559s
1000+0 records in
1000+0 records out
1048576000 bytes (1.0 GB) copied, 2.06753 s, 507 MB/s
3c84e34b319946f6531a2c4559f588a8  -

real	0m2.071s
user	0m1.887s
sys	0m0.550s
1000+0 records in
1000+0 records out
1048576000 bytes (1.0 GB) copied, 2.00846 s, 522 MB/s
3c84e34b319946f6531a2c4559f588a8  -

real	0m2.012s
user	0m1.849s
sys	0m0.520s
1000+0 records in
1000+0 records out
1048576000 bytes (1.0 GB) copied, 2.06376 s, 508 MB/s
3c84e34b319946f6531a2c4559f588a8  -

real	0m2.067s
user	0m1.841s
sys	0m0.610s
1000+0 records in
1000+0 records out
1048576000 bytes (1.0 GB) copied, 2.03341 s, 516 MB/s
3c84e34b319946f6531a2c4559f588a8  -

real	0m2.036s
user	0m1.835s
sys	0m0.562s
1000+0 records in
1000+0 records out
1048576000 bytes (1.0 GB) copied, 2.02488 s, 518 MB/s
3c84e34b319946f6531a2c4559f588a8  -

real	0m2.028s
user	0m1.814s
sys	0m0.572s
1000+0 records in
1000+0 records out
1048576000 bytes (1.0 GB) copied, 2.02377 s, 518 MB/s
3c84e34b319946f6531a2c4559f588a8  -

real	0m2.027s
user	0m1.826s
sys	0m0.572s
1000+0 records in
1000+0 records out
1048576000 bytes (1.0 GB) copied, 2.07344 s, 506 MB/s
3c84e34b319946f6531a2c4559f588a8  -

real	0m2.076s
user	0m1.915s
sys	0m0.537s
1000+0 records in
1000+0 records out
1048576000 bytes (1.0 GB) copied, 2.01352 s, 521 MB/s
3c84e34b319946f6531a2c4559f588a8  -

real	0m2.017s
user	0m1.834s
sys	0m0.540s
1000+0 records in
1000+0 records out
1048576000 bytes (1.0 GB) copied, 2.00384 s, 523 MB/s
3c84e34b319946f6531a2c4559f588a8  -

real	0m2.007s
user	0m1.827s
sys	0m0.544s
