
error: Unable to list url ftp://cc066.fst.alcf.anl.gov:32968/scratch/md5_data/2G.data:
globus_ftp_client: the server responded with an error
500 500-Command failed : System error in stat: No such file or directory
500-A system call failed: No such file or directory
500 End.


real	0m0.024s
user	0m0.006s
sys	0m0.004s

error: Unable to list url ftp://cc066.fst.alcf.anl.gov:32968/scratch/md5_data/2G.data:
globus_ftp_client: the server responded with an error
500 500-Command failed : System error in stat: No such file or directory
500-A system call failed: No such file or directory
500 End.


real	0m0.023s
user	0m0.005s
sys	0m0.004s

error: Unable to list url ftp://cc066.fst.alcf.anl.gov:32968/scratch/md5_data/2G.data:
globus_ftp_client: the server responded with an error
500 500-Command failed : System error in stat: No such file or directory
500-A system call failed: No such file or directory
500 End.


real	0m0.024s
user	0m0.006s
sys	0m0.004s

error: Unable to list url ftp://cc066.fst.alcf.anl.gov:32968/scratch/md5_data/2G.data:
globus_ftp_client: the server responded with an error
500 500-Command failed : System error in stat: No such file or directory
500-A system call failed: No such file or directory
500 End.


real	0m0.025s
user	0m0.007s
sys	0m0.004s

error: Unable to list url ftp://cc066.fst.alcf.anl.gov:32968/scratch/md5_data/2G.data:
globus_ftp_client: the server responded with an error
500 500-Command failed : System error in stat: No such file or directory
500-A system call failed: No such file or directory
500 End.


real	0m0.023s
user	0m0.007s
sys	0m0.003s

error: Unable to list url ftp://cc066.fst.alcf.anl.gov:32968/scratch/md5_data/2G.data:
globus_ftp_client: the server responded with an error
500 500-Command failed : System error in stat: No such file or directory
500-A system call failed: No such file or directory
500 End.


real	0m0.023s
user	0m0.008s
sys	0m0.002s

error: Unable to list url ftp://cc066.fst.alcf.anl.gov:32968/scratch/md5_data/2G.data:
globus_ftp_client: the server responded with an error
500 500-Command failed : System error in stat: No such file or directory
500-A system call failed: No such file or directory
500 End.


real	0m0.023s
user	0m0.003s
sys	0m0.007s

error: Unable to list url ftp://cc066.fst.alcf.anl.gov:32968/scratch/md5_data/2G.data:
globus_ftp_client: the server responded with an error
500 500-Command failed : System error in stat: No such file or directory
500-A system call failed: No such file or directory
500 End.


real	0m0.023s
user	0m0.005s
sys	0m0.004s

error: Unable to list url ftp://cc066.fst.alcf.anl.gov:32968/scratch/md5_data/2G.data:
globus_ftp_client: the server responded with an error
500 500-Command failed : System error in stat: No such file or directory
500-A system call failed: No such file or directory
500 End.


real	0m0.022s
user	0m0.009s
sys	0m0.000s

error: Unable to list url ftp://cc066.fst.alcf.anl.gov:32968/scratch/md5_data/2G.data:
globus_ftp_client: the server responded with an error
500 500-Command failed : System error in stat: No such file or directory
500-A system call failed: No such file or directory
500 End.


real	0m0.026s
user	0m0.008s
sys	0m0.003s

error: Unable to list url ftp://cc066.fst.alcf.anl.gov:32968/scratch/md5_data/2G.data:
globus_ftp_client: the server responded with an error
500 500-Command failed : System error in stat: No such file or directory
500-A system call failed: No such file or directory
500 End.


real	0m0.023s
user	0m0.008s
sys	0m0.002s

error: Unable to list url ftp://cc066.fst.alcf.anl.gov:32968/scratch/md5_data/2G.data:
globus_ftp_client: the server responded with an error
500 500-Command failed : System error in stat: No such file or directory
500-A system call failed: No such file or directory
500 End.


real	0m0.025s
user	0m0.007s
sys	0m0.003s

error: Unable to list url ftp://cc066.fst.alcf.anl.gov:32968/scratch/md5_data/2G.data:
globus_ftp_client: the server responded with an error
500 500-Command failed : System error in stat: No such file or directory
500-A system call failed: No such file or directory
500 End.


real	0m0.023s
user	0m0.006s
sys	0m0.003s

error: Unable to list url ftp://cc066.fst.alcf.anl.gov:32968/scratch/md5_data/2G.data:
globus_ftp_client: the server responded with an error
500 500-Command failed : System error in stat: No such file or directory
500-A system call failed: No such file or directory
500 End.


real	0m0.026s
user	0m0.005s
sys	0m0.005s

error: Unable to list url ftp://cc066.fst.alcf.anl.gov:32968/scratch/md5_data/2G.data:
globus_ftp_client: the server responded with an error
500 500-Command failed : System error in stat: No such file or directory
500-A system call failed: No such file or directory
500 End.


real	0m0.024s
user	0m0.004s
sys	0m0.006s

error: Unable to list url ftp://cc066.fst.alcf.anl.gov:32968/scratch/md5_data/2G.data:
globus_ftp_client: the server responded with an error
500 500-Command failed : System error in stat: No such file or directory
500-A system call failed: No such file or directory
500 End.


real	0m0.025s
user	0m0.007s
sys	0m0.003s

error: Unable to list url ftp://cc066.fst.alcf.anl.gov:32968/scratch/md5_data/2G.data:
globus_ftp_client: the server responded with an error
500 500-Command failed : System error in stat: No such file or directory
500-A system call failed: No such file or directory
500 End.


real	0m0.024s
user	0m0.004s
sys	0m0.006s

error: Unable to list url ftp://cc066.fst.alcf.anl.gov:32968/scratch/md5_data/2G.data:
globus_ftp_client: the server responded with an error
500 500-Command failed : System error in stat: No such file or directory
500-A system call failed: No such file or directory
500 End.


real	0m0.025s
user	0m0.006s
sys	0m0.004s

error: Unable to list url ftp://cc066.fst.alcf.anl.gov:32968/scratch/md5_data/2G.data:
globus_ftp_client: the server responded with an error
500 500-Command failed : System error in stat: No such file or directory
500-A system call failed: No such file or directory
500 End.


real	0m0.025s
user	0m0.005s
sys	0m0.005s

error: Unable to list url ftp://cc066.fst.alcf.anl.gov:32968/scratch/md5_data/2G.data:
globus_ftp_client: the server responded with an error
500 500-Command failed : System error in stat: No such file or directory
500-A system call failed: No such file or directory
500 End.


real	0m0.024s
user	0m0.005s
sys	0m0.005s

error: Unable to list url ftp://cc066.fst.alcf.anl.gov:32968/scratch/md5_data/2G.data:
globus_ftp_client: the server responded with an error
500 500-Command failed : System error in stat: No such file or directory
500-A system call failed: No such file or directory
500 End.


real	0m0.025s
user	0m0.007s
sys	0m0.003s

error: Unable to list url ftp://cc066.fst.alcf.anl.gov:32968/scratch/md5_data/2G.data:
globus_ftp_client: the server responded with an error
500 500-Command failed : System error in stat: No such file or directory
500-A system call failed: No such file or directory
500 End.


real	0m0.023s
user	0m0.006s
sys	0m0.004s

error: Unable to list url ftp://cc066.fst.alcf.anl.gov:32968/scratch/md5_data/2G.data:
globus_ftp_client: the server responded with an error
500 500-Command failed : System error in stat: No such file or directory
500-A system call failed: No such file or directory
500 End.


real	0m0.024s
user	0m0.005s
sys	0m0.005s

error: Unable to list url ftp://cc066.fst.alcf.anl.gov:32968/scratch/md5_data/2G.data:
globus_ftp_client: the server responded with an error
500 500-Command failed : System error in stat: No such file or directory
500-A system call failed: No such file or directory
500 End.


real	0m0.025s
user	0m0.006s
sys	0m0.004s

error: Unable to list url ftp://cc066.fst.alcf.anl.gov:32968/scratch/md5_data/2G.data:
globus_ftp_client: the server responded with an error
500 500-Command failed : System error in stat: No such file or directory
500-A system call failed: No such file or directory
500 End.


real	0m0.024s
user	0m0.008s
sys	0m0.002s

error: Unable to list url ftp://cc066.fst.alcf.anl.gov:32968/scratch/md5_data/2G.data:
globus_ftp_client: the server responded with an error
500 500-Command failed : System error in stat: No such file or directory
500-A system call failed: No such file or directory
500 End.


real	0m0.035s
user	0m0.005s
sys	0m0.005s

error: Unable to list url ftp://cc066.fst.alcf.anl.gov:32968/scratch/md5_data/2G.data:
globus_ftp_client: the server responded with an error
500 500-Command failed : System error in stat: No such file or directory
500-A system call failed: No such file or directory
500 End.


real	0m0.023s
user	0m0.007s
sys	0m0.003s

error: Unable to list url ftp://cc066.fst.alcf.anl.gov:32968/scratch/md5_data/2G.data:
globus_ftp_client: the server responded with an error
500 500-Command failed : System error in stat: No such file or directory
500-A system call failed: No such file or directory
500 End.


real	0m0.025s
user	0m0.004s
sys	0m0.006s

error: Unable to list url ftp://cc066.fst.alcf.anl.gov:32968/scratch/md5_data/2G.data:
globus_ftp_client: the server responded with an error
500 500-Command failed : System error in stat: No such file or directory
500-A system call failed: No such file or directory
500 End.


real	0m0.024s
user	0m0.007s
sys	0m0.003s

error: Unable to list url ftp://cc066.fst.alcf.anl.gov:32968/scratch/md5_data/2G.data:
globus_ftp_client: the server responded with an error
500 500-Command failed : System error in stat: No such file or directory
500-A system call failed: No such file or directory
500 End.


real	0m0.024s
user	0m0.003s
sys	0m0.008s

error: Unable to list url ftp://cc066.fst.alcf.anl.gov:32968/scratch/md5_data/2G.data:
globus_ftp_client: the server responded with an error
500 500-Command failed : System error in stat: No such file or directory
500-A system call failed: No such file or directory
500 End.


real	0m0.026s
user	0m0.008s
sys	0m0.003s

error: Unable to list url ftp://cc066.fst.alcf.anl.gov:32968/scratch/md5_data/2G.data:
globus_ftp_client: the server responded with an error
500 500-Command failed : System error in stat: No such file or directory
500-A system call failed: No such file or directory
500 End.


real	0m0.025s
user	0m0.006s
sys	0m0.004s

error: Unable to list url ftp://cc066.fst.alcf.anl.gov:32968/scratch/md5_data/2G.data:
globus_ftp_client: the server responded with an error
500 500-Command failed : System error in stat: No such file or directory
500-A system call failed: No such file or directory
500 End.


real	0m0.025s
user	0m0.006s
sys	0m0.004s

error: Unable to list url ftp://cc066.fst.alcf.anl.gov:32968/scratch/md5_data/2G.data:
globus_ftp_client: the server responded with an error
500 500-Command failed : System error in stat: No such file or directory
500-A system call failed: No such file or directory
500 End.


real	0m0.023s
user	0m0.004s
sys	0m0.006s

error: Unable to list url ftp://cc066.fst.alcf.anl.gov:32968/scratch/md5_data/2G.data:
globus_ftp_client: the server responded with an error
500 500-Command failed : System error in stat: No such file or directory
500-A system call failed: No such file or directory
500 End.


real	0m0.025s
user	0m0.008s
sys	0m0.003s

error: Unable to list url ftp://cc066.fst.alcf.anl.gov:32968/scratch/md5_data/2G.data:
globus_ftp_client: the server responded with an error
500 500-Command failed : System error in stat: No such file or directory
500-A system call failed: No such file or directory
500 End.


real	0m0.025s
user	0m0.004s
sys	0m0.006s

error: Unable to list url ftp://cc066.fst.alcf.anl.gov:32968/scratch/md5_data/2G.data:
globus_ftp_client: the server responded with an error
500 500-Command failed : System error in stat: No such file or directory
500-A system call failed: No such file or directory
500 End.


real	0m0.022s
user	0m0.004s
sys	0m0.006s

error: Unable to list url ftp://cc066.fst.alcf.anl.gov:32968/scratch/md5_data/2G.data:
globus_ftp_client: the server responded with an error
500 500-Command failed : System error in stat: No such file or directory
500-A system call failed: No such file or directory
500 End.


real	0m0.026s
user	0m0.005s
sys	0m0.006s

error: Unable to list url ftp://cc066.fst.alcf.anl.gov:32968/scratch/md5_data/2G.data:
globus_ftp_client: the server responded with an error
500 500-Command failed : System error in stat: No such file or directory
500-A system call failed: No such file or directory
500 End.


real	0m0.025s
user	0m0.005s
sys	0m0.006s

error: Unable to list url ftp://cc066.fst.alcf.anl.gov:32968/scratch/md5_data/2G.data:
globus_ftp_client: the server responded with an error
500 500-Command failed : System error in stat: No such file or directory
500-A system call failed: No such file or directory
500 End.


real	0m0.025s
user	0m0.006s
sys	0m0.005s

error: Unable to list url ftp://cc066.fst.alcf.anl.gov:32968/scratch/md5_data/2G.data:
globus_ftp_client: the server responded with an error
500 500-Command failed : System error in stat: No such file or directory
500-A system call failed: No such file or directory
500 End.


real	0m0.028s
user	0m0.008s
sys	0m0.003s

error: Unable to list url ftp://cc066.fst.alcf.anl.gov:32968/scratch/md5_data/2G.data:
globus_ftp_client: the server responded with an error
500 500-Command failed : System error in stat: No such file or directory
500-A system call failed: No such file or directory
500 End.


real	0m0.025s
user	0m0.006s
sys	0m0.004s

error: Unable to list url ftp://cc066.fst.alcf.anl.gov:32968/scratch/md5_data/2G.data:
globus_ftp_client: the server responded with an error
500 500-Command failed : System error in stat: No such file or directory
500-A system call failed: No such file or directory
500 End.


real	0m0.026s
user	0m0.004s
sys	0m0.007s

error: Unable to list url ftp://cc066.fst.alcf.anl.gov:32968/scratch/md5_data/2G.data:
globus_ftp_client: the server responded with an error
500 500-Command failed : System error in stat: No such file or directory
500-A system call failed: No such file or directory
500 End.


real	0m0.025s
user	0m0.006s
sys	0m0.005s

error: Unable to list url ftp://cc066.fst.alcf.anl.gov:32968/scratch/md5_data/2G.data:
globus_ftp_client: the server responded with an error
500 500-Command failed : System error in stat: No such file or directory
500-A system call failed: No such file or directory
500 End.


real	0m0.023s
user	0m0.005s
sys	0m0.005s

error: Unable to list url ftp://cc066.fst.alcf.anl.gov:32968/scratch/md5_data/2G.data:
globus_ftp_client: the server responded with an error
500 500-Command failed : System error in stat: No such file or directory
500-A system call failed: No such file or directory
500 End.


real	0m0.024s
user	0m0.005s
sys	0m0.005s

error: Unable to list url ftp://cc066.fst.alcf.anl.gov:32968/scratch/md5_data/2G.data:
globus_ftp_client: the server responded with an error
500 500-Command failed : System error in stat: No such file or directory
500-A system call failed: No such file or directory
500 End.


real	0m0.026s
user	0m0.004s
sys	0m0.007s

error: Unable to list url ftp://cc066.fst.alcf.anl.gov:32968/scratch/md5_data/2G.data:
globus_ftp_client: the server responded with an error
500 500-Command failed : System error in stat: No such file or directory
500-A system call failed: No such file or directory
500 End.


real	0m0.026s
user	0m0.006s
sys	0m0.005s

error: Unable to list url ftp://cc066.fst.alcf.anl.gov:32968/scratch/md5_data/2G.data:
globus_ftp_client: the server responded with an error
500 500-Command failed : System error in stat: No such file or directory
500-A system call failed: No such file or directory
500 End.


real	0m0.024s
user	0m0.006s
sys	0m0.004s

error: Unable to list url ftp://cc066.fst.alcf.anl.gov:32968/scratch/md5_data/2G.data:
globus_ftp_client: the server responded with an error
500 500-Command failed : System error in stat: No such file or directory
500-A system call failed: No such file or directory
500 End.


real	0m0.025s
user	0m0.006s
sys	0m0.005s

error: Unable to list url ftp://cc066.fst.alcf.anl.gov:32968/scratch/md5_data/2G.data:
globus_ftp_client: the server responded with an error
500 500-Command failed : System error in stat: No such file or directory
500-A system call failed: No such file or directory
500 End.


real	0m0.027s
user	0m0.006s
sys	0m0.005s

error: Unable to list url ftp://cc066.fst.alcf.anl.gov:32968/scratch/md5_data/2G.data:
globus_ftp_client: the server responded with an error
500 500-Command failed : System error in stat: No such file or directory
500-A system call failed: No such file or directory
500 End.


real	0m0.025s
user	0m0.006s
sys	0m0.004s

error: Unable to list url ftp://cc066.fst.alcf.anl.gov:32968/scratch/md5_data/2G.data:
globus_ftp_client: the server responded with an error
500 500-Command failed : System error in stat: No such file or directory
500-A system call failed: No such file or directory
500 End.


real	0m0.026s
user	0m0.006s
sys	0m0.004s

error: Unable to list url ftp://cc066.fst.alcf.anl.gov:32968/scratch/md5_data/2G.data:
globus_ftp_client: the server responded with an error
500 500-Command failed : System error in stat: No such file or directory
500-A system call failed: No such file or directory
500 End.


real	0m0.025s
user	0m0.008s
sys	0m0.003s

error: Unable to list url ftp://cc066.fst.alcf.anl.gov:32968/scratch/md5_data/2G.data:
globus_ftp_client: the server responded with an error
500 500-Command failed : System error in stat: No such file or directory
500-A system call failed: No such file or directory
500 End.


real	0m0.024s
user	0m0.005s
sys	0m0.005s

error: Unable to list url ftp://cc066.fst.alcf.anl.gov:32968/scratch/md5_data/2G.data:
globus_ftp_client: the server responded with an error
500 500-Command failed : System error in stat: No such file or directory
500-A system call failed: No such file or directory
500 End.


real	0m0.026s
user	0m0.005s
sys	0m0.005s

error: Unable to list url ftp://cc066.fst.alcf.anl.gov:32968/scratch/md5_data/2G.data:
globus_ftp_client: the server responded with an error
500 500-Command failed : System error in stat: No such file or directory
500-A system call failed: No such file or directory
500 End.


real	0m0.024s
user	0m0.007s
sys	0m0.003s

error: Unable to list url ftp://cc066.fst.alcf.anl.gov:32968/scratch/md5_data/2G.data:
globus_ftp_client: the server responded with an error
500 500-Command failed : System error in stat: No such file or directory
500-A system call failed: No such file or directory
500 End.


real	0m0.025s
user	0m0.006s
sys	0m0.005s

error: Unable to list url ftp://cc066.fst.alcf.anl.gov:32968/scratch/md5_data/2G.data:
globus_ftp_client: the server responded with an error
500 500-Command failed : System error in stat: No such file or directory
500-A system call failed: No such file or directory
500 End.


real	0m0.024s
user	0m0.005s
sys	0m0.005s

error: Unable to list url ftp://cc066.fst.alcf.anl.gov:32968/scratch/md5_data/2G.data:
globus_ftp_client: the server responded with an error
500 500-Command failed : System error in stat: No such file or directory
500-A system call failed: No such file or directory
500 End.


real	0m0.024s
user	0m0.004s
sys	0m0.006s

error: Unable to list url ftp://cc066.fst.alcf.anl.gov:32968/scratch/md5_data/2G.data:
globus_ftp_client: the server responded with an error
500 500-Command failed : System error in stat: No such file or directory
500-A system call failed: No such file or directory
500 End.


real	0m0.024s
user	0m0.005s
sys	0m0.005s

error: Unable to list url ftp://cc066.fst.alcf.anl.gov:32968/scratch/md5_data/2G.data:
globus_ftp_client: the server responded with an error
500 500-Command failed : System error in stat: No such file or directory
500-A system call failed: No such file or directory
500 End.


real	0m0.025s
user	0m0.006s
sys	0m0.005s

error: Unable to list url ftp://cc066.fst.alcf.anl.gov:32968/scratch/md5_data/2G.data:
globus_ftp_client: the server responded with an error
500 500-Command failed : System error in stat: No such file or directory
500-A system call failed: No such file or directory
500 End.


real	0m0.026s
user	0m0.006s
sys	0m0.005s

error: Unable to list url ftp://cc066.fst.alcf.anl.gov:32968/scratch/md5_data/2G.data:
globus_ftp_client: the server responded with an error
500 500-Command failed : System error in stat: No such file or directory
500-A system call failed: No such file or directory
500 End.


real	0m0.027s
user	0m0.005s
sys	0m0.006s

error: Unable to list url ftp://cc066.fst.alcf.anl.gov:32968/scratch/md5_data/2G.data:
globus_ftp_client: the server responded with an error
500 500-Command failed : System error in stat: No such file or directory
500-A system call failed: No such file or directory
500 End.


real	0m0.023s
user	0m0.005s
sys	0m0.005s

error: Unable to list url ftp://cc066.fst.alcf.anl.gov:32968/scratch/md5_data/2G.data:
globus_ftp_client: the server responded with an error
500 500-Command failed : System error in stat: No such file or directory
500-A system call failed: No such file or directory
500 End.


real	0m0.027s
user	0m0.006s
sys	0m0.006s

error: Unable to list url ftp://cc066.fst.alcf.anl.gov:32968/scratch/md5_data/2G.data:
globus_ftp_client: the server responded with an error
500 500-Command failed : System error in stat: No such file or directory
500-A system call failed: No such file or directory
500 End.


real	0m0.026s
user	0m0.006s
sys	0m0.005s

error: Unable to list url ftp://cc066.fst.alcf.anl.gov:32968/scratch/md5_data/2G.data:
globus_ftp_client: the server responded with an error
500 500-Command failed : System error in stat: No such file or directory
500-A system call failed: No such file or directory
500 End.


real	0m0.027s
user	0m0.005s
sys	0m0.006s

error: Unable to list url ftp://cc066.fst.alcf.anl.gov:32968/scratch/md5_data/2G.data:
globus_ftp_client: the server responded with an error
500 500-Command failed : System error in stat: No such file or directory
500-A system call failed: No such file or directory
500 End.


real	0m0.024s
user	0m0.008s
sys	0m0.002s

error: Unable to list url ftp://cc066.fst.alcf.anl.gov:32968/scratch/md5_data/2G.data:
globus_ftp_client: the server responded with an error
500 500-Command failed : System error in stat: No such file or directory
500-A system call failed: No such file or directory
500 End.


real	0m0.024s
user	0m0.007s
sys	0m0.003s

error: Unable to list url ftp://cc066.fst.alcf.anl.gov:32968/scratch/md5_data/2G.data:
globus_ftp_client: the server responded with an error
500 500-Command failed : System error in stat: No such file or directory
500-A system call failed: No such file or directory
500 End.


real	0m0.024s
user	0m0.006s
sys	0m0.004s

error: Unable to list url ftp://cc066.fst.alcf.anl.gov:32968/scratch/md5_data/2G.data:
globus_ftp_client: the server responded with an error
500 500-Command failed : System error in stat: No such file or directory
500-A system call failed: No such file or directory
500 End.


real	0m0.026s
user	0m0.006s
sys	0m0.005s

error: Unable to list url ftp://cc066.fst.alcf.anl.gov:32968/scratch/md5_data/2G.data:
globus_ftp_client: the server responded with an error
500 500-Command failed : System error in stat: No such file or directory
500-A system call failed: No such file or directory
500 End.


real	0m0.024s
user	0m0.006s
sys	0m0.005s

error: Unable to list url ftp://cc066.fst.alcf.anl.gov:32968/scratch/md5_data/2G.data:
globus_ftp_client: the server responded with an error
500 500-Command failed : System error in stat: No such file or directory
500-A system call failed: No such file or directory
500 End.


real	0m0.025s
user	0m0.004s
sys	0m0.007s

error: Unable to list url ftp://cc066.fst.alcf.anl.gov:32968/scratch/md5_data/2G.data:
globus_ftp_client: the server responded with an error
500 500-Command failed : System error in stat: No such file or directory
500-A system call failed: No such file or directory
500 End.


real	0m0.027s
user	0m0.006s
sys	0m0.006s

error: Unable to list url ftp://cc066.fst.alcf.anl.gov:32968/scratch/md5_data/2G.data:
globus_ftp_client: the server responded with an error
500 500-Command failed : System error in stat: No such file or directory
500-A system call failed: No such file or directory
500 End.


real	0m0.025s
user	0m0.006s
sys	0m0.004s

error: Unable to list url ftp://cc066.fst.alcf.anl.gov:32968/scratch/md5_data/2G.data:
globus_ftp_client: the server responded with an error
500 500-Command failed : System error in stat: No such file or directory
500-A system call failed: No such file or directory
500 End.


real	0m0.026s
user	0m0.009s
sys	0m0.002s

error: Unable to list url ftp://cc066.fst.alcf.anl.gov:32968/scratch/md5_data/2G.data:
globus_ftp_client: the server responded with an error
500 500-Command failed : System error in stat: No such file or directory
500-A system call failed: No such file or directory
500 End.


real	0m0.024s
user	0m0.007s
sys	0m0.003s

error: Unable to list url ftp://cc066.fst.alcf.anl.gov:32968/scratch/md5_data/2G.data:
globus_ftp_client: the server responded with an error
500 500-Command failed : System error in stat: No such file or directory
500-A system call failed: No such file or directory
500 End.


real	0m0.024s
user	0m0.008s
sys	0m0.002s

error: Unable to list url ftp://cc066.fst.alcf.anl.gov:32968/scratch/md5_data/2G.data:
globus_ftp_client: the server responded with an error
500 500-Command failed : System error in stat: No such file or directory
500-A system call failed: No such file or directory
500 End.


real	0m0.024s
user	0m0.009s
sys	0m0.001s

error: Unable to list url ftp://cc066.fst.alcf.anl.gov:32968/scratch/md5_data/2G.data:
globus_ftp_client: the server responded with an error
500 500-Command failed : System error in stat: No such file or directory
500-A system call failed: No such file or directory
500 End.


real	0m0.028s
user	0m0.004s
sys	0m0.007s

error: Unable to list url ftp://cc066.fst.alcf.anl.gov:32968/scratch/md5_data/2G.data:
globus_ftp_client: the server responded with an error
500 500-Command failed : System error in stat: No such file or directory
500-A system call failed: No such file or directory
500 End.


real	0m0.025s
user	0m0.005s
sys	0m0.005s

error: Unable to list url ftp://cc066.fst.alcf.anl.gov:32968/scratch/md5_data/2G.data:
globus_ftp_client: the server responded with an error
500 500-Command failed : System error in stat: No such file or directory
500-A system call failed: No such file or directory
500 End.


real	0m0.023s
user	0m0.006s
sys	0m0.004s

error: Unable to list url ftp://cc066.fst.alcf.anl.gov:32968/scratch/md5_data/2G.data:
globus_ftp_client: the server responded with an error
500 500-Command failed : System error in stat: No such file or directory
500-A system call failed: No such file or directory
500 End.


real	0m0.026s
user	0m0.005s
sys	0m0.006s

error: Unable to list url ftp://cc066.fst.alcf.anl.gov:32968/scratch/md5_data/2G.data:
globus_ftp_client: the server responded with an error
500 500-Command failed : System error in stat: No such file or directory
500-A system call failed: No such file or directory
500 End.


real	0m0.028s
user	0m0.003s
sys	0m0.008s

error: Unable to list url ftp://cc066.fst.alcf.anl.gov:32968/scratch/md5_data/2G.data:
globus_ftp_client: the server responded with an error
500 500-Command failed : System error in stat: No such file or directory
500-A system call failed: No such file or directory
500 End.


real	0m0.024s
user	0m0.006s
sys	0m0.004s

error: Unable to list url ftp://cc066.fst.alcf.anl.gov:32968/scratch/md5_data/2G.data:
globus_ftp_client: the server responded with an error
500 500-Command failed : System error in stat: No such file or directory
500-A system call failed: No such file or directory
500 End.


real	0m0.024s
user	0m0.005s
sys	0m0.005s

error: Unable to list url ftp://cc066.fst.alcf.anl.gov:32968/scratch/md5_data/2G.data:
globus_ftp_client: the server responded with an error
500 500-Command failed : System error in stat: No such file or directory
500-A system call failed: No such file or directory
500 End.


real	0m0.027s
user	0m0.007s
sys	0m0.004s

error: Unable to list url ftp://cc066.fst.alcf.anl.gov:32968/scratch/md5_data/2G.data:
globus_ftp_client: the server responded with an error
500 500-Command failed : System error in stat: No such file or directory
500-A system call failed: No such file or directory
500 End.


real	0m0.027s
user	0m0.005s
sys	0m0.007s

error: Unable to list url ftp://cc066.fst.alcf.anl.gov:32968/scratch/md5_data/2G.data:
globus_ftp_client: the server responded with an error
500 500-Command failed : System error in stat: No such file or directory
500-A system call failed: No such file or directory
500 End.


real	0m0.024s
user	0m0.006s
sys	0m0.004s

error: Unable to list url ftp://cc066.fst.alcf.anl.gov:32968/scratch/md5_data/2G.data:
globus_ftp_client: the server responded with an error
500 500-Command failed : System error in stat: No such file or directory
500-A system call failed: No such file or directory
500 End.


real	0m0.024s
user	0m0.006s
sys	0m0.004s

error: Unable to list url ftp://cc066.fst.alcf.anl.gov:32968/scratch/md5_data/2G.data:
globus_ftp_client: the server responded with an error
500 500-Command failed : System error in stat: No such file or directory
500-A system call failed: No such file or directory
500 End.


real	0m0.024s
user	0m0.007s
sys	0m0.003s

error: Unable to list url ftp://cc066.fst.alcf.anl.gov:32968/scratch/md5_data/2G.data:
globus_ftp_client: the server responded with an error
500 500-Command failed : System error in stat: No such file or directory
500-A system call failed: No such file or directory
500 End.


real	0m0.118s
user	0m0.006s
sys	0m0.007s

error: Unable to list url ftp://cc066.fst.alcf.anl.gov:32968/scratch/md5_data/2G.data:
globus_ftp_client: the server responded with an error
500 500-Command failed : System error in stat: No such file or directory
500-A system call failed: No such file or directory
500 End.


real	0m0.028s
user	0m0.005s
sys	0m0.005s

error: Unable to list url ftp://cc066.fst.alcf.anl.gov:32968/scratch/md5_data/2G.data:
globus_ftp_client: the server responded with an error
500 500-Command failed : System error in stat: No such file or directory
500-A system call failed: No such file or directory
500 End.


real	0m0.023s
user	0m0.005s
sys	0m0.005s

error: Unable to list url ftp://cc066.fst.alcf.anl.gov:32968/scratch/md5_data/2G.data:
globus_ftp_client: the server responded with an error
500 500-Command failed : System error in stat: No such file or directory
500-A system call failed: No such file or directory
500 End.


real	0m0.025s
user	0m0.006s
sys	0m0.004s

error: Unable to list url ftp://cc066.fst.alcf.anl.gov:32968/scratch/md5_data/2G.data:
globus_ftp_client: the server responded with an error
500 500-Command failed : System error in stat: No such file or directory
500-A system call failed: No such file or directory
500 End.


real	0m0.023s
user	0m0.007s
sys	0m0.002s

error: Unable to list url ftp://cc066.fst.alcf.anl.gov:32968/scratch/md5_data/2G.data:
globus_ftp_client: the server responded with an error
500 500-Command failed : System error in stat: No such file or directory
500-A system call failed: No such file or directory
500 End.


real	0m0.024s
user	0m0.006s
sys	0m0.004s

error: Unable to list url ftp://cc066.fst.alcf.anl.gov:32968/scratch/md5_data/2G.data:
globus_ftp_client: the server responded with an error
500 500-Command failed : System error in stat: No such file or directory
500-A system call failed: No such file or directory
500 End.


real	0m0.027s
user	0m0.007s
sys	0m0.004s

error: Unable to list url ftp://cc066.fst.alcf.anl.gov:32968/scratch/md5_data/2G.data:
globus_ftp_client: the server responded with an error
500 500-Command failed : System error in stat: No such file or directory
500-A system call failed: No such file or directory
500 End.


real	0m0.022s
user	0m0.006s
sys	0m0.003s
