10000+0 records in
10000+0 records out
a02bf4596da9a0c3d2b10ac745b55ccf  -
10485760000 bytes (10 GB) copied, 25.1744 s, 417 MB/s

real	0m25.177s
user	0m23.419s
sys	0m5.884s
10000+0 records in
10000+0 records out
10485760000 bytes (10 GB) copied, 25.1575 s, 417 MB/s
a02bf4596da9a0c3d2b10ac745b55ccf  -

real	0m25.160s
user	0m23.402s
sys	0m5.991s
10000+0 records in
10000+0 records out
10485760000 bytes (10 GB) copieda02bf4596da9a0c3d2b10ac745b55ccf  -
, 25.2313 s, 416 MB/s

real	0m25.234s
user	0m23.304s
sys	0m5.806s
10000+0 records in
10000+0 records out
10485760000 bytes (10 GB) copied, 25.243 s, 415 MB/s
a02bf4596da9a0c3d2b10ac745b55ccf  -

real	0m25.246s
user	0m23.374s
sys	0m6.036s
10000+0 records in
10000+0 records out
10485760000 bytes (10 GB) copied, 25.2222 s, 416 MB/s
a02bf4596da9a0c3d2b10ac745b55ccf  -

real	0m25.225s
user	0m23.316s
sys	0m5.811s
10000+0 records in
10000+0 records out
10485760000 bytes (10 GB) copied, 25.2526 s, 415 MB/s
a02bf4596da9a0c3d2b10ac745b55ccf  -

real	0m25.255s
user	0m23.407s
sys	0m5.805s
10000+0 records in
10000+0 records out
10485760000 bytes (10 GB) copied, 25.1981 s, 416 MB/s
a02bf4596da9a0c3d2b10ac745b55ccf  -

real	0m25.201s
user	0m23.425s
sys	0m5.832s
10000+0 records in
10000+0 records out
10485760000 bytes (10 GB) copied, 25.1806 s, 416 MB/s
a02bf4596da9a0c3d2b10ac745b55ccf  -

real	0m25.183s
user	0m23.303s
sys	0m5.734s
10000+0 records in
10000+0 records out
10485760000 bytes (10 GB) copied, 25.1676 s, 417 MB/s
a02bf4596da9a0c3d2b10ac745b55ccf  -

real	0m25.170s
user	0m23.337s
sys	0m5.718s
10000+0 records in
10000+0 records out
10485760000 bytes (10 GB) copied, 25.1733 s, 417 MB/s
a02bf4596da9a0c3d2b10ac745b55ccf  -

real	0m25.176s
user	0m23.397s
sys	0m6.027s
