500+0 records in
500+0 records out
524288000 bytes (524 MB) copied, 1.36076 s, 385 MB/s
afbad591ee2b70ac94258fbc7fac3bf2  -

real	0m1.363s
user	0m1.159s
sys	0m0.318s
500+0 records in
500+0 records out
524288000 bytes (524 MB) copied, 1.2771 s, 411 MB/s
afbad591ee2b70ac94258fbc7fac3bf2  -

real	0m1.280s
user	0m1.179s
sys	0m0.299s
500+0 records in
500+0 records out
524288000 bytes (524 MB) copiedafbad591ee2b70ac94258fbc7fac3bf2  -
, 1.27201 s, 412 MB/s

real	0m1.274s
user	0m1.172s
sys	0m0.283s
500+0 records in
500+0 records out
524288000 bytes (524 MB) copied, 1.37146 s, 382 MB/s
afbad591ee2b70ac94258fbc7fac3bf2  -

real	0m1.374s
user	0m1.172s
sys	0m0.284s
500+0 records in
500+0 records out
524288000 bytes (524 MB) copied, 1.3015 s, 403 MB/s
afbad591ee2b70ac94258fbc7fac3bf2  -

real	0m1.304s
user	0m1.169s
sys	0m0.290s
500+0 records in
500+0 records out
524288000 bytes (524 MB) copied, 1.35719 s, 386 MB/s
afbad591ee2b70ac94258fbc7fac3bf2  -

real	0m1.360s
user	0m1.167s
sys	0m0.292s
500+0 records in
500+0 records out
524288000 bytes (524 MB) copied, 1.27597 s, 411 MB/s
afbad591ee2b70ac94258fbc7fac3bf2  -

real	0m1.278s
user	0m1.169s
sys	0m0.305s
500+0 records in
500+0 records out
524288000 bytes (524 MB) copied, 1.32251 s, 396 MB/s
afbad591ee2b70ac94258fbc7fac3bf2  -

real	0m1.325s
user	0m1.157s
sys	0m0.306s
500+0 records in
500+0 records out
524288000 bytes (524 MB) copied, 1.2757 s, 411 MB/s
afbad591ee2b70ac94258fbc7fac3bf2  -

real	0m1.278s
user	0m1.183s
sys	0m0.300s
500+0 records in
500+0 records out
524288000 bytes (524 MB) copied, 1.27535 s, 411 MB/s
afbad591ee2b70ac94258fbc7fac3bf2  -

real	0m1.278s
user	0m1.175s
sys	0m0.305s
