1000+0 records in
1000+0 records out
1048576000 bytes (1.0 GB) copied, 2.52266 s, 416 MB/s
3c84e34b319946f6531a2c4559f588a8  -

real	0m2.525s
user	0m2.339s
sys	0m0.620s
1000+0 records in
1000+0 records out
1048576000 bytes (1.0 GB) copied, 2.5217 s, 416 MB/s
3c84e34b319946f6531a2c4559f588a8  -

real	0m2.524s
user	0m2.322s
sys	0m0.636s
1000+0 records in
1000+0 records out
1048576000 bytes (1.0 GB) copied3c84e34b319946f6531a2c4559f588a8  -
, 2.52673 s, 415 MB/s

real	0m2.529s
user	0m2.341s
sys	0m0.633s
1000+0 records in
1000+0 records out
1048576000 bytes (1.0 GB) copied, 2.52568 s, 415 MB/s
3c84e34b319946f6531a2c4559f588a8  -

real	0m2.528s
user	0m2.348s
sys	0m0.617s
1000+0 records in
1000+0 records out
1048576000 bytes (1.0 GB) copied, 2.54987 s, 411 MB/s
3c84e34b319946f6531a2c4559f588a8  -

real	0m2.553s
user	0m2.357s
sys	0m0.621s
1000+0 records in
1000+0 records out
1048576000 bytes (1.0 GB) copied, 2.52193 s, 416 MB/s
3c84e34b319946f6531a2c4559f588a8  -

real	0m2.525s
user	0m2.323s
sys	0m0.638s
1000+0 records in
1000+0 records out
1048576000 bytes (1.0 GB) copied, 2.52137 s, 416 MB/s
3c84e34b319946f6531a2c4559f588a8  -

real	0m2.524s
user	0m2.342s
sys	0m0.636s
1000+0 records in
1000+0 records out
1048576000 bytes (1.0 GB) copied, 2.55661 s, 410 MB/s
3c84e34b319946f6531a2c4559f588a8  -

real	0m2.559s
user	0m2.320s
sys	0m0.720s
1000+0 records in
1000+0 records out
1048576000 bytes (1.0 GB) copied, 2.51989 s, 416 MB/s
3c84e34b319946f6531a2c4559f588a8  -

real	0m2.523s
user	0m2.355s
sys	0m0.605s
1000+0 records in
1000+0 records out
1048576000 bytes (1.0 GB) copied, 2.58218 s, 406 MB/s
3c84e34b319946f6531a2c4559f588a8  -

real	0m2.585s
user	0m2.368s
sys	0m0.671s
1000+0 records in
1000+0 records out
1048576000 bytes (1.0 GB) copied, 2.51712 s, 417 MB/s
3c84e34b319946f6531a2c4559f588a8  -

real	0m2.519s
user	0m2.344s
sys	0m0.608s
1000+0 records in
1000+0 records out
1048576000 bytes (1.0 GB) copied, 2.52561 s, 415 MB/s
3c84e34b319946f6531a2c4559f588a8  -

real	0m2.528s
user	0m2.364s
sys	0m0.608s
1000+0 records in
1000+0 records out
1048576000 bytes (1.0 GB) copied, 2.51317 s, 417 MB/s
3c84e34b319946f6531a2c4559f588a8  -

real	0m2.516s
user	0m2.337s
sys	0m0.582s
1000+0 records in
1000+0 records out
1048576000 bytes (1.0 GB) copied, 2.51599 s, 417 MB/s
3c84e34b319946f6531a2c4559f588a8  -

real	0m2.519s
user	0m2.336s
sys	0m0.589s
1000+0 records in
1000+0 records out
1048576000 bytes (1.0 GB) copied, 2.55863 s, 410 MB/s
3c84e34b319946f6531a2c4559f588a8  -

real	0m2.562s
user	0m2.350s
sys	0m0.633s
1000+0 records in
1000+0 records out
1048576000 bytes (1.0 GB) copied, 2.51068 s, 418 MB/s
3c84e34b319946f6531a2c4559f588a8  -

real	0m2.514s
user	0m2.331s
sys	0m0.596s
1000+0 records in
1000+0 records out
1048576000 bytes (1.0 GB) copied, 2.52883 s, 415 MB/s
3c84e34b319946f6531a2c4559f588a8  -

real	0m2.532s
user	0m2.342s
sys	0m0.643s
1000+0 records in
1000+0 records out
1048576000 bytes (1.0 GB) copied, 2.52098 s, 416 MB/s
3c84e34b319946f6531a2c4559f588a8  -

real	0m2.524s
user	0m2.344s
sys	0m0.629s
1000+0 records in
1000+0 records out
1048576000 bytes (1.0 GB) copied, 2.51167 s, 417 MB/s
3c84e34b319946f6531a2c4559f588a8  -

real	0m2.515s
user	0m2.338s
sys	0m0.604s
1000+0 records in
1000+0 records out
1048576000 bytes (1.0 GB) copied, 2.51142 s, 418 MB/s
3c84e34b319946f6531a2c4559f588a8  -

real	0m2.514s
user	0m2.336s
sys	0m0.578s
1000+0 records in
1000+0 records out
1048576000 bytes (1.0 GB) copied, 2.52522 s, 415 MB/s
3c84e34b319946f6531a2c4559f588a8  -

real	0m2.528s
user	0m2.340s
sys	0m0.635s
1000+0 records in
1000+0 records out
1048576000 bytes (1.0 GB) copied, 2.52752 s, 415 MB/s
3c84e34b319946f6531a2c4559f588a8  -

real	0m2.530s
user	0m2.340s
sys	0m0.638s
1000+0 records in
1000+0 records out
1048576000 bytes (1.0 GB) copied, 2.5214 s, 416 MB/s
3c84e34b319946f6531a2c4559f588a8  -

real	0m2.524s
user	0m2.368s
sys	0m0.601s
1000+0 records in
1000+0 records out
1048576000 bytes (1.0 GB) copied, 2.52655 s, 415 MB/s
3c84e34b319946f6531a2c4559f588a8  -

real	0m2.529s
user	0m2.325s
sys	0m0.651s
1000+0 records in
1000+0 records out
1048576000 bytes (1.0 GB) copied, 2.52261 s, 416 MB/s
3c84e34b319946f6531a2c4559f588a8  -

real	0m2.525s
user	0m2.357s
sys	0m0.614s
1000+0 records in
1000+0 records out
1048576000 bytes (1.0 GB) copied, 2.52248 s, 416 MB/s
3c84e34b319946f6531a2c4559f588a8  -

real	0m2.525s
user	0m2.340s
sys	0m0.629s
1000+0 records in
1000+0 records out
1048576000 bytes (1.0 GB) copied, 2.51652 s, 417 MB/s
3c84e34b319946f6531a2c4559f588a8  -

real	0m2.519s
user	0m2.348s
sys	0m0.601s
1000+0 records in
1000+0 records out
1048576000 bytes (1.0 GB) copied, 2.51491 s, 417 MB/s
3c84e34b319946f6531a2c4559f588a8  -

real	0m2.517s
user	0m2.364s
sys	0m0.562s
1000+0 records in
1000+0 records out
1048576000 bytes (1.0 GB) copied, 2.51664 s, 417 MB/s
3c84e34b319946f6531a2c4559f588a8  -

real	0m2.519s
user	0m2.336s
sys	0m0.631s
1000+0 records in
1000+0 records out
1048576000 bytes (1.0 GB) copied, 2.51999 s, 416 MB/s
3c84e34b319946f6531a2c4559f588a8  -

real	0m2.523s
user	0m2.351s
sys	0m0.598s
1000+0 records in
1000+0 records out
1048576000 bytes (1.0 GB) copied, 2.52175 s, 416 MB/s
3c84e34b319946f6531a2c4559f588a8  -

real	0m2.524s
user	0m2.356s
sys	0m0.598s
1000+0 records in
1000+0 records out
1048576000 bytes (1.0 GB) copied, 2.5251 s, 415 MB/s
3c84e34b319946f6531a2c4559f588a8  -

real	0m2.528s
user	0m2.338s
sys	0m0.630s
1000+0 records in
1000+0 records out
1048576000 bytes (1.0 GB) copied, 2.52271 s, 416 MB/s
3c84e34b319946f6531a2c4559f588a8  -

real	0m2.526s
user	0m2.342s
sys	0m0.615s
1000+0 records in
1000+0 records out
1048576000 bytes (1.0 GB) copied, 2.57722 s, 407 MB/s
3c84e34b319946f6531a2c4559f588a8  -

real	0m2.580s
user	0m2.358s
sys	0m0.662s
1000+0 records in
1000+0 records out
1048576000 bytes (1.0 GB) copied, 2.52265 s, 416 MB/s
3c84e34b319946f6531a2c4559f588a8  -

real	0m2.525s
user	0m2.345s
sys	0m0.612s
1000+0 records in
1000+0 records out
1048576000 bytes (1.0 GB) copied, 2.52196 s, 416 MB/s
3c84e34b319946f6531a2c4559f588a8  -

real	0m2.525s
user	0m2.367s
sys	0m0.593s
1000+0 records in
1000+0 records out
1048576000 bytes (1.0 GB) copied, 2.52232 s, 416 MB/s
3c84e34b319946f6531a2c4559f588a8  -

real	0m2.525s
user	0m2.334s
sys	0m0.623s
1000+0 records in
1000+0 records out
1048576000 bytes (1.0 GB) copied, 2.51962 s, 416 MB/s
3c84e34b319946f6531a2c4559f588a8  -

real	0m2.522s
user	0m2.347s
sys	0m0.606s
1000+0 records in
1000+0 records out
1048576000 bytes (1.0 GB) copied, 2.51875 s, 416 MB/s
3c84e34b319946f6531a2c4559f588a8  -

real	0m2.522s
user	0m2.343s
sys	0m0.608s
1000+0 records in
1000+0 records out
1048576000 bytes (1.0 GB) copied, 2.52517 s, 415 MB/s
3c84e34b319946f6531a2c4559f588a8  -

real	0m2.528s
user	0m2.328s
sys	0m0.632s
1000+0 records in
1000+0 records out
1048576000 bytes (1.0 GB) copied, 2.51689 s, 417 MB/s
3c84e34b319946f6531a2c4559f588a8  -

real	0m2.519s
user	0m2.329s
sys	0m0.616s
1000+0 records in
1000+0 records out
1048576000 bytes (1.0 GB) copied, 2.52044 s, 416 MB/s
3c84e34b319946f6531a2c4559f588a8  -

real	0m2.524s
user	0m2.353s
sys	0m0.605s
1000+0 records in
1000+0 records out
1048576000 bytes (1.0 GB) copied, 2.52194 s, 416 MB/s
3c84e34b319946f6531a2c4559f588a8  -

real	0m2.525s
user	0m2.344s
sys	0m0.611s
1000+0 records in
1000+0 records out
1048576000 bytes (1.0 GB) copied, 2.51842 s, 416 MB/s
3c84e34b319946f6531a2c4559f588a8  -

real	0m2.521s
user	0m2.330s
sys	0m0.613s
1000+0 records in
1000+0 records out
1048576000 bytes (1.0 GB) copied, 2.5192 s, 416 MB/s
3c84e34b319946f6531a2c4559f588a8  -

real	0m2.522s
user	0m2.350s
sys	0m0.601s
1000+0 records in
1000+0 records out
1048576000 bytes (1.0 GB) copied, 2.52203 s, 416 MB/s
3c84e34b319946f6531a2c4559f588a8  -

real	0m2.525s
user	0m2.352s
sys	0m0.601s
1000+0 records in
1000+0 records out
1048576000 bytes (1.0 GB) copied, 2.51945 s, 416 MB/s
3c84e34b319946f6531a2c4559f588a8  -

real	0m2.522s
user	0m2.344s
sys	0m0.609s
1000+0 records in
1000+0 records out
1048576000 bytes (1.0 GB) copied, 2.52187 s, 416 MB/s
3c84e34b319946f6531a2c4559f588a8  -

real	0m2.525s
user	0m2.346s
sys	0m0.607s
1000+0 records in
1000+0 records out
1048576000 bytes (1.0 GB) copied, 2.51179 s, 417 MB/s
3c84e34b319946f6531a2c4559f588a8  -

real	0m2.516s
user	0m2.349s
sys	0m0.582s
1000+0 records in
1000+0 records out
1048576000 bytes (1.0 GB) copied, 2.52166 s, 416 MB/s
3c84e34b319946f6531a2c4559f588a8  -

real	0m2.525s
user	0m2.354s
sys	0m0.593s
1000+0 records in
1000+0 records out
1048576000 bytes (1.0 GB) copied, 2.59307 s, 404 MB/s
3c84e34b319946f6531a2c4559f588a8  -

real	0m2.596s
user	0m2.334s
sys	0m0.704s
1000+0 records in
1000+0 records out
1048576000 bytes (1.0 GB) copied, 2.51264 s, 417 MB/s
3c84e34b319946f6531a2c4559f588a8  -

real	0m2.515s
user	0m2.336s
sys	0m0.606s
1000+0 records in
1000+0 records out
1048576000 bytes (1.0 GB) copied, 2.51561 s, 417 MB/s
3c84e34b319946f6531a2c4559f588a8  -

real	0m2.518s
user	0m2.345s
sys	0m0.593s
1000+0 records in
1000+0 records out
1048576000 bytes (1.0 GB) copied, 2.52675 s, 415 MB/s
3c84e34b319946f6531a2c4559f588a8  -

real	0m2.530s
user	0m2.331s
sys	0m0.631s
1000+0 records in
1000+0 records out
1048576000 bytes (1.0 GB) copied, 2.52558 s, 415 MB/s
3c84e34b319946f6531a2c4559f588a8  -

real	0m2.529s
user	0m2.354s
sys	0m0.609s
1000+0 records in
1000+0 records out
1048576000 bytes (1.0 GB) copied, 2.5239 s, 415 MB/s
3c84e34b319946f6531a2c4559f588a8  -

real	0m2.527s
user	0m2.347s
sys	0m0.611s
1000+0 records in
1000+0 records out
1048576000 bytes (1.0 GB) copied, 2.55818 s, 410 MB/s
3c84e34b319946f6531a2c4559f588a8  -

real	0m2.561s
user	0m2.357s
sys	0m0.651s
1000+0 records in
1000+0 records out
1048576000 bytes (1.0 GB) copied, 2.51858 s, 416 MB/s
3c84e34b319946f6531a2c4559f588a8  -

real	0m2.521s
user	0m2.355s
sys	0m0.585s
1000+0 records in
1000+0 records out
1048576000 bytes (1.0 GB) copied, 2.52368 s, 415 MB/s
3c84e34b319946f6531a2c4559f588a8  -

real	0m2.526s
user	0m2.355s
sys	0m0.601s
1000+0 records in
1000+0 records out
1048576000 bytes (1.0 GB) copied, 2.52376 s, 415 MB/s
3c84e34b319946f6531a2c4559f588a8  -

real	0m2.527s
user	0m2.355s
sys	0m0.598s
1000+0 records in
1000+0 records out
1048576000 bytes (1.0 GB) copied, 2.51649 s, 417 MB/s
3c84e34b319946f6531a2c4559f588a8  -

real	0m2.519s
user	0m2.322s
sys	0m0.618s
1000+0 records in
1000+0 records out
1048576000 bytes (1.0 GB) copied, 2.53685 s, 413 MB/s
3c84e34b319946f6531a2c4559f588a8  -

real	0m2.540s
user	0m2.384s
sys	0m0.614s
1000+0 records in
1000+0 records out
1048576000 bytes (1.0 GB) copied, 2.53605 s, 413 MB/s
3c84e34b319946f6531a2c4559f588a8  -

real	0m2.539s
user	0m2.350s
sys	0m0.656s
1000+0 records in
1000+0 records out
1048576000 bytes (1.0 GB) copied, 2.51704 s, 417 MB/s
3c84e34b319946f6531a2c4559f588a8  -

real	0m2.520s
user	0m2.350s
sys	0m0.603s
1000+0 records in
1000+0 records out
1048576000 bytes (1.0 GB) copied, 2.70979 s, 387 MB/s
3c84e34b319946f6531a2c4559f588a8  -

real	0m2.713s
user	0m2.345s
sys	0m0.802s
1000+0 records in
1000+0 records out
1048576000 bytes (1.0 GB) copied, 2.52683 s, 415 MB/s
3c84e34b319946f6531a2c4559f588a8  -

real	0m2.530s
user	0m2.352s
sys	0m0.628s
1000+0 records in
1000+0 records out
1048576000 bytes (1.0 GB) copied, 2.52103 s, 416 MB/s
3c84e34b319946f6531a2c4559f588a8  -

real	0m2.524s
user	0m2.363s
sys	0m0.593s
1000+0 records in
1000+0 records out
1048576000 bytes (1.0 GB) copied, 2.52481 s, 415 MB/s
3c84e34b319946f6531a2c4559f588a8  -

real	0m2.528s
user	0m2.363s
sys	0m0.616s
1000+0 records in
1000+0 records out
1048576000 bytes (1.0 GB) copied, 2.51292 s, 417 MB/s
3c84e34b319946f6531a2c4559f588a8  -

real	0m2.516s
user	0m2.341s
sys	0m0.592s
1000+0 records in
1000+0 records out
1048576000 bytes (1.0 GB) copied, 2.51273 s, 417 MB/s
3c84e34b319946f6531a2c4559f588a8  -

real	0m2.515s
user	0m2.351s
sys	0m0.589s
1000+0 records in
1000+0 records out
1048576000 bytes (1.0 GB) copied, 2.52522 s, 415 MB/s
3c84e34b319946f6531a2c4559f588a8  -

real	0m2.528s
user	0m2.354s
sys	0m0.606s
1000+0 records in
1000+0 records out
1048576000 bytes (1.0 GB) copied, 2.51782 s, 416 MB/s
3c84e34b319946f6531a2c4559f588a8  -

real	0m2.521s
user	0m2.348s
sys	0m0.600s
1000+0 records in
1000+0 records out
1048576000 bytes (1.0 GB) copied, 2.52147 s, 416 MB/s
3c84e34b319946f6531a2c4559f588a8  -

real	0m2.525s
user	0m2.344s
sys	0m0.603s
1000+0 records in
1000+0 records out
1048576000 bytes (1.0 GB) copied, 2.54008 s, 413 MB/s
3c84e34b319946f6531a2c4559f588a8  -

real	0m2.543s
user	0m2.354s
sys	0m0.631s
1000+0 records in
1000+0 records out
1048576000 bytes (1.0 GB) copied, 2.51975 s, 416 MB/s
3c84e34b319946f6531a2c4559f588a8  -

real	0m2.523s
user	0m2.339s
sys	0m0.600s
1000+0 records in
1000+0 records out
1048576000 bytes (1.0 GB) copied, 2.54209 s, 412 MB/s
3c84e34b319946f6531a2c4559f588a8  -

real	0m2.545s
user	0m2.356s
sys	0m0.631s
1000+0 records in
1000+0 records out
1048576000 bytes (1.0 GB) copied, 2.53439 s, 414 MB/s
3c84e34b319946f6531a2c4559f588a8  -

real	0m2.537s
user	0m2.367s
sys	0m0.607s
1000+0 records in
1000+0 records out
1048576000 bytes (1.0 GB) copied, 2.5268 s, 415 MB/s
3c84e34b319946f6531a2c4559f588a8  -

real	0m2.530s
user	0m2.342s
sys	0m0.618s
1000+0 records in
1000+0 records out
1048576000 bytes (1.0 GB) copied, 2.52956 s, 415 MB/s
3c84e34b319946f6531a2c4559f588a8  -

real	0m2.532s
user	0m2.333s
sys	0m0.631s
1000+0 records in
1000+0 records out
1048576000 bytes (1.0 GB) copied, 2.53191 s, 414 MB/s
3c84e34b319946f6531a2c4559f588a8  -

real	0m2.535s
user	0m2.344s
sys	0m0.629s
1000+0 records in
1000+0 records out
1048576000 bytes (1.0 GB) copied, 2.52076 s, 416 MB/s
3c84e34b319946f6531a2c4559f588a8  -

real	0m2.524s
user	0m2.339s
sys	0m0.605s
1000+0 records in
1000+0 records out
1048576000 bytes (1.0 GB) copied, 2.51615 s, 417 MB/s
3c84e34b319946f6531a2c4559f588a8  -

real	0m2.519s
user	0m2.351s
sys	0m0.582s
1000+0 records in
1000+0 records out
1048576000 bytes (1.0 GB) copied, 2.52511 s, 415 MB/s
3c84e34b319946f6531a2c4559f588a8  -

real	0m2.528s
user	0m2.330s
sys	0m0.623s
1000+0 records in
1000+0 records out
1048576000 bytes (1.0 GB) copied, 2.56538 s, 409 MB/s
3c84e34b319946f6531a2c4559f588a8  -

real	0m2.568s
user	0m2.335s
sys	0m0.700s
1000+0 records in
1000+0 records out
1048576000 bytes (1.0 GB) copied, 2.51096 s, 418 MB/s
3c84e34b319946f6531a2c4559f588a8  -

real	0m2.514s
user	0m2.343s
sys	0m0.573s
1000+0 records in
1000+0 records out
1048576000 bytes (1.0 GB) copied, 2.54974 s, 411 MB/s
3c84e34b319946f6531a2c4559f588a8  -

real	0m2.553s
user	0m2.348s
sys	0m0.644s
1000+0 records in
1000+0 records out
1048576000 bytes (1.0 GB) copied, 2.54041 s, 413 MB/s
3c84e34b319946f6531a2c4559f588a8  -

real	0m2.543s
user	0m2.351s
sys	0m0.626s
1000+0 records in
1000+0 records out
1048576000 bytes (1.0 GB) copied, 2.53347 s, 414 MB/s
3c84e34b319946f6531a2c4559f588a8  -

real	0m2.537s
user	0m2.355s
sys	0m0.622s
1000+0 records in
1000+0 records out
1048576000 bytes (1.0 GB) copied, 2.52396 s, 415 MB/s
3c84e34b319946f6531a2c4559f588a8  -

real	0m2.527s
user	0m2.316s
sys	0m0.639s
1000+0 records in
1000+0 records out
1048576000 bytes (1.0 GB) copied, 2.51719 s, 417 MB/s
3c84e34b319946f6531a2c4559f588a8  -

real	0m2.520s
user	0m2.338s
sys	0m0.596s
1000+0 records in
1000+0 records out
1048576000 bytes (1.0 GB) copied, 2.51259 s, 417 MB/s
3c84e34b319946f6531a2c4559f588a8  -

real	0m2.515s
user	0m2.341s
sys	0m0.585s
1000+0 records in
1000+0 records out
1048576000 bytes (1.0 GB) copied, 2.52544 s, 415 MB/s
3c84e34b319946f6531a2c4559f588a8  -

real	0m2.529s
user	0m2.338s
sys	0m0.624s
1000+0 records in
1000+0 records out
1048576000 bytes (1.0 GB) copied, 2.53319 s, 414 MB/s
3c84e34b319946f6531a2c4559f588a8  -

real	0m2.536s
user	0m2.342s
sys	0m0.633s
1000+0 records in
1000+0 records out
1048576000 bytes (1.0 GB) copied, 2.5322 s, 414 MB/s
3c84e34b319946f6531a2c4559f588a8  -

real	0m2.535s
user	0m2.353s
sys	0m0.621s
1000+0 records in
1000+0 records out
1048576000 bytes (1.0 GB) copied, 2.52301 s, 416 MB/s
3c84e34b319946f6531a2c4559f588a8  -

real	0m2.526s
user	0m2.347s
sys	0m0.610s
1000+0 records in
1000+0 records out
1048576000 bytes (1.0 GB) copied, 2.52963 s, 415 MB/s
3c84e34b319946f6531a2c4559f588a8  -

real	0m2.533s
user	0m2.335s
sys	0m0.631s
1000+0 records in
1000+0 records out
1048576000 bytes (1.0 GB) copied, 2.56419 s, 409 MB/s
3c84e34b319946f6531a2c4559f588a8  -

real	0m2.567s
user	0m2.370s
sys	0m0.629s
1000+0 records in
1000+0 records out
1048576000 bytes (1.0 GB) copied, 2.52945 s, 415 MB/s
3c84e34b319946f6531a2c4559f588a8  -

real	0m2.532s
user	0m2.349s
sys	0m0.617s
1000+0 records in
1000+0 records out
1048576000 bytes (1.0 GB) copied, 2.53569 s, 414 MB/s
3c84e34b319946f6531a2c4559f588a8  -

real	0m2.539s
user	0m2.349s
sys	0m0.628s
1000+0 records in
1000+0 records out
1048576000 bytes (1.0 GB) copied, 2.52975 s, 414 MB/s
3c84e34b319946f6531a2c4559f588a8  -

real	0m2.533s
user	0m2.339s
sys	0m0.625s
