500+0 records in
500+0 records out
524288000 bytes (524 MB) copiedafbad591ee2b70ac94258fbc7fac3bf2  -
, 1.26672 s, 414 MB/s

real	0m1.269s
user	0m1.169s
sys	0m0.319s
500+0 records in
500+0 records out
524288000 bytes (524 MB) copied, 1.25624 s, 417 MB/s
afbad591ee2b70ac94258fbc7fac3bf2  -

real	0m1.259s
user	0m1.165s
sys	0m0.295s
500+0 records in
500+0 records out
524288000 bytes (524 MB) copiedafbad591ee2b70ac94258fbc7fac3bf2  -
, 1.26671 s, 414 MB/s

real	0m1.270s
user	0m1.170s
sys	0m0.319s
500+0 records in
500+0 records out
524288000 bytes (524 MB) copied, 1.25994 s, 416 MB/s
afbad591ee2b70ac94258fbc7fac3bf2  -

real	0m1.263s
user	0m1.185s
sys	0m0.286s
500+0 records in
500+0 records out
524288000 bytes (524 MB) copied, 1.26604 s, 414 MB/s
afbad591ee2b70ac94258fbc7fac3bf2  -

real	0m1.269s
user	0m1.174s
sys	0m0.313s
500+0 records in
500+0 records out
524288000 bytes (524 MB) copied, 1.25915 s, 416 MB/s
afbad591ee2b70ac94258fbc7fac3bf2  -

real	0m1.262s
user	0m1.181s
sys	0m0.285s
500+0 records in
500+0 records out
524288000 bytes (524 MB) copied, 1.25514 s, 418 MB/s
afbad591ee2b70ac94258fbc7fac3bf2  -

real	0m1.258s
user	0m1.162s
sys	0m0.302s
500+0 records in
500+0 records out
524288000 bytes (524 MB) copied, 1.2818 s, 409 MB/s
afbad591ee2b70ac94258fbc7fac3bf2  -

real	0m1.285s
user	0m1.178s
sys	0m0.330s
500+0 records in
500+0 records out
524288000 bytes (524 MB) copied, 1.26634 s, 414 MB/s
afbad591ee2b70ac94258fbc7fac3bf2  -

real	0m1.269s
user	0m1.167s
sys	0m0.320s
500+0 records in
500+0 records out
524288000 bytes (524 MB) copied, 1.26863 s, 413 MB/s
afbad591ee2b70ac94258fbc7fac3bf2  -

real	0m1.272s
user	0m1.176s
sys	0m0.313s
500+0 records in
500+0 records out
524288000 bytes (524 MB) copied, 1.26024 s, 416 MB/s
afbad591ee2b70ac94258fbc7fac3bf2  -

real	0m1.263s
user	0m1.174s
sys	0m0.308s
500+0 records in
500+0 records out
524288000 bytes (524 MB) copied, 1.26527 s, 414 MB/s
afbad591ee2b70ac94258fbc7fac3bf2  -

real	0m1.269s
user	0m1.185s
sys	0m0.310s
500+0 records in
500+0 records out
524288000 bytes (524 MB) copied, 1.31693 s, 398 MB/s
afbad591ee2b70ac94258fbc7fac3bf2  -

real	0m1.320s
user	0m1.182s
sys	0m0.354s
500+0 records in
500+0 records out
524288000 bytes (524 MB) copied, 1.28144 s, 409 MB/s
afbad591ee2b70ac94258fbc7fac3bf2  -

real	0m1.284s
user	0m1.177s
sys	0m0.321s
500+0 records in
500+0 records out
524288000 bytes (524 MB) copied, 1.26447 s, 415 MB/s
afbad591ee2b70ac94258fbc7fac3bf2  -

real	0m1.268s
user	0m1.166s
sys	0m0.329s
500+0 records in
500+0 records out
524288000 bytes (524 MB) copied, 1.26052 s, 416 MB/s
afbad591ee2b70ac94258fbc7fac3bf2  -

real	0m1.263s
user	0m1.174s
sys	0m0.298s
500+0 records in
500+0 records out
524288000 bytes (524 MB) copied, 1.26606 s, 414 MB/s
afbad591ee2b70ac94258fbc7fac3bf2  -

real	0m1.269s
user	0m1.180s
sys	0m0.315s
500+0 records in
500+0 records out
524288000 bytes (524 MB) copied, 1.26118 s, 416 MB/s
afbad591ee2b70ac94258fbc7fac3bf2  -

real	0m1.264s
user	0m1.174s
sys	0m0.304s
500+0 records in
500+0 records out
524288000 bytes (524 MB) copied, 1.26371 s, 415 MB/s
afbad591ee2b70ac94258fbc7fac3bf2  -

real	0m1.267s
user	0m1.179s
sys	0m0.298s
500+0 records in
500+0 records out
524288000 bytes (524 MB) copied, 1.2665 s, 414 MB/s
afbad591ee2b70ac94258fbc7fac3bf2  -

real	0m1.269s
user	0m1.171s
sys	0m0.320s
500+0 records in
500+0 records out
524288000 bytes (524 MB) copied, 1.26126 s, 416 MB/s
afbad591ee2b70ac94258fbc7fac3bf2  -

real	0m1.264s
user	0m1.158s
sys	0m0.326s
500+0 records in
500+0 records out
524288000 bytes (524 MB) copied, 1.26531 s, 414 MB/s
afbad591ee2b70ac94258fbc7fac3bf2  -

real	0m1.268s
user	0m1.175s
sys	0m0.325s
500+0 records in
500+0 records out
524288000 bytes (524 MB) copied, 1.26094 s, 416 MB/s
afbad591ee2b70ac94258fbc7fac3bf2  -

real	0m1.264s
user	0m1.170s
sys	0m0.311s
500+0 records in
500+0 records out
524288000 bytes (524 MB) copied, 1.26493 s, 414 MB/s
afbad591ee2b70ac94258fbc7fac3bf2  -

real	0m1.268s
user	0m1.194s
sys	0m0.293s
500+0 records in
500+0 records out
524288000 bytes (524 MB) copied, 1.26052 s, 416 MB/s
afbad591ee2b70ac94258fbc7fac3bf2  -

real	0m1.264s
user	0m1.162s
sys	0m0.318s
500+0 records in
500+0 records out
524288000 bytes (524 MB) copied, 1.26236 s, 415 MB/s
afbad591ee2b70ac94258fbc7fac3bf2  -

real	0m1.265s
user	0m1.181s
sys	0m0.300s
500+0 records in
500+0 records out
524288000 bytes (524 MB) copied, 1.26359 s, 415 MB/s
afbad591ee2b70ac94258fbc7fac3bf2  -

real	0m1.267s
user	0m1.171s
sys	0m0.321s
500+0 records in
500+0 records out
524288000 bytes (524 MB) copied, 1.2591 s, 416 MB/s
afbad591ee2b70ac94258fbc7fac3bf2  -

real	0m1.262s
user	0m1.177s
sys	0m0.289s
500+0 records in
500+0 records out
524288000 bytes (524 MB) copied, 1.26351 s, 415 MB/s
afbad591ee2b70ac94258fbc7fac3bf2  -

real	0m1.267s
user	0m1.176s
sys	0m0.310s
500+0 records in
500+0 records out
524288000 bytes (524 MB) copied, 1.25696 s, 417 MB/s
afbad591ee2b70ac94258fbc7fac3bf2  -

real	0m1.260s
user	0m1.171s
sys	0m0.293s
500+0 records in
500+0 records out
524288000 bytes (524 MB) copied, 1.26468 s, 415 MB/s
afbad591ee2b70ac94258fbc7fac3bf2  -

real	0m1.268s
user	0m1.194s
sys	0m0.297s
500+0 records in
500+0 records out
524288000 bytes (524 MB) copied, 1.25923 s, 416 MB/s
afbad591ee2b70ac94258fbc7fac3bf2  -

real	0m1.263s
user	0m1.181s
sys	0m0.301s
500+0 records in
500+0 records out
524288000 bytes (524 MB) copied, 1.2581 s, 417 MB/s
afbad591ee2b70ac94258fbc7fac3bf2  -

real	0m1.261s
user	0m1.173s
sys	0m0.296s
500+0 records in
500+0 records out
524288000 bytes (524 MB) copied, 1.26578 s, 414 MB/s
afbad591ee2b70ac94258fbc7fac3bf2  -

real	0m1.269s
user	0m1.177s
sys	0m0.331s
500+0 records in
500+0 records out
524288000 bytes (524 MB) copied, 1.25861 s, 417 MB/s
afbad591ee2b70ac94258fbc7fac3bf2  -

real	0m1.262s
user	0m1.158s
sys	0m0.309s
500+0 records in
500+0 records out
524288000 bytes (524 MB) copied, 1.26179 s, 416 MB/s
afbad591ee2b70ac94258fbc7fac3bf2  -

real	0m1.265s
user	0m1.173s
sys	0m0.308s
500+0 records in
500+0 records out
524288000 bytes (524 MB) copied, 1.25943 s, 416 MB/s
afbad591ee2b70ac94258fbc7fac3bf2  -

real	0m1.262s
user	0m1.185s
sys	0m0.282s
500+0 records in
500+0 records out
524288000 bytes (524 MB) copied, 1.25728 s, 417 MB/s
afbad591ee2b70ac94258fbc7fac3bf2  -

real	0m1.261s
user	0m1.161s
sys	0m0.303s
500+0 records in
500+0 records out
524288000 bytes (524 MB) copied, 1.25769 s, 417 MB/s
afbad591ee2b70ac94258fbc7fac3bf2  -

real	0m1.261s
user	0m1.178s
sys	0m0.286s
500+0 records in
500+0 records out
524288000 bytes (524 MB) copied, 1.2675 s, 414 MB/s
afbad591ee2b70ac94258fbc7fac3bf2  -

real	0m1.271s
user	0m1.182s
sys	0m0.309s
