2000+0 records in
2000+0 records out
2097152000 bytes (2.1 GB) copied, 5.05496 s, 415 MB/s
0dd74775419ada42017a0fdf21eccf94  -

real	0m5.057s
user	0m4.659s
sys	0m1.261s
2000+0 records in
2000+0 records out
2097152000 bytes (2.1 GB) copied, 5.03327 s, 417 MB/s
0dd74775419ada42017a0fdf21eccf94  -

real	0m5.036s
user	0m4.664s
sys	0m1.210s
2000+0 records in
2000+0 records out
2097152000 bytes (2.1 GB) copied0dd74775419ada42017a0fdf21eccf94  -
, 5.05122 s, 415 MB/s

real	0m5.054s
user	0m4.685s
sys	0m1.235s
2000+0 records in
2000+0 records out
2097152000 bytes (2.1 GB) copied, 5.09017 s, 412 MB/s
0dd74775419ada42017a0fdf21eccf94  -

real	0m5.093s
user	0m4.691s
sys	0m1.282s
2000+0 records in
2000+0 records out
2097152000 bytes (2.1 GB) copied, 5.08925 s, 412 MB/s
0dd74775419ada42017a0fdf21eccf94  -

real	0m5.092s
user	0m4.677s
sys	0m1.291s
2000+0 records in
2000+0 records out
2097152000 bytes (2.1 GB) copied, 5.04985 s, 415 MB/s
0dd74775419ada42017a0fdf21eccf94  -

real	0m5.053s
user	0m4.655s
sys	0m1.260s
2000+0 records in
2000+0 records out
2097152000 bytes (2.1 GB) copied, 5.04775 s, 415 MB/s
0dd74775419ada42017a0fdf21eccf94  -

real	0m5.050s
user	0m4.705s
sys	0m1.205s
2000+0 records in
2000+0 records out
2097152000 bytes (2.1 GB) copied, 5.02952 s, 417 MB/s
0dd74775419ada42017a0fdf21eccf94  -

real	0m5.032s
user	0m4.662s
sys	0m1.199s
2000+0 records in
2000+0 records out
2097152000 bytes (2.1 GB) copied, 5.03737 s, 416 MB/s
0dd74775419ada42017a0fdf21eccf94  -

real	0m5.040s
user	0m4.690s
sys	0m1.216s
2000+0 records in
2000+0 records out
2097152000 bytes (2.1 GB) copied, 5.05224 s, 415 MB/s
0dd74775419ada42017a0fdf21eccf94  -

real	0m5.055s
user	0m4.678s
sys	0m1.238s
2000+0 records in
2000+0 records out
2097152000 bytes (2.1 GB) copied, 5.0496 s, 415 MB/s
0dd74775419ada42017a0fdf21eccf94  -

real	0m5.052s
user	0m4.671s
sys	0m1.243s
2000+0 records in
2000+0 records out
2097152000 bytes (2.1 GB) copied, 5.03382 s, 417 MB/s
0dd74775419ada42017a0fdf21eccf94  -

real	0m5.037s
user	0m4.668s
sys	0m1.193s
2000+0 records in
2000+0 records out
2097152000 bytes (2.1 GB) copied, 5.04886 s, 415 MB/s
0dd74775419ada42017a0fdf21eccf94  -

real	0m5.052s
user	0m4.681s
sys	0m1.263s
2000+0 records in
2000+0 records out
2097152000 bytes (2.1 GB) copied, 5.02904 s, 417 MB/s
0dd74775419ada42017a0fdf21eccf94  -

real	0m5.032s
user	0m4.687s
sys	0m1.162s
2000+0 records in
2000+0 records out
2097152000 bytes (2.1 GB) copied, 5.03414 s, 417 MB/s
0dd74775419ada42017a0fdf21eccf94  -

real	0m5.037s
user	0m4.689s
sys	0m1.200s
2000+0 records in
2000+0 records out
2097152000 bytes (2.1 GB) copied, 5.03875 s, 416 MB/s
0dd74775419ada42017a0fdf21eccf94  -

real	0m5.041s
user	0m4.705s
sys	0m1.167s
2000+0 records in
2000+0 records out
2097152000 bytes (2.1 GB) copied, 5.02947 s, 417 MB/s
0dd74775419ada42017a0fdf21eccf94  -

real	0m5.032s
user	0m4.676s
sys	0m1.219s
2000+0 records in
2000+0 records out
2097152000 bytes (2.1 GB) copied, 5.04412 s, 416 MB/s
0dd74775419ada42017a0fdf21eccf94  -

real	0m5.047s
user	0m4.696s
sys	0m1.237s
2000+0 records in
2000+0 records out
2097152000 bytes (2.1 GB) copied, 5.02366 s, 417 MB/s
0dd74775419ada42017a0fdf21eccf94  -

real	0m5.027s
user	0m4.682s
sys	0m1.151s
2000+0 records in
2000+0 records out
2097152000 bytes (2.1 GB) copied, 5.04868 s, 415 MB/s
0dd74775419ada42017a0fdf21eccf94  -

real	0m5.051s
user	0m4.646s
sys	0m1.273s
2000+0 records in
2000+0 records out
2097152000 bytes (2.1 GB) copied, 5.03803 s, 416 MB/s
0dd74775419ada42017a0fdf21eccf94  -

real	0m5.040s
user	0m4.685s
sys	0m1.235s
2000+0 records in
2000+0 records out
2097152000 bytes (2.1 GB) copied, 5.04052 s, 416 MB/s
0dd74775419ada42017a0fdf21eccf94  -

real	0m5.043s
user	0m4.658s
sys	0m1.228s
2000+0 records in
2000+0 records out
2097152000 bytes (2.1 GB) copied, 5.04037 s, 416 MB/s
0dd74775419ada42017a0fdf21eccf94  -

real	0m5.043s
user	0m4.728s
sys	0m1.202s
2000+0 records in
2000+0 records out
2097152000 bytes (2.1 GB) copied, 5.05453 s, 415 MB/s
0dd74775419ada42017a0fdf21eccf94  -

real	0m5.057s
user	0m4.661s
sys	0m1.289s
2000+0 records in
2000+0 records out
2097152000 bytes (2.1 GB) copied, 5.0504 s, 415 MB/s
0dd74775419ada42017a0fdf21eccf94  -

real	0m5.053s
user	0m4.677s
sys	0m1.235s
2000+0 records in
2000+0 records out
2097152000 bytes (2.1 GB) copied, 5.02789 s, 417 MB/s
0dd74775419ada42017a0fdf21eccf94  -

real	0m5.030s
user	0m4.670s
sys	0m1.178s
2000+0 records in
2000+0 records out
2097152000 bytes (2.1 GB) copied, 5.02261 s, 418 MB/s
0dd74775419ada42017a0fdf21eccf94  -

real	0m5.025s
user	0m4.668s
sys	0m1.167s
2000+0 records in
2000+0 records out
2097152000 bytes (2.1 GB) copied, 5.0213 s, 418 MB/s
0dd74775419ada42017a0fdf21eccf94  -

real	0m5.024s
user	0m4.697s
sys	0m1.210s
2000+0 records in
2000+0 records out
2097152000 bytes (2.1 GB) copied, 5.0386 s, 416 MB/s
0dd74775419ada42017a0fdf21eccf94  -

real	0m5.041s
user	0m4.714s
sys	0m1.167s
2000+0 records in
2000+0 records out
2097152000 bytes (2.1 GB) copied, 5.04178 s, 416 MB/s
0dd74775419ada42017a0fdf21eccf94  -

real	0m5.045s
user	0m4.668s
sys	0m1.220s
2000+0 records in
2000+0 records out
2097152000 bytes (2.1 GB) copied, 5.04327 s, 416 MB/s
0dd74775419ada42017a0fdf21eccf94  -

real	0m5.046s
user	0m4.668s
sys	0m1.213s
2000+0 records in
2000+0 records out
2097152000 bytes (2.1 GB) copied, 5.02804 s, 417 MB/s
0dd74775419ada42017a0fdf21eccf94  -

real	0m5.031s
user	0m4.673s
sys	0m1.163s
2000+0 records in
2000+0 records out
2097152000 bytes (2.1 GB) copied, 5.0406 s, 416 MB/s
0dd74775419ada42017a0fdf21eccf94  -

real	0m5.043s
user	0m4.693s
sys	0m1.175s
2000+0 records in
2000+0 records out
2097152000 bytes (2.1 GB) copied, 5.04191 s, 416 MB/s
0dd74775419ada42017a0fdf21eccf94  -

real	0m5.045s
user	0m4.679s
sys	0m1.211s
2000+0 records in
2000+0 records out
2097152000 bytes (2.1 GB) copied, 5.02992 s, 417 MB/s
0dd74775419ada42017a0fdf21eccf94  -

real	0m5.033s
user	0m4.689s
sys	0m1.161s
2000+0 records in
2000+0 records out
2097152000 bytes (2.1 GB) copied, 5.0552 s, 415 MB/s
0dd74775419ada42017a0fdf21eccf94  -

real	0m5.058s
user	0m4.718s
sys	0m1.171s
2000+0 records in
2000+0 records out
2097152000 bytes (2.1 GB) copied, 5.0363 s, 416 MB/s
0dd74775419ada42017a0fdf21eccf94  -

real	0m5.039s
user	0m4.682s
sys	0m1.198s
2000+0 records in
2000+0 records out
2097152000 bytes (2.1 GB) copied, 5.02094 s, 418 MB/s
0dd74775419ada42017a0fdf21eccf94  -

real	0m5.024s
user	0m4.681s
sys	0m1.158s
2000+0 records in
2000+0 records out
2097152000 bytes (2.1 GB) copied, 5.05344 s, 415 MB/s
0dd74775419ada42017a0fdf21eccf94  -

real	0m5.056s
user	0m4.736s
sys	0m1.196s
2000+0 records in
2000+0 records out
2097152000 bytes (2.1 GB) copied, 5.02849 s, 417 MB/s
0dd74775419ada42017a0fdf21eccf94  -

real	0m5.031s
user	0m4.699s
sys	0m1.152s
2000+0 records in
2000+0 records out
2097152000 bytes (2.1 GB) copied, 5.02784 s, 417 MB/s
0dd74775419ada42017a0fdf21eccf94  -

real	0m5.031s
user	0m4.679s
sys	0m1.194s
2000+0 records in
2000+0 records out
2097152000 bytes (2.1 GB) copied, 5.056 s, 415 MB/s
0dd74775419ada42017a0fdf21eccf94  -

real	0m5.059s
user	0m4.695s
sys	0m1.195s
2000+0 records in
2000+0 records out
2097152000 bytes (2.1 GB) copied, 5.02142 s, 418 MB/s
0dd74775419ada42017a0fdf21eccf94  -

real	0m5.025s
user	0m4.676s
sys	0m1.154s
2000+0 records in
2000+0 records out
2097152000 bytes (2.1 GB) copied, 5.02147 s, 418 MB/s
0dd74775419ada42017a0fdf21eccf94  -

real	0m5.024s
user	0m4.683s
sys	0m1.143s
2000+0 records in
2000+0 records out
2097152000 bytes (2.1 GB) copied, 5.03285 s, 417 MB/s
0dd74775419ada42017a0fdf21eccf94  -

real	0m5.036s
user	0m4.682s
sys	0m1.180s
2000+0 records in
2000+0 records out
2097152000 bytes (2.1 GB) copied, 5.05758 s, 415 MB/s
0dd74775419ada42017a0fdf21eccf94  -

real	0m5.060s
user	0m4.713s
sys	0m1.212s
2000+0 records in
2000+0 records out
2097152000 bytes (2.1 GB) copied, 5.01794 s, 418 MB/s
0dd74775419ada42017a0fdf21eccf94  -

real	0m5.021s
user	0m4.662s
sys	0m1.160s
2000+0 records in
2000+0 records out
2097152000 bytes (2.1 GB) copied, 5.03527 s, 416 MB/s
0dd74775419ada42017a0fdf21eccf94  -

real	0m5.038s
user	0m4.667s
sys	0m1.205s
2000+0 records in
2000+0 records out
2097152000 bytes (2.1 GB) copied, 5.02821 s, 417 MB/s
0dd74775419ada42017a0fdf21eccf94  -

real	0m5.032s
user	0m4.704s
sys	0m1.151s
2000+0 records in
2000+0 records out
2097152000 bytes (2.1 GB) copied, 5.02098 s, 418 MB/s
0dd74775419ada42017a0fdf21eccf94  -

real	0m5.024s
user	0m4.692s
sys	0m1.142s
