500+0 records in
500+0 records out
524288000 bytes (524 MB) copied, 1.31275 s, 399 MB/s
afbad591ee2b70ac94258fbc7fac3bf2  -

real	0m1.315s
user	0m1.158s
sys	0m0.322s
500+0 records in
500+0 records out
524288000 bytes (524 MB) copied, 1.31711 s, 398 MB/s
afbad591ee2b70ac94258fbc7fac3bf2  -

real	0m1.320s
user	0m1.165s
sys	0m0.317s
500+0 records in
500+0 records out
524288000 bytes (524 MB) copied, 1.26583 s, 414 MB/s
afbad591ee2b70ac94258fbc7fac3bf2  -

real	0m1.268s
user	0m1.173s
sys	0m0.305s
500+0 records in
500+0 records out
524288000 bytes (524 MB) copied, 1.26948 s, 413 MB/s
afbad591ee2b70ac94258fbc7fac3bf2  -

real	0m1.272s
user	0m1.180s
sys	0m0.301s
500+0 records in
500+0 records out
524288000 bytes (524 MB) copied, 1.26901 s, 413 MB/s
afbad591ee2b70ac94258fbc7fac3bf2  -

real	0m1.272s
user	0m1.170s
sys	0m0.281s
500+0 records in
500+0 records out
524288000 bytes (524 MB) copied, 1.29589 s, 405 MB/s
afbad591ee2b70ac94258fbc7fac3bf2  -

real	0m1.299s
user	0m1.166s
sys	0m0.314s
500+0 records in
500+0 records out
524288000 bytes (524 MB) copiedafbad591ee2b70ac94258fbc7fac3bf2  -
, 1.27354 s, 412 MB/s

real	0m1.276s
user	0m1.157s
sys	0m0.325s
500+0 records in
500+0 records out
524288000 bytes (524 MB) copied, 1.29746 s, 404 MB/s
afbad591ee2b70ac94258fbc7fac3bf2  -

real	0m1.301s
user	0m1.168s
sys	0m0.286s
500+0 records in
500+0 records out
524288000 bytes (524 MB) copied, 1.26843 s, 413 MB/s
afbad591ee2b70ac94258fbc7fac3bf2  -

real	0m1.271s
user	0m1.170s
sys	0m0.311s
500+0 records in
500+0 records out
524288000 bytes (524 MB) copied, 1.26843 s, 413 MB/s
afbad591ee2b70ac94258fbc7fac3bf2  -

real	0m1.271s
user	0m1.173s
sys	0m0.307s
500+0 records in
500+0 records out
afbad591ee2b70ac94258fbc7fac3bf2  -
524288000 bytes (524 MB) copied, 1.27193 s, 412 MB/s

real	0m1.274s
user	0m1.171s
sys	0m0.310s
500+0 records in
500+0 records out
524288000 bytes (524 MB) copied, 1.28948 s, 407 MB/s
afbad591ee2b70ac94258fbc7fac3bf2  -

real	0m1.292s
user	0m1.159s
sys	0m0.293s
500+0 records in
500+0 records out
524288000 bytes (524 MB) copied, 1.28313 s, 409 MB/s
afbad591ee2b70ac94258fbc7fac3bf2  -

real	0m1.286s
user	0m1.167s
sys	0m0.311s
500+0 records in
500+0 records out
524288000 bytes (524 MB) copied, 1.27424 s, 411 MB/s
afbad591ee2b70ac94258fbc7fac3bf2  -

real	0m1.277s
user	0m1.181s
sys	0m0.298s
500+0 records in
500+0 records out
524288000 bytes (524 MB) copied, 1.28687 s, 407 MB/s
afbad591ee2b70ac94258fbc7fac3bf2  -

real	0m1.289s
user	0m1.171s
sys	0m0.293s
500+0 records in
500+0 records out
524288000 bytes (524 MB) copied, 1.35443 s, 387 MB/s
afbad591ee2b70ac94258fbc7fac3bf2  -

real	0m1.357s
user	0m1.166s
sys	0m0.288s
500+0 records in
500+0 records out
524288000 bytes (524 MB) copied, 1.27046 s, 413 MB/s
afbad591ee2b70ac94258fbc7fac3bf2  -

real	0m1.273s
user	0m1.170s
sys	0m0.308s
500+0 records in
500+0 records out
524288000 bytes (524 MB) copied, 1.29456 s, 405 MB/s
afbad591ee2b70ac94258fbc7fac3bf2  -

real	0m1.297s
user	0m1.166s
sys	0m0.316s
500+0 records in
500+0 records out
524288000 bytes (524 MB) copied, 1.26887 s, 413 MB/s
afbad591ee2b70ac94258fbc7fac3bf2  -

real	0m1.271s
user	0m1.169s
sys	0m0.310s
500+0 records in
500+0 records out
524288000 bytes (524 MB) copied, 1.31579 s, 398 MB/s
afbad591ee2b70ac94258fbc7fac3bf2  -

real	0m1.319s
user	0m1.166s
sys	0m0.316s
500+0 records in
500+0 records out
afbad591ee2b70ac94258fbc7fac3bf2  -
524288000 bytes (524 MB) copied, 1.3111 s, 400 MB/s

real	0m1.314s
user	0m1.177s
sys	0m0.305s
500+0 records in
500+0 records out
524288000 bytes (524 MB) copied, 1.2703 s, 413 MB/s
afbad591ee2b70ac94258fbc7fac3bf2  -

real	0m1.273s
user	0m1.171s
sys	0m0.307s
500+0 records in
500+0 records out
524288000 bytes (524 MB) copied, 1.29464 s, 405 MB/s
afbad591ee2b70ac94258fbc7fac3bf2  -

real	0m1.297s
user	0m1.178s
sys	0m0.303s
500+0 records in
500+0 records out
524288000 bytes (524 MB) copied, 1.29959 s, 403 MB/s
afbad591ee2b70ac94258fbc7fac3bf2  -

real	0m1.302s
user	0m1.173s
sys	0m0.300s
500+0 records in
500+0 records out
524288000 bytes (524 MB) copied, 1.31586 s, 398 MB/s
afbad591ee2b70ac94258fbc7fac3bf2  -

real	0m1.318s
user	0m1.164s
sys	0m0.316s
500+0 records in
500+0 records out
524288000 bytes (524 MB) copied, 1.30309 s, 402 MB/s
afbad591ee2b70ac94258fbc7fac3bf2  -

real	0m1.306s
user	0m1.164s
sys	0m0.318s
500+0 records in
500+0 records out
524288000 bytes (524 MB) copied, 1.27089 s, 413 MB/s
afbad591ee2b70ac94258fbc7fac3bf2  -

real	0m1.274s
user	0m1.170s
sys	0m0.304s
500+0 records in
500+0 records out
524288000 bytes (524 MB) copied, 1.29789 s, 404 MB/s
afbad591ee2b70ac94258fbc7fac3bf2  -

real	0m1.300s
user	0m1.166s
sys	0m0.295s
500+0 records in
500+0 records out
524288000 bytes (524 MB) copied, 1.27089 s, 413 MB/s
afbad591ee2b70ac94258fbc7fac3bf2  -

real	0m1.273s
user	0m1.180s
sys	0m0.301s
500+0 records in
500+0 records out
524288000 bytes (524 MB) copied, 1.30338 s, 402 MB/s
afbad591ee2b70ac94258fbc7fac3bf2  -

real	0m1.306s
user	0m1.166s
sys	0m0.290s
