10000+0 records in
10000+0 records out
a02bf4596da9a0c3d2b10ac745b55ccf  -
10485760000 bytes (10 GB) copied, 25.2271 s, 416 MB/s

real	0m25.230s
user	0m23.336s
sys	0m6.220s
10000+0 records in
10000+0 records out
10485760000 bytes (10 GB) copieda02bf4596da9a0c3d2b10ac745b55ccf  -
, 25.2358 s, 416 MB/s

real	0m25.239s
user	0m23.365s
sys	0m6.172s
10000+0 records in
10000+0 records out
a02bf4596da9a0c3d2b10ac745b55ccf  -
10485760000 bytes (10 GB) copied, 25.178 s, 416 MB/s

real	0m25.181s
user	0m23.376s
sys	0m5.804s
10000+0 records in
10000+0 records out
10485760000 bytes (10 GB) copieda02bf4596da9a0c3d2b10ac745b55ccf  -
, 25.2052 s, 416 MB/s

real	0m25.208s
user	0m23.440s
sys	0m5.611s
10000+0 records in
10000+0 records out
10485760000 bytes (10 GB) copieda02bf4596da9a0c3d2b10ac745b55ccf  -
, 25.1898 s, 416 MB/s

real	0m25.192s
user	0m23.377s
sys	0m6.018s
10000+0 records in
10000+0 records out
10485760000 bytes (10 GB) copieda02bf4596da9a0c3d2b10ac745b55ccf  -
, 25.1642 s, 417 MB/s

real	0m25.167s
user	0m23.414s
sys	0m5.589s
10000+0 records in
10000+0 records out
a02bf4596da9a0c3d2b10ac745b55ccf  -
10485760000 bytes (10 GB) copied, 25.1729 s, 417 MB/s

real	0m25.176s
user	0m23.366s
sys	0m5.735s
10000+0 records in
10000+0 records out
10485760000 bytes (10 GB) copied, 25.2239 s, 416 MB/s
a02bf4596da9a0c3d2b10ac745b55ccf  -

real	0m25.227s
user	0m23.363s
sys	0m6.044s
10000+0 records in
10000+0 records out
10485760000 bytes (10 GB) copieda02bf4596da9a0c3d2b10ac745b55ccf  -
, 25.1912 s, 416 MB/s

real	0m25.194s
user	0m23.398s
sys	0m5.840s
10000+0 records in
10000+0 records out
10485760000 bytes (10 GB) copied, 25.2017 s, 416 MB/s
a02bf4596da9a0c3d2b10ac745b55ccf  -

real	0m25.205s
user	0m23.364s
sys	0m6.162s
10000+0 records in
10000+0 records out
a02bf4596da9a0c3d2b10ac745b55ccf  -
10485760000 bytes (10 GB) copied, 25.1928 s, 416 MB/s

real	0m25.196s
user	0m23.403s
sys	0m5.903s
10000+0 records in
10000+0 records out
10485760000 bytes (10 GB) copied, 25.2026 s, 416 MB/s
a02bf4596da9a0c3d2b10ac745b55ccf  -

real	0m25.205s
user	0m23.397s
sys	0m5.963s
10000+0 records in
10000+0 records out
10485760000 bytes (10 GB) copied, 25.2186 s, 416 MB/s
a02bf4596da9a0c3d2b10ac745b55ccf  -

real	0m25.222s
user	0m23.473s
sys	0m5.970s
10000+0 records in
10000+0 records out
10485760000 bytes (10 GB) copied, 25.2621 s, 415 MB/s
a02bf4596da9a0c3d2b10ac745b55ccf  -

real	0m25.265s
user	0m23.261s
sys	0m6.300s
10000+0 records in
10000+0 records out
10485760000 bytes (10 GB) copieda02bf4596da9a0c3d2b10ac745b55ccf  -
, 25.2231 s, 416 MB/s

real	0m25.226s
user	0m23.383s
sys	0m6.138s
10000+0 records in
10000+0 records out
10485760000 bytes (10 GB) copieda02bf4596da9a0c3d2b10ac745b55ccf  -
, 25.1646 s, 417 MB/s

real	0m25.168s
user	0m23.354s
sys	0m5.708s
10000+0 records in
10000+0 records out
10485760000 bytes (10 GB) copied, 25.2299 s, 416 MB/s
a02bf4596da9a0c3d2b10ac745b55ccf  -

real	0m25.233s
user	0m23.348s
sys	0m6.218s
10000+0 records in
10000+0 records out
10485760000 bytes (10 GB) copieda02bf4596da9a0c3d2b10ac745b55ccf  -
, 25.2101 s, 416 MB/s

real	0m25.213s
user	0m23.399s
sys	0m5.886s
10000+0 records in
10000+0 records out
10485760000 bytes (10 GB) copied, 25.237 s, 415 MB/s
a02bf4596da9a0c3d2b10ac745b55ccf  -

real	0m25.240s
user	0m23.415s
sys	0m6.141s
10000+0 records in
10000+0 records out
10485760000 bytes (10 GB) copied, 25.2252 s, 416 MB/s
a02bf4596da9a0c3d2b10ac745b55ccf  -

real	0m25.228s
user	0m23.423s
sys	0m6.100s
10000+0 records in
10000+0 records out
a02bf4596da9a0c3d2b10ac745b55ccf  -
10485760000 bytes (10 GB) copied, 25.1935 s, 416 MB/s

real	0m25.196s
user	0m23.422s
sys	0m5.960s
10000+0 records in
10000+0 records out
10485760000 bytes (10 GB) copied, 25.2165 s, 416 MB/s
a02bf4596da9a0c3d2b10ac745b55ccf  -

real	0m25.219s
user	0m23.365s
sys	0m6.190s
10000+0 records in
10000+0 records out
10485760000 bytes (10 GB) copied, 25.2384 s, 415 MB/s
a02bf4596da9a0c3d2b10ac745b55ccf  -

real	0m25.241s
user	0m23.365s
sys	0m6.119s
10000+0 records in
10000+0 records out
10485760000 bytes (10 GB) copieda02bf4596da9a0c3d2b10ac745b55ccf  -
, 25.456 s, 412 MB/s

real	0m25.459s
user	0m23.349s
sys	0m5.936s
10000+0 records in
10000+0 records out
10485760000 bytes (10 GB) copied, 25.2211 s, 416 MB/s
a02bf4596da9a0c3d2b10ac745b55ccf  -

real	0m25.224s
user	0m23.342s
sys	0m6.115s
10000+0 records in
10000+0 records out
10485760000 bytes (10 GB) copied, 25.231 s, 416 MB/s
a02bf4596da9a0c3d2b10ac745b55ccf  -

real	0m25.234s
user	0m23.390s
sys	0m6.156s
10000+0 records in
10000+0 records out
10485760000 bytes (10 GB) copieda02bf4596da9a0c3d2b10ac745b55ccf  -
, 25.2391 s, 415 MB/s

real	0m25.242s
user	0m23.381s
sys	0m6.166s
10000+0 records in
10000+0 records out
10485760000 bytes (10 GB) copied, 25.1618 s, 417 MB/s
a02bf4596da9a0c3d2b10ac745b55ccf  -

real	0m25.164s
user	0m23.347s
sys	0m5.761s
10000+0 records in
10000+0 records out
10485760000 bytes (10 GB) copied, 25.2263 s, 416 MB/s
a02bf4596da9a0c3d2b10ac745b55ccf  -

real	0m25.229s
user	0m23.376s
sys	0m6.176s
10000+0 records in
10000+0 records out
10485760000 bytes (10 GB) copied, 25.1662 s, 417 MB/s
a02bf4596da9a0c3d2b10ac745b55ccf  -

real	0m25.169s
user	0m23.378s
sys	0m5.635s
