10000+0 records in
10000+0 records out
a02bf4596da9a0c3d2b10ac745b55ccf  -
10485760000 bytes (10 GB) copied, 25.2126 s, 416 MB/s

real	0m25.215s
user	0m23.336s
sys	0m6.127s
10000+0 records in
10000+0 records out
10485760000 bytes (10 GB) copieda02bf4596da9a0c3d2b10ac745b55ccf  -
, 25.2299 s, 416 MB/s

real	0m25.233s
user	0m23.382s
sys	0m6.164s
10000+0 records in
10000+0 records out
a02bf4596da9a0c3d2b10ac745b55ccf  -
10485760000 bytes (10 GB) copied, 25.2087 s, 416 MB/s

real	0m25.212s
user	0m23.381s
sys	0m5.982s
10000+0 records in
10000+0 records out
10485760000 bytes (10 GB) copied, 25.1486 s, 417 MB/s
a02bf4596da9a0c3d2b10ac745b55ccf  -

real	0m25.151s
user	0m23.356s
sys	0m5.690s
10000+0 records in
10000+0 records out
10485760000 bytes (10 GB) copieda02bf4596da9a0c3d2b10ac745b55ccf  -
, 25.2415 s, 415 MB/s

real	0m25.244s
user	0m23.416s
sys	0m6.072s
10000+0 records in
10000+0 records out
10485760000 bytes (10 GB) copieda02bf4596da9a0c3d2b10ac745b55ccf  -
, 25.2012 s, 416 MB/s

real	0m25.204s
user	0m23.403s
sys	0m5.790s
10000+0 records in
10000+0 records out
10485760000 bytes (10 GB) copied, 25.2246 s, 416 MB/s
a02bf4596da9a0c3d2b10ac745b55ccf  -

real	0m25.227s
user	0m23.341s
sys	0m6.206s
10000+0 records in
10000+0 records out
10485760000 bytes (10 GB) copied, 25.1904 s, 416 MB/s
a02bf4596da9a0c3d2b10ac745b55ccf  -

real	0m25.193s
user	0m23.346s
sys	0m5.943s
10000+0 records in
10000+0 records out
10485760000 bytes (10 GB) copied, 25.2106 s, 416 MB/s
a02bf4596da9a0c3d2b10ac745b55ccf  -

real	0m25.213s
user	0m23.382s
sys	0m5.928s
10000+0 records in
10000+0 records out
10485760000 bytes (10 GB) copied, 25.1694 s, 417 MB/s
a02bf4596da9a0c3d2b10ac745b55ccf  -

real	0m25.172s
user	0m23.313s
sys	0m5.813s
10000+0 records in
10000+0 records out
10485760000 bytes (10 GB) copied, 25.1697 s, 417 MB/s
a02bf4596da9a0c3d2b10ac745b55ccf  -

real	0m25.173s
user	0m23.413s
sys	0m5.589s
10000+0 records in
10000+0 records out
10485760000 bytes (10 GB) copied, 25.2166 s, 416 MB/s
a02bf4596da9a0c3d2b10ac745b55ccf  -

real	0m25.219s
user	0m23.407s
sys	0m5.570s
10000+0 records in
10000+0 records out
10485760000 bytes (10 GB) copied, 25.1489 s, 417 MB/s
a02bf4596da9a0c3d2b10ac745b55ccf  -

real	0m25.152s
user	0m23.423s
sys	0m5.579s
10000+0 records in
10000+0 records out
10485760000 bytes (10 GB) copied, 25.159 s, 417 MB/s
a02bf4596da9a0c3d2b10ac745b55ccf  -

real	0m25.162s
user	0m23.403s
sys	0m5.750s
10000+0 records in
10000+0 records out
10485760000 bytes (10 GB) copied, 25.2237 s, 416 MB/s
a02bf4596da9a0c3d2b10ac745b55ccf  -

real	0m25.227s
user	0m23.394s
sys	0m6.022s
10000+0 records in
10000+0 records out
10485760000 bytes (10 GB) copied, 25.2385 s, 415 MB/s
a02bf4596da9a0c3d2b10ac745b55ccf  -

real	0m25.241s
user	0m23.352s
sys	0m5.833s
10000+0 records in
10000+0 records out
10485760000 bytes (10 GB) copied, 25.2282 s, 416 MB/s
a02bf4596da9a0c3d2b10ac745b55ccf  -

real	0m25.231s
user	0m23.372s
sys	0m6.189s
10000+0 records in
10000+0 records out
10485760000 bytes (10 GB) copied, 25.1716 s, 417 MB/s
a02bf4596da9a0c3d2b10ac745b55ccf  -

real	0m25.174s
user	0m23.390s
sys	0m5.765s
10000+0 records in
10000+0 records out
10485760000 bytes (10 GB) copied, 25.202 s, 416 MB/s
a02bf4596da9a0c3d2b10ac745b55ccf  -

real	0m25.205s
user	0m23.332s
sys	0m6.122s
10000+0 records in
10000+0 records out
10485760000 bytes (10 GB) copied, 25.2149 s, 416 MB/s
a02bf4596da9a0c3d2b10ac745b55ccf  -

real	0m25.217s
user	0m23.425s
sys	0m6.135s
10000+0 records in
10000+0 records out
a02bf4596da9a0c3d2b10ac745b55ccf  -
10485760000 bytes (10 GB) copied, 25.2021 s, 416 MB/s

real	0m25.205s
user	0m23.386s
sys	0m5.973s
10000+0 records in
10000+0 records out
10485760000 bytes (10 GB) copied, 25.2377 s, 415 MB/s
a02bf4596da9a0c3d2b10ac745b55ccf  -

real	0m25.240s
user	0m23.379s
sys	0m6.184s
10000+0 records in
10000+0 records out
10485760000 bytes (10 GB) copieda02bf4596da9a0c3d2b10ac745b55ccf  -
, 25.2447 s, 415 MB/s

real	0m25.247s
user	0m23.328s
sys	0m6.220s
10000+0 records in
10000+0 records out
10485760000 bytes (10 GB) copied, 25.269 s, 415 MB/s
a02bf4596da9a0c3d2b10ac745b55ccf  -

real	0m25.272s
user	0m23.387s
sys	0m6.161s
10000+0 records in
10000+0 records out
10485760000 bytes (10 GB) copieda02bf4596da9a0c3d2b10ac745b55ccf  -
, 25.1701 s, 417 MB/s

real	0m25.173s
user	0m23.344s
sys	0m5.874s
10000+0 records in
10000+0 records out
10485760000 bytes (10 GB) copied, 25.2267 s, 416 MB/s
a02bf4596da9a0c3d2b10ac745b55ccf  -

real	0m25.229s
user	0m23.396s
sys	0m6.082s
10000+0 records in
10000+0 records out
10485760000 bytes (10 GB) copied, 25.2226 s, 416 MB/s
a02bf4596da9a0c3d2b10ac745b55ccf  -

real	0m25.225s
user	0m23.398s
sys	0m6.028s
10000+0 records in
10000+0 records out
10485760000 bytes (10 GB) copied, 25.2056 s, 416 MB/s
a02bf4596da9a0c3d2b10ac745b55ccf  -

real	0m25.208s
user	0m23.317s
sys	0m5.956s
10000+0 records in
10000+0 records out
10485760000 bytes (10 GB) copieda02bf4596da9a0c3d2b10ac745b55ccf  -
, 25.2139 s, 416 MB/s

real	0m25.217s
user	0m23.384s
sys	0m5.980s
10000+0 records in
10000+0 records out
10485760000 bytes (10 GB) copied, 25.3329 s, 414 MB/s
a02bf4596da9a0c3d2b10ac745b55ccf  -

real	0m25.335s
user	0m23.370s
sys	0m6.163s
10000+0 records in
10000+0 records out
10485760000 bytes (10 GB) copieda02bf4596da9a0c3d2b10ac745b55ccf  -
, 25.2349 s, 416 MB/s

real	0m25.238s
user	0m23.366s
sys	0m6.201s
10000+0 records in
10000+0 records out
10485760000 bytes (10 GB) copied, 25.1842 s, 416 MB/s
a02bf4596da9a0c3d2b10ac745b55ccf  -

real	0m25.187s
user	0m23.391s
sys	0m5.784s
10000+0 records in
10000+0 records out
10485760000 bytes (10 GB) copied, 25.1635 s, 417 MB/s
a02bf4596da9a0c3d2b10ac745b55ccf  -

real	0m25.166s
user	0m23.365s
sys	0m5.844s
10000+0 records in
10000+0 records out
10485760000 bytes (10 GB) copied, 25.1446 s, 417 MB/s
a02bf4596da9a0c3d2b10ac745b55ccf  -

real	0m25.148s
user	0m23.357s
sys	0m5.652s
10000+0 records in
10000+0 records out
10485760000 bytes (10 GB) copied, 25.2234 s, 416 MB/s
a02bf4596da9a0c3d2b10ac745b55ccf  -

real	0m25.226s
user	0m23.451s
sys	0m6.110s
10000+0 records in
10000+0 records out
10485760000 bytes (10 GB) copied, 25.211 s, 416 MB/s
a02bf4596da9a0c3d2b10ac745b55ccf  -

real	0m25.214s
user	0m23.434s
sys	0m6.095s
10000+0 records in
10000+0 records out
10485760000 bytes (10 GB) copied, 25.242 s, 415 MB/s
a02bf4596da9a0c3d2b10ac745b55ccf  -

real	0m25.245s
user	0m23.364s
sys	0m6.213s
10000+0 records in
10000+0 records out
10485760000 bytes (10 GB) copied, 25.2343 s, 416 MB/s
a02bf4596da9a0c3d2b10ac745b55ccf  -

real	0m25.237s
user	0m23.321s
sys	0m6.190s
10000+0 records in
10000+0 records out
10485760000 bytes (10 GB) copieda02bf4596da9a0c3d2b10ac745b55ccf  -
, 25.1698 s, 417 MB/s

real	0m25.173s
user	0m23.358s
sys	0m5.818s
10000+0 records in
10000+0 records out
10485760000 bytes (10 GB) copieda02bf4596da9a0c3d2b10ac745b55ccf  -
, 25.1904 s, 416 MB/s

real	0m25.193s
user	0m23.367s
sys	0m5.664s
10000+0 records in
10000+0 records out
a02bf4596da9a0c3d2b10ac745b55ccf  -
10485760000 bytes (10 GB) copied, 25.1579 s, 417 MB/s

real	0m25.161s
user	0m23.399s
sys	0m5.662s
10000+0 records in
10000+0 records out
10485760000 bytes (10 GB) copied, 25.2378 s, 415 MB/s
a02bf4596da9a0c3d2b10ac745b55ccf  -

real	0m25.241s
user	0m23.379s
sys	0m6.200s
10000+0 records in
10000+0 records out
10485760000 bytes (10 GB) copied, 25.202 s, 416 MB/s
a02bf4596da9a0c3d2b10ac745b55ccf  -

real	0m25.205s
user	0m23.333s
sys	0m5.991s
10000+0 records in
10000+0 records out
10485760000 bytes (10 GB) copied, 25.2111 s, 416 MB/s
a02bf4596da9a0c3d2b10ac745b55ccf  -

real	0m25.214s
user	0m23.393s
sys	0m6.069s
10000+0 records in
10000+0 records out
10485760000 bytes (10 GB) copied, 25.2389 s, 415 MB/s
a02bf4596da9a0c3d2b10ac745b55ccf  -

real	0m25.241s
user	0m23.380s
sys	0m6.187s
10000+0 records in
10000+0 records out
10485760000 bytes (10 GB) copied, 25.1548 s, 417 MB/s
a02bf4596da9a0c3d2b10ac745b55ccf  -

real	0m25.158s
user	0m23.456s
sys	0m5.546s
10000+0 records in
10000+0 records out
10485760000 bytes (10 GB) copied, 25.2353 s, 416 MB/s
a02bf4596da9a0c3d2b10ac745b55ccf  -

real	0m25.238s
user	0m23.431s
sys	0m6.069s
10000+0 records in
10000+0 records out
10485760000 bytes (10 GB) copieda02bf4596da9a0c3d2b10ac745b55ccf  -
, 25.5064 s, 411 MB/s

real	0m25.509s
user	0m23.352s
sys	0m6.229s
10000+0 records in
10000+0 records out
10485760000 bytes (10 GB) copied, 25.1664 s, 417 MB/s
a02bf4596da9a0c3d2b10ac745b55ccf  -

real	0m25.170s
user	0m23.345s
sys	0m5.653s
10000+0 records in
10000+0 records out
10485760000 bytes (10 GB) copied, 25.2161 s, 416 MB/s
a02bf4596da9a0c3d2b10ac745b55ccf  -

real	0m25.221s
user	0m23.380s
sys	0m6.065s
10000+0 records in
10000+0 records out
10485760000 bytes (10 GB) copied, 25.2161 s, 416 MB/s
a02bf4596da9a0c3d2b10ac745b55ccf  -

real	0m25.219s
user	0m23.381s
sys	0m5.904s
10000+0 records in
10000+0 records out
10485760000 bytes (10 GB) copied, 25.2158 s, 416 MB/s
a02bf4596da9a0c3d2b10ac745b55ccf  -

real	0m25.219s
user	0m23.325s
sys	0m6.112s
10000+0 records in
10000+0 records out
10485760000 bytes (10 GB) copied, 25.1925 s, 416 MB/s
a02bf4596da9a0c3d2b10ac745b55ccf  -

real	0m25.195s
user	0m23.380s
sys	0m5.867s
10000+0 records in
10000+0 records out
10485760000 bytes (10 GB) copied, 25.2289 s, 416 MB/s
a02bf4596da9a0c3d2b10ac745b55ccf  -

real	0m25.232s
user	0m23.380s
sys	0m6.177s
10000+0 records in
10000+0 records out
10485760000 bytes (10 GB) copied, 25.1725 s, 417 MB/s
a02bf4596da9a0c3d2b10ac745b55ccf  -

real	0m25.175s
user	0m23.382s
sys	0m5.724s
10000+0 records in
10000+0 records out
10485760000 bytes (10 GB) copied, 25.1974 s, 416 MB/s
a02bf4596da9a0c3d2b10ac745b55ccf  -

real	0m25.201s
user	0m23.408s
sys	0m6.034s
10000+0 records in
10000+0 records out
10485760000 bytes (10 GB) copied, 25.2171 s, 416 MB/s
a02bf4596da9a0c3d2b10ac745b55ccf  -

real	0m25.220s
user	0m23.370s
sys	0m5.763s
10000+0 records in
10000+0 records out
10485760000 bytes (10 GB) copieda02bf4596da9a0c3d2b10ac745b55ccf  -
, 25.2089 s, 416 MB/s

real	0m25.212s
user	0m23.379s
sys	0m5.848s
10000+0 records in
10000+0 records out
10485760000 bytes (10 GB) copieda02bf4596da9a0c3d2b10ac745b55ccf  -
, 25.2106 s, 416 MB/s

real	0m25.214s
user	0m23.351s
sys	0m6.163s
10000+0 records in
10000+0 records out
10485760000 bytes (10 GB) copied, 25.1956 s, 416 MB/s
a02bf4596da9a0c3d2b10ac745b55ccf  -

real	0m25.199s
user	0m23.418s
sys	0m5.832s
