500+0 records in
500+0 records out
afbad591ee2b70ac94258fbc7fac3bf2  -
524288000 bytes (524 MB) copied, 1.34802 s, 389 MB/s

real	0m1.351s
user	0m1.173s
sys	0m0.292s
500+0 records in
500+0 records out
afbad591ee2b70ac94258fbc7fac3bf2  -
524288000 bytes (524 MB) copied, 1.34254 s, 391 MB/s

real	0m1.345s
user	0m1.168s
sys	0m0.290s
500+0 records in
500+0 records out
524288000 bytes (524 MB) copiedafbad591ee2b70ac94258fbc7fac3bf2  -
, 1.35054 s, 388 MB/s

real	0m1.353s
user	0m1.174s
sys	0m0.304s
500+0 records in
500+0 records out
afbad591ee2b70ac94258fbc7fac3bf2  -
524288000 bytes (524 MB) copied, 1.30516 s, 402 MB/s

real	0m1.308s
user	0m1.171s
sys	0m0.309s
500+0 records in
500+0 records out
afbad591ee2b70ac94258fbc7fac3bf2  -
524288000 bytes (524 MB) copied, 1.33439 s, 393 MB/s

real	0m1.337s
user	0m1.173s
sys	0m0.305s
500+0 records in
500+0 records out
afbad591ee2b70ac94258fbc7fac3bf2  -
524288000 bytes (524 MB) copied, 1.33985 s, 391 MB/s

real	0m1.343s
user	0m1.165s
sys	0m0.321s
500+0 records in
500+0 records out
afbad591ee2b70ac94258fbc7fac3bf2  -
524288000 bytes (524 MB) copied, 1.29901 s, 404 MB/s

real	0m1.302s
user	0m1.155s
sys	0m0.305s
500+0 records in
500+0 records out
afbad591ee2b70ac94258fbc7fac3bf2  -
524288000 bytes (524 MB) copied, 1.27497 s, 411 MB/s

real	0m1.278s
user	0m1.191s
sys	0m0.287s
500+0 records in
500+0 records out
afbad591ee2b70ac94258fbc7fac3bf2  -
524288000 bytes (524 MB) copied, 1.31665 s, 398 MB/s

real	0m1.319s
user	0m1.174s
sys	0m0.296s
500+0 records in
500+0 records out
524288000 bytes (524 MB) copied, 1.3059 s, 401 MB/s
afbad591ee2b70ac94258fbc7fac3bf2  -

real	0m1.309s
user	0m1.178s
sys	0m0.295s
500+0 records in
500+0 records out
524288000 bytes (524 MB) copied, 1.30557 s, 402 MB/s
afbad591ee2b70ac94258fbc7fac3bf2  -

real	0m1.308s
user	0m1.164s
sys	0m0.309s
500+0 records in
500+0 records out
afbad591ee2b70ac94258fbc7fac3bf2  -
524288000 bytes (524 MB) copied, 1.35922 s, 386 MB/s

real	0m1.362s
user	0m1.167s
sys	0m0.309s
500+0 records in
500+0 records out
524288000 bytes (524 MB) copied, 1.30239 s, 403 MB/s
afbad591ee2b70ac94258fbc7fac3bf2  -

real	0m1.305s
user	0m1.175s
sys	0m0.298s
500+0 records in
500+0 records out
afbad591ee2b70ac94258fbc7fac3bf2  -
524288000 bytes (524 MB) copied, 1.44236 s, 363 MB/s

real	0m1.445s
user	0m1.189s
sys	0m0.316s
500+0 records in
500+0 records out
524288000 bytes (524 MB) copied, 1.31228 s, 400 MB/s
afbad591ee2b70ac94258fbc7fac3bf2  -

real	0m1.315s
user	0m1.174s
sys	0m0.288s
500+0 records in
500+0 records out
afbad591ee2b70ac94258fbc7fac3bf2  -
524288000 bytes (524 MB) copied, 1.31685 s, 398 MB/s

real	0m1.320s
user	0m1.182s
sys	0m0.294s
500+0 records in
500+0 records out
afbad591ee2b70ac94258fbc7fac3bf2  -
524288000 bytes (524 MB) copied, 1.36531 s, 384 MB/s

real	0m1.368s
user	0m1.160s
sys	0m0.302s
500+0 records in
500+0 records out
afbad591ee2b70ac94258fbc7fac3bf2  -
524288000 bytes (524 MB) copied, 1.32683 s, 395 MB/s

real	0m1.330s
user	0m1.174s
sys	0m0.309s
500+0 records in
500+0 records out
524288000 bytes (524 MB) copied, 1.2894 s, 407 MB/s
afbad591ee2b70ac94258fbc7fac3bf2  -

real	0m1.292s
user	0m1.180s
sys	0m0.298s
500+0 records in
500+0 records out
524288000 bytes (524 MB) copied, 1.26442 s, 415 MB/s
afbad591ee2b70ac94258fbc7fac3bf2  -

real	0m1.267s
user	0m1.170s
sys	0m0.298s
500+0 records in
500+0 records out
afbad591ee2b70ac94258fbc7fac3bf2  -
524288000 bytes (524 MB) copied, 1.32267 s, 396 MB/s

real	0m1.325s
user	0m1.180s
sys	0m0.289s
500+0 records in
500+0 records out
afbad591ee2b70ac94258fbc7fac3bf2  -
524288000 bytes (524 MB) copied, 1.30745 s, 401 MB/s

real	0m1.310s
user	0m1.176s
sys	0m0.297s
500+0 records in
500+0 records out
524288000 bytes (524 MB) copiedafbad591ee2b70ac94258fbc7fac3bf2  -
, 1.32786 s, 395 MB/s

real	0m1.330s
user	0m1.182s
sys	0m0.276s
500+0 records in
500+0 records out
afbad591ee2b70ac94258fbc7fac3bf2  -
524288000 bytes (524 MB) copied, 1.30992 s, 400 MB/s

real	0m1.313s
user	0m1.163s
sys	0m0.310s
500+0 records in
500+0 records out
afbad591ee2b70ac94258fbc7fac3bf2  -
524288000 bytes (524 MB) copied, 1.3648 s, 384 MB/s

real	0m1.367s
user	0m1.160s
sys	0m0.307s
500+0 records in
500+0 records out
afbad591ee2b70ac94258fbc7fac3bf2  -
524288000 bytes (524 MB) copied, 1.36476 s, 384 MB/s

real	0m1.367s
user	0m1.171s
sys	0m0.312s
500+0 records in
500+0 records out
afbad591ee2b70ac94258fbc7fac3bf2  -
524288000 bytes (524 MB) copied, 1.35909 s, 386 MB/s

real	0m1.362s
user	0m1.172s
sys	0m0.326s
500+0 records in
500+0 records out
afbad591ee2b70ac94258fbc7fac3bf2  -
524288000 bytes (524 MB) copied, 1.28213 s, 409 MB/s

real	0m1.285s
user	0m1.176s
sys	0m0.297s
500+0 records in
500+0 records out
afbad591ee2b70ac94258fbc7fac3bf2  -
524288000 bytes (524 MB) copied, 1.31156 s, 400 MB/s

real	0m1.314s
user	0m1.174s
sys	0m0.305s
500+0 records in
500+0 records out
afbad591ee2b70ac94258fbc7fac3bf2  -
524288000 bytes (524 MB) copied, 1.37476 s, 381 MB/s

real	0m1.377s
user	0m1.167s
sys	0m0.300s
500+0 records in
500+0 records out
524288000 bytes (524 MB) copied, 1.32706 s, 395 MB/s
afbad591ee2b70ac94258fbc7fac3bf2  -

real	0m1.330s
user	0m1.176s
sys	0m0.298s
500+0 records in
500+0 records out
afbad591ee2b70ac94258fbc7fac3bf2  -
524288000 bytes (524 MB) copied, 1.31553 s, 399 MB/s

real	0m1.318s
user	0m1.178s
sys	0m0.287s
500+0 records in
500+0 records out
524288000 bytes (524 MB) copied, 1.42638 s, 368 MB/s
afbad591ee2b70ac94258fbc7fac3bf2  -

real	0m1.429s
user	0m1.174s
sys	0m0.301s
500+0 records in
500+0 records out
afbad591ee2b70ac94258fbc7fac3bf2  -
524288000 bytes (524 MB) copied, 1.34653 s, 389 MB/s

real	0m1.349s
user	0m1.169s
sys	0m0.310s
500+0 records in
500+0 records out
afbad591ee2b70ac94258fbc7fac3bf2  -
524288000 bytes (524 MB) copied, 1.361 s, 385 MB/s

real	0m1.364s
user	0m1.170s
sys	0m0.308s
500+0 records in
500+0 records out
524288000 bytes (524 MB) copied, 1.31792 s, 398 MB/s
afbad591ee2b70ac94258fbc7fac3bf2  -

real	0m1.321s
user	0m1.166s
sys	0m0.320s
500+0 records in
500+0 records out
afbad591ee2b70ac94258fbc7fac3bf2  -
524288000 bytes (524 MB) copied, 1.87455 s, 280 MB/s

real	0m1.877s
user	0m1.158s
sys	0m0.312s
500+0 records in
500+0 records out
afbad591ee2b70ac94258fbc7fac3bf2  -
524288000 bytes (524 MB) copied, 1.98576 s, 264 MB/s

real	0m1.989s
user	0m1.191s
sys	0m0.330s
500+0 records in
500+0 records out
afbad591ee2b70ac94258fbc7fac3bf2  -
524288000 bytes (524 MB) copied, 1.39694 s, 375 MB/s

real	0m1.400s
user	0m1.150s
sys	0m0.358s
500+0 records in
500+0 records out
524288000 bytes (524 MB) copied, 1.47577 s, 355 MB/s
afbad591ee2b70ac94258fbc7fac3bf2  -

real	0m1.479s
user	0m1.177s
sys	0m0.300s
500+0 records in
500+0 records out
afbad591ee2b70ac94258fbc7fac3bf2  -
524288000 bytes (524 MB) copied, 1.57326 s, 333 MB/s

real	0m1.576s
user	0m1.178s
sys	0m0.323s
500+0 records in
500+0 records out
afbad591ee2b70ac94258fbc7fac3bf2  -
524288000 bytes (524 MB) copied, 1.71862 s, 305 MB/s

real	0m1.721s
user	0m1.168s
sys	0m0.302s
500+0 records in
500+0 records out
524288000 bytes (524 MB) copied, 1.48173 s, 354 MB/s
afbad591ee2b70ac94258fbc7fac3bf2  -

real	0m1.485s
user	0m1.182s
sys	0m0.292s
500+0 records in
500+0 records out
afbad591ee2b70ac94258fbc7fac3bf2  -
524288000 bytes (524 MB) copied, 1.3513 s, 388 MB/s

real	0m1.354s
user	0m1.163s
sys	0m0.304s
500+0 records in
500+0 records out
afbad591ee2b70ac94258fbc7fac3bf2  -
524288000 bytes (524 MB) copied, 1.48628 s, 353 MB/s

real	0m1.489s
user	0m1.168s
sys	0m0.311s
500+0 records in
500+0 records out
524288000 bytes (524 MB) copied, 1.27106 s, 412 MB/s
afbad591ee2b70ac94258fbc7fac3bf2  -

real	0m1.274s
user	0m1.177s
sys	0m0.294s
500+0 records in
500+0 records out
afbad591ee2b70ac94258fbc7fac3bf2  -
524288000 bytes (524 MB) copied, 1.29811 s, 404 MB/s

real	0m1.301s
user	0m1.174s
sys	0m0.296s
500+0 records in
500+0 records out
afbad591ee2b70ac94258fbc7fac3bf2  -
524288000 bytes (524 MB) copied, 1.30327 s, 402 MB/s

real	0m1.306s
user	0m1.170s
sys	0m0.293s
500+0 records in
500+0 records out
afbad591ee2b70ac94258fbc7fac3bf2  -
524288000 bytes (524 MB) copied, 1.36819 s, 383 MB/s

real	0m1.371s
user	0m1.175s
sys	0m0.303s
500+0 records in
500+0 records out
afbad591ee2b70ac94258fbc7fac3bf2  -
524288000 bytes (524 MB) copied, 1.32867 s, 395 MB/s

real	0m1.331s
user	0m1.169s
sys	0m0.302s
500+0 records in
500+0 records out
524288000 bytes (524 MB) copied, 1.31734 s, 398 MB/s
afbad591ee2b70ac94258fbc7fac3bf2  -

real	0m1.320s
user	0m1.171s
sys	0m0.299s
500+0 records in
500+0 records out
afbad591ee2b70ac94258fbc7fac3bf2  -
524288000 bytes (524 MB) copied, 1.33194 s, 394 MB/s

real	0m1.335s
user	0m1.179s
sys	0m0.300s
500+0 records in
500+0 records out
afbad591ee2b70ac94258fbc7fac3bf2  -
524288000 bytes (524 MB) copied, 1.33344 s, 393 MB/s

real	0m1.336s
user	0m1.178s
sys	0m0.298s
500+0 records in
500+0 records out
524288000 bytes (524 MB) copied, 1.32527 s, 396 MB/s
afbad591ee2b70ac94258fbc7fac3bf2  -

real	0m1.328s
user	0m1.185s
sys	0m0.289s
500+0 records in
500+0 records out
afbad591ee2b70ac94258fbc7fac3bf2  -
524288000 bytes (524 MB) copied, 1.32812 s, 395 MB/s

real	0m1.331s
user	0m1.166s
sys	0m0.324s
500+0 records in
500+0 records out
afbad591ee2b70ac94258fbc7fac3bf2  -
524288000 bytes (524 MB) copied, 1.36175 s, 385 MB/s

real	0m1.365s
user	0m1.174s
sys	0m0.313s
500+0 records in
500+0 records out
afbad591ee2b70ac94258fbc7fac3bf2  -
524288000 bytes (524 MB) copied, 1.34091 s, 391 MB/s

real	0m1.344s
user	0m1.182s
sys	0m0.284s
500+0 records in
500+0 records out
afbad591ee2b70ac94258fbc7fac3bf2  -
524288000 bytes (524 MB) copied, 1.55323 s, 338 MB/s

real	0m1.556s
user	0m1.163s
sys	0m0.313s
500+0 records in
500+0 records out
afbad591ee2b70ac94258fbc7fac3bf2  -
524288000 bytes (524 MB) copied, 1.58936 s, 330 MB/s

real	0m1.592s
user	0m1.165s
sys	0m0.318s
500+0 records in
500+0 records out
524288000 bytes (524 MB) copied, 1.35798 s, 386 MB/s
afbad591ee2b70ac94258fbc7fac3bf2  -

real	0m1.361s
user	0m1.183s
sys	0m0.356s
500+0 records in
500+0 records out
524288000 bytes (524 MB) copied, 1.39046 s, 377 MB/s
afbad591ee2b70ac94258fbc7fac3bf2  -

real	0m1.393s
user	0m1.166s
sys	0m0.297s
500+0 records in
500+0 records out
afbad591ee2b70ac94258fbc7fac3bf2  -
524288000 bytes (524 MB) copied, 1.3679 s, 383 MB/s

real	0m1.371s
user	0m1.180s
sys	0m0.288s
500+0 records in
500+0 records out
afbad591ee2b70ac94258fbc7fac3bf2  -
524288000 bytes (524 MB) copied, 1.33111 s, 394 MB/s

real	0m1.334s
user	0m1.174s
sys	0m0.304s
500+0 records in
500+0 records out
afbad591ee2b70ac94258fbc7fac3bf2  -
524288000 bytes (524 MB) copied, 1.31442 s, 399 MB/s

real	0m1.317s
user	0m1.175s
sys	0m0.308s
500+0 records in
500+0 records out
524288000 bytes (524 MB) copied, 1.34749 s, 389 MB/s
afbad591ee2b70ac94258fbc7fac3bf2  -

real	0m1.350s
user	0m1.176s
sys	0m0.291s
500+0 records in
500+0 records out
524288000 bytes (524 MB) copied, 1.48762 s, 352 MB/s
afbad591ee2b70ac94258fbc7fac3bf2  -

real	0m1.490s
user	0m1.180s
sys	0m0.295s
500+0 records in
500+0 records out
afbad591ee2b70ac94258fbc7fac3bf2  -
524288000 bytes (524 MB) copied, 1.31845 s, 398 MB/s

real	0m1.321s
user	0m1.171s
sys	0m0.301s
500+0 records in
500+0 records out
afbad591ee2b70ac94258fbc7fac3bf2  -
524288000 bytes (524 MB) copied, 1.40506 s, 373 MB/s

real	0m1.408s
user	0m1.169s
sys	0m0.356s
500+0 records in
500+0 records out
524288000 bytes (524 MB) copied, 1.28403 s, 408 MB/s
afbad591ee2b70ac94258fbc7fac3bf2  -

real	0m1.287s
user	0m1.177s
sys	0m0.296s
500+0 records in
500+0 records out
afbad591ee2b70ac94258fbc7fac3bf2  -
524288000 bytes (524 MB) copied, 1.31957 s, 397 MB/s

real	0m1.322s
user	0m1.165s
sys	0m0.316s
500+0 records in
500+0 records out
afbad591ee2b70ac94258fbc7fac3bf2  -
524288000 bytes (524 MB) copied, 1.32881 s, 395 MB/s

real	0m1.332s
user	0m1.184s
sys	0m0.287s
500+0 records in
500+0 records out
afbad591ee2b70ac94258fbc7fac3bf2  -
524288000 bytes (524 MB) copied, 1.28054 s, 409 MB/s

real	0m1.283s
user	0m1.167s
sys	0m0.296s
500+0 records in
500+0 records out
524288000 bytes (524 MB) copied, 1.28937 s, 407 MB/s
afbad591ee2b70ac94258fbc7fac3bf2  -

real	0m1.292s
user	0m1.155s
sys	0m0.308s
500+0 records in
500+0 records out
afbad591ee2b70ac94258fbc7fac3bf2  -
524288000 bytes (524 MB) copied, 1.34519 s, 390 MB/s

real	0m1.348s
user	0m1.181s
sys	0m0.287s
500+0 records in
500+0 records out
afbad591ee2b70ac94258fbc7fac3bf2  -
524288000 bytes (524 MB) copied, 1.36989 s, 383 MB/s

real	0m1.373s
user	0m1.164s
sys	0m0.320s
500+0 records in
500+0 records out
afbad591ee2b70ac94258fbc7fac3bf2  -
524288000 bytes (524 MB) copied, 1.3191 s, 397 MB/s

real	0m1.322s
user	0m1.172s
sys	0m0.291s
500+0 records in
500+0 records out
524288000 bytes (524 MB) copied, 1.27239 s, 412 MB/s
afbad591ee2b70ac94258fbc7fac3bf2  -

real	0m1.275s
user	0m1.178s
sys	0m0.278s
500+0 records in
500+0 records out
afbad591ee2b70ac94258fbc7fac3bf2  -
524288000 bytes (524 MB) copied, 1.33875 s, 392 MB/s

real	0m1.342s
user	0m1.175s
sys	0m0.290s
500+0 records in
500+0 records out
524288000 bytes (524 MB) copied, 1.33283 s, 393 MB/s
afbad591ee2b70ac94258fbc7fac3bf2  -

real	0m1.336s
user	0m1.182s
sys	0m0.327s
500+0 records in
500+0 records out
524288000 bytes (524 MB) copied, 1.33971 s, 391 MB/s
afbad591ee2b70ac94258fbc7fac3bf2  -

real	0m1.342s
user	0m1.161s
sys	0m0.338s
500+0 records in
500+0 records out
afbad591ee2b70ac94258fbc7fac3bf2  -
524288000 bytes (524 MB) copied, 1.28978 s, 406 MB/s

real	0m1.292s
user	0m1.167s
sys	0m0.305s
500+0 records in
500+0 records out
afbad591ee2b70ac94258fbc7fac3bf2  -
524288000 bytes (524 MB) copied, 1.3313 s, 394 MB/s

real	0m1.334s
user	0m1.177s
sys	0m0.297s
500+0 records in
500+0 records out
524288000 bytes (524 MB) copiedafbad591ee2b70ac94258fbc7fac3bf2  -
, 2.50144 s, 210 MB/s

real	0m2.504s
user	0m1.166s
sys	0m0.385s
500+0 records in
500+0 records out
afbad591ee2b70ac94258fbc7fac3bf2  -
524288000 bytes (524 MB) copied, 2.23878 s, 234 MB/s

real	0m2.242s
user	0m1.170s
sys	0m0.352s
500+0 records in
500+0 records out
524288000 bytes (524 MB) copiedafbad591ee2b70ac94258fbc7fac3bf2  -
, 2.08216 s, 252 MB/s

real	0m2.085s
user	0m1.165s
sys	0m0.329s
500+0 records in
500+0 records out
afbad591ee2b70ac94258fbc7fac3bf2  -
524288000 bytes (524 MB) copied, 2.5696 s, 204 MB/s

real	0m2.573s
user	0m1.174s
sys	0m0.305s
500+0 records in
500+0 records out
afbad591ee2b70ac94258fbc7fac3bf2  -
524288000 bytes (524 MB) copied, 1.43116 s, 366 MB/s

real	0m1.434s
user	0m1.183s
sys	0m0.311s
500+0 records in
500+0 records out
afbad591ee2b70ac94258fbc7fac3bf2  -
524288000 bytes (524 MB) copied, 2.26904 s, 231 MB/s

real	0m2.272s
user	0m1.181s
sys	0m0.313s
500+0 records in
500+0 records out
afbad591ee2b70ac94258fbc7fac3bf2  -
524288000 bytes (524 MB) copied, 1.82164 s, 288 MB/s

real	0m1.825s
user	0m1.189s
sys	0m0.289s
500+0 records in
500+0 records out
afbad591ee2b70ac94258fbc7fac3bf2  -
524288000 bytes (524 MB) copied, 1.43768 s, 365 MB/s

real	0m1.441s
user	0m1.167s
sys	0m0.319s
500+0 records in
500+0 records out
afbad591ee2b70ac94258fbc7fac3bf2  -
524288000 bytes (524 MB) copied, 1.5038 s, 349 MB/s

real	0m1.506s
user	0m1.175s
sys	0m0.310s
500+0 records in
500+0 records out
524288000 bytes (524 MB) copiedafbad591ee2b70ac94258fbc7fac3bf2  -
, 1.52555 s, 344 MB/s

real	0m1.528s
user	0m1.180s
sys	0m0.289s
500+0 records in
500+0 records out
afbad591ee2b70ac94258fbc7fac3bf2  -
524288000 bytes (524 MB) copied, 1.32227 s, 397 MB/s

real	0m1.325s
user	0m1.177s
sys	0m0.291s
500+0 records in
500+0 records out
afbad591ee2b70ac94258fbc7fac3bf2  -
524288000 bytes (524 MB) copied, 1.42507 s, 368 MB/s

real	0m1.428s
user	0m1.181s
sys	0m0.302s
500+0 records in
500+0 records out
afbad591ee2b70ac94258fbc7fac3bf2  -
524288000 bytes (524 MB) copied, 1.33738 s, 392 MB/s

real	0m1.340s
user	0m1.165s
sys	0m0.331s
500+0 records in
500+0 records out
afbad591ee2b70ac94258fbc7fac3bf2  -
524288000 bytes (524 MB) copied, 1.52404 s, 344 MB/s

real	0m1.527s
user	0m1.179s
sys	0m0.300s
500+0 records in
500+0 records out
afbad591ee2b70ac94258fbc7fac3bf2  -
524288000 bytes (524 MB) copied, 1.3978 s, 375 MB/s

real	0m1.400s
user	0m1.164s
sys	0m0.361s
500+0 records in
500+0 records out
524288000 bytes (524 MB) copiedafbad591ee2b70ac94258fbc7fac3bf2  -
, 1.44984 s, 362 MB/s

real	0m1.453s
user	0m1.175s
sys	0m0.298s
500+0 records in
500+0 records out
afbad591ee2b70ac94258fbc7fac3bf2  -
524288000 bytes (524 MB) copied, 1.38563 s, 378 MB/s

real	0m1.388s
user	0m1.163s
sys	0m0.295s
500+0 records in
500+0 records out
524288000 bytes (524 MB) copied, 1.79663 s, 292 MB/s
afbad591ee2b70ac94258fbc7fac3bf2  -

real	0m1.799s
user	0m1.166s
sys	0m0.302s
500+0 records in
500+0 records out
afbad591ee2b70ac94258fbc7fac3bf2  -
524288000 bytes (524 MB) copied, 1.64316 s, 319 MB/s

real	0m1.646s
user	0m1.168s
sys	0m0.313s
500+0 records in
500+0 records out
afbad591ee2b70ac94258fbc7fac3bf2  -
524288000 bytes (524 MB) copied, 1.51283 s, 347 MB/s

real	0m1.516s
user	0m1.180s
sys	0m0.294s
500+0 records in
500+0 records out
afbad591ee2b70ac94258fbc7fac3bf2  -
524288000 bytes (524 MB) copied, 1.34853 s, 389 MB/s

real	0m1.351s
user	0m1.158s
sys	0m0.311s
500+0 records in
500+0 records out
524288000 bytes (524 MB) copied, 1.35647 s, 387 MB/s
afbad591ee2b70ac94258fbc7fac3bf2  -

real	0m1.359s
user	0m1.166s
sys	0m0.306s
500+0 records in
500+0 records out
afbad591ee2b70ac94258fbc7fac3bf2  -
524288000 bytes (524 MB) copied, 1.50052 s, 349 MB/s

real	0m1.503s
user	0m1.167s
sys	0m0.309s
500+0 records in
500+0 records out
afbad591ee2b70ac94258fbc7fac3bf2  -
524288000 bytes (524 MB) copied, 1.32775 s, 395 MB/s

real	0m1.331s
user	0m1.171s
sys	0m0.298s
500+0 records in
500+0 records out
524288000 bytes (524 MB) copied, 1.31443 s, 399 MB/s
afbad591ee2b70ac94258fbc7fac3bf2  -

real	0m1.317s
user	0m1.161s
sys	0m0.308s
500+0 records in
500+0 records out
524288000 bytes (524 MB) copied, 1.26754 s, 414 MB/s
afbad591ee2b70ac94258fbc7fac3bf2  -

real	0m1.270s
user	0m1.169s
sys	0m0.303s
500+0 records in
500+0 records out
afbad591ee2b70ac94258fbc7fac3bf2  -
524288000 bytes (524 MB) copied, 1.31736 s, 398 MB/s

real	0m1.320s
user	0m1.175s
sys	0m0.300s
500+0 records in
500+0 records out
afbad591ee2b70ac94258fbc7fac3bf2  -
524288000 bytes (524 MB) copied, 1.33381 s, 393 MB/s

real	0m1.336s
user	0m1.180s
sys	0m0.287s
500+0 records in
500+0 records out
524288000 bytes (524 MB) copied, 1.30941 s, 400 MB/s
afbad591ee2b70ac94258fbc7fac3bf2  -

real	0m1.312s
user	0m1.167s
sys	0m0.299s
500+0 records in
500+0 records out
afbad591ee2b70ac94258fbc7fac3bf2  -
524288000 bytes (524 MB) copied, 1.29511 s, 405 MB/s

real	0m1.297s
user	0m1.177s
sys	0m0.296s
500+0 records in
500+0 records out
524288000 bytes (524 MB) copied, 1.28021 s, 410 MB/s
afbad591ee2b70ac94258fbc7fac3bf2  -

real	0m1.283s
user	0m1.174s
sys	0m0.290s
500+0 records in
500+0 records out
afbad591ee2b70ac94258fbc7fac3bf2  -
524288000 bytes (524 MB) copied, 1.29793 s, 404 MB/s

real	0m1.301s
user	0m1.154s
sys	0m0.325s
500+0 records in
500+0 records out
afbad591ee2b70ac94258fbc7fac3bf2  -
524288000 bytes (524 MB) copied, 1.29345 s, 405 MB/s

real	0m1.296s
user	0m1.184s
sys	0m0.283s
500+0 records in
500+0 records out
afbad591ee2b70ac94258fbc7fac3bf2  -
524288000 bytes (524 MB) copied, 1.27456 s, 411 MB/s

real	0m1.277s
user	0m1.165s
sys	0m0.310s
500+0 records in
500+0 records out
524288000 bytes (524 MB) copied, 1.28803 s, 407 MB/s
afbad591ee2b70ac94258fbc7fac3bf2  -

real	0m1.291s
user	0m1.181s
sys	0m0.300s
500+0 records in
500+0 records out
524288000 bytes (524 MB) copied, 1.33728 s, 392 MB/s
afbad591ee2b70ac94258fbc7fac3bf2  -

real	0m1.340s
user	0m1.162s
sys	0m0.309s
500+0 records in
500+0 records out
524288000 bytes (524 MB) copied, 1.26269 s, 415 MB/s
afbad591ee2b70ac94258fbc7fac3bf2  -

real	0m1.265s
user	0m1.179s
sys	0m0.288s
500+0 records in
500+0 records out
524288000 bytes (524 MB) copied, 1.26493 s, 414 MB/s
afbad591ee2b70ac94258fbc7fac3bf2  -

real	0m1.268s
user	0m1.170s
sys	0m0.293s
500+0 records in
500+0 records out
524288000 bytes (524 MB) copied, 1.26616 s, 414 MB/s
afbad591ee2b70ac94258fbc7fac3bf2  -

real	0m1.269s
user	0m1.163s
sys	0m0.309s
500+0 records in
500+0 records out
afbad591ee2b70ac94258fbc7fac3bf2  -
524288000 bytes (524 MB) copied, 1.29921 s, 404 MB/s

real	0m1.302s
user	0m1.170s
sys	0m0.305s
500+0 records in
500+0 records out
524288000 bytes (524 MB) copied, 1.29581 s, 405 MB/s
afbad591ee2b70ac94258fbc7fac3bf2  -

real	0m1.298s
user	0m1.175s
sys	0m0.324s
500+0 records in
500+0 records out
afbad591ee2b70ac94258fbc7fac3bf2  -
524288000 bytes (524 MB) copied, 1.2714 s, 412 MB/s

real	0m1.274s
user	0m1.175s
sys	0m0.292s
500+0 records in
500+0 records out
524288000 bytes (524 MB) copied, 1.30967 s, 400 MB/s
afbad591ee2b70ac94258fbc7fac3bf2  -

real	0m1.312s
user	0m1.163s
sys	0m0.312s
500+0 records in
500+0 records out
afbad591ee2b70ac94258fbc7fac3bf2  -
524288000 bytes (524 MB) copied, 1.364 s, 384 MB/s

real	0m1.367s
user	0m1.166s
sys	0m0.360s
500+0 records in
500+0 records out
524288000 bytes (524 MB) copied, 1.30248 s, 403 MB/s
afbad591ee2b70ac94258fbc7fac3bf2  -

real	0m1.305s
user	0m1.170s
sys	0m0.296s
500+0 records in
500+0 records out
524288000 bytes (524 MB) copied, 1.31756 s, 398 MB/s
afbad591ee2b70ac94258fbc7fac3bf2  -

real	0m1.320s
user	0m1.173s
sys	0m0.311s
500+0 records in
500+0 records out
afbad591ee2b70ac94258fbc7fac3bf2  -
524288000 bytes (524 MB) copied, 2.0321 s, 258 MB/s

real	0m2.035s
user	0m1.182s
sys	0m0.299s
500+0 records in
500+0 records out
afbad591ee2b70ac94258fbc7fac3bf2  -
524288000 bytes (524 MB) copied, 1.31601 s, 398 MB/s

real	0m1.319s
user	0m1.168s
sys	0m0.310s
500+0 records in
500+0 records out
524288000 bytes (524 MB) copied, 1.26323 s, 415 MB/s
afbad591ee2b70ac94258fbc7fac3bf2  -

real	0m1.266s
user	0m1.178s
sys	0m0.289s
500+0 records in
500+0 records out
afbad591ee2b70ac94258fbc7fac3bf2  -
524288000 bytes (524 MB) copied, 1.31579 s, 398 MB/s

real	0m1.318s
user	0m1.180s
sys	0m0.329s
500+0 records in
500+0 records out
524288000 bytes (524 MB) copied, 1.2784 s, 410 MB/s
afbad591ee2b70ac94258fbc7fac3bf2  -

real	0m1.281s
user	0m1.164s
sys	0m0.309s
500+0 records in
500+0 records out
afbad591ee2b70ac94258fbc7fac3bf2  -
524288000 bytes (524 MB) copied, 1.27104 s, 412 MB/s

real	0m1.274s
user	0m1.173s
sys	0m0.301s
500+0 records in
500+0 records out
524288000 bytes (524 MB) copied, 1.26544 s, 414 MB/s
afbad591ee2b70ac94258fbc7fac3bf2  -

real	0m1.268s
user	0m1.178s
sys	0m0.289s
500+0 records in
500+0 records out
afbad591ee2b70ac94258fbc7fac3bf2  -
524288000 bytes (524 MB) copied, 1.27008 s, 413 MB/s

real	0m1.273s
user	0m1.172s
sys	0m0.299s
500+0 records in
500+0 records out
524288000 bytes (524 MB) copied, 1.27115 s, 412 MB/s
afbad591ee2b70ac94258fbc7fac3bf2  -

real	0m1.274s
user	0m1.178s
sys	0m0.297s
500+0 records in
500+0 records out
afbad591ee2b70ac94258fbc7fac3bf2  -
524288000 bytes (524 MB) copied, 1.27679 s, 411 MB/s

real	0m1.279s
user	0m1.164s
sys	0m0.314s
500+0 records in
500+0 records out
524288000 bytes (524 MB) copied, 1.26651 s, 414 MB/s
afbad591ee2b70ac94258fbc7fac3bf2  -

real	0m1.269s
user	0m1.183s
sys	0m0.287s
500+0 records in
500+0 records out
524288000 bytes (524 MB) copied, 1.26304 s, 415 MB/s
afbad591ee2b70ac94258fbc7fac3bf2  -

real	0m1.266s
user	0m1.176s
sys	0m0.293s
500+0 records in
500+0 records out
524288000 bytes (524 MB) copied, 1.26573 s, 414 MB/s
afbad591ee2b70ac94258fbc7fac3bf2  -

real	0m1.268s
user	0m1.167s
sys	0m0.308s
500+0 records in
500+0 records out
afbad591ee2b70ac94258fbc7fac3bf2  -
524288000 bytes (524 MB) copied, 1.27425 s, 411 MB/s

real	0m1.277s
user	0m1.166s
sys	0m0.303s
500+0 records in
500+0 records out
524288000 bytes (524 MB) copied, 1.26386 s, 415 MB/s
afbad591ee2b70ac94258fbc7fac3bf2  -

real	0m1.267s
user	0m1.157s
sys	0m0.303s
500+0 records in
500+0 records out
afbad591ee2b70ac94258fbc7fac3bf2  -
524288000 bytes (524 MB) copied, 1.27483 s, 411 MB/s

real	0m1.278s
user	0m1.174s
sys	0m0.306s
500+0 records in
500+0 records out
524288000 bytes (524 MB) copied, 1.27826 s, 410 MB/s
afbad591ee2b70ac94258fbc7fac3bf2  -

real	0m1.281s
user	0m1.175s
sys	0m0.293s
500+0 records in
500+0 records out
524288000 bytes (524 MB) copied, 1.2926 s, 406 MB/s
afbad591ee2b70ac94258fbc7fac3bf2  -

real	0m1.295s
user	0m1.175s
sys	0m0.294s
500+0 records in
500+0 records out
afbad591ee2b70ac94258fbc7fac3bf2  -
524288000 bytes (524 MB) copied, 1.28354 s, 408 MB/s

real	0m1.286s
user	0m1.173s
sys	0m0.295s
500+0 records in
500+0 records out
afbad591ee2b70ac94258fbc7fac3bf2  -
524288000 bytes (524 MB) copied, 1.27386 s, 412 MB/s

real	0m1.276s
user	0m1.176s
sys	0m0.288s
500+0 records in
500+0 records out
afbad591ee2b70ac94258fbc7fac3bf2  -
524288000 bytes (524 MB) copied, 1.26651 s, 414 MB/s

real	0m1.269s
user	0m1.176s
sys	0m0.293s
500+0 records in
500+0 records out
afbad591ee2b70ac94258fbc7fac3bf2  -
524288000 bytes (524 MB) copied, 1.27558 s, 411 MB/s

real	0m1.278s
user	0m1.168s
sys	0m0.296s
500+0 records in
500+0 records out
524288000 bytes (524 MB) copied, 1.26628 s, 414 MB/s
afbad591ee2b70ac94258fbc7fac3bf2  -

real	0m1.269s
user	0m1.176s
sys	0m0.297s
500+0 records in
500+0 records out
afbad591ee2b70ac94258fbc7fac3bf2  -
524288000 bytes (524 MB) copied, 1.27126 s, 412 MB/s

real	0m1.274s
user	0m1.176s
sys	0m0.295s
500+0 records in
500+0 records out
524288000 bytes (524 MB) copied, 1.26499 s, 414 MB/s
afbad591ee2b70ac94258fbc7fac3bf2  -

real	0m1.268s
user	0m1.177s
sys	0m0.294s
500+0 records in
500+0 records out
afbad591ee2b70ac94258fbc7fac3bf2  -
524288000 bytes (524 MB) copied, 1.27164 s, 412 MB/s

real	0m1.274s
user	0m1.182s
sys	0m0.293s
500+0 records in
500+0 records out
afbad591ee2b70ac94258fbc7fac3bf2  -
524288000 bytes (524 MB) copied, 1.32518 s, 396 MB/s

real	0m1.328s
user	0m1.168s
sys	0m0.309s
500+0 records in
500+0 records out
afbad591ee2b70ac94258fbc7fac3bf2  -
524288000 bytes (524 MB) copied, 1.27394 s, 412 MB/s

real	0m1.277s
user	0m1.167s
sys	0m0.302s
500+0 records in
500+0 records out
524288000 bytes (524 MB) copied, 1.27161 s, 412 MB/s
afbad591ee2b70ac94258fbc7fac3bf2  -

real	0m1.274s
user	0m1.173s
sys	0m0.284s
500+0 records in
500+0 records out
afbad591ee2b70ac94258fbc7fac3bf2  -
524288000 bytes (524 MB) copied, 1.3297 s, 394 MB/s

real	0m1.333s
user	0m1.185s
sys	0m0.276s
500+0 records in
500+0 records out
524288000 bytes (524 MB) copied, 1.29907 s, 404 MB/s
afbad591ee2b70ac94258fbc7fac3bf2  -

real	0m1.302s
user	0m1.180s
sys	0m0.290s
500+0 records in
500+0 records out
524288000 bytes (524 MB) copied, 1.29641 s, 404 MB/s
afbad591ee2b70ac94258fbc7fac3bf2  -

real	0m1.299s
user	0m1.172s
sys	0m0.325s
500+0 records in
500+0 records out
524288000 bytes (524 MB) copied, 1.28363 s, 408 MB/s
afbad591ee2b70ac94258fbc7fac3bf2  -

real	0m1.286s
user	0m1.183s
sys	0m0.311s
500+0 records in
500+0 records out
afbad591ee2b70ac94258fbc7fac3bf2  -
524288000 bytes (524 MB) copied, 1.3275 s, 395 MB/s

real	0m1.330s
user	0m1.167s
sys	0m0.311s
500+0 records in
500+0 records out
afbad591ee2b70ac94258fbc7fac3bf2  -
524288000 bytes (524 MB) copied, 1.32775 s, 395 MB/s

real	0m1.330s
user	0m1.182s
sys	0m0.295s
500+0 records in
500+0 records out
afbad591ee2b70ac94258fbc7fac3bf2  -
524288000 bytes (524 MB) copied, 1.2784 s, 410 MB/s

real	0m1.281s
user	0m1.172s
sys	0m0.298s
500+0 records in
500+0 records out
524288000 bytes (524 MB) copied, 1.3154 s, 399 MB/s
afbad591ee2b70ac94258fbc7fac3bf2  -

real	0m1.318s
user	0m1.168s
sys	0m0.310s
500+0 records in
500+0 records out
afbad591ee2b70ac94258fbc7fac3bf2  -
524288000 bytes (524 MB) copied, 1.33846 s, 392 MB/s

real	0m1.341s
user	0m1.181s
sys	0m0.285s
500+0 records in
500+0 records out
524288000 bytes (524 MB) copiedafbad591ee2b70ac94258fbc7fac3bf2  -
, 1.36485 s, 384 MB/s

real	0m1.368s
user	0m1.183s
sys	0m0.342s
500+0 records in
500+0 records out
afbad591ee2b70ac94258fbc7fac3bf2  -
524288000 bytes (524 MB) copied, 1.28365 s, 408 MB/s

real	0m1.287s
user	0m1.156s
sys	0m0.309s
500+0 records in
500+0 records out
524288000 bytes (524 MB) copied, 1.2656 s, 414 MB/s
afbad591ee2b70ac94258fbc7fac3bf2  -

real	0m1.268s
user	0m1.178s
sys	0m0.289s
500+0 records in
500+0 records out
afbad591ee2b70ac94258fbc7fac3bf2  -
524288000 bytes (524 MB) copied, 1.29219 s, 406 MB/s

real	0m1.295s
user	0m1.161s
sys	0m0.296s
500+0 records in
500+0 records out
afbad591ee2b70ac94258fbc7fac3bf2  -
524288000 bytes (524 MB) copied, 1.38207 s, 379 MB/s

real	0m1.385s
user	0m1.159s
sys	0m0.328s
500+0 records in
500+0 records out
524288000 bytes (524 MB) copied, 1.37228 s, 382 MB/s
afbad591ee2b70ac94258fbc7fac3bf2  -

real	0m1.375s
user	0m1.195s
sys	0m0.336s
500+0 records in
500+0 records out
afbad591ee2b70ac94258fbc7fac3bf2  -
524288000 bytes (524 MB) copied, 1.35126 s, 388 MB/s

real	0m1.354s
user	0m1.162s
sys	0m0.322s
500+0 records in
500+0 records out
524288000 bytes (524 MB) copied, 1.28959 s, 407 MB/s
afbad591ee2b70ac94258fbc7fac3bf2  -

real	0m1.293s
user	0m1.172s
sys	0m0.297s
500+0 records in
500+0 records out
524288000 bytes (524 MB) copied, 1.26943 s, 413 MB/s
afbad591ee2b70ac94258fbc7fac3bf2  -

real	0m1.272s
user	0m1.177s
sys	0m0.307s
500+0 records in
500+0 records out
afbad591ee2b70ac94258fbc7fac3bf2  -
524288000 bytes (524 MB) copied, 1.28753 s, 407 MB/s

real	0m1.290s
user	0m1.170s
sys	0m0.302s
500+0 records in
500+0 records out
524288000 bytes (524 MB) copied, 1.31449 s, 399 MB/s
afbad591ee2b70ac94258fbc7fac3bf2  -

real	0m1.317s
user	0m1.175s
sys	0m0.332s
500+0 records in
500+0 records out
524288000 bytes (524 MB) copied, 1.29689 s, 404 MB/s
afbad591ee2b70ac94258fbc7fac3bf2  -

real	0m1.300s
user	0m1.165s
sys	0m0.317s
500+0 records in
500+0 records out
524288000 bytes (524 MB) copied, 1.26647 s, 414 MB/s
afbad591ee2b70ac94258fbc7fac3bf2  -

real	0m1.269s
user	0m1.169s
sys	0m0.304s
500+0 records in
500+0 records out
524288000 bytes (524 MB) copied, 1.26651 s, 414 MB/s
afbad591ee2b70ac94258fbc7fac3bf2  -

real	0m1.269s
user	0m1.176s
sys	0m0.297s
500+0 records in
500+0 records out
524288000 bytes (524 MB) copied, 1.26894 s, 413 MB/s
afbad591ee2b70ac94258fbc7fac3bf2  -

real	0m1.272s
user	0m1.171s
sys	0m0.312s
500+0 records in
500+0 records out
524288000 bytes (524 MB) copied, 1.25547 s, 418 MB/s
afbad591ee2b70ac94258fbc7fac3bf2  -

real	0m1.258s
user	0m1.180s
sys	0m0.286s
500+0 records in
500+0 records out
524288000 bytes (524 MB) copied, 1.26553 s, 414 MB/s
afbad591ee2b70ac94258fbc7fac3bf2  -

real	0m1.268s
user	0m1.169s
sys	0m0.289s
500+0 records in
500+0 records out
afbad591ee2b70ac94258fbc7fac3bf2  -
524288000 bytes (524 MB) copied, 1.27269 s, 412 MB/s

real	0m1.275s
user	0m1.171s
sys	0m0.299s
500+0 records in
500+0 records out
524288000 bytes (524 MB) copied, 1.33199 s, 394 MB/s
afbad591ee2b70ac94258fbc7fac3bf2  -

real	0m1.335s
user	0m1.171s
sys	0m0.296s
500+0 records in
500+0 records out
afbad591ee2b70ac94258fbc7fac3bf2  -
524288000 bytes (524 MB) copied, 1.29484 s, 405 MB/s

real	0m1.298s
user	0m1.163s
sys	0m0.297s
500+0 records in
500+0 records out
524288000 bytes (524 MB) copied, 1.31328 s, 399 MB/s
afbad591ee2b70ac94258fbc7fac3bf2  -

real	0m1.316s
user	0m1.170s
sys	0m0.315s
500+0 records in
500+0 records out
524288000 bytes (524 MB) copied, 1.31671 s, 398 MB/s
afbad591ee2b70ac94258fbc7fac3bf2  -

real	0m1.319s
user	0m1.166s
sys	0m0.303s
500+0 records in
500+0 records out
524288000 bytes (524 MB) copied, 1.26854 s, 413 MB/s
afbad591ee2b70ac94258fbc7fac3bf2  -

real	0m1.271s
user	0m1.163s
sys	0m0.314s
500+0 records in
500+0 records out
524288000 bytes (524 MB) copied, 1.3039 s, 402 MB/s
afbad591ee2b70ac94258fbc7fac3bf2  -

real	0m1.307s
user	0m1.159s
sys	0m0.311s
500+0 records in
500+0 records out
524288000 bytes (524 MB) copied, 1.26702 s, 414 MB/s
afbad591ee2b70ac94258fbc7fac3bf2  -

real	0m1.270s
user	0m1.174s
sys	0m0.304s
500+0 records in
500+0 records out
afbad591ee2b70ac94258fbc7fac3bf2  -
524288000 bytes (524 MB) copied, 1.30729 s, 401 MB/s

real	0m1.310s
user	0m1.167s
sys	0m0.301s
500+0 records in
500+0 records out
524288000 bytes (524 MB) copied, 1.32344 s, 396 MB/s
afbad591ee2b70ac94258fbc7fac3bf2  -

real	0m1.326s
user	0m1.165s
sys	0m0.313s
500+0 records in
500+0 records out
afbad591ee2b70ac94258fbc7fac3bf2  -
524288000 bytes (524 MB) copied, 1.3632 s, 385 MB/s

real	0m1.366s
user	0m1.167s
sys	0m0.309s
500+0 records in
500+0 records out
524288000 bytes (524 MB) copied, 1.27585 s, 411 MB/s
afbad591ee2b70ac94258fbc7fac3bf2  -

real	0m1.279s
user	0m1.175s
sys	0m0.298s
500+0 records in
500+0 records out
afbad591ee2b70ac94258fbc7fac3bf2  -
524288000 bytes (524 MB) copied, 1.28436 s, 408 MB/s

real	0m1.287s
user	0m1.182s
sys	0m0.298s
500+0 records in
500+0 records out
524288000 bytes (524 MB) copied, 1.26498 s, 414 MB/s
afbad591ee2b70ac94258fbc7fac3bf2  -

real	0m1.268s
user	0m1.186s
sys	0m0.284s
500+0 records in
500+0 records out
afbad591ee2b70ac94258fbc7fac3bf2  -
524288000 bytes (524 MB) copied, 1.27248 s, 412 MB/s

real	0m1.275s
user	0m1.171s
sys	0m0.297s
500+0 records in
500+0 records out
524288000 bytes (524 MB) copied, 1.26467 s, 415 MB/s
afbad591ee2b70ac94258fbc7fac3bf2  -

real	0m1.267s
user	0m1.169s
sys	0m0.292s
500+0 records in
500+0 records out
524288000 bytes (524 MB) copied, 1.26581 s, 414 MB/s
afbad591ee2b70ac94258fbc7fac3bf2  -

real	0m1.269s
user	0m1.194s
sys	0m0.279s
500+0 records in
500+0 records out
524288000 bytes (524 MB) copied, 1.26678 s, 414 MB/s
afbad591ee2b70ac94258fbc7fac3bf2  -

real	0m1.269s
user	0m1.175s
sys	0m0.299s
500+0 records in
500+0 records out
afbad591ee2b70ac94258fbc7fac3bf2  -
524288000 bytes (524 MB) copied, 1.27318 s, 412 MB/s

real	0m1.276s
user	0m1.182s
sys	0m0.281s
500+0 records in
500+0 records out
524288000 bytes (524 MB) copied, 1.26932 s, 413 MB/s
afbad591ee2b70ac94258fbc7fac3bf2  -

real	0m1.272s
user	0m1.160s
sys	0m0.319s
500+0 records in
500+0 records out
afbad591ee2b70ac94258fbc7fac3bf2  -
524288000 bytes (524 MB) copied, 1.29594 s, 405 MB/s

real	0m1.298s
user	0m1.164s
sys	0m0.309s
500+0 records in
500+0 records out
524288000 bytes (524 MB) copied, 1.31689 s, 398 MB/s
afbad591ee2b70ac94258fbc7fac3bf2  -

real	0m1.320s
user	0m1.153s
sys	0m0.336s
500+0 records in
500+0 records out
afbad591ee2b70ac94258fbc7fac3bf2  -
524288000 bytes (524 MB) copied, 1.36826 s, 383 MB/s

real	0m1.371s
user	0m1.165s
sys	0m0.329s
500+0 records in
500+0 records out
524288000 bytes (524 MB) copied, 1.28036 s, 409 MB/s
afbad591ee2b70ac94258fbc7fac3bf2  -

real	0m1.283s
user	0m1.171s
sys	0m0.305s
500+0 records in
500+0 records out
afbad591ee2b70ac94258fbc7fac3bf2  -
524288000 bytes (524 MB) copied, 1.29099 s, 406 MB/s

real	0m1.294s
user	0m1.176s
sys	0m0.300s
500+0 records in
500+0 records out
524288000 bytes (524 MB) copied, 1.26615 s, 414 MB/s
afbad591ee2b70ac94258fbc7fac3bf2  -

real	0m1.269s
user	0m1.179s
sys	0m0.290s
500+0 records in
500+0 records out
afbad591ee2b70ac94258fbc7fac3bf2  -
524288000 bytes (524 MB) copied, 1.32881 s, 395 MB/s

real	0m1.331s
user	0m1.163s
sys	0m0.313s
500+0 records in
500+0 records out
524288000 bytes (524 MB) copied, 1.2942 s, 405 MB/s
afbad591ee2b70ac94258fbc7fac3bf2  -

real	0m1.297s
user	0m1.187s
sys	0m0.284s
500+0 records in
500+0 records out
afbad591ee2b70ac94258fbc7fac3bf2  -
524288000 bytes (524 MB) copied, 1.31619 s, 398 MB/s

real	0m1.319s
user	0m1.157s
sys	0m0.316s
500+0 records in
500+0 records out
524288000 bytes (524 MB) copied, 1.32906 s, 394 MB/s
afbad591ee2b70ac94258fbc7fac3bf2  -

real	0m1.332s
user	0m1.164s
sys	0m0.301s
500+0 records in
500+0 records out
afbad591ee2b70ac94258fbc7fac3bf2  -
524288000 bytes (524 MB) copied, 1.30783 s, 401 MB/s

real	0m1.311s
user	0m1.168s
sys	0m0.310s
500+0 records in
500+0 records out
afbad591ee2b70ac94258fbc7fac3bf2  -
524288000 bytes (524 MB) copied, 1.30258 s, 402 MB/s

real	0m1.305s
user	0m1.170s
sys	0m0.288s
500+0 records in
500+0 records out
524288000 bytes (524 MB) copied, 1.27161 s, 412 MB/s
afbad591ee2b70ac94258fbc7fac3bf2  -

real	0m1.274s
user	0m1.159s
sys	0m0.314s
500+0 records in
500+0 records out
524288000 bytes (524 MB) copied, 1.26594 s, 414 MB/s
afbad591ee2b70ac94258fbc7fac3bf2  -

real	0m1.269s
user	0m1.166s
sys	0m0.305s
500+0 records in
500+0 records out
afbad591ee2b70ac94258fbc7fac3bf2  -
524288000 bytes (524 MB) copied, 1.28517 s, 408 MB/s

real	0m1.288s
user	0m1.169s
sys	0m0.300s
500+0 records in
500+0 records out
524288000 bytes (524 MB) copied, 1.26574 s, 414 MB/s
afbad591ee2b70ac94258fbc7fac3bf2  -

real	0m1.269s
user	0m1.182s
sys	0m0.291s
500+0 records in
500+0 records out
524288000 bytes (524 MB) copied, 1.30597 s, 401 MB/s
afbad591ee2b70ac94258fbc7fac3bf2  -

real	0m1.309s
user	0m1.174s
sys	0m0.301s
500+0 records in
500+0 records out
524288000 bytes (524 MB) copied, 1.26464 s, 415 MB/s
afbad591ee2b70ac94258fbc7fac3bf2  -

real	0m1.267s
user	0m1.175s
sys	0m0.293s
500+0 records in
500+0 records out
afbad591ee2b70ac94258fbc7fac3bf2  -
524288000 bytes (524 MB) copied, 1.28876 s, 407 MB/s

real	0m1.291s
user	0m1.167s
sys	0m0.301s
500+0 records in
500+0 records out
524288000 bytes (524 MB) copied, 1.26427 s, 415 MB/s
afbad591ee2b70ac94258fbc7fac3bf2  -

real	0m1.267s
user	0m1.172s
sys	0m0.299s
500+0 records in
500+0 records out
afbad591ee2b70ac94258fbc7fac3bf2  -
524288000 bytes (524 MB) copied, 1.27277 s, 412 MB/s

real	0m1.275s
user	0m1.180s
sys	0m0.282s
500+0 records in
500+0 records out
524288000 bytes (524 MB) copied, 1.27258 s, 412 MB/s
afbad591ee2b70ac94258fbc7fac3bf2  -

real	0m1.275s
user	0m1.163s
sys	0m0.308s
500+0 records in
500+0 records out
524288000 bytes (524 MB) copied, 1.28595 s, 408 MB/s
afbad591ee2b70ac94258fbc7fac3bf2  -

real	0m1.289s
user	0m1.179s
sys	0m0.299s
500+0 records in
500+0 records out
afbad591ee2b70ac94258fbc7fac3bf2  -
524288000 bytes (524 MB) copied, 1.28257 s, 409 MB/s

real	0m1.285s
user	0m1.165s
sys	0m0.307s
500+0 records in
500+0 records out
afbad591ee2b70ac94258fbc7fac3bf2  -
524288000 bytes (524 MB) copied, 1.36046 s, 385 MB/s

real	0m1.363s
user	0m1.164s
sys	0m0.309s
500+0 records in
500+0 records out
524288000 bytes (524 MB) copied, 1.33499 s, 393 MB/s
afbad591ee2b70ac94258fbc7fac3bf2  -

real	0m1.338s
user	0m1.181s
sys	0m0.292s
500+0 records in
500+0 records out
524288000 bytes (524 MB) copied, 1.27088 s, 413 MB/s
afbad591ee2b70ac94258fbc7fac3bf2  -

real	0m1.273s
user	0m1.179s
sys	0m0.286s
500+0 records in
500+0 records out
afbad591ee2b70ac94258fbc7fac3bf2  -
524288000 bytes (524 MB) copied, 1.32613 s, 395 MB/s

real	0m1.329s
user	0m1.177s
sys	0m0.294s
500+0 records in
500+0 records out
afbad591ee2b70ac94258fbc7fac3bf2  -
524288000 bytes (524 MB) copied, 1.29424 s, 405 MB/s

real	0m1.297s
user	0m1.170s
sys	0m0.305s
500+0 records in
500+0 records out
524288000 bytes (524 MB) copied, 1.3211 s, 397 MB/s
afbad591ee2b70ac94258fbc7fac3bf2  -

real	0m1.324s
user	0m1.172s
sys	0m0.299s
500+0 records in
500+0 records out
afbad591ee2b70ac94258fbc7fac3bf2  -
524288000 bytes (524 MB) copied, 1.30557 s, 402 MB/s

real	0m1.308s
user	0m1.166s
sys	0m0.287s
500+0 records in
500+0 records out
524288000 bytes (524 MB) copied, 1.30512 s, 402 MB/s
afbad591ee2b70ac94258fbc7fac3bf2  -

real	0m1.308s
user	0m1.170s
sys	0m0.309s
500+0 records in
500+0 records out
524288000 bytes (524 MB) copied, 1.28607 s, 408 MB/s
afbad591ee2b70ac94258fbc7fac3bf2  -

real	0m1.289s
user	0m1.176s
sys	0m0.300s
500+0 records in
500+0 records out
afbad591ee2b70ac94258fbc7fac3bf2  -
524288000 bytes (524 MB) copied, 1.31857 s, 398 MB/s

real	0m1.321s
user	0m1.166s
sys	0m0.307s
500+0 records in
500+0 records out
afbad591ee2b70ac94258fbc7fac3bf2  -
524288000 bytes (524 MB) copied, 1.28733 s, 407 MB/s

real	0m1.290s
user	0m1.178s
sys	0m0.291s
500+0 records in
500+0 records out
524288000 bytes (524 MB) copied, 1.27357 s, 412 MB/s
afbad591ee2b70ac94258fbc7fac3bf2  -

real	0m1.276s
user	0m1.177s
sys	0m0.298s
500+0 records in
500+0 records out
524288000 bytes (524 MB) copied, 1.28711 s, 407 MB/s
afbad591ee2b70ac94258fbc7fac3bf2  -

real	0m1.290s
user	0m1.178s
sys	0m0.303s
500+0 records in
500+0 records out
524288000 bytes (524 MB) copied, 1.27788 s, 410 MB/s
afbad591ee2b70ac94258fbc7fac3bf2  -

real	0m1.281s
user	0m1.171s
sys	0m0.304s
500+0 records in
500+0 records out
afbad591ee2b70ac94258fbc7fac3bf2  -
524288000 bytes (524 MB) copied, 1.29333 s, 405 MB/s

real	0m1.296s
user	0m1.159s
sys	0m0.316s
500+0 records in
500+0 records out
524288000 bytes (524 MB) copied, 1.26593 s, 414 MB/s
afbad591ee2b70ac94258fbc7fac3bf2  -

real	0m1.269s
user	0m1.185s
sys	0m0.287s
500+0 records in
500+0 records out
afbad591ee2b70ac94258fbc7fac3bf2  -
524288000 bytes (524 MB) copied, 1.29417 s, 405 MB/s

real	0m1.297s
user	0m1.172s
sys	0m0.304s
500+0 records in
500+0 records out
524288000 bytes (524 MB) copied, 1.30103 s, 403 MB/s
afbad591ee2b70ac94258fbc7fac3bf2  -

real	0m1.304s
user	0m1.171s
sys	0m0.301s
500+0 records in
500+0 records out
524288000 bytes (524 MB) copied, 1.29388 s, 405 MB/s
afbad591ee2b70ac94258fbc7fac3bf2  -

real	0m1.296s
user	0m1.173s
sys	0m0.296s
500+0 records in
500+0 records out
afbad591ee2b70ac94258fbc7fac3bf2  -
524288000 bytes (524 MB) copied, 1.28826 s, 407 MB/s

real	0m1.291s
user	0m1.169s
sys	0m0.301s
500+0 records in
500+0 records out
afbad591ee2b70ac94258fbc7fac3bf2  -
524288000 bytes (524 MB) copied, 1.27599 s, 411 MB/s

real	0m1.279s
user	0m1.176s
sys	0m0.297s
500+0 records in
500+0 records out
524288000 bytes (524 MB) copied, 1.26513 s, 414 MB/s
afbad591ee2b70ac94258fbc7fac3bf2  -

real	0m1.268s
user	0m1.183s
sys	0m0.285s
500+0 records in
500+0 records out
afbad591ee2b70ac94258fbc7fac3bf2  -
524288000 bytes (524 MB) copied, 1.27357 s, 412 MB/s

real	0m1.276s
user	0m1.169s
sys	0m0.309s
500+0 records in
500+0 records out
524288000 bytes (524 MB) copied, 1.29798 s, 404 MB/s
afbad591ee2b70ac94258fbc7fac3bf2  -

real	0m1.301s
user	0m1.175s
sys	0m0.326s
500+0 records in
500+0 records out
afbad591ee2b70ac94258fbc7fac3bf2  -
524288000 bytes (524 MB) copied, 1.27574 s, 411 MB/s

real	0m1.278s
user	0m1.169s
sys	0m0.314s
500+0 records in
500+0 records out
524288000 bytes (524 MB) copied, 1.27425 s, 411 MB/s
afbad591ee2b70ac94258fbc7fac3bf2  -

real	0m1.277s
user	0m1.170s
sys	0m0.301s
500+0 records in
500+0 records out
afbad591ee2b70ac94258fbc7fac3bf2  -
524288000 bytes (524 MB) copied, 1.30271 s, 402 MB/s

real	0m1.305s
user	0m1.171s
sys	0m0.295s
500+0 records in
500+0 records out
afbad591ee2b70ac94258fbc7fac3bf2  -
524288000 bytes (524 MB) copied, 1.2862 s, 408 MB/s

real	0m1.289s
user	0m1.165s
sys	0m0.310s
500+0 records in
500+0 records out
524288000 bytes (524 MB) copied, 1.31672 s, 398 MB/s
afbad591ee2b70ac94258fbc7fac3bf2  -

real	0m1.320s
user	0m1.187s
sys	0m0.329s
500+0 records in
500+0 records out
afbad591ee2b70ac94258fbc7fac3bf2  -
524288000 bytes (524 MB) copied, 1.27426 s, 411 MB/s

real	0m1.277s
user	0m1.166s
sys	0m0.292s
500+0 records in
500+0 records out
524288000 bytes (524 MB) copied, 1.30924 s, 400 MB/s
afbad591ee2b70ac94258fbc7fac3bf2  -

real	0m1.312s
user	0m1.181s
sys	0m0.292s
500+0 records in
500+0 records out
afbad591ee2b70ac94258fbc7fac3bf2  -
524288000 bytes (524 MB) copied, 1.27584 s, 411 MB/s

real	0m1.279s
user	0m1.172s
sys	0m0.303s
500+0 records in
500+0 records out
524288000 bytes (524 MB) copied, 1.26439 s, 415 MB/s
afbad591ee2b70ac94258fbc7fac3bf2  -

real	0m1.267s
user	0m1.178s
sys	0m0.295s
500+0 records in
500+0 records out
524288000 bytes (524 MB) copied, 1.34155 s, 391 MB/s
afbad591ee2b70ac94258fbc7fac3bf2  -

real	0m1.344s
user	0m1.173s
sys	0m0.366s
500+0 records in
500+0 records out
afbad591ee2b70ac94258fbc7fac3bf2  -
524288000 bytes (524 MB) copied, 1.35851 s, 386 MB/s

real	0m1.361s
user	0m1.167s
sys	0m0.304s
500+0 records in
500+0 records out
afbad591ee2b70ac94258fbc7fac3bf2  -
524288000 bytes (524 MB) copied, 1.32734 s, 395 MB/s

real	0m1.330s
user	0m1.161s
sys	0m0.315s
500+0 records in
500+0 records out
afbad591ee2b70ac94258fbc7fac3bf2  -
524288000 bytes (524 MB) copied, 1.32698 s, 395 MB/s

real	0m1.330s
user	0m1.170s
sys	0m0.296s
500+0 records in
500+0 records out
afbad591ee2b70ac94258fbc7fac3bf2  -
524288000 bytes (524 MB) copied, 1.31445 s, 399 MB/s

real	0m1.317s
user	0m1.175s
sys	0m0.302s
500+0 records in
500+0 records out
524288000 bytes (524 MB) copied, 1.31712 s, 398 MB/s
afbad591ee2b70ac94258fbc7fac3bf2  -

real	0m1.320s
user	0m1.159s
sys	0m0.308s
500+0 records in
500+0 records out
afbad591ee2b70ac94258fbc7fac3bf2  -
524288000 bytes (524 MB) copied, 1.31497 s, 399 MB/s

real	0m1.318s
user	0m1.179s
sys	0m0.289s
500+0 records in
500+0 records out
afbad591ee2b70ac94258fbc7fac3bf2  -
524288000 bytes (524 MB) copied, 1.33254 s, 393 MB/s

real	0m1.335s
user	0m1.172s
sys	0m0.303s
500+0 records in
500+0 records out
afbad591ee2b70ac94258fbc7fac3bf2  -
524288000 bytes (524 MB) copied, 1.42644 s, 368 MB/s

real	0m1.429s
user	0m1.166s
sys	0m0.307s
500+0 records in
500+0 records out
afbad591ee2b70ac94258fbc7fac3bf2  -
524288000 bytes (524 MB) copied, 1.53048 s, 343 MB/s

real	0m1.534s
user	0m1.182s
sys	0m0.295s
500+0 records in
500+0 records out
afbad591ee2b70ac94258fbc7fac3bf2  -
524288000 bytes (524 MB) copied, 1.32148 s, 397 MB/s

real	0m1.324s
user	0m1.178s
sys	0m0.306s
500+0 records in
500+0 records out
afbad591ee2b70ac94258fbc7fac3bf2  -
524288000 bytes (524 MB) copied, 1.3126 s, 399 MB/s

real	0m1.315s
user	0m1.176s
sys	0m0.295s
500+0 records in
500+0 records out
524288000 bytes (524 MB) copied, 1.28619 s, 408 MB/s
afbad591ee2b70ac94258fbc7fac3bf2  -

real	0m1.289s
user	0m1.163s
sys	0m0.311s
500+0 records in
500+0 records out
afbad591ee2b70ac94258fbc7fac3bf2  -
524288000 bytes (524 MB) copied, 1.27155 s, 412 MB/s

real	0m1.274s
user	0m1.165s
sys	0m0.295s
500+0 records in
500+0 records out
afbad591ee2b70ac94258fbc7fac3bf2  -
524288000 bytes (524 MB) copied, 1.30344 s, 402 MB/s

real	0m1.306s
user	0m1.167s
sys	0m0.318s
500+0 records in
500+0 records out
afbad591ee2b70ac94258fbc7fac3bf2  -
524288000 bytes (524 MB) copied, 1.46741 s, 357 MB/s

real	0m1.470s
user	0m1.168s
sys	0m0.292s
500+0 records in
500+0 records out
524288000 bytes (524 MB) copied, 1.30441 s, 402 MB/s
afbad591ee2b70ac94258fbc7fac3bf2  -

real	0m1.307s
user	0m1.176s
sys	0m0.301s
500+0 records in
500+0 records out
524288000 bytes (524 MB) copied, 1.31637 s, 398 MB/s
afbad591ee2b70ac94258fbc7fac3bf2  -

real	0m1.319s
user	0m1.176s
sys	0m0.290s
500+0 records in
500+0 records out
524288000 bytes (524 MB) copied, 1.30986 s, 400 MB/s
afbad591ee2b70ac94258fbc7fac3bf2  -

real	0m1.313s
user	0m1.179s
sys	0m0.298s
500+0 records in
500+0 records out
524288000 bytes (524 MB) copied, 1.26797 s, 413 MB/s
afbad591ee2b70ac94258fbc7fac3bf2  -

real	0m1.271s
user	0m1.170s
sys	0m0.302s
500+0 records in
500+0 records out
524288000 bytes (524 MB) copied, 1.27491 s, 411 MB/s
afbad591ee2b70ac94258fbc7fac3bf2  -

real	0m1.278s
user	0m1.178s
sys	0m0.305s
500+0 records in
500+0 records out
524288000 bytes (524 MB) copied, 1.32996 s, 394 MB/s
afbad591ee2b70ac94258fbc7fac3bf2  -

real	0m1.333s
user	0m1.174s
sys	0m0.355s
500+0 records in
500+0 records out
524288000 bytes (524 MB) copied, 1.36663 s, 384 MB/s
afbad591ee2b70ac94258fbc7fac3bf2  -

real	0m1.369s
user	0m1.170s
sys	0m0.305s
500+0 records in
500+0 records out
afbad591ee2b70ac94258fbc7fac3bf2  -
524288000 bytes (524 MB) copied, 1.2956 s, 405 MB/s

real	0m1.298s
user	0m1.159s
sys	0m0.312s
500+0 records in
500+0 records out
524288000 bytes (524 MB) copied, 1.3023 s, 403 MB/s
afbad591ee2b70ac94258fbc7fac3bf2  -

real	0m1.305s
user	0m1.156s
sys	0m0.301s
500+0 records in
500+0 records out
afbad591ee2b70ac94258fbc7fac3bf2  -
524288000 bytes (524 MB) copied, 1.3312 s, 394 MB/s

real	0m1.334s
user	0m1.163s
sys	0m0.311s
500+0 records in
500+0 records out
afbad591ee2b70ac94258fbc7fac3bf2  -
524288000 bytes (524 MB) copied, 1.32101 s, 397 MB/s

real	0m1.324s
user	0m1.175s
sys	0m0.300s
500+0 records in
500+0 records out
524288000 bytes (524 MB) copied, 1.2635 s, 415 MB/s
afbad591ee2b70ac94258fbc7fac3bf2  -

real	0m1.266s
user	0m1.166s
sys	0m0.301s
500+0 records in
500+0 records out
afbad591ee2b70ac94258fbc7fac3bf2  -
524288000 bytes (524 MB) copied, 1.33045 s, 394 MB/s

real	0m1.334s
user	0m1.177s
sys	0m0.303s
500+0 records in
500+0 records out
afbad591ee2b70ac94258fbc7fac3bf2  -
524288000 bytes (524 MB) copied, 1.29149 s, 406 MB/s

real	0m1.294s
user	0m1.178s
sys	0m0.290s
500+0 records in
500+0 records out
524288000 bytes (524 MB) copied, 1.29263 s, 406 MB/s
afbad591ee2b70ac94258fbc7fac3bf2  -

real	0m1.295s
user	0m1.165s
sys	0m0.304s
500+0 records in
500+0 records out
afbad591ee2b70ac94258fbc7fac3bf2  -
524288000 bytes (524 MB) copied, 1.30812 s, 401 MB/s

real	0m1.311s
user	0m1.178s
sys	0m0.284s
500+0 records in
500+0 records out
524288000 bytes (524 MB) copied, 1.35139 s, 388 MB/s
afbad591ee2b70ac94258fbc7fac3bf2  -

real	0m1.354s
user	0m1.165s
sys	0m0.291s
500+0 records in
500+0 records out
afbad591ee2b70ac94258fbc7fac3bf2  -
524288000 bytes (524 MB) copied, 1.35222 s, 388 MB/s

real	0m1.355s
user	0m1.171s
sys	0m0.308s
500+0 records in
500+0 records out
afbad591ee2b70ac94258fbc7fac3bf2  -
524288000 bytes (524 MB) copied, 1.31618 s, 398 MB/s

real	0m1.319s
user	0m1.165s
sys	0m0.296s
500+0 records in
500+0 records out
524288000 bytes (524 MB) copied, 1.35708 s, 386 MB/s
afbad591ee2b70ac94258fbc7fac3bf2  -

real	0m1.360s
user	0m1.178s
sys	0m0.325s
500+0 records in
500+0 records out
afbad591ee2b70ac94258fbc7fac3bf2  -
524288000 bytes (524 MB) copied, 1.34613 s, 389 MB/s

real	0m1.349s
user	0m1.165s
sys	0m0.313s
500+0 records in
500+0 records out
afbad591ee2b70ac94258fbc7fac3bf2  -
524288000 bytes (524 MB) copied, 1.43784 s, 365 MB/s

real	0m1.441s
user	0m1.175s
sys	0m0.283s
500+0 records in
500+0 records out
524288000 bytes (524 MB) copied, 1.28602 s, 408 MB/s
afbad591ee2b70ac94258fbc7fac3bf2  -

real	0m1.289s
user	0m1.157s
sys	0m0.322s
500+0 records in
500+0 records out
524288000 bytes (524 MB) copied, 1.27194 s, 412 MB/s
afbad591ee2b70ac94258fbc7fac3bf2  -

real	0m1.275s
user	0m1.169s
sys	0m0.302s
500+0 records in
500+0 records out
afbad591ee2b70ac94258fbc7fac3bf2  -
524288000 bytes (524 MB) copied, 1.34025 s, 391 MB/s

real	0m1.343s
user	0m1.181s
sys	0m0.293s
500+0 records in
500+0 records out
afbad591ee2b70ac94258fbc7fac3bf2  -
524288000 bytes (524 MB) copied, 1.31907 s, 397 MB/s

real	0m1.322s
user	0m1.172s
sys	0m0.307s
500+0 records in
500+0 records out
524288000 bytes (524 MB) copied, 1.32355 s, 396 MB/s
afbad591ee2b70ac94258fbc7fac3bf2  -

real	0m1.326s
user	0m1.175s
sys	0m0.300s
500+0 records in
500+0 records out
afbad591ee2b70ac94258fbc7fac3bf2  -
524288000 bytes (524 MB) copied, 1.39839 s, 375 MB/s

real	0m1.401s
user	0m1.165s
sys	0m0.349s
500+0 records in
500+0 records out
524288000 bytes (524 MB) copied, 1.6081 s, 326 MB/s
afbad591ee2b70ac94258fbc7fac3bf2  -

real	0m1.611s
user	0m1.170s
sys	0m0.314s
500+0 records in
500+0 records out
524288000 bytes (524 MB) copiedafbad591ee2b70ac94258fbc7fac3bf2  -
, 1.38801 s, 378 MB/s

real	0m1.391s
user	0m1.179s
sys	0m0.301s
500+0 records in
500+0 records out
afbad591ee2b70ac94258fbc7fac3bf2  -
524288000 bytes (524 MB) copied, 1.39266 s, 376 MB/s

real	0m1.397s
user	0m1.177s
sys	0m0.294s
500+0 records in
500+0 records out
524288000 bytes (524 MB) copied, 1.34585 s, 390 MB/s
afbad591ee2b70ac94258fbc7fac3bf2  -

real	0m2.397s
user	0m1.183s
sys	0m0.310s
500+0 records in
500+0 records out
afbad591ee2b70ac94258fbc7fac3bf2  -
524288000 bytes (524 MB) copied, 1.38941 s, 377 MB/s

real	0m1.392s
user	0m1.168s
sys	0m0.341s
500+0 records in
500+0 records out
afbad591ee2b70ac94258fbc7fac3bf2  -
524288000 bytes (524 MB) copied, 1.45201 s, 361 MB/s

real	0m1.455s
user	0m1.170s
sys	0m0.302s
500+0 records in
500+0 records out
afbad591ee2b70ac94258fbc7fac3bf2  -
524288000 bytes (524 MB) copied, 1.29886 s, 404 MB/s

real	0m1.302s
user	0m1.183s
sys	0m0.278s
500+0 records in
500+0 records out
afbad591ee2b70ac94258fbc7fac3bf2  -
524288000 bytes (524 MB) copied, 1.28998 s, 406 MB/s

real	0m1.293s
user	0m1.184s
sys	0m0.298s
500+0 records in
500+0 records out
afbad591ee2b70ac94258fbc7fac3bf2  -
524288000 bytes (524 MB) copied, 1.37185 s, 382 MB/s

real	0m1.374s
user	0m1.175s
sys	0m0.358s
500+0 records in
500+0 records out
afbad591ee2b70ac94258fbc7fac3bf2  -
524288000 bytes (524 MB) copied, 1.35447 s, 387 MB/s

real	0m1.357s
user	0m1.169s
sys	0m0.291s
500+0 records in
500+0 records out
afbad591ee2b70ac94258fbc7fac3bf2  -
524288000 bytes (524 MB) copied, 1.37607 s, 381 MB/s

real	0m1.379s
user	0m1.159s
sys	0m0.307s
500+0 records in
500+0 records out
afbad591ee2b70ac94258fbc7fac3bf2  -
524288000 bytes (524 MB) copied, 1.34916 s, 389 MB/s

real	0m1.352s
user	0m1.169s
sys	0m0.296s
500+0 records in
500+0 records out
afbad591ee2b70ac94258fbc7fac3bf2  -
524288000 bytes (524 MB) copied, 1.34743 s, 389 MB/s

real	0m1.350s
user	0m1.162s
sys	0m0.306s
500+0 records in
500+0 records out
afbad591ee2b70ac94258fbc7fac3bf2  -
524288000 bytes (524 MB) copied, 1.36118 s, 385 MB/s

real	0m1.364s
user	0m1.162s
sys	0m0.298s
500+0 records in
500+0 records out
afbad591ee2b70ac94258fbc7fac3bf2  -
524288000 bytes (524 MB) copied, 1.43159 s, 366 MB/s

real	0m1.434s
user	0m1.181s
sys	0m0.275s
500+0 records in
500+0 records out
524288000 bytes (524 MB) copied, 1.31491 s, 399 MB/s
afbad591ee2b70ac94258fbc7fac3bf2  -

real	0m1.318s
user	0m1.168s
sys	0m0.303s
500+0 records in
500+0 records out
afbad591ee2b70ac94258fbc7fac3bf2  -
524288000 bytes (524 MB) copied, 1.31541 s, 399 MB/s

real	0m1.318s
user	0m1.167s
sys	0m0.305s
500+0 records in
500+0 records out
524288000 bytes (524 MB) copied, 1.25635 s, 417 MB/s
afbad591ee2b70ac94258fbc7fac3bf2  -

real	0m1.259s
user	0m1.167s
sys	0m0.292s
500+0 records in
500+0 records out
afbad591ee2b70ac94258fbc7fac3bf2  -
524288000 bytes (524 MB) copied, 1.35698 s, 386 MB/s

real	0m1.360s
user	0m1.170s
sys	0m0.320s
500+0 records in
500+0 records out
afbad591ee2b70ac94258fbc7fac3bf2  -
524288000 bytes (524 MB) copied, 1.44543 s, 363 MB/s

real	0m1.448s
user	0m1.174s
sys	0m0.310s
500+0 records in
500+0 records out
524288000 bytes (524 MB) copied, 1.32625 s, 395 MB/s
afbad591ee2b70ac94258fbc7fac3bf2  -

real	0m1.329s
user	0m1.151s
sys	0m0.320s
500+0 records in
500+0 records out
afbad591ee2b70ac94258fbc7fac3bf2  -
524288000 bytes (524 MB) copied, 1.4349 s, 365 MB/s

real	0m1.438s
user	0m1.177s
sys	0m0.277s
500+0 records in
500+0 records out
524288000 bytes (524 MB) copied, 1.2959 s, 405 MB/s
afbad591ee2b70ac94258fbc7fac3bf2  -

real	0m1.299s
user	0m1.164s
sys	0m0.306s
500+0 records in
500+0 records out
524288000 bytes (524 MB) copied, 1.3207 s, 397 MB/s
afbad591ee2b70ac94258fbc7fac3bf2  -

real	0m1.324s
user	0m1.180s
sys	0m0.299s
500+0 records in
500+0 records out
afbad591ee2b70ac94258fbc7fac3bf2  -
524288000 bytes (524 MB) copied, 1.47255 s, 356 MB/s

real	0m1.475s
user	0m1.177s
sys	0m0.287s
500+0 records in
500+0 records out
afbad591ee2b70ac94258fbc7fac3bf2  -
524288000 bytes (524 MB) copied, 1.39458 s, 376 MB/s

real	0m1.398s
user	0m1.161s
sys	0m0.303s
500+0 records in
500+0 records out
524288000 bytes (524 MB) copied, 1.31532 s, 399 MB/s
afbad591ee2b70ac94258fbc7fac3bf2  -

real	0m1.318s
user	0m1.168s
sys	0m0.305s
500+0 records in
500+0 records out
524288000 bytes (524 MB) copied, 1.30365 s, 402 MB/s
afbad591ee2b70ac94258fbc7fac3bf2  -

real	0m1.306s
user	0m1.181s
sys	0m0.287s
500+0 records in
500+0 records out
afbad591ee2b70ac94258fbc7fac3bf2  -
524288000 bytes (524 MB) copied, 1.45794 s, 360 MB/s

real	0m1.461s
user	0m1.175s
sys	0m0.293s
500+0 records in
500+0 records out
524288000 bytes (524 MB) copied, 1.42538 s, 368 MB/s
afbad591ee2b70ac94258fbc7fac3bf2  -

real	0m1.428s
user	0m1.172s
sys	0m0.362s
500+0 records in
500+0 records out
afbad591ee2b70ac94258fbc7fac3bf2  -
524288000 bytes (524 MB) copied, 1.49255 s, 351 MB/s

real	0m1.495s
user	0m1.156s
sys	0m0.299s
500+0 records in
500+0 records out
afbad591ee2b70ac94258fbc7fac3bf2  -
524288000 bytes (524 MB) copied, 1.32231 s, 396 MB/s

real	0m1.325s
user	0m1.169s
sys	0m0.301s
500+0 records in
500+0 records out
524288000 bytes (524 MB) copied, 1.30467 s, 402 MB/s
afbad591ee2b70ac94258fbc7fac3bf2  -

real	0m1.307s
user	0m1.182s
sys	0m0.287s
500+0 records in
500+0 records out
afbad591ee2b70ac94258fbc7fac3bf2  -
524288000 bytes (524 MB) copied, 1.43029 s, 367 MB/s

real	0m1.433s
user	0m1.176s
sys	0m0.291s
500+0 records in
500+0 records out
afbad591ee2b70ac94258fbc7fac3bf2  -
524288000 bytes (524 MB) copied, 1.29277 s, 406 MB/s

real	0m1.296s
user	0m1.178s
sys	0m0.292s
500+0 records in
500+0 records out
524288000 bytes (524 MB) copied, 1.26374 s, 415 MB/s
afbad591ee2b70ac94258fbc7fac3bf2  -

real	0m1.267s
user	0m1.177s
sys	0m0.284s
500+0 records in
500+0 records out
afbad591ee2b70ac94258fbc7fac3bf2  -
524288000 bytes (524 MB) copied, 1.68984 s, 310 MB/s

real	0m1.693s
user	0m1.174s
sys	0m0.304s
500+0 records in
500+0 records out
afbad591ee2b70ac94258fbc7fac3bf2  -
524288000 bytes (524 MB) copied, 1.37458 s, 381 MB/s

real	0m1.378s
user	0m1.165s
sys	0m0.307s
500+0 records in
500+0 records out
afbad591ee2b70ac94258fbc7fac3bf2  -
524288000 bytes (524 MB) copied, 1.31472 s, 399 MB/s

real	0m1.318s
user	0m1.174s
sys	0m0.307s
500+0 records in
500+0 records out
afbad591ee2b70ac94258fbc7fac3bf2  -
524288000 bytes (524 MB) copied, 1.58517 s, 331 MB/s

real	0m1.588s
user	0m1.176s
sys	0m0.298s
500+0 records in
500+0 records out
afbad591ee2b70ac94258fbc7fac3bf2  -
524288000 bytes (524 MB) copied, 1.33631 s, 392 MB/s

real	0m1.339s
user	0m1.160s
sys	0m0.301s
500+0 records in
500+0 records out
afbad591ee2b70ac94258fbc7fac3bf2  -
524288000 bytes (524 MB) copied, 1.32517 s, 396 MB/s

real	0m1.329s
user	0m1.176s
sys	0m0.298s
500+0 records in
500+0 records out
524288000 bytes (524 MB) copied, 1.29114 s, 406 MB/s
afbad591ee2b70ac94258fbc7fac3bf2  -

real	0m1.294s
user	0m1.175s
sys	0m0.298s
500+0 records in
500+0 records out
524288000 bytes (524 MB) copied, 1.29378 s, 405 MB/s
afbad591ee2b70ac94258fbc7fac3bf2  -

real	0m1.296s
user	0m1.171s
sys	0m0.293s
500+0 records in
500+0 records out
afbad591ee2b70ac94258fbc7fac3bf2  -
524288000 bytes (524 MB) copied, 1.34003 s, 391 MB/s

real	0m1.343s
user	0m1.184s
sys	0m0.285s
500+0 records in
500+0 records out
524288000 bytes (524 MB) copied, 1.49745 s, 350 MB/s
afbad591ee2b70ac94258fbc7fac3bf2  -

real	0m1.500s
user	0m1.179s
sys	0m0.303s
500+0 records in
500+0 records out
afbad591ee2b70ac94258fbc7fac3bf2  -
524288000 bytes (524 MB) copied, 1.39304 s, 376 MB/s

real	0m1.396s
user	0m1.178s
sys	0m0.295s
500+0 records in
500+0 records out
afbad591ee2b70ac94258fbc7fac3bf2  -
524288000 bytes (524 MB) copied, 1.43693 s, 365 MB/s

real	0m1.440s
user	0m1.174s
sys	0m0.292s
500+0 records in
500+0 records out
524288000 bytes (524 MB) copied, 1.33652 s, 392 MB/s
afbad591ee2b70ac94258fbc7fac3bf2  -

real	0m1.339s
user	0m1.164s
sys	0m0.294s
500+0 records in
500+0 records out
524288000 bytes (524 MB) copied, 1.36405 s, 384 MB/s
afbad591ee2b70ac94258fbc7fac3bf2  -

real	0m1.367s
user	0m1.183s
sys	0m0.348s
500+0 records in
500+0 records out
afbad591ee2b70ac94258fbc7fac3bf2  -
524288000 bytes (524 MB) copied, 1.81167 s, 289 MB/s

real	0m1.815s
user	0m1.182s
sys	0m0.286s
500+0 records in
500+0 records out
afbad591ee2b70ac94258fbc7fac3bf2  -
524288000 bytes (524 MB) copied, 1.3442 s, 390 MB/s

real	0m1.347s
user	0m1.153s
sys	0m0.336s
500+0 records in
500+0 records out
afbad591ee2b70ac94258fbc7fac3bf2  -
524288000 bytes (524 MB) copied, 1.39155 s, 377 MB/s

real	0m1.394s
user	0m1.180s
sys	0m0.335s
500+0 records in
500+0 records out
524288000 bytes (524 MB) copied, 1.3578 s, 386 MB/s
afbad591ee2b70ac94258fbc7fac3bf2  -

real	0m1.360s
user	0m1.178s
sys	0m0.308s
500+0 records in
500+0 records out
afbad591ee2b70ac94258fbc7fac3bf2  -
524288000 bytes (524 MB) copied, 1.59567 s, 329 MB/s

real	0m1.598s
user	0m1.170s
sys	0m0.307s
500+0 records in
500+0 records out
524288000 bytes (524 MB) copied, 1.29757 s, 404 MB/s
afbad591ee2b70ac94258fbc7fac3bf2  -

real	0m1.301s
user	0m1.180s
sys	0m0.296s
500+0 records in
500+0 records out
afbad591ee2b70ac94258fbc7fac3bf2  -
524288000 bytes (524 MB) copied, 1.40641 s, 373 MB/s

real	0m1.409s
user	0m1.182s
sys	0m0.291s
500+0 records in
500+0 records out
afbad591ee2b70ac94258fbc7fac3bf2  -
524288000 bytes (524 MB) copied, 1.36186 s, 385 MB/s

real	0m1.365s
user	0m1.169s
sys	0m0.308s
500+0 records in
500+0 records out
524288000 bytes (524 MB) copiedafbad591ee2b70ac94258fbc7fac3bf2  -
, 1.31703 s, 398 MB/s

real	0m1.320s
user	0m1.171s
sys	0m0.306s
500+0 records in
500+0 records out
afbad591ee2b70ac94258fbc7fac3bf2  -
524288000 bytes (524 MB) copied, 1.42852 s, 367 MB/s

real	0m1.431s
user	0m1.171s
sys	0m0.297s
500+0 records in
500+0 records out
524288000 bytes (524 MB) copied, 1.31069 s, 400 MB/s
afbad591ee2b70ac94258fbc7fac3bf2  -

real	0m1.314s
user	0m1.178s
sys	0m0.301s
500+0 records in
500+0 records out
afbad591ee2b70ac94258fbc7fac3bf2  -
524288000 bytes (524 MB) copied, 1.37239 s, 382 MB/s

real	0m1.375s
user	0m1.164s
sys	0m0.291s
500+0 records in
500+0 records out
afbad591ee2b70ac94258fbc7fac3bf2  -
524288000 bytes (524 MB) copied, 1.32725 s, 395 MB/s

real	0m1.330s
user	0m1.160s
sys	0m0.303s
500+0 records in
500+0 records out
524288000 bytes (524 MB) copied, 1.62903 s, 322 MB/s
afbad591ee2b70ac94258fbc7fac3bf2  -

real	0m1.632s
user	0m1.167s
sys	0m0.313s
500+0 records in
500+0 records out
afbad591ee2b70ac94258fbc7fac3bf2  -
524288000 bytes (524 MB) copied, 1.41877 s, 370 MB/s

real	0m1.422s
user	0m1.168s
sys	0m0.352s
500+0 records in
500+0 records out
afbad591ee2b70ac94258fbc7fac3bf2  -
524288000 bytes (524 MB) copied, 1.42615 s, 368 MB/s

real	0m1.429s
user	0m1.167s
sys	0m0.292s
500+0 records in
500+0 records out
afbad591ee2b70ac94258fbc7fac3bf2  -
524288000 bytes (524 MB) copied, 1.37364 s, 382 MB/s

real	0m1.376s
user	0m1.160s
sys	0m0.306s
500+0 records in
500+0 records out
afbad591ee2b70ac94258fbc7fac3bf2  -
524288000 bytes (524 MB) copied, 1.4729 s, 356 MB/s

real	0m1.475s
user	0m1.186s
sys	0m0.289s
500+0 records in
500+0 records out
afbad591ee2b70ac94258fbc7fac3bf2  -
524288000 bytes (524 MB) copied, 1.39458 s, 376 MB/s

real	0m1.397s
user	0m1.171s
sys	0m0.299s
500+0 records in
500+0 records out
afbad591ee2b70ac94258fbc7fac3bf2  -
524288000 bytes (524 MB) copied, 1.42634 s, 368 MB/s

real	0m1.429s
user	0m1.158s
sys	0m0.316s
500+0 records in
500+0 records out
afbad591ee2b70ac94258fbc7fac3bf2  -
524288000 bytes (524 MB) copied, 1.36801 s, 383 MB/s

real	0m1.371s
user	0m1.175s
sys	0m0.293s
500+0 records in
500+0 records out
524288000 bytes (524 MB) copied, 1.49772 s, 350 MB/s
afbad591ee2b70ac94258fbc7fac3bf2  -

real	0m1.500s
user	0m1.160s
sys	0m0.310s
500+0 records in
500+0 records out
afbad591ee2b70ac94258fbc7fac3bf2  -
524288000 bytes (524 MB) copied, 1.5801 s, 332 MB/s

real	0m1.583s
user	0m1.170s
sys	0m0.292s
500+0 records in
500+0 records out
524288000 bytes (524 MB) copied, 1.40332 s, 374 MB/s
afbad591ee2b70ac94258fbc7fac3bf2  -

real	0m1.406s
user	0m1.163s
sys	0m0.385s
500+0 records in
500+0 records out
524288000 bytes (524 MB) copied, 1.72822 s, 303 MB/s
afbad591ee2b70ac94258fbc7fac3bf2  -

real	0m1.731s
user	0m1.154s
sys	0m0.325s
500+0 records in
500+0 records out
524288000 bytes (524 MB) copied, 1.31131 s, 400 MB/s
afbad591ee2b70ac94258fbc7fac3bf2  -

real	0m1.314s
user	0m1.174s
sys	0m0.304s
500+0 records in
500+0 records out
afbad591ee2b70ac94258fbc7fac3bf2  -
524288000 bytes (524 MB) copied, 1.58351 s, 331 MB/s

real	0m1.586s
user	0m1.175s
sys	0m0.297s
500+0 records in
500+0 records out
afbad591ee2b70ac94258fbc7fac3bf2  -
524288000 bytes (524 MB) copied, 1.40592 s, 373 MB/s

real	0m1.408s
user	0m1.167s
sys	0m0.310s
500+0 records in
500+0 records out
afbad591ee2b70ac94258fbc7fac3bf2  -
524288000 bytes (524 MB) copied, 1.3098 s, 400 MB/s

real	0m1.313s
user	0m1.174s
sys	0m0.289s
500+0 records in
500+0 records out
afbad591ee2b70ac94258fbc7fac3bf2  -
524288000 bytes (524 MB) copied, 1.35818 s, 386 MB/s

real	0m1.361s
user	0m1.168s
sys	0m0.309s
500+0 records in
500+0 records out
afbad591ee2b70ac94258fbc7fac3bf2  -
524288000 bytes (524 MB) copied, 1.37276 s, 382 MB/s

real	0m1.376s
user	0m1.175s
sys	0m0.297s
500+0 records in
500+0 records out
afbad591ee2b70ac94258fbc7fac3bf2  -
524288000 bytes (524 MB) copied, 1.42526 s, 368 MB/s

real	0m1.428s
user	0m1.184s
sys	0m0.288s
500+0 records in
500+0 records out
524288000 bytes (524 MB) copied, 1.35303 s, 387 MB/s
afbad591ee2b70ac94258fbc7fac3bf2  -

real	0m1.356s
user	0m1.175s
sys	0m0.296s
500+0 records in
500+0 records out
afbad591ee2b70ac94258fbc7fac3bf2  -
524288000 bytes (524 MB) copied, 1.34214 s, 391 MB/s

real	0m1.345s
user	0m1.171s
sys	0m0.307s
500+0 records in
500+0 records out
afbad591ee2b70ac94258fbc7fac3bf2  -
524288000 bytes (524 MB) copied, 1.64498 s, 319 MB/s

real	0m1.648s
user	0m1.162s
sys	0m0.307s
500+0 records in
500+0 records out
524288000 bytes (524 MB) copied, 1.3363 s, 392 MB/s
afbad591ee2b70ac94258fbc7fac3bf2  -

real	0m1.339s
user	0m1.170s
sys	0m0.295s
500+0 records in
500+0 records out
afbad591ee2b70ac94258fbc7fac3bf2  -
524288000 bytes (524 MB) copied, 1.38045 s, 380 MB/s

real	0m1.383s
user	0m1.170s
sys	0m0.305s
500+0 records in
500+0 records out
afbad591ee2b70ac94258fbc7fac3bf2  -
524288000 bytes (524 MB) copied, 1.33335 s, 393 MB/s

real	0m1.336s
user	0m1.167s
sys	0m0.315s
500+0 records in
500+0 records out
524288000 bytes (524 MB) copied, 1.33317 s, 393 MB/s
afbad591ee2b70ac94258fbc7fac3bf2  -

real	0m1.336s
user	0m1.189s
sys	0m0.276s
500+0 records in
500+0 records out
524288000 bytes (524 MB) copiedafbad591ee2b70ac94258fbc7fac3bf2  -
, 1.41347 s, 371 MB/s

real	0m1.416s
user	0m1.165s
sys	0m0.301s
500+0 records in
500+0 records out
afbad591ee2b70ac94258fbc7fac3bf2  -
524288000 bytes (524 MB) copied, 1.33273 s, 393 MB/s

real	0m1.335s
user	0m1.170s
sys	0m0.299s
500+0 records in
500+0 records out
afbad591ee2b70ac94258fbc7fac3bf2  -
524288000 bytes (524 MB) copied, 1.36817 s, 383 MB/s

real	0m1.371s
user	0m1.177s
sys	0m0.297s
500+0 records in
500+0 records out
afbad591ee2b70ac94258fbc7fac3bf2  -
524288000 bytes (524 MB) copied, 1.37407 s, 382 MB/s

real	0m1.377s
user	0m1.177s
sys	0m0.294s
500+0 records in
500+0 records out
afbad591ee2b70ac94258fbc7fac3bf2  -
524288000 bytes (524 MB) copied, 1.33324 s, 393 MB/s

real	0m1.336s
user	0m1.173s
sys	0m0.300s
500+0 records in
500+0 records out
afbad591ee2b70ac94258fbc7fac3bf2  -
524288000 bytes (524 MB) copied, 1.40101 s, 374 MB/s

real	0m1.404s
user	0m1.173s
sys	0m0.304s
500+0 records in
500+0 records out
524288000 bytes (524 MB) copied, 1.30075 s, 403 MB/s
afbad591ee2b70ac94258fbc7fac3bf2  -

real	0m1.303s
user	0m1.178s
sys	0m0.296s
