2000+0 records in
2000+0 records out
0dd74775419ada42017a0fdf21eccf94  -
2097152000 bytes (2.1 GB) copied, 5.08681 s, 412 MB/s

real	0m5.089s
user	0m4.689s
sys	0m1.170s
2000+0 records in
2000+0 records out
0dd74775419ada42017a0fdf21eccf94  -
2097152000 bytes (2.1 GB) copied, 5.30298 s, 395 MB/s

real	0m5.306s
user	0m4.695s
sys	0m1.198s
2000+0 records in
2000+0 records out
0dd74775419ada42017a0fdf21eccf94  -
2097152000 bytes (2.1 GB) copied, 5.148 s, 407 MB/s

real	0m5.151s
user	0m4.662s
sys	0m1.206s
2000+0 records in
2000+0 records out
0dd74775419ada42017a0fdf21eccf94  -
2097152000 bytes (2.1 GB) copied, 5.08108 s, 413 MB/s

real	0m5.084s
user	0m4.698s
sys	0m1.145s
2000+0 records in
2000+0 records out
2097152000 bytes (2.1 GB) copied, 5.14472 s, 408 MB/s
0dd74775419ada42017a0fdf21eccf94  -

real	0m5.148s
user	0m4.654s
sys	0m1.205s
2000+0 records in
2000+0 records out
0dd74775419ada42017a0fdf21eccf94  -
2097152000 bytes (2.1 GB) copied, 5.14228 s, 408 MB/s

real	0m5.145s
user	0m4.699s
sys	0m1.180s
2000+0 records in
2000+0 records out
0dd74775419ada42017a0fdf21eccf94  -
2097152000 bytes (2.1 GB) copied, 5.11873 s, 410 MB/s

real	0m5.121s
user	0m4.682s
sys	0m1.173s
2000+0 records in
2000+0 records out
0dd74775419ada42017a0fdf21eccf94  -
2097152000 bytes (2.1 GB) copied, 5.1143 s, 410 MB/s

real	0m5.117s
user	0m4.686s
sys	0m1.179s
2000+0 records in
2000+0 records out
0dd74775419ada42017a0fdf21eccf94  -
2097152000 bytes (2.1 GB) copied, 5.24829 s, 400 MB/s

real	0m5.251s
user	0m4.713s
sys	0m1.249s
2000+0 records in
2000+0 records out
2097152000 bytes (2.1 GB) copied, 5.08424 s, 412 MB/s
0dd74775419ada42017a0fdf21eccf94  -

real	0m5.087s
user	0m4.697s
sys	0m1.183s
2000+0 records in
2000+0 records out
0dd74775419ada42017a0fdf21eccf94  -
2097152000 bytes (2.1 GB) copied, 5.12609 s, 409 MB/s

real	0m5.129s
user	0m4.666s
sys	0m1.214s
2000+0 records in
2000+0 records out
0dd74775419ada42017a0fdf21eccf94  -
2097152000 bytes (2.1 GB) copied, 5.12542 s, 409 MB/s

real	0m5.128s
user	0m4.660s
sys	0m1.194s
2000+0 records in
2000+0 records out
0dd74775419ada42017a0fdf21eccf94  -
2097152000 bytes (2.1 GB) copied, 5.10916 s, 410 MB/s

real	0m5.112s
user	0m4.654s
sys	0m1.199s
2000+0 records in
2000+0 records out
0dd74775419ada42017a0fdf21eccf94  -
2097152000 bytes (2.1 GB) copied, 5.16946 s, 406 MB/s

real	0m5.172s
user	0m4.680s
sys	0m1.160s
2000+0 records in
2000+0 records out
2097152000 bytes (2.1 GB) copied, 5.07797 s, 413 MB/s
0dd74775419ada42017a0fdf21eccf94  -

real	0m5.081s
user	0m4.664s
sys	0m1.200s
2000+0 records in
2000+0 records out
0dd74775419ada42017a0fdf21eccf94  -
2097152000 bytes (2.1 GB) copied, 5.25672 s, 399 MB/s

real	0m5.259s
user	0m4.667s
sys	0m1.308s
2000+0 records in
2000+0 records out
0dd74775419ada42017a0fdf21eccf94  -
2097152000 bytes (2.1 GB) copied, 5.13085 s, 409 MB/s

real	0m5.134s
user	0m4.689s
sys	0m1.204s
2000+0 records in
2000+0 records out
0dd74775419ada42017a0fdf21eccf94  -
2097152000 bytes (2.1 GB) copied, 5.21389 s, 402 MB/s

real	0m5.217s
user	0m4.678s
sys	0m1.211s
2000+0 records in
2000+0 records out
0dd74775419ada42017a0fdf21eccf94  -
2097152000 bytes (2.1 GB) copied, 5.13764 s, 408 MB/s

real	0m5.140s
user	0m4.660s
sys	0m1.220s
2000+0 records in
2000+0 records out
2097152000 bytes (2.1 GB) copied, 5.21907 s, 402 MB/s
0dd74775419ada42017a0fdf21eccf94  -

real	0m5.222s
user	0m4.704s
sys	0m1.158s
2000+0 records in
2000+0 records out
2097152000 bytes (2.1 GB) copied0dd74775419ada42017a0fdf21eccf94  -
, 5.10524 s, 411 MB/s

real	0m5.108s
user	0m4.702s
sys	0m1.184s
2000+0 records in
2000+0 records out
0dd74775419ada42017a0fdf21eccf94  -
2097152000 bytes (2.1 GB) copied, 5.10558 s, 411 MB/s

real	0m5.108s
user	0m4.687s
sys	0m1.195s
2000+0 records in
2000+0 records out
0dd74775419ada42017a0fdf21eccf94  -
2097152000 bytes (2.1 GB) copied, 5.1716 s, 406 MB/s

real	0m5.174s
user	0m4.671s
sys	0m1.176s
2000+0 records in
2000+0 records out
0dd74775419ada42017a0fdf21eccf94  -
2097152000 bytes (2.1 GB) copied, 5.12722 s, 409 MB/s

real	0m5.132s
user	0m4.636s
sys	0m1.259s
2000+0 records in
2000+0 records out
2097152000 bytes (2.1 GB) copied, 5.11391 s, 410 MB/s
0dd74775419ada42017a0fdf21eccf94  -

real	0m5.118s
user	0m4.667s
sys	0m1.204s
2000+0 records in
2000+0 records out
0dd74775419ada42017a0fdf21eccf94  -
2097152000 bytes (2.1 GB) copied, 5.12398 s, 409 MB/s

real	0m5.127s
user	0m4.686s
sys	0m1.175s
2000+0 records in
2000+0 records out
0dd74775419ada42017a0fdf21eccf94  -
2097152000 bytes (2.1 GB) copied, 5.10201 s, 411 MB/s

real	0m5.107s
user	0m4.687s
sys	0m1.169s
2000+0 records in
2000+0 records out
2097152000 bytes (2.1 GB) copied0dd74775419ada42017a0fdf21eccf94  -
, 5.11398 s, 410 MB/s

real	0m5.117s
user	0m4.700s
sys	0m1.178s
2000+0 records in
2000+0 records out
0dd74775419ada42017a0fdf21eccf94  -
2097152000 bytes (2.1 GB) copied, 5.13692 s, 408 MB/s

real	0m5.141s
user	0m4.681s
sys	0m1.193s
2000+0 records in
2000+0 records out
2097152000 bytes (2.1 GB) copied, 5.14455 s, 408 MB/s
0dd74775419ada42017a0fdf21eccf94  -

real	0m5.147s
user	0m4.693s
sys	0m1.145s
2000+0 records in
2000+0 records out
0dd74775419ada42017a0fdf21eccf94  -
2097152000 bytes (2.1 GB) copied, 5.12014 s, 410 MB/s

real	0m5.123s
user	0m4.657s
sys	0m1.222s
2000+0 records in
2000+0 records out
0dd74775419ada42017a0fdf21eccf94  -
2097152000 bytes (2.1 GB) copied, 5.12337 s, 409 MB/s

real	0m5.126s
user	0m4.670s
sys	0m1.210s
2000+0 records in
2000+0 records out
0dd74775419ada42017a0fdf21eccf94  -
2097152000 bytes (2.1 GB) copied, 5.14396 s, 408 MB/s

real	0m5.147s
user	0m4.685s
sys	0m1.181s
2000+0 records in
2000+0 records out
0dd74775419ada42017a0fdf21eccf94  -
2097152000 bytes (2.1 GB) copied, 5.3717 s, 390 MB/s

real	0m5.374s
user	0m4.691s
sys	0m1.384s
2000+0 records in
2000+0 records out
2097152000 bytes (2.1 GB) copied, 5.20067 s, 403 MB/s
0dd74775419ada42017a0fdf21eccf94  -

real	0m5.203s
user	0m4.692s
sys	0m1.304s
2000+0 records in
2000+0 records out
0dd74775419ada42017a0fdf21eccf94  -
2097152000 bytes (2.1 GB) copied, 5.14281 s, 408 MB/s

real	0m5.145s
user	0m4.689s
sys	0m1.175s
2000+0 records in
2000+0 records out
0dd74775419ada42017a0fdf21eccf94  -
2097152000 bytes (2.1 GB) copied, 5.12115 s, 410 MB/s

real	0m5.124s
user	0m4.665s
sys	0m1.220s
2000+0 records in
2000+0 records out
0dd74775419ada42017a0fdf21eccf94  -
2097152000 bytes (2.1 GB) copied, 5.13012 s, 409 MB/s

real	0m5.134s
user	0m4.673s
sys	0m1.180s
2000+0 records in
2000+0 records out
0dd74775419ada42017a0fdf21eccf94  -
2097152000 bytes (2.1 GB) copied, 5.12849 s, 409 MB/s

real	0m5.131s
user	0m4.664s
sys	0m1.210s
2000+0 records in
2000+0 records out
0dd74775419ada42017a0fdf21eccf94  -
2097152000 bytes (2.1 GB) copied, 5.1794 s, 405 MB/s

real	0m5.182s
user	0m4.698s
sys	0m1.249s
2000+0 records in
2000+0 records out
0dd74775419ada42017a0fdf21eccf94  -
2097152000 bytes (2.1 GB) copied, 5.12969 s, 409 MB/s

real	0m5.132s
user	0m4.679s
sys	0m1.217s
2000+0 records in
2000+0 records out
0dd74775419ada42017a0fdf21eccf94  -
2097152000 bytes (2.1 GB) copied, 6.63905 s, 316 MB/s

real	0m6.642s
user	0m4.666s
sys	0m1.196s
2000+0 records in
2000+0 records out
0dd74775419ada42017a0fdf21eccf94  -
2097152000 bytes (2.1 GB) copied, 5.11819 s, 410 MB/s

real	0m5.124s
user	0m4.675s
sys	0m1.202s
2000+0 records in
2000+0 records out
0dd74775419ada42017a0fdf21eccf94  -
2097152000 bytes (2.1 GB) copied, 5.32754 s, 394 MB/s

real	0m5.330s
user	0m4.703s
sys	0m1.325s
2000+0 records in
2000+0 records out
2097152000 bytes (2.1 GB) copied, 5.0882 s, 412 MB/s
0dd74775419ada42017a0fdf21eccf94  -

real	0m5.091s
user	0m4.681s
sys	0m1.202s
2000+0 records in
2000+0 records out
0dd74775419ada42017a0fdf21eccf94  -
2097152000 bytes (2.1 GB) copied, 5.10677 s, 411 MB/s

real	0m5.109s
user	0m4.662s
sys	0m1.213s
2000+0 records in
2000+0 records out
0dd74775419ada42017a0fdf21eccf94  -
2097152000 bytes (2.1 GB) copied, 5.21001 s, 403 MB/s

real	0m5.213s
user	0m4.675s
sys	0m1.191s
2000+0 records in
2000+0 records out
0dd74775419ada42017a0fdf21eccf94  -
2097152000 bytes (2.1 GB) copied, 5.29509 s, 396 MB/s

real	0m5.298s
user	0m4.679s
sys	0m1.190s
2000+0 records in
2000+0 records out
0dd74775419ada42017a0fdf21eccf94  -
2097152000 bytes (2.1 GB) copied, 5.11527 s, 410 MB/s

real	0m5.118s
user	0m4.695s
sys	0m1.180s
2000+0 records in
2000+0 records out
2097152000 bytes (2.1 GB) copied, 5.09906 s, 411 MB/s
0dd74775419ada42017a0fdf21eccf94  -

real	0m5.102s
user	0m4.702s
sys	0m1.173s
2000+0 records in
2000+0 records out
0dd74775419ada42017a0fdf21eccf94  -
2097152000 bytes (2.1 GB) copied, 5.14177 s, 408 MB/s

real	0m5.144s
user	0m4.649s
sys	0m1.204s
2000+0 records in
2000+0 records out
0dd74775419ada42017a0fdf21eccf94  -
2097152000 bytes (2.1 GB) copied, 5.12466 s, 409 MB/s

real	0m5.128s
user	0m4.684s
sys	0m1.172s
2000+0 records in
2000+0 records out
0dd74775419ada42017a0fdf21eccf94  -
2097152000 bytes (2.1 GB) copied, 5.1415 s, 408 MB/s

real	0m5.144s
user	0m4.672s
sys	0m1.183s
2000+0 records in
2000+0 records out
0dd74775419ada42017a0fdf21eccf94  -
2097152000 bytes (2.1 GB) copied, 5.11661 s, 410 MB/s

real	0m5.122s
user	0m4.675s
sys	0m1.211s
2000+0 records in
2000+0 records out
2097152000 bytes (2.1 GB) copied, 5.13108 s, 409 MB/s
0dd74775419ada42017a0fdf21eccf94  -

real	0m5.134s
user	0m4.684s
sys	0m1.234s
2000+0 records in
2000+0 records out
0dd74775419ada42017a0fdf21eccf94  -
2097152000 bytes (2.1 GB) copied, 5.11356 s, 410 MB/s

real	0m5.116s
user	0m4.680s
sys	0m1.188s
2000+0 records in
2000+0 records out
0dd74775419ada42017a0fdf21eccf94  -
2097152000 bytes (2.1 GB) copied, 5.15977 s, 406 MB/s

real	0m5.163s
user	0m4.671s
sys	0m1.207s
2000+0 records in
2000+0 records out
0dd74775419ada42017a0fdf21eccf94  -
2097152000 bytes (2.1 GB) copied, 5.34775 s, 392 MB/s

real	0m5.351s
user	0m4.697s
sys	0m1.161s
2000+0 records in
2000+0 records out
0dd74775419ada42017a0fdf21eccf94  -
2097152000 bytes (2.1 GB) copied, 5.14274 s, 408 MB/s

real	0m5.146s
user	0m4.704s
sys	0m1.167s
2000+0 records in
2000+0 records out
2097152000 bytes (2.1 GB) copied, 5.0873 s, 412 MB/s
0dd74775419ada42017a0fdf21eccf94  -

real	0m5.090s
user	0m4.678s
sys	0m1.197s
2000+0 records in
2000+0 records out
0dd74775419ada42017a0fdf21eccf94  -
2097152000 bytes (2.1 GB) copied, 5.12434 s, 409 MB/s

real	0m5.127s
user	0m4.667s
sys	0m1.199s
2000+0 records in
2000+0 records out
0dd74775419ada42017a0fdf21eccf94  -
2097152000 bytes (2.1 GB) copied, 5.11525 s, 410 MB/s

real	0m5.118s
user	0m4.687s
sys	0m1.182s
2000+0 records in
2000+0 records out
0dd74775419ada42017a0fdf21eccf94  -
2097152000 bytes (2.1 GB) copied, 5.11164 s, 410 MB/s

real	0m5.114s
user	0m4.669s
sys	0m1.199s
2000+0 records in
2000+0 records out
0dd74775419ada42017a0fdf21eccf94  -
2097152000 bytes (2.1 GB) copied, 5.1132 s, 410 MB/s

real	0m5.116s
user	0m4.676s
sys	0m1.201s
2000+0 records in
2000+0 records out
2097152000 bytes (2.1 GB) copied, 5.0916 s, 412 MB/s
0dd74775419ada42017a0fdf21eccf94  -

real	0m5.095s
user	0m4.668s
sys	0m1.217s
2000+0 records in
2000+0 records out
0dd74775419ada42017a0fdf21eccf94  -
2097152000 bytes (2.1 GB) copied, 5.14745 s, 407 MB/s

real	0m5.150s
user	0m4.673s
sys	0m1.195s
2000+0 records in
2000+0 records out
0dd74775419ada42017a0fdf21eccf94  -
2097152000 bytes (2.1 GB) copied, 5.15556 s, 407 MB/s

real	0m5.158s
user	0m4.675s
sys	0m1.199s
2000+0 records in
2000+0 records out
0dd74775419ada42017a0fdf21eccf94  -
2097152000 bytes (2.1 GB) copied, 5.15332 s, 407 MB/s

real	0m5.156s
user	0m4.681s
sys	0m1.203s
2000+0 records in
2000+0 records out
0dd74775419ada42017a0fdf21eccf94  -
2097152000 bytes (2.1 GB) copied, 5.1202 s, 410 MB/s

real	0m5.123s
user	0m4.683s
sys	0m1.175s
2000+0 records in
2000+0 records out
2097152000 bytes (2.1 GB) copied, 5.09208 s, 412 MB/s
0dd74775419ada42017a0fdf21eccf94  -

real	0m5.095s
user	0m4.670s
sys	0m1.202s
2000+0 records in
2000+0 records out
0dd74775419ada42017a0fdf21eccf94  -
2097152000 bytes (2.1 GB) copied, 5.13909 s, 408 MB/s

real	0m5.142s
user	0m4.692s
sys	0m1.191s
2000+0 records in
2000+0 records out
0dd74775419ada42017a0fdf21eccf94  -
2097152000 bytes (2.1 GB) copied, 5.1159 s, 410 MB/s

real	0m5.119s
user	0m4.674s
sys	0m1.190s
2000+0 records in
2000+0 records out
0dd74775419ada42017a0fdf21eccf94  -
2097152000 bytes (2.1 GB) copied, 5.10406 s, 411 MB/s

real	0m5.107s
user	0m4.679s
sys	0m1.145s
2000+0 records in
2000+0 records out
0dd74775419ada42017a0fdf21eccf94  -
2097152000 bytes (2.1 GB) copied, 5.14871 s, 407 MB/s

real	0m5.154s
user	0m4.663s
sys	0m1.207s
2000+0 records in
2000+0 records out
2097152000 bytes (2.1 GB) copied, 5.12907 s, 409 MB/s
0dd74775419ada42017a0fdf21eccf94  -

real	0m5.142s
user	0m4.701s
sys	0m1.228s
2000+0 records in
2000+0 records out
0dd74775419ada42017a0fdf21eccf94  -
2097152000 bytes (2.1 GB) copied, 5.10279 s, 411 MB/s

real	0m5.105s
user	0m4.674s
sys	0m1.196s
2000+0 records in
2000+0 records out
0dd74775419ada42017a0fdf21eccf94  -
2097152000 bytes (2.1 GB) copied, 5.11172 s, 410 MB/s

real	0m5.117s
user	0m4.678s
sys	0m1.188s
2000+0 records in
2000+0 records out
2097152000 bytes (2.1 GB) copied0dd74775419ada42017a0fdf21eccf94  -
, 5.16524 s, 406 MB/s

real	0m5.168s
user	0m4.706s
sys	0m1.161s
2000+0 records in
2000+0 records out
0dd74775419ada42017a0fdf21eccf94  -
2097152000 bytes (2.1 GB) copied, 5.15045 s, 407 MB/s

real	0m5.153s
user	0m4.676s
sys	0m1.202s
2000+0 records in
2000+0 records out
2097152000 bytes (2.1 GB) copied, 5.14954 s, 407 MB/s
0dd74775419ada42017a0fdf21eccf94  -

real	0m5.152s
user	0m4.673s
sys	0m1.210s
2000+0 records in
2000+0 records out
0dd74775419ada42017a0fdf21eccf94  -
2097152000 bytes (2.1 GB) copied, 5.13769 s, 408 MB/s

real	0m5.140s
user	0m4.679s
sys	0m1.194s
2000+0 records in
2000+0 records out
0dd74775419ada42017a0fdf21eccf94  -
2097152000 bytes (2.1 GB) copied, 5.32572 s, 394 MB/s

real	0m5.329s
user	0m4.694s
sys	0m1.386s
2000+0 records in
2000+0 records out
0dd74775419ada42017a0fdf21eccf94  -
2097152000 bytes (2.1 GB) copied, 5.17569 s, 405 MB/s

real	0m5.179s
user	0m4.700s
sys	0m1.221s
2000+0 records in
2000+0 records out
0dd74775419ada42017a0fdf21eccf94  -
2097152000 bytes (2.1 GB) copied, 5.13626 s, 408 MB/s

real	0m5.139s
user	0m4.678s
sys	0m1.196s
2000+0 records in
2000+0 records out
2097152000 bytes (2.1 GB) copied, 5.31545 s, 395 MB/s
0dd74775419ada42017a0fdf21eccf94  -

real	0m5.318s
user	0m4.693s
sys	0m1.366s
2000+0 records in
2000+0 records out
0dd74775419ada42017a0fdf21eccf94  -
2097152000 bytes (2.1 GB) copied, 5.16019 s, 406 MB/s

real	0m5.163s
user	0m4.680s
sys	0m1.232s
2000+0 records in
2000+0 records out
0dd74775419ada42017a0fdf21eccf94  -
2097152000 bytes (2.1 GB) copied, 5.10099 s, 411 MB/s

real	0m5.104s
user	0m4.661s
sys	0m1.218s
2000+0 records in
2000+0 records out
0dd74775419ada42017a0fdf21eccf94  -
2097152000 bytes (2.1 GB) copied, 5.12762 s, 409 MB/s

real	0m5.130s
user	0m4.691s
sys	0m1.177s
2000+0 records in
2000+0 records out
0dd74775419ada42017a0fdf21eccf94  -
2097152000 bytes (2.1 GB) copied, 5.14656 s, 407 MB/s

real	0m5.152s
user	0m4.678s
sys	0m1.190s
2000+0 records in
2000+0 records out
2097152000 bytes (2.1 GB) copied, 5.21032 s, 402 MB/s
0dd74775419ada42017a0fdf21eccf94  -

real	0m5.213s
user	0m4.676s
sys	0m1.185s
2000+0 records in
2000+0 records out
0dd74775419ada42017a0fdf21eccf94  -
2097152000 bytes (2.1 GB) copied, 5.09964 s, 411 MB/s

real	0m5.102s
user	0m4.680s
sys	0m1.203s
2000+0 records in
2000+0 records out
0dd74775419ada42017a0fdf21eccf94  -
2097152000 bytes (2.1 GB) copied, 5.21472 s, 402 MB/s

real	0m5.218s
user	0m4.688s
sys	0m1.191s
2000+0 records in
2000+0 records out
0dd74775419ada42017a0fdf21eccf94  -
2097152000 bytes (2.1 GB) copied, 5.15317 s, 407 MB/s

real	0m5.156s
user	0m4.666s
sys	0m1.188s
2000+0 records in
2000+0 records out
0dd74775419ada42017a0fdf21eccf94  -
2097152000 bytes (2.1 GB) copied, 5.18708 s, 404 MB/s

real	0m5.190s
user	0m4.656s
sys	0m1.215s
2000+0 records in
2000+0 records out
2097152000 bytes (2.1 GB) copied, 5.12131 s, 409 MB/s
0dd74775419ada42017a0fdf21eccf94  -

real	0m5.124s
user	0m4.691s
sys	0m1.206s
2000+0 records in
2000+0 records out
0dd74775419ada42017a0fdf21eccf94  -
2097152000 bytes (2.1 GB) copied, 5.11103 s, 410 MB/s

real	0m5.114s
user	0m4.685s
sys	0m1.170s
2000+0 records in
2000+0 records out
0dd74775419ada42017a0fdf21eccf94  -
2097152000 bytes (2.1 GB) copied, 5.41821 s, 387 MB/s

real	0m5.421s
user	0m4.685s
sys	0m1.199s
2000+0 records in
2000+0 records out
2097152000 bytes (2.1 GB) copied0dd74775419ada42017a0fdf21eccf94  -
, 5.10808 s, 411 MB/s

real	0m5.111s
user	0m4.684s
sys	0m1.185s
2000+0 records in
2000+0 records out
0dd74775419ada42017a0fdf21eccf94  -
2097152000 bytes (2.1 GB) copied, 5.16645 s, 406 MB/s

real	0m5.169s
user	0m4.665s
sys	0m1.210s
2000+0 records in
2000+0 records out
2097152000 bytes (2.1 GB) copied, 5.07499 s, 413 MB/s
0dd74775419ada42017a0fdf21eccf94  -

real	0m5.078s
user	0m4.680s
sys	0m1.154s
