10000+0 records in
10000+0 records out
a02bf4596da9a0c3d2b10ac745b55ccf  -
10485760000 bytes (10 GB) copied, 25.215 s, 416 MB/s

real	0m25.218s
user	0m23.357s
sys	0m5.874s
10000+0 records in
10000+0 records out
10485760000 bytes (10 GB) copied, 25.9551 s, 404 MB/s
a02bf4596da9a0c3d2b10ac745b55ccf  -

real	0m25.986s
user	0m23.368s
sys	0m6.552s
10000+0 records in
10000+0 records out
a02bf4596da9a0c3d2b10ac745b55ccf  -
10485760000 bytes (10 GB) copied, 26.2161 s, 400 MB/s

real	0m26.220s
user	0m23.354s
sys	0m6.887s
10000+0 records in
10000+0 records out
a02bf4596da9a0c3d2b10ac745b55ccf  -
10485760000 bytes (10 GB) copied, 25.1961 s, 416 MB/s

real	0m25.201s
user	0m23.308s
sys	0m6.075s
10000+0 records in
10000+0 records out
10485760000 bytes (10 GB) copied, 25.8104 s, 406 MB/s
a02bf4596da9a0c3d2b10ac745b55ccf  -

real	0m25.815s
user	0m23.440s
sys	0m6.435s
10000+0 records in
10000+0 records out
a02bf4596da9a0c3d2b10ac745b55ccf  -
10485760000 bytes (10 GB) copied, 25.2109 s, 416 MB/s

real	0m25.240s
user	0m23.331s
sys	0m5.914s
10000+0 records in
10000+0 records out
10485760000 bytes (10 GB) copied, 25.1728 s, 417 MB/s
a02bf4596da9a0c3d2b10ac745b55ccf  -

real	0m25.177s
user	0m23.421s
sys	0m5.751s
10000+0 records in
10000+0 records out
10485760000 bytes (10 GB) copied, 25.1851 s, 416 MB/s
a02bf4596da9a0c3d2b10ac745b55ccf  -

real	0m25.191s
user	0m23.402s
sys	0m5.886s
10000+0 records in
10000+0 records out
10485760000 bytes (10 GB) copied, 25.2175 s, 416 MB/s
a02bf4596da9a0c3d2b10ac745b55ccf  -

real	0m25.220s
user	0m23.371s
sys	0m5.951s
10000+0 records in
10000+0 records out
10485760000 bytes (10 GB) copied, 25.2356 s, 416 MB/s
a02bf4596da9a0c3d2b10ac745b55ccf  -

real	0m25.256s
user	0m23.367s
sys	0m6.020s
10000+0 records in
10000+0 records out
10485760000 bytes (10 GB) copied, 25.6347 s, 409 MB/s
a02bf4596da9a0c3d2b10ac745b55ccf  -

real	0m25.637s
user	0m23.406s
sys	0m6.303s
10000+0 records in
10000+0 records out
a02bf4596da9a0c3d2b10ac745b55ccf  -
10485760000 bytes (10 GB) copied, 25.1901 s, 416 MB/s

real	0m25.213s
user	0m23.437s
sys	0m5.891s
10000+0 records in
10000+0 records out
10485760000 bytes (10 GB) copieda02bf4596da9a0c3d2b10ac745b55ccf  -
, 25.4009 s, 413 MB/s

real	0m25.407s
user	0m23.415s
sys	0m5.949s
10000+0 records in
10000+0 records out
a02bf4596da9a0c3d2b10ac745b55ccf  -
10485760000 bytes (10 GB) copied, 25.2113 s, 416 MB/s

real	0m25.235s
user	0m23.428s
sys	0m5.908s
10000+0 records in
10000+0 records out
10485760000 bytes (10 GB) copied, 25.203 s, 416 MB/s
a02bf4596da9a0c3d2b10ac745b55ccf  -

real	0m25.206s
user	0m23.434s
sys	0m5.949s
10000+0 records in
10000+0 records out
10485760000 bytes (10 GB) copied, 25.1656 s, 417 MB/s
a02bf4596da9a0c3d2b10ac745b55ccf  -

real	0m25.191s
user	0m23.454s
sys	0m5.883s
10000+0 records in
10000+0 records out
a02bf4596da9a0c3d2b10ac745b55ccf  -
10485760000 bytes (10 GB) copied, 25.1706 s, 417 MB/s

real	0m25.173s
user	0m23.428s
sys	0m5.863s
10000+0 records in
10000+0 records out
10485760000 bytes (10 GB) copied, 25.201 s, 416 MB/s
a02bf4596da9a0c3d2b10ac745b55ccf  -

real	0m25.231s
user	0m23.438s
sys	0m5.896s
10000+0 records in
10000+0 records out
10485760000 bytes (10 GB) copieda02bf4596da9a0c3d2b10ac745b55ccf  -
, 25.1684 s, 417 MB/s

real	0m25.172s
user	0m23.444s
sys	0m5.884s
10000+0 records in
10000+0 records out
a02bf4596da9a0c3d2b10ac745b55ccf  -
10485760000 bytes (10 GB) copied, 25.1956 s, 416 MB/s

real	0m25.223s
user	0m23.372s
sys	0m5.729s
