10000+0 records in
10000+0 records out
10485760000 bytes (10 GB) copieda02bf4596da9a0c3d2b10ac745b55ccf  -
, 19.9316 s, 526 MB/s

real	0m19.934s
user	0m18.209s
sys	0m5.281s
10000+0 records in
10000+0 records out
10485760000 bytes (10 GB) copied, 19.2482 s, 545 MB/s
a02bf4596da9a0c3d2b10ac745b55ccf  -

real	0m19.251s
user	0m17.620s
sys	0m5.013s
10000+0 records in
10000+0 records out
a02bf4596da9a0c3d2b10ac745b55ccf  -
10485760000 bytes (10 GB) copied, 19.514 s, 537 MB/s

real	0m19.517s
user	0m17.851s
sys	0m5.147s
10000+0 records in
10000+0 records out
10485760000 bytes (10 GB) copied, 20.5612 s, 510 MB/s
a02bf4596da9a0c3d2b10ac745b55ccf  -

real	0m20.564s
user	0m18.737s
sys	0m5.472s
10000+0 records in
10000+0 records out
10485760000 bytes (10 GB) copied, 20.3022 s, 516 MB/s
a02bf4596da9a0c3d2b10ac745b55ccf  -

real	0m20.305s
user	0m18.662s
sys	0m5.178s
10000+0 records in
10000+0 records out
10485760000 bytes (10 GB) copied, 20.2293 s, 518 MB/s
a02bf4596da9a0c3d2b10ac745b55ccf  -

real	0m20.232s
user	0m18.675s
sys	0m5.156s
10000+0 records in
10000+0 records out
10485760000 bytes (10 GB) copied, 19.4482 s, 539 MB/s
a02bf4596da9a0c3d2b10ac745b55ccf  -

real	0m19.451s
user	0m17.814s
sys	0m5.137s
10000+0 records in
10000+0 records out
10485760000 bytes (10 GB) copied, 19.4319 s, 540 MB/s
a02bf4596da9a0c3d2b10ac745b55ccf  -

real	0m19.435s
user	0m17.779s
sys	0m5.115s
10000+0 records in
10000+0 records out
10485760000 bytes (10 GB) copied, 20.3603 s, 515 MB/s
a02bf4596da9a0c3d2b10ac745b55ccf  -

real	0m20.363s
user	0m18.552s
sys	0m5.527s
10000+0 records in
10000+0 records out
10485760000 bytes (10 GB) copied, 19.6558 s, 533 MB/s
a02bf4596da9a0c3d2b10ac745b55ccf  -

real	0m19.658s
user	0m17.886s
sys	0m5.265s
10000+0 records in
10000+0 records out
10485760000 bytes (10 GB) copied, 20.4783 s, 512 MB/s
a02bf4596da9a0c3d2b10ac745b55ccf  -

real	0m20.481s
user	0m18.524s
sys	0m5.536s
10000+0 records in
10000+0 records out
10485760000 bytes (10 GB) copied, 19.8652 s, 528 MB/s
a02bf4596da9a0c3d2b10ac745b55ccf  -

real	0m19.868s
user	0m18.293s
sys	0m5.116s
10000+0 records in
10000+0 records out
10485760000 bytes (10 GB) copied, 19.9058 s, 527 MB/s
a02bf4596da9a0c3d2b10ac745b55ccf  -

real	0m19.909s
user	0m18.256s
sys	0m5.232s
10000+0 records in
10000+0 records out
a02bf4596da9a0c3d2b10ac745b55ccf  -
10485760000 bytes (10 GB) copied, 19.3213 s, 543 MB/s

real	0m19.324s
user	0m17.707s
sys	0m5.067s
10000+0 records in
10000+0 records out
10485760000 bytes (10 GB) copied, 20.5455 s, 510 MB/s
a02bf4596da9a0c3d2b10ac745b55ccf  -

real	0m20.548s
user	0m18.819s
sys	0m5.458s
10000+0 records in
10000+0 records out
10485760000 bytes (10 GB) copied, 19.4046 s, 540 MB/s
a02bf4596da9a0c3d2b10ac745b55ccf  -

real	0m19.408s
user	0m17.732s
sys	0m5.130s
10000+0 records in
10000+0 records out
10485760000 bytes (10 GB) copied, 19.3288 s, 542 MB/s
a02bf4596da9a0c3d2b10ac745b55ccf  -

real	0m19.332s
user	0m17.735s
sys	0m5.056s
10000+0 records in
10000+0 records out
10485760000 bytes (10 GB) copied, 19.3463 s, 542 MB/s
a02bf4596da9a0c3d2b10ac745b55ccf  -

real	0m19.349s
user	0m17.638s
sys	0m5.152s
10000+0 records in
10000+0 records out
10485760000 bytes (10 GB) copied, 19.5456 s, 536 MB/s
a02bf4596da9a0c3d2b10ac745b55ccf  -

real	0m19.549s
user	0m18.022s
sys	0m5.065s
10000+0 records in
10000+0 records out
10485760000 bytes (10 GB) copied, 19.5026 s, 538 MB/s
a02bf4596da9a0c3d2b10ac745b55ccf  -

real	0m19.506s
user	0m17.792s
sys	0m5.193s
10000+0 records in
10000+0 records out
10485760000 bytes (10 GB) copied, 19.3979 s, 541 MB/s
a02bf4596da9a0c3d2b10ac745b55ccf  -

real	0m19.401s
user	0m17.689s
sys	0m5.170s
10000+0 records in
10000+0 records out
10485760000 bytes (10 GB) copied, 19.3466 s, 542 MB/s
a02bf4596da9a0c3d2b10ac745b55ccf  -

real	0m19.357s
user	0m17.684s
sys	0m5.063s
10000+0 records in
10000+0 records out
10485760000 bytes (10 GB) copied, 19.4548 s, 539 MB/s
a02bf4596da9a0c3d2b10ac745b55ccf  -

real	0m19.458s
user	0m17.809s
sys	0m5.138s
10000+0 records in
10000+0 records out
10485760000 bytes (10 GB) copied, 19.5137 s, 537 MB/s
a02bf4596da9a0c3d2b10ac745b55ccf  -

real	0m19.517s
user	0m17.741s
sys	0m5.255s
10000+0 records in
10000+0 records out
10485760000 bytes (10 GB) copied, 19.4631 s, 539 MB/s
a02bf4596da9a0c3d2b10ac745b55ccf  -

real	0m19.466s
user	0m17.747s
sys	0m5.190s
10000+0 records in
10000+0 records out
10485760000 bytes (10 GB) copied, 19.3302 s, 542 MB/s
a02bf4596da9a0c3d2b10ac745b55ccf  -

real	0m19.333s
user	0m17.734s
sys	0m5.065s
10000+0 records in
10000+0 records out
10485760000 bytes (10 GB) copied, 19.8225 s, 529 MB/s
a02bf4596da9a0c3d2b10ac745b55ccf  -

real	0m19.826s
user	0m18.313s
sys	0m5.018s
10000+0 records in
10000+0 records out
10485760000 bytes (10 GB) copied, 19.3013 s, 543 MB/s
a02bf4596da9a0c3d2b10ac745b55ccf  -

real	0m19.304s
user	0m17.644s
sys	0m5.143s
10000+0 records in
10000+0 records out
10485760000 bytes (10 GB) copied, 19.6788 s, 533 MB/s
a02bf4596da9a0c3d2b10ac745b55ccf  -

real	0m19.682s
user	0m18.013s
sys	0m5.163s
10000+0 records in
10000+0 records out
10485760000 bytes (10 GB) copied, 19.2712 s, 544 MB/s
a02bf4596da9a0c3d2b10ac745b55ccf  -

real	0m19.274s
user	0m17.689s
sys	0m5.033s
10000+0 records in
10000+0 records out
10485760000 bytes (10 GB) copied, 19.348 s, 542 MB/s
a02bf4596da9a0c3d2b10ac745b55ccf  -

real	0m19.351s
user	0m17.786s
sys	0m5.010s
10000+0 records in
10000+0 records out
10485760000 bytes (10 GB) copied, 19.4402 s, 539 MB/s
a02bf4596da9a0c3d2b10ac745b55ccf  -

real	0m19.443s
user	0m17.908s
sys	0m5.007s
10000+0 records in
10000+0 records out
10485760000 bytes (10 GB) copied, 20.2291 s, 518 MB/s
a02bf4596da9a0c3d2b10ac745b55ccf  -

real	0m20.232s
user	0m18.534s
sys	0m5.276s
10000+0 records in
10000+0 records out
10485760000 bytes (10 GB) copied, 19.2623 s, 544 MB/s
a02bf4596da9a0c3d2b10ac745b55ccf  -

real	0m19.265s
user	0m17.734s
sys	0m4.978s
10000+0 records in
10000+0 records out
10485760000 bytes (10 GB) copied, 19.3026 s, 543 MB/s
a02bf4596da9a0c3d2b10ac745b55ccf  -

real	0m19.306s
user	0m17.703s
sys	0m5.043s
10000+0 records in
10000+0 records out
10485760000 bytes (10 GB) copied, 19.3628 s, 542 MB/s
a02bf4596da9a0c3d2b10ac745b55ccf  -

real	0m19.366s
user	0m17.813s
sys	0m4.999s
10000+0 records in
10000+0 records out
10485760000 bytes (10 GB) copied, 19.7339 s, 531 MB/s
a02bf4596da9a0c3d2b10ac745b55ccf  -

real	0m19.737s
user	0m17.982s
sys	0m5.262s
10000+0 records in
10000+0 records out
10485760000 bytes (10 GB) copied, 19.3484 s, 542 MB/s
a02bf4596da9a0c3d2b10ac745b55ccf  -

real	0m19.351s
user	0m17.724s
sys	0m5.097s
10000+0 records in
10000+0 records out
10485760000 bytes (10 GB) copied, 19.704 s, 532 MB/s
a02bf4596da9a0c3d2b10ac745b55ccf  -

real	0m19.707s
user	0m18.130s
sys	0m5.126s
10000+0 records in
10000+0 records out
10485760000 bytes (10 GB) copied, 19.4269 s, 540 MB/s
a02bf4596da9a0c3d2b10ac745b55ccf  -

real	0m19.430s
user	0m17.678s
sys	0m5.290s
