2000+0 records in
2000+0 records out
2097152000 bytes (2.1 GB) copied0dd74775419ada42017a0fdf21eccf94  -
, 4.11563 s, 510 MB/s

real	0m4.118s
user	0m3.726s
sys	0m1.139s
2000+0 records in
2000+0 records out
2097152000 bytes (2.1 GB) copied, 3.95035 s, 531 MB/s
0dd74775419ada42017a0fdf21eccf94  -

real	0m3.953s
user	0m3.562s
sys	0m1.089s
2000+0 records in
2000+0 records out
2097152000 bytes (2.1 GB) copied0dd74775419ada42017a0fdf21eccf94  -
, 3.94595 s, 531 MB/s

real	0m3.949s
user	0m3.599s
sys	0m1.064s
2000+0 records in
2000+0 records out
2097152000 bytes (2.1 GB) copied, 3.99068 s, 526 MB/s
0dd74775419ada42017a0fdf21eccf94  -

real	0m3.993s
user	0m3.660s
sys	0m1.044s
2000+0 records in
2000+0 records out
2097152000 bytes (2.1 GB) copied, 3.90139 s, 538 MB/s
0dd74775419ada42017a0fdf21eccf94  -

real	0m3.904s
user	0m3.574s
sys	0m1.025s
2000+0 records in
2000+0 records out
2097152000 bytes (2.1 GB) copied, 4.11071 s, 510 MB/s
0dd74775419ada42017a0fdf21eccf94  -

real	0m4.113s
user	0m3.739s
sys	0m1.122s
2000+0 records in
2000+0 records out
2097152000 bytes (2.1 GB) copied, 4.00936 s, 523 MB/s
0dd74775419ada42017a0fdf21eccf94  -

real	0m4.012s
user	0m3.678s
sys	0m1.060s
2000+0 records in
2000+0 records out
2097152000 bytes (2.1 GB) copied, 3.93513 s, 533 MB/s
0dd74775419ada42017a0fdf21eccf94  -

real	0m3.938s
user	0m3.620s
sys	0m1.029s
2000+0 records in
2000+0 records out
2097152000 bytes (2.1 GB) copied, 3.88487 s, 540 MB/s
0dd74775419ada42017a0fdf21eccf94  -

real	0m3.888s
user	0m3.592s
sys	0m0.991s
2000+0 records in
2000+0 records out
2097152000 bytes (2.1 GB) copied, 3.96533 s, 529 MB/s
0dd74775419ada42017a0fdf21eccf94  -

real	0m3.968s
user	0m3.591s
sys	0m1.085s
2000+0 records in
2000+0 records out
2097152000 bytes (2.1 GB) copied, 3.90905 s, 536 MB/s
0dd74775419ada42017a0fdf21eccf94  -

real	0m3.912s
user	0m3.583s
sys	0m1.038s
2000+0 records in
2000+0 records out
2097152000 bytes (2.1 GB) copied, 4.30747 s, 487 MB/s
0dd74775419ada42017a0fdf21eccf94  -

real	0m4.310s
user	0m3.759s
sys	0m1.270s
2000+0 records in
2000+0 records out
2097152000 bytes (2.1 GB) copied, 3.92176 s, 535 MB/s
0dd74775419ada42017a0fdf21eccf94  -

real	0m3.924s
user	0m3.575s
sys	0m1.048s
2000+0 records in
2000+0 records out
2097152000 bytes (2.1 GB) copied, 3.91884 s, 535 MB/s
0dd74775419ada42017a0fdf21eccf94  -

real	0m3.922s
user	0m3.594s
sys	0m1.029s
2000+0 records in
2000+0 records out
2097152000 bytes (2.1 GB) copied, 4.07125 s, 515 MB/s
0dd74775419ada42017a0fdf21eccf94  -

real	0m4.074s
user	0m3.746s
sys	0m1.106s
2000+0 records in
2000+0 records out
2097152000 bytes (2.1 GB) copied, 4.10328 s, 511 MB/s
0dd74775419ada42017a0fdf21eccf94  -

real	0m4.106s
user	0m3.699s
sys	0m1.155s
2000+0 records in
2000+0 records out
2097152000 bytes (2.1 GB) copied, 3.90034 s, 538 MB/s
0dd74775419ada42017a0fdf21eccf94  -

real	0m3.903s
user	0m3.538s
sys	0m1.057s
2000+0 records in
2000+0 records out
2097152000 bytes (2.1 GB) copied, 3.93783 s, 533 MB/s
0dd74775419ada42017a0fdf21eccf94  -

real	0m3.941s
user	0m3.583s
sys	0m1.064s
2000+0 records in
2000+0 records out
2097152000 bytes (2.1 GB) copied, 3.90758 s, 537 MB/s
0dd74775419ada42017a0fdf21eccf94  -

real	0m3.910s
user	0m3.573s
sys	0m1.035s
2000+0 records in
2000+0 records out
2097152000 bytes (2.1 GB) copied, 4.06498 s, 516 MB/s
0dd74775419ada42017a0fdf21eccf94  -

real	0m4.068s
user	0m3.609s
sys	0m1.176s
2000+0 records in
2000+0 records out
2097152000 bytes (2.1 GB) copied, 4.06089 s, 516 MB/s
0dd74775419ada42017a0fdf21eccf94  -

real	0m4.063s
user	0m3.746s
sys	0m1.039s
2000+0 records in
2000+0 records out
2097152000 bytes (2.1 GB) copied, 3.96692 s, 529 MB/s
0dd74775419ada42017a0fdf21eccf94  -

real	0m3.970s
user	0m3.647s
sys	0m1.034s
2000+0 records in
2000+0 records out
2097152000 bytes (2.1 GB) copied, 3.90079 s, 538 MB/s
0dd74775419ada42017a0fdf21eccf94  -

real	0m3.904s
user	0m3.584s
sys	0m1.018s
2000+0 records in
2000+0 records out
2097152000 bytes (2.1 GB) copied, 3.95092 s, 531 MB/s
0dd74775419ada42017a0fdf21eccf94  -

real	0m3.954s
user	0m3.636s
sys	0m1.024s
2000+0 records in
2000+0 records out
2097152000 bytes (2.1 GB) copied, 3.90125 s, 538 MB/s
0dd74775419ada42017a0fdf21eccf94  -

real	0m3.904s
user	0m3.542s
sys	0m1.051s
2000+0 records in
2000+0 records out
2097152000 bytes (2.1 GB) copied, 3.91298 s, 536 MB/s
0dd74775419ada42017a0fdf21eccf94  -

real	0m3.915s
user	0m3.571s
sys	0m1.039s
2000+0 records in
2000+0 records out
2097152000 bytes (2.1 GB) copied, 4.16928 s, 503 MB/s
0dd74775419ada42017a0fdf21eccf94  -

real	0m4.172s
user	0m3.807s
sys	0m1.129s
2000+0 records in
2000+0 records out
2097152000 bytes (2.1 GB) copied, 4.05232 s, 518 MB/s
0dd74775419ada42017a0fdf21eccf94  -

real	0m4.055s
user	0m3.683s
sys	0m1.105s
2000+0 records in
2000+0 records out
2097152000 bytes (2.1 GB) copied, 4.08557 s, 513 MB/s
0dd74775419ada42017a0fdf21eccf94  -

real	0m4.088s
user	0m3.587s
sys	0m1.214s
2000+0 records in
2000+0 records out
2097152000 bytes (2.1 GB) copied, 3.94494 s, 532 MB/s
0dd74775419ada42017a0fdf21eccf94  -

real	0m3.948s
user	0m3.634s
sys	0m1.020s
2000+0 records in
2000+0 records out
2097152000 bytes (2.1 GB) copied, 4.10677 s, 511 MB/s
0dd74775419ada42017a0fdf21eccf94  -

real	0m4.110s
user	0m3.726s
sys	0m1.132s
2000+0 records in
2000+0 records out
2097152000 bytes (2.1 GB) copied, 4.14778 s, 506 MB/s
0dd74775419ada42017a0fdf21eccf94  -

real	0m4.150s
user	0m3.775s
sys	0m1.129s
2000+0 records in
2000+0 records out
2097152000 bytes (2.1 GB) copied, 3.95447 s, 530 MB/s
0dd74775419ada42017a0fdf21eccf94  -

real	0m3.957s
user	0m3.622s
sys	0m1.049s
2000+0 records in
2000+0 records out
2097152000 bytes (2.1 GB) copied, 3.88814 s, 539 MB/s
0dd74775419ada42017a0fdf21eccf94  -

real	0m3.891s
user	0m3.557s
sys	0m1.025s
2000+0 records in
2000+0 records out
2097152000 bytes (2.1 GB) copied, 3.91464 s, 536 MB/s
0dd74775419ada42017a0fdf21eccf94  -

real	0m3.917s
user	0m3.555s
sys	0m1.054s
2000+0 records in
2000+0 records out
2097152000 bytes (2.1 GB) copied, 3.96304 s, 529 MB/s
0dd74775419ada42017a0fdf21eccf94  -

real	0m3.965s
user	0m3.648s
sys	0m1.046s
2000+0 records in
2000+0 records out
2097152000 bytes (2.1 GB) copied, 4.11298 s, 510 MB/s
0dd74775419ada42017a0fdf21eccf94  -

real	0m4.116s
user	0m3.728s
sys	0m1.142s
2000+0 records in
2000+0 records out
2097152000 bytes (2.1 GB) copied, 4.08154 s, 514 MB/s
0dd74775419ada42017a0fdf21eccf94  -

real	0m4.084s
user	0m3.717s
sys	0m1.093s
2000+0 records in
2000+0 records out
2097152000 bytes (2.1 GB) copied, 3.94252 s, 532 MB/s
0dd74775419ada42017a0fdf21eccf94  -

real	0m3.945s
user	0m3.605s
sys	0m1.041s
2000+0 records in
2000+0 records out
2097152000 bytes (2.1 GB) copied, 3.90583 s, 537 MB/s
0dd74775419ada42017a0fdf21eccf94  -

real	0m3.909s
user	0m3.574s
sys	0m1.032s
2000+0 records in
2000+0 records out
2097152000 bytes (2.1 GB) copied, 3.90622 s, 537 MB/s
0dd74775419ada42017a0fdf21eccf94  -

real	0m3.909s
user	0m3.605s
sys	0m0.998s
2000+0 records in
2000+0 records out
2097152000 bytes (2.1 GB) copied, 3.85526 s, 544 MB/s
0dd74775419ada42017a0fdf21eccf94  -

real	0m3.858s
user	0m3.574s
sys	0m0.986s
2000+0 records in
2000+0 records out
2097152000 bytes (2.1 GB) copied, 3.93699 s, 533 MB/s
0dd74775419ada42017a0fdf21eccf94  -

real	0m3.940s
user	0m3.611s
sys	0m1.037s
2000+0 records in
2000+0 records out
2097152000 bytes (2.1 GB) copied, 4.10659 s, 511 MB/s
0dd74775419ada42017a0fdf21eccf94  -

real	0m4.110s
user	0m3.763s
sys	0m1.087s
2000+0 records in
2000+0 records out
2097152000 bytes (2.1 GB) copied, 4.10235 s, 511 MB/s
0dd74775419ada42017a0fdf21eccf94  -

real	0m4.105s
user	0m3.745s
sys	0m1.086s
2000+0 records in
2000+0 records out
2097152000 bytes (2.1 GB) copied, 3.88537 s, 540 MB/s
0dd74775419ada42017a0fdf21eccf94  -

real	0m3.888s
user	0m3.534s
sys	0m1.055s
2000+0 records in
2000+0 records out
2097152000 bytes (2.1 GB) copied, 3.91238 s, 536 MB/s
0dd74775419ada42017a0fdf21eccf94  -

real	0m3.915s
user	0m3.593s
sys	0m1.018s
2000+0 records in
2000+0 records out
2097152000 bytes (2.1 GB) copied, 4.03318 s, 520 MB/s
0dd74775419ada42017a0fdf21eccf94  -

real	0m4.036s
user	0m3.674s
sys	0m1.084s
2000+0 records in
2000+0 records out
2097152000 bytes (2.1 GB) copied, 3.9259 s, 534 MB/s
0dd74775419ada42017a0fdf21eccf94  -

real	0m3.931s
user	0m3.554s
sys	0m1.084s
2000+0 records in
2000+0 records out
2097152000 bytes (2.1 GB) copied, 4.12489 s, 508 MB/s
0dd74775419ada42017a0fdf21eccf94  -

real	0m4.128s
user	0m3.741s
sys	0m1.105s
2000+0 records in
2000+0 records out
2097152000 bytes (2.1 GB) copied, 4.03285 s, 520 MB/s
0dd74775419ada42017a0fdf21eccf94  -

real	0m4.035s
user	0m3.728s
sys	0m1.040s
2000+0 records in
2000+0 records out
2097152000 bytes (2.1 GB) copied, 4.06274 s, 516 MB/s
0dd74775419ada42017a0fdf21eccf94  -

real	0m4.066s
user	0m3.756s
sys	0m1.041s
2000+0 records in
2000+0 records out
2097152000 bytes (2.1 GB) copied, 4.0546 s, 517 MB/s
0dd74775419ada42017a0fdf21eccf94  -

real	0m4.058s
user	0m3.724s
sys	0m1.061s
2000+0 records in
2000+0 records out
2097152000 bytes (2.1 GB) copied, 3.91977 s, 535 MB/s
0dd74775419ada42017a0fdf21eccf94  -

real	0m3.923s
user	0m3.602s
sys	0m1.029s
2000+0 records in
2000+0 records out
2097152000 bytes (2.1 GB) copied, 4.04005 s, 519 MB/s
0dd74775419ada42017a0fdf21eccf94  -

real	0m4.043s
user	0m3.699s
sys	0m1.061s
2000+0 records in
2000+0 records out
2097152000 bytes (2.1 GB) copied, 4.07359 s, 515 MB/s
0dd74775419ada42017a0fdf21eccf94  -

real	0m4.076s
user	0m3.749s
sys	0m1.061s
2000+0 records in
2000+0 records out
2097152000 bytes (2.1 GB) copied, 3.98294 s, 527 MB/s
0dd74775419ada42017a0fdf21eccf94  -

real	0m3.986s
user	0m3.620s
sys	0m1.076s
2000+0 records in
2000+0 records out
2097152000 bytes (2.1 GB) copied, 4.03747 s, 519 MB/s
0dd74775419ada42017a0fdf21eccf94  -

real	0m4.040s
user	0m3.642s
sys	0m1.131s
2000+0 records in
2000+0 records out
2097152000 bytes (2.1 GB) copied, 3.83245 s, 547 MB/s
0dd74775419ada42017a0fdf21eccf94  -

real	0m3.835s
user	0m3.536s
sys	0m0.991s
2000+0 records in
2000+0 records out
2097152000 bytes (2.1 GB) copied, 3.89106 s, 539 MB/s
0dd74775419ada42017a0fdf21eccf94  -

real	0m3.894s
user	0m3.518s
sys	0m1.070s
2000+0 records in
2000+0 records out
2097152000 bytes (2.1 GB) copied, 4.03667 s, 520 MB/s
0dd74775419ada42017a0fdf21eccf94  -

real	0m4.039s
user	0m3.693s
sys	0m1.072s
2000+0 records in
2000+0 records out
2097152000 bytes (2.1 GB) copied, 3.87959 s, 541 MB/s
0dd74775419ada42017a0fdf21eccf94  -

real	0m3.883s
user	0m3.541s
sys	0m1.035s
2000+0 records in
2000+0 records out
2097152000 bytes (2.1 GB) copied, 3.84223 s, 546 MB/s
0dd74775419ada42017a0fdf21eccf94  -

real	0m3.845s
user	0m3.533s
sys	0m1.003s
2000+0 records in
2000+0 records out
2097152000 bytes (2.1 GB) copied, 4.01198 s, 523 MB/s
0dd74775419ada42017a0fdf21eccf94  -

real	0m4.015s
user	0m3.683s
sys	0m1.072s
2000+0 records in
2000+0 records out
2097152000 bytes (2.1 GB) copied, 4.04684 s, 518 MB/s
0dd74775419ada42017a0fdf21eccf94  -

real	0m4.050s
user	0m3.704s
sys	0m1.060s
2000+0 records in
2000+0 records out
2097152000 bytes (2.1 GB) copied, 4.04802 s, 518 MB/s
0dd74775419ada42017a0fdf21eccf94  -

real	0m4.051s
user	0m3.721s
sys	0m1.054s
2000+0 records in
2000+0 records out
2097152000 bytes (2.1 GB) copied, 3.89689 s, 538 MB/s
0dd74775419ada42017a0fdf21eccf94  -

real	0m3.900s
user	0m3.569s
sys	0m1.019s
2000+0 records in
2000+0 records out
2097152000 bytes (2.1 GB) copied, 3.89162 s, 539 MB/s
0dd74775419ada42017a0fdf21eccf94  -

real	0m3.895s
user	0m3.557s
sys	0m1.028s
2000+0 records in
2000+0 records out
2097152000 bytes (2.1 GB) copied, 3.96186 s, 529 MB/s
0dd74775419ada42017a0fdf21eccf94  -

real	0m3.965s
user	0m3.585s
sys	0m1.077s
2000+0 records in
2000+0 records out
2097152000 bytes (2.1 GB) copied, 4.08242 s, 514 MB/s
0dd74775419ada42017a0fdf21eccf94  -

real	0m4.085s
user	0m3.685s
sys	0m1.109s
2000+0 records in
2000+0 records out
2097152000 bytes (2.1 GB) copied, 3.87904 s, 541 MB/s
0dd74775419ada42017a0fdf21eccf94  -

real	0m3.882s
user	0m3.542s
sys	0m1.035s
2000+0 records in
2000+0 records out
2097152000 bytes (2.1 GB) copied, 3.85756 s, 544 MB/s
0dd74775419ada42017a0fdf21eccf94  -

real	0m3.860s
user	0m3.579s
sys	0m0.987s
2000+0 records in
2000+0 records out
2097152000 bytes (2.1 GB) copied, 4.08933 s, 513 MB/s
0dd74775419ada42017a0fdf21eccf94  -

real	0m4.093s
user	0m3.719s
sys	0m1.097s
2000+0 records in
2000+0 records out
2097152000 bytes (2.1 GB) copied, 3.9606 s, 530 MB/s
0dd74775419ada42017a0fdf21eccf94  -

real	0m3.964s
user	0m3.680s
sys	0m1.004s
2000+0 records in
2000+0 records out
2097152000 bytes (2.1 GB) copied, 4.05758 s, 517 MB/s
0dd74775419ada42017a0fdf21eccf94  -

real	0m4.061s
user	0m3.741s
sys	0m1.042s
2000+0 records in
2000+0 records out
2097152000 bytes (2.1 GB) copied, 4.04204 s, 519 MB/s
0dd74775419ada42017a0fdf21eccf94  -

real	0m4.045s
user	0m3.740s
sys	0m1.032s
2000+0 records in
2000+0 records out
2097152000 bytes (2.1 GB) copied, 3.87363 s, 541 MB/s
0dd74775419ada42017a0fdf21eccf94  -

real	0m3.877s
user	0m3.564s
sys	0m1.009s
2000+0 records in
2000+0 records out
2097152000 bytes (2.1 GB) copied, 4.17745 s, 502 MB/s
0dd74775419ada42017a0fdf21eccf94  -

real	0m4.180s
user	0m3.793s
sys	0m1.115s
2000+0 records in
2000+0 records out
2097152000 bytes (2.1 GB) copied, 4.02184 s, 521 MB/s
0dd74775419ada42017a0fdf21eccf94  -

real	0m4.025s
user	0m3.724s
sys	0m1.024s
2000+0 records in
2000+0 records out
2097152000 bytes (2.1 GB) copied, 3.89375 s, 539 MB/s
0dd74775419ada42017a0fdf21eccf94  -

real	0m3.897s
user	0m3.570s
sys	0m1.017s
2000+0 records in
2000+0 records out
2097152000 bytes (2.1 GB) copied, 3.83489 s, 547 MB/s
0dd74775419ada42017a0fdf21eccf94  -

real	0m3.838s
user	0m3.565s
sys	0m0.962s
2000+0 records in
2000+0 records out
2097152000 bytes (2.1 GB) copied, 4.04307 s, 519 MB/s
0dd74775419ada42017a0fdf21eccf94  -

real	0m4.046s
user	0m3.706s
sys	0m1.061s
2000+0 records in
2000+0 records out
2097152000 bytes (2.1 GB) copied, 3.98513 s, 526 MB/s
0dd74775419ada42017a0fdf21eccf94  -

real	0m3.988s
user	0m3.625s
sys	0m1.078s
2000+0 records in
2000+0 records out
2097152000 bytes (2.1 GB) copied, 4.02882 s, 521 MB/s
0dd74775419ada42017a0fdf21eccf94  -

real	0m4.032s
user	0m3.673s
sys	0m1.077s
2000+0 records in
2000+0 records out
2097152000 bytes (2.1 GB) copied, 4.00305 s, 524 MB/s
0dd74775419ada42017a0fdf21eccf94  -

real	0m4.006s
user	0m3.693s
sys	0m1.029s
2000+0 records in
2000+0 records out
2097152000 bytes (2.1 GB) copied, 4.09692 s, 512 MB/s
0dd74775419ada42017a0fdf21eccf94  -

real	0m4.100s
user	0m3.703s
sys	0m1.127s
2000+0 records in
2000+0 records out
2097152000 bytes (2.1 GB) copied, 3.93303 s, 533 MB/s
0dd74775419ada42017a0fdf21eccf94  -

real	0m3.936s
user	0m3.557s
sys	0m1.070s
2000+0 records in
2000+0 records out
2097152000 bytes (2.1 GB) copied, 3.99918 s, 524 MB/s
0dd74775419ada42017a0fdf21eccf94  -

real	0m4.002s
user	0m3.669s
sys	0m1.047s
2000+0 records in
2000+0 records out
2097152000 bytes (2.1 GB) copied, 4.00355 s, 524 MB/s
0dd74775419ada42017a0fdf21eccf94  -

real	0m4.007s
user	0m3.630s
sys	0m1.090s
2000+0 records in
2000+0 records out
2097152000 bytes (2.1 GB) copied, 3.90307 s, 537 MB/s
0dd74775419ada42017a0fdf21eccf94  -

real	0m3.906s
user	0m3.590s
sys	0m1.017s
2000+0 records in
2000+0 records out
2097152000 bytes (2.1 GB) copied, 3.91834 s, 535 MB/s
0dd74775419ada42017a0fdf21eccf94  -

real	0m3.921s
user	0m3.519s
sys	0m1.143s
2000+0 records in
2000+0 records out
2097152000 bytes (2.1 GB) copied, 3.96345 s, 529 MB/s
0dd74775419ada42017a0fdf21eccf94  -

real	0m3.967s
user	0m3.647s
sys	0m1.018s
2000+0 records in
2000+0 records out
2097152000 bytes (2.1 GB) copied, 4.05419 s, 517 MB/s
0dd74775419ada42017a0fdf21eccf94  -

real	0m4.057s
user	0m3.713s
sys	0m1.082s
2000+0 records in
2000+0 records out
2097152000 bytes (2.1 GB) copied, 4.00328 s, 524 MB/s
0dd74775419ada42017a0fdf21eccf94  -

real	0m4.006s
user	0m3.680s
sys	0m1.049s
2000+0 records in
2000+0 records out
2097152000 bytes (2.1 GB) copied, 3.96002 s, 530 MB/s
0dd74775419ada42017a0fdf21eccf94  -

real	0m3.963s
user	0m3.664s
sys	0m1.016s
2000+0 records in
2000+0 records out
2097152000 bytes (2.1 GB) copied, 4.00145 s, 524 MB/s
0dd74775419ada42017a0fdf21eccf94  -

real	0m4.004s
user	0m3.702s
sys	0m1.027s
2000+0 records in
2000+0 records out
2097152000 bytes (2.1 GB) copied, 3.88494 s, 540 MB/s
0dd74775419ada42017a0fdf21eccf94  -

real	0m3.888s
user	0m3.568s
sys	0m1.019s
2000+0 records in
2000+0 records out
2097152000 bytes (2.1 GB) copied, 4.11362 s, 510 MB/s
0dd74775419ada42017a0fdf21eccf94  -

real	0m4.117s
user	0m3.722s
sys	0m1.148s
2000+0 records in
2000+0 records out
2097152000 bytes (2.1 GB) copied, 4.13692 s, 507 MB/s
0dd74775419ada42017a0fdf21eccf94  -

real	0m4.140s
user	0m3.775s
sys	0m1.113s
2000+0 records in
2000+0 records out
2097152000 bytes (2.1 GB) copied, 3.93883 s, 532 MB/s
0dd74775419ada42017a0fdf21eccf94  -

real	0m3.942s
user	0m3.584s
sys	0m1.059s
2000+0 records in
2000+0 records out
0dd74775419ada42017a0fdf21eccf94  -
2097152000 bytes (2.1 GB) copied, 3.97 s, 528 MB/s

real	0m3.972s
user	0m3.669s
sys	0m1.014s
2000+0 records in
2000+0 records out
2097152000 bytes (2.1 GB) copied, 3.90038 s, 538 MB/s
0dd74775419ada42017a0fdf21eccf94  -

real	0m3.903s
user	0m3.561s
sys	0m1.036s
2000+0 records in
2000+0 records out
2097152000 bytes (2.1 GB) copied, 3.86879 s, 542 MB/s
0dd74775419ada42017a0fdf21eccf94  -

real	0m3.871s
user	0m3.539s
sys	0m1.019s
2000+0 records in
2000+0 records out
2097152000 bytes (2.1 GB) copied, 3.9108 s, 536 MB/s
0dd74775419ada42017a0fdf21eccf94  -

real	0m3.914s
user	0m3.562s
sys	0m1.043s
2000+0 records in
2000+0 records out
2097152000 bytes (2.1 GB) copied, 4.06256 s, 516 MB/s
0dd74775419ada42017a0fdf21eccf94  -

real	0m4.065s
user	0m3.789s
sys	0m0.992s
2000+0 records in
2000+0 records out
2097152000 bytes (2.1 GB) copied, 3.81793 s, 549 MB/s
0dd74775419ada42017a0fdf21eccf94  -

real	0m3.821s
user	0m3.520s
sys	0m0.987s
2000+0 records in
2000+0 records out
2097152000 bytes (2.1 GB) copied, 4.0172 s, 522 MB/s
0dd74775419ada42017a0fdf21eccf94  -

real	0m4.020s
user	0m3.699s
sys	0m1.057s
2000+0 records in
2000+0 records out
2097152000 bytes (2.1 GB) copied, 4.12381 s, 509 MB/s
0dd74775419ada42017a0fdf21eccf94  -

real	0m4.126s
user	0m3.812s
sys	0m1.060s
2000+0 records in
2000+0 records out
2097152000 bytes (2.1 GB) copied, 3.81089 s, 550 MB/s
0dd74775419ada42017a0fdf21eccf94  -

real	0m3.814s
user	0m3.534s
sys	0m0.957s
2000+0 records in
2000+0 records out
2097152000 bytes (2.1 GB) copied, 4.2036 s, 499 MB/s
0dd74775419ada42017a0fdf21eccf94  -

real	0m4.206s
user	0m3.825s
sys	0m1.143s
2000+0 records in
2000+0 records out
2097152000 bytes (2.1 GB) copied, 3.88331 s, 540 MB/s
0dd74775419ada42017a0fdf21eccf94  -

real	0m3.886s
user	0m3.565s
sys	0m1.032s
2000+0 records in
2000+0 records out
2097152000 bytes (2.1 GB) copied, 4.05608 s, 517 MB/s
0dd74775419ada42017a0fdf21eccf94  -

real	0m4.059s
user	0m3.575s
sys	0m1.196s
2000+0 records in
2000+0 records out
2097152000 bytes (2.1 GB) copied, 3.95315 s, 531 MB/s
0dd74775419ada42017a0fdf21eccf94  -

real	0m3.956s
user	0m3.608s
sys	0m1.059s
2000+0 records in
2000+0 records out
2097152000 bytes (2.1 GB) copied, 4.11757 s, 509 MB/s
0dd74775419ada42017a0fdf21eccf94  -

real	0m4.120s
user	0m3.734s
sys	0m1.133s
2000+0 records in
2000+0 records out
2097152000 bytes (2.1 GB) copied, 3.88231 s, 540 MB/s
0dd74775419ada42017a0fdf21eccf94  -

real	0m3.885s
user	0m3.506s
sys	0m1.072s
2000+0 records in
2000+0 records out
2097152000 bytes (2.1 GB) copied, 4.09326 s, 512 MB/s
0dd74775419ada42017a0fdf21eccf94  -

real	0m4.096s
user	0m3.735s
sys	0m1.099s
2000+0 records in
2000+0 records out
2097152000 bytes (2.1 GB) copied, 3.93357 s, 533 MB/s
0dd74775419ada42017a0fdf21eccf94  -

real	0m3.936s
user	0m3.582s
sys	0m1.056s
2000+0 records in
2000+0 records out
2097152000 bytes (2.1 GB) copied, 3.94952 s, 531 MB/s
0dd74775419ada42017a0fdf21eccf94  -

real	0m3.952s
user	0m3.636s
sys	0m1.018s
2000+0 records in
2000+0 records out
2097152000 bytes (2.1 GB) copied, 3.90045 s, 538 MB/s
0dd74775419ada42017a0fdf21eccf94  -

real	0m3.903s
user	0m3.554s
sys	0m1.041s
2000+0 records in
2000+0 records out
2097152000 bytes (2.1 GB) copied, 4.31161 s, 486 MB/s
0dd74775419ada42017a0fdf21eccf94  -

real	0m4.314s
user	0m3.776s
sys	0m1.260s
2000+0 records in
2000+0 records out
2097152000 bytes (2.1 GB) copied, 3.97505 s, 528 MB/s
0dd74775419ada42017a0fdf21eccf94  -

real	0m3.978s
user	0m3.632s
sys	0m1.057s
2000+0 records in
2000+0 records out
2097152000 bytes (2.1 GB) copied, 4.05578 s, 517 MB/s
0dd74775419ada42017a0fdf21eccf94  -

real	0m4.059s
user	0m3.720s
sys	0m1.058s
2000+0 records in
2000+0 records out
2097152000 bytes (2.1 GB) copied, 3.97237 s, 528 MB/s
0dd74775419ada42017a0fdf21eccf94  -

real	0m3.975s
user	0m3.617s
sys	0m1.067s
2000+0 records in
2000+0 records out
2097152000 bytes (2.1 GB) copied, 3.94171 s, 532 MB/s
0dd74775419ada42017a0fdf21eccf94  -

real	0m3.944s
user	0m3.594s
sys	0m1.059s
2000+0 records in
2000+0 records out
2097152000 bytes (2.1 GB) copied, 3.96336 s, 529 MB/s
0dd74775419ada42017a0fdf21eccf94  -

real	0m3.966s
user	0m3.585s
sys	0m1.085s
2000+0 records in
2000+0 records out
2097152000 bytes (2.1 GB) copied, 4.00238 s, 524 MB/s
0dd74775419ada42017a0fdf21eccf94  -

real	0m4.005s
user	0m3.649s
sys	0m1.074s
2000+0 records in
2000+0 records out
2097152000 bytes (2.1 GB) copied, 3.88824 s, 539 MB/s
0dd74775419ada42017a0fdf21eccf94  -

real	0m3.891s
user	0m3.532s
sys	0m1.047s
2000+0 records in
2000+0 records out
2097152000 bytes (2.1 GB) copied, 4.05191 s, 518 MB/s
0dd74775419ada42017a0fdf21eccf94  -

real	0m4.055s
user	0m3.703s
sys	0m1.086s
2000+0 records in
2000+0 records out
2097152000 bytes (2.1 GB) copied, 4.15791 s, 504 MB/s
0dd74775419ada42017a0fdf21eccf94  -

real	0m4.161s
user	0m3.801s
sys	0m1.117s
2000+0 records in
2000+0 records out
2097152000 bytes (2.1 GB) copied, 3.86428 s, 543 MB/s
0dd74775419ada42017a0fdf21eccf94  -

real	0m3.867s
user	0m3.565s
sys	0m0.990s
2000+0 records in
2000+0 records out
2097152000 bytes (2.1 GB) copied, 4.11289 s, 510 MB/s
0dd74775419ada42017a0fdf21eccf94  -

real	0m4.115s
user	0m3.756s
sys	0m1.114s
2000+0 records in
2000+0 records out
2097152000 bytes (2.1 GB) copied, 3.91834 s, 535 MB/s
0dd74775419ada42017a0fdf21eccf94  -

real	0m3.921s
user	0m3.585s
sys	0m1.032s
2000+0 records in
2000+0 records out
2097152000 bytes (2.1 GB) copied, 3.9162 s, 536 MB/s
0dd74775419ada42017a0fdf21eccf94  -

real	0m3.919s
user	0m3.562s
sys	0m1.052s
2000+0 records in
2000+0 records out
2097152000 bytes (2.1 GB) copied, 3.90891 s, 537 MB/s
0dd74775419ada42017a0fdf21eccf94  -

real	0m3.912s
user	0m3.566s
sys	0m1.056s
2000+0 records in
2000+0 records out
2097152000 bytes (2.1 GB) copied, 4.05916 s, 517 MB/s
0dd74775419ada42017a0fdf21eccf94  -

real	0m4.062s
user	0m3.775s
sys	0m1.032s
2000+0 records in
2000+0 records out
2097152000 bytes (2.1 GB) copied, 3.96366 s, 529 MB/s
0dd74775419ada42017a0fdf21eccf94  -

real	0m3.966s
user	0m3.611s
sys	0m1.064s
2000+0 records in
2000+0 records out
2097152000 bytes (2.1 GB) copied, 4.07291 s, 515 MB/s
0dd74775419ada42017a0fdf21eccf94  -

real	0m4.076s
user	0m3.703s
sys	0m1.106s
2000+0 records in
2000+0 records out
2097152000 bytes (2.1 GB) copied, 3.96714 s, 529 MB/s
0dd74775419ada42017a0fdf21eccf94  -

real	0m3.970s
user	0m3.654s
sys	0m1.023s
2000+0 records in
2000+0 records out
2097152000 bytes (2.1 GB) copied, 3.92006 s, 535 MB/s
0dd74775419ada42017a0fdf21eccf94  -

real	0m3.923s
user	0m3.585s
sys	0m1.037s
2000+0 records in
2000+0 records out
2097152000 bytes (2.1 GB) copied, 4.01164 s, 523 MB/s
0dd74775419ada42017a0fdf21eccf94  -

real	0m4.015s
user	0m3.662s
sys	0m1.071s
2000+0 records in
2000+0 records out
2097152000 bytes (2.1 GB) copied, 3.96961 s, 528 MB/s
0dd74775419ada42017a0fdf21eccf94  -

real	0m3.973s
user	0m3.654s
sys	0m1.036s
2000+0 records in
2000+0 records out
2097152000 bytes (2.1 GB) copied, 3.8476 s, 545 MB/s
0dd74775419ada42017a0fdf21eccf94  -

real	0m3.851s
user	0m3.532s
sys	0m1.015s
2000+0 records in
2000+0 records out
2097152000 bytes (2.1 GB) copied, 4.02553 s, 521 MB/s
0dd74775419ada42017a0fdf21eccf94  -

real	0m4.029s
user	0m3.690s
sys	0m1.075s
2000+0 records in
2000+0 records out
2097152000 bytes (2.1 GB) copied, 3.99948 s, 524 MB/s
0dd74775419ada42017a0fdf21eccf94  -

real	0m4.003s
user	0m3.667s
sys	0m1.066s
2000+0 records in
2000+0 records out
2097152000 bytes (2.1 GB) copied, 4.06531 s, 516 MB/s
0dd74775419ada42017a0fdf21eccf94  -

real	0m4.068s
user	0m3.723s
sys	0m1.072s
2000+0 records in
2000+0 records out
2097152000 bytes (2.1 GB) copied, 4.00097 s, 524 MB/s
0dd74775419ada42017a0fdf21eccf94  -

real	0m4.005s
user	0m3.691s
sys	0m1.034s
2000+0 records in
2000+0 records out
2097152000 bytes (2.1 GB) copied, 3.99891 s, 524 MB/s
0dd74775419ada42017a0fdf21eccf94  -

real	0m4.002s
user	0m3.667s
sys	0m1.054s
2000+0 records in
2000+0 records out
2097152000 bytes (2.1 GB) copied, 4.13849 s, 507 MB/s
0dd74775419ada42017a0fdf21eccf94  -

real	0m4.142s
user	0m3.794s
sys	0m1.125s
2000+0 records in
2000+0 records out
2097152000 bytes (2.1 GB) copied, 3.94786 s, 531 MB/s
0dd74775419ada42017a0fdf21eccf94  -

real	0m3.951s
user	0m3.604s
sys	0m1.058s
2000+0 records in
2000+0 records out
2097152000 bytes (2.1 GB) copied, 4.03039 s, 520 MB/s
0dd74775419ada42017a0fdf21eccf94  -

real	0m4.033s
user	0m3.666s
sys	0m1.090s
2000+0 records in
2000+0 records out
2097152000 bytes (2.1 GB) copied, 4.11698 s, 509 MB/s
0dd74775419ada42017a0fdf21eccf94  -

real	0m4.120s
user	0m3.730s
sys	0m1.140s
2000+0 records in
2000+0 records out
2097152000 bytes (2.1 GB) copied, 3.81245 s, 550 MB/s
0dd74775419ada42017a0fdf21eccf94  -

real	0m3.815s
user	0m3.533s
sys	0m0.972s
2000+0 records in
2000+0 records out
2097152000 bytes (2.1 GB) copied, 4.03263 s, 520 MB/s
0dd74775419ada42017a0fdf21eccf94  -

real	0m4.036s
user	0m3.665s
sys	0m1.088s
2000+0 records in
2000+0 records out
2097152000 bytes (2.1 GB) copied, 3.87813 s, 541 MB/s
0dd74775419ada42017a0fdf21eccf94  -

real	0m3.882s
user	0m3.550s
sys	0m1.024s
2000+0 records in
2000+0 records out
2097152000 bytes (2.1 GB) copied, 3.85661 s, 544 MB/s
0dd74775419ada42017a0fdf21eccf94  -

real	0m3.860s
user	0m3.518s
sys	0m1.033s
2000+0 records in
2000+0 records out
2097152000 bytes (2.1 GB) copied, 4.0709 s, 515 MB/s
0dd74775419ada42017a0fdf21eccf94  -

real	0m4.074s
user	0m3.693s
sys	0m1.100s
2000+0 records in
2000+0 records out
2097152000 bytes (2.1 GB) copied, 4.07386 s, 515 MB/s
0dd74775419ada42017a0fdf21eccf94  -

real	0m4.077s
user	0m3.741s
sys	0m1.059s
2000+0 records in
2000+0 records out
2097152000 bytes (2.1 GB) copied, 4.07728 s, 514 MB/s
0dd74775419ada42017a0fdf21eccf94  -

real	0m4.080s
user	0m3.708s
sys	0m1.118s
2000+0 records in
2000+0 records out
2097152000 bytes (2.1 GB) copied, 4.09153 s, 513 MB/s
0dd74775419ada42017a0fdf21eccf94  -

real	0m4.095s
user	0m3.747s
sys	0m1.075s
2000+0 records in
2000+0 records out
2097152000 bytes (2.1 GB) copied, 3.93206 s, 533 MB/s
0dd74775419ada42017a0fdf21eccf94  -

real	0m3.935s
user	0m3.624s
sys	0m1.020s
2000+0 records in
2000+0 records out
2097152000 bytes (2.1 GB) copied, 4.01441 s, 522 MB/s
0dd74775419ada42017a0fdf21eccf94  -

real	0m4.017s
user	0m3.665s
sys	0m1.067s
2000+0 records in
2000+0 records out
2097152000 bytes (2.1 GB) copied, 4.03559 s, 520 MB/s
0dd74775419ada42017a0fdf21eccf94  -

real	0m4.038s
user	0m3.699s
sys	0m1.065s
2000+0 records in
2000+0 records out
2097152000 bytes (2.1 GB) copied, 3.84916 s, 545 MB/s
0dd74775419ada42017a0fdf21eccf94  -

real	0m3.852s
user	0m3.551s
sys	0m0.989s
2000+0 records in
2000+0 records out
2097152000 bytes (2.1 GB) copied, 4.04404 s, 519 MB/s
0dd74775419ada42017a0fdf21eccf94  -

real	0m4.047s
user	0m3.695s
sys	0m1.082s
2000+0 records in
2000+0 records out
2097152000 bytes (2.1 GB) copied, 3.87715 s, 541 MB/s
0dd74775419ada42017a0fdf21eccf94  -

real	0m3.880s
user	0m3.544s
sys	0m1.029s
2000+0 records in
2000+0 records out
2097152000 bytes (2.1 GB) copied, 3.86934 s, 542 MB/s
0dd74775419ada42017a0fdf21eccf94  -

real	0m3.872s
user	0m3.565s
sys	0m0.998s
2000+0 records in
2000+0 records out
2097152000 bytes (2.1 GB) copied, 3.88853 s, 539 MB/s
0dd74775419ada42017a0fdf21eccf94  -

real	0m3.891s
user	0m3.537s
sys	0m1.041s
2000+0 records in
2000+0 records out
2097152000 bytes (2.1 GB) copied, 3.92106 s, 535 MB/s
0dd74775419ada42017a0fdf21eccf94  -

real	0m3.924s
user	0m3.582s
sys	0m1.031s
2000+0 records in
2000+0 records out
2097152000 bytes (2.1 GB) copied, 3.95971 s, 530 MB/s
0dd74775419ada42017a0fdf21eccf94  -

real	0m3.963s
user	0m3.645s
sys	0m1.066s
2000+0 records in
2000+0 records out
2097152000 bytes (2.1 GB) copied, 3.94396 s, 532 MB/s
0dd74775419ada42017a0fdf21eccf94  -

real	0m3.947s
user	0m3.555s
sys	0m1.089s
2000+0 records in
2000+0 records out
2097152000 bytes (2.1 GB) copied, 4.00825 s, 523 MB/s
0dd74775419ada42017a0fdf21eccf94  -

real	0m4.011s
user	0m3.655s
sys	0m1.067s
2000+0 records in
2000+0 records out
2097152000 bytes (2.1 GB) copied, 3.82466 s, 548 MB/s
0dd74775419ada42017a0fdf21eccf94  -

real	0m3.828s
user	0m3.520s
sys	0m1.000s
2000+0 records in
2000+0 records out
2097152000 bytes (2.1 GB) copied, 4.09939 s, 512 MB/s
0dd74775419ada42017a0fdf21eccf94  -

real	0m4.102s
user	0m3.658s
sys	0m1.161s
2000+0 records in
2000+0 records out
2097152000 bytes (2.1 GB) copied, 3.91243 s, 536 MB/s
0dd74775419ada42017a0fdf21eccf94  -

real	0m3.916s
user	0m3.599s
sys	0m1.030s
2000+0 records in
2000+0 records out
2097152000 bytes (2.1 GB) copied, 4.05967 s, 517 MB/s
0dd74775419ada42017a0fdf21eccf94  -

real	0m4.062s
user	0m3.696s
sys	0m1.094s
2000+0 records in
2000+0 records out
2097152000 bytes (2.1 GB) copied, 4.0189 s, 522 MB/s
0dd74775419ada42017a0fdf21eccf94  -

real	0m4.022s
user	0m3.641s
sys	0m1.092s
2000+0 records in
2000+0 records out
2097152000 bytes (2.1 GB) copied, 3.87397 s, 541 MB/s
0dd74775419ada42017a0fdf21eccf94  -

real	0m3.877s
user	0m3.556s
sys	0m1.011s
2000+0 records in
2000+0 records out
2097152000 bytes (2.1 GB) copied, 3.99848 s, 524 MB/s
0dd74775419ada42017a0fdf21eccf94  -

real	0m4.002s
user	0m3.667s
sys	0m1.060s
2000+0 records in
2000+0 records out
2097152000 bytes (2.1 GB) copied, 4.06302 s, 516 MB/s
0dd74775419ada42017a0fdf21eccf94  -

real	0m4.066s
user	0m3.699s
sys	0m1.112s
2000+0 records in
2000+0 records out
2097152000 bytes (2.1 GB) copied, 3.95578 s, 530 MB/s
0dd74775419ada42017a0fdf21eccf94  -

real	0m3.959s
user	0m3.578s
sys	0m1.086s
2000+0 records in
2000+0 records out
2097152000 bytes (2.1 GB) copied, 4.02789 s, 521 MB/s
0dd74775419ada42017a0fdf21eccf94  -

real	0m4.031s
user	0m3.660s
sys	0m1.083s
2000+0 records in
2000+0 records out
2097152000 bytes (2.1 GB) copied, 4.03912 s, 519 MB/s
0dd74775419ada42017a0fdf21eccf94  -

real	0m4.042s
user	0m3.692s
sys	0m1.076s
2000+0 records in
2000+0 records out
2097152000 bytes (2.1 GB) copied, 4.03243 s, 520 MB/s
0dd74775419ada42017a0fdf21eccf94  -

real	0m4.035s
user	0m3.720s
sys	0m1.032s
2000+0 records in
2000+0 records out
2097152000 bytes (2.1 GB) copied, 3.98402 s, 526 MB/s
0dd74775419ada42017a0fdf21eccf94  -

real	0m3.987s
user	0m3.668s
sys	0m1.033s
2000+0 records in
2000+0 records out
2097152000 bytes (2.1 GB) copied, 3.89346 s, 539 MB/s
0dd74775419ada42017a0fdf21eccf94  -

real	0m3.896s
user	0m3.521s
sys	0m1.064s
2000+0 records in
2000+0 records out
2097152000 bytes (2.1 GB) copied, 4.09166 s, 513 MB/s
0dd74775419ada42017a0fdf21eccf94  -

real	0m4.094s
user	0m3.718s
sys	0m1.116s
2000+0 records in
2000+0 records out
2097152000 bytes (2.1 GB) copied, 3.99895 s, 524 MB/s
0dd74775419ada42017a0fdf21eccf94  -

real	0m4.002s
user	0m3.659s
sys	0m1.078s
2000+0 records in
2000+0 records out
2097152000 bytes (2.1 GB) copied, 3.95937 s, 530 MB/s
0dd74775419ada42017a0fdf21eccf94  -

real	0m3.962s
user	0m3.597s
sys	0m1.070s
2000+0 records in
2000+0 records out
2097152000 bytes (2.1 GB) copied, 4.09806 s, 512 MB/s
0dd74775419ada42017a0fdf21eccf94  -

real	0m4.101s
user	0m3.729s
sys	0m1.105s
2000+0 records in
2000+0 records out
2097152000 bytes (2.1 GB) copied, 3.96031 s, 530 MB/s
0dd74775419ada42017a0fdf21eccf94  -

real	0m3.963s
user	0m3.658s
sys	0m1.027s
2000+0 records in
2000+0 records out
2097152000 bytes (2.1 GB) copied, 3.92123 s, 535 MB/s
0dd74775419ada42017a0fdf21eccf94  -

real	0m3.924s
user	0m3.591s
sys	0m1.031s
2000+0 records in
2000+0 records out
2097152000 bytes (2.1 GB) copied, 4.03286 s, 520 MB/s
0dd74775419ada42017a0fdf21eccf94  -

real	0m4.036s
user	0m3.626s
sys	0m1.127s
2000+0 records in
2000+0 records out
2097152000 bytes (2.1 GB) copied, 3.89444 s, 538 MB/s
0dd74775419ada42017a0fdf21eccf94  -

real	0m3.897s
user	0m3.573s
sys	0m1.021s
2000+0 records in
2000+0 records out
2097152000 bytes (2.1 GB) copied, 4.15138 s, 505 MB/s
0dd74775419ada42017a0fdf21eccf94  -

real	0m4.155s
user	0m3.778s
sys	0m1.117s
2000+0 records in
2000+0 records out
2097152000 bytes (2.1 GB) copied, 4.08399 s, 514 MB/s
0dd74775419ada42017a0fdf21eccf94  -

real	0m4.087s
user	0m3.749s
sys	0m1.080s
2000+0 records in
2000+0 records out
2097152000 bytes (2.1 GB) copied, 4.08863 s, 513 MB/s
0dd74775419ada42017a0fdf21eccf94  -

real	0m4.091s
user	0m3.800s
sys	0m1.031s
2000+0 records in
2000+0 records out
2097152000 bytes (2.1 GB) copied, 4.02488 s, 521 MB/s
0dd74775419ada42017a0fdf21eccf94  -

real	0m4.028s
user	0m3.729s
sys	0m1.022s
2000+0 records in
2000+0 records out
2097152000 bytes (2.1 GB) copied, 3.84276 s, 546 MB/s
0dd74775419ada42017a0fdf21eccf94  -

real	0m3.846s
user	0m3.537s
sys	0m1.003s
2000+0 records in
2000+0 records out
2097152000 bytes (2.1 GB) copied, 4.07045 s, 515 MB/s
0dd74775419ada42017a0fdf21eccf94  -

real	0m4.073s
user	0m3.741s
sys	0m1.066s
2000+0 records in
2000+0 records out
2097152000 bytes (2.1 GB) copied, 3.83675 s, 547 MB/s
0dd74775419ada42017a0fdf21eccf94  -

real	0m3.840s
user	0m3.539s
sys	0m0.997s
