1000+0 records in
1000+0 records out
1048576000 bytes (1.0 GB) copied3c84e34b319946f6531a2c4559f588a8  -
, 2.04678 s, 512 MB/s

real	0m2.049s
user	0m1.864s
sys	0m0.561s
1000+0 records in
1000+0 records out
1048576000 bytes (1.0 GB) copied, 1.96401 s, 534 MB/s
3c84e34b319946f6531a2c4559f588a8  -

real	0m1.967s
user	0m1.789s
sys	0m0.526s
1000+0 records in
1000+0 records out
1048576000 bytes (1.0 GB) copied3c84e34b319946f6531a2c4559f588a8  -
, 2.08218 s, 504 MB/s

real	0m2.085s
user	0m1.905s
sys	0m0.561s
1000+0 records in
1000+0 records out
1048576000 bytes (1.0 GB) copied, 1.95382 s, 537 MB/s
3c84e34b319946f6531a2c4559f588a8  -

real	0m1.956s
user	0m1.778s
sys	0m0.525s
1000+0 records in
1000+0 records out
1048576000 bytes (1.0 GB) copied, 2.06679 s, 507 MB/s
3c84e34b319946f6531a2c4559f588a8  -

real	0m2.070s
user	0m1.882s
sys	0m0.564s
1000+0 records in
1000+0 records out
1048576000 bytes (1.0 GB) copied, 1.93973 s, 541 MB/s
3c84e34b319946f6531a2c4559f588a8  -

real	0m1.942s
user	0m1.780s
sys	0m0.509s
1000+0 records in
1000+0 records out
1048576000 bytes (1.0 GB) copied, 2.05699 s, 510 MB/s
3c84e34b319946f6531a2c4559f588a8  -

real	0m2.060s
user	0m1.877s
sys	0m0.560s
1000+0 records in
1000+0 records out
1048576000 bytes (1.0 GB) copied, 2.01467 s, 520 MB/s
3c84e34b319946f6531a2c4559f588a8  -

real	0m2.017s
user	0m1.862s
sys	0m0.521s
1000+0 records in
1000+0 records out
1048576000 bytes (1.0 GB) copied, 1.98059 s, 529 MB/s
3c84e34b319946f6531a2c4559f588a8  -

real	0m1.983s
user	0m1.810s
sys	0m0.524s
1000+0 records in
1000+0 records out
1048576000 bytes (1.0 GB) copied, 2.01199 s, 521 MB/s
3c84e34b319946f6531a2c4559f588a8  -

real	0m2.015s
user	0m1.819s
sys	0m0.596s
1000+0 records in
1000+0 records out
1048576000 bytes (1.0 GB) copied, 1.92318 s, 545 MB/s
3c84e34b319946f6531a2c4559f588a8  -

real	0m1.926s
user	0m1.787s
sys	0m0.485s
1000+0 records in
1000+0 records out
1048576000 bytes (1.0 GB) copied, 2.15137 s, 487 MB/s
3c84e34b319946f6531a2c4559f588a8  -

real	0m2.154s
user	0m1.889s
sys	0m0.664s
1000+0 records in
1000+0 records out
1048576000 bytes (1.0 GB) copied, 1.92703 s, 544 MB/s
3c84e34b319946f6531a2c4559f588a8  -

real	0m1.930s
user	0m1.766s
sys	0m0.513s
1000+0 records in
1000+0 records out
1048576000 bytes (1.0 GB) copied, 1.91811 s, 547 MB/s
3c84e34b319946f6531a2c4559f588a8  -

real	0m1.921s
user	0m1.777s
sys	0m0.488s
1000+0 records in
1000+0 records out
1048576000 bytes (1.0 GB) copied, 1.939 s, 541 MB/s
3c84e34b319946f6531a2c4559f588a8  -

real	0m1.942s
user	0m1.810s
sys	0m0.477s
1000+0 records in
1000+0 records out
1048576000 bytes (1.0 GB) copied, 2.03541 s, 515 MB/s
3c84e34b319946f6531a2c4559f588a8  -

real	0m2.038s
user	0m1.890s
sys	0m0.522s
1000+0 records in
1000+0 records out
1048576000 bytes (1.0 GB) copied, 1.90686 s, 550 MB/s
3c84e34b319946f6531a2c4559f588a8  -

real	0m1.909s
user	0m1.778s
sys	0m0.474s
1000+0 records in
1000+0 records out
1048576000 bytes (1.0 GB) copied, 1.93315 s, 542 MB/s
3c84e34b319946f6531a2c4559f588a8  -

real	0m1.936s
user	0m1.779s
sys	0m0.499s
1000+0 records in
1000+0 records out
1048576000 bytes (1.0 GB) copied, 2.07775 s, 505 MB/s
3c84e34b319946f6531a2c4559f588a8  -

real	0m2.081s
user	0m1.855s
sys	0m0.598s
1000+0 records in
1000+0 records out
1048576000 bytes (1.0 GB) copied, 1.90443 s, 551 MB/s
3c84e34b319946f6531a2c4559f588a8  -

real	0m1.907s
user	0m1.769s
sys	0m0.476s
1000+0 records in
1000+0 records out
1048576000 bytes (1.0 GB) copied, 1.94928 s, 538 MB/s
3c84e34b319946f6531a2c4559f588a8  -

real	0m1.952s
user	0m1.804s
sys	0m0.500s
1000+0 records in
1000+0 records out
1048576000 bytes (1.0 GB) copied, 2.04265 s, 513 MB/s
3c84e34b319946f6531a2c4559f588a8  -

real	0m2.045s
user	0m1.874s
sys	0m0.532s
1000+0 records in
1000+0 records out
1048576000 bytes (1.0 GB) copied, 1.95391 s, 537 MB/s
3c84e34b319946f6531a2c4559f588a8  -

real	0m1.957s
user	0m1.771s
sys	0m0.531s
1000+0 records in
1000+0 records out
1048576000 bytes (1.0 GB) copied, 2.0072 s, 522 MB/s
3c84e34b319946f6531a2c4559f588a8  -

real	0m2.010s
user	0m1.831s
sys	0m0.534s
1000+0 records in
1000+0 records out
1048576000 bytes (1.0 GB) copied, 2.11402 s, 496 MB/s
3c84e34b319946f6531a2c4559f588a8  -

real	0m2.117s
user	0m1.867s
sys	0m0.631s
1000+0 records in
1000+0 records out
1048576000 bytes (1.0 GB) copied, 1.94286 s, 540 MB/s
3c84e34b319946f6531a2c4559f588a8  -

real	0m1.946s
user	0m1.752s
sys	0m0.539s
1000+0 records in
1000+0 records out
1048576000 bytes (1.0 GB) copied, 1.97951 s, 530 MB/s
3c84e34b319946f6531a2c4559f588a8  -

real	0m1.982s
user	0m1.812s
sys	0m0.527s
1000+0 records in
1000+0 records out
1048576000 bytes (1.0 GB) copied, 2.09254 s, 501 MB/s
3c84e34b319946f6531a2c4559f588a8  -

real	0m2.095s
user	0m1.903s
sys	0m0.575s
1000+0 records in
1000+0 records out
1048576000 bytes (1.0 GB) copied, 2.10514 s, 498 MB/s
3c84e34b319946f6531a2c4559f588a8  -

real	0m2.108s
user	0m1.884s
sys	0m0.609s
1000+0 records in
1000+0 records out
1048576000 bytes (1.0 GB) copied, 2.1396 s, 490 MB/s
3c84e34b319946f6531a2c4559f588a8  -

real	0m2.142s
user	0m1.889s
sys	0m0.619s
1000+0 records in
1000+0 records out
1048576000 bytes (1.0 GB) copied, 1.99411 s, 526 MB/s
3c84e34b319946f6531a2c4559f588a8  -

real	0m1.997s
user	0m1.798s
sys	0m0.560s
1000+0 records in
1000+0 records out
1048576000 bytes (1.0 GB) copied, 1.95373 s, 537 MB/s
3c84e34b319946f6531a2c4559f588a8  -

real	0m1.956s
user	0m1.763s
sys	0m0.539s
1000+0 records in
1000+0 records out
1048576000 bytes (1.0 GB) copied, 2.02739 s, 517 MB/s
3c84e34b319946f6531a2c4559f588a8  -

real	0m2.030s
user	0m1.874s
sys	0m0.534s
1000+0 records in
1000+0 records out
1048576000 bytes (1.0 GB) copied, 2.05683 s, 510 MB/s
3c84e34b319946f6531a2c4559f588a8  -

real	0m2.060s
user	0m1.869s
sys	0m0.584s
1000+0 records in
1000+0 records out
1048576000 bytes (1.0 GB) copied, 1.97291 s, 531 MB/s
3c84e34b319946f6531a2c4559f588a8  -

real	0m1.976s
user	0m1.783s
sys	0m0.547s
1000+0 records in
1000+0 records out
1048576000 bytes (1.0 GB) copied, 2.12678 s, 493 MB/s
3c84e34b319946f6531a2c4559f588a8  -

real	0m2.130s
user	0m1.953s
sys	0m0.568s
1000+0 records in
1000+0 records out
1048576000 bytes (1.0 GB) copied, 1.94646 s, 539 MB/s
3c84e34b319946f6531a2c4559f588a8  -

real	0m1.949s
user	0m1.766s
sys	0m0.529s
1000+0 records in
1000+0 records out
1048576000 bytes (1.0 GB) copied, 2.08382 s, 503 MB/s
3c84e34b319946f6531a2c4559f588a8  -

real	0m2.087s
user	0m1.923s
sys	0m0.546s
1000+0 records in
1000+0 records out
1048576000 bytes (1.0 GB) copied, 1.99293 s, 526 MB/s
3c84e34b319946f6531a2c4559f588a8  -

real	0m1.995s
user	0m1.823s
sys	0m0.527s
1000+0 records in
1000+0 records out
1048576000 bytes (1.0 GB) copied, 1.95378 s, 537 MB/s
3c84e34b319946f6531a2c4559f588a8  -

real	0m1.956s
user	0m1.776s
sys	0m0.525s
1000+0 records in
1000+0 records out
1048576000 bytes (1.0 GB) copied, 1.97579 s, 531 MB/s
3c84e34b319946f6531a2c4559f588a8  -

real	0m1.978s
user	0m1.798s
sys	0m0.536s
1000+0 records in
1000+0 records out
1048576000 bytes (1.0 GB) copied, 1.979 s, 530 MB/s
3c84e34b319946f6531a2c4559f588a8  -

real	0m1.982s
user	0m1.784s
sys	0m0.550s
1000+0 records in
1000+0 records out
1048576000 bytes (1.0 GB) copied, 2.03011 s, 517 MB/s
3c84e34b319946f6531a2c4559f588a8  -

real	0m2.033s
user	0m1.887s
sys	0m0.527s
1000+0 records in
1000+0 records out
1048576000 bytes (1.0 GB) copied, 2.0043 s, 523 MB/s
3c84e34b319946f6531a2c4559f588a8  -

real	0m2.007s
user	0m1.842s
sys	0m0.530s
1000+0 records in
1000+0 records out
1048576000 bytes (1.0 GB) copied, 2.0325 s, 516 MB/s
3c84e34b319946f6531a2c4559f588a8  -

real	0m2.035s
user	0m1.803s
sys	0m0.602s
1000+0 records in
1000+0 records out
1048576000 bytes (1.0 GB) copied, 2.14311 s, 489 MB/s
3c84e34b319946f6531a2c4559f588a8  -

real	0m2.146s
user	0m1.899s
sys	0m0.619s
1000+0 records in
1000+0 records out
1048576000 bytes (1.0 GB) copied, 1.96494 s, 534 MB/s
3c84e34b319946f6531a2c4559f588a8  -

real	0m1.967s
user	0m1.783s
sys	0m0.536s
1000+0 records in
1000+0 records out
1048576000 bytes (1.0 GB) copied, 2.07165 s, 506 MB/s
3c84e34b319946f6531a2c4559f588a8  -

real	0m2.074s
user	0m1.925s
sys	0m0.534s
1000+0 records in
1000+0 records out
1048576000 bytes (1.0 GB) copied, 2.01494 s, 520 MB/s
3c84e34b319946f6531a2c4559f588a8  -

real	0m2.019s
user	0m1.879s
sys	0m0.500s
1000+0 records in
1000+0 records out
1048576000 bytes (1.0 GB) copied, 2.0422 s, 513 MB/s
3c84e34b319946f6531a2c4559f588a8  -

real	0m2.045s
user	0m1.910s
sys	0m0.512s
1000+0 records in
1000+0 records out
1048576000 bytes (1.0 GB) copied, 1.98851 s, 527 MB/s
3c84e34b319946f6531a2c4559f588a8  -

real	0m1.991s
user	0m1.809s
sys	0m0.535s
1000+0 records in
1000+0 records out
1048576000 bytes (1.0 GB) copied, 1.94079 s, 540 MB/s
3c84e34b319946f6531a2c4559f588a8  -

real	0m1.943s
user	0m1.761s
sys	0m0.528s
1000+0 records in
1000+0 records out
1048576000 bytes (1.0 GB) copied, 1.99784 s, 525 MB/s
3c84e34b319946f6531a2c4559f588a8  -

real	0m2.001s
user	0m1.824s
sys	0m0.531s
1000+0 records in
1000+0 records out
1048576000 bytes (1.0 GB) copied, 1.96232 s, 534 MB/s
3c84e34b319946f6531a2c4559f588a8  -

real	0m1.965s
user	0m1.779s
sys	0m0.534s
1000+0 records in
1000+0 records out
1048576000 bytes (1.0 GB) copied, 2.07913 s, 504 MB/s
3c84e34b319946f6531a2c4559f588a8  -

real	0m2.082s
user	0m1.739s
sys	0m0.693s
1000+0 records in
1000+0 records out
1048576000 bytes (1.0 GB) copied, 1.94987 s, 538 MB/s
3c84e34b319946f6531a2c4559f588a8  -

real	0m1.953s
user	0m1.782s
sys	0m0.521s
1000+0 records in
1000+0 records out
1048576000 bytes (1.0 GB) copied, 2.00229 s, 524 MB/s
3c84e34b319946f6531a2c4559f588a8  -

real	0m2.005s
user	0m1.833s
sys	0m0.531s
1000+0 records in
1000+0 records out
1048576000 bytes (1.0 GB) copied, 1.95022 s, 538 MB/s
3c84e34b319946f6531a2c4559f588a8  -

real	0m1.953s
user	0m1.762s
sys	0m0.540s
1000+0 records in
1000+0 records out
1048576000 bytes (1.0 GB) copied, 1.96522 s, 534 MB/s
3c84e34b319946f6531a2c4559f588a8  -

real	0m1.968s
user	0m1.789s
sys	0m0.532s
1000+0 records in
1000+0 records out
1048576000 bytes (1.0 GB) copied, 1.98447 s, 528 MB/s
3c84e34b319946f6531a2c4559f588a8  -

real	0m1.987s
user	0m1.813s
sys	0m0.538s
1000+0 records in
1000+0 records out
1048576000 bytes (1.0 GB) copied, 1.99026 s, 527 MB/s
3c84e34b319946f6531a2c4559f588a8  -

real	0m1.993s
user	0m1.843s
sys	0m0.505s
1000+0 records in
1000+0 records out
1048576000 bytes (1.0 GB) copied, 2.02121 s, 519 MB/s
3c84e34b319946f6531a2c4559f588a8  -

real	0m2.024s
user	0m1.844s
sys	0m0.547s
1000+0 records in
1000+0 records out
1048576000 bytes (1.0 GB) copied, 1.9676 s, 533 MB/s
3c84e34b319946f6531a2c4559f588a8  -

real	0m1.970s
user	0m1.794s
sys	0m0.526s
1000+0 records in
1000+0 records out
1048576000 bytes (1.0 GB) copied, 2.1148 s, 496 MB/s
3c84e34b319946f6531a2c4559f588a8  -

real	0m2.117s
user	0m1.858s
sys	0m0.638s
1000+0 records in
1000+0 records out
1048576000 bytes (1.0 GB) copied, 2.00343 s, 523 MB/s
3c84e34b319946f6531a2c4559f588a8  -

real	0m2.006s
user	0m1.825s
sys	0m0.539s
1000+0 records in
1000+0 records out
1048576000 bytes (1.0 GB) copied, 1.96445 s, 534 MB/s
3c84e34b319946f6531a2c4559f588a8  -

real	0m1.967s
user	0m1.787s
sys	0m0.528s
1000+0 records in
1000+0 records out
1048576000 bytes (1.0 GB) copied, 2.00409 s, 523 MB/s
3c84e34b319946f6531a2c4559f588a8  -

real	0m2.007s
user	0m1.834s
sys	0m0.530s
1000+0 records in
1000+0 records out
1048576000 bytes (1.0 GB) copied, 1.98256 s, 529 MB/s
3c84e34b319946f6531a2c4559f588a8  -

real	0m1.985s
user	0m1.814s
sys	0m0.529s
1000+0 records in
1000+0 records out
1048576000 bytes (1.0 GB) copied, 1.97217 s, 532 MB/s
3c84e34b319946f6531a2c4559f588a8  -

real	0m1.975s
user	0m1.813s
sys	0m0.518s
1000+0 records in
1000+0 records out
1048576000 bytes (1.0 GB) copied, 2.02572 s, 518 MB/s
3c84e34b319946f6531a2c4559f588a8  -

real	0m2.028s
user	0m1.880s
sys	0m0.511s
1000+0 records in
1000+0 records out
1048576000 bytes (1.0 GB) copied, 1.99863 s, 525 MB/s
3c84e34b319946f6531a2c4559f588a8  -

real	0m2.001s
user	0m1.827s
sys	0m0.529s
1000+0 records in
1000+0 records out
1048576000 bytes (1.0 GB) copied, 2.02268 s, 518 MB/s
3c84e34b319946f6531a2c4559f588a8  -

real	0m2.025s
user	0m1.864s
sys	0m0.522s
1000+0 records in
1000+0 records out
1048576000 bytes (1.0 GB) copied, 2.00172 s, 524 MB/s
3c84e34b319946f6531a2c4559f588a8  -

real	0m2.004s
user	0m1.818s
sys	0m0.543s
1000+0 records in
1000+0 records out
1048576000 bytes (1.0 GB) copied, 2.00513 s, 523 MB/s
3c84e34b319946f6531a2c4559f588a8  -

real	0m2.008s
user	0m1.822s
sys	0m0.539s
1000+0 records in
1000+0 records out
1048576000 bytes (1.0 GB) copied, 1.96582 s, 533 MB/s
3c84e34b319946f6531a2c4559f588a8  -

real	0m1.968s
user	0m1.781s
sys	0m0.542s
1000+0 records in
1000+0 records out
1048576000 bytes (1.0 GB) copied, 2.03659 s, 515 MB/s
3c84e34b319946f6531a2c4559f588a8  -

real	0m2.039s
user	0m1.889s
sys	0m0.525s
1000+0 records in
1000+0 records out
1048576000 bytes (1.0 GB) copied, 1.95636 s, 536 MB/s
3c84e34b319946f6531a2c4559f588a8  -

real	0m1.959s
user	0m1.782s
sys	0m0.526s
1000+0 records in
1000+0 records out
1048576000 bytes (1.0 GB) copied, 2.12871 s, 493 MB/s
3c84e34b319946f6531a2c4559f588a8  -

real	0m2.132s
user	0m1.873s
sys	0m0.635s
1000+0 records in
1000+0 records out
1048576000 bytes (1.0 GB) copied, 2.08014 s, 504 MB/s
3c84e34b319946f6531a2c4559f588a8  -

real	0m2.083s
user	0m1.891s
sys	0m0.578s
1000+0 records in
1000+0 records out
1048576000 bytes (1.0 GB) copied, 1.9863 s, 528 MB/s
3c84e34b319946f6531a2c4559f588a8  -

real	0m1.989s
user	0m1.809s
sys	0m0.542s
1000+0 records in
1000+0 records out
1048576000 bytes (1.0 GB) copied, 1.9827 s, 529 MB/s
3c84e34b319946f6531a2c4559f588a8  -

real	0m1.985s
user	0m1.830s
sys	0m0.504s
1000+0 records in
1000+0 records out
1048576000 bytes (1.0 GB) copied, 2.05928 s, 509 MB/s
3c84e34b319946f6531a2c4559f588a8  -

real	0m2.062s
user	0m1.860s
sys	0m0.565s
1000+0 records in
1000+0 records out
1048576000 bytes (1.0 GB) copied, 1.91132 s, 549 MB/s
3c84e34b319946f6531a2c4559f588a8  -

real	0m1.914s
user	0m1.759s
sys	0m0.505s
1000+0 records in
1000+0 records out
1048576000 bytes (1.0 GB) copied, 1.95158 s, 537 MB/s
3c84e34b319946f6531a2c4559f588a8  -

real	0m1.954s
user	0m1.796s
sys	0m0.505s
1000+0 records in
1000+0 records out
1048576000 bytes (1.0 GB) copied, 2.06021 s, 509 MB/s
3c84e34b319946f6531a2c4559f588a8  -

real	0m2.063s
user	0m1.880s
sys	0m0.553s
1000+0 records in
1000+0 records out
1048576000 bytes (1.0 GB) copied, 2.12789 s, 493 MB/s
3c84e34b319946f6531a2c4559f588a8  -

real	0m2.131s
user	0m1.931s
sys	0m0.578s
1000+0 records in
1000+0 records out
1048576000 bytes (1.0 GB) copied, 2.03664 s, 515 MB/s
3c84e34b319946f6531a2c4559f588a8  -

real	0m2.040s
user	0m1.862s
sys	0m0.540s
1000+0 records in
1000+0 records out
1048576000 bytes (1.0 GB) copied, 2.03314 s, 516 MB/s
3c84e34b319946f6531a2c4559f588a8  -

real	0m2.036s
user	0m1.850s
sys	0m0.563s
1000+0 records in
1000+0 records out
1048576000 bytes (1.0 GB) copied, 2.10005 s, 499 MB/s
3c84e34b319946f6531a2c4559f588a8  -

real	0m2.103s
user	0m1.922s
sys	0m0.558s
1000+0 records in
1000+0 records out
1048576000 bytes (1.0 GB) copied, 1.98594 s, 528 MB/s
3c84e34b319946f6531a2c4559f588a8  -

real	0m1.989s
user	0m1.841s
sys	0m0.514s
1000+0 records in
1000+0 records out
1048576000 bytes (1.0 GB) copied, 1.94582 s, 539 MB/s
3c84e34b319946f6531a2c4559f588a8  -

real	0m1.949s
user	0m1.811s
sys	0m0.494s
1000+0 records in
1000+0 records out
1048576000 bytes (1.0 GB) copied, 2.05253 s, 511 MB/s
3c84e34b319946f6531a2c4559f588a8  -

real	0m2.056s
user	0m1.862s
sys	0m0.570s
1000+0 records in
1000+0 records out
1048576000 bytes (1.0 GB) copied, 2.0073 s, 522 MB/s
3c84e34b319946f6531a2c4559f588a8  -

real	0m2.011s
user	0m1.862s
sys	0m0.513s
1000+0 records in
1000+0 records out
1048576000 bytes (1.0 GB) copied, 1.96157 s, 535 MB/s
3c84e34b319946f6531a2c4559f588a8  -

real	0m1.965s
user	0m1.776s
sys	0m0.545s
1000+0 records in
1000+0 records out
1048576000 bytes (1.0 GB) copied, 2.04285 s, 513 MB/s
3c84e34b319946f6531a2c4559f588a8  -

real	0m2.046s
user	0m1.886s
sys	0m0.528s
1000+0 records in
1000+0 records out
1048576000 bytes (1.0 GB) copied, 2.02972 s, 517 MB/s
3c84e34b319946f6531a2c4559f588a8  -

real	0m2.033s
user	0m1.845s
sys	0m0.554s
1000+0 records in
1000+0 records out
1048576000 bytes (1.0 GB) copied, 2.0635 s, 508 MB/s
3c84e34b319946f6531a2c4559f588a8  -

real	0m2.067s
user	0m1.898s
sys	0m0.544s
1000+0 records in
1000+0 records out
3c84e34b319946f6531a2c4559f588a8  -
1048576000 bytes (1.0 GB) copied, 2.0445 s, 513 MB/s

real	0m2.048s
user	0m1.888s
sys	0m0.520s
1000+0 records in
1000+0 records out
1048576000 bytes (1.0 GB) copied, 1.9119 s, 548 MB/s
3c84e34b319946f6531a2c4559f588a8  -

real	0m1.915s
user	0m1.759s
sys	0m0.505s
1000+0 records in
1000+0 records out
1048576000 bytes (1.0 GB) copied, 2.01002 s, 522 MB/s
3c84e34b319946f6531a2c4559f588a8  -

real	0m2.013s
user	0m1.853s
sys	0m0.521s
1000+0 records in
1000+0 records out
1048576000 bytes (1.0 GB) copied, 2.06706 s, 507 MB/s
3c84e34b319946f6531a2c4559f588a8  -

real	0m2.070s
user	0m1.889s
sys	0m0.554s
1000+0 records in
1000+0 records out
1048576000 bytes (1.0 GB) copied, 1.93412 s, 542 MB/s
3c84e34b319946f6531a2c4559f588a8  -

real	0m1.937s
user	0m1.778s
sys	0m0.515s
1000+0 records in
1000+0 records out
1048576000 bytes (1.0 GB) copied, 2.07126 s, 506 MB/s
3c84e34b319946f6531a2c4559f588a8  -

real	0m2.074s
user	0m1.837s
sys	0m0.600s
1000+0 records in
1000+0 records out
1048576000 bytes (1.0 GB) copied, 2.10593 s, 498 MB/s
3c84e34b319946f6531a2c4559f588a8  -

real	0m2.109s
user	0m1.876s
sys	0m0.603s
1000+0 records in
1000+0 records out
1048576000 bytes (1.0 GB) copied, 2.03679 s, 515 MB/s
3c84e34b319946f6531a2c4559f588a8  -

real	0m2.040s
user	0m1.879s
sys	0m0.524s
1000+0 records in
1000+0 records out
1048576000 bytes (1.0 GB) copied, 2.00632 s, 523 MB/s
3c84e34b319946f6531a2c4559f588a8  -

real	0m2.009s
user	0m1.851s
sys	0m0.519s
1000+0 records in
1000+0 records out
1048576000 bytes (1.0 GB) copied, 1.94754 s, 538 MB/s
3c84e34b319946f6531a2c4559f588a8  -

real	0m1.951s
user	0m1.803s
sys	0m0.498s
1000+0 records in
1000+0 records out
1048576000 bytes (1.0 GB) copied, 2.05049 s, 511 MB/s
3c84e34b319946f6531a2c4559f588a8  -

real	0m2.054s
user	0m1.892s
sys	0m0.531s
1000+0 records in
1000+0 records out
1048576000 bytes (1.0 GB) copied, 2.02977 s, 517 MB/s
3c84e34b319946f6531a2c4559f588a8  -

real	0m2.032s
user	0m1.870s
sys	0m0.529s
1000+0 records in
1000+0 records out
1048576000 bytes (1.0 GB) copied, 2.05957 s, 509 MB/s
3c84e34b319946f6531a2c4559f588a8  -

real	0m2.062s
user	0m1.888s
sys	0m0.547s
1000+0 records in
1000+0 records out
1048576000 bytes (1.0 GB) copied, 1.94073 s, 540 MB/s
3c84e34b319946f6531a2c4559f588a8  -

real	0m1.944s
user	0m1.773s
sys	0m0.517s
1000+0 records in
1000+0 records out
1048576000 bytes (1.0 GB) copied, 1.97715 s, 530 MB/s
3c84e34b319946f6531a2c4559f588a8  -

real	0m1.980s
user	0m1.794s
sys	0m0.538s
1000+0 records in
1000+0 records out
1048576000 bytes (1.0 GB) copied, 1.93416 s, 542 MB/s
3c84e34b319946f6531a2c4559f588a8  -

real	0m1.938s
user	0m1.766s
sys	0m0.518s
1000+0 records in
1000+0 records out
1048576000 bytes (1.0 GB) copied, 2.0856 s, 503 MB/s
3c84e34b319946f6531a2c4559f588a8  -

real	0m2.089s
user	0m1.928s
sys	0m0.539s
1000+0 records in
1000+0 records out
1048576000 bytes (1.0 GB) copied, 2.03995 s, 514 MB/s
3c84e34b319946f6531a2c4559f588a8  -

real	0m2.043s
user	0m1.904s
sys	0m0.504s
1000+0 records in
1000+0 records out
1048576000 bytes (1.0 GB) copied, 2.12065 s, 494 MB/s
3c84e34b319946f6531a2c4559f588a8  -

real	0m2.124s
user	0m1.960s
sys	0m0.547s
1000+0 records in
1000+0 records out
1048576000 bytes (1.0 GB) copied, 1.92915 s, 544 MB/s
3c84e34b319946f6531a2c4559f588a8  -

real	0m1.932s
user	0m1.762s
sys	0m0.521s
1000+0 records in
1000+0 records out
1048576000 bytes (1.0 GB) copied, 1.93118 s, 543 MB/s
3c84e34b319946f6531a2c4559f588a8  -

real	0m1.934s
user	0m1.761s
sys	0m0.524s
1000+0 records in
1000+0 records out
1048576000 bytes (1.0 GB) copied, 2.00596 s, 523 MB/s
3c84e34b319946f6531a2c4559f588a8  -

real	0m2.009s
user	0m1.825s
sys	0m0.553s
1000+0 records in
1000+0 records out
1048576000 bytes (1.0 GB) copied, 2.07568 s, 505 MB/s
3c84e34b319946f6531a2c4559f588a8  -

real	0m2.079s
user	0m1.905s
sys	0m0.561s
1000+0 records in
1000+0 records out
1048576000 bytes (1.0 GB) copied, 1.96626 s, 533 MB/s
3c84e34b319946f6531a2c4559f588a8  -

real	0m1.969s
user	0m1.801s
sys	0m0.526s
1000+0 records in
1000+0 records out
1048576000 bytes (1.0 GB) copied, 1.93965 s, 541 MB/s
3c84e34b319946f6531a2c4559f588a8  -

real	0m1.943s
user	0m1.765s
sys	0m0.528s
1000+0 records in
1000+0 records out
1048576000 bytes (1.0 GB) copied, 1.94756 s, 538 MB/s
3c84e34b319946f6531a2c4559f588a8  -

real	0m1.950s
user	0m1.787s
sys	0m0.514s
1000+0 records in
1000+0 records out
1048576000 bytes (1.0 GB) copied, 1.95608 s, 536 MB/s
3c84e34b319946f6531a2c4559f588a8  -

real	0m1.959s
user	0m1.752s
sys	0m0.554s
1000+0 records in
1000+0 records out
1048576000 bytes (1.0 GB) copied, 2.02013 s, 519 MB/s
3c84e34b319946f6531a2c4559f588a8  -

real	0m2.023s
user	0m1.831s
sys	0m0.557s
1000+0 records in
1000+0 records out
1048576000 bytes (1.0 GB) copied, 2.10824 s, 497 MB/s
3c84e34b319946f6531a2c4559f588a8  -

real	0m2.111s
user	0m1.872s
sys	0m0.622s
1000+0 records in
1000+0 records out
1048576000 bytes (1.0 GB) copied, 2.07966 s, 504 MB/s
3c84e34b319946f6531a2c4559f588a8  -

real	0m2.083s
user	0m1.862s
sys	0m0.597s
1000+0 records in
1000+0 records out
1048576000 bytes (1.0 GB) copied, 2.00886 s, 522 MB/s
3c84e34b319946f6531a2c4559f588a8  -

real	0m2.012s
user	0m1.845s
sys	0m0.548s
1000+0 records in
1000+0 records out
1048576000 bytes (1.0 GB) copied, 2.08293 s, 503 MB/s
3c84e34b319946f6531a2c4559f588a8  -

real	0m2.086s
user	0m1.891s
sys	0m0.565s
1000+0 records in
1000+0 records out
1048576000 bytes (1.0 GB) copied, 2.06348 s, 508 MB/s
3c84e34b319946f6531a2c4559f588a8  -

real	0m2.066s
user	0m1.896s
sys	0m0.542s
1000+0 records in
1000+0 records out
1048576000 bytes (1.0 GB) copied, 2.03101 s, 516 MB/s
3c84e34b319946f6531a2c4559f588a8  -

real	0m2.034s
user	0m1.836s
sys	0m0.559s
1000+0 records in
1000+0 records out
1048576000 bytes (1.0 GB) copied, 2.03138 s, 516 MB/s
3c84e34b319946f6531a2c4559f588a8  -

real	0m2.034s
user	0m1.878s
sys	0m0.520s
1000+0 records in
1000+0 records out
1048576000 bytes (1.0 GB) copied, 2.00396 s, 523 MB/s
3c84e34b319946f6531a2c4559f588a8  -

real	0m2.007s
user	0m1.811s
sys	0m0.562s
1000+0 records in
1000+0 records out
1048576000 bytes (1.0 GB) copied, 2.03602 s, 515 MB/s
3c84e34b319946f6531a2c4559f588a8  -

real	0m2.039s
user	0m1.852s
sys	0m0.548s
1000+0 records in
1000+0 records out
1048576000 bytes (1.0 GB) copied, 2.05078 s, 511 MB/s
3c84e34b319946f6531a2c4559f588a8  -

real	0m2.054s
user	0m1.863s
sys	0m0.559s
1000+0 records in
1000+0 records out
1048576000 bytes (1.0 GB) copied, 2.05662 s, 510 MB/s
3c84e34b319946f6531a2c4559f588a8  -

real	0m2.060s
user	0m1.898s
sys	0m0.539s
1000+0 records in
1000+0 records out
1048576000 bytes (1.0 GB) copied, 1.95505 s, 536 MB/s
3c84e34b319946f6531a2c4559f588a8  -

real	0m1.958s
user	0m1.772s
sys	0m0.533s
1000+0 records in
1000+0 records out
1048576000 bytes (1.0 GB) copied, 2.03664 s, 515 MB/s
3c84e34b319946f6531a2c4559f588a8  -

real	0m2.040s
user	0m1.873s
sys	0m0.531s
1000+0 records in
1000+0 records out
1048576000 bytes (1.0 GB) copied, 2.09228 s, 501 MB/s
3c84e34b319946f6531a2c4559f588a8  -

real	0m2.095s
user	0m1.926s
sys	0m0.543s
1000+0 records in
1000+0 records out
1048576000 bytes (1.0 GB) copied, 2.00692 s, 522 MB/s
3c84e34b319946f6531a2c4559f588a8  -

real	0m2.010s
user	0m1.867s
sys	0m0.504s
1000+0 records in
1000+0 records out
1048576000 bytes (1.0 GB) copied, 2.01843 s, 520 MB/s
3c84e34b319946f6531a2c4559f588a8  -

real	0m2.021s
user	0m1.860s
sys	0m0.528s
1000+0 records in
1000+0 records out
1048576000 bytes (1.0 GB) copied, 1.9337 s, 542 MB/s
3c84e34b319946f6531a2c4559f588a8  -

real	0m1.937s
user	0m1.754s
sys	0m0.529s
1000+0 records in
1000+0 records out
1048576000 bytes (1.0 GB) copied, 1.96672 s, 533 MB/s
3c84e34b319946f6531a2c4559f588a8  -

real	0m1.969s
user	0m1.823s
sys	0m0.499s
1000+0 records in
1000+0 records out
1048576000 bytes (1.0 GB) copied, 1.92937 s, 543 MB/s
3c84e34b319946f6531a2c4559f588a8  -

real	0m1.932s
user	0m1.796s
sys	0m0.489s
1000+0 records in
1000+0 records out
1048576000 bytes (1.0 GB) copied, 1.91057 s, 549 MB/s
3c84e34b319946f6531a2c4559f588a8  -

real	0m1.914s
user	0m1.785s
sys	0m0.479s
1000+0 records in
1000+0 records out
1048576000 bytes (1.0 GB) copied, 2.03547 s, 515 MB/s
3c84e34b319946f6531a2c4559f588a8  -

real	0m2.040s
user	0m1.832s
sys	0m0.567s
1000+0 records in
1000+0 records out
1048576000 bytes (1.0 GB) copied, 2.13163 s, 492 MB/s
3c84e34b319946f6531a2c4559f588a8  -

real	0m2.135s
user	0m1.958s
sys	0m0.563s
1000+0 records in
1000+0 records out
1048576000 bytes (1.0 GB) copied, 1.91618 s, 547 MB/s
3c84e34b319946f6531a2c4559f588a8  -

real	0m1.919s
user	0m1.761s
sys	0m0.506s
1000+0 records in
1000+0 records out
1048576000 bytes (1.0 GB) copied, 1.91089 s, 549 MB/s
3c84e34b319946f6531a2c4559f588a8  -

real	0m1.914s
user	0m1.746s
sys	0m0.516s
1000+0 records in
1000+0 records out
1048576000 bytes (1.0 GB) copied, 2.05496 s, 510 MB/s
3c84e34b319946f6531a2c4559f588a8  -

real	0m2.058s
user	0m1.866s
sys	0m0.561s
1000+0 records in
1000+0 records out
1048576000 bytes (1.0 GB) copied, 2.07616 s, 505 MB/s
3c84e34b319946f6531a2c4559f588a8  -

real	0m2.079s
user	0m1.888s
sys	0m0.559s
1000+0 records in
1000+0 records out
1048576000 bytes (1.0 GB) copied, 1.97426 s, 531 MB/s
3c84e34b319946f6531a2c4559f588a8  -

real	0m1.977s
user	0m1.801s
sys	0m0.534s
1000+0 records in
1000+0 records out
1048576000 bytes (1.0 GB) copied, 1.96877 s, 533 MB/s
3c84e34b319946f6531a2c4559f588a8  -

real	0m1.974s
user	0m1.799s
sys	0m0.548s
1000+0 records in
1000+0 records out
1048576000 bytes (1.0 GB) copied, 2.07522 s, 505 MB/s
3c84e34b319946f6531a2c4559f588a8  -

real	0m2.078s
user	0m1.884s
sys	0m0.561s
1000+0 records in
1000+0 records out
1048576000 bytes (1.0 GB) copied, 1.97065 s, 532 MB/s
3c84e34b319946f6531a2c4559f588a8  -

real	0m1.974s
user	0m1.844s
sys	0m0.483s
1000+0 records in
1000+0 records out
1048576000 bytes (1.0 GB) copied, 2.02953 s, 517 MB/s
3c84e34b319946f6531a2c4559f588a8  -

real	0m2.033s
user	0m1.856s
sys	0m0.545s
1000+0 records in
1000+0 records out
1048576000 bytes (1.0 GB) copied, 2.12793 s, 493 MB/s
3c84e34b319946f6531a2c4559f588a8  -

real	0m2.131s
user	0m1.929s
sys	0m0.570s
1000+0 records in
1000+0 records out
1048576000 bytes (1.0 GB) copied, 2.01067 s, 522 MB/s
3c84e34b319946f6531a2c4559f588a8  -

real	0m2.013s
user	0m1.852s
sys	0m0.523s
1000+0 records in
1000+0 records out
1048576000 bytes (1.0 GB) copied, 2.04102 s, 514 MB/s
3c84e34b319946f6531a2c4559f588a8  -

real	0m2.043s
user	0m1.854s
sys	0m0.557s
1000+0 records in
1000+0 records out
1048576000 bytes (1.0 GB) copied, 2.14912 s, 488 MB/s
3c84e34b319946f6531a2c4559f588a8  -

real	0m2.152s
user	0m1.981s
sys	0m0.546s
1000+0 records in
1000+0 records out
1048576000 bytes (1.0 GB) copied, 1.9988 s, 525 MB/s
3c84e34b319946f6531a2c4559f588a8  -

real	0m2.002s
user	0m1.818s
sys	0m0.546s
1000+0 records in
1000+0 records out
1048576000 bytes (1.0 GB) copied, 2.03604 s, 515 MB/s
3c84e34b319946f6531a2c4559f588a8  -

real	0m2.039s
user	0m1.843s
sys	0m0.555s
1000+0 records in
1000+0 records out
1048576000 bytes (1.0 GB) copied, 2.00635 s, 523 MB/s
3c84e34b319946f6531a2c4559f588a8  -

real	0m2.009s
user	0m1.833s
sys	0m0.530s
1000+0 records in
1000+0 records out
1048576000 bytes (1.0 GB) copied, 1.91314 s, 548 MB/s
3c84e34b319946f6531a2c4559f588a8  -

real	0m1.916s
user	0m1.777s
sys	0m0.486s
1000+0 records in
1000+0 records out
1048576000 bytes (1.0 GB) copied, 2.08722 s, 502 MB/s
3c84e34b319946f6531a2c4559f588a8  -

real	0m2.090s
user	0m1.891s
sys	0m0.572s
1000+0 records in
1000+0 records out
1048576000 bytes (1.0 GB) copied, 2.04813 s, 512 MB/s
3c84e34b319946f6531a2c4559f588a8  -

real	0m2.051s
user	0m1.858s
sys	0m0.560s
1000+0 records in
1000+0 records out
1048576000 bytes (1.0 GB) copied, 1.97143 s, 532 MB/s
3c84e34b319946f6531a2c4559f588a8  -

real	0m1.975s
user	0m1.804s
sys	0m0.528s
1000+0 records in
1000+0 records out
1048576000 bytes (1.0 GB) copied, 1.98136 s, 529 MB/s
3c84e34b319946f6531a2c4559f588a8  -

real	0m1.984s
user	0m1.797s
sys	0m0.539s
1000+0 records in
1000+0 records out
1048576000 bytes (1.0 GB) copied, 1.98754 s, 528 MB/s
3c84e34b319946f6531a2c4559f588a8  -

real	0m1.991s
user	0m1.837s
sys	0m0.513s
1000+0 records in
1000+0 records out
1048576000 bytes (1.0 GB) copied, 2.01777 s, 520 MB/s
3c84e34b319946f6531a2c4559f588a8  -

real	0m2.021s
user	0m1.843s
sys	0m0.538s
1000+0 records in
1000+0 records out
1048576000 bytes (1.0 GB) copied, 1.95297 s, 537 MB/s
3c84e34b319946f6531a2c4559f588a8  -

real	0m1.956s
user	0m1.783s
sys	0m0.534s
1000+0 records in
1000+0 records out
1048576000 bytes (1.0 GB) copied, 1.9475 s, 538 MB/s
3c84e34b319946f6531a2c4559f588a8  -

real	0m1.951s
user	0m1.765s
sys	0m0.537s
1000+0 records in
1000+0 records out
1048576000 bytes (1.0 GB) copied, 2.04257 s, 513 MB/s
3c84e34b319946f6531a2c4559f588a8  -

real	0m2.046s
user	0m1.861s
sys	0m0.551s
1000+0 records in
1000+0 records out
1048576000 bytes (1.0 GB) copied, 1.97919 s, 530 MB/s
3c84e34b319946f6531a2c4559f588a8  -

real	0m1.982s
user	0m1.831s
sys	0m0.512s
1000+0 records in
1000+0 records out
1048576000 bytes (1.0 GB) copied, 1.96355 s, 534 MB/s
3c84e34b319946f6531a2c4559f588a8  -

real	0m1.966s
user	0m1.768s
sys	0m0.543s
1000+0 records in
1000+0 records out
1048576000 bytes (1.0 GB) copied, 1.98414 s, 528 MB/s
3c84e34b319946f6531a2c4559f588a8  -

real	0m1.987s
user	0m1.796s
sys	0m0.555s
1000+0 records in
1000+0 records out
1048576000 bytes (1.0 GB) copied, 2.00447 s, 523 MB/s
3c84e34b319946f6531a2c4559f588a8  -

real	0m2.007s
user	0m1.851s
sys	0m0.527s
1000+0 records in
1000+0 records out
1048576000 bytes (1.0 GB) copied, 2.01807 s, 520 MB/s
3c84e34b319946f6531a2c4559f588a8  -

real	0m2.021s
user	0m1.864s
sys	0m0.517s
1000+0 records in
1000+0 records out
1048576000 bytes (1.0 GB) copied, 2.03684 s, 515 MB/s
3c84e34b319946f6531a2c4559f588a8  -

real	0m2.040s
user	0m1.866s
sys	0m0.540s
1000+0 records in
1000+0 records out
1048576000 bytes (1.0 GB) copied, 1.92182 s, 546 MB/s
3c84e34b319946f6531a2c4559f588a8  -

real	0m1.925s
user	0m1.753s
sys	0m0.518s
1000+0 records in
1000+0 records out
1048576000 bytes (1.0 GB) copied, 2.03316 s, 516 MB/s
3c84e34b319946f6531a2c4559f588a8  -

real	0m2.036s
user	0m1.858s
sys	0m0.542s
1000+0 records in
1000+0 records out
1048576000 bytes (1.0 GB) copied, 2.00268 s, 524 MB/s
3c84e34b319946f6531a2c4559f588a8  -

real	0m2.006s
user	0m1.829s
sys	0m0.546s
1000+0 records in
1000+0 records out
1048576000 bytes (1.0 GB) copied, 2.08771 s, 502 MB/s
3c84e34b319946f6531a2c4559f588a8  -

real	0m2.091s
user	0m1.900s
sys	0m0.570s
1000+0 records in
1000+0 records out
1048576000 bytes (1.0 GB) copied, 1.96635 s, 533 MB/s
3c84e34b319946f6531a2c4559f588a8  -

real	0m1.969s
user	0m1.785s
sys	0m0.531s
1000+0 records in
1000+0 records out
1048576000 bytes (1.0 GB) copied, 2.01214 s, 521 MB/s
3c84e34b319946f6531a2c4559f588a8  -

real	0m2.015s
user	0m1.832s
sys	0m0.544s
1000+0 records in
1000+0 records out
1048576000 bytes (1.0 GB) copied, 1.92984 s, 543 MB/s
3c84e34b319946f6531a2c4559f588a8  -

real	0m1.932s
user	0m1.795s
sys	0m0.482s
1000+0 records in
1000+0 records out
1048576000 bytes (1.0 GB) copied, 2.07511 s, 505 MB/s
3c84e34b319946f6531a2c4559f588a8  -

real	0m2.078s
user	0m1.881s
sys	0m0.574s
1000+0 records in
1000+0 records out
1048576000 bytes (1.0 GB) copied, 1.9435 s, 540 MB/s
3c84e34b319946f6531a2c4559f588a8  -

real	0m1.946s
user	0m1.761s
sys	0m0.532s
1000+0 records in
1000+0 records out
1048576000 bytes (1.0 GB) copied, 2.08379 s, 503 MB/s
3c84e34b319946f6531a2c4559f588a8  -

real	0m2.087s
user	0m1.897s
sys	0m0.564s
1000+0 records in
1000+0 records out
1048576000 bytes (1.0 GB) copied, 2.02418 s, 518 MB/s
3c84e34b319946f6531a2c4559f588a8  -

real	0m2.027s
user	0m1.887s
sys	0m0.514s
1000+0 records in
1000+0 records out
1048576000 bytes (1.0 GB) copied, 1.91306 s, 548 MB/s
3c84e34b319946f6531a2c4559f588a8  -

real	0m1.916s
user	0m1.766s
sys	0m0.500s
1000+0 records in
1000+0 records out
1048576000 bytes (1.0 GB) copied, 1.93805 s, 541 MB/s
3c84e34b319946f6531a2c4559f588a8  -

real	0m1.941s
user	0m1.783s
sys	0m0.508s
1000+0 records in
1000+0 records out
1048576000 bytes (1.0 GB) copied, 2.03395 s, 516 MB/s
3c84e34b319946f6531a2c4559f588a8  -

real	0m2.037s
user	0m1.851s
sys	0m0.545s
1000+0 records in
1000+0 records out
1048576000 bytes (1.0 GB) copied, 2.06279 s, 508 MB/s
3c84e34b319946f6531a2c4559f588a8  -

real	0m2.066s
user	0m1.880s
sys	0m0.580s
1000+0 records in
1000+0 records out
3c84e34b319946f6531a2c4559f588a8  -
1048576000 bytes (1.0 GB) copied, 2.04689 s, 512 MB/s

real	0m2.050s
user	0m1.868s
sys	0m0.539s
1000+0 records in
1000+0 records out
1048576000 bytes (1.0 GB) copied, 1.92398 s, 545 MB/s
3c84e34b319946f6531a2c4559f588a8  -

real	0m1.927s
user	0m1.772s
sys	0m0.509s
1000+0 records in
1000+0 records out
1048576000 bytes (1.0 GB) copied, 1.94937 s, 538 MB/s
3c84e34b319946f6531a2c4559f588a8  -

real	0m1.952s
user	0m1.786s
sys	0m0.517s
1000+0 records in
1000+0 records out
1048576000 bytes (1.0 GB) copied, 2.07325 s, 506 MB/s
3c84e34b319946f6531a2c4559f588a8  -

real	0m2.076s
user	0m1.860s
sys	0m0.582s
1000+0 records in
1000+0 records out
1048576000 bytes (1.0 GB) copied, 1.96646 s, 533 MB/s
3c84e34b319946f6531a2c4559f588a8  -

real	0m1.969s
user	0m1.815s
sys	0m0.514s
1000+0 records in
1000+0 records out
1048576000 bytes (1.0 GB) copied, 1.99468 s, 526 MB/s
3c84e34b319946f6531a2c4559f588a8  -

real	0m1.998s
user	0m1.819s
sys	0m0.539s
1000+0 records in
1000+0 records out
3c84e34b319946f6531a2c4559f588a8  -
1048576000 bytes (1.0 GB) copied, 2.02242 s, 518 MB/s

real	0m2.025s
user	0m1.889s
sys	0m0.497s
1000+0 records in
1000+0 records out
1048576000 bytes (1.0 GB) copied, 1.95376 s, 537 MB/s
3c84e34b319946f6531a2c4559f588a8  -

real	0m1.957s
user	0m1.774s
sys	0m0.532s
1000+0 records in
1000+0 records out
1048576000 bytes (1.0 GB) copied, 2.06052 s, 509 MB/s
3c84e34b319946f6531a2c4559f588a8  -

real	0m2.063s
user	0m1.880s
sys	0m0.564s
1000+0 records in
1000+0 records out
1048576000 bytes (1.0 GB) copied, 2.05565 s, 510 MB/s
3c84e34b319946f6531a2c4559f588a8  -

real	0m2.058s
user	0m1.869s
sys	0m0.567s
1000+0 records in
1000+0 records out
1048576000 bytes (1.0 GB) copied, 2.00777 s, 522 MB/s
3c84e34b319946f6531a2c4559f588a8  -

real	0m2.011s
user	0m1.842s
sys	0m0.548s
1000+0 records in
1000+0 records out
1048576000 bytes (1.0 GB) copied, 2.05242 s, 511 MB/s
3c84e34b319946f6531a2c4559f588a8  -

real	0m2.055s
user	0m1.873s
sys	0m0.558s
1000+0 records in
1000+0 records out
1048576000 bytes (1.0 GB) copied, 2.01625 s, 520 MB/s
3c84e34b319946f6531a2c4559f588a8  -

real	0m2.019s
user	0m1.871s
sys	0m0.513s
1000+0 records in
1000+0 records out
1048576000 bytes (1.0 GB) copied, 1.96978 s, 532 MB/s
3c84e34b319946f6531a2c4559f588a8  -

real	0m1.973s
user	0m1.775s
sys	0m0.553s
1000+0 records in
1000+0 records out
1048576000 bytes (1.0 GB) copied, 2.02728 s, 517 MB/s
3c84e34b319946f6531a2c4559f588a8  -

real	0m2.030s
user	0m1.859s
sys	0m0.530s
1000+0 records in
1000+0 records out
1048576000 bytes (1.0 GB) copied, 2.07628 s, 505 MB/s
3c84e34b319946f6531a2c4559f588a8  -

real	0m2.079s
user	0m1.915s
sys	0m0.531s
1000+0 records in
1000+0 records out
1048576000 bytes (1.0 GB) copied, 1.91008 s, 549 MB/s
3c84e34b319946f6531a2c4559f588a8  -

real	0m1.913s
user	0m1.766s
sys	0m0.492s
1000+0 records in
1000+0 records out
1048576000 bytes (1.0 GB) copied, 2.07633 s, 505 MB/s
3c84e34b319946f6531a2c4559f588a8  -

real	0m2.079s
user	0m1.882s
sys	0m0.577s
1000+0 records in
1000+0 records out
1048576000 bytes (1.0 GB) copied, 2.07009 s, 507 MB/s
3c84e34b319946f6531a2c4559f588a8  -

real	0m2.073s
user	0m1.859s
sys	0m0.588s
1000+0 records in
1000+0 records out
1048576000 bytes (1.0 GB) copied, 2.06811 s, 507 MB/s
3c84e34b319946f6531a2c4559f588a8  -

real	0m2.071s
user	0m1.831s
sys	0m0.626s
1000+0 records in
1000+0 records out
1048576000 bytes (1.0 GB) copied, 2.04338 s, 513 MB/s
3c84e34b319946f6531a2c4559f588a8  -

real	0m2.046s
user	0m1.843s
sys	0m0.571s
1000+0 records in
1000+0 records out
1048576000 bytes (1.0 GB) copied, 2.04443 s, 513 MB/s
3c84e34b319946f6531a2c4559f588a8  -

real	0m2.047s
user	0m1.901s
sys	0m0.523s
1000+0 records in
1000+0 records out
1048576000 bytes (1.0 GB) copied, 1.94803 s, 538 MB/s
3c84e34b319946f6531a2c4559f588a8  -

real	0m1.951s
user	0m1.794s
sys	0m0.511s
1000+0 records in
1000+0 records out
1048576000 bytes (1.0 GB) copied, 2.0498 s, 512 MB/s
3c84e34b319946f6531a2c4559f588a8  -

real	0m2.053s
user	0m1.924s
sys	0m0.503s
1000+0 records in
1000+0 records out
1048576000 bytes (1.0 GB) copied, 2.05707 s, 510 MB/s
3c84e34b319946f6531a2c4559f588a8  -

real	0m2.060s
user	0m1.907s
sys	0m0.524s
1000+0 records in
1000+0 records out
1048576000 bytes (1.0 GB) copied, 2.10055 s, 499 MB/s
3c84e34b319946f6531a2c4559f588a8  -

real	0m2.103s
user	0m1.762s
sys	0m0.699s
1000+0 records in
1000+0 records out
1048576000 bytes (1.0 GB) copied, 2.05685 s, 510 MB/s
3c84e34b319946f6531a2c4559f588a8  -

real	0m2.060s
user	0m1.877s
sys	0m0.562s
1000+0 records in
1000+0 records out
1048576000 bytes (1.0 GB) copied, 2.08571 s, 503 MB/s
3c84e34b319946f6531a2c4559f588a8  -

real	0m2.088s
user	0m1.897s
sys	0m0.571s
1000+0 records in
1000+0 records out
1048576000 bytes (1.0 GB) copied, 1.95052 s, 538 MB/s
3c84e34b319946f6531a2c4559f588a8  -

real	0m1.953s
user	0m1.789s
sys	0m0.509s
1000+0 records in
1000+0 records out
1048576000 bytes (1.0 GB) copied, 2.10163 s, 499 MB/s
3c84e34b319946f6531a2c4559f588a8  -

real	0m2.104s
user	0m1.941s
sys	0m0.530s
1000+0 records in
1000+0 records out
1048576000 bytes (1.0 GB) copied, 2.05038 s, 511 MB/s
3c84e34b319946f6531a2c4559f588a8  -

real	0m2.053s
user	0m1.912s
sys	0m0.502s
1000+0 records in
1000+0 records out
1048576000 bytes (1.0 GB) copied, 2.00352 s, 523 MB/s
3c84e34b319946f6531a2c4559f588a8  -

real	0m2.006s
user	0m1.867s
sys	0m0.496s
1000+0 records in
1000+0 records out
1048576000 bytes (1.0 GB) copied, 2.00465 s, 523 MB/s
3c84e34b319946f6531a2c4559f588a8  -

real	0m2.007s
user	0m1.836s
sys	0m0.535s
1000+0 records in
1000+0 records out
1048576000 bytes (1.0 GB) copied, 2.09901 s, 500 MB/s
3c84e34b319946f6531a2c4559f588a8  -

real	0m2.102s
user	0m1.948s
sys	0m0.558s
1000+0 records in
1000+0 records out
1048576000 bytes (1.0 GB) copied, 1.95438 s, 537 MB/s
3c84e34b319946f6531a2c4559f588a8  -

real	0m1.957s
user	0m1.776s
sys	0m0.533s
1000+0 records in
1000+0 records out
1048576000 bytes (1.0 GB) copied, 2.02195 s, 519 MB/s
3c84e34b319946f6531a2c4559f588a8  -

real	0m2.025s
user	0m1.860s
sys	0m0.528s
1000+0 records in
1000+0 records out
1048576000 bytes (1.0 GB) copied, 2.06873 s, 507 MB/s
3c84e34b319946f6531a2c4559f588a8  -

real	0m2.071s
user	0m1.908s
sys	0m0.544s
1000+0 records in
1000+0 records out
1048576000 bytes (1.0 GB) copied, 2.00761 s, 522 MB/s
3c84e34b319946f6531a2c4559f588a8  -

real	0m2.010s
user	0m1.856s
sys	0m0.511s
1000+0 records in
1000+0 records out
1048576000 bytes (1.0 GB) copied, 2.08238 s, 504 MB/s
3c84e34b319946f6531a2c4559f588a8  -

real	0m2.085s
user	0m1.888s
sys	0m0.581s
1000+0 records in
1000+0 records out
1048576000 bytes (1.0 GB) copied, 2.06936 s, 507 MB/s
3c84e34b319946f6531a2c4559f588a8  -

real	0m2.072s
user	0m1.891s
sys	0m0.558s
1000+0 records in
1000+0 records out
1048576000 bytes (1.0 GB) copied, 1.9586 s, 535 MB/s
3c84e34b319946f6531a2c4559f588a8  -

real	0m1.961s
user	0m1.772s
sys	0m0.542s
1000+0 records in
1000+0 records out
1048576000 bytes (1.0 GB) copied, 2.08135 s, 504 MB/s
3c84e34b319946f6531a2c4559f588a8  -

real	0m2.084s
user	0m1.904s
sys	0m0.560s
1000+0 records in
1000+0 records out
1048576000 bytes (1.0 GB) copied, 2.04338 s, 513 MB/s
3c84e34b319946f6531a2c4559f588a8  -

real	0m2.046s
user	0m1.882s
sys	0m0.534s
1000+0 records in
1000+0 records out
1048576000 bytes (1.0 GB) copied, 1.9998 s, 524 MB/s
3c84e34b319946f6531a2c4559f588a8  -

real	0m2.003s
user	0m1.836s
sys	0m0.564s
1000+0 records in
1000+0 records out
1048576000 bytes (1.0 GB) copied, 2.09269 s, 501 MB/s
3c84e34b319946f6531a2c4559f588a8  -

real	0m2.095s
user	0m1.827s
sys	0m0.641s
1000+0 records in
1000+0 records out
1048576000 bytes (1.0 GB) copied, 2.03499 s, 515 MB/s
3c84e34b319946f6531a2c4559f588a8  -

real	0m2.037s
user	0m1.862s
sys	0m0.561s
1000+0 records in
1000+0 records out
1048576000 bytes (1.0 GB) copied, 2.05159 s, 511 MB/s
3c84e34b319946f6531a2c4559f588a8  -

real	0m2.054s
user	0m1.886s
sys	0m0.549s
1000+0 records in
1000+0 records out
1048576000 bytes (1.0 GB) copied, 2.05284 s, 511 MB/s
3c84e34b319946f6531a2c4559f588a8  -

real	0m2.055s
user	0m1.882s
sys	0m0.547s
1000+0 records in
1000+0 records out
1048576000 bytes (1.0 GB) copied, 2.04486 s, 513 MB/s
3c84e34b319946f6531a2c4559f588a8  -

real	0m2.049s
user	0m1.831s
sys	0m0.584s
1000+0 records in
1000+0 records out
1048576000 bytes (1.0 GB) copied, 2.04928 s, 512 MB/s
3c84e34b319946f6531a2c4559f588a8  -

real	0m2.052s
user	0m1.810s
sys	0m0.604s
1000+0 records in
1000+0 records out
1048576000 bytes (1.0 GB) copied, 2.12029 s, 495 MB/s
3c84e34b319946f6531a2c4559f588a8  -

real	0m2.123s
user	0m1.841s
sys	0m0.634s
1000+0 records in
1000+0 records out
1048576000 bytes (1.0 GB) copied, 2.06146 s, 509 MB/s
3c84e34b319946f6531a2c4559f588a8  -

real	0m2.064s
user	0m1.868s
sys	0m0.576s
1000+0 records in
1000+0 records out
1048576000 bytes (1.0 GB) copied, 2.04012 s, 514 MB/s
3c84e34b319946f6531a2c4559f588a8  -

real	0m2.043s
user	0m1.868s
sys	0m0.574s
1000+0 records in
1000+0 records out
1048576000 bytes (1.0 GB) copied, 2.05468 s, 510 MB/s
3c84e34b319946f6531a2c4559f588a8  -

real	0m2.057s
user	0m1.876s
sys	0m0.560s
1000+0 records in
1000+0 records out
1048576000 bytes (1.0 GB) copied, 2.05633 s, 510 MB/s
3c84e34b319946f6531a2c4559f588a8  -

real	0m2.059s
user	0m1.867s
sys	0m0.569s
1000+0 records in
1000+0 records out
1048576000 bytes (1.0 GB) copied, 1.98795 s, 527 MB/s
3c84e34b319946f6531a2c4559f588a8  -

real	0m1.991s
user	0m1.800s
sys	0m0.551s
1000+0 records in
1000+0 records out
1048576000 bytes (1.0 GB) copied, 2.08396 s, 503 MB/s
3c84e34b319946f6531a2c4559f588a8  -

real	0m2.087s
user	0m1.762s
sys	0m0.672s
1000+0 records in
1000+0 records out
1048576000 bytes (1.0 GB) copied, 2.09283 s, 501 MB/s
3c84e34b319946f6531a2c4559f588a8  -

real	0m2.095s
user	0m1.917s
sys	0m0.562s
1000+0 records in
1000+0 records out
1048576000 bytes (1.0 GB) copied, 2.07858 s, 504 MB/s
3c84e34b319946f6531a2c4559f588a8  -

real	0m2.081s
user	0m1.896s
sys	0m0.563s
1000+0 records in
1000+0 records out
1048576000 bytes (1.0 GB) copied, 2.08485 s, 503 MB/s
3c84e34b319946f6531a2c4559f588a8  -

real	0m2.088s
user	0m1.917s
sys	0m0.550s
1000+0 records in
1000+0 records out
1048576000 bytes (1.0 GB) copied, 1.99742 s, 525 MB/s
3c84e34b319946f6531a2c4559f588a8  -

real	0m2.000s
user	0m1.839s
sys	0m0.513s
1000+0 records in
1000+0 records out
1048576000 bytes (1.0 GB) copied, 1.99039 s, 527 MB/s
3c84e34b319946f6531a2c4559f588a8  -

real	0m1.993s
user	0m1.811s
sys	0m0.544s
1000+0 records in
1000+0 records out
1048576000 bytes (1.0 GB) copied, 2.02497 s, 518 MB/s
3c84e34b319946f6531a2c4559f588a8  -

real	0m2.028s
user	0m1.864s
sys	0m0.558s
1000+0 records in
1000+0 records out
1048576000 bytes (1.0 GB) copied, 2.06793 s, 507 MB/s
3c84e34b319946f6531a2c4559f588a8  -

real	0m2.071s
user	0m1.896s
sys	0m0.555s
1000+0 records in
1000+0 records out
1048576000 bytes (1.0 GB) copied, 1.99491 s, 526 MB/s
3c84e34b319946f6531a2c4559f588a8  -

real	0m1.998s
user	0m1.856s
sys	0m0.498s
1000+0 records in
1000+0 records out
1048576000 bytes (1.0 GB) copied, 2.09738 s, 500 MB/s
3c84e34b319946f6531a2c4559f588a8  -

real	0m2.100s
user	0m1.920s
sys	0m0.565s
1000+0 records in
1000+0 records out
1048576000 bytes (1.0 GB) copied, 2.04584 s, 513 MB/s
3c84e34b319946f6531a2c4559f588a8  -

real	0m2.049s
user	0m1.898s
sys	0m0.515s
1000+0 records in
1000+0 records out
1048576000 bytes (1.0 GB) copied, 1.95577 s, 536 MB/s
3c84e34b319946f6531a2c4559f588a8  -

real	0m1.959s
user	0m1.778s
sys	0m0.533s
1000+0 records in
1000+0 records out
1048576000 bytes (1.0 GB) copied, 2.03293 s, 516 MB/s
3c84e34b319946f6531a2c4559f588a8  -

real	0m2.036s
user	0m1.857s
sys	0m0.563s
1000+0 records in
1000+0 records out
1048576000 bytes (1.0 GB) copied, 2.03175 s, 516 MB/s
3c84e34b319946f6531a2c4559f588a8  -

real	0m2.034s
user	0m1.886s
sys	0m0.510s
1000+0 records in
1000+0 records out
1048576000 bytes (1.0 GB) copied, 2.07744 s, 505 MB/s
3c84e34b319946f6531a2c4559f588a8  -

real	0m2.080s
user	0m1.888s
sys	0m0.573s
1000+0 records in
1000+0 records out
1048576000 bytes (1.0 GB) copied, 2.10473 s, 498 MB/s
3c84e34b319946f6531a2c4559f588a8  -

real	0m2.108s
user	0m1.953s
sys	0m0.544s
1000+0 records in
1000+0 records out
1048576000 bytes (1.0 GB) copied, 2.0608 s, 509 MB/s
3c84e34b319946f6531a2c4559f588a8  -

real	0m2.063s
user	0m1.900s
sys	0m0.541s
1000+0 records in
1000+0 records out
1048576000 bytes (1.0 GB) copied, 2.06044 s, 509 MB/s
3c84e34b319946f6531a2c4559f588a8  -

real	0m2.063s
user	0m1.869s
sys	0m0.574s
1000+0 records in
1000+0 records out
1048576000 bytes (1.0 GB) copied, 2.02047 s, 519 MB/s
3c84e34b319946f6531a2c4559f588a8  -

real	0m2.023s
user	0m1.864s
sys	0m0.529s
1000+0 records in
1000+0 records out
1048576000 bytes (1.0 GB) copied, 2.07368 s, 506 MB/s
3c84e34b319946f6531a2c4559f588a8  -

real	0m2.076s
user	0m1.886s
sys	0m0.571s
1000+0 records in
1000+0 records out
1048576000 bytes (1.0 GB) copied, 2.06598 s, 508 MB/s
3c84e34b319946f6531a2c4559f588a8  -

real	0m2.069s
user	0m1.901s
sys	0m0.593s
1000+0 records in
1000+0 records out
1048576000 bytes (1.0 GB) copied, 2.16413 s, 485 MB/s
3c84e34b319946f6531a2c4559f588a8  -

real	0m2.167s
user	0m1.900s
sys	0m0.640s
1000+0 records in
1000+0 records out
1048576000 bytes (1.0 GB) copied, 1.99845 s, 525 MB/s
3c84e34b319946f6531a2c4559f588a8  -

real	0m2.001s
user	0m1.855s
sys	0m0.506s
1000+0 records in
1000+0 records out
1048576000 bytes (1.0 GB) copied, 2.09415 s, 501 MB/s
3c84e34b319946f6531a2c4559f588a8  -

real	0m2.097s
user	0m1.908s
sys	0m0.574s
1000+0 records in
1000+0 records out
1048576000 bytes (1.0 GB) copied, 2.04194 s, 514 MB/s
3c84e34b319946f6531a2c4559f588a8  -

real	0m2.045s
user	0m1.885s
sys	0m0.526s
1000+0 records in
1000+0 records out
1048576000 bytes (1.0 GB) copied, 2.059 s, 509 MB/s
3c84e34b319946f6531a2c4559f588a8  -

real	0m2.062s
user	0m1.872s
sys	0m0.564s
1000+0 records in
1000+0 records out
1048576000 bytes (1.0 GB) copied, 2.0649 s, 508 MB/s
3c84e34b319946f6531a2c4559f588a8  -

real	0m2.068s
user	0m1.880s
sys	0m0.564s
1000+0 records in
1000+0 records out
1048576000 bytes (1.0 GB) copied, 1.95515 s, 536 MB/s
3c84e34b319946f6531a2c4559f588a8  -

real	0m1.958s
user	0m1.790s
sys	0m0.522s
1000+0 records in
1000+0 records out
1048576000 bytes (1.0 GB) copied, 2.06923 s, 507 MB/s
3c84e34b319946f6531a2c4559f588a8  -

real	0m2.072s
user	0m1.897s
sys	0m0.549s
1000+0 records in
1000+0 records out
1048576000 bytes (1.0 GB) copied, 2.05116 s, 511 MB/s
3c84e34b319946f6531a2c4559f588a8  -

real	0m2.054s
user	0m1.841s
sys	0m0.579s
1000+0 records in
1000+0 records out
1048576000 bytes (1.0 GB) copied, 1.98902 s, 527 MB/s
3c84e34b319946f6531a2c4559f588a8  -

real	0m1.992s
user	0m1.833s
sys	0m0.521s
1000+0 records in
1000+0 records out
1048576000 bytes (1.0 GB) copied, 2.00936 s, 522 MB/s
3c84e34b319946f6531a2c4559f588a8  -

real	0m2.012s
user	0m1.799s
sys	0m0.568s
1000+0 records in
1000+0 records out
1048576000 bytes (1.0 GB) copied, 2.04811 s, 512 MB/s
3c84e34b319946f6531a2c4559f588a8  -

real	0m2.051s
user	0m1.865s
sys	0m0.559s
1000+0 records in
1000+0 records out
1048576000 bytes (1.0 GB) copied, 2.05629 s, 510 MB/s
3c84e34b319946f6531a2c4559f588a8  -

real	0m2.059s
user	0m1.857s
sys	0m0.569s
1000+0 records in
1000+0 records out
1048576000 bytes (1.0 GB) copied, 2.06711 s, 507 MB/s
3c84e34b319946f6531a2c4559f588a8  -

real	0m2.070s
user	0m1.871s
sys	0m0.564s
1000+0 records in
1000+0 records out
1048576000 bytes (1.0 GB) copied, 1.91874 s, 546 MB/s
3c84e34b319946f6531a2c4559f588a8  -

real	0m1.922s
user	0m1.764s
sys	0m0.503s
1000+0 records in
1000+0 records out
1048576000 bytes (1.0 GB) copied, 2.04178 s, 514 MB/s
3c84e34b319946f6531a2c4559f588a8  -

real	0m2.045s
user	0m1.864s
sys	0m0.545s
1000+0 records in
1000+0 records out
1048576000 bytes (1.0 GB) copied, 2.03924 s, 514 MB/s
3c84e34b319946f6531a2c4559f588a8  -

real	0m2.042s
user	0m1.889s
sys	0m0.524s
1000+0 records in
1000+0 records out
1048576000 bytes (1.0 GB) copied, 1.91089 s, 549 MB/s
3c84e34b319946f6531a2c4559f588a8  -

real	0m1.914s
user	0m1.775s
sys	0m0.487s
1000+0 records in
1000+0 records out
1048576000 bytes (1.0 GB) copied, 1.97092 s, 532 MB/s
3c84e34b319946f6531a2c4559f588a8  -

real	0m1.974s
user	0m1.785s
sys	0m0.544s
1000+0 records in
1000+0 records out
1048576000 bytes (1.0 GB) copied, 1.97229 s, 532 MB/s
3c84e34b319946f6531a2c4559f588a8  -

real	0m1.975s
user	0m1.812s
sys	0m0.525s
1000+0 records in
1000+0 records out
3c84e34b319946f6531a2c4559f588a8  -
1048576000 bytes (1.0 GB) copied, 2.02415 s, 518 MB/s

real	0m2.027s
user	0m1.857s
sys	0m0.530s
1000+0 records in
1000+0 records out
1048576000 bytes (1.0 GB) copied, 2.03455 s, 515 MB/s
3c84e34b319946f6531a2c4559f588a8  -

real	0m2.038s
user	0m1.860s
sys	0m0.541s
1000+0 records in
1000+0 records out
1048576000 bytes (1.0 GB) copied, 1.98028 s, 530 MB/s
3c84e34b319946f6531a2c4559f588a8  -

real	0m1.983s
user	0m1.829s
sys	0m0.522s
1000+0 records in
1000+0 records out
1048576000 bytes (1.0 GB) copied, 2.10618 s, 498 MB/s
3c84e34b319946f6531a2c4559f588a8  -

real	0m2.109s
user	0m1.930s
sys	0m0.559s
1000+0 records in
1000+0 records out
1048576000 bytes (1.0 GB) copied, 2.01477 s, 520 MB/s
3c84e34b319946f6531a2c4559f588a8  -

real	0m2.018s
user	0m1.823s
sys	0m0.561s
1000+0 records in
1000+0 records out
1048576000 bytes (1.0 GB) copied, 2.02382 s, 518 MB/s
3c84e34b319946f6531a2c4559f588a8  -

real	0m2.027s
user	0m1.840s
sys	0m0.552s
1000+0 records in
1000+0 records out
1048576000 bytes (1.0 GB) copied, 2.03397 s, 516 MB/s
3c84e34b319946f6531a2c4559f588a8  -

real	0m2.037s
user	0m1.840s
sys	0m0.568s
1000+0 records in
1000+0 records out
1048576000 bytes (1.0 GB) copied, 2.08028 s, 504 MB/s
3c84e34b319946f6531a2c4559f588a8  -

real	0m2.083s
user	0m1.876s
sys	0m0.583s
1000+0 records in
1000+0 records out
1048576000 bytes (1.0 GB) copied, 2.00243 s, 524 MB/s
3c84e34b319946f6531a2c4559f588a8  -

real	0m2.005s
user	0m1.815s
sys	0m0.560s
1000+0 records in
1000+0 records out
1048576000 bytes (1.0 GB) copied, 2.03829 s, 514 MB/s
3c84e34b319946f6531a2c4559f588a8  -

real	0m2.041s
user	0m1.860s
sys	0m0.550s
1000+0 records in
1000+0 records out
1048576000 bytes (1.0 GB) copied, 2.08806 s, 502 MB/s
3c84e34b319946f6531a2c4559f588a8  -

real	0m2.091s
user	0m1.910s
sys	0m0.556s
1000+0 records in
1000+0 records out
1048576000 bytes (1.0 GB) copied, 2.00812 s, 522 MB/s
3c84e34b319946f6531a2c4559f588a8  -

real	0m2.011s
user	0m1.842s
sys	0m0.535s
1000+0 records in
1000+0 records out
1048576000 bytes (1.0 GB) copied, 1.92753 s, 544 MB/s
3c84e34b319946f6531a2c4559f588a8  -

real	0m1.930s
user	0m1.779s
sys	0m0.502s
1000+0 records in
1000+0 records out
1048576000 bytes (1.0 GB) copied, 1.97896 s, 530 MB/s
3c84e34b319946f6531a2c4559f588a8  -

real	0m1.982s
user	0m1.777s
sys	0m0.559s
1000+0 records in
1000+0 records out
1048576000 bytes (1.0 GB) copied, 2.07117 s, 506 MB/s
3c84e34b319946f6531a2c4559f588a8  -

real	0m2.074s
user	0m1.909s
sys	0m0.538s
1000+0 records in
1000+0 records out
1048576000 bytes (1.0 GB) copied, 1.92099 s, 546 MB/s
3c84e34b319946f6531a2c4559f588a8  -

real	0m1.924s
user	0m1.758s
sys	0m0.515s
1000+0 records in
1000+0 records out
1048576000 bytes (1.0 GB) copied, 1.97331 s, 531 MB/s
3c84e34b319946f6531a2c4559f588a8  -

real	0m1.976s
user	0m1.784s
sys	0m0.550s
1000+0 records in
1000+0 records out
1048576000 bytes (1.0 GB) copied, 2.07646 s, 505 MB/s
3c84e34b319946f6531a2c4559f588a8  -

real	0m2.079s
user	0m1.893s
sys	0m0.563s
1000+0 records in
1000+0 records out
1048576000 bytes (1.0 GB) copied, 1.94304 s, 540 MB/s
3c84e34b319946f6531a2c4559f588a8  -

real	0m1.946s
user	0m1.769s
sys	0m0.525s
1000+0 records in
1000+0 records out
1048576000 bytes (1.0 GB) copied, 1.99714 s, 525 MB/s
3c84e34b319946f6531a2c4559f588a8  -

real	0m2.000s
user	0m1.828s
sys	0m0.530s
1000+0 records in
1000+0 records out
1048576000 bytes (1.0 GB) copied, 2.02102 s, 519 MB/s
3c84e34b319946f6531a2c4559f588a8  -

real	0m2.024s
user	0m1.838s
sys	0m0.546s
1000+0 records in
1000+0 records out
1048576000 bytes (1.0 GB) copied, 2.05792 s, 510 MB/s
3c84e34b319946f6531a2c4559f588a8  -

real	0m2.061s
user	0m1.890s
sys	0m0.545s
1000+0 records in
1000+0 records out
1048576000 bytes (1.0 GB) copied, 2.02916 s, 517 MB/s
3c84e34b319946f6531a2c4559f588a8  -

real	0m2.032s
user	0m1.834s
sys	0m0.561s
1000+0 records in
1000+0 records out
1048576000 bytes (1.0 GB) copied, 2.0135 s, 521 MB/s
3c84e34b319946f6531a2c4559f588a8  -

real	0m2.017s
user	0m1.798s
sys	0m0.576s
1000+0 records in
1000+0 records out
1048576000 bytes (1.0 GB) copied, 2.012 s, 521 MB/s
3c84e34b319946f6531a2c4559f588a8  -

real	0m2.015s
user	0m1.858s
sys	0m0.526s
1000+0 records in
1000+0 records out
1048576000 bytes (1.0 GB) copied, 2.07178 s, 506 MB/s
3c84e34b319946f6531a2c4559f588a8  -

real	0m2.075s
user	0m1.877s
sys	0m0.568s
1000+0 records in
1000+0 records out
1048576000 bytes (1.0 GB) copied, 1.99962 s, 524 MB/s
3c84e34b319946f6531a2c4559f588a8  -

real	0m2.002s
user	0m1.871s
sys	0m0.497s
1000+0 records in
1000+0 records out
1048576000 bytes (1.0 GB) copied, 2.03046 s, 516 MB/s
3c84e34b319946f6531a2c4559f588a8  -

real	0m2.034s
user	0m1.838s
sys	0m0.561s
1000+0 records in
1000+0 records out
1048576000 bytes (1.0 GB) copied, 2.0611 s, 509 MB/s
3c84e34b319946f6531a2c4559f588a8  -

real	0m2.064s
user	0m1.891s
sys	0m0.548s
1000+0 records in
1000+0 records out
1048576000 bytes (1.0 GB) copied, 2.0003 s, 524 MB/s
3c84e34b319946f6531a2c4559f588a8  -

real	0m2.003s
user	0m1.832s
sys	0m0.532s
1000+0 records in
1000+0 records out
1048576000 bytes (1.0 GB) copied, 2.01974 s, 519 MB/s
3c84e34b319946f6531a2c4559f588a8  -

real	0m2.023s
user	0m1.837s
sys	0m0.550s
1000+0 records in
1000+0 records out
1048576000 bytes (1.0 GB) copied, 1.96042 s, 535 MB/s
3c84e34b319946f6531a2c4559f588a8  -

real	0m1.963s
user	0m1.801s
sys	0m0.523s
1000+0 records in
1000+0 records out
1048576000 bytes (1.0 GB) copied, 2.03598 s, 515 MB/s
3c84e34b319946f6531a2c4559f588a8  -

real	0m2.039s
user	0m1.838s
sys	0m0.564s
1000+0 records in
1000+0 records out
1048576000 bytes (1.0 GB) copied, 2.06669 s, 507 MB/s
3c84e34b319946f6531a2c4559f588a8  -

real	0m2.070s
user	0m1.878s
sys	0m0.590s
1000+0 records in
1000+0 records out
1048576000 bytes (1.0 GB) copied, 2.06928 s, 507 MB/s
3c84e34b319946f6531a2c4559f588a8  -

real	0m2.072s
user	0m1.886s
sys	0m0.554s
1000+0 records in
1000+0 records out
1048576000 bytes (1.0 GB) copied, 1.98809 s, 527 MB/s
3c84e34b319946f6531a2c4559f588a8  -

real	0m1.991s
user	0m1.841s
sys	0m0.512s
1000+0 records in
1000+0 records out
1048576000 bytes (1.0 GB) copied, 2.00184 s, 524 MB/s
3c84e34b319946f6531a2c4559f588a8  -

real	0m2.005s
user	0m1.842s
sys	0m0.529s
1000+0 records in
1000+0 records out
1048576000 bytes (1.0 GB) copied, 1.94287 s, 540 MB/s
3c84e34b319946f6531a2c4559f588a8  -

real	0m1.946s
user	0m1.785s
sys	0m0.512s
1000+0 records in
1000+0 records out
1048576000 bytes (1.0 GB) copied, 2.01658 s, 520 MB/s
3c84e34b319946f6531a2c4559f588a8  -

real	0m2.020s
user	0m1.858s
sys	0m0.526s
1000+0 records in
1000+0 records out
1048576000 bytes (1.0 GB) copied, 2.03396 s, 516 MB/s
3c84e34b319946f6531a2c4559f588a8  -

real	0m2.037s
user	0m1.872s
sys	0m0.536s
1000+0 records in
1000+0 records out
1048576000 bytes (1.0 GB) copied, 2.11404 s, 496 MB/s
3c84e34b319946f6531a2c4559f588a8  -

real	0m2.117s
user	0m1.940s
sys	0m0.561s
1000+0 records in
1000+0 records out
1048576000 bytes (1.0 GB) copied, 2.07386 s, 506 MB/s
3c84e34b319946f6531a2c4559f588a8  -

real	0m2.077s
user	0m1.917s
sys	0m0.533s
1000+0 records in
1000+0 records out
1048576000 bytes (1.0 GB) copied, 2.04984 s, 512 MB/s
3c84e34b319946f6531a2c4559f588a8  -

real	0m2.053s
user	0m1.850s
sys	0m0.572s
1000+0 records in
1000+0 records out
1048576000 bytes (1.0 GB) copied, 1.95359 s, 537 MB/s
3c84e34b319946f6531a2c4559f588a8  -

real	0m1.957s
user	0m1.798s
sys	0m0.514s
1000+0 records in
1000+0 records out
1048576000 bytes (1.0 GB) copied, 2.03108 s, 516 MB/s
3c84e34b319946f6531a2c4559f588a8  -

real	0m2.034s
user	0m1.873s
sys	0m0.535s
1000+0 records in
1000+0 records out
1048576000 bytes (1.0 GB) copied, 1.97614 s, 531 MB/s
3c84e34b319946f6531a2c4559f588a8  -

real	0m1.979s
user	0m1.777s
sys	0m0.551s
1000+0 records in
1000+0 records out
1048576000 bytes (1.0 GB) copied, 2.05674 s, 510 MB/s
3c84e34b319946f6531a2c4559f588a8  -

real	0m2.060s
user	0m1.859s
sys	0m0.568s
1000+0 records in
1000+0 records out
1048576000 bytes (1.0 GB) copied, 1.97259 s, 532 MB/s
3c84e34b319946f6531a2c4559f588a8  -

real	0m1.976s
user	0m1.818s
sys	0m0.537s
1000+0 records in
1000+0 records out
1048576000 bytes (1.0 GB) copied, 2.0218 s, 519 MB/s
3c84e34b319946f6531a2c4559f588a8  -

real	0m2.026s
user	0m1.860s
sys	0m0.532s
1000+0 records in
1000+0 records out
1048576000 bytes (1.0 GB) copied, 1.97341 s, 531 MB/s
3c84e34b319946f6531a2c4559f588a8  -

real	0m1.976s
user	0m1.778s
sys	0m0.552s
1000+0 records in
1000+0 records out
1048576000 bytes (1.0 GB) copied, 2.06826 s, 507 MB/s
3c84e34b319946f6531a2c4559f588a8  -

real	0m2.072s
user	0m1.903s
sys	0m0.535s
1000+0 records in
1000+0 records out
1048576000 bytes (1.0 GB) copied, 2.01694 s, 520 MB/s
3c84e34b319946f6531a2c4559f588a8  -

real	0m2.020s
user	0m1.860s
sys	0m0.527s
1000+0 records in
1000+0 records out
1048576000 bytes (1.0 GB) copied, 2.02084 s, 519 MB/s
3c84e34b319946f6531a2c4559f588a8  -

real	0m2.024s
user	0m1.836s
sys	0m0.547s
1000+0 records in
1000+0 records out
1048576000 bytes (1.0 GB) copied, 2.03718 s, 515 MB/s
3c84e34b319946f6531a2c4559f588a8  -

real	0m2.040s
user	0m1.860s
sys	0m0.546s
1000+0 records in
1000+0 records out
1048576000 bytes (1.0 GB) copied, 2.02264 s, 518 MB/s
3c84e34b319946f6531a2c4559f588a8  -

real	0m2.026s
user	0m1.879s
sys	0m0.515s
1000+0 records in
1000+0 records out
1048576000 bytes (1.0 GB) copied, 2.0135 s, 521 MB/s
3c84e34b319946f6531a2c4559f588a8  -

real	0m2.017s
user	0m1.809s
sys	0m0.566s
1000+0 records in
1000+0 records out
1048576000 bytes (1.0 GB) copied, 1.91487 s, 548 MB/s
3c84e34b319946f6531a2c4559f588a8  -

real	0m1.918s
user	0m1.758s
sys	0m0.510s
1000+0 records in
1000+0 records out
1048576000 bytes (1.0 GB) copied, 2.09519 s, 500 MB/s
3c84e34b319946f6531a2c4559f588a8  -

real	0m2.098s
user	0m1.891s
sys	0m0.582s
1000+0 records in
1000+0 records out
1048576000 bytes (1.0 GB) copied, 2.01858 s, 519 MB/s
3c84e34b319946f6531a2c4559f588a8  -

real	0m2.021s
user	0m1.855s
sys	0m0.533s
1000+0 records in
1000+0 records out
1048576000 bytes (1.0 GB) copied, 2.04952 s, 512 MB/s
3c84e34b319946f6531a2c4559f588a8  -

real	0m2.052s
user	0m1.878s
sys	0m0.539s
1000+0 records in
1000+0 records out
1048576000 bytes (1.0 GB) copied, 2.01533 s, 520 MB/s
3c84e34b319946f6531a2c4559f588a8  -

real	0m2.018s
user	0m1.790s
sys	0m0.583s
1000+0 records in
1000+0 records out
1048576000 bytes (1.0 GB) copied, 2.02699 s, 517 MB/s
3c84e34b319946f6531a2c4559f588a8  -

real	0m2.030s
user	0m1.855s
sys	0m0.539s
1000+0 records in
1000+0 records out
1048576000 bytes (1.0 GB) copied, 2.06014 s, 509 MB/s
3c84e34b319946f6531a2c4559f588a8  -

real	0m2.063s
user	0m1.832s
sys	0m0.595s
1000+0 records in
1000+0 records out
1048576000 bytes (1.0 GB) copied, 2.00731 s, 522 MB/s
3c84e34b319946f6531a2c4559f588a8  -

real	0m2.011s
user	0m1.855s
sys	0m0.520s
1000+0 records in
1000+0 records out
1048576000 bytes (1.0 GB) copied, 2.01109 s, 521 MB/s
3c84e34b319946f6531a2c4559f588a8  -

real	0m2.014s
user	0m1.856s
sys	0m0.523s
1000+0 records in
1000+0 records out
1048576000 bytes (1.0 GB) copied, 1.93112 s, 543 MB/s
3c84e34b319946f6531a2c4559f588a8  -

real	0m1.934s
user	0m1.784s
sys	0m0.500s
1000+0 records in
1000+0 records out
1048576000 bytes (1.0 GB) copied, 1.99131 s, 527 MB/s
3c84e34b319946f6531a2c4559f588a8  -

real	0m1.994s
user	0m1.836s
sys	0m0.522s
1000+0 records in
1000+0 records out
1048576000 bytes (1.0 GB) copied, 2.06553 s, 508 MB/s
3c84e34b319946f6531a2c4559f588a8  -

real	0m2.069s
user	0m1.874s
sys	0m0.560s
1000+0 records in
1000+0 records out
1048576000 bytes (1.0 GB) copied, 2.04674 s, 512 MB/s
3c84e34b319946f6531a2c4559f588a8  -

real	0m2.050s
user	0m1.867s
sys	0m0.552s
1000+0 records in
1000+0 records out
1048576000 bytes (1.0 GB) copied, 2.00781 s, 522 MB/s
3c84e34b319946f6531a2c4559f588a8  -

real	0m2.011s
user	0m1.869s
sys	0m0.506s
1000+0 records in
1000+0 records out
1048576000 bytes (1.0 GB) copied, 2.01831 s, 520 MB/s
3c84e34b319946f6531a2c4559f588a8  -

real	0m2.021s
user	0m1.824s
sys	0m0.555s
1000+0 records in
1000+0 records out
1048576000 bytes (1.0 GB) copied, 2.05023 s, 511 MB/s
3c84e34b319946f6531a2c4559f588a8  -

real	0m2.053s
user	0m1.852s
sys	0m0.570s
1000+0 records in
1000+0 records out
1048576000 bytes (1.0 GB) copied, 1.92963 s, 543 MB/s
3c84e34b319946f6531a2c4559f588a8  -

real	0m1.933s
user	0m1.769s
sys	0m0.519s
1000+0 records in
1000+0 records out
1048576000 bytes (1.0 GB) copied, 1.96456 s, 534 MB/s
3c84e34b319946f6531a2c4559f588a8  -

real	0m1.968s
user	0m1.807s
sys	0m0.517s
1000+0 records in
1000+0 records out
1048576000 bytes (1.0 GB) copied, 2.07681 s, 505 MB/s
3c84e34b319946f6531a2c4559f588a8  -

real	0m2.080s
user	0m1.927s
sys	0m0.532s
1000+0 records in
1000+0 records out
1048576000 bytes (1.0 GB) copied, 1.96042 s, 535 MB/s
3c84e34b319946f6531a2c4559f588a8  -

real	0m1.963s
user	0m1.790s
sys	0m0.521s
1000+0 records in
1000+0 records out
1048576000 bytes (1.0 GB) copied, 1.97465 s, 531 MB/s
3c84e34b319946f6531a2c4559f588a8  -

real	0m1.977s
user	0m1.798s
sys	0m0.530s
1000+0 records in
1000+0 records out
1048576000 bytes (1.0 GB) copied, 1.9962 s, 525 MB/s
3c84e34b319946f6531a2c4559f588a8  -

real	0m1.999s
user	0m1.858s
sys	0m0.508s
1000+0 records in
1000+0 records out
1048576000 bytes (1.0 GB) copied, 1.9456 s, 539 MB/s
3c84e34b319946f6531a2c4559f588a8  -

real	0m1.949s
user	0m1.775s
sys	0m0.523s
1000+0 records in
1000+0 records out
1048576000 bytes (1.0 GB) copied, 2.00361 s, 523 MB/s
3c84e34b319946f6531a2c4559f588a8  -

real	0m2.007s
user	0m1.836s
sys	0m0.537s
1000+0 records in
1000+0 records out
1048576000 bytes (1.0 GB) copied, 2.06014 s, 509 MB/s
3c84e34b319946f6531a2c4559f588a8  -

real	0m2.063s
user	0m1.902s
sys	0m0.532s
1000+0 records in
1000+0 records out
1048576000 bytes (1.0 GB) copied, 2.05118 s, 511 MB/s
3c84e34b319946f6531a2c4559f588a8  -

real	0m2.054s
user	0m1.902s
sys	0m0.527s
1000+0 records in
1000+0 records out
1048576000 bytes (1.0 GB) copied, 1.97423 s, 531 MB/s
3c84e34b319946f6531a2c4559f588a8  -

real	0m1.977s
user	0m1.822s
sys	0m0.511s
1000+0 records in
1000+0 records out
1048576000 bytes (1.0 GB) copied, 2.08393 s, 503 MB/s
3c84e34b319946f6531a2c4559f588a8  -

real	0m2.087s
user	0m1.887s
sys	0m0.575s
1000+0 records in
1000+0 records out
1048576000 bytes (1.0 GB) copied, 1.96573 s, 533 MB/s
3c84e34b319946f6531a2c4559f588a8  -

real	0m1.969s
user	0m1.775s
sys	0m0.541s
1000+0 records in
1000+0 records out
1048576000 bytes (1.0 GB) copied, 1.95307 s, 537 MB/s
3c84e34b319946f6531a2c4559f588a8  -

real	0m1.956s
user	0m1.772s
sys	0m0.537s
1000+0 records in
1000+0 records out
1048576000 bytes (1.0 GB) copied, 2.05701 s, 510 MB/s
3c84e34b319946f6531a2c4559f588a8  -

real	0m2.060s
user	0m1.841s
sys	0m0.589s
1000+0 records in
1000+0 records out
1048576000 bytes (1.0 GB) copied, 2.08275 s, 503 MB/s
3c84e34b319946f6531a2c4559f588a8  -

real	0m2.086s
user	0m1.899s
sys	0m0.567s
1000+0 records in
1000+0 records out
1048576000 bytes (1.0 GB) copied, 1.92712 s, 544 MB/s
3c84e34b319946f6531a2c4559f588a8  -

real	0m1.930s
user	0m1.788s
sys	0m0.486s
1000+0 records in
1000+0 records out
1048576000 bytes (1.0 GB) copied, 1.9571 s, 536 MB/s
3c84e34b319946f6531a2c4559f588a8  -

real	0m1.960s
user	0m1.782s
sys	0m0.526s
1000+0 records in
1000+0 records out
1048576000 bytes (1.0 GB) copied, 2.01123 s, 521 MB/s
3c84e34b319946f6531a2c4559f588a8  -

real	0m2.014s
user	0m1.788s
sys	0m0.584s
1000+0 records in
1000+0 records out
1048576000 bytes (1.0 GB) copied, 1.92967 s, 543 MB/s
3c84e34b319946f6531a2c4559f588a8  -

real	0m1.933s
user	0m1.771s
sys	0m0.509s
1000+0 records in
1000+0 records out
1048576000 bytes (1.0 GB) copied, 2.06587 s, 508 MB/s
3c84e34b319946f6531a2c4559f588a8  -

real	0m2.069s
user	0m1.870s
sys	0m0.571s
1000+0 records in
1000+0 records out
1048576000 bytes (1.0 GB) copied, 2.03416 s, 515 MB/s
3c84e34b319946f6531a2c4559f588a8  -

real	0m2.037s
user	0m1.868s
sys	0m0.543s
1000+0 records in
1000+0 records out
1048576000 bytes (1.0 GB) copied, 2.03815 s, 514 MB/s
3c84e34b319946f6531a2c4559f588a8  -

real	0m2.041s
user	0m1.869s
sys	0m0.535s
1000+0 records in
1000+0 records out
1048576000 bytes (1.0 GB) copied, 2.00542 s, 523 MB/s
3c84e34b319946f6531a2c4559f588a8  -

real	0m2.009s
user	0m1.856s
sys	0m0.518s
1000+0 records in
1000+0 records out
1048576000 bytes (1.0 GB) copied, 2.03984 s, 514 MB/s
3c84e34b319946f6531a2c4559f588a8  -

real	0m2.043s
user	0m1.871s
sys	0m0.549s
1000+0 records in
1000+0 records out
3c84e34b319946f6531a2c4559f588a8  -
1048576000 bytes (1.0 GB) copied, 2.12516 s, 493 MB/s

real	0m2.128s
user	0m1.984s
sys	0m0.529s
1000+0 records in
1000+0 records out
1048576000 bytes (1.0 GB) copied, 2.05974 s, 509 MB/s
3c84e34b319946f6531a2c4559f588a8  -

real	0m2.063s
user	0m1.870s
sys	0m0.564s
1000+0 records in
1000+0 records out
1048576000 bytes (1.0 GB) copied, 1.99831 s, 525 MB/s
3c84e34b319946f6531a2c4559f588a8  -

real	0m2.001s
user	0m1.840s
sys	0m0.528s
1000+0 records in
1000+0 records out
1048576000 bytes (1.0 GB) copied, 1.96469 s, 534 MB/s
3c84e34b319946f6531a2c4559f588a8  -

real	0m1.968s
user	0m1.793s
sys	0m0.533s
1000+0 records in
1000+0 records out
1048576000 bytes (1.0 GB) copied, 2.0079 s, 522 MB/s
3c84e34b319946f6531a2c4559f588a8  -

real	0m2.011s
user	0m1.824s
sys	0m0.553s
1000+0 records in
1000+0 records out
1048576000 bytes (1.0 GB) copied, 2.01362 s, 521 MB/s
3c84e34b319946f6531a2c4559f588a8  -

real	0m2.017s
user	0m1.826s
sys	0m0.556s
1000+0 records in
1000+0 records out
1048576000 bytes (1.0 GB) copied, 1.91977 s, 546 MB/s
3c84e34b319946f6531a2c4559f588a8  -

real	0m1.923s
user	0m1.766s
sys	0m0.505s
1000+0 records in
1000+0 records out
1048576000 bytes (1.0 GB) copied, 1.91084 s, 549 MB/s
3c84e34b319946f6531a2c4559f588a8  -

real	0m1.914s
user	0m1.764s
sys	0m0.499s
1000+0 records in
1000+0 records out
1048576000 bytes (1.0 GB) copied, 2.0265 s, 517 MB/s
3c84e34b319946f6531a2c4559f588a8  -

real	0m2.030s
user	0m1.852s
sys	0m0.538s
1000+0 records in
1000+0 records out
1048576000 bytes (1.0 GB) copied, 1.93268 s, 543 MB/s
3c84e34b319946f6531a2c4559f588a8  -

real	0m1.936s
user	0m1.788s
sys	0m0.503s
1000+0 records in
1000+0 records out
1048576000 bytes (1.0 GB) copied, 1.91199 s, 548 MB/s
3c84e34b319946f6531a2c4559f588a8  -

real	0m1.915s
user	0m1.770s
sys	0m0.494s
1000+0 records in
1000+0 records out
1048576000 bytes (1.0 GB) copied, 1.99952 s, 524 MB/s
3c84e34b319946f6531a2c4559f588a8  -

real	0m2.002s
user	0m1.816s
sys	0m0.538s
