1000+0 records in
1000+0 records out
3c84e34b319946f6531a2c4559f588a8  -
1048576000 bytes (1.0 GB) copied, 2.61347 s, 401 MB/s

real	0m2.616s
user	0m2.341s
sys	0m0.609s
1000+0 records in
1000+0 records out
3c84e34b319946f6531a2c4559f588a8  -
1048576000 bytes (1.0 GB) copied, 2.68426 s, 391 MB/s

real	0m2.687s
user	0m2.343s
sys	0m0.609s
1000+0 records in
1000+0 records out
3c84e34b319946f6531a2c4559f588a8  -
1048576000 bytes (1.0 GB) copied, 2.61723 s, 401 MB/s

real	0m2.620s
user	0m2.361s
sys	0m0.583s
1000+0 records in
1000+0 records out
1048576000 bytes (1.0 GB) copied3c84e34b319946f6531a2c4559f588a8  -
, 2.70248 s, 388 MB/s

real	0m2.705s
user	0m2.330s
sys	0m0.615s
1000+0 records in
1000+0 records out
3c84e34b319946f6531a2c4559f588a8  -
1048576000 bytes (1.0 GB) copied, 2.66548 s, 393 MB/s

real	0m2.668s
user	0m2.360s
sys	0m0.578s
1000+0 records in
1000+0 records out
3c84e34b319946f6531a2c4559f588a8  -
1048576000 bytes (1.0 GB) copied, 2.62207 s, 400 MB/s

real	0m2.625s
user	0m2.336s
sys	0m0.604s
1000+0 records in
1000+0 records out
3c84e34b319946f6531a2c4559f588a8  -
1048576000 bytes (1.0 GB) copied, 2.60493 s, 403 MB/s

real	0m2.608s
user	0m2.357s
sys	0m0.563s
1000+0 records in
1000+0 records out
3c84e34b319946f6531a2c4559f588a8  -
1048576000 bytes (1.0 GB) copied, 2.60907 s, 402 MB/s

real	0m2.612s
user	0m2.353s
sys	0m0.592s
1000+0 records in
1000+0 records out
3c84e34b319946f6531a2c4559f588a8  -
1048576000 bytes (1.0 GB) copied, 2.60234 s, 403 MB/s

real	0m2.605s
user	0m2.331s
sys	0m0.605s
1000+0 records in
1000+0 records out
1048576000 bytes (1.0 GB) copied, 2.5914 s, 405 MB/s
3c84e34b319946f6531a2c4559f588a8  -

real	0m2.594s
user	0m2.351s
sys	0m0.572s
1000+0 records in
1000+0 records out
3c84e34b319946f6531a2c4559f588a8  -
1048576000 bytes (1.0 GB) copied, 2.60439 s, 403 MB/s

real	0m2.607s
user	0m2.335s
sys	0m0.627s
1000+0 records in
1000+0 records out
3c84e34b319946f6531a2c4559f588a8  -
1048576000 bytes (1.0 GB) copied, 2.63071 s, 399 MB/s

real	0m2.634s
user	0m2.339s
sys	0m0.616s
1000+0 records in
1000+0 records out
3c84e34b319946f6531a2c4559f588a8  -
1048576000 bytes (1.0 GB) copied, 2.83537 s, 370 MB/s

real	0m2.838s
user	0m2.338s
sys	0m0.777s
1000+0 records in
1000+0 records out
3c84e34b319946f6531a2c4559f588a8  -
1048576000 bytes (1.0 GB) copied, 2.82279 s, 371 MB/s

real	0m2.826s
user	0m2.341s
sys	0m0.621s
1000+0 records in
1000+0 records out
3c84e34b319946f6531a2c4559f588a8  -
1048576000 bytes (1.0 GB) copied, 2.82722 s, 371 MB/s

real	0m2.831s
user	0m2.344s
sys	0m0.595s
1000+0 records in
1000+0 records out
3c84e34b319946f6531a2c4559f588a8  -
1048576000 bytes (1.0 GB) copied, 2.67089 s, 393 MB/s

real	0m2.674s
user	0m2.339s
sys	0m0.635s
1000+0 records in
1000+0 records out
3c84e34b319946f6531a2c4559f588a8  -
1048576000 bytes (1.0 GB) copied, 2.71278 s, 387 MB/s

real	0m2.715s
user	0m2.327s
sys	0m0.598s
1000+0 records in
1000+0 records out
3c84e34b319946f6531a2c4559f588a8  -
1048576000 bytes (1.0 GB) copied, 2.78011 s, 377 MB/s

real	0m2.783s
user	0m2.384s
sys	0m0.729s
1000+0 records in
1000+0 records out
3c84e34b319946f6531a2c4559f588a8  -
1048576000 bytes (1.0 GB) copied, 2.71582 s, 386 MB/s

real	0m2.719s
user	0m2.335s
sys	0m0.622s
1000+0 records in
1000+0 records out
1048576000 bytes (1.0 GB) copied, 2.58989 s, 405 MB/s
3c84e34b319946f6531a2c4559f588a8  -

real	0m2.593s
user	0m2.350s
sys	0m0.596s
1000+0 records in
1000+0 records out
3c84e34b319946f6531a2c4559f588a8  -
1048576000 bytes (1.0 GB) copied, 2.59646 s, 404 MB/s

real	0m2.599s
user	0m2.355s
sys	0m0.586s
1000+0 records in
1000+0 records out
3c84e34b319946f6531a2c4559f588a8  -
1048576000 bytes (1.0 GB) copied, 2.68766 s, 390 MB/s

real	0m2.691s
user	0m2.334s
sys	0m0.620s
1000+0 records in
1000+0 records out
3c84e34b319946f6531a2c4559f588a8  -
1048576000 bytes (1.0 GB) copied, 2.72914 s, 384 MB/s

real	0m2.732s
user	0m2.332s
sys	0m0.588s
1000+0 records in
1000+0 records out
3c84e34b319946f6531a2c4559f588a8  -
1048576000 bytes (1.0 GB) copied, 2.62784 s, 399 MB/s

real	0m2.631s
user	0m2.339s
sys	0m0.610s
1000+0 records in
1000+0 records out
3c84e34b319946f6531a2c4559f588a8  -
1048576000 bytes (1.0 GB) copied, 2.61267 s, 401 MB/s

real	0m2.615s
user	0m2.337s
sys	0m0.618s
1000+0 records in
1000+0 records out
3c84e34b319946f6531a2c4559f588a8  -
1048576000 bytes (1.0 GB) copied, 2.62016 s, 400 MB/s

real	0m2.623s
user	0m2.330s
sys	0m0.599s
1000+0 records in
1000+0 records out
3c84e34b319946f6531a2c4559f588a8  -
1048576000 bytes (1.0 GB) copied, 2.65184 s, 395 MB/s

real	0m2.655s
user	0m2.323s
sys	0m0.597s
1000+0 records in
1000+0 records out
3c84e34b319946f6531a2c4559f588a8  -
1048576000 bytes (1.0 GB) copied, 2.57934 s, 407 MB/s

real	0m2.582s
user	0m2.336s
sys	0m0.584s
1000+0 records in
1000+0 records out
3c84e34b319946f6531a2c4559f588a8  -
1048576000 bytes (1.0 GB) copied, 2.62816 s, 399 MB/s

real	0m2.631s
user	0m2.341s
sys	0m0.607s
1000+0 records in
1000+0 records out
1048576000 bytes (1.0 GB) copied, 2.57311 s, 408 MB/s
3c84e34b319946f6531a2c4559f588a8  -

real	0m2.576s
user	0m2.343s
sys	0m0.594s
1000+0 records in
1000+0 records out
3c84e34b319946f6531a2c4559f588a8  -
1048576000 bytes (1.0 GB) copied, 2.8145 s, 373 MB/s

real	0m2.817s
user	0m2.327s
sys	0m0.790s
1000+0 records in
1000+0 records out
3c84e34b319946f6531a2c4559f588a8  -
1048576000 bytes (1.0 GB) copied, 2.58709 s, 405 MB/s

real	0m2.590s
user	0m2.318s
sys	0m0.604s
1000+0 records in
1000+0 records out
3c84e34b319946f6531a2c4559f588a8  -
1048576000 bytes (1.0 GB) copied, 2.62949 s, 399 MB/s

real	0m2.632s
user	0m2.352s
sys	0m0.599s
1000+0 records in
1000+0 records out
3c84e34b319946f6531a2c4559f588a8  -
1048576000 bytes (1.0 GB) copied, 2.61078 s, 402 MB/s

real	0m2.613s
user	0m2.345s
sys	0m0.587s
1000+0 records in
1000+0 records out
3c84e34b319946f6531a2c4559f588a8  -
1048576000 bytes (1.0 GB) copied, 2.59794 s, 404 MB/s

real	0m2.601s
user	0m2.357s
sys	0m0.572s
1000+0 records in
1000+0 records out
3c84e34b319946f6531a2c4559f588a8  -
1048576000 bytes (1.0 GB) copied, 2.69359 s, 389 MB/s

real	0m2.696s
user	0m2.317s
sys	0m0.615s
1000+0 records in
1000+0 records out
3c84e34b319946f6531a2c4559f588a8  -
1048576000 bytes (1.0 GB) copied, 2.6323 s, 398 MB/s

real	0m2.635s
user	0m2.357s
sys	0m0.576s
1000+0 records in
1000+0 records out
3c84e34b319946f6531a2c4559f588a8  -
1048576000 bytes (1.0 GB) copied, 2.70148 s, 388 MB/s

real	0m2.704s
user	0m2.320s
sys	0m0.718s
1000+0 records in
1000+0 records out
3c84e34b319946f6531a2c4559f588a8  -
1048576000 bytes (1.0 GB) copied, 2.60811 s, 402 MB/s

real	0m2.611s
user	0m2.323s
sys	0m0.599s
1000+0 records in
1000+0 records out
1048576000 bytes (1.0 GB) copied, 2.57384 s, 407 MB/s
3c84e34b319946f6531a2c4559f588a8  -

real	0m2.577s
user	0m2.364s
sys	0m0.582s
1000+0 records in
1000+0 records out
3c84e34b319946f6531a2c4559f588a8  -
1048576000 bytes (1.0 GB) copied, 2.58976 s, 405 MB/s

real	0m2.593s
user	0m2.333s
sys	0m0.608s
1000+0 records in
1000+0 records out
3c84e34b319946f6531a2c4559f588a8  -
1048576000 bytes (1.0 GB) copied, 2.5986 s, 404 MB/s

real	0m2.601s
user	0m2.334s
sys	0m0.609s
1000+0 records in
1000+0 records out
3c84e34b319946f6531a2c4559f588a8  -
1048576000 bytes (1.0 GB) copied, 2.63337 s, 398 MB/s

real	0m2.636s
user	0m2.334s
sys	0m0.612s
1000+0 records in
1000+0 records out
3c84e34b319946f6531a2c4559f588a8  -
1048576000 bytes (1.0 GB) copied, 2.61814 s, 401 MB/s

real	0m2.621s
user	0m2.352s
sys	0m0.573s
1000+0 records in
1000+0 records out
3c84e34b319946f6531a2c4559f588a8  -
1048576000 bytes (1.0 GB) copied, 2.65579 s, 395 MB/s

real	0m2.659s
user	0m2.341s
sys	0m0.642s
1000+0 records in
1000+0 records out
3c84e34b319946f6531a2c4559f588a8  -
1048576000 bytes (1.0 GB) copied, 2.58989 s, 405 MB/s

real	0m2.593s
user	0m2.342s
sys	0m0.602s
1000+0 records in
1000+0 records out
3c84e34b319946f6531a2c4559f588a8  -
1048576000 bytes (1.0 GB) copied, 2.6135 s, 401 MB/s

real	0m2.616s
user	0m2.314s
sys	0m0.620s
1000+0 records in
1000+0 records out
3c84e34b319946f6531a2c4559f588a8  -
1048576000 bytes (1.0 GB) copied, 2.57634 s, 407 MB/s

real	0m2.579s
user	0m2.324s
sys	0m0.616s
1000+0 records in
1000+0 records out
3c84e34b319946f6531a2c4559f588a8  -
1048576000 bytes (1.0 GB) copied, 2.59001 s, 405 MB/s

real	0m2.593s
user	0m2.356s
sys	0m0.586s
1000+0 records in
1000+0 records out
1048576000 bytes (1.0 GB) copied, 2.60234 s, 403 MB/s
3c84e34b319946f6531a2c4559f588a8  -

real	0m2.605s
user	0m2.333s
sys	0m0.615s
1000+0 records in
1000+0 records out
3c84e34b319946f6531a2c4559f588a8  -
1048576000 bytes (1.0 GB) copied, 2.60617 s, 402 MB/s

real	0m2.609s
user	0m2.339s
sys	0m0.610s
1000+0 records in
1000+0 records out
3c84e34b319946f6531a2c4559f588a8  -
1048576000 bytes (1.0 GB) copied, 2.60106 s, 403 MB/s

real	0m2.604s
user	0m2.352s
sys	0m0.588s
1000+0 records in
1000+0 records out
3c84e34b319946f6531a2c4559f588a8  -
1048576000 bytes (1.0 GB) copied, 2.64254 s, 397 MB/s

real	0m2.645s
user	0m2.354s
sys	0m0.575s
1000+0 records in
1000+0 records out
3c84e34b319946f6531a2c4559f588a8  -
1048576000 bytes (1.0 GB) copied, 2.6349 s, 398 MB/s

real	0m2.637s
user	0m2.329s
sys	0m0.595s
1000+0 records in
1000+0 records out
3c84e34b319946f6531a2c4559f588a8  -
1048576000 bytes (1.0 GB) copied, 2.6052 s, 402 MB/s

real	0m2.608s
user	0m2.333s
sys	0m0.610s
1000+0 records in
1000+0 records out
3c84e34b319946f6531a2c4559f588a8  -
1048576000 bytes (1.0 GB) copied, 2.67449 s, 392 MB/s

real	0m2.677s
user	0m2.339s
sys	0m0.588s
1000+0 records in
1000+0 records out
3c84e34b319946f6531a2c4559f588a8  -
1048576000 bytes (1.0 GB) copied, 2.78787 s, 376 MB/s

real	0m2.791s
user	0m2.353s
sys	0m0.568s
1000+0 records in
1000+0 records out
3c84e34b319946f6531a2c4559f588a8  -
1048576000 bytes (1.0 GB) copied, 2.69827 s, 389 MB/s

real	0m2.701s
user	0m2.327s
sys	0m0.696s
1000+0 records in
1000+0 records out
3c84e34b319946f6531a2c4559f588a8  -
1048576000 bytes (1.0 GB) copied, 2.585 s, 406 MB/s

real	0m2.588s
user	0m2.340s
sys	0m0.603s
1000+0 records in
1000+0 records out
1048576000 bytes (1.0 GB) copied, 2.5665 s, 409 MB/s
3c84e34b319946f6531a2c4559f588a8  -

real	0m2.569s
user	0m2.344s
sys	0m0.604s
1000+0 records in
1000+0 records out
3c84e34b319946f6531a2c4559f588a8  -
1048576000 bytes (1.0 GB) copied, 2.65235 s, 395 MB/s

real	0m2.655s
user	0m2.351s
sys	0m0.586s
1000+0 records in
1000+0 records out
3c84e34b319946f6531a2c4559f588a8  -
1048576000 bytes (1.0 GB) copied, 2.61957 s, 400 MB/s

real	0m2.622s
user	0m2.330s
sys	0m0.606s
1000+0 records in
1000+0 records out
3c84e34b319946f6531a2c4559f588a8  -
1048576000 bytes (1.0 GB) copied, 2.64218 s, 397 MB/s

real	0m2.645s
user	0m2.327s
sys	0m0.617s
1000+0 records in
1000+0 records out
3c84e34b319946f6531a2c4559f588a8  -
1048576000 bytes (1.0 GB) copied, 2.6482 s, 396 MB/s

real	0m2.651s
user	0m2.343s
sys	0m0.602s
1000+0 records in
1000+0 records out
3c84e34b319946f6531a2c4559f588a8  -
1048576000 bytes (1.0 GB) copied, 2.57915 s, 407 MB/s

real	0m2.582s
user	0m2.346s
sys	0m0.593s
1000+0 records in
1000+0 records out
3c84e34b319946f6531a2c4559f588a8  -
1048576000 bytes (1.0 GB) copied, 2.61977 s, 400 MB/s

real	0m2.622s
user	0m2.317s
sys	0m0.636s
1000+0 records in
1000+0 records out
3c84e34b319946f6531a2c4559f588a8  -
1048576000 bytes (1.0 GB) copied, 2.58141 s, 406 MB/s

real	0m2.584s
user	0m2.349s
sys	0m0.581s
1000+0 records in
1000+0 records out
3c84e34b319946f6531a2c4559f588a8  -
1048576000 bytes (1.0 GB) copied, 2.58082 s, 406 MB/s

real	0m2.583s
user	0m2.341s
sys	0m0.602s
1000+0 records in
1000+0 records out
3c84e34b319946f6531a2c4559f588a8  -
1048576000 bytes (1.0 GB) copied, 2.64062 s, 397 MB/s

real	0m2.643s
user	0m2.350s
sys	0m0.599s
1000+0 records in
1000+0 records out
1048576000 bytes (1.0 GB) copied, 2.57376 s, 407 MB/s
3c84e34b319946f6531a2c4559f588a8  -

real	0m2.577s
user	0m2.360s
sys	0m0.583s
1000+0 records in
1000+0 records out
3c84e34b319946f6531a2c4559f588a8  -
1048576000 bytes (1.0 GB) copied, 2.62033 s, 400 MB/s

real	0m2.623s
user	0m2.337s
sys	0m0.607s
