500+0 records in
500+0 records out
afbad591ee2b70ac94258fbc7fac3bf2  -
524288000 bytes (524 MB) copied, 1.3141 s, 399 MB/s

real	0m1.316s
user	0m1.174s
sys	0m0.300s
500+0 records in
500+0 records out
afbad591ee2b70ac94258fbc7fac3bf2  -
524288000 bytes (524 MB) copied, 1.37395 s, 382 MB/s

real	0m1.377s
user	0m1.170s
sys	0m0.315s
500+0 records in
500+0 records out
afbad591ee2b70ac94258fbc7fac3bf2  -
524288000 bytes (524 MB) copied, 1.41418 s, 371 MB/s

real	0m1.417s
user	0m1.171s
sys	0m0.340s
500+0 records in
500+0 records out
afbad591ee2b70ac94258fbc7fac3bf2  -
524288000 bytes (524 MB) copied, 1.48384 s, 353 MB/s

real	0m1.487s
user	0m1.178s
sys	0m0.328s
500+0 records in
500+0 records out
afbad591ee2b70ac94258fbc7fac3bf2  -
524288000 bytes (524 MB) copied, 1.40725 s, 373 MB/s

real	0m1.410s
user	0m1.183s
sys	0m0.280s
500+0 records in
500+0 records out
afbad591ee2b70ac94258fbc7fac3bf2  -
524288000 bytes (524 MB) copied, 1.43986 s, 364 MB/s

real	0m1.443s
user	0m1.171s
sys	0m0.309s
500+0 records in
500+0 records out
afbad591ee2b70ac94258fbc7fac3bf2  -
524288000 bytes (524 MB) copied, 1.39389 s, 376 MB/s

real	0m1.397s
user	0m1.176s
sys	0m0.282s
500+0 records in
500+0 records out
afbad591ee2b70ac94258fbc7fac3bf2  -
524288000 bytes (524 MB) copied, 1.414 s, 371 MB/s

real	0m1.417s
user	0m1.165s
sys	0m0.350s
500+0 records in
500+0 records out
afbad591ee2b70ac94258fbc7fac3bf2  -
524288000 bytes (524 MB) copied, 1.3257 s, 395 MB/s

real	0m1.328s
user	0m1.166s
sys	0m0.305s
500+0 records in
500+0 records out
afbad591ee2b70ac94258fbc7fac3bf2  -
524288000 bytes (524 MB) copied, 1.38686 s, 378 MB/s

real	0m1.390s
user	0m1.172s
sys	0m0.295s
500+0 records in
500+0 records out
afbad591ee2b70ac94258fbc7fac3bf2  -
524288000 bytes (524 MB) copied, 1.40269 s, 374 MB/s

real	0m1.405s
user	0m1.180s
sys	0m0.302s
500+0 records in
500+0 records out
524288000 bytes (524 MB) copied, 1.39891 s, 375 MB/s
afbad591ee2b70ac94258fbc7fac3bf2  -

real	0m1.402s
user	0m1.170s
sys	0m0.303s
500+0 records in
500+0 records out
524288000 bytes (524 MB) copied, 1.31088 s, 400 MB/s
afbad591ee2b70ac94258fbc7fac3bf2  -

real	0m1.314s
user	0m1.166s
sys	0m0.307s
500+0 records in
500+0 records out
afbad591ee2b70ac94258fbc7fac3bf2  -
524288000 bytes (524 MB) copied, 1.42494 s, 368 MB/s

real	0m1.428s
user	0m1.181s
sys	0m0.285s
500+0 records in
500+0 records out
524288000 bytes (524 MB) copied, 1.35961 s, 386 MB/s
afbad591ee2b70ac94258fbc7fac3bf2  -

real	0m1.363s
user	0m1.171s
sys	0m0.300s
500+0 records in
500+0 records out
afbad591ee2b70ac94258fbc7fac3bf2  -
524288000 bytes (524 MB) copied, 1.31923 s, 397 MB/s

real	0m1.322s
user	0m1.179s
sys	0m0.296s
500+0 records in
500+0 records out
afbad591ee2b70ac94258fbc7fac3bf2  -
524288000 bytes (524 MB) copied, 1.33687 s, 392 MB/s

real	0m1.340s
user	0m1.177s
sys	0m0.301s
500+0 records in
500+0 records out
afbad591ee2b70ac94258fbc7fac3bf2  -
524288000 bytes (524 MB) copied, 1.36488 s, 384 MB/s

real	0m1.368s
user	0m1.175s
sys	0m0.293s
500+0 records in
500+0 records out
afbad591ee2b70ac94258fbc7fac3bf2  -
524288000 bytes (524 MB) copied, 1.31691 s, 398 MB/s

real	0m1.320s
user	0m1.177s
sys	0m0.306s
500+0 records in
500+0 records out
524288000 bytes (524 MB) copied, 1.37864 s, 380 MB/s
afbad591ee2b70ac94258fbc7fac3bf2  -

real	0m1.382s
user	0m1.169s
sys	0m0.318s
500+0 records in
500+0 records out
afbad591ee2b70ac94258fbc7fac3bf2  -
524288000 bytes (524 MB) copied, 1.41788 s, 370 MB/s

real	0m1.420s
user	0m1.166s
sys	0m0.356s
500+0 records in
500+0 records out
afbad591ee2b70ac94258fbc7fac3bf2  -
524288000 bytes (524 MB) copied, 1.33896 s, 392 MB/s

real	0m1.341s
user	0m1.177s
sys	0m0.307s
500+0 records in
500+0 records out
524288000 bytes (524 MB) copied, 1.31059 s, 400 MB/s
afbad591ee2b70ac94258fbc7fac3bf2  -

real	0m1.313s
user	0m1.184s
sys	0m0.278s
500+0 records in
500+0 records out
afbad591ee2b70ac94258fbc7fac3bf2  -
524288000 bytes (524 MB) copied, 1.36889 s, 383 MB/s

real	0m1.372s
user	0m1.156s
sys	0m0.313s
500+0 records in
500+0 records out
afbad591ee2b70ac94258fbc7fac3bf2  -
524288000 bytes (524 MB) copied, 1.30591 s, 401 MB/s

real	0m1.309s
user	0m1.167s
sys	0m0.319s
500+0 records in
500+0 records out
afbad591ee2b70ac94258fbc7fac3bf2  -
524288000 bytes (524 MB) copied, 1.33806 s, 392 MB/s

real	0m1.341s
user	0m1.170s
sys	0m0.293s
500+0 records in
500+0 records out
afbad591ee2b70ac94258fbc7fac3bf2  -
524288000 bytes (524 MB) copied, 1.32872 s, 395 MB/s

real	0m1.332s
user	0m1.158s
sys	0m0.318s
500+0 records in
500+0 records out
afbad591ee2b70ac94258fbc7fac3bf2  -
524288000 bytes (524 MB) copied, 1.42006 s, 369 MB/s

real	0m1.423s
user	0m1.169s
sys	0m0.295s
500+0 records in
500+0 records out
524288000 bytes (524 MB) copied, 1.38072 s, 380 MB/s
afbad591ee2b70ac94258fbc7fac3bf2  -

real	0m1.383s
user	0m1.173s
sys	0m0.302s
500+0 records in
500+0 records out
524288000 bytes (524 MB) copied, 1.32405 s, 396 MB/s
afbad591ee2b70ac94258fbc7fac3bf2  -

real	0m1.327s
user	0m1.152s
sys	0m0.323s
500+0 records in
500+0 records out
afbad591ee2b70ac94258fbc7fac3bf2  -
524288000 bytes (524 MB) copied, 1.38379 s, 379 MB/s

real	0m1.386s
user	0m1.180s
sys	0m0.302s
500+0 records in
500+0 records out
524288000 bytes (524 MB) copied, 1.49979 s, 350 MB/s
afbad591ee2b70ac94258fbc7fac3bf2  -

real	0m1.503s
user	0m1.176s
sys	0m0.361s
500+0 records in
500+0 records out
524288000 bytes (524 MB) copied, 1.31837 s, 398 MB/s
afbad591ee2b70ac94258fbc7fac3bf2  -

real	0m1.321s
user	0m1.185s
sys	0m0.283s
500+0 records in
500+0 records out
afbad591ee2b70ac94258fbc7fac3bf2  -
524288000 bytes (524 MB) copied, 1.38323 s, 379 MB/s

real	0m1.386s
user	0m1.157s
sys	0m0.320s
500+0 records in
500+0 records out
afbad591ee2b70ac94258fbc7fac3bf2  -
524288000 bytes (524 MB) copied, 1.35613 s, 387 MB/s

real	0m1.359s
user	0m1.171s
sys	0m0.309s
500+0 records in
500+0 records out
524288000 bytes (524 MB) copied, 1.31894 s, 398 MB/s
afbad591ee2b70ac94258fbc7fac3bf2  -

real	0m1.322s
user	0m1.176s
sys	0m0.287s
500+0 records in
500+0 records out
524288000 bytes (524 MB) copied, 1.35126 s, 388 MB/s
afbad591ee2b70ac94258fbc7fac3bf2  -

real	0m1.354s
user	0m1.165s
sys	0m0.357s
500+0 records in
500+0 records out
afbad591ee2b70ac94258fbc7fac3bf2  -
524288000 bytes (524 MB) copied, 1.39346 s, 376 MB/s

real	0m1.396s
user	0m1.173s
sys	0m0.302s
500+0 records in
500+0 records out
524288000 bytes (524 MB) copied, 1.34435 s, 390 MB/s
afbad591ee2b70ac94258fbc7fac3bf2  -

real	0m1.347s
user	0m1.157s
sys	0m0.325s
500+0 records in
500+0 records out
524288000 bytes (524 MB) copied, 1.32551 s, 396 MB/s
afbad591ee2b70ac94258fbc7fac3bf2  -

real	0m1.328s
user	0m1.161s
sys	0m0.313s
500+0 records in
500+0 records out
afbad591ee2b70ac94258fbc7fac3bf2  -
524288000 bytes (524 MB) copied, 1.3427 s, 390 MB/s

real	0m1.345s
user	0m1.153s
sys	0m0.319s
500+0 records in
500+0 records out
afbad591ee2b70ac94258fbc7fac3bf2  -
524288000 bytes (524 MB) copied, 1.4077 s, 372 MB/s

real	0m1.410s
user	0m1.173s
sys	0m0.354s
500+0 records in
500+0 records out
afbad591ee2b70ac94258fbc7fac3bf2  -
524288000 bytes (524 MB) copied, 1.46279 s, 358 MB/s

real	0m1.466s
user	0m1.181s
sys	0m0.326s
500+0 records in
500+0 records out
afbad591ee2b70ac94258fbc7fac3bf2  -
524288000 bytes (524 MB) copied, 1.37165 s, 382 MB/s

real	0m1.375s
user	0m1.171s
sys	0m0.307s
500+0 records in
500+0 records out
524288000 bytes (524 MB) copied, 1.33463 s, 393 MB/s
afbad591ee2b70ac94258fbc7fac3bf2  -

real	0m1.338s
user	0m1.177s
sys	0m0.285s
500+0 records in
500+0 records out
afbad591ee2b70ac94258fbc7fac3bf2  -
524288000 bytes (524 MB) copied, 1.35139 s, 388 MB/s

real	0m1.354s
user	0m1.179s
sys	0m0.298s
500+0 records in
500+0 records out
afbad591ee2b70ac94258fbc7fac3bf2  -
524288000 bytes (524 MB) copied, 1.38032 s, 380 MB/s

real	0m1.383s
user	0m1.175s
sys	0m0.299s
500+0 records in
500+0 records out
524288000 bytes (524 MB) copied, 1.36183 s, 385 MB/s
afbad591ee2b70ac94258fbc7fac3bf2  -

real	0m1.365s
user	0m1.179s
sys	0m0.290s
500+0 records in
500+0 records out
afbad591ee2b70ac94258fbc7fac3bf2  -
524288000 bytes (524 MB) copied, 1.4218 s, 369 MB/s

real	0m1.424s
user	0m1.174s
sys	0m0.290s
500+0 records in
500+0 records out
afbad591ee2b70ac94258fbc7fac3bf2  -
524288000 bytes (524 MB) copied, 1.42349 s, 368 MB/s

real	0m1.426s
user	0m1.171s
sys	0m0.285s
500+0 records in
500+0 records out
afbad591ee2b70ac94258fbc7fac3bf2  -
524288000 bytes (524 MB) copied, 1.34924 s, 389 MB/s

real	0m1.352s
user	0m1.175s
sys	0m0.295s
500+0 records in
500+0 records out
524288000 bytes (524 MB) copied, 1.38461 s, 379 MB/s
afbad591ee2b70ac94258fbc7fac3bf2  -

real	0m1.388s
user	0m1.149s
sys	0m0.366s
500+0 records in
500+0 records out
afbad591ee2b70ac94258fbc7fac3bf2  -
524288000 bytes (524 MB) copied, 1.35823 s, 386 MB/s

real	0m1.361s
user	0m1.171s
sys	0m0.307s
500+0 records in
500+0 records out
afbad591ee2b70ac94258fbc7fac3bf2  -
524288000 bytes (524 MB) copied, 1.3936 s, 376 MB/s

real	0m1.396s
user	0m1.173s
sys	0m0.311s
500+0 records in
500+0 records out
524288000 bytes (524 MB) copied, 1.33753 s, 392 MB/s
afbad591ee2b70ac94258fbc7fac3bf2  -

real	0m1.340s
user	0m1.175s
sys	0m0.299s
500+0 records in
500+0 records out
afbad591ee2b70ac94258fbc7fac3bf2  -
524288000 bytes (524 MB) copied, 1.35007 s, 388 MB/s

real	0m1.353s
user	0m1.163s
sys	0m0.305s
500+0 records in
500+0 records out
afbad591ee2b70ac94258fbc7fac3bf2  -
524288000 bytes (524 MB) copied, 1.3673 s, 383 MB/s

real	0m1.370s
user	0m1.164s
sys	0m0.351s
500+0 records in
500+0 records out
afbad591ee2b70ac94258fbc7fac3bf2  -
524288000 bytes (524 MB) copied, 1.382 s, 379 MB/s

real	0m1.385s
user	0m1.164s
sys	0m0.322s
500+0 records in
500+0 records out
524288000 bytes (524 MB) copied, 1.29707 s, 404 MB/s
afbad591ee2b70ac94258fbc7fac3bf2  -

real	0m1.300s
user	0m1.183s
sys	0m0.299s
500+0 records in
500+0 records out
524288000 bytes (524 MB) copied, 1.37979 s, 380 MB/s
afbad591ee2b70ac94258fbc7fac3bf2  -

real	0m1.383s
user	0m1.161s
sys	0m0.324s
500+0 records in
500+0 records out
afbad591ee2b70ac94258fbc7fac3bf2  -
524288000 bytes (524 MB) copied, 1.40325 s, 374 MB/s

real	0m1.406s
user	0m1.169s
sys	0m0.286s
500+0 records in
500+0 records out
afbad591ee2b70ac94258fbc7fac3bf2  -
524288000 bytes (524 MB) copied, 1.37112 s, 382 MB/s

real	0m1.374s
user	0m1.149s
sys	0m0.318s
500+0 records in
500+0 records out
524288000 bytes (524 MB) copied, 1.373 s, 382 MB/s
afbad591ee2b70ac94258fbc7fac3bf2  -

real	0m1.376s
user	0m1.172s
sys	0m0.285s
500+0 records in
500+0 records out
afbad591ee2b70ac94258fbc7fac3bf2  -
524288000 bytes (524 MB) copied, 1.38716 s, 378 MB/s

real	0m1.390s
user	0m1.176s
sys	0m0.289s
500+0 records in
500+0 records out
afbad591ee2b70ac94258fbc7fac3bf2  -
524288000 bytes (524 MB) copied, 1.35475 s, 387 MB/s

real	0m1.358s
user	0m1.181s
sys	0m0.323s
500+0 records in
500+0 records out
afbad591ee2b70ac94258fbc7fac3bf2  -
524288000 bytes (524 MB) copied, 1.56379 s, 335 MB/s

real	0m1.566s
user	0m1.171s
sys	0m0.291s
500+0 records in
500+0 records out
afbad591ee2b70ac94258fbc7fac3bf2  -
524288000 bytes (524 MB) copied, 1.33177 s, 394 MB/s

real	0m1.335s
user	0m1.162s
sys	0m0.315s
500+0 records in
500+0 records out
afbad591ee2b70ac94258fbc7fac3bf2  -
524288000 bytes (524 MB) copied, 1.37562 s, 381 MB/s

real	0m1.378s
user	0m1.174s
sys	0m0.305s
500+0 records in
500+0 records out
afbad591ee2b70ac94258fbc7fac3bf2  -
524288000 bytes (524 MB) copied, 1.52856 s, 343 MB/s

real	0m1.531s
user	0m1.166s
sys	0m0.315s
500+0 records in
500+0 records out
524288000 bytes (524 MB) copied, 1.32274 s, 396 MB/s
afbad591ee2b70ac94258fbc7fac3bf2  -

real	0m1.326s
user	0m1.167s
sys	0m0.304s
500+0 records in
500+0 records out
afbad591ee2b70ac94258fbc7fac3bf2  -
524288000 bytes (524 MB) copied, 1.50069 s, 349 MB/s

real	0m1.504s
user	0m1.144s
sys	0m0.386s
500+0 records in
500+0 records out
afbad591ee2b70ac94258fbc7fac3bf2  -
524288000 bytes (524 MB) copied, 1.33004 s, 394 MB/s

real	0m1.333s
user	0m1.174s
sys	0m0.294s
500+0 records in
500+0 records out
524288000 bytes (524 MB) copied, 1.33448 s, 393 MB/s
afbad591ee2b70ac94258fbc7fac3bf2  -

real	0m1.337s
user	0m1.171s
sys	0m0.292s
500+0 records in
500+0 records out
afbad591ee2b70ac94258fbc7fac3bf2  -
524288000 bytes (524 MB) copied, 1.35149 s, 388 MB/s

real	0m1.354s
user	0m1.168s
sys	0m0.295s
500+0 records in
500+0 records out
afbad591ee2b70ac94258fbc7fac3bf2  -
524288000 bytes (524 MB) copied, 1.36372 s, 384 MB/s

real	0m1.367s
user	0m1.167s
sys	0m0.313s
500+0 records in
500+0 records out
afbad591ee2b70ac94258fbc7fac3bf2  -
524288000 bytes (524 MB) copied, 1.33494 s, 393 MB/s

real	0m1.338s
user	0m1.175s
sys	0m0.299s
500+0 records in
500+0 records out
afbad591ee2b70ac94258fbc7fac3bf2  -
524288000 bytes (524 MB) copied, 1.39413 s, 376 MB/s

real	0m1.397s
user	0m1.163s
sys	0m0.319s
500+0 records in
500+0 records out
afbad591ee2b70ac94258fbc7fac3bf2  -
524288000 bytes (524 MB) copied, 1.33672 s, 392 MB/s

real	0m1.340s
user	0m1.159s
sys	0m0.309s
500+0 records in
500+0 records out
524288000 bytes (524 MB) copiedafbad591ee2b70ac94258fbc7fac3bf2  -
, 1.43435 s, 366 MB/s

real	0m1.437s
user	0m1.161s
sys	0m0.321s
500+0 records in
500+0 records out
524288000 bytes (524 MB) copied, 1.31222 s, 400 MB/s
afbad591ee2b70ac94258fbc7fac3bf2  -

real	0m1.315s
user	0m1.181s
sys	0m0.299s
500+0 records in
500+0 records out
afbad591ee2b70ac94258fbc7fac3bf2  -
524288000 bytes (524 MB) copied, 1.33628 s, 392 MB/s

real	0m1.339s
user	0m1.184s
sys	0m0.291s
500+0 records in
500+0 records out
afbad591ee2b70ac94258fbc7fac3bf2  -
524288000 bytes (524 MB) copied, 1.35333 s, 387 MB/s

real	0m1.356s
user	0m1.162s
sys	0m0.319s
500+0 records in
500+0 records out
afbad591ee2b70ac94258fbc7fac3bf2  -
524288000 bytes (524 MB) copied, 1.34158 s, 391 MB/s

real	0m1.344s
user	0m1.164s
sys	0m0.318s
500+0 records in
500+0 records out
afbad591ee2b70ac94258fbc7fac3bf2  -
524288000 bytes (524 MB) copied, 1.35799 s, 386 MB/s

real	0m1.361s
user	0m1.185s
sys	0m0.288s
500+0 records in
500+0 records out
524288000 bytes (524 MB) copied, 1.35217 s, 388 MB/s
afbad591ee2b70ac94258fbc7fac3bf2  -

real	0m1.355s
user	0m1.175s
sys	0m0.307s
500+0 records in
500+0 records out
afbad591ee2b70ac94258fbc7fac3bf2  -
524288000 bytes (524 MB) copied, 1.37434 s, 381 MB/s

real	0m1.377s
user	0m1.182s
sys	0m0.296s
500+0 records in
500+0 records out
afbad591ee2b70ac94258fbc7fac3bf2  -
524288000 bytes (524 MB) copied, 1.35642 s, 387 MB/s

real	0m1.359s
user	0m1.185s
sys	0m0.291s
500+0 records in
500+0 records out
524288000 bytes (524 MB) copied, 1.44445 s, 363 MB/s
afbad591ee2b70ac94258fbc7fac3bf2  -

real	0m1.447s
user	0m1.173s
sys	0m0.314s
500+0 records in
500+0 records out
afbad591ee2b70ac94258fbc7fac3bf2  -
524288000 bytes (524 MB) copied, 1.51123 s, 347 MB/s

real	0m1.514s
user	0m1.161s
sys	0m0.311s
500+0 records in
500+0 records out
524288000 bytes (524 MB) copied, 1.30929 s, 400 MB/s
afbad591ee2b70ac94258fbc7fac3bf2  -

real	0m1.312s
user	0m1.159s
sys	0m0.301s
500+0 records in
500+0 records out
524288000 bytes (524 MB) copied, 1.32004 s, 397 MB/s
afbad591ee2b70ac94258fbc7fac3bf2  -

real	0m1.323s
user	0m1.178s
sys	0m0.294s
500+0 records in
500+0 records out
afbad591ee2b70ac94258fbc7fac3bf2  -
524288000 bytes (524 MB) copied, 1.38226 s, 379 MB/s

real	0m1.385s
user	0m1.179s
sys	0m0.291s
500+0 records in
500+0 records out
afbad591ee2b70ac94258fbc7fac3bf2  -
524288000 bytes (524 MB) copied, 1.3194 s, 397 MB/s

real	0m1.322s
user	0m1.178s
sys	0m0.301s
500+0 records in
500+0 records out
524288000 bytes (524 MB) copied, 1.32112 s, 397 MB/s
afbad591ee2b70ac94258fbc7fac3bf2  -

real	0m1.324s
user	0m1.194s
sys	0m0.284s
500+0 records in
500+0 records out
524288000 bytes (524 MB) copied, 1.31245 s, 399 MB/s
afbad591ee2b70ac94258fbc7fac3bf2  -

real	0m1.315s
user	0m1.165s
sys	0m0.311s
500+0 records in
500+0 records out
afbad591ee2b70ac94258fbc7fac3bf2  -
524288000 bytes (524 MB) copied, 1.38346 s, 379 MB/s

real	0m1.386s
user	0m1.165s
sys	0m0.317s
500+0 records in
500+0 records out
524288000 bytes (524 MB) copied, 1.32124 s, 397 MB/s
afbad591ee2b70ac94258fbc7fac3bf2  -

real	0m1.324s
user	0m1.170s
sys	0m0.304s
500+0 records in
500+0 records out
afbad591ee2b70ac94258fbc7fac3bf2  -
524288000 bytes (524 MB) copied, 1.33411 s, 393 MB/s

real	0m1.337s
user	0m1.180s
sys	0m0.300s
500+0 records in
500+0 records out
afbad591ee2b70ac94258fbc7fac3bf2  -
524288000 bytes (524 MB) copied, 1.33887 s, 392 MB/s

real	0m1.342s
user	0m1.174s
sys	0m0.335s
500+0 records in
500+0 records out
524288000 bytes (524 MB) copied, 1.35213 s, 388 MB/s
afbad591ee2b70ac94258fbc7fac3bf2  -

real	0m1.355s
user	0m1.168s
sys	0m0.305s
500+0 records in
500+0 records out
afbad591ee2b70ac94258fbc7fac3bf2  -
524288000 bytes (524 MB) copied, 1.40145 s, 374 MB/s

real	0m1.404s
user	0m1.171s
sys	0m0.357s
500+0 records in
500+0 records out
afbad591ee2b70ac94258fbc7fac3bf2  -
524288000 bytes (524 MB) copied, 1.35904 s, 386 MB/s

real	0m1.362s
user	0m1.168s
sys	0m0.292s
500+0 records in
500+0 records out
524288000 bytes (524 MB) copiedafbad591ee2b70ac94258fbc7fac3bf2  -
, 1.35093 s, 388 MB/s

real	0m1.354s
user	0m1.173s
sys	0m0.285s
500+0 records in
500+0 records out
afbad591ee2b70ac94258fbc7fac3bf2  -
524288000 bytes (524 MB) copied, 1.51042 s, 347 MB/s

real	0m1.513s
user	0m1.175s
sys	0m0.313s
500+0 records in
500+0 records out
afbad591ee2b70ac94258fbc7fac3bf2  -
524288000 bytes (524 MB) copied, 1.34526 s, 390 MB/s

real	0m1.348s
user	0m1.181s
sys	0m0.290s
500+0 records in
500+0 records out
afbad591ee2b70ac94258fbc7fac3bf2  -
524288000 bytes (524 MB) copied, 1.38657 s, 378 MB/s

real	0m1.389s
user	0m1.185s
sys	0m0.294s
500+0 records in
500+0 records out
afbad591ee2b70ac94258fbc7fac3bf2  -
524288000 bytes (524 MB) copied, 1.34315 s, 390 MB/s

real	0m1.346s
user	0m1.183s
sys	0m0.288s
500+0 records in
500+0 records out
afbad591ee2b70ac94258fbc7fac3bf2  -
524288000 bytes (524 MB) copied, 1.41481 s, 371 MB/s

real	0m1.418s
user	0m1.171s
sys	0m0.300s
500+0 records in
500+0 records out
524288000 bytes (524 MB) copied, 1.34359 s, 390 MB/s
afbad591ee2b70ac94258fbc7fac3bf2  -

real	0m1.346s
user	0m1.152s
sys	0m0.315s
500+0 records in
500+0 records out
afbad591ee2b70ac94258fbc7fac3bf2  -
524288000 bytes (524 MB) copied, 1.39051 s, 377 MB/s

real	0m1.393s
user	0m1.162s
sys	0m0.326s
500+0 records in
500+0 records out
afbad591ee2b70ac94258fbc7fac3bf2  -
524288000 bytes (524 MB) copied, 1.44058 s, 364 MB/s

real	0m1.443s
user	0m1.171s
sys	0m0.303s
500+0 records in
500+0 records out
afbad591ee2b70ac94258fbc7fac3bf2  -
524288000 bytes (524 MB) copied, 1.30911 s, 400 MB/s

real	0m1.312s
user	0m1.175s
sys	0m0.310s
500+0 records in
500+0 records out
afbad591ee2b70ac94258fbc7fac3bf2  -
524288000 bytes (524 MB) copied, 1.38076 s, 380 MB/s

real	0m1.384s
user	0m1.173s
sys	0m0.338s
500+0 records in
500+0 records out
524288000 bytes (524 MB) copied, 1.33255 s, 393 MB/s
afbad591ee2b70ac94258fbc7fac3bf2  -

real	0m1.335s
user	0m1.167s
sys	0m0.311s
500+0 records in
500+0 records out
524288000 bytes (524 MB) copied, 1.46458 s, 358 MB/s
afbad591ee2b70ac94258fbc7fac3bf2  -

real	0m1.467s
user	0m1.173s
sys	0m0.303s
500+0 records in
500+0 records out
afbad591ee2b70ac94258fbc7fac3bf2  -
524288000 bytes (524 MB) copied, 1.46081 s, 359 MB/s

real	0m1.464s
user	0m1.175s
sys	0m0.311s
500+0 records in
500+0 records out
afbad591ee2b70ac94258fbc7fac3bf2  -
524288000 bytes (524 MB) copied, 1.32952 s, 394 MB/s

real	0m1.332s
user	0m1.183s
sys	0m0.315s
500+0 records in
500+0 records out
afbad591ee2b70ac94258fbc7fac3bf2  -
524288000 bytes (524 MB) copied, 1.3225 s, 396 MB/s

real	0m1.325s
user	0m1.174s
sys	0m0.306s
500+0 records in
500+0 records out
afbad591ee2b70ac94258fbc7fac3bf2  -
524288000 bytes (524 MB) copied, 1.39205 s, 377 MB/s

real	0m1.395s
user	0m1.184s
sys	0m0.281s
500+0 records in
500+0 records out
524288000 bytes (524 MB) copied, 1.30331 s, 402 MB/s
afbad591ee2b70ac94258fbc7fac3bf2  -

real	0m1.306s
user	0m1.175s
sys	0m0.301s
500+0 records in
500+0 records out
afbad591ee2b70ac94258fbc7fac3bf2  -
524288000 bytes (524 MB) copied, 1.34934 s, 389 MB/s

real	0m1.352s
user	0m1.167s
sys	0m0.310s
500+0 records in
500+0 records out
afbad591ee2b70ac94258fbc7fac3bf2  -
524288000 bytes (524 MB) copied, 1.324 s, 396 MB/s

real	0m1.327s
user	0m1.176s
sys	0m0.301s
500+0 records in
500+0 records out
afbad591ee2b70ac94258fbc7fac3bf2  -
524288000 bytes (524 MB) copied, 1.35585 s, 387 MB/s

real	0m1.359s
user	0m1.168s
sys	0m0.308s
500+0 records in
500+0 records out
524288000 bytes (524 MB) copied, 1.40036 s, 374 MB/s
afbad591ee2b70ac94258fbc7fac3bf2  -

real	0m1.403s
user	0m1.168s
sys	0m0.362s
500+0 records in
500+0 records out
afbad591ee2b70ac94258fbc7fac3bf2  -
524288000 bytes (524 MB) copied, 1.34129 s, 391 MB/s

real	0m1.344s
user	0m1.175s
sys	0m0.292s
500+0 records in
500+0 records out
afbad591ee2b70ac94258fbc7fac3bf2  -
524288000 bytes (524 MB) copied, 1.3576 s, 386 MB/s

real	0m1.360s
user	0m1.162s
sys	0m0.301s
500+0 records in
500+0 records out
afbad591ee2b70ac94258fbc7fac3bf2  -
524288000 bytes (524 MB) copied, 1.38059 s, 380 MB/s

real	0m1.384s
user	0m1.184s
sys	0m0.303s
500+0 records in
500+0 records out
afbad591ee2b70ac94258fbc7fac3bf2  -
524288000 bytes (524 MB) copied, 1.34191 s, 391 MB/s

real	0m1.345s
user	0m1.165s
sys	0m0.301s
500+0 records in
500+0 records out
afbad591ee2b70ac94258fbc7fac3bf2  -
524288000 bytes (524 MB) copied, 1.30104 s, 403 MB/s

real	0m1.304s
user	0m1.174s
sys	0m0.301s
500+0 records in
500+0 records out
524288000 bytes (524 MB) copied, 1.43112 s, 366 MB/s
afbad591ee2b70ac94258fbc7fac3bf2  -

real	0m1.434s
user	0m1.170s
sys	0m0.364s
500+0 records in
500+0 records out
afbad591ee2b70ac94258fbc7fac3bf2  -
524288000 bytes (524 MB) copied, 1.42019 s, 369 MB/s

real	0m1.423s
user	0m1.180s
sys	0m0.293s
500+0 records in
500+0 records out
afbad591ee2b70ac94258fbc7fac3bf2  -
524288000 bytes (524 MB) copied, 1.36823 s, 383 MB/s

real	0m1.371s
user	0m1.172s
sys	0m0.303s
500+0 records in
500+0 records out
524288000 bytes (524 MB) copied, 1.37587 s, 381 MB/s
afbad591ee2b70ac94258fbc7fac3bf2  -

real	0m1.379s
user	0m1.175s
sys	0m0.310s
500+0 records in
500+0 records out
afbad591ee2b70ac94258fbc7fac3bf2  -
524288000 bytes (524 MB) copied, 1.33211 s, 394 MB/s

real	0m1.335s
user	0m1.173s
sys	0m0.308s
500+0 records in
500+0 records out
afbad591ee2b70ac94258fbc7fac3bf2  -
524288000 bytes (524 MB) copied, 1.32808 s, 395 MB/s

real	0m1.331s
user	0m1.181s
sys	0m0.298s
500+0 records in
500+0 records out
524288000 bytes (524 MB) copied, 1.30394 s, 402 MB/s
afbad591ee2b70ac94258fbc7fac3bf2  -

real	0m1.307s
user	0m1.179s
sys	0m0.305s
500+0 records in
500+0 records out
afbad591ee2b70ac94258fbc7fac3bf2  -
524288000 bytes (524 MB) copied, 1.35726 s, 386 MB/s

real	0m1.360s
user	0m1.173s
sys	0m0.296s
500+0 records in
500+0 records out
afbad591ee2b70ac94258fbc7fac3bf2  -
524288000 bytes (524 MB) copied, 1.41923 s, 369 MB/s

real	0m1.422s
user	0m1.179s
sys	0m0.295s
500+0 records in
500+0 records out
afbad591ee2b70ac94258fbc7fac3bf2  -
524288000 bytes (524 MB) copied, 1.3898 s, 377 MB/s

real	0m1.393s
user	0m1.178s
sys	0m0.295s
500+0 records in
500+0 records out
524288000 bytes (524 MB) copied, 1.37609 s, 381 MB/s
afbad591ee2b70ac94258fbc7fac3bf2  -

real	0m1.379s
user	0m1.169s
sys	0m0.302s
500+0 records in
500+0 records out
afbad591ee2b70ac94258fbc7fac3bf2  -
524288000 bytes (524 MB) copied, 1.39168 s, 377 MB/s

real	0m1.395s
user	0m1.172s
sys	0m0.301s
500+0 records in
500+0 records out
afbad591ee2b70ac94258fbc7fac3bf2  -
524288000 bytes (524 MB) copied, 1.38422 s, 379 MB/s

real	0m1.387s
user	0m1.174s
sys	0m0.308s
500+0 records in
500+0 records out
afbad591ee2b70ac94258fbc7fac3bf2  -
524288000 bytes (524 MB) copied, 1.36404 s, 384 MB/s

real	0m1.367s
user	0m1.179s
sys	0m0.285s
500+0 records in
500+0 records out
afbad591ee2b70ac94258fbc7fac3bf2  -
524288000 bytes (524 MB) copied, 1.44039 s, 364 MB/s

real	0m1.443s
user	0m1.162s
sys	0m0.308s
500+0 records in
500+0 records out
afbad591ee2b70ac94258fbc7fac3bf2  -
524288000 bytes (524 MB) copied, 1.36579 s, 384 MB/s

real	0m1.369s
user	0m1.159s
sys	0m0.318s
500+0 records in
500+0 records out
afbad591ee2b70ac94258fbc7fac3bf2  -
524288000 bytes (524 MB) copied, 1.34214 s, 391 MB/s

real	0m1.345s
user	0m1.188s
sys	0m0.289s
500+0 records in
500+0 records out
afbad591ee2b70ac94258fbc7fac3bf2  -
524288000 bytes (524 MB) copied, 1.36775 s, 383 MB/s

real	0m1.371s
user	0m1.174s
sys	0m0.296s
500+0 records in
500+0 records out
524288000 bytes (524 MB) copied, 1.32127 s, 397 MB/s
afbad591ee2b70ac94258fbc7fac3bf2  -

real	0m1.324s
user	0m1.175s
sys	0m0.307s
500+0 records in
500+0 records out
524288000 bytes (524 MB) copiedafbad591ee2b70ac94258fbc7fac3bf2  -
, 1.36096 s, 385 MB/s

real	0m1.364s
user	0m1.174s
sys	0m0.301s
500+0 records in
500+0 records out
afbad591ee2b70ac94258fbc7fac3bf2  -
524288000 bytes (524 MB) copied, 1.49846 s, 350 MB/s

real	0m1.501s
user	0m1.194s
sys	0m0.294s
500+0 records in
500+0 records out
afbad591ee2b70ac94258fbc7fac3bf2  -
524288000 bytes (524 MB) copied, 1.33364 s, 393 MB/s

real	0m1.336s
user	0m1.170s
sys	0m0.313s
500+0 records in
500+0 records out
afbad591ee2b70ac94258fbc7fac3bf2  -
524288000 bytes (524 MB) copied, 1.55245 s, 338 MB/s

real	0m1.555s
user	0m1.166s
sys	0m0.310s
500+0 records in
500+0 records out
524288000 bytes (524 MB) copied, 1.30077 s, 403 MB/s
afbad591ee2b70ac94258fbc7fac3bf2  -

real	0m1.304s
user	0m1.163s
sys	0m0.315s
500+0 records in
500+0 records out
afbad591ee2b70ac94258fbc7fac3bf2  -
524288000 bytes (524 MB) copied, 1.36712 s, 383 MB/s

real	0m1.370s
user	0m1.183s
sys	0m0.292s
500+0 records in
500+0 records out
afbad591ee2b70ac94258fbc7fac3bf2  -
524288000 bytes (524 MB) copied, 1.47041 s, 357 MB/s

real	0m1.473s
user	0m1.167s
sys	0m0.351s
500+0 records in
500+0 records out
524288000 bytes (524 MB) copied, 1.31408 s, 399 MB/s
afbad591ee2b70ac94258fbc7fac3bf2  -

real	0m1.317s
user	0m1.185s
sys	0m0.300s
500+0 records in
500+0 records out
afbad591ee2b70ac94258fbc7fac3bf2  -
524288000 bytes (524 MB) copied, 1.42251 s, 369 MB/s

real	0m1.425s
user	0m1.171s
sys	0m0.301s
500+0 records in
500+0 records out
afbad591ee2b70ac94258fbc7fac3bf2  -
524288000 bytes (524 MB) copied, 1.40232 s, 374 MB/s

real	0m1.405s
user	0m1.185s
sys	0m0.289s
500+0 records in
500+0 records out
afbad591ee2b70ac94258fbc7fac3bf2  -
524288000 bytes (524 MB) copied, 1.35369 s, 387 MB/s

real	0m1.356s
user	0m1.178s
sys	0m0.296s
500+0 records in
500+0 records out
524288000 bytes (524 MB) copied, 1.41973 s, 369 MB/s
afbad591ee2b70ac94258fbc7fac3bf2  -

real	0m1.423s
user	0m1.190s
sys	0m0.358s
500+0 records in
500+0 records out
afbad591ee2b70ac94258fbc7fac3bf2  -
524288000 bytes (524 MB) copied, 1.5055 s, 348 MB/s

real	0m1.508s
user	0m1.168s
sys	0m0.311s
500+0 records in
500+0 records out
afbad591ee2b70ac94258fbc7fac3bf2  -
524288000 bytes (524 MB) copied, 1.44068 s, 364 MB/s

real	0m1.444s
user	0m1.168s
sys	0m0.315s
500+0 records in
500+0 records out
afbad591ee2b70ac94258fbc7fac3bf2  -
524288000 bytes (524 MB) copied, 1.39418 s, 376 MB/s

real	0m1.397s
user	0m1.162s
sys	0m0.310s
500+0 records in
500+0 records out
afbad591ee2b70ac94258fbc7fac3bf2  -
524288000 bytes (524 MB) copied, 1.36795 s, 383 MB/s

real	0m1.371s
user	0m1.170s
sys	0m0.301s
500+0 records in
500+0 records out
524288000 bytes (524 MB) copied, 1.32372 s, 396 MB/s
afbad591ee2b70ac94258fbc7fac3bf2  -

real	0m1.327s
user	0m1.181s
sys	0m0.290s
500+0 records in
500+0 records out
afbad591ee2b70ac94258fbc7fac3bf2  -
524288000 bytes (524 MB) copied, 1.37921 s, 380 MB/s

real	0m1.382s
user	0m1.172s
sys	0m0.307s
500+0 records in
500+0 records out
afbad591ee2b70ac94258fbc7fac3bf2  -
524288000 bytes (524 MB) copied, 1.3717 s, 382 MB/s

real	0m1.374s
user	0m1.173s
sys	0m0.307s
500+0 records in
500+0 records out
524288000 bytes (524 MB) copied, 1.33566 s, 393 MB/s
afbad591ee2b70ac94258fbc7fac3bf2  -

real	0m1.338s
user	0m1.157s
sys	0m0.318s
500+0 records in
500+0 records out
afbad591ee2b70ac94258fbc7fac3bf2  -
524288000 bytes (524 MB) copied, 1.35135 s, 388 MB/s

real	0m1.354s
user	0m1.163s
sys	0m0.313s
500+0 records in
500+0 records out
afbad591ee2b70ac94258fbc7fac3bf2  -
524288000 bytes (524 MB) copied, 1.43202 s, 366 MB/s

real	0m1.435s
user	0m1.162s
sys	0m0.346s
500+0 records in
500+0 records out
afbad591ee2b70ac94258fbc7fac3bf2  -
524288000 bytes (524 MB) copied, 1.36851 s, 383 MB/s

real	0m1.371s
user	0m1.169s
sys	0m0.306s
500+0 records in
500+0 records out
afbad591ee2b70ac94258fbc7fac3bf2  -
524288000 bytes (524 MB) copied, 1.36715 s, 383 MB/s

real	0m1.370s
user	0m1.189s
sys	0m0.295s
500+0 records in
500+0 records out
afbad591ee2b70ac94258fbc7fac3bf2  -
524288000 bytes (524 MB) copied, 1.40464 s, 373 MB/s

real	0m1.408s
user	0m1.167s
sys	0m0.309s
500+0 records in
500+0 records out
afbad591ee2b70ac94258fbc7fac3bf2  -
524288000 bytes (524 MB) copied, 1.46445 s, 358 MB/s

real	0m1.467s
user	0m1.183s
sys	0m0.290s
500+0 records in
500+0 records out
524288000 bytes (524 MB) copied, 1.3159 s, 398 MB/s
afbad591ee2b70ac94258fbc7fac3bf2  -

real	0m1.319s
user	0m1.171s
sys	0m0.307s
500+0 records in
500+0 records out
524288000 bytes (524 MB) copied, 1.31563 s, 399 MB/s
afbad591ee2b70ac94258fbc7fac3bf2  -

real	0m1.318s
user	0m1.164s
sys	0m0.299s
afbad591ee2b70ac94258fbc7fac3bf2  -
500+0 records in
500+0 records out
524288000 bytes (524 MB) copied, 1.38912 s, 377 MB/s

real	0m1.392s
user	0m1.183s
sys	0m0.299s
500+0 records in
500+0 records out
afbad591ee2b70ac94258fbc7fac3bf2  -
524288000 bytes (524 MB) copied, 1.39246 s, 377 MB/s

real	0m1.396s
user	0m1.167s
sys	0m0.291s
500+0 records in
500+0 records out
afbad591ee2b70ac94258fbc7fac3bf2  -
524288000 bytes (524 MB) copied, 1.36412 s, 384 MB/s

real	0m1.367s
user	0m1.168s
sys	0m0.310s
500+0 records in
500+0 records out
524288000 bytes (524 MB) copied, 1.31223 s, 400 MB/s
afbad591ee2b70ac94258fbc7fac3bf2  -

real	0m1.315s
user	0m1.170s
sys	0m0.309s
500+0 records in
500+0 records out
afbad591ee2b70ac94258fbc7fac3bf2  -
524288000 bytes (524 MB) copied, 1.3485 s, 389 MB/s

real	0m1.351s
user	0m1.178s
sys	0m0.293s
500+0 records in
500+0 records out
afbad591ee2b70ac94258fbc7fac3bf2  -
524288000 bytes (524 MB) copied, 1.38162 s, 379 MB/s

real	0m1.384s
user	0m1.188s
sys	0m0.291s
500+0 records in
500+0 records out
afbad591ee2b70ac94258fbc7fac3bf2  -
524288000 bytes (524 MB) copied, 1.32423 s, 396 MB/s

real	0m1.327s
user	0m1.165s
sys	0m0.316s
500+0 records in
500+0 records out
afbad591ee2b70ac94258fbc7fac3bf2  -
524288000 bytes (524 MB) copied, 1.32335 s, 396 MB/s

real	0m1.326s
user	0m1.175s
sys	0m0.309s
500+0 records in
500+0 records out
afbad591ee2b70ac94258fbc7fac3bf2  -
524288000 bytes (524 MB) copied, 1.39719 s, 375 MB/s

real	0m1.400s
user	0m1.172s
sys	0m0.312s
500+0 records in
500+0 records out
afbad591ee2b70ac94258fbc7fac3bf2  -
524288000 bytes (524 MB) copied, 1.33133 s, 394 MB/s

real	0m1.334s
user	0m1.174s
sys	0m0.295s
500+0 records in
500+0 records out
afbad591ee2b70ac94258fbc7fac3bf2  -
524288000 bytes (524 MB) copied, 1.32315 s, 396 MB/s

real	0m1.326s
user	0m1.181s
sys	0m0.281s
500+0 records in
500+0 records out
524288000 bytes (524 MB) copied, 1.31031 s, 400 MB/s
afbad591ee2b70ac94258fbc7fac3bf2  -

real	0m1.313s
user	0m1.168s
sys	0m0.297s
500+0 records in
500+0 records out
afbad591ee2b70ac94258fbc7fac3bf2  -
524288000 bytes (524 MB) copied, 1.36845 s, 383 MB/s

real	0m1.371s
user	0m1.158s
sys	0m0.298s
500+0 records in
500+0 records out
afbad591ee2b70ac94258fbc7fac3bf2  -
524288000 bytes (524 MB) copied, 1.35545 s, 387 MB/s

real	0m1.358s
user	0m1.171s
sys	0m0.308s
500+0 records in
500+0 records out
524288000 bytes (524 MB) copied, 1.31859 s, 398 MB/s
afbad591ee2b70ac94258fbc7fac3bf2  -

real	0m1.321s
user	0m1.167s
sys	0m0.308s
500+0 records in
500+0 records out
afbad591ee2b70ac94258fbc7fac3bf2  -
524288000 bytes (524 MB) copied, 1.38989 s, 377 MB/s

real	0m1.393s
user	0m1.180s
sys	0m0.330s
500+0 records in
500+0 records out
524288000 bytes (524 MB) copied, 1.30782 s, 401 MB/s
afbad591ee2b70ac94258fbc7fac3bf2  -

real	0m1.311s
user	0m1.162s
sys	0m0.311s
500+0 records in
500+0 records out
afbad591ee2b70ac94258fbc7fac3bf2  -
524288000 bytes (524 MB) copied, 1.34004 s, 391 MB/s

real	0m1.343s
user	0m1.168s
sys	0m0.308s
500+0 records in
500+0 records out
524288000 bytes (524 MB) copied, 1.36709 s, 384 MB/s
afbad591ee2b70ac94258fbc7fac3bf2  -

real	0m1.370s
user	0m1.177s
sys	0m0.303s
500+0 records in
500+0 records out
afbad591ee2b70ac94258fbc7fac3bf2  -
524288000 bytes (524 MB) copied, 1.32516 s, 396 MB/s

real	0m1.328s
user	0m1.170s
sys	0m0.310s
500+0 records in
500+0 records out
524288000 bytes (524 MB) copied, 1.30849 s, 401 MB/s
afbad591ee2b70ac94258fbc7fac3bf2  -

real	0m1.311s
user	0m1.164s
sys	0m0.311s
500+0 records in
500+0 records out
afbad591ee2b70ac94258fbc7fac3bf2  -
524288000 bytes (524 MB) copied, 1.33907 s, 392 MB/s

real	0m1.342s
user	0m1.184s
sys	0m0.291s
500+0 records in
500+0 records out
afbad591ee2b70ac94258fbc7fac3bf2  -
524288000 bytes (524 MB) copied, 1.35795 s, 386 MB/s

real	0m1.361s
user	0m1.179s
sys	0m0.307s
500+0 records in
500+0 records out
524288000 bytes (524 MB) copied, 1.32446 s, 396 MB/s
afbad591ee2b70ac94258fbc7fac3bf2  -

real	0m1.328s
user	0m1.185s
sys	0m0.319s
500+0 records in
500+0 records out
afbad591ee2b70ac94258fbc7fac3bf2  -
524288000 bytes (524 MB) copied, 1.33249 s, 393 MB/s

real	0m1.335s
user	0m1.168s
sys	0m0.314s
500+0 records in
500+0 records out
afbad591ee2b70ac94258fbc7fac3bf2  -
524288000 bytes (524 MB) copied, 1.40899 s, 372 MB/s

real	0m1.412s
user	0m1.167s
sys	0m0.306s
500+0 records in
500+0 records out
524288000 bytes (524 MB) copied, 1.36766 s, 383 MB/s
afbad591ee2b70ac94258fbc7fac3bf2  -

real	0m1.371s
user	0m1.179s
sys	0m0.301s
500+0 records in
500+0 records out
afbad591ee2b70ac94258fbc7fac3bf2  -
524288000 bytes (524 MB) copied, 1.38556 s, 378 MB/s

real	0m1.388s
user	0m1.164s
sys	0m0.311s
500+0 records in
500+0 records out
afbad591ee2b70ac94258fbc7fac3bf2  -
524288000 bytes (524 MB) copied, 1.33962 s, 391 MB/s

real	0m1.342s
user	0m1.168s
sys	0m0.309s
500+0 records in
500+0 records out
afbad591ee2b70ac94258fbc7fac3bf2  -
524288000 bytes (524 MB) copied, 1.32341 s, 396 MB/s

real	0m1.326s
user	0m1.172s
sys	0m0.297s
500+0 records in
500+0 records out
afbad591ee2b70ac94258fbc7fac3bf2  -
524288000 bytes (524 MB) copied, 1.46838 s, 357 MB/s

real	0m1.471s
user	0m1.173s
sys	0m0.295s
500+0 records in
500+0 records out
afbad591ee2b70ac94258fbc7fac3bf2  -
524288000 bytes (524 MB) copied, 1.34516 s, 390 MB/s

real	0m1.348s
user	0m1.180s
sys	0m0.292s
500+0 records in
500+0 records out
afbad591ee2b70ac94258fbc7fac3bf2  -
524288000 bytes (524 MB) copied, 1.40017 s, 374 MB/s

real	0m1.403s
user	0m1.162s
sys	0m0.317s
500+0 records in
500+0 records out
afbad591ee2b70ac94258fbc7fac3bf2  -
524288000 bytes (524 MB) copied, 1.36785 s, 383 MB/s

real	0m1.371s
user	0m1.167s
sys	0m0.308s
500+0 records in
500+0 records out
524288000 bytes (524 MB) copied, 1.3959 s, 376 MB/s
afbad591ee2b70ac94258fbc7fac3bf2  -

real	0m1.399s
user	0m1.173s
sys	0m0.317s
500+0 records in
500+0 records out
afbad591ee2b70ac94258fbc7fac3bf2  -
524288000 bytes (524 MB) copied, 1.3716 s, 382 MB/s

real	0m1.374s
user	0m1.181s
sys	0m0.307s
500+0 records in
500+0 records out
524288000 bytes (524 MB) copied, 1.32129 s, 397 MB/s
afbad591ee2b70ac94258fbc7fac3bf2  -

real	0m1.324s
user	0m1.198s
sys	0m0.283s
500+0 records in
500+0 records out
afbad591ee2b70ac94258fbc7fac3bf2  -
524288000 bytes (524 MB) copied, 1.32917 s, 394 MB/s

real	0m1.332s
user	0m1.177s
sys	0m0.301s
500+0 records in
500+0 records out
afbad591ee2b70ac94258fbc7fac3bf2  -
524288000 bytes (524 MB) copied, 1.36468 s, 384 MB/s

real	0m1.368s
user	0m1.162s
sys	0m0.309s
500+0 records in
500+0 records out
afbad591ee2b70ac94258fbc7fac3bf2  -
524288000 bytes (524 MB) copied, 1.39641 s, 375 MB/s

real	0m1.399s
user	0m1.172s
sys	0m0.296s
500+0 records in
500+0 records out
524288000 bytes (524 MB) copied, 1.29746 s, 404 MB/s
afbad591ee2b70ac94258fbc7fac3bf2  -

real	0m1.300s
user	0m1.173s
sys	0m0.299s
500+0 records in
500+0 records out
afbad591ee2b70ac94258fbc7fac3bf2  -
524288000 bytes (524 MB) copied, 1.33845 s, 392 MB/s

real	0m1.341s
user	0m1.169s
sys	0m0.299s
500+0 records in
500+0 records out
afbad591ee2b70ac94258fbc7fac3bf2  -
524288000 bytes (524 MB) copied, 1.38428 s, 379 MB/s

real	0m1.387s
user	0m1.161s
sys	0m0.311s
500+0 records in
500+0 records out
524288000 bytes (524 MB) copied, 1.32353 s, 396 MB/s
afbad591ee2b70ac94258fbc7fac3bf2  -

real	0m1.327s
user	0m1.170s
sys	0m0.317s
500+0 records in
500+0 records out
afbad591ee2b70ac94258fbc7fac3bf2  -
524288000 bytes (524 MB) copied, 1.33112 s, 394 MB/s

real	0m1.334s
user	0m1.177s
sys	0m0.301s
500+0 records in
500+0 records out
afbad591ee2b70ac94258fbc7fac3bf2  -
524288000 bytes (524 MB) copied, 1.36378 s, 384 MB/s

real	0m1.367s
user	0m1.174s
sys	0m0.316s
500+0 records in
500+0 records out
afbad591ee2b70ac94258fbc7fac3bf2  -
524288000 bytes (524 MB) copied, 1.34664 s, 389 MB/s

real	0m1.349s
user	0m1.173s
sys	0m0.307s
500+0 records in
500+0 records out
afbad591ee2b70ac94258fbc7fac3bf2  -
524288000 bytes (524 MB) copied, 1.42194 s, 369 MB/s

real	0m1.425s
user	0m1.169s
sys	0m0.353s
500+0 records in
500+0 records out
afbad591ee2b70ac94258fbc7fac3bf2  -
524288000 bytes (524 MB) copied, 1.39085 s, 377 MB/s

real	0m1.394s
user	0m1.179s
sys	0m0.303s
500+0 records in
500+0 records out
afbad591ee2b70ac94258fbc7fac3bf2  -
524288000 bytes (524 MB) copied, 1.46842 s, 357 MB/s

real	0m1.471s
user	0m1.173s
sys	0m0.316s
500+0 records in
500+0 records out
afbad591ee2b70ac94258fbc7fac3bf2  -
524288000 bytes (524 MB) copied, 1.33514 s, 393 MB/s

real	0m1.338s
user	0m1.175s
sys	0m0.302s
500+0 records in
500+0 records out
524288000 bytes (524 MB) copied, 1.349 s, 389 MB/s
afbad591ee2b70ac94258fbc7fac3bf2  -

real	0m1.352s
user	0m1.163s
sys	0m0.318s
500+0 records in
500+0 records out
524288000 bytes (524 MB) copied, 1.36089 s, 385 MB/s
afbad591ee2b70ac94258fbc7fac3bf2  -

real	0m1.364s
user	0m1.165s
sys	0m0.312s
500+0 records in
500+0 records out
afbad591ee2b70ac94258fbc7fac3bf2  -
524288000 bytes (524 MB) copied, 1.35583 s, 387 MB/s

real	0m1.359s
user	0m1.165s
sys	0m0.305s
500+0 records in
500+0 records out
afbad591ee2b70ac94258fbc7fac3bf2  -
524288000 bytes (524 MB) copied, 1.41043 s, 372 MB/s

real	0m1.413s
user	0m1.156s
sys	0m0.309s
500+0 records in
500+0 records out
afbad591ee2b70ac94258fbc7fac3bf2  -
524288000 bytes (524 MB) copied, 1.34363 s, 390 MB/s

real	0m1.347s
user	0m1.177s
sys	0m0.305s
500+0 records in
500+0 records out
afbad591ee2b70ac94258fbc7fac3bf2  -
524288000 bytes (524 MB) copied, 1.38559 s, 378 MB/s

real	0m1.388s
user	0m1.158s
sys	0m0.320s
500+0 records in
500+0 records out
afbad591ee2b70ac94258fbc7fac3bf2  -
524288000 bytes (524 MB) copied, 1.33059 s, 394 MB/s

real	0m1.333s
user	0m1.161s
sys	0m0.311s
500+0 records in
500+0 records out
524288000 bytes (524 MB) copiedafbad591ee2b70ac94258fbc7fac3bf2  -
, 1.3658 s, 384 MB/s

real	0m1.369s
user	0m1.181s
sys	0m0.292s
500+0 records in
500+0 records out
524288000 bytes (524 MB) copiedafbad591ee2b70ac94258fbc7fac3bf2  -
, 1.40256 s, 374 MB/s

real	0m1.405s
user	0m1.180s
sys	0m0.306s
500+0 records in
500+0 records out
afbad591ee2b70ac94258fbc7fac3bf2  -
524288000 bytes (524 MB) copied, 1.3494 s, 389 MB/s

real	0m1.352s
user	0m1.178s
sys	0m0.310s
500+0 records in
500+0 records out
afbad591ee2b70ac94258fbc7fac3bf2  -
524288000 bytes (524 MB) copied, 1.40162 s, 374 MB/s

real	0m1.404s
user	0m1.183s
sys	0m0.334s
500+0 records in
500+0 records out
afbad591ee2b70ac94258fbc7fac3bf2  -
524288000 bytes (524 MB) copied, 1.33657 s, 392 MB/s

real	0m1.339s
user	0m1.173s
sys	0m0.303s
500+0 records in
500+0 records out
524288000 bytes (524 MB) copied, 1.30747 s, 401 MB/s
afbad591ee2b70ac94258fbc7fac3bf2  -

real	0m1.310s
user	0m1.187s
sys	0m0.285s
500+0 records in
500+0 records out
afbad591ee2b70ac94258fbc7fac3bf2  -
524288000 bytes (524 MB) copied, 1.4457 s, 363 MB/s

real	0m1.448s
user	0m1.163s
sys	0m0.310s
500+0 records in
500+0 records out
afbad591ee2b70ac94258fbc7fac3bf2  -
524288000 bytes (524 MB) copied, 1.3765 s, 381 MB/s

real	0m1.379s
user	0m1.163s
sys	0m0.312s
500+0 records in
500+0 records out
afbad591ee2b70ac94258fbc7fac3bf2  -
524288000 bytes (524 MB) copied, 1.31916 s, 397 MB/s

real	0m1.322s
user	0m1.185s
sys	0m0.284s
500+0 records in
500+0 records out
afbad591ee2b70ac94258fbc7fac3bf2  -
524288000 bytes (524 MB) copied, 1.32686 s, 395 MB/s

real	0m1.330s
user	0m1.178s
sys	0m0.308s
500+0 records in
500+0 records out
afbad591ee2b70ac94258fbc7fac3bf2  -
524288000 bytes (524 MB) copied, 1.36626 s, 384 MB/s

real	0m1.369s
user	0m1.183s
sys	0m0.325s
500+0 records in
500+0 records out
afbad591ee2b70ac94258fbc7fac3bf2  -
524288000 bytes (524 MB) copied, 1.37266 s, 382 MB/s

real	0m1.375s
user	0m1.173s
sys	0m0.308s
500+0 records in
500+0 records out
afbad591ee2b70ac94258fbc7fac3bf2  -
524288000 bytes (524 MB) copied, 1.32819 s, 395 MB/s

real	0m1.331s
user	0m1.173s
sys	0m0.299s
500+0 records in
500+0 records out
afbad591ee2b70ac94258fbc7fac3bf2  -
524288000 bytes (524 MB) copied, 1.35982 s, 386 MB/s

real	0m1.362s
user	0m1.160s
sys	0m0.299s
500+0 records in
500+0 records out
afbad591ee2b70ac94258fbc7fac3bf2  -
524288000 bytes (524 MB) copied, 1.39183 s, 377 MB/s

real	0m1.395s
user	0m1.179s
sys	0m0.281s
500+0 records in
500+0 records out
afbad591ee2b70ac94258fbc7fac3bf2  -
524288000 bytes (524 MB) copied, 1.39795 s, 375 MB/s

real	0m1.401s
user	0m1.174s
sys	0m0.316s
500+0 records in
500+0 records out
afbad591ee2b70ac94258fbc7fac3bf2  -
524288000 bytes (524 MB) copied, 1.34966 s, 388 MB/s

real	0m1.352s
user	0m1.167s
sys	0m0.299s
500+0 records in
500+0 records out
afbad591ee2b70ac94258fbc7fac3bf2  -
524288000 bytes (524 MB) copied, 1.50778 s, 348 MB/s

real	0m1.511s
user	0m1.174s
sys	0m0.284s
500+0 records in
500+0 records out
524288000 bytes (524 MB) copied, 1.32542 s, 396 MB/s
afbad591ee2b70ac94258fbc7fac3bf2  -

real	0m1.328s
user	0m1.164s
sys	0m0.304s
500+0 records in
500+0 records out
afbad591ee2b70ac94258fbc7fac3bf2  -
524288000 bytes (524 MB) copied, 1.3322 s, 394 MB/s

real	0m1.335s
user	0m1.167s
sys	0m0.305s
500+0 records in
500+0 records out
afbad591ee2b70ac94258fbc7fac3bf2  -
524288000 bytes (524 MB) copied, 1.39679 s, 375 MB/s

real	0m1.400s
user	0m1.172s
sys	0m0.314s
500+0 records in
500+0 records out
afbad591ee2b70ac94258fbc7fac3bf2  -
524288000 bytes (524 MB) copied, 1.40888 s, 372 MB/s

real	0m1.412s
user	0m1.178s
sys	0m0.303s
500+0 records in
500+0 records out
afbad591ee2b70ac94258fbc7fac3bf2  -
524288000 bytes (524 MB) copied, 1.37242 s, 382 MB/s

real	0m1.375s
user	0m1.184s
sys	0m0.347s
500+0 records in
500+0 records out
524288000 bytes (524 MB) copied, 1.29539 s, 405 MB/s
afbad591ee2b70ac94258fbc7fac3bf2  -

real	0m1.298s
user	0m1.153s
sys	0m0.308s
500+0 records in
500+0 records out
afbad591ee2b70ac94258fbc7fac3bf2  -
524288000 bytes (524 MB) copied, 1.37011 s, 383 MB/s

real	0m1.373s
user	0m1.175s
sys	0m0.330s
500+0 records in
500+0 records out
524288000 bytes (524 MB) copied, 1.30865 s, 401 MB/s
afbad591ee2b70ac94258fbc7fac3bf2  -

real	0m1.311s
user	0m1.166s
sys	0m0.290s
500+0 records in
500+0 records out
afbad591ee2b70ac94258fbc7fac3bf2  -
524288000 bytes (524 MB) copied, 1.33378 s, 393 MB/s

real	0m1.336s
user	0m1.167s
sys	0m0.305s
500+0 records in
500+0 records out
afbad591ee2b70ac94258fbc7fac3bf2  -
524288000 bytes (524 MB) copied, 1.36705 s, 384 MB/s

real	0m1.370s
user	0m1.162s
sys	0m0.300s
500+0 records in
500+0 records out
afbad591ee2b70ac94258fbc7fac3bf2  -
524288000 bytes (524 MB) copied, 1.34015 s, 391 MB/s

real	0m1.343s
user	0m1.177s
sys	0m0.300s
500+0 records in
500+0 records out
afbad591ee2b70ac94258fbc7fac3bf2  -
524288000 bytes (524 MB) copied, 1.34796 s, 389 MB/s

real	0m1.351s
user	0m1.160s
sys	0m0.316s
500+0 records in
500+0 records out
afbad591ee2b70ac94258fbc7fac3bf2  -
524288000 bytes (524 MB) copied, 1.38392 s, 379 MB/s

real	0m1.387s
user	0m1.182s
sys	0m0.275s
500+0 records in
500+0 records out
afbad591ee2b70ac94258fbc7fac3bf2  -
524288000 bytes (524 MB) copied, 1.34506 s, 390 MB/s

real	0m1.348s
user	0m1.162s
sys	0m0.316s
500+0 records in
500+0 records out
afbad591ee2b70ac94258fbc7fac3bf2  -
524288000 bytes (524 MB) copied, 1.30187 s, 403 MB/s

real	0m1.305s
user	0m1.175s
sys	0m0.293s
500+0 records in
500+0 records out
afbad591ee2b70ac94258fbc7fac3bf2  -
524288000 bytes (524 MB) copied, 1.3727 s, 382 MB/s

real	0m1.375s
user	0m1.176s
sys	0m0.317s
500+0 records in
500+0 records out
afbad591ee2b70ac94258fbc7fac3bf2  -
524288000 bytes (524 MB) copied, 1.35534 s, 387 MB/s

real	0m1.358s
user	0m1.175s
sys	0m0.293s
500+0 records in
500+0 records out
524288000 bytes (524 MB) copied, 1.3139 s, 399 MB/s
afbad591ee2b70ac94258fbc7fac3bf2  -

real	0m1.317s
user	0m1.160s
sys	0m0.302s
500+0 records in
500+0 records out
524288000 bytes (524 MB) copied, 1.33195 s, 394 MB/s
afbad591ee2b70ac94258fbc7fac3bf2  -

real	0m1.335s
user	0m1.180s
sys	0m0.288s
500+0 records in
500+0 records out
afbad591ee2b70ac94258fbc7fac3bf2  -
524288000 bytes (524 MB) copied, 1.37512 s, 381 MB/s

real	0m1.378s
user	0m1.183s
sys	0m0.292s
500+0 records in
500+0 records out
afbad591ee2b70ac94258fbc7fac3bf2  -
524288000 bytes (524 MB) copied, 1.40944 s, 372 MB/s

real	0m1.412s
user	0m1.177s
sys	0m0.306s
500+0 records in
500+0 records out
afbad591ee2b70ac94258fbc7fac3bf2  -
524288000 bytes (524 MB) copied, 1.30782 s, 401 MB/s

real	0m1.311s
user	0m1.178s
sys	0m0.292s
500+0 records in
500+0 records out
524288000 bytes (524 MB) copied, 1.29024 s, 406 MB/s
afbad591ee2b70ac94258fbc7fac3bf2  -

real	0m1.293s
user	0m1.170s
sys	0m0.300s
500+0 records in
500+0 records out
afbad591ee2b70ac94258fbc7fac3bf2  -
524288000 bytes (524 MB) copied, 1.39098 s, 377 MB/s

real	0m1.394s
user	0m1.178s
sys	0m0.285s
500+0 records in
500+0 records out
afbad591ee2b70ac94258fbc7fac3bf2  -
524288000 bytes (524 MB) copied, 1.41929 s, 369 MB/s

real	0m1.422s
user	0m1.160s
sys	0m0.308s
500+0 records in
500+0 records out
524288000 bytes (524 MB) copied, 1.32676 s, 395 MB/s
afbad591ee2b70ac94258fbc7fac3bf2  -

real	0m1.330s
user	0m1.184s
sys	0m0.296s
500+0 records in
500+0 records out
524288000 bytes (524 MB) copiedafbad591ee2b70ac94258fbc7fac3bf2  -
, 1.38116 s, 380 MB/s

real	0m1.384s
user	0m1.170s
sys	0m0.310s
500+0 records in
500+0 records out
524288000 bytes (524 MB) copied, 1.3083 s, 401 MB/s
afbad591ee2b70ac94258fbc7fac3bf2  -

real	0m1.311s
user	0m1.162s
sys	0m0.312s
500+0 records in
500+0 records out
afbad591ee2b70ac94258fbc7fac3bf2  -
524288000 bytes (524 MB) copied, 1.32068 s, 397 MB/s

real	0m1.324s
user	0m1.186s
sys	0m0.280s
500+0 records in
500+0 records out
afbad591ee2b70ac94258fbc7fac3bf2  -
524288000 bytes (524 MB) copied, 1.37797 s, 380 MB/s

real	0m1.381s
user	0m1.175s
sys	0m0.292s
500+0 records in
500+0 records out
afbad591ee2b70ac94258fbc7fac3bf2  -
524288000 bytes (524 MB) copied, 1.35886 s, 386 MB/s

real	0m1.361s
user	0m1.170s
sys	0m0.313s
500+0 records in
500+0 records out
afbad591ee2b70ac94258fbc7fac3bf2  -
524288000 bytes (524 MB) copied, 1.42843 s, 367 MB/s

real	0m1.431s
user	0m1.179s
sys	0m0.301s
500+0 records in
500+0 records out
afbad591ee2b70ac94258fbc7fac3bf2  -
524288000 bytes (524 MB) copied, 1.41136 s, 371 MB/s

real	0m1.414s
user	0m1.176s
sys	0m0.297s
500+0 records in
500+0 records out
524288000 bytes (524 MB) copied, 1.3175 s, 398 MB/s
afbad591ee2b70ac94258fbc7fac3bf2  -

real	0m1.320s
user	0m1.184s
sys	0m0.288s
500+0 records in
500+0 records out
afbad591ee2b70ac94258fbc7fac3bf2  -
524288000 bytes (524 MB) copied, 1.36576 s, 384 MB/s

real	0m1.369s
user	0m1.171s
sys	0m0.302s
500+0 records in
500+0 records out
afbad591ee2b70ac94258fbc7fac3bf2  -
524288000 bytes (524 MB) copied, 1.42519 s, 368 MB/s

real	0m1.428s
user	0m1.195s
sys	0m0.288s
500+0 records in
500+0 records out
524288000 bytes (524 MB) copied, 1.31732 s, 398 MB/s
afbad591ee2b70ac94258fbc7fac3bf2  -

real	0m1.320s
user	0m1.163s
sys	0m0.315s
500+0 records in
500+0 records out
524288000 bytes (524 MB) copied, 1.33597 s, 392 MB/s
afbad591ee2b70ac94258fbc7fac3bf2  -

real	0m1.339s
user	0m1.177s
sys	0m0.292s
500+0 records in
500+0 records out
afbad591ee2b70ac94258fbc7fac3bf2  -
524288000 bytes (524 MB) copied, 1.33064 s, 394 MB/s

real	0m1.333s
user	0m1.167s
sys	0m0.306s
500+0 records in
500+0 records out
afbad591ee2b70ac94258fbc7fac3bf2  -
524288000 bytes (524 MB) copied, 1.32552 s, 396 MB/s

real	0m1.328s
user	0m1.174s
sys	0m0.307s
500+0 records in
500+0 records out
afbad591ee2b70ac94258fbc7fac3bf2  -
524288000 bytes (524 MB) copied, 1.33761 s, 392 MB/s

real	0m1.340s
user	0m1.173s
sys	0m0.300s
500+0 records in
500+0 records out
afbad591ee2b70ac94258fbc7fac3bf2  -
524288000 bytes (524 MB) copied, 1.37055 s, 383 MB/s

real	0m1.373s
user	0m1.159s
sys	0m0.328s
500+0 records in
500+0 records out
afbad591ee2b70ac94258fbc7fac3bf2  -
524288000 bytes (524 MB) copied, 1.31881 s, 398 MB/s

real	0m1.322s
user	0m1.180s
sys	0m0.301s
500+0 records in
500+0 records out
524288000 bytes (524 MB) copied, 1.32235 s, 396 MB/s
afbad591ee2b70ac94258fbc7fac3bf2  -

real	0m1.325s
user	0m1.159s
sys	0m0.312s
500+0 records in
500+0 records out
524288000 bytes (524 MB) copiedafbad591ee2b70ac94258fbc7fac3bf2  -
, 1.31774 s, 398 MB/s

real	0m1.321s
user	0m1.178s
sys	0m0.292s
500+0 records in
500+0 records out
afbad591ee2b70ac94258fbc7fac3bf2  -
524288000 bytes (524 MB) copied, 1.39277 s, 376 MB/s

real	0m1.396s
user	0m1.185s
sys	0m0.293s
500+0 records in
500+0 records out
524288000 bytes (524 MB) copied, 1.33338 s, 393 MB/s
afbad591ee2b70ac94258fbc7fac3bf2  -

real	0m1.336s
user	0m1.172s
sys	0m0.315s
500+0 records in
500+0 records out
524288000 bytes (524 MB) copied, 1.2967 s, 404 MB/s
afbad591ee2b70ac94258fbc7fac3bf2  -

real	0m1.300s
user	0m1.168s
sys	0m0.300s
500+0 records in
500+0 records out
afbad591ee2b70ac94258fbc7fac3bf2  -
524288000 bytes (524 MB) copied, 1.50033 s, 349 MB/s

real	0m1.503s
user	0m1.190s
sys	0m0.302s
500+0 records in
500+0 records out
524288000 bytes (524 MB) copiedafbad591ee2b70ac94258fbc7fac3bf2  -
, 1.31697 s, 398 MB/s

real	0m1.320s
user	0m1.173s
sys	0m0.285s
500+0 records in
500+0 records out
524288000 bytes (524 MB) copied, 1.37433 s, 381 MB/s
afbad591ee2b70ac94258fbc7fac3bf2  -

real	0m1.377s
user	0m1.178s
sys	0m0.303s
500+0 records in
500+0 records out
524288000 bytes (524 MB) copied, 1.32682 s, 395 MB/s
afbad591ee2b70ac94258fbc7fac3bf2  -

real	0m1.330s
user	0m1.163s
sys	0m0.319s
500+0 records in
500+0 records out
afbad591ee2b70ac94258fbc7fac3bf2  -
524288000 bytes (524 MB) copied, 1.49227 s, 351 MB/s

real	0m1.495s
user	0m1.173s
sys	0m0.302s
500+0 records in
500+0 records out
afbad591ee2b70ac94258fbc7fac3bf2  -
524288000 bytes (524 MB) copied, 1.33682 s, 392 MB/s

real	0m1.340s
user	0m1.167s
sys	0m0.304s
500+0 records in
500+0 records out
afbad591ee2b70ac94258fbc7fac3bf2  -
524288000 bytes (524 MB) copied, 1.37344 s, 382 MB/s

real	0m1.376s
user	0m1.163s
sys	0m0.315s
500+0 records in
500+0 records out
afbad591ee2b70ac94258fbc7fac3bf2  -
524288000 bytes (524 MB) copied, 1.38587 s, 378 MB/s

real	0m1.389s
user	0m1.162s
sys	0m0.314s
500+0 records in
500+0 records out
afbad591ee2b70ac94258fbc7fac3bf2  -
524288000 bytes (524 MB) copied, 1.34355 s, 390 MB/s

real	0m1.346s
user	0m1.181s
sys	0m0.291s
500+0 records in
500+0 records out
524288000 bytes (524 MB) copied, 1.31507 s, 399 MB/s
afbad591ee2b70ac94258fbc7fac3bf2  -

real	0m1.318s
user	0m1.176s
sys	0m0.299s
500+0 records in
500+0 records out
afbad591ee2b70ac94258fbc7fac3bf2  -
524288000 bytes (524 MB) copied, 1.34831 s, 389 MB/s

real	0m1.351s
user	0m1.171s
sys	0m0.302s
500+0 records in
500+0 records out
afbad591ee2b70ac94258fbc7fac3bf2  -
524288000 bytes (524 MB) copied, 1.37126 s, 382 MB/s

real	0m1.374s
user	0m1.168s
sys	0m0.314s
500+0 records in
500+0 records out
524288000 bytes (524 MB) copied, 1.39564 s, 376 MB/s
afbad591ee2b70ac94258fbc7fac3bf2  -

real	0m1.398s
user	0m1.173s
sys	0m0.319s
500+0 records in
500+0 records out
afbad591ee2b70ac94258fbc7fac3bf2  -
524288000 bytes (524 MB) copied, 1.4206 s, 369 MB/s

real	0m1.423s
user	0m1.157s
sys	0m0.309s
500+0 records in
500+0 records out
524288000 bytes (524 MB) copied, 1.32591 s, 395 MB/s
afbad591ee2b70ac94258fbc7fac3bf2  -

real	0m1.329s
user	0m1.168s
sys	0m0.301s
500+0 records in
500+0 records out
afbad591ee2b70ac94258fbc7fac3bf2  -
524288000 bytes (524 MB) copied, 1.37121 s, 382 MB/s

real	0m1.374s
user	0m1.170s
sys	0m0.291s
500+0 records in
500+0 records out
afbad591ee2b70ac94258fbc7fac3bf2  -
524288000 bytes (524 MB) copied, 1.43197 s, 366 MB/s

real	0m1.435s
user	0m1.174s
sys	0m0.362s
500+0 records in
500+0 records out
524288000 bytes (524 MB) copied, 1.29176 s, 406 MB/s
afbad591ee2b70ac94258fbc7fac3bf2  -

real	0m1.295s
user	0m1.179s
sys	0m0.279s
500+0 records in
500+0 records out
afbad591ee2b70ac94258fbc7fac3bf2  -
524288000 bytes (524 MB) copied, 1.3801 s, 380 MB/s

real	0m1.383s
user	0m1.171s
sys	0m0.329s
500+0 records in
500+0 records out
524288000 bytes (524 MB) copied, 1.31647 s, 398 MB/s
afbad591ee2b70ac94258fbc7fac3bf2  -

real	0m1.319s
user	0m1.171s
sys	0m0.302s
500+0 records in
500+0 records out
afbad591ee2b70ac94258fbc7fac3bf2  -
524288000 bytes (524 MB) copied, 1.38843 s, 378 MB/s

real	0m1.391s
user	0m1.170s
sys	0m0.287s
500+0 records in
500+0 records out
afbad591ee2b70ac94258fbc7fac3bf2  -
524288000 bytes (524 MB) copied, 1.39597 s, 376 MB/s

real	0m1.399s
user	0m1.163s
sys	0m0.306s
500+0 records in
500+0 records out
afbad591ee2b70ac94258fbc7fac3bf2  -
524288000 bytes (524 MB) copied, 1.35321 s, 387 MB/s

real	0m1.356s
user	0m1.168s
sys	0m0.314s
500+0 records in
500+0 records out
afbad591ee2b70ac94258fbc7fac3bf2  -
524288000 bytes (524 MB) copied, 1.40557 s, 373 MB/s

real	0m1.409s
user	0m1.178s
sys	0m0.321s
500+0 records in
500+0 records out
524288000 bytes (524 MB) copied, 1.38023 s, 380 MB/s
afbad591ee2b70ac94258fbc7fac3bf2  -

real	0m1.383s
user	0m1.181s
sys	0m0.359s
500+0 records in
500+0 records out
afbad591ee2b70ac94258fbc7fac3bf2  -
524288000 bytes (524 MB) copied, 1.38102 s, 380 MB/s

real	0m1.384s
user	0m1.162s
sys	0m0.296s
500+0 records in
500+0 records out
afbad591ee2b70ac94258fbc7fac3bf2  -
524288000 bytes (524 MB) copied, 1.33969 s, 391 MB/s

real	0m1.343s
user	0m1.178s
sys	0m0.299s
500+0 records in
500+0 records out
524288000 bytes (524 MB) copied, 1.31242 s, 399 MB/s
afbad591ee2b70ac94258fbc7fac3bf2  -

real	0m1.315s
user	0m1.182s
sys	0m0.285s
500+0 records in
500+0 records out
afbad591ee2b70ac94258fbc7fac3bf2  -
524288000 bytes (524 MB) copied, 1.34848 s, 389 MB/s

real	0m1.351s
user	0m1.165s
sys	0m0.304s
500+0 records in
500+0 records out
afbad591ee2b70ac94258fbc7fac3bf2  -
524288000 bytes (524 MB) copied, 1.40103 s, 374 MB/s

real	0m1.404s
user	0m1.167s
sys	0m0.336s
500+0 records in
500+0 records out
524288000 bytes (524 MB) copiedafbad591ee2b70ac94258fbc7fac3bf2  -
, 1.35683 s, 386 MB/s

real	0m1.360s
user	0m1.172s
sys	0m0.286s
500+0 records in
500+0 records out
524288000 bytes (524 MB) copiedafbad591ee2b70ac94258fbc7fac3bf2  -
, 1.35768 s, 386 MB/s

real	0m1.361s
user	0m1.172s
sys	0m0.302s
500+0 records in
500+0 records out
afbad591ee2b70ac94258fbc7fac3bf2  -
524288000 bytes (524 MB) copied, 1.36792 s, 383 MB/s

real	0m1.371s
user	0m1.170s
sys	0m0.299s
500+0 records in
500+0 records out
afbad591ee2b70ac94258fbc7fac3bf2  -
524288000 bytes (524 MB) copied, 1.44417 s, 363 MB/s

real	0m1.447s
user	0m1.182s
sys	0m0.281s
500+0 records in
500+0 records out
afbad591ee2b70ac94258fbc7fac3bf2  -
524288000 bytes (524 MB) copied, 1.35948 s, 386 MB/s

real	0m1.362s
user	0m1.167s
sys	0m0.308s
500+0 records in
500+0 records out
524288000 bytes (524 MB) copied, 1.42957 s, 367 MB/s
afbad591ee2b70ac94258fbc7fac3bf2  -

real	0m1.432s
user	0m1.199s
sys	0m0.370s
500+0 records in
500+0 records out
524288000 bytes (524 MB) copiedafbad591ee2b70ac94258fbc7fac3bf2  -
, 1.33269 s, 393 MB/s

real	0m1.335s
user	0m1.176s
sys	0m0.281s
500+0 records in
500+0 records out
afbad591ee2b70ac94258fbc7fac3bf2  -
524288000 bytes (524 MB) copied, 1.4002 s, 374 MB/s

real	0m1.403s
user	0m1.162s
sys	0m0.306s
500+0 records in
500+0 records out
afbad591ee2b70ac94258fbc7fac3bf2  -
524288000 bytes (524 MB) copied, 1.34519 s, 390 MB/s

real	0m1.348s
user	0m1.176s
sys	0m0.310s
500+0 records in
500+0 records out
524288000 bytes (524 MB) copied, 1.30218 s, 403 MB/s
afbad591ee2b70ac94258fbc7fac3bf2  -

real	0m1.305s
user	0m1.162s
sys	0m0.313s
500+0 records in
500+0 records out
afbad591ee2b70ac94258fbc7fac3bf2  -
524288000 bytes (524 MB) copied, 1.33272 s, 393 MB/s

real	0m1.335s
user	0m1.177s
sys	0m0.309s
500+0 records in
500+0 records out
afbad591ee2b70ac94258fbc7fac3bf2  -
524288000 bytes (524 MB) copied, 1.32977 s, 394 MB/s

real	0m1.332s
user	0m1.167s
sys	0m0.317s
500+0 records in
500+0 records out
afbad591ee2b70ac94258fbc7fac3bf2  -
524288000 bytes (524 MB) copied, 1.36928 s, 383 MB/s

real	0m1.372s
user	0m1.171s
sys	0m0.294s
500+0 records in
500+0 records out
afbad591ee2b70ac94258fbc7fac3bf2  -
524288000 bytes (524 MB) copied, 1.36234 s, 385 MB/s

real	0m1.365s
user	0m1.174s
sys	0m0.299s
500+0 records in
500+0 records out
afbad591ee2b70ac94258fbc7fac3bf2  -
524288000 bytes (524 MB) copied, 1.29913 s, 404 MB/s

real	0m1.302s
user	0m1.175s
sys	0m0.295s
500+0 records in
500+0 records out
afbad591ee2b70ac94258fbc7fac3bf2  -
524288000 bytes (524 MB) copied, 1.34248 s, 391 MB/s

real	0m1.346s
user	0m1.172s
sys	0m0.299s
500+0 records in
500+0 records out
524288000 bytes (524 MB) copied, 1.30475 s, 402 MB/s
afbad591ee2b70ac94258fbc7fac3bf2  -

real	0m1.308s
user	0m1.173s
sys	0m0.305s
500+0 records in
500+0 records out
524288000 bytes (524 MB) copied, 1.32542 s, 396 MB/s
afbad591ee2b70ac94258fbc7fac3bf2  -

real	0m1.328s
user	0m1.162s
sys	0m0.301s
500+0 records in
500+0 records out
afbad591ee2b70ac94258fbc7fac3bf2  -
524288000 bytes (524 MB) copied, 1.36659 s, 384 MB/s

real	0m1.369s
user	0m1.179s
sys	0m0.301s
500+0 records in
500+0 records out
afbad591ee2b70ac94258fbc7fac3bf2  -
524288000 bytes (524 MB) copied, 1.59639 s, 328 MB/s

real	0m1.599s
user	0m1.167s
sys	0m0.298s
500+0 records in
500+0 records out
afbad591ee2b70ac94258fbc7fac3bf2  -
524288000 bytes (524 MB) copied, 1.34072 s, 391 MB/s

real	0m1.344s
user	0m1.176s
sys	0m0.292s
500+0 records in
500+0 records out
afbad591ee2b70ac94258fbc7fac3bf2  -
524288000 bytes (524 MB) copied, 1.34836 s, 389 MB/s

real	0m1.351s
user	0m1.158s
sys	0m0.332s
500+0 records in
500+0 records out
afbad591ee2b70ac94258fbc7fac3bf2  -
524288000 bytes (524 MB) copied, 1.41414 s, 371 MB/s

real	0m1.417s
user	0m1.175s
sys	0m0.294s
500+0 records in
500+0 records out
afbad591ee2b70ac94258fbc7fac3bf2  -
524288000 bytes (524 MB) copied, 1.34896 s, 389 MB/s

real	0m1.352s
user	0m1.172s
sys	0m0.298s
500+0 records in
500+0 records out
afbad591ee2b70ac94258fbc7fac3bf2  -
524288000 bytes (524 MB) copied, 1.33159 s, 394 MB/s

real	0m1.334s
user	0m1.159s
sys	0m0.308s
500+0 records in
500+0 records out
afbad591ee2b70ac94258fbc7fac3bf2  -
524288000 bytes (524 MB) copied, 1.35842 s, 386 MB/s

real	0m1.361s
user	0m1.171s
sys	0m0.306s
500+0 records in
500+0 records out
afbad591ee2b70ac94258fbc7fac3bf2  -
524288000 bytes (524 MB) copied, 1.33537 s, 393 MB/s

real	0m1.338s
user	0m1.166s
sys	0m0.298s
500+0 records in
500+0 records out
524288000 bytes (524 MB) copied, 1.31072 s, 400 MB/s
afbad591ee2b70ac94258fbc7fac3bf2  -

real	0m1.313s
user	0m1.168s
sys	0m0.310s
500+0 records in
500+0 records out
afbad591ee2b70ac94258fbc7fac3bf2  -
524288000 bytes (524 MB) copied, 1.35204 s, 388 MB/s

real	0m1.354s
user	0m1.176s
sys	0m0.283s
500+0 records in
500+0 records out
524288000 bytes (524 MB) copied, 1.29889 s, 404 MB/s
afbad591ee2b70ac94258fbc7fac3bf2  -

real	0m1.302s
user	0m1.164s
sys	0m0.300s
500+0 records in
500+0 records out
afbad591ee2b70ac94258fbc7fac3bf2  -
524288000 bytes (524 MB) copied, 1.34417 s, 390 MB/s

real	0m1.347s
user	0m1.167s
sys	0m0.296s
500+0 records in
500+0 records out
afbad591ee2b70ac94258fbc7fac3bf2  -
524288000 bytes (524 MB) copied, 1.33363 s, 393 MB/s

real	0m1.336s
user	0m1.150s
sys	0m0.309s
500+0 records in
500+0 records out
afbad591ee2b70ac94258fbc7fac3bf2  -
524288000 bytes (524 MB) copied, 1.32457 s, 396 MB/s

real	0m1.327s
user	0m1.164s
sys	0m0.323s
500+0 records in
500+0 records out
afbad591ee2b70ac94258fbc7fac3bf2  -
524288000 bytes (524 MB) copied, 1.46359 s, 358 MB/s

real	0m1.466s
user	0m1.180s
sys	0m0.289s
500+0 records in
500+0 records out
afbad591ee2b70ac94258fbc7fac3bf2  -
524288000 bytes (524 MB) copied, 1.37525 s, 381 MB/s

real	0m1.378s
user	0m1.166s
sys	0m0.335s
500+0 records in
500+0 records out
afbad591ee2b70ac94258fbc7fac3bf2  -
524288000 bytes (524 MB) copied, 1.31973 s, 397 MB/s

real	0m1.322s
user	0m1.177s
sys	0m0.302s
500+0 records in
500+0 records out
afbad591ee2b70ac94258fbc7fac3bf2  -
524288000 bytes (524 MB) copied, 1.39186 s, 377 MB/s

real	0m1.395s
user	0m1.189s
sys	0m0.353s
500+0 records in
500+0 records out
afbad591ee2b70ac94258fbc7fac3bf2  -
524288000 bytes (524 MB) copied, 1.33877 s, 392 MB/s

real	0m1.342s
user	0m1.165s
sys	0m0.302s
500+0 records in
500+0 records out
afbad591ee2b70ac94258fbc7fac3bf2  -
524288000 bytes (524 MB) copied, 1.3206 s, 397 MB/s

real	0m1.323s
user	0m1.163s
sys	0m0.315s
500+0 records in
500+0 records out
afbad591ee2b70ac94258fbc7fac3bf2  -
524288000 bytes (524 MB) copied, 1.32676 s, 395 MB/s

real	0m1.329s
user	0m1.185s
sys	0m0.286s
500+0 records in
500+0 records out
524288000 bytes (524 MB) copied, 1.46742 s, 357 MB/s
afbad591ee2b70ac94258fbc7fac3bf2  -

real	0m1.470s
user	0m1.140s
sys	0m0.439s
500+0 records in
500+0 records out
afbad591ee2b70ac94258fbc7fac3bf2  -
524288000 bytes (524 MB) copied, 1.41599 s, 370 MB/s

real	0m1.419s
user	0m1.175s
sys	0m0.306s
500+0 records in
500+0 records out
524288000 bytes (524 MB) copied, 1.32227 s, 397 MB/s
afbad591ee2b70ac94258fbc7fac3bf2  -

real	0m1.325s
user	0m1.159s
sys	0m0.321s
500+0 records in
500+0 records out
afbad591ee2b70ac94258fbc7fac3bf2  -
524288000 bytes (524 MB) copied, 1.42671 s, 367 MB/s

real	0m1.430s
user	0m1.190s
sys	0m0.358s
500+0 records in
500+0 records out
afbad591ee2b70ac94258fbc7fac3bf2  -
524288000 bytes (524 MB) copied, 1.3634 s, 385 MB/s

real	0m1.366s
user	0m1.189s
sys	0m0.287s
500+0 records in
500+0 records out
524288000 bytes (524 MB) copied, 1.31829 s, 398 MB/s
afbad591ee2b70ac94258fbc7fac3bf2  -

real	0m1.321s
user	0m1.169s
sys	0m0.301s
500+0 records in
500+0 records out
afbad591ee2b70ac94258fbc7fac3bf2  -
524288000 bytes (524 MB) copied, 1.34155 s, 391 MB/s

real	0m1.344s
user	0m1.171s
sys	0m0.299s
500+0 records in
500+0 records out
afbad591ee2b70ac94258fbc7fac3bf2  -
524288000 bytes (524 MB) copied, 1.39615 s, 376 MB/s

real	0m1.399s
user	0m1.179s
sys	0m0.288s
500+0 records in
500+0 records out
afbad591ee2b70ac94258fbc7fac3bf2  -
524288000 bytes (524 MB) copied, 1.39827 s, 375 MB/s

real	0m1.401s
user	0m1.162s
sys	0m0.313s
500+0 records in
500+0 records out
524288000 bytes (524 MB) copied, 1.37724 s, 381 MB/s
afbad591ee2b70ac94258fbc7fac3bf2  -

real	0m1.380s
user	0m1.187s
sys	0m0.334s
500+0 records in
500+0 records out
afbad591ee2b70ac94258fbc7fac3bf2  -
524288000 bytes (524 MB) copied, 1.34101 s, 391 MB/s

real	0m1.343s
user	0m1.164s
sys	0m0.299s
500+0 records in
500+0 records out
afbad591ee2b70ac94258fbc7fac3bf2  -
524288000 bytes (524 MB) copied, 1.37909 s, 380 MB/s

real	0m1.382s
user	0m1.164s
sys	0m0.320s
500+0 records in
500+0 records out
afbad591ee2b70ac94258fbc7fac3bf2  -
524288000 bytes (524 MB) copied, 1.35907 s, 386 MB/s

real	0m1.362s
user	0m1.183s
sys	0m0.287s
500+0 records in
500+0 records out
afbad591ee2b70ac94258fbc7fac3bf2  -
524288000 bytes (524 MB) copied, 1.49995 s, 350 MB/s

real	0m1.503s
user	0m1.178s
sys	0m0.295s
500+0 records in
500+0 records out
524288000 bytes (524 MB) copiedafbad591ee2b70ac94258fbc7fac3bf2  -
, 1.421 s, 369 MB/s

real	0m1.424s
user	0m1.185s
sys	0m0.335s
500+0 records in
500+0 records out
afbad591ee2b70ac94258fbc7fac3bf2  -
524288000 bytes (524 MB) copied, 1.34766 s, 389 MB/s

real	0m1.351s
user	0m1.180s
sys	0m0.296s
500+0 records in
500+0 records out
afbad591ee2b70ac94258fbc7fac3bf2  -
524288000 bytes (524 MB) copied, 1.39414 s, 376 MB/s

real	0m1.397s
user	0m1.168s
sys	0m0.314s
500+0 records in
500+0 records out
afbad591ee2b70ac94258fbc7fac3bf2  -
524288000 bytes (524 MB) copied, 1.35859 s, 386 MB/s

real	0m1.361s
user	0m1.171s
sys	0m0.295s
500+0 records in
500+0 records out
afbad591ee2b70ac94258fbc7fac3bf2  -
524288000 bytes (524 MB) copied, 1.36427 s, 384 MB/s

real	0m1.367s
user	0m1.159s
sys	0m0.306s
500+0 records in
500+0 records out
524288000 bytes (524 MB) copied, 1.32558 s, 396 MB/s
afbad591ee2b70ac94258fbc7fac3bf2  -

real	0m1.329s
user	0m1.168s
sys	0m0.316s
500+0 records in
500+0 records out
afbad591ee2b70ac94258fbc7fac3bf2  -
524288000 bytes (524 MB) copied, 1.46357 s, 358 MB/s

real	0m1.466s
user	0m1.177s
sys	0m0.300s
500+0 records in
500+0 records out
afbad591ee2b70ac94258fbc7fac3bf2  -
524288000 bytes (524 MB) copied, 1.45782 s, 360 MB/s

real	0m1.461s
user	0m1.179s
sys	0m0.292s
500+0 records in
500+0 records out
524288000 bytes (524 MB) copied, 1.36694 s, 384 MB/s
afbad591ee2b70ac94258fbc7fac3bf2  -

real	0m1.370s
user	0m1.165s
sys	0m0.312s
500+0 records in
500+0 records out
afbad591ee2b70ac94258fbc7fac3bf2  -
524288000 bytes (524 MB) copied, 1.36224 s, 385 MB/s

real	0m1.365s
user	0m1.179s
sys	0m0.295s
500+0 records in
500+0 records out
afbad591ee2b70ac94258fbc7fac3bf2  -
524288000 bytes (524 MB) copied, 1.38277 s, 379 MB/s

real	0m1.386s
user	0m1.173s
sys	0m0.307s
500+0 records in
500+0 records out
524288000 bytes (524 MB) copiedafbad591ee2b70ac94258fbc7fac3bf2  -
, 1.36096 s, 385 MB/s

real	0m1.364s
user	0m1.158s
sys	0m0.313s
500+0 records in
500+0 records out
524288000 bytes (524 MB) copied, 1.3827 s, 379 MB/s
afbad591ee2b70ac94258fbc7fac3bf2  -

real	0m1.386s
user	0m1.185s
sys	0m0.350s
500+0 records in
500+0 records out
afbad591ee2b70ac94258fbc7fac3bf2  -
524288000 bytes (524 MB) copied, 1.40936 s, 372 MB/s

real	0m1.412s
user	0m1.177s
sys	0m0.282s
500+0 records in
500+0 records out
afbad591ee2b70ac94258fbc7fac3bf2  -
524288000 bytes (524 MB) copied, 1.34593 s, 390 MB/s

real	0m1.349s
user	0m1.168s
sys	0m0.334s
500+0 records in
500+0 records out
524288000 bytes (524 MB) copied, 1.32376 s, 396 MB/s
afbad591ee2b70ac94258fbc7fac3bf2  -

real	0m1.327s
user	0m1.172s
sys	0m0.284s
