2000+0 records in
2000+0 records out
0dd74775419ada42017a0fdf21eccf94  -
2097152000 bytes (2.1 GB) copied, 4.11807 s, 509 MB/s

real	0m4.120s
user	0m3.806s
sys	0m1.068s
2000+0 records in
2000+0 records out
2097152000 bytes (2.1 GB) copied, 4.0989 s, 512 MB/s
0dd74775419ada42017a0fdf21eccf94  -

real	0m4.102s
user	0m3.732s
sys	0m1.109s
2000+0 records in
2000+0 records out
2097152000 bytes (2.1 GB) copied0dd74775419ada42017a0fdf21eccf94  -
, 4.11705 s, 509 MB/s

real	0m4.120s
user	0m3.693s
sys	0m1.196s
2000+0 records in
2000+0 records out
2097152000 bytes (2.1 GB) copied, 4.06178 s, 516 MB/s
0dd74775419ada42017a0fdf21eccf94  -

real	0m4.065s
user	0m3.701s
sys	0m1.088s
2000+0 records in
2000+0 records out
2097152000 bytes (2.1 GB) copied, 4.11826 s, 509 MB/s
0dd74775419ada42017a0fdf21eccf94  -

real	0m4.121s
user	0m3.787s
sys	0m1.071s
2000+0 records in
2000+0 records out
2097152000 bytes (2.1 GB) copied, 4.12127 s, 509 MB/s
0dd74775419ada42017a0fdf21eccf94  -

real	0m4.124s
user	0m3.812s
sys	0m1.060s
2000+0 records in
2000+0 records out
2097152000 bytes (2.1 GB) copied, 4.07561 s, 515 MB/s
0dd74775419ada42017a0fdf21eccf94  -

real	0m4.079s
user	0m3.721s
sys	0m1.087s
2000+0 records in
2000+0 records out
2097152000 bytes (2.1 GB) copied, 4.12613 s, 508 MB/s
0dd74775419ada42017a0fdf21eccf94  -

real	0m4.129s
user	0m3.796s
sys	0m1.065s
2000+0 records in
2000+0 records out
2097152000 bytes (2.1 GB) copied, 4.24605 s, 494 MB/s
0dd74775419ada42017a0fdf21eccf94  -

real	0m4.249s
user	0m3.531s
sys	0m1.434s
2000+0 records in
2000+0 records out
2097152000 bytes (2.1 GB) copied, 3.81976 s, 549 MB/s
0dd74775419ada42017a0fdf21eccf94  -

real	0m3.823s
user	0m3.540s
sys	0m0.972s
2000+0 records in
2000+0 records out
2097152000 bytes (2.1 GB) copied, 4.1119 s, 510 MB/s
0dd74775419ada42017a0fdf21eccf94  -

real	0m4.114s
user	0m3.715s
sys	0m1.136s
2000+0 records in
2000+0 records out
2097152000 bytes (2.1 GB) copied, 4.04475 s, 518 MB/s
0dd74775419ada42017a0fdf21eccf94  -

real	0m4.048s
user	0m3.744s
sys	0m1.051s
2000+0 records in
2000+0 records out
2097152000 bytes (2.1 GB) copied, 4.11763 s, 509 MB/s
0dd74775419ada42017a0fdf21eccf94  -

real	0m4.120s
user	0m3.728s
sys	0m1.137s
2000+0 records in
2000+0 records out
2097152000 bytes (2.1 GB) copied, 4.10073 s, 511 MB/s
0dd74775419ada42017a0fdf21eccf94  -

real	0m4.104s
user	0m3.734s
sys	0m1.103s
2000+0 records in
2000+0 records out
2097152000 bytes (2.1 GB) copied, 4.06789 s, 516 MB/s
0dd74775419ada42017a0fdf21eccf94  -

real	0m4.071s
user	0m3.699s
sys	0m1.091s
2000+0 records in
2000+0 records out
2097152000 bytes (2.1 GB) copied, 4.21094 s, 498 MB/s
0dd74775419ada42017a0fdf21eccf94  -

real	0m4.213s
user	0m3.875s
sys	0m1.085s
2000+0 records in
2000+0 records out
2097152000 bytes (2.1 GB) copied, 4.04073 s, 519 MB/s
0dd74775419ada42017a0fdf21eccf94  -

real	0m4.043s
user	0m3.693s
sys	0m1.080s
2000+0 records in
2000+0 records out
2097152000 bytes (2.1 GB) copied, 4.04358 s, 519 MB/s
0dd74775419ada42017a0fdf21eccf94  -

real	0m4.047s
user	0m3.744s
sys	0m1.052s
2000+0 records in
2000+0 records out
2097152000 bytes (2.1 GB) copied, 3.89608 s, 538 MB/s
0dd74775419ada42017a0fdf21eccf94  -

real	0m3.899s
user	0m3.610s
sys	0m0.989s
2000+0 records in
2000+0 records out
2097152000 bytes (2.1 GB) copied, 4.05064 s, 518 MB/s
0dd74775419ada42017a0fdf21eccf94  -

real	0m4.053s
user	0m3.754s
sys	0m1.052s
2000+0 records in
2000+0 records out
2097152000 bytes (2.1 GB) copied, 4.12531 s, 508 MB/s
0dd74775419ada42017a0fdf21eccf94  -

real	0m4.128s
user	0m3.661s
sys	0m1.196s
2000+0 records in
2000+0 records out
2097152000 bytes (2.1 GB) copied, 4.12512 s, 508 MB/s
0dd74775419ada42017a0fdf21eccf94  -

real	0m4.128s
user	0m3.763s
sys	0m1.113s
2000+0 records in
2000+0 records out
2097152000 bytes (2.1 GB) copied, 3.83798 s, 546 MB/s
0dd74775419ada42017a0fdf21eccf94  -

real	0m3.841s
user	0m3.529s
sys	0m1.001s
2000+0 records in
2000+0 records out
2097152000 bytes (2.1 GB) copied, 4.15475 s, 505 MB/s
0dd74775419ada42017a0fdf21eccf94  -

real	0m4.158s
user	0m3.530s
sys	0m1.336s
2000+0 records in
2000+0 records out
2097152000 bytes (2.1 GB) copied, 4.11465 s, 510 MB/s
0dd74775419ada42017a0fdf21eccf94  -

real	0m4.117s
user	0m3.824s
sys	0m1.061s
2000+0 records in
2000+0 records out
2097152000 bytes (2.1 GB) copied, 4.10378 s, 511 MB/s
0dd74775419ada42017a0fdf21eccf94  -

real	0m4.106s
user	0m3.837s
sys	0m1.033s
2000+0 records in
2000+0 records out
2097152000 bytes (2.1 GB) copied, 3.88992 s, 539 MB/s
0dd74775419ada42017a0fdf21eccf94  -

real	0m3.893s
user	0m3.551s
sys	0m1.037s
2000+0 records in
2000+0 records out
2097152000 bytes (2.1 GB) copied, 3.8304 s, 548 MB/s
0dd74775419ada42017a0fdf21eccf94  -

real	0m3.833s
user	0m3.556s
sys	0m0.966s
2000+0 records in
2000+0 records out
2097152000 bytes (2.1 GB) copied, 3.8257 s, 548 MB/s
0dd74775419ada42017a0fdf21eccf94  -

real	0m3.828s
user	0m3.536s
sys	0m0.975s
2000+0 records in
2000+0 records out
2097152000 bytes (2.1 GB) copied, 3.8353 s, 547 MB/s
0dd74775419ada42017a0fdf21eccf94  -

real	0m3.838s
user	0m3.522s
sys	0m0.989s
2000+0 records in
2000+0 records out
2097152000 bytes (2.1 GB) copied, 3.99701 s, 525 MB/s
0dd74775419ada42017a0fdf21eccf94  -

real	0m4.000s
user	0m3.632s
sys	0m1.076s
2000+0 records in
2000+0 records out
2097152000 bytes (2.1 GB) copied, 4.05283 s, 517 MB/s
0dd74775419ada42017a0fdf21eccf94  -

real	0m4.055s
user	0m3.730s
sys	0m1.071s
2000+0 records in
2000+0 records out
2097152000 bytes (2.1 GB) copied, 4.07152 s, 515 MB/s
0dd74775419ada42017a0fdf21eccf94  -

real	0m4.074s
user	0m3.749s
sys	0m1.072s
2000+0 records in
2000+0 records out
2097152000 bytes (2.1 GB) copied, 4.05635 s, 517 MB/s
0dd74775419ada42017a0fdf21eccf94  -

real	0m4.059s
user	0m3.750s
sys	0m1.058s
2000+0 records in
2000+0 records out
2097152000 bytes (2.1 GB) copied, 3.84167 s, 546 MB/s
0dd74775419ada42017a0fdf21eccf94  -

real	0m3.844s
user	0m3.566s
sys	0m0.966s
2000+0 records in
2000+0 records out
2097152000 bytes (2.1 GB) copied, 4.07067 s, 515 MB/s
0dd74775419ada42017a0fdf21eccf94  -

real	0m4.073s
user	0m3.744s
sys	0m1.058s
2000+0 records in
2000+0 records out
2097152000 bytes (2.1 GB) copied, 4.09875 s, 512 MB/s
0dd74775419ada42017a0fdf21eccf94  -

real	0m4.101s
user	0m3.804s
sys	0m1.067s
2000+0 records in
2000+0 records out
2097152000 bytes (2.1 GB) copied, 4.06564 s, 516 MB/s
0dd74775419ada42017a0fdf21eccf94  -

real	0m4.068s
user	0m3.743s
sys	0m1.071s
2000+0 records in
2000+0 records out
2097152000 bytes (2.1 GB) copied, 4.0915 s, 513 MB/s
0dd74775419ada42017a0fdf21eccf94  -

real	0m4.094s
user	0m3.782s
sys	0m1.052s
2000+0 records in
2000+0 records out
2097152000 bytes (2.1 GB) copied, 3.97606 s, 527 MB/s
0dd74775419ada42017a0fdf21eccf94  -

real	0m3.979s
user	0m3.597s
sys	0m1.085s
2000+0 records in
2000+0 records out
2097152000 bytes (2.1 GB) copied, 4.07878 s, 514 MB/s
0dd74775419ada42017a0fdf21eccf94  -

real	0m4.082s
user	0m3.766s
sys	0m1.049s
2000+0 records in
2000+0 records out
2097152000 bytes (2.1 GB) copied, 4.02641 s, 521 MB/s
0dd74775419ada42017a0fdf21eccf94  -

real	0m4.030s
user	0m3.680s
sys	0m1.074s
2000+0 records in
2000+0 records out
2097152000 bytes (2.1 GB) copied, 3.85006 s, 545 MB/s
0dd74775419ada42017a0fdf21eccf94  -

real	0m3.853s
user	0m3.524s
sys	0m1.018s
2000+0 records in
2000+0 records out
2097152000 bytes (2.1 GB) copied, 3.83947 s, 546 MB/s
0dd74775419ada42017a0fdf21eccf94  -

real	0m3.843s
user	0m3.550s
sys	0m0.982s
2000+0 records in
2000+0 records out
2097152000 bytes (2.1 GB) copied, 3.88173 s, 540 MB/s
0dd74775419ada42017a0fdf21eccf94  -

real	0m3.884s
user	0m3.603s
sys	0m0.974s
2000+0 records in
2000+0 records out
2097152000 bytes (2.1 GB) copied, 3.89121 s, 539 MB/s
0dd74775419ada42017a0fdf21eccf94  -

real	0m3.894s
user	0m3.558s
sys	0m1.026s
2000+0 records in
2000+0 records out
2097152000 bytes (2.1 GB) copied, 3.8456 s, 545 MB/s
0dd74775419ada42017a0fdf21eccf94  -

real	0m3.849s
user	0m3.546s
sys	0m0.994s
2000+0 records in
2000+0 records out
2097152000 bytes (2.1 GB) copied, 4.10229 s, 511 MB/s
0dd74775419ada42017a0fdf21eccf94  -

real	0m4.105s
user	0m3.725s
sys	0m1.105s
2000+0 records in
2000+0 records out
2097152000 bytes (2.1 GB) copied, 4.1702 s, 503 MB/s
0dd74775419ada42017a0fdf21eccf94  -

real	0m4.174s
user	0m3.784s
sys	0m1.123s
2000+0 records in
2000+0 records out
2097152000 bytes (2.1 GB) copied, 3.90844 s, 537 MB/s
0dd74775419ada42017a0fdf21eccf94  -

real	0m3.911s
user	0m3.597s
sys	0m1.012s
2000+0 records in
2000+0 records out
2097152000 bytes (2.1 GB) copied, 3.82245 s, 549 MB/s
0dd74775419ada42017a0fdf21eccf94  -

real	0m3.825s
user	0m3.510s
sys	0m1.006s
2000+0 records in
2000+0 records out
2097152000 bytes (2.1 GB) copied, 4.10127 s, 511 MB/s
0dd74775419ada42017a0fdf21eccf94  -

real	0m4.104s
user	0m3.750s
sys	0m1.076s
