10000+0 records in
10000+0 records out
a02bf4596da9a0c3d2b10ac745b55ccf  -
10485760000 bytes (10 GB) copied, 25.2426 s, 415 MB/s

real	0m25.247s
user	0m23.350s
sys	0m6.194s
10000+0 records in
10000+0 records out
10485760000 bytes (10 GB) copieda02bf4596da9a0c3d2b10ac745b55ccf  -
, 26.4807 s, 396 MB/s

real	0m26.483s
user	0m23.367s
sys	0m5.891s
10000+0 records in
10000+0 records out
10485760000 bytes (10 GB) copieda02bf4596da9a0c3d2b10ac745b55ccf  -
, 25.235 s, 416 MB/s

real	0m25.238s
user	0m23.385s
sys	0m6.140s
10000+0 records in
10000+0 records out
10485760000 bytes (10 GB) copied, 25.2822 s, 415 MB/s
a02bf4596da9a0c3d2b10ac745b55ccf  -

real	0m25.285s
user	0m23.334s
sys	0m6.192s
10000+0 records in
10000+0 records out
10485760000 bytes (10 GB) copied, 25.2259 s, 416 MB/s
a02bf4596da9a0c3d2b10ac745b55ccf  -

real	0m25.229s
user	0m23.423s
sys	0m5.947s
10000+0 records in
10000+0 records out
10485760000 bytes (10 GB) copied, 25.2364 s, 416 MB/s
a02bf4596da9a0c3d2b10ac745b55ccf  -

real	0m25.239s
user	0m23.405s
sys	0m6.027s
10000+0 records in
10000+0 records out
10485760000 bytes (10 GB) copied, 25.1531 s, 417 MB/s
a02bf4596da9a0c3d2b10ac745b55ccf  -

real	0m25.156s
user	0m23.399s
sys	0m5.600s
10000+0 records in
10000+0 records out
a02bf4596da9a0c3d2b10ac745b55ccf  -
10485760000 bytes (10 GB) copied, 25.1311 s, 417 MB/s

real	0m25.134s
user	0m23.389s
sys	0m5.647s
10000+0 records in
10000+0 records out
10485760000 bytes (10 GB) copied, 25.318 s, 414 MB/s
a02bf4596da9a0c3d2b10ac745b55ccf  -

real	0m25.321s
user	0m23.335s
sys	0m6.234s
10000+0 records in
10000+0 records out
10485760000 bytes (10 GB) copied, 25.1639 s, 417 MB/s
a02bf4596da9a0c3d2b10ac745b55ccf  -

real	0m25.167s
user	0m23.423s
sys	0m5.640s
