500+0 records in
500+0 records out
524288000 bytes (524 MB) copied, 1.26193 s, 415 MB/s
afbad591ee2b70ac94258fbc7fac3bf2  -

real	0m1.265s
user	0m1.185s
sys	0m0.272s
500+0 records in
500+0 records out
524288000 bytes (524 MB) copied, 1.26283 s, 415 MB/s
afbad591ee2b70ac94258fbc7fac3bf2  -

real	0m1.266s
user	0m1.173s
sys	0m0.284s
500+0 records in
500+0 records out
524288000 bytes (524 MB) copiedafbad591ee2b70ac94258fbc7fac3bf2  -
, 1.26428 s, 415 MB/s

real	0m1.267s
user	0m1.178s
sys	0m0.284s
500+0 records in
500+0 records out
524288000 bytes (524 MB) copied, 1.26221 s, 415 MB/s
afbad591ee2b70ac94258fbc7fac3bf2  -

real	0m1.265s
user	0m1.178s
sys	0m0.297s
500+0 records in
500+0 records out
524288000 bytes (524 MB) copied, 1.26154 s, 416 MB/s
afbad591ee2b70ac94258fbc7fac3bf2  -

real	0m1.264s
user	0m1.170s
sys	0m0.285s
500+0 records in
500+0 records out
524288000 bytes (524 MB) copied, 1.2613 s, 416 MB/s
afbad591ee2b70ac94258fbc7fac3bf2  -

real	0m1.264s
user	0m1.174s
sys	0m0.282s
500+0 records in
500+0 records out
524288000 bytes (524 MB) copied, 1.26076 s, 416 MB/s
afbad591ee2b70ac94258fbc7fac3bf2  -

real	0m1.263s
user	0m1.174s
sys	0m0.278s
500+0 records in
500+0 records out
afbad591ee2b70ac94258fbc7fac3bf2  -
524288000 bytes (524 MB) copied, 1.26583 s, 414 MB/s

real	0m1.269s
user	0m1.169s
sys	0m0.303s
500+0 records in
500+0 records out
524288000 bytes (524 MB) copied, 1.26191 s, 415 MB/s
afbad591ee2b70ac94258fbc7fac3bf2  -

real	0m1.265s
user	0m1.184s
sys	0m0.269s
500+0 records in
500+0 records out
524288000 bytes (524 MB) copied, 1.26185 s, 415 MB/s
afbad591ee2b70ac94258fbc7fac3bf2  -

real	0m1.265s
user	0m1.166s
sys	0m0.309s
500+0 records in
500+0 records out
524288000 bytes (524 MB) copied, 1.26645 s, 414 MB/s
afbad591ee2b70ac94258fbc7fac3bf2  -

real	0m1.269s
user	0m1.175s
sys	0m0.298s
500+0 records in
500+0 records out
524288000 bytes (524 MB) copied, 1.26333 s, 415 MB/s
afbad591ee2b70ac94258fbc7fac3bf2  -

real	0m1.266s
user	0m1.175s
sys	0m0.282s
500+0 records in
500+0 records out
524288000 bytes (524 MB) copied, 1.35593 s, 387 MB/s
afbad591ee2b70ac94258fbc7fac3bf2  -

real	0m1.359s
user	0m1.172s
sys	0m0.395s
500+0 records in
500+0 records out
524288000 bytes (524 MB) copied, 1.25983 s, 416 MB/s
afbad591ee2b70ac94258fbc7fac3bf2  -

real	0m1.263s
user	0m1.178s
sys	0m0.270s
500+0 records in
500+0 records out
524288000 bytes (524 MB) copied, 1.2664 s, 414 MB/s
afbad591ee2b70ac94258fbc7fac3bf2  -

real	0m1.270s
user	0m1.178s
sys	0m0.313s
500+0 records in
500+0 records out
524288000 bytes (524 MB) copied, 1.27026 s, 413 MB/s
afbad591ee2b70ac94258fbc7fac3bf2  -

real	0m1.273s
user	0m1.176s
sys	0m0.317s
500+0 records in
500+0 records out
afbad591ee2b70ac94258fbc7fac3bf2  -
524288000 bytes (524 MB) copied, 1.3125 s, 399 MB/s

real	0m1.315s
user	0m1.187s
sys	0m0.345s
500+0 records in
500+0 records out
524288000 bytes (524 MB) copied, 1.26198 s, 415 MB/s
afbad591ee2b70ac94258fbc7fac3bf2  -

real	0m1.265s
user	0m1.178s
sys	0m0.272s
500+0 records in
500+0 records out
524288000 bytes (524 MB) copied, 1.26821 s, 413 MB/s
afbad591ee2b70ac94258fbc7fac3bf2  -

real	0m1.271s
user	0m1.170s
sys	0m0.293s
500+0 records in
500+0 records out
524288000 bytes (524 MB) copied, 1.26407 s, 415 MB/s
afbad591ee2b70ac94258fbc7fac3bf2  -

real	0m1.267s
user	0m1.150s
sys	0m0.330s
500+0 records in
500+0 records out
524288000 bytes (524 MB) copied, 1.36271 s, 385 MB/s
afbad591ee2b70ac94258fbc7fac3bf2  -

real	0m1.366s
user	0m1.191s
sys	0m0.365s
500+0 records in
500+0 records out
524288000 bytes (524 MB) copied, 1.28938 s, 407 MB/s
afbad591ee2b70ac94258fbc7fac3bf2  -

real	0m1.292s
user	0m1.183s
sys	0m0.271s
500+0 records in
500+0 records out
524288000 bytes (524 MB) copied, 1.28138 s, 409 MB/s
afbad591ee2b70ac94258fbc7fac3bf2  -

real	0m1.284s
user	0m1.182s
sys	0m0.277s
500+0 records in
500+0 records out
524288000 bytes (524 MB) copied, 1.315 s, 399 MB/s
afbad591ee2b70ac94258fbc7fac3bf2  -

real	0m1.318s
user	0m1.191s
sys	0m0.314s
500+0 records in
500+0 records out
524288000 bytes (524 MB) copied, 1.28412 s, 408 MB/s
afbad591ee2b70ac94258fbc7fac3bf2  -

real	0m1.287s
user	0m1.146s
sys	0m0.313s
500+0 records in
500+0 records out
524288000 bytes (524 MB) copied, 1.29014 s, 406 MB/s
afbad591ee2b70ac94258fbc7fac3bf2  -

real	0m1.293s
user	0m1.174s
sys	0m0.284s
500+0 records in
500+0 records out
524288000 bytes (524 MB) copied, 1.27413 s, 411 MB/s
afbad591ee2b70ac94258fbc7fac3bf2  -

real	0m1.277s
user	0m1.178s
sys	0m0.273s
500+0 records in
500+0 records out
524288000 bytes (524 MB) copied, 1.34626 s, 389 MB/s
afbad591ee2b70ac94258fbc7fac3bf2  -

real	0m1.349s
user	0m1.180s
sys	0m0.354s
500+0 records in
500+0 records out
524288000 bytes (524 MB) copied, 1.28858 s, 407 MB/s
afbad591ee2b70ac94258fbc7fac3bf2  -

real	0m1.292s
user	0m1.165s
sys	0m0.293s
500+0 records in
500+0 records out
524288000 bytes (524 MB) copied, 1.3209 s, 397 MB/s
afbad591ee2b70ac94258fbc7fac3bf2  -

real	0m1.324s
user	0m1.179s
sys	0m0.273s
500+0 records in
500+0 records out
524288000 bytes (524 MB) copied, 1.30959 s, 400 MB/s
afbad591ee2b70ac94258fbc7fac3bf2  -

real	0m1.312s
user	0m1.181s
sys	0m0.282s
500+0 records in
500+0 records out
524288000 bytes (524 MB) copied, 1.33874 s, 392 MB/s
afbad591ee2b70ac94258fbc7fac3bf2  -

real	0m1.341s
user	0m1.162s
sys	0m0.294s
500+0 records in
500+0 records out
524288000 bytes (524 MB) copied, 1.38248 s, 379 MB/s
afbad591ee2b70ac94258fbc7fac3bf2  -

real	0m1.385s
user	0m1.172s
sys	0m0.323s
500+0 records in
500+0 records out
524288000 bytes (524 MB) copied, 1.35044 s, 388 MB/s
afbad591ee2b70ac94258fbc7fac3bf2  -

real	0m1.353s
user	0m1.177s
sys	0m0.286s
500+0 records in
500+0 records out
524288000 bytes (524 MB) copied, 1.35142 s, 388 MB/s
afbad591ee2b70ac94258fbc7fac3bf2  -

real	0m1.354s
user	0m1.174s
sys	0m0.361s
500+0 records in
500+0 records out
524288000 bytes (524 MB) copied, 1.30903 s, 401 MB/s
afbad591ee2b70ac94258fbc7fac3bf2  -

real	0m1.312s
user	0m1.173s
sys	0m0.281s
500+0 records in
500+0 records out
524288000 bytes (524 MB) copied, 1.32464 s, 396 MB/s
afbad591ee2b70ac94258fbc7fac3bf2  -

real	0m1.327s
user	0m1.161s
sys	0m0.295s
500+0 records in
500+0 records out
524288000 bytes (524 MB) copied, 1.68788 s, 311 MB/s
afbad591ee2b70ac94258fbc7fac3bf2  -

real	0m1.691s
user	0m1.176s
sys	0m0.291s
500+0 records in
500+0 records out
524288000 bytes (524 MB) copied, 1.43405 s, 366 MB/s
afbad591ee2b70ac94258fbc7fac3bf2  -

real	0m1.437s
user	0m1.169s
sys	0m0.369s
500+0 records in
500+0 records out
524288000 bytes (524 MB) copied, 1.31035 s, 400 MB/s
afbad591ee2b70ac94258fbc7fac3bf2  -

real	0m1.313s
user	0m1.180s
sys	0m0.303s
