1000+0 records in
1000+0 records out
3c84e34b319946f6531a2c4559f588a8  -
1048576000 bytes (1.0 GB) copied, 2.69385 s, 389 MB/s

real	0m2.697s
user	0m2.342s
sys	0m0.749s
1000+0 records in
1000+0 records out
3c84e34b319946f6531a2c4559f588a8  -
1048576000 bytes (1.0 GB) copied, 2.60478 s, 403 MB/s

real	0m2.607s
user	0m2.343s
sys	0m0.634s
1000+0 records in
1000+0 records out
3c84e34b319946f6531a2c4559f588a8  -
1048576000 bytes (1.0 GB) copied, 2.59203 s, 405 MB/s

real	0m2.595s
user	0m2.343s
sys	0m0.578s
1000+0 records in
1000+0 records out
3c84e34b319946f6531a2c4559f588a8  -
1048576000 bytes (1.0 GB) copied, 2.59375 s, 404 MB/s

real	0m2.597s
user	0m2.353s
sys	0m0.551s
1000+0 records in
1000+0 records out
3c84e34b319946f6531a2c4559f588a8  -
1048576000 bytes (1.0 GB) copied, 2.60066 s, 403 MB/s

real	0m2.603s
user	0m2.339s
sys	0m0.634s
1000+0 records in
1000+0 records out
3c84e34b319946f6531a2c4559f588a8  -
1048576000 bytes (1.0 GB) copied, 2.58253 s, 406 MB/s

real	0m2.585s
user	0m2.317s
sys	0m0.579s
1000+0 records in
1000+0 records out
3c84e34b319946f6531a2c4559f588a8  -
1048576000 bytes (1.0 GB) copied, 2.61013 s, 402 MB/s

real	0m2.613s
user	0m2.353s
sys	0m0.540s
1000+0 records in
1000+0 records out
3c84e34b319946f6531a2c4559f588a8  -
1048576000 bytes (1.0 GB) copied, 2.574 s, 407 MB/s

real	0m2.577s
user	0m2.350s
sys	0m0.607s
1000+0 records in
1000+0 records out
3c84e34b319946f6531a2c4559f588a8  -
1048576000 bytes (1.0 GB) copied, 2.63871 s, 397 MB/s

real	0m2.642s
user	0m2.356s
sys	0m0.536s
1000+0 records in
1000+0 records out
1048576000 bytes (1.0 GB) copied, 2.5694 s, 408 MB/s
3c84e34b319946f6531a2c4559f588a8  -

real	0m2.572s
user	0m2.354s
sys	0m0.538s
1000+0 records in
1000+0 records out
3c84e34b319946f6531a2c4559f588a8  -
1048576000 bytes (1.0 GB) copied, 2.61795 s, 401 MB/s

real	0m2.621s
user	0m2.330s
sys	0m0.678s
1000+0 records in
1000+0 records out
1048576000 bytes (1.0 GB) copied3c84e34b319946f6531a2c4559f588a8  -
, 2.56924 s, 408 MB/s

real	0m2.572s
user	0m2.343s
sys	0m0.563s
1000+0 records in
1000+0 records out
3c84e34b319946f6531a2c4559f588a8  -
1048576000 bytes (1.0 GB) copied, 2.57985 s, 406 MB/s

real	0m2.583s
user	0m2.357s
sys	0m0.540s
1000+0 records in
1000+0 records out
3c84e34b319946f6531a2c4559f588a8  -
1048576000 bytes (1.0 GB) copied, 2.61238 s, 401 MB/s

real	0m2.615s
user	0m2.355s
sys	0m0.611s
1000+0 records in
1000+0 records out
3c84e34b319946f6531a2c4559f588a8  -
1048576000 bytes (1.0 GB) copied, 2.56625 s, 409 MB/s

real	0m2.569s
user	0m2.350s
sys	0m0.548s
1000+0 records in
1000+0 records out
3c84e34b319946f6531a2c4559f588a8  -
1048576000 bytes (1.0 GB) copied, 2.55866 s, 410 MB/s

real	0m2.561s
user	0m2.341s
sys	0m0.559s
1000+0 records in
1000+0 records out
3c84e34b319946f6531a2c4559f588a8  -
1048576000 bytes (1.0 GB) copied, 2.66706 s, 393 MB/s

real	0m2.670s
user	0m2.347s
sys	0m0.551s
1000+0 records in
1000+0 records out
3c84e34b319946f6531a2c4559f588a8  -
1048576000 bytes (1.0 GB) copied, 2.68536 s, 390 MB/s

real	0m2.688s
user	0m2.338s
sys	0m0.717s
1000+0 records in
1000+0 records out
3c84e34b319946f6531a2c4559f588a8  -
1048576000 bytes (1.0 GB) copied, 2.62455 s, 400 MB/s

real	0m2.627s
user	0m2.335s
sys	0m0.573s
1000+0 records in
1000+0 records out
1048576000 bytes (1.0 GB) copied, 2.55075 s, 411 MB/s
3c84e34b319946f6531a2c4559f588a8  -

real	0m2.553s
user	0m2.344s
sys	0m0.554s
1000+0 records in
1000+0 records out
3c84e34b319946f6531a2c4559f588a8  -
1048576000 bytes (1.0 GB) copied, 2.56782 s, 408 MB/s

real	0m2.570s
user	0m2.332s
sys	0m0.569s
1000+0 records in
1000+0 records out
3c84e34b319946f6531a2c4559f588a8  -
1048576000 bytes (1.0 GB) copied, 2.59165 s, 405 MB/s

real	0m2.594s
user	0m2.352s
sys	0m0.598s
1000+0 records in
1000+0 records out
3c84e34b319946f6531a2c4559f588a8  -
1048576000 bytes (1.0 GB) copied, 2.57998 s, 406 MB/s

real	0m2.583s
user	0m2.344s
sys	0m0.595s
1000+0 records in
1000+0 records out
3c84e34b319946f6531a2c4559f588a8  -
1048576000 bytes (1.0 GB) copied, 2.56614 s, 409 MB/s

real	0m2.569s
user	0m2.327s
sys	0m0.579s
1000+0 records in
1000+0 records out
3c84e34b319946f6531a2c4559f588a8  -
1048576000 bytes (1.0 GB) copied, 2.71945 s, 386 MB/s

real	0m2.722s
user	0m2.326s
sys	0m0.770s
1000+0 records in
1000+0 records out
3c84e34b319946f6531a2c4559f588a8  -
1048576000 bytes (1.0 GB) copied, 2.587 s, 405 MB/s

real	0m2.590s
user	0m2.339s
sys	0m0.560s
1000+0 records in
1000+0 records out
3c84e34b319946f6531a2c4559f588a8  -
1048576000 bytes (1.0 GB) copied, 2.55143 s, 411 MB/s

real	0m2.554s
user	0m2.342s
sys	0m0.559s
1000+0 records in
1000+0 records out
3c84e34b319946f6531a2c4559f588a8  -
1048576000 bytes (1.0 GB) copied, 2.5435 s, 412 MB/s

real	0m2.546s
user	0m2.331s
sys	0m0.566s
1000+0 records in
1000+0 records out
3c84e34b319946f6531a2c4559f588a8  -
1048576000 bytes (1.0 GB) copied, 2.55359 s, 411 MB/s

real	0m2.556s
user	0m2.350s
sys	0m0.547s
1000+0 records in
1000+0 records out
1048576000 bytes (1.0 GB) copied3c84e34b319946f6531a2c4559f588a8  -
, 2.56864 s, 408 MB/s

real	0m2.572s
user	0m2.346s
sys	0m0.582s
1000+0 records in
1000+0 records out
3c84e34b319946f6531a2c4559f588a8  -
1048576000 bytes (1.0 GB) copied, 2.60612 s, 402 MB/s

real	0m2.609s
user	0m2.328s
sys	0m0.643s
1000+0 records in
1000+0 records out
3c84e34b319946f6531a2c4559f588a8  -
1048576000 bytes (1.0 GB) copied, 2.62005 s, 400 MB/s

real	0m2.623s
user	0m2.322s
sys	0m0.588s
1000+0 records in
1000+0 records out
3c84e34b319946f6531a2c4559f588a8  -
1048576000 bytes (1.0 GB) copied, 2.6008 s, 403 MB/s

real	0m2.604s
user	0m2.354s
sys	0m0.547s
1000+0 records in
1000+0 records out
1048576000 bytes (1.0 GB) copied3c84e34b319946f6531a2c4559f588a8  -
, 2.63723 s, 398 MB/s

real	0m2.640s
user	0m2.337s
sys	0m0.564s
1000+0 records in
1000+0 records out
3c84e34b319946f6531a2c4559f588a8  -
1048576000 bytes (1.0 GB) copied, 2.55378 s, 411 MB/s

real	0m2.556s
user	0m2.330s
sys	0m0.567s
1000+0 records in
1000+0 records out
3c84e34b319946f6531a2c4559f588a8  -
1048576000 bytes (1.0 GB) copied, 2.70693 s, 387 MB/s

real	0m2.710s
user	0m2.344s
sys	0m0.731s
1000+0 records in
1000+0 records out
3c84e34b319946f6531a2c4559f588a8  -
1048576000 bytes (1.0 GB) copied, 2.57986 s, 406 MB/s

real	0m2.583s
user	0m2.344s
sys	0m0.576s
1000+0 records in
1000+0 records out
3c84e34b319946f6531a2c4559f588a8  -
1048576000 bytes (1.0 GB) copied, 2.58874 s, 405 MB/s

real	0m2.592s
user	0m2.346s
sys	0m0.553s
1000+0 records in
1000+0 records out
3c84e34b319946f6531a2c4559f588a8  -
1048576000 bytes (1.0 GB) copied, 2.55786 s, 410 MB/s

real	0m2.561s
user	0m2.334s
sys	0m0.563s
1000+0 records in
1000+0 records out
1048576000 bytes (1.0 GB) copied, 2.54457 s, 412 MB/s
3c84e34b319946f6531a2c4559f588a8  -

real	0m2.547s
user	0m2.358s
sys	0m0.543s
1000+0 records in
1000+0 records out
3c84e34b319946f6531a2c4559f588a8  -
1048576000 bytes (1.0 GB) copied, 2.63382 s, 398 MB/s

real	0m2.636s
user	0m2.358s
sys	0m0.672s
1000+0 records in
1000+0 records out
3c84e34b319946f6531a2c4559f588a8  -
1048576000 bytes (1.0 GB) copied, 2.56441 s, 409 MB/s

real	0m2.567s
user	0m2.332s
sys	0m0.571s
1000+0 records in
1000+0 records out
3c84e34b319946f6531a2c4559f588a8  -
1048576000 bytes (1.0 GB) copied, 2.63066 s, 399 MB/s

real	0m2.633s
user	0m2.347s
sys	0m0.549s
1000+0 records in
1000+0 records out
3c84e34b319946f6531a2c4559f588a8  -
1048576000 bytes (1.0 GB) copied, 2.64233 s, 397 MB/s

real	0m2.645s
user	0m2.340s
sys	0m0.558s
1000+0 records in
1000+0 records out
3c84e34b319946f6531a2c4559f588a8  -
1048576000 bytes (1.0 GB) copied, 2.66483 s, 393 MB/s

real	0m2.668s
user	0m2.325s
sys	0m0.695s
1000+0 records in
1000+0 records out
3c84e34b319946f6531a2c4559f588a8  -
1048576000 bytes (1.0 GB) copied, 2.58753 s, 405 MB/s

real	0m2.590s
user	0m2.344s
sys	0m0.554s
1000+0 records in
1000+0 records out
3c84e34b319946f6531a2c4559f588a8  -
1048576000 bytes (1.0 GB) copied, 2.63367 s, 398 MB/s

real	0m2.637s
user	0m2.324s
sys	0m0.711s
1000+0 records in
1000+0 records out
3c84e34b319946f6531a2c4559f588a8  -
1048576000 bytes (1.0 GB) copied, 2.58897 s, 405 MB/s

real	0m2.592s
user	0m2.334s
sys	0m0.599s
1000+0 records in
1000+0 records out
3c84e34b319946f6531a2c4559f588a8  -
1048576000 bytes (1.0 GB) copied, 2.60687 s, 402 MB/s

real	0m2.610s
user	0m2.337s
sys	0m0.565s
1000+0 records in
1000+0 records out
1048576000 bytes (1.0 GB) copied3c84e34b319946f6531a2c4559f588a8  -
, 2.58259 s, 406 MB/s

real	0m2.585s
user	0m2.343s
sys	0m0.573s
1000+0 records in
1000+0 records out
3c84e34b319946f6531a2c4559f588a8  -
1048576000 bytes (1.0 GB) copied, 2.59758 s, 404 MB/s

real	0m2.600s
user	0m2.352s
sys	0m0.545s
1000+0 records in
1000+0 records out
3c84e34b319946f6531a2c4559f588a8  -
1048576000 bytes (1.0 GB) copied, 2.59565 s, 404 MB/s

real	0m2.598s
user	0m2.339s
sys	0m0.560s
1000+0 records in
1000+0 records out
3c84e34b319946f6531a2c4559f588a8  -
1048576000 bytes (1.0 GB) copied, 2.5824 s, 406 MB/s

real	0m2.585s
user	0m2.325s
sys	0m0.573s
1000+0 records in
1000+0 records out
3c84e34b319946f6531a2c4559f588a8  -
1048576000 bytes (1.0 GB) copied, 2.56636 s, 409 MB/s

real	0m2.569s
user	0m2.340s
sys	0m0.605s
1000+0 records in
1000+0 records out
3c84e34b319946f6531a2c4559f588a8  -
1048576000 bytes (1.0 GB) copied, 2.61512 s, 401 MB/s

real	0m2.618s
user	0m2.336s
sys	0m0.560s
1000+0 records in
1000+0 records out
3c84e34b319946f6531a2c4559f588a8  -
1048576000 bytes (1.0 GB) copied, 2.60286 s, 403 MB/s

real	0m2.606s
user	0m2.354s
sys	0m0.585s
1000+0 records in
1000+0 records out
3c84e34b319946f6531a2c4559f588a8  -
1048576000 bytes (1.0 GB) copied, 2.6348 s, 398 MB/s

real	0m2.638s
user	0m2.348s
sys	0m0.600s
1000+0 records in
1000+0 records out
1048576000 bytes (1.0 GB) copied3c84e34b319946f6531a2c4559f588a8  -
, 2.59379 s, 404 MB/s

real	0m2.596s
user	0m2.372s
sys	0m0.527s
1000+0 records in
1000+0 records out
3c84e34b319946f6531a2c4559f588a8  -
1048576000 bytes (1.0 GB) copied, 2.56779 s, 408 MB/s

real	0m2.571s
user	0m2.338s
sys	0m0.561s
1000+0 records in
1000+0 records out
1048576000 bytes (1.0 GB) copied, 2.59851 s, 404 MB/s
3c84e34b319946f6531a2c4559f588a8  -

real	0m2.601s
user	0m2.351s
sys	0m0.598s
1000+0 records in
1000+0 records out
3c84e34b319946f6531a2c4559f588a8  -
1048576000 bytes (1.0 GB) copied, 2.59851 s, 404 MB/s

real	0m2.601s
user	0m2.336s
sys	0m0.559s
1000+0 records in
1000+0 records out
3c84e34b319946f6531a2c4559f588a8  -
1048576000 bytes (1.0 GB) copied, 2.58389 s, 406 MB/s

real	0m2.587s
user	0m2.359s
sys	0m0.540s
1000+0 records in
1000+0 records out
3c84e34b319946f6531a2c4559f588a8  -
1048576000 bytes (1.0 GB) copied, 2.68374 s, 391 MB/s

real	0m2.686s
user	0m2.367s
sys	0m0.693s
1000+0 records in
1000+0 records out
3c84e34b319946f6531a2c4559f588a8  -
1048576000 bytes (1.0 GB) copied, 2.58482 s, 406 MB/s

real	0m2.587s
user	0m2.333s
sys	0m0.568s
1000+0 records in
1000+0 records out
1048576000 bytes (1.0 GB) copied3c84e34b319946f6531a2c4559f588a8  -
, 2.57505 s, 407 MB/s

real	0m2.578s
user	0m2.359s
sys	0m0.538s
1000+0 records in
1000+0 records out
3c84e34b319946f6531a2c4559f588a8  -
1048576000 bytes (1.0 GB) copied, 2.59301 s, 404 MB/s

real	0m2.596s
user	0m2.335s
sys	0m0.562s
1000+0 records in
1000+0 records out
3c84e34b319946f6531a2c4559f588a8  -
1048576000 bytes (1.0 GB) copied, 2.60097 s, 403 MB/s

real	0m2.604s
user	0m2.346s
sys	0m0.618s
1000+0 records in
1000+0 records out
3c84e34b319946f6531a2c4559f588a8  -
1048576000 bytes (1.0 GB) copied, 2.56848 s, 408 MB/s

real	0m2.571s
user	0m2.341s
sys	0m0.556s
1000+0 records in
1000+0 records out
3c84e34b319946f6531a2c4559f588a8  -
1048576000 bytes (1.0 GB) copied, 2.5692 s, 408 MB/s

real	0m2.572s
user	0m2.340s
sys	0m0.557s
1000+0 records in
1000+0 records out
1048576000 bytes (1.0 GB) copied, 2.56898 s, 408 MB/s
3c84e34b319946f6531a2c4559f588a8  -

real	0m2.572s
user	0m2.359s
sys	0m0.539s
1000+0 records in
1000+0 records out
3c84e34b319946f6531a2c4559f588a8  -
1048576000 bytes (1.0 GB) copied, 2.56488 s, 409 MB/s

real	0m2.567s
user	0m2.341s
sys	0m0.554s
1000+0 records in
1000+0 records out
3c84e34b319946f6531a2c4559f588a8  -
1048576000 bytes (1.0 GB) copied, 2.60639 s, 402 MB/s

real	0m2.609s
user	0m2.352s
sys	0m0.545s
1000+0 records in
1000+0 records out
3c84e34b319946f6531a2c4559f588a8  -
1048576000 bytes (1.0 GB) copied, 2.56265 s, 409 MB/s

real	0m2.565s
user	0m2.345s
sys	0m0.551s
1000+0 records in
1000+0 records out
3c84e34b319946f6531a2c4559f588a8  -
1048576000 bytes (1.0 GB) copied, 2.60494 s, 403 MB/s

real	0m2.608s
user	0m2.342s
sys	0m0.552s
1000+0 records in
1000+0 records out
3c84e34b319946f6531a2c4559f588a8  -
1048576000 bytes (1.0 GB) copied, 2.6774 s, 392 MB/s

real	0m2.680s
user	0m2.366s
sys	0m0.611s
1000+0 records in
1000+0 records out
3c84e34b319946f6531a2c4559f588a8  -
1048576000 bytes (1.0 GB) copied, 2.5914 s, 405 MB/s

real	0m2.594s
user	0m2.349s
sys	0m0.554s
1000+0 records in
1000+0 records out
3c84e34b319946f6531a2c4559f588a8  -
1048576000 bytes (1.0 GB) copied, 2.58025 s, 406 MB/s

real	0m2.583s
user	0m2.350s
sys	0m0.549s
1000+0 records in
1000+0 records out
1048576000 bytes (1.0 GB) copied3c84e34b319946f6531a2c4559f588a8  -
, 2.58273 s, 406 MB/s

real	0m2.586s
user	0m2.346s
sys	0m0.553s
1000+0 records in
1000+0 records out
3c84e34b319946f6531a2c4559f588a8  -
1048576000 bytes (1.0 GB) copied, 2.5847 s, 406 MB/s

real	0m2.587s
user	0m2.343s
sys	0m0.555s
1000+0 records in
1000+0 records out
1048576000 bytes (1.0 GB) copied, 2.58971 s, 405 MB/s
3c84e34b319946f6531a2c4559f588a8  -

real	0m2.593s
user	0m2.350s
sys	0m0.572s
1000+0 records in
1000+0 records out
3c84e34b319946f6531a2c4559f588a8  -
1048576000 bytes (1.0 GB) copied, 2.59658 s, 404 MB/s

real	0m2.599s
user	0m2.350s
sys	0m0.558s
1000+0 records in
1000+0 records out
3c84e34b319946f6531a2c4559f588a8  -
1048576000 bytes (1.0 GB) copied, 2.72052 s, 385 MB/s

real	0m2.723s
user	0m2.344s
sys	0m0.555s
1000+0 records in
1000+0 records out
3c84e34b319946f6531a2c4559f588a8  -
1048576000 bytes (1.0 GB) copied, 2.56292 s, 409 MB/s

real	0m2.566s
user	0m2.349s
sys	0m0.546s
1000+0 records in
1000+0 records out
3c84e34b319946f6531a2c4559f588a8  -
1048576000 bytes (1.0 GB) copied, 2.57852 s, 407 MB/s

real	0m2.581s
user	0m2.326s
sys	0m0.573s
1000+0 records in
1000+0 records out
3c84e34b319946f6531a2c4559f588a8  -
1048576000 bytes (1.0 GB) copied, 2.59579 s, 404 MB/s

real	0m2.598s
user	0m2.353s
sys	0m0.544s
1000+0 records in
1000+0 records out
1048576000 bytes (1.0 GB) copied3c84e34b319946f6531a2c4559f588a8  -
, 2.60552 s, 402 MB/s

real	0m2.609s
user	0m2.340s
sys	0m0.559s
1000+0 records in
1000+0 records out
1048576000 bytes (1.0 GB) copied3c84e34b319946f6531a2c4559f588a8  -
, 2.59855 s, 404 MB/s

real	0m2.601s
user	0m2.338s
sys	0m0.559s
1000+0 records in
1000+0 records out
1048576000 bytes (1.0 GB) copied3c84e34b319946f6531a2c4559f588a8  -
, 2.58131 s, 406 MB/s

real	0m2.584s
user	0m2.355s
sys	0m0.543s
1000+0 records in
1000+0 records out
3c84e34b319946f6531a2c4559f588a8  -
1048576000 bytes (1.0 GB) copied, 2.60117 s, 403 MB/s

real	0m2.604s
user	0m2.334s
sys	0m0.563s
1000+0 records in
1000+0 records out
1048576000 bytes (1.0 GB) copied, 2.59316 s, 404 MB/s
3c84e34b319946f6531a2c4559f588a8  -

real	0m2.596s
user	0m2.330s
sys	0m0.622s
1000+0 records in
1000+0 records out
3c84e34b319946f6531a2c4559f588a8  -
1048576000 bytes (1.0 GB) copied, 2.59283 s, 404 MB/s

real	0m2.595s
user	0m2.350s
sys	0m0.550s
1000+0 records in
1000+0 records out
3c84e34b319946f6531a2c4559f588a8  -
1048576000 bytes (1.0 GB) copied, 2.68072 s, 391 MB/s

real	0m2.684s
user	0m2.339s
sys	0m0.560s
1000+0 records in
1000+0 records out
1048576000 bytes (1.0 GB) copied3c84e34b319946f6531a2c4559f588a8  -
, 2.56243 s, 409 MB/s

real	0m2.565s
user	0m2.358s
sys	0m0.541s
1000+0 records in
1000+0 records out
3c84e34b319946f6531a2c4559f588a8  -
1048576000 bytes (1.0 GB) copied, 2.57839 s, 407 MB/s

real	0m2.581s
user	0m2.343s
sys	0m0.556s
1000+0 records in
1000+0 records out
3c84e34b319946f6531a2c4559f588a8  -
1048576000 bytes (1.0 GB) copied, 2.58575 s, 406 MB/s

real	0m2.589s
user	0m2.333s
sys	0m0.565s
1000+0 records in
1000+0 records out
3c84e34b319946f6531a2c4559f588a8  -
1048576000 bytes (1.0 GB) copied, 2.66329 s, 394 MB/s

real	0m2.666s
user	0m2.350s
sys	0m0.675s
1000+0 records in
1000+0 records out
3c84e34b319946f6531a2c4559f588a8  -
1048576000 bytes (1.0 GB) copied, 2.58926 s, 405 MB/s

real	0m2.592s
user	0m2.343s
sys	0m0.555s
1000+0 records in
1000+0 records out
3c84e34b319946f6531a2c4559f588a8  -
1048576000 bytes (1.0 GB) copied, 2.59931 s, 403 MB/s

real	0m2.602s
user	0m2.340s
sys	0m0.558s
1000+0 records in
1000+0 records out
3c84e34b319946f6531a2c4559f588a8  -
1048576000 bytes (1.0 GB) copied, 2.59082 s, 405 MB/s

real	0m2.594s
user	0m2.349s
sys	0m0.558s
1000+0 records in
1000+0 records out
1048576000 bytes (1.0 GB) copied, 2.5901 s, 405 MB/s
3c84e34b319946f6531a2c4559f588a8  -

real	0m2.593s
user	0m2.318s
sys	0m0.659s
