2000+0 records in
2000+0 records out
0dd74775419ada42017a0fdf21eccf94  -
2097152000 bytes (2.1 GB) copied, 5.08765 s, 412 MB/s

real	0m5.090s
user	0m4.654s
sys	0m1.200s
2000+0 records in
2000+0 records out
0dd74775419ada42017a0fdf21eccf94  -
2097152000 bytes (2.1 GB) copied, 5.45179 s, 385 MB/s

real	0m5.455s
user	0m4.707s
sys	0m1.501s
2000+0 records in
2000+0 records out
2097152000 bytes (2.1 GB) copied0dd74775419ada42017a0fdf21eccf94  -
, 5.06987 s, 414 MB/s

real	0m5.073s
user	0m4.690s
sys	0m1.113s
2000+0 records in
2000+0 records out
0dd74775419ada42017a0fdf21eccf94  -
2097152000 bytes (2.1 GB) copied, 5.08806 s, 412 MB/s

real	0m5.091s
user	0m4.663s
sys	0m1.132s
2000+0 records in
2000+0 records out
2097152000 bytes (2.1 GB) copied, 5.07141 s, 414 MB/s
0dd74775419ada42017a0fdf21eccf94  -

real	0m5.074s
user	0m4.701s
sys	0m1.133s
2000+0 records in
2000+0 records out
0dd74775419ada42017a0fdf21eccf94  -
2097152000 bytes (2.1 GB) copied, 5.17303 s, 405 MB/s

real	0m5.176s
user	0m4.671s
sys	0m1.141s
2000+0 records in
2000+0 records out
0dd74775419ada42017a0fdf21eccf94  -
2097152000 bytes (2.1 GB) copied, 5.11991 s, 410 MB/s

real	0m5.123s
user	0m4.669s
sys	0m1.132s
2000+0 records in
2000+0 records out
0dd74775419ada42017a0fdf21eccf94  -
2097152000 bytes (2.1 GB) copied, 5.10255 s, 411 MB/s

real	0m5.105s
user	0m4.709s
sys	0m1.092s
2000+0 records in
2000+0 records out
0dd74775419ada42017a0fdf21eccf94  -
2097152000 bytes (2.1 GB) copied, 5.13701 s, 408 MB/s

real	0m5.140s
user	0m4.678s
sys	0m1.155s
2000+0 records in
2000+0 records out
2097152000 bytes (2.1 GB) copied, 5.06991 s, 414 MB/s
0dd74775419ada42017a0fdf21eccf94  -

real	0m5.073s
user	0m4.657s
sys	0m1.140s
2000+0 records in
2000+0 records out
0dd74775419ada42017a0fdf21eccf94  -
2097152000 bytes (2.1 GB) copied, 5.1551 s, 407 MB/s

real	0m5.158s
user	0m4.661s
sys	0m1.202s
2000+0 records in
2000+0 records out
0dd74775419ada42017a0fdf21eccf94  -
2097152000 bytes (2.1 GB) copied, 5.15129 s, 407 MB/s

real	0m5.154s
user	0m4.673s
sys	0m1.181s
2000+0 records in
2000+0 records out
0dd74775419ada42017a0fdf21eccf94  -
2097152000 bytes (2.1 GB) copied, 5.14847 s, 407 MB/s

real	0m5.151s
user	0m4.681s
sys	0m1.133s
2000+0 records in
2000+0 records out
0dd74775419ada42017a0fdf21eccf94  -
2097152000 bytes (2.1 GB) copied, 5.09889 s, 411 MB/s

real	0m5.102s
user	0m4.692s
sys	0m1.106s
2000+0 records in
2000+0 records out
2097152000 bytes (2.1 GB) copied0dd74775419ada42017a0fdf21eccf94  -
, 5.09047 s, 412 MB/s

real	0m5.093s
user	0m4.663s
sys	0m1.266s
2000+0 records in
2000+0 records out
0dd74775419ada42017a0fdf21eccf94  -
2097152000 bytes (2.1 GB) copied, 5.44499 s, 385 MB/s

real	0m5.448s
user	0m4.697s
sys	0m1.507s
2000+0 records in
2000+0 records out
0dd74775419ada42017a0fdf21eccf94  -
2097152000 bytes (2.1 GB) copied, 5.48151 s, 383 MB/s

real	0m5.484s
user	0m4.689s
sys	0m1.267s
2000+0 records in
2000+0 records out
0dd74775419ada42017a0fdf21eccf94  -
2097152000 bytes (2.1 GB) copied, 5.146 s, 408 MB/s

real	0m5.149s
user	0m4.689s
sys	0m1.143s
2000+0 records in
2000+0 records out
0dd74775419ada42017a0fdf21eccf94  -
2097152000 bytes (2.1 GB) copied, 5.26039 s, 399 MB/s

real	0m5.263s
user	0m4.705s
sys	0m1.272s
2000+0 records in
2000+0 records out
2097152000 bytes (2.1 GB) copied, 5.07503 s, 413 MB/s
0dd74775419ada42017a0fdf21eccf94  -

real	0m5.078s
user	0m4.679s
sys	0m1.148s
2000+0 records in
2000+0 records out
0dd74775419ada42017a0fdf21eccf94  -
2097152000 bytes (2.1 GB) copied, 5.14843 s, 407 MB/s

real	0m5.151s
user	0m4.677s
sys	0m1.282s
2000+0 records in
2000+0 records out
0dd74775419ada42017a0fdf21eccf94  -
2097152000 bytes (2.1 GB) copied, 5.11137 s, 410 MB/s

real	0m5.114s
user	0m4.657s
sys	0m1.142s
2000+0 records in
2000+0 records out
0dd74775419ada42017a0fdf21eccf94  -
2097152000 bytes (2.1 GB) copied, 5.15279 s, 407 MB/s

real	0m5.155s
user	0m4.688s
sys	0m1.139s
2000+0 records in
2000+0 records out
0dd74775419ada42017a0fdf21eccf94  -
2097152000 bytes (2.1 GB) copied, 5.18359 s, 405 MB/s

real	0m5.186s
user	0m4.679s
sys	0m1.164s
2000+0 records in
2000+0 records out
2097152000 bytes (2.1 GB) copied, 5.14604 s, 408 MB/s
0dd74775419ada42017a0fdf21eccf94  -

real	0m5.149s
user	0m4.653s
sys	0m1.302s
2000+0 records in
2000+0 records out
0dd74775419ada42017a0fdf21eccf94  -
2097152000 bytes (2.1 GB) copied, 5.25964 s, 399 MB/s

real	0m5.262s
user	0m4.678s
sys	0m1.340s
2000+0 records in
2000+0 records out
0dd74775419ada42017a0fdf21eccf94  -
2097152000 bytes (2.1 GB) copied, 5.16986 s, 406 MB/s

real	0m5.173s
user	0m4.685s
sys	0m1.274s
2000+0 records in
2000+0 records out
0dd74775419ada42017a0fdf21eccf94  -
2097152000 bytes (2.1 GB) copied, 5.137 s, 408 MB/s

real	0m5.140s
user	0m4.689s
sys	0m1.258s
2000+0 records in
2000+0 records out
0dd74775419ada42017a0fdf21eccf94  -
2097152000 bytes (2.1 GB) copied, 5.20631 s, 403 MB/s

real	0m5.209s
user	0m4.663s
sys	0m1.342s
2000+0 records in
2000+0 records out
2097152000 bytes (2.1 GB) copied, 5.07398 s, 413 MB/s
0dd74775419ada42017a0fdf21eccf94  -

real	0m5.077s
user	0m4.661s
sys	0m1.152s
2000+0 records in
2000+0 records out
0dd74775419ada42017a0fdf21eccf94  -
2097152000 bytes (2.1 GB) copied, 5.14573 s, 408 MB/s

real	0m5.148s
user	0m4.704s
sys	0m1.110s
2000+0 records in
2000+0 records out
0dd74775419ada42017a0fdf21eccf94  -
2097152000 bytes (2.1 GB) copied, 5.4915 s, 382 MB/s

real	0m5.496s
user	0m4.705s
sys	0m1.548s
2000+0 records in
2000+0 records out
0dd74775419ada42017a0fdf21eccf94  -
2097152000 bytes (2.1 GB) copied, 5.20008 s, 403 MB/s

real	0m5.203s
user	0m4.679s
sys	0m1.335s
2000+0 records in
2000+0 records out
0dd74775419ada42017a0fdf21eccf94  -
2097152000 bytes (2.1 GB) copied, 5.29017 s, 396 MB/s

real	0m5.293s
user	0m4.721s
sys	0m1.286s
2000+0 records in
2000+0 records out
2097152000 bytes (2.1 GB) copied, 5.0812 s, 413 MB/s
0dd74775419ada42017a0fdf21eccf94  -

real	0m5.084s
user	0m4.662s
sys	0m1.235s
2000+0 records in
2000+0 records out
0dd74775419ada42017a0fdf21eccf94  -
2097152000 bytes (2.1 GB) copied, 5.12733 s, 409 MB/s

real	0m5.130s
user	0m4.663s
sys	0m1.278s
2000+0 records in
2000+0 records out
0dd74775419ada42017a0fdf21eccf94  -
2097152000 bytes (2.1 GB) copied, 5.18443 s, 405 MB/s

real	0m5.187s
user	0m4.657s
sys	0m1.262s
2000+0 records in
2000+0 records out
0dd74775419ada42017a0fdf21eccf94  -
2097152000 bytes (2.1 GB) copied, 5.11922 s, 410 MB/s

real	0m5.122s
user	0m4.682s
sys	0m1.160s
2000+0 records in
2000+0 records out
0dd74775419ada42017a0fdf21eccf94  -
2097152000 bytes (2.1 GB) copied, 5.11972 s, 410 MB/s

real	0m5.123s
user	0m4.699s
sys	0m1.146s
2000+0 records in
2000+0 records out
2097152000 bytes (2.1 GB) copied, 5.75381 s, 364 MB/s
0dd74775419ada42017a0fdf21eccf94  -

real	0m5.756s
user	0m4.657s
sys	0m1.186s
2000+0 records in
2000+0 records out
0dd74775419ada42017a0fdf21eccf94  -
2097152000 bytes (2.1 GB) copied, 5.49832 s, 381 MB/s

real	0m5.501s
user	0m4.670s
sys	0m1.311s
2000+0 records in
2000+0 records out
0dd74775419ada42017a0fdf21eccf94  -
2097152000 bytes (2.1 GB) copied, 5.09402 s, 412 MB/s

real	0m5.097s
user	0m4.672s
sys	0m1.126s
2000+0 records in
2000+0 records out
0dd74775419ada42017a0fdf21eccf94  -
2097152000 bytes (2.1 GB) copied, 5.1516 s, 407 MB/s

real	0m5.154s
user	0m4.703s
sys	0m1.137s
2000+0 records in
2000+0 records out
0dd74775419ada42017a0fdf21eccf94  -
2097152000 bytes (2.1 GB) copied, 5.11607 s, 410 MB/s

real	0m5.119s
user	0m4.711s
sys	0m1.087s
2000+0 records in
2000+0 records out
2097152000 bytes (2.1 GB) copied, 5.1764 s, 405 MB/s
0dd74775419ada42017a0fdf21eccf94  -

real	0m5.179s
user	0m4.672s
sys	0m1.151s
2000+0 records in
2000+0 records out
0dd74775419ada42017a0fdf21eccf94  -
2097152000 bytes (2.1 GB) copied, 5.17934 s, 405 MB/s

real	0m5.182s
user	0m4.698s
sys	0m1.134s
2000+0 records in
2000+0 records out
0dd74775419ada42017a0fdf21eccf94  -
2097152000 bytes (2.1 GB) copied, 5.26996 s, 398 MB/s

real	0m5.273s
user	0m4.678s
sys	0m1.298s
2000+0 records in
2000+0 records out
0dd74775419ada42017a0fdf21eccf94  -
2097152000 bytes (2.1 GB) copied, 5.20839 s, 403 MB/s

real	0m5.211s
user	0m4.691s
sys	0m1.240s
2000+0 records in
2000+0 records out
0dd74775419ada42017a0fdf21eccf94  -
2097152000 bytes (2.1 GB) copied, 5.15607 s, 407 MB/s

real	0m5.159s
user	0m4.698s
sys	0m1.140s
2000+0 records in
2000+0 records out
2097152000 bytes (2.1 GB) copied, 5.08039 s, 413 MB/s
0dd74775419ada42017a0fdf21eccf94  -

real	0m5.083s
user	0m4.679s
sys	0m1.143s
