500+0 records in
500+0 records out
afbad591ee2b70ac94258fbc7fac3bf2  -
524288000 bytes (524 MB) copied, 1.38415 s, 379 MB/s

real	0m1.410s
user	0m1.176s
sys	0m0.372s
500+0 records in
500+0 records out
afbad591ee2b70ac94258fbc7fac3bf2  -
524288000 bytes (524 MB) copied, 1.34354 s, 390 MB/s

real	0m1.365s
user	0m1.177s
sys	0m0.344s
500+0 records in
500+0 records out
524288000 bytes (524 MB) copiedafbad591ee2b70ac94258fbc7fac3bf2  -
, 1.31359 s, 399 MB/s

real	0m1.336s
user	0m1.171s
sys	0m0.309s
500+0 records in
500+0 records out
524288000 bytes (524 MB) copied, 1.32164 s, 397 MB/s
afbad591ee2b70ac94258fbc7fac3bf2  -

real	0m1.371s
user	0m1.159s
sys	0m0.320s
500+0 records in
500+0 records out
524288000 bytes (524 MB) copied, 1.32281 s, 396 MB/s
afbad591ee2b70ac94258fbc7fac3bf2  -

real	0m1.345s
user	0m1.172s
sys	0m0.283s
500+0 records in
500+0 records out
524288000 bytes (524 MB) copied, 1.30705 s, 401 MB/s
afbad591ee2b70ac94258fbc7fac3bf2  -

real	0m1.313s
user	0m1.161s
sys	0m0.304s
500+0 records in
500+0 records out
524288000 bytes (524 MB) copied, 1.3507 s, 388 MB/s
afbad591ee2b70ac94258fbc7fac3bf2  -

real	0m1.379s
user	0m1.178s
sys	0m0.285s
500+0 records in
500+0 records out
afbad591ee2b70ac94258fbc7fac3bf2  -
524288000 bytes (524 MB) copied, 1.33 s, 394 MB/s

real	0m1.351s
user	0m1.158s
sys	0m0.321s
500+0 records in
500+0 records out
524288000 bytes (524 MB) copied, 1.48776 s, 352 MB/s
afbad591ee2b70ac94258fbc7fac3bf2  -

real	0m1.516s
user	0m1.166s
sys	0m0.414s
500+0 records in
500+0 records out
524288000 bytes (524 MB) copied, 1.31001 s, 400 MB/s
afbad591ee2b70ac94258fbc7fac3bf2  -

real	0m1.337s
user	0m1.182s
sys	0m0.298s
