500+0 records in
500+0 records out
afbad591ee2b70ac94258fbc7fac3bf2  -
524288000 bytes (524 MB) copied, 0.972421 s, 539 MB/s

real	0m0.975s
user	0m0.891s
sys	0m0.261s
500+0 records in
500+0 records out
524288000 bytes (524 MB) copied, 0.98802 s, 531 MB/s
afbad591ee2b70ac94258fbc7fac3bf2  -

real	0m0.991s
user	0m0.896s
sys	0m0.277s
500+0 records in
500+0 records out
524288000 bytes (524 MB) copiedafbad591ee2b70ac94258fbc7fac3bf2  -
, 0.999666 s, 524 MB/s

real	0m1.002s
user	0m0.899s
sys	0m0.280s
500+0 records in
500+0 records out
524288000 bytes (524 MB) copied, 1.05324 s, 498 MB/s
afbad591ee2b70ac94258fbc7fac3bf2  -

real	0m1.056s
user	0m0.951s
sys	0m0.293s
500+0 records in
500+0 records out
524288000 bytes (524 MB) copied, 0.98409 s, 533 MB/s
afbad591ee2b70ac94258fbc7fac3bf2  -

real	0m0.987s
user	0m0.907s
sys	0m0.264s
500+0 records in
500+0 records out
524288000 bytes (524 MB) copied, 0.987473 s, 531 MB/s
afbad591ee2b70ac94258fbc7fac3bf2  -

real	0m0.990s
user	0m0.897s
sys	0m0.275s
500+0 records in
500+0 records out
524288000 bytes (524 MB) copied, 1.01294 s, 518 MB/s
afbad591ee2b70ac94258fbc7fac3bf2  -

real	0m1.016s
user	0m0.912s
sys	0m0.283s
500+0 records in
500+0 records out
524288000 bytes (524 MB) copied, 1.00533 s, 522 MB/s
afbad591ee2b70ac94258fbc7fac3bf2  -

real	0m1.008s
user	0m0.917s
sys	0m0.274s
500+0 records in
500+0 records out
524288000 bytes (524 MB) copied, 0.970636 s, 540 MB/s
afbad591ee2b70ac94258fbc7fac3bf2  -

real	0m0.974s
user	0m0.906s
sys	0m0.244s
500+0 records in
500+0 records out
524288000 bytes (524 MB) copied, 0.991119 s, 529 MB/s
afbad591ee2b70ac94258fbc7fac3bf2  -

real	0m0.994s
user	0m0.888s
sys	0m0.280s
500+0 records in
500+0 records out
afbad591ee2b70ac94258fbc7fac3bf2  -
524288000 bytes (524 MB) copied, 1.03022 s, 509 MB/s

real	0m1.033s
user	0m0.933s
sys	0m0.286s
500+0 records in
500+0 records out
524288000 bytes (524 MB) copied, 0.99915 s, 525 MB/s
afbad591ee2b70ac94258fbc7fac3bf2  -

real	0m1.002s
user	0m0.911s
sys	0m0.278s
500+0 records in
500+0 records out
524288000 bytes (524 MB) copied, 0.960563 s, 546 MB/s
afbad591ee2b70ac94258fbc7fac3bf2  -

real	0m0.964s
user	0m0.871s
sys	0m0.269s
500+0 records in
500+0 records out
524288000 bytes (524 MB) copied, 1.03625 s, 506 MB/s
afbad591ee2b70ac94258fbc7fac3bf2  -

real	0m1.039s
user	0m0.961s
sys	0m0.272s
500+0 records in
500+0 records out
524288000 bytes (524 MB) copied, 0.990897 s, 529 MB/s
afbad591ee2b70ac94258fbc7fac3bf2  -

real	0m0.994s
user	0m0.908s
sys	0m0.271s
500+0 records in
500+0 records out
524288000 bytes (524 MB) copied, 1.03209 s, 508 MB/s
afbad591ee2b70ac94258fbc7fac3bf2  -

real	0m1.035s
user	0m0.957s
sys	0m0.271s
500+0 records in
500+0 records out
afbad591ee2b70ac94258fbc7fac3bf2  -
524288000 bytes (524 MB) copied, 1.02921 s, 509 MB/s

real	0m1.032s
user	0m0.939s
sys	0m0.284s
500+0 records in
500+0 records out
afbad591ee2b70ac94258fbc7fac3bf2  -
524288000 bytes (524 MB) copied, 1.07955 s, 486 MB/s

real	0m1.082s
user	0m0.975s
sys	0m0.303s
500+0 records in
500+0 records out
524288000 bytes (524 MB) copied, 1.03519 s, 506 MB/s
afbad591ee2b70ac94258fbc7fac3bf2  -

real	0m1.041s
user	0m0.932s
sys	0m0.302s
500+0 records in
500+0 records out
524288000 bytes (524 MB) copied, 0.979291 s, 535 MB/s
afbad591ee2b70ac94258fbc7fac3bf2  -

real	0m0.982s
user	0m0.891s
sys	0m0.272s
500+0 records in
500+0 records out
524288000 bytes (524 MB) copied, 0.978846 s, 536 MB/s
afbad591ee2b70ac94258fbc7fac3bf2  -

real	0m0.982s
user	0m0.912s
sys	0m0.245s
500+0 records in
500+0 records out
524288000 bytes (524 MB) copied, 0.958854 s, 547 MB/s
afbad591ee2b70ac94258fbc7fac3bf2  -

real	0m0.962s
user	0m0.871s
sys	0m0.264s
500+0 records in
500+0 records out
524288000 bytes (524 MB) copied, 1.11233 s, 471 MB/s
afbad591ee2b70ac94258fbc7fac3bf2  -

real	0m1.115s
user	0m1.006s
sys	0m0.319s
500+0 records in
500+0 records out
524288000 bytes (524 MB) copied, 0.989822 s, 530 MB/s
afbad591ee2b70ac94258fbc7fac3bf2  -

real	0m0.993s
user	0m0.888s
sys	0m0.288s
500+0 records in
500+0 records out
524288000 bytes (524 MB) copied, 1.06161 s, 494 MB/s
afbad591ee2b70ac94258fbc7fac3bf2  -

real	0m1.065s
user	0m0.983s
sys	0m0.277s
500+0 records in
500+0 records out
524288000 bytes (524 MB) copied, 1.0266 s, 511 MB/s
afbad591ee2b70ac94258fbc7fac3bf2  -

real	0m1.030s
user	0m0.954s
sys	0m0.257s
500+0 records in
500+0 records out
524288000 bytes (524 MB) copied, 0.96461 s, 544 MB/s
afbad591ee2b70ac94258fbc7fac3bf2  -

real	0m0.968s
user	0m0.889s
sys	0m0.254s
500+0 records in
500+0 records out
524288000 bytes (524 MB) copied, 0.986126 s, 532 MB/s
afbad591ee2b70ac94258fbc7fac3bf2  -

real	0m0.989s
user	0m0.901s
sys	0m0.274s
500+0 records in
500+0 records out
524288000 bytes (524 MB) copied, 1.0492 s, 500 MB/s
afbad591ee2b70ac94258fbc7fac3bf2  -

real	0m1.052s
user	0m0.919s
sys	0m0.320s
500+0 records in
500+0 records out
524288000 bytes (524 MB) copied, 0.958447 s, 547 MB/s
afbad591ee2b70ac94258fbc7fac3bf2  -

real	0m0.961s
user	0m0.883s
sys	0m0.255s
500+0 records in
500+0 records out
afbad591ee2b70ac94258fbc7fac3bf2  -
524288000 bytes (524 MB) copied, 1.06015 s, 495 MB/s

real	0m1.063s
user	0m0.975s
sys	0m0.282s
500+0 records in
500+0 records out
524288000 bytes (524 MB) copied, 1.06839 s, 491 MB/s
afbad591ee2b70ac94258fbc7fac3bf2  -

real	0m1.072s
user	0m0.954s
sys	0m0.313s
500+0 records in
500+0 records out
524288000 bytes (524 MB) copied, 1.0148 s, 517 MB/s
afbad591ee2b70ac94258fbc7fac3bf2  -

real	0m1.018s
user	0m0.921s
sys	0m0.285s
500+0 records in
500+0 records out
524288000 bytes (524 MB) copied, 1.07241 s, 489 MB/s
afbad591ee2b70ac94258fbc7fac3bf2  -

real	0m1.076s
user	0m0.991s
sys	0m0.291s
500+0 records in
500+0 records out
524288000 bytes (524 MB) copied, 0.973548 s, 539 MB/s
afbad591ee2b70ac94258fbc7fac3bf2  -

real	0m0.976s
user	0m0.911s
sys	0m0.241s
500+0 records in
500+0 records out
524288000 bytes (524 MB) copied, 1.15325 s, 455 MB/s
afbad591ee2b70ac94258fbc7fac3bf2  -

real	0m1.156s
user	0m1.056s
sys	0m0.322s
500+0 records in
500+0 records out
524288000 bytes (524 MB) copied, 1.10119 s, 476 MB/s
afbad591ee2b70ac94258fbc7fac3bf2  -

real	0m1.104s
user	0m1.014s
sys	0m0.306s
500+0 records in
500+0 records out
524288000 bytes (524 MB) copied, 1.01335 s, 517 MB/s
afbad591ee2b70ac94258fbc7fac3bf2  -

real	0m1.016s
user	0m0.952s
sys	0m0.245s
500+0 records in
500+0 records out
524288000 bytes (524 MB) copied, 1.05222 s, 498 MB/s
afbad591ee2b70ac94258fbc7fac3bf2  -

real	0m1.055s
user	0m0.982s
sys	0m0.272s
500+0 records in
500+0 records out
524288000 bytes (524 MB) copied, 0.999079 s, 525 MB/s
afbad591ee2b70ac94258fbc7fac3bf2  -

real	0m1.002s
user	0m0.896s
sys	0m0.284s
