500+0 records in
500+0 records out
afbad591ee2b70ac94258fbc7fac3bf2  -
524288000 bytes (524 MB) copied, 1.34198 s, 391 MB/s

real	0m1.344s
user	0m1.181s
sys	0m0.293s
500+0 records in
500+0 records out
afbad591ee2b70ac94258fbc7fac3bf2  -
524288000 bytes (524 MB) copied, 1.39815 s, 375 MB/s

real	0m1.401s
user	0m1.178s
sys	0m0.292s
500+0 records in
500+0 records out
afbad591ee2b70ac94258fbc7fac3bf2  -
524288000 bytes (524 MB) copied, 1.33868 s, 392 MB/s

real	0m1.341s
user	0m1.163s
sys	0m0.329s
500+0 records in
500+0 records out
afbad591ee2b70ac94258fbc7fac3bf2  -
524288000 bytes (524 MB) copied, 1.3731 s, 382 MB/s

real	0m1.376s
user	0m1.173s
sys	0m0.331s
500+0 records in
500+0 records out
524288000 bytes (524 MB) copied, 1.3399 s, 391 MB/s
afbad591ee2b70ac94258fbc7fac3bf2  -

real	0m1.343s
user	0m1.176s
sys	0m0.328s
500+0 records in
500+0 records out
afbad591ee2b70ac94258fbc7fac3bf2  -
524288000 bytes (524 MB) copied, 1.34901 s, 389 MB/s

real	0m1.352s
user	0m1.179s
sys	0m0.299s
500+0 records in
500+0 records out
afbad591ee2b70ac94258fbc7fac3bf2  -
524288000 bytes (524 MB) copied, 1.36992 s, 383 MB/s

real	0m1.373s
user	0m1.173s
sys	0m0.298s
500+0 records in
500+0 records out
afbad591ee2b70ac94258fbc7fac3bf2  -
524288000 bytes (524 MB) copied, 1.42378 s, 368 MB/s

real	0m1.426s
user	0m1.156s
sys	0m0.316s
500+0 records in
500+0 records out
afbad591ee2b70ac94258fbc7fac3bf2  -
524288000 bytes (524 MB) copied, 1.37355 s, 382 MB/s

real	0m1.377s
user	0m1.169s
sys	0m0.331s
500+0 records in
500+0 records out
afbad591ee2b70ac94258fbc7fac3bf2  -
524288000 bytes (524 MB) copied, 1.34716 s, 389 MB/s

real	0m1.350s
user	0m1.186s
sys	0m0.286s
500+0 records in
500+0 records out
afbad591ee2b70ac94258fbc7fac3bf2  -
524288000 bytes (524 MB) copied, 1.3548 s, 387 MB/s

real	0m1.357s
user	0m1.180s
sys	0m0.279s
500+0 records in
500+0 records out
afbad591ee2b70ac94258fbc7fac3bf2  -
524288000 bytes (524 MB) copied, 1.36291 s, 385 MB/s

real	0m1.366s
user	0m1.159s
sys	0m0.309s
500+0 records in
500+0 records out
afbad591ee2b70ac94258fbc7fac3bf2  -
524288000 bytes (524 MB) copied, 1.34808 s, 389 MB/s

real	0m1.351s
user	0m1.169s
sys	0m0.307s
500+0 records in
500+0 records out
afbad591ee2b70ac94258fbc7fac3bf2  -
524288000 bytes (524 MB) copied, 1.35079 s, 388 MB/s

real	0m1.354s
user	0m1.172s
sys	0m0.311s
500+0 records in
500+0 records out
afbad591ee2b70ac94258fbc7fac3bf2  -
524288000 bytes (524 MB) copied, 1.39337 s, 376 MB/s

real	0m1.396s
user	0m1.180s
sys	0m0.295s
500+0 records in
500+0 records out
afbad591ee2b70ac94258fbc7fac3bf2  -
524288000 bytes (524 MB) copied, 1.33884 s, 392 MB/s

real	0m1.342s
user	0m1.171s
sys	0m0.301s
500+0 records in
500+0 records out
afbad591ee2b70ac94258fbc7fac3bf2  -
524288000 bytes (524 MB) copied, 1.29937 s, 403 MB/s

real	0m1.302s
user	0m1.161s
sys	0m0.317s
500+0 records in
500+0 records out
afbad591ee2b70ac94258fbc7fac3bf2  -
524288000 bytes (524 MB) copied, 1.33928 s, 391 MB/s

real	0m1.342s
user	0m1.152s
sys	0m0.320s
500+0 records in
500+0 records out
afbad591ee2b70ac94258fbc7fac3bf2  -
524288000 bytes (524 MB) copied, 1.40494 s, 373 MB/s

real	0m1.408s
user	0m1.187s
sys	0m0.320s
500+0 records in
500+0 records out
524288000 bytes (524 MB) copied, 1.33069 s, 394 MB/s
afbad591ee2b70ac94258fbc7fac3bf2  -

real	0m1.334s
user	0m1.154s
sys	0m0.322s
500+0 records in
500+0 records out
afbad591ee2b70ac94258fbc7fac3bf2  -
524288000 bytes (524 MB) copied, 1.35492 s, 387 MB/s

real	0m1.357s
user	0m1.177s
sys	0m0.292s
500+0 records in
500+0 records out
afbad591ee2b70ac94258fbc7fac3bf2  -
524288000 bytes (524 MB) copied, 1.32224 s, 397 MB/s

real	0m1.325s
user	0m1.172s
sys	0m0.297s
500+0 records in
500+0 records out
afbad591ee2b70ac94258fbc7fac3bf2  -
524288000 bytes (524 MB) copied, 1.43914 s, 364 MB/s

real	0m1.442s
user	0m1.161s
sys	0m0.359s
500+0 records in
500+0 records out
afbad591ee2b70ac94258fbc7fac3bf2  -
524288000 bytes (524 MB) copied, 1.43085 s, 366 MB/s

real	0m1.434s
user	0m1.163s
sys	0m0.295s
500+0 records in
500+0 records out
524288000 bytes (524 MB) copied, 1.27233 s, 412 MB/s
afbad591ee2b70ac94258fbc7fac3bf2  -

real	0m1.275s
user	0m1.186s
sys	0m0.282s
500+0 records in
500+0 records out
afbad591ee2b70ac94258fbc7fac3bf2  -
524288000 bytes (524 MB) copied, 1.39043 s, 377 MB/s

real	0m1.393s
user	0m1.163s
sys	0m0.305s
500+0 records in
500+0 records out
afbad591ee2b70ac94258fbc7fac3bf2  -
524288000 bytes (524 MB) copied, 1.39531 s, 376 MB/s

real	0m1.398s
user	0m1.174s
sys	0m0.289s
500+0 records in
500+0 records out
524288000 bytes (524 MB) copied, 1.30522 s, 402 MB/s
afbad591ee2b70ac94258fbc7fac3bf2  -

real	0m1.308s
user	0m1.177s
sys	0m0.298s
500+0 records in
500+0 records out
afbad591ee2b70ac94258fbc7fac3bf2  -
524288000 bytes (524 MB) copied, 1.34827 s, 389 MB/s

real	0m1.351s
user	0m1.181s
sys	0m0.294s
500+0 records in
500+0 records out
afbad591ee2b70ac94258fbc7fac3bf2  -
524288000 bytes (524 MB) copied, 1.48523 s, 353 MB/s

real	0m1.488s
user	0m1.176s
sys	0m0.291s
500+0 records in
500+0 records out
afbad591ee2b70ac94258fbc7fac3bf2  -
524288000 bytes (524 MB) copied, 1.39293 s, 376 MB/s

real	0m1.396s
user	0m1.168s
sys	0m0.308s
500+0 records in
500+0 records out
afbad591ee2b70ac94258fbc7fac3bf2  -
524288000 bytes (524 MB) copied, 1.3387 s, 392 MB/s

real	0m1.341s
user	0m1.173s
sys	0m0.308s
500+0 records in
500+0 records out
524288000 bytes (524 MB) copied, 1.38807 s, 378 MB/s
afbad591ee2b70ac94258fbc7fac3bf2  -

real	0m1.391s
user	0m1.173s
sys	0m0.363s
500+0 records in
500+0 records out
afbad591ee2b70ac94258fbc7fac3bf2  -
524288000 bytes (524 MB) copied, 1.41138 s, 371 MB/s

real	0m1.414s
user	0m1.174s
sys	0m0.304s
500+0 records in
500+0 records out
afbad591ee2b70ac94258fbc7fac3bf2  -
524288000 bytes (524 MB) copied, 1.36954 s, 383 MB/s

real	0m1.372s
user	0m1.167s
sys	0m0.308s
500+0 records in
500+0 records out
524288000 bytes (524 MB) copied, 1.31077 s, 400 MB/s
afbad591ee2b70ac94258fbc7fac3bf2  -

real	0m1.314s
user	0m1.181s
sys	0m0.297s
500+0 records in
500+0 records out
afbad591ee2b70ac94258fbc7fac3bf2  -
524288000 bytes (524 MB) copied, 1.34256 s, 391 MB/s

real	0m1.345s
user	0m1.157s
sys	0m0.318s
500+0 records in
500+0 records out
afbad591ee2b70ac94258fbc7fac3bf2  -
524288000 bytes (524 MB) copied, 1.3487 s, 389 MB/s

real	0m1.351s
user	0m1.170s
sys	0m0.318s
500+0 records in
500+0 records out
afbad591ee2b70ac94258fbc7fac3bf2  -
524288000 bytes (524 MB) copied, 1.34604 s, 390 MB/s

real	0m1.349s
user	0m1.174s
sys	0m0.307s
500+0 records in
500+0 records out
524288000 bytes (524 MB) copied, 1.37041 s, 383 MB/s
afbad591ee2b70ac94258fbc7fac3bf2  -

real	0m1.373s
user	0m1.173s
sys	0m0.310s
500+0 records in
500+0 records out
afbad591ee2b70ac94258fbc7fac3bf2  -
524288000 bytes (524 MB) copied, 1.28626 s, 408 MB/s

real	0m1.289s
user	0m1.172s
sys	0m0.306s
500+0 records in
500+0 records out
afbad591ee2b70ac94258fbc7fac3bf2  -
524288000 bytes (524 MB) copied, 1.37489 s, 381 MB/s

real	0m1.378s
user	0m1.192s
sys	0m0.285s
500+0 records in
500+0 records out
afbad591ee2b70ac94258fbc7fac3bf2  -
524288000 bytes (524 MB) copied, 1.44585 s, 363 MB/s

real	0m1.449s
user	0m1.167s
sys	0m0.357s
500+0 records in
500+0 records out
afbad591ee2b70ac94258fbc7fac3bf2  -
524288000 bytes (524 MB) copied, 1.395 s, 376 MB/s

real	0m1.398s
user	0m1.162s
sys	0m0.307s
500+0 records in
500+0 records out
524288000 bytes (524 MB) copied, 1.38402 s, 379 MB/s
afbad591ee2b70ac94258fbc7fac3bf2  -

real	0m1.387s
user	0m1.159s
sys	0m0.327s
500+0 records in
500+0 records out
afbad591ee2b70ac94258fbc7fac3bf2  -
524288000 bytes (524 MB) copied, 1.40651 s, 373 MB/s

real	0m1.409s
user	0m1.175s
sys	0m0.307s
500+0 records in
500+0 records out
afbad591ee2b70ac94258fbc7fac3bf2  -
524288000 bytes (524 MB) copied, 1.33545 s, 393 MB/s

real	0m1.338s
user	0m1.168s
sys	0m0.301s
500+0 records in
500+0 records out
524288000 bytes (524 MB) copied, 1.34392 s, 390 MB/s
afbad591ee2b70ac94258fbc7fac3bf2  -

real	0m1.347s
user	0m1.170s
sys	0m0.302s
500+0 records in
500+0 records out
afbad591ee2b70ac94258fbc7fac3bf2  -
524288000 bytes (524 MB) copied, 1.33193 s, 394 MB/s

real	0m1.334s
user	0m1.178s
sys	0m0.303s
500+0 records in
500+0 records out
afbad591ee2b70ac94258fbc7fac3bf2  -
524288000 bytes (524 MB) copied, 1.40344 s, 374 MB/s

real	0m1.406s
user	0m1.185s
sys	0m0.296s
500+0 records in
500+0 records out
afbad591ee2b70ac94258fbc7fac3bf2  -
524288000 bytes (524 MB) copied, 1.34998 s, 388 MB/s

real	0m1.353s
user	0m1.161s
sys	0m0.295s
500+0 records in
500+0 records out
afbad591ee2b70ac94258fbc7fac3bf2  -
524288000 bytes (524 MB) copied, 1.37947 s, 380 MB/s

real	0m1.382s
user	0m1.178s
sys	0m0.303s
500+0 records in
500+0 records out
afbad591ee2b70ac94258fbc7fac3bf2  -
524288000 bytes (524 MB) copied, 1.35945 s, 386 MB/s

real	0m1.362s
user	0m1.160s
sys	0m0.321s
500+0 records in
500+0 records out
afbad591ee2b70ac94258fbc7fac3bf2  -
524288000 bytes (524 MB) copied, 1.35628 s, 387 MB/s

real	0m1.359s
user	0m1.173s
sys	0m0.293s
500+0 records in
500+0 records out
524288000 bytes (524 MB) copied, 1.33019 s, 394 MB/s
afbad591ee2b70ac94258fbc7fac3bf2  -

real	0m1.333s
user	0m1.158s
sys	0m0.313s
500+0 records in
500+0 records out
afbad591ee2b70ac94258fbc7fac3bf2  -
524288000 bytes (524 MB) copied, 1.38789 s, 378 MB/s

real	0m1.391s
user	0m1.169s
sys	0m0.293s
500+0 records in
500+0 records out
afbad591ee2b70ac94258fbc7fac3bf2  -
524288000 bytes (524 MB) copied, 1.38858 s, 378 MB/s

real	0m1.391s
user	0m1.176s
sys	0m0.290s
500+0 records in
500+0 records out
524288000 bytes (524 MB) copied, 1.34058 s, 391 MB/s
afbad591ee2b70ac94258fbc7fac3bf2  -

real	0m1.344s
user	0m1.180s
sys	0m0.311s
500+0 records in
500+0 records out
afbad591ee2b70ac94258fbc7fac3bf2  -
524288000 bytes (524 MB) copied, 1.34185 s, 391 MB/s

real	0m1.345s
user	0m1.159s
sys	0m0.296s
500+0 records in
500+0 records out
524288000 bytes (524 MB) copied, 1.32753 s, 395 MB/s
afbad591ee2b70ac94258fbc7fac3bf2  -

real	0m1.330s
user	0m1.160s
sys	0m0.307s
500+0 records in
500+0 records out
afbad591ee2b70ac94258fbc7fac3bf2  -
524288000 bytes (524 MB) copied, 1.40428 s, 373 MB/s

real	0m1.407s
user	0m1.168s
sys	0m0.312s
500+0 records in
500+0 records out
afbad591ee2b70ac94258fbc7fac3bf2  -
524288000 bytes (524 MB) copied, 1.38061 s, 380 MB/s

real	0m1.383s
user	0m1.175s
sys	0m0.302s
500+0 records in
500+0 records out
afbad591ee2b70ac94258fbc7fac3bf2  -
524288000 bytes (524 MB) copied, 1.40941 s, 372 MB/s

real	0m1.412s
user	0m1.169s
sys	0m0.316s
500+0 records in
500+0 records out
afbad591ee2b70ac94258fbc7fac3bf2  -
524288000 bytes (524 MB) copied, 1.31419 s, 399 MB/s

real	0m1.317s
user	0m1.180s
sys	0m0.287s
500+0 records in
500+0 records out
afbad591ee2b70ac94258fbc7fac3bf2  -
524288000 bytes (524 MB) copied, 1.44818 s, 362 MB/s

real	0m1.451s
user	0m1.182s
sys	0m0.342s
500+0 records in
500+0 records out
afbad591ee2b70ac94258fbc7fac3bf2  -
524288000 bytes (524 MB) copied, 1.37784 s, 381 MB/s

real	0m1.380s
user	0m1.183s
sys	0m0.322s
500+0 records in
500+0 records out
afbad591ee2b70ac94258fbc7fac3bf2  -
524288000 bytes (524 MB) copied, 1.32108 s, 397 MB/s

real	0m1.324s
user	0m1.173s
sys	0m0.298s
500+0 records in
500+0 records out
afbad591ee2b70ac94258fbc7fac3bf2  -
524288000 bytes (524 MB) copied, 1.36348 s, 385 MB/s

real	0m1.366s
user	0m1.184s
sys	0m0.290s
500+0 records in
500+0 records out
afbad591ee2b70ac94258fbc7fac3bf2  -
524288000 bytes (524 MB) copied, 1.36296 s, 385 MB/s

real	0m1.366s
user	0m1.177s
sys	0m0.306s
500+0 records in
500+0 records out
afbad591ee2b70ac94258fbc7fac3bf2  -
524288000 bytes (524 MB) copied, 1.34031 s, 391 MB/s

real	0m1.343s
user	0m1.168s
sys	0m0.300s
500+0 records in
500+0 records out
524288000 bytes (524 MB) copied, 1.31397 s, 399 MB/s
afbad591ee2b70ac94258fbc7fac3bf2  -

real	0m1.317s
user	0m1.169s
sys	0m0.299s
500+0 records in
500+0 records out
524288000 bytes (524 MB) copiedafbad591ee2b70ac94258fbc7fac3bf2  -
, 1.33166 s, 394 MB/s

real	0m1.334s
user	0m1.168s
sys	0m0.300s
500+0 records in
500+0 records out
afbad591ee2b70ac94258fbc7fac3bf2  -
524288000 bytes (524 MB) copied, 1.33823 s, 392 MB/s

real	0m1.341s
user	0m1.166s
sys	0m0.316s
500+0 records in
500+0 records out
afbad591ee2b70ac94258fbc7fac3bf2  -
524288000 bytes (524 MB) copied, 1.3297 s, 394 MB/s

real	0m1.332s
user	0m1.182s
sys	0m0.286s
500+0 records in
500+0 records out
524288000 bytes (524 MB) copied, 1.46034 s, 359 MB/s
afbad591ee2b70ac94258fbc7fac3bf2  -

real	0m1.463s
user	0m1.180s
sys	0m0.359s
500+0 records in
500+0 records out
afbad591ee2b70ac94258fbc7fac3bf2  -
524288000 bytes (524 MB) copied, 1.45805 s, 360 MB/s

real	0m1.461s
user	0m1.159s
sys	0m0.303s
500+0 records in
500+0 records out
afbad591ee2b70ac94258fbc7fac3bf2  -
524288000 bytes (524 MB) copied, 1.353 s, 388 MB/s

real	0m1.356s
user	0m1.172s
sys	0m0.302s
500+0 records in
500+0 records out
524288000 bytes (524 MB) copied, 1.38055 s, 380 MB/s
afbad591ee2b70ac94258fbc7fac3bf2  -

real	0m1.384s
user	0m1.171s
sys	0m0.319s
500+0 records in
500+0 records out
afbad591ee2b70ac94258fbc7fac3bf2  -
524288000 bytes (524 MB) copied, 1.40016 s, 374 MB/s

real	0m1.403s
user	0m1.178s
sys	0m0.328s
500+0 records in
500+0 records out
524288000 bytes (524 MB) copied, 1.41158 s, 371 MB/s
afbad591ee2b70ac94258fbc7fac3bf2  -

real	0m1.414s
user	0m1.175s
sys	0m0.300s
500+0 records in
500+0 records out
afbad591ee2b70ac94258fbc7fac3bf2  -
524288000 bytes (524 MB) copied, 1.3744 s, 381 MB/s

real	0m1.377s
user	0m1.165s
sys	0m0.309s
500+0 records in
500+0 records out
afbad591ee2b70ac94258fbc7fac3bf2  -
524288000 bytes (524 MB) copied, 1.42221 s, 369 MB/s

real	0m1.425s
user	0m1.181s
sys	0m0.345s
500+0 records in
500+0 records out
afbad591ee2b70ac94258fbc7fac3bf2  -
524288000 bytes (524 MB) copied, 1.40497 s, 373 MB/s

real	0m1.408s
user	0m1.162s
sys	0m0.292s
500+0 records in
500+0 records out
afbad591ee2b70ac94258fbc7fac3bf2  -
524288000 bytes (524 MB) copied, 1.32439 s, 396 MB/s

real	0m1.327s
user	0m1.170s
sys	0m0.316s
500+0 records in
500+0 records out
524288000 bytes (524 MB) copied, 1.28749 s, 407 MB/s
afbad591ee2b70ac94258fbc7fac3bf2  -

real	0m1.290s
user	0m1.183s
sys	0m0.288s
500+0 records in
500+0 records out
afbad591ee2b70ac94258fbc7fac3bf2  -
524288000 bytes (524 MB) copied, 1.31612 s, 398 MB/s

real	0m1.319s
user	0m1.174s
sys	0m0.303s
500+0 records in
500+0 records out
afbad591ee2b70ac94258fbc7fac3bf2  -
524288000 bytes (524 MB) copied, 1.34129 s, 391 MB/s

real	0m1.344s
user	0m1.166s
sys	0m0.313s
500+0 records in
500+0 records out
afbad591ee2b70ac94258fbc7fac3bf2  -
524288000 bytes (524 MB) copied, 1.31923 s, 397 MB/s

real	0m1.322s
user	0m1.169s
sys	0m0.305s
500+0 records in
500+0 records out
afbad591ee2b70ac94258fbc7fac3bf2  -
524288000 bytes (524 MB) copied, 1.31457 s, 399 MB/s

real	0m1.318s
user	0m1.171s
sys	0m0.307s
500+0 records in
500+0 records out
524288000 bytes (524 MB) copied, 1.31986 s, 397 MB/s
afbad591ee2b70ac94258fbc7fac3bf2  -

real	0m1.323s
user	0m1.165s
sys	0m0.314s
500+0 records in
500+0 records out
524288000 bytes (524 MB) copiedafbad591ee2b70ac94258fbc7fac3bf2  -
, 1.33338 s, 393 MB/s

real	0m1.336s
user	0m1.181s
sys	0m0.299s
500+0 records in
500+0 records out
afbad591ee2b70ac94258fbc7fac3bf2  -
524288000 bytes (524 MB) copied, 1.40153 s, 374 MB/s

real	0m1.404s
user	0m1.171s
sys	0m0.313s
500+0 records in
500+0 records out
524288000 bytes (524 MB) copied, 1.32173 s, 397 MB/s
afbad591ee2b70ac94258fbc7fac3bf2  -

real	0m1.325s
user	0m1.160s
sys	0m0.327s
500+0 records in
500+0 records out
afbad591ee2b70ac94258fbc7fac3bf2  -
524288000 bytes (524 MB) copied, 1.39204 s, 377 MB/s

real	0m1.395s
user	0m1.180s
sys	0m0.311s
500+0 records in
500+0 records out
524288000 bytes (524 MB) copied, 1.34285 s, 390 MB/s
afbad591ee2b70ac94258fbc7fac3bf2  -

real	0m1.345s
user	0m1.171s
sys	0m0.303s
500+0 records in
500+0 records out
afbad591ee2b70ac94258fbc7fac3bf2  -
524288000 bytes (524 MB) copied, 1.33431 s, 393 MB/s

real	0m1.337s
user	0m1.166s
sys	0m0.314s
500+0 records in
500+0 records out
524288000 bytes (524 MB) copied, 1.33188 s, 394 MB/s
afbad591ee2b70ac94258fbc7fac3bf2  -

real	0m1.335s
user	0m1.160s
sys	0m0.319s
500+0 records in
500+0 records out
afbad591ee2b70ac94258fbc7fac3bf2  -
524288000 bytes (524 MB) copied, 1.40175 s, 374 MB/s

real	0m1.405s
user	0m1.168s
sys	0m0.298s
500+0 records in
500+0 records out
afbad591ee2b70ac94258fbc7fac3bf2  -
524288000 bytes (524 MB) copied, 1.35062 s, 388 MB/s

real	0m1.353s
user	0m1.180s
sys	0m0.289s
500+0 records in
500+0 records out
524288000 bytes (524 MB) copied, 1.37506 s, 381 MB/s
afbad591ee2b70ac94258fbc7fac3bf2  -

real	0m1.378s
user	0m1.178s
sys	0m0.356s
500+0 records in
500+0 records out
afbad591ee2b70ac94258fbc7fac3bf2  -
524288000 bytes (524 MB) copied, 1.40424 s, 373 MB/s

real	0m1.407s
user	0m1.159s
sys	0m0.322s
500+0 records in
500+0 records out
afbad591ee2b70ac94258fbc7fac3bf2  -
524288000 bytes (524 MB) copied, 1.35955 s, 386 MB/s

real	0m1.362s
user	0m1.168s
sys	0m0.336s
500+0 records in
500+0 records out
afbad591ee2b70ac94258fbc7fac3bf2  -
524288000 bytes (524 MB) copied, 1.35325 s, 387 MB/s

real	0m1.356s
user	0m1.170s
sys	0m0.296s
500+0 records in
500+0 records out
afbad591ee2b70ac94258fbc7fac3bf2  -
524288000 bytes (524 MB) copied, 1.44399 s, 363 MB/s

real	0m1.447s
user	0m1.165s
sys	0m0.305s
500+0 records in
500+0 records out
524288000 bytes (524 MB) copied, 1.37751 s, 381 MB/s
afbad591ee2b70ac94258fbc7fac3bf2  -

real	0m1.380s
user	0m1.171s
sys	0m0.308s
500+0 records in
500+0 records out
afbad591ee2b70ac94258fbc7fac3bf2  -
524288000 bytes (524 MB) copied, 1.35221 s, 388 MB/s

real	0m1.355s
user	0m1.166s
sys	0m0.306s
500+0 records in
500+0 records out
afbad591ee2b70ac94258fbc7fac3bf2  -
524288000 bytes (524 MB) copied, 1.41591 s, 370 MB/s

real	0m1.419s
user	0m1.155s
sys	0m0.306s
500+0 records in
500+0 records out
524288000 bytes (524 MB) copied, 1.34375 s, 390 MB/s
afbad591ee2b70ac94258fbc7fac3bf2  -

real	0m1.347s
user	0m1.176s
sys	0m0.306s
500+0 records in
500+0 records out
afbad591ee2b70ac94258fbc7fac3bf2  -
524288000 bytes (524 MB) copied, 1.37768 s, 381 MB/s

real	0m1.380s
user	0m1.178s
sys	0m0.289s
500+0 records in
500+0 records out
afbad591ee2b70ac94258fbc7fac3bf2  -
524288000 bytes (524 MB) copied, 1.3569 s, 386 MB/s

real	0m1.359s
user	0m1.169s
sys	0m0.303s
500+0 records in
500+0 records out
afbad591ee2b70ac94258fbc7fac3bf2  -
524288000 bytes (524 MB) copied, 1.35342 s, 387 MB/s

real	0m1.356s
user	0m1.162s
sys	0m0.319s
500+0 records in
500+0 records out
afbad591ee2b70ac94258fbc7fac3bf2  -
524288000 bytes (524 MB) copied, 1.45079 s, 361 MB/s

real	0m1.454s
user	0m1.174s
sys	0m0.307s
500+0 records in
500+0 records out
afbad591ee2b70ac94258fbc7fac3bf2  -
524288000 bytes (524 MB) copied, 1.37342 s, 382 MB/s

real	0m1.376s
user	0m1.156s
sys	0m0.323s
500+0 records in
500+0 records out
afbad591ee2b70ac94258fbc7fac3bf2  -
524288000 bytes (524 MB) copied, 1.375 s, 381 MB/s

real	0m1.378s
user	0m1.171s
sys	0m0.310s
500+0 records in
500+0 records out
afbad591ee2b70ac94258fbc7fac3bf2  -
524288000 bytes (524 MB) copied, 1.35273 s, 388 MB/s

real	0m1.356s
user	0m1.169s
sys	0m0.315s
500+0 records in
500+0 records out
afbad591ee2b70ac94258fbc7fac3bf2  -
524288000 bytes (524 MB) copied, 1.39127 s, 377 MB/s

real	0m1.394s
user	0m1.169s
sys	0m0.305s
500+0 records in
500+0 records out
afbad591ee2b70ac94258fbc7fac3bf2  -
524288000 bytes (524 MB) copied, 1.33186 s, 394 MB/s

real	0m1.335s
user	0m1.163s
sys	0m0.323s
500+0 records in
500+0 records out
afbad591ee2b70ac94258fbc7fac3bf2  -
524288000 bytes (524 MB) copied, 1.36497 s, 384 MB/s

real	0m1.368s
user	0m1.171s
sys	0m0.361s
500+0 records in
500+0 records out
524288000 bytes (524 MB) copied, 1.28847 s, 407 MB/s
afbad591ee2b70ac94258fbc7fac3bf2  -

real	0m1.291s
user	0m1.169s
sys	0m0.288s
500+0 records in
500+0 records out
524288000 bytes (524 MB) copied, 1.32197 s, 397 MB/s
afbad591ee2b70ac94258fbc7fac3bf2  -

real	0m1.325s
user	0m1.168s
sys	0m0.296s
500+0 records in
500+0 records out
afbad591ee2b70ac94258fbc7fac3bf2  -
524288000 bytes (524 MB) copied, 1.36884 s, 383 MB/s

real	0m1.371s
user	0m1.153s
sys	0m0.332s
500+0 records in
500+0 records out
afbad591ee2b70ac94258fbc7fac3bf2  -
524288000 bytes (524 MB) copied, 1.44098 s, 364 MB/s

real	0m1.444s
user	0m1.174s
sys	0m0.306s
500+0 records in
500+0 records out
afbad591ee2b70ac94258fbc7fac3bf2  -
524288000 bytes (524 MB) copied, 1.3623 s, 385 MB/s

real	0m1.365s
user	0m1.173s
sys	0m0.310s
500+0 records in
500+0 records out
afbad591ee2b70ac94258fbc7fac3bf2  -
524288000 bytes (524 MB) copied, 1.38339 s, 379 MB/s

real	0m1.386s
user	0m1.177s
sys	0m0.295s
500+0 records in
500+0 records out
afbad591ee2b70ac94258fbc7fac3bf2  -
524288000 bytes (524 MB) copied, 1.36101 s, 385 MB/s

real	0m1.364s
user	0m1.176s
sys	0m0.318s
500+0 records in
500+0 records out
afbad591ee2b70ac94258fbc7fac3bf2  -
524288000 bytes (524 MB) copied, 1.37659 s, 381 MB/s

real	0m1.379s
user	0m1.183s
sys	0m0.320s
500+0 records in
500+0 records out
524288000 bytes (524 MB) copied, 1.42701 s, 367 MB/s
afbad591ee2b70ac94258fbc7fac3bf2  -

real	0m1.430s
user	0m1.183s
sys	0m0.304s
500+0 records in
500+0 records out
524288000 bytes (524 MB) copied, 1.29455 s, 405 MB/s
afbad591ee2b70ac94258fbc7fac3bf2  -

real	0m1.297s
user	0m1.178s
sys	0m0.301s
500+0 records in
500+0 records out
afbad591ee2b70ac94258fbc7fac3bf2  -
524288000 bytes (524 MB) copied, 1.34459 s, 390 MB/s

real	0m1.348s
user	0m1.167s
sys	0m0.312s
500+0 records in
500+0 records out
afbad591ee2b70ac94258fbc7fac3bf2  -
524288000 bytes (524 MB) copied, 1.34381 s, 390 MB/s

real	0m1.347s
user	0m1.162s
sys	0m0.347s
500+0 records in
500+0 records out
afbad591ee2b70ac94258fbc7fac3bf2  -
524288000 bytes (524 MB) copied, 1.37692 s, 381 MB/s

real	0m1.380s
user	0m1.177s
sys	0m0.294s
500+0 records in
500+0 records out
afbad591ee2b70ac94258fbc7fac3bf2  -
524288000 bytes (524 MB) copied, 1.46825 s, 357 MB/s

real	0m1.471s
user	0m1.163s
sys	0m0.327s
500+0 records in
500+0 records out
afbad591ee2b70ac94258fbc7fac3bf2  -
524288000 bytes (524 MB) copied, 1.38434 s, 379 MB/s

real	0m1.387s
user	0m1.159s
sys	0m0.326s
500+0 records in
500+0 records out
afbad591ee2b70ac94258fbc7fac3bf2  -
524288000 bytes (524 MB) copied, 1.45058 s, 361 MB/s

real	0m1.453s
user	0m1.178s
sys	0m0.353s
500+0 records in
500+0 records out
afbad591ee2b70ac94258fbc7fac3bf2  -
524288000 bytes (524 MB) copied, 1.46615 s, 358 MB/s

real	0m1.469s
user	0m1.189s
sys	0m0.284s
500+0 records in
500+0 records out
afbad591ee2b70ac94258fbc7fac3bf2  -
524288000 bytes (524 MB) copied, 1.33886 s, 392 MB/s

real	0m1.342s
user	0m1.168s
sys	0m0.302s
500+0 records in
500+0 records out
afbad591ee2b70ac94258fbc7fac3bf2  -
524288000 bytes (524 MB) copied, 1.35125 s, 388 MB/s

real	0m1.354s
user	0m1.171s
sys	0m0.314s
500+0 records in
500+0 records out
524288000 bytes (524 MB) copied, 1.37283 s, 382 MB/s
afbad591ee2b70ac94258fbc7fac3bf2  -

real	0m1.376s
user	0m1.162s
sys	0m0.316s
500+0 records in
500+0 records out
afbad591ee2b70ac94258fbc7fac3bf2  -
524288000 bytes (524 MB) copied, 1.35474 s, 387 MB/s

real	0m1.357s
user	0m1.163s
sys	0m0.318s
500+0 records in
500+0 records out
524288000 bytes (524 MB) copied, 1.29062 s, 406 MB/s
afbad591ee2b70ac94258fbc7fac3bf2  -

real	0m1.293s
user	0m1.171s
sys	0m0.310s
500+0 records in
500+0 records out
afbad591ee2b70ac94258fbc7fac3bf2  -
524288000 bytes (524 MB) copied, 1.33935 s, 391 MB/s

real	0m1.342s
user	0m1.181s
sys	0m0.300s
500+0 records in
500+0 records out
afbad591ee2b70ac94258fbc7fac3bf2  -
524288000 bytes (524 MB) copied, 1.36567 s, 384 MB/s

real	0m1.368s
user	0m1.179s
sys	0m0.293s
500+0 records in
500+0 records out
afbad591ee2b70ac94258fbc7fac3bf2  -
524288000 bytes (524 MB) copied, 1.34863 s, 389 MB/s

real	0m1.352s
user	0m1.169s
sys	0m0.309s
500+0 records in
500+0 records out
afbad591ee2b70ac94258fbc7fac3bf2  -
524288000 bytes (524 MB) copied, 1.73454 s, 302 MB/s

real	0m1.738s
user	0m1.169s
sys	0m0.313s
500+0 records in
500+0 records out
afbad591ee2b70ac94258fbc7fac3bf2  -
524288000 bytes (524 MB) copied, 1.54351 s, 340 MB/s

real	0m1.547s
user	0m1.184s
sys	0m0.288s
500+0 records in
500+0 records out
524288000 bytes (524 MB) copied, 1.28497 s, 408 MB/s
afbad591ee2b70ac94258fbc7fac3bf2  -

real	0m1.288s
user	0m1.173s
sys	0m0.304s
500+0 records in
500+0 records out
afbad591ee2b70ac94258fbc7fac3bf2  -
524288000 bytes (524 MB) copied, 1.36514 s, 384 MB/s

real	0m1.368s
user	0m1.160s
sys	0m0.317s
500+0 records in
500+0 records out
afbad591ee2b70ac94258fbc7fac3bf2  -
524288000 bytes (524 MB) copied, 1.32587 s, 395 MB/s

real	0m1.329s
user	0m1.162s
sys	0m0.313s
500+0 records in
500+0 records out
afbad591ee2b70ac94258fbc7fac3bf2  -
524288000 bytes (524 MB) copied, 1.28837 s, 407 MB/s

real	0m1.291s
user	0m1.180s
sys	0m0.295s
500+0 records in
500+0 records out
afbad591ee2b70ac94258fbc7fac3bf2  -
524288000 bytes (524 MB) copied, 1.34824 s, 389 MB/s

real	0m1.351s
user	0m1.165s
sys	0m0.312s
500+0 records in
500+0 records out
524288000 bytes (524 MB) copied, 1.32123 s, 397 MB/s
afbad591ee2b70ac94258fbc7fac3bf2  -

real	0m1.324s
user	0m1.186s
sys	0m0.296s
500+0 records in
500+0 records out
afbad591ee2b70ac94258fbc7fac3bf2  -
524288000 bytes (524 MB) copied, 1.73156 s, 303 MB/s

real	0m1.734s
user	0m1.168s
sys	0m0.298s
500+0 records in
500+0 records out
afbad591ee2b70ac94258fbc7fac3bf2  -
524288000 bytes (524 MB) copied, 1.33313 s, 393 MB/s

real	0m1.336s
user	0m1.183s
sys	0m0.279s
500+0 records in
500+0 records out
afbad591ee2b70ac94258fbc7fac3bf2  -
524288000 bytes (524 MB) copied, 1.44023 s, 364 MB/s

real	0m1.443s
user	0m1.181s
sys	0m0.324s
500+0 records in
500+0 records out
afbad591ee2b70ac94258fbc7fac3bf2  -
524288000 bytes (524 MB) copied, 1.40876 s, 372 MB/s

real	0m1.412s
user	0m1.172s
sys	0m0.304s
500+0 records in
500+0 records out
afbad591ee2b70ac94258fbc7fac3bf2  -
524288000 bytes (524 MB) copied, 1.41509 s, 370 MB/s

real	0m1.418s
user	0m1.177s
sys	0m0.314s
500+0 records in
500+0 records out
524288000 bytes (524 MB) copied, 1.3123 s, 400 MB/s
afbad591ee2b70ac94258fbc7fac3bf2  -

real	0m1.315s
user	0m1.179s
sys	0m0.289s
500+0 records in
500+0 records out
afbad591ee2b70ac94258fbc7fac3bf2  -
524288000 bytes (524 MB) copied, 1.34138 s, 391 MB/s

real	0m1.344s
user	0m1.174s
sys	0m0.302s
500+0 records in
500+0 records out
afbad591ee2b70ac94258fbc7fac3bf2  -
524288000 bytes (524 MB) copied, 1.36686 s, 384 MB/s

real	0m1.370s
user	0m1.187s
sys	0m0.301s
500+0 records in
500+0 records out
524288000 bytes (524 MB) copied, 1.31153 s, 400 MB/s
afbad591ee2b70ac94258fbc7fac3bf2  -

real	0m1.314s
user	0m1.170s
sys	0m0.298s
500+0 records in
500+0 records out
afbad591ee2b70ac94258fbc7fac3bf2  -
524288000 bytes (524 MB) copied, 1.34344 s, 390 MB/s

real	0m1.346s
user	0m1.166s
sys	0m0.301s
500+0 records in
500+0 records out
afbad591ee2b70ac94258fbc7fac3bf2  -
524288000 bytes (524 MB) copied, 1.38972 s, 377 MB/s

real	0m1.393s
user	0m1.163s
sys	0m0.338s
500+0 records in
500+0 records out
afbad591ee2b70ac94258fbc7fac3bf2  -
524288000 bytes (524 MB) copied, 1.38766 s, 378 MB/s

real	0m1.390s
user	0m1.176s
sys	0m0.287s
500+0 records in
500+0 records out
afbad591ee2b70ac94258fbc7fac3bf2  -
524288000 bytes (524 MB) copied, 1.38322 s, 379 MB/s

real	0m1.386s
user	0m1.180s
sys	0m0.308s
500+0 records in
500+0 records out
afbad591ee2b70ac94258fbc7fac3bf2  -
524288000 bytes (524 MB) copied, 1.35729 s, 386 MB/s

real	0m1.360s
user	0m1.177s
sys	0m0.295s
500+0 records in
500+0 records out
afbad591ee2b70ac94258fbc7fac3bf2  -
524288000 bytes (524 MB) copied, 1.34232 s, 391 MB/s

real	0m1.345s
user	0m1.157s
sys	0m0.315s
500+0 records in
500+0 records out
524288000 bytes (524 MB) copied, 1.40761 s, 372 MB/s
afbad591ee2b70ac94258fbc7fac3bf2  -

real	0m1.411s
user	0m1.178s
sys	0m0.341s
500+0 records in
500+0 records out
524288000 bytes (524 MB) copied, 1.31955 s, 397 MB/s
afbad591ee2b70ac94258fbc7fac3bf2  -

real	0m1.322s
user	0m1.167s
sys	0m0.299s
500+0 records in
500+0 records out
afbad591ee2b70ac94258fbc7fac3bf2  -
524288000 bytes (524 MB) copied, 1.37388 s, 382 MB/s

real	0m1.377s
user	0m1.182s
sys	0m0.310s
500+0 records in
500+0 records out
afbad591ee2b70ac94258fbc7fac3bf2  -
524288000 bytes (524 MB) copied, 1.3963 s, 375 MB/s

real	0m1.399s
user	0m1.170s
sys	0m0.340s
500+0 records in
500+0 records out
afbad591ee2b70ac94258fbc7fac3bf2  -
524288000 bytes (524 MB) copied, 1.35411 s, 387 MB/s

real	0m1.357s
user	0m1.173s
sys	0m0.305s
500+0 records in
500+0 records out
524288000 bytes (524 MB) copied, 1.36631 s, 384 MB/s
afbad591ee2b70ac94258fbc7fac3bf2  -

real	0m1.369s
user	0m1.184s
sys	0m0.295s
500+0 records in
500+0 records out
afbad591ee2b70ac94258fbc7fac3bf2  -
524288000 bytes (524 MB) copied, 1.40371 s, 374 MB/s

real	0m1.406s
user	0m1.188s
sys	0m0.277s
500+0 records in
500+0 records out
afbad591ee2b70ac94258fbc7fac3bf2  -
524288000 bytes (524 MB) copied, 1.33782 s, 392 MB/s

real	0m1.340s
user	0m1.159s
sys	0m0.320s
500+0 records in
500+0 records out
afbad591ee2b70ac94258fbc7fac3bf2  -
524288000 bytes (524 MB) copied, 1.44424 s, 363 MB/s

real	0m1.447s
user	0m1.166s
sys	0m0.302s
500+0 records in
500+0 records out
524288000 bytes (524 MB) copied, 1.30768 s, 401 MB/s
afbad591ee2b70ac94258fbc7fac3bf2  -

real	0m1.311s
user	0m1.161s
sys	0m0.304s
500+0 records in
500+0 records out
afbad591ee2b70ac94258fbc7fac3bf2  -
524288000 bytes (524 MB) copied, 1.36323 s, 385 MB/s

real	0m1.366s
user	0m1.169s
sys	0m0.309s
500+0 records in
500+0 records out
afbad591ee2b70ac94258fbc7fac3bf2  -
524288000 bytes (524 MB) copied, 1.37895 s, 380 MB/s

real	0m1.382s
user	0m1.152s
sys	0m0.324s
500+0 records in
500+0 records out
524288000 bytes (524 MB) copied, 1.33653 s, 392 MB/s
afbad591ee2b70ac94258fbc7fac3bf2  -

real	0m1.339s
user	0m1.166s
sys	0m0.311s
500+0 records in
500+0 records out
524288000 bytes (524 MB) copied, 1.30911 s, 400 MB/s
afbad591ee2b70ac94258fbc7fac3bf2  -

real	0m1.312s
user	0m1.180s
sys	0m0.303s
500+0 records in
500+0 records out
524288000 bytes (524 MB) copiedafbad591ee2b70ac94258fbc7fac3bf2  -
, 1.34951 s, 389 MB/s

real	0m1.352s
user	0m1.172s
sys	0m0.302s
500+0 records in
500+0 records out
afbad591ee2b70ac94258fbc7fac3bf2  -
524288000 bytes (524 MB) copied, 1.37744 s, 381 MB/s

real	0m1.380s
user	0m1.191s
sys	0m0.283s
500+0 records in
500+0 records out
afbad591ee2b70ac94258fbc7fac3bf2  -
524288000 bytes (524 MB) copied, 1.38531 s, 378 MB/s

real	0m1.388s
user	0m1.176s
sys	0m0.300s
500+0 records in
500+0 records out
afbad591ee2b70ac94258fbc7fac3bf2  -
524288000 bytes (524 MB) copied, 1.38687 s, 378 MB/s

real	0m1.390s
user	0m1.174s
sys	0m0.299s
500+0 records in
500+0 records out
afbad591ee2b70ac94258fbc7fac3bf2  -
524288000 bytes (524 MB) copied, 1.38379 s, 379 MB/s

real	0m1.386s
user	0m1.200s
sys	0m0.342s
500+0 records in
500+0 records out
afbad591ee2b70ac94258fbc7fac3bf2  -
524288000 bytes (524 MB) copied, 1.33075 s, 394 MB/s

real	0m1.333s
user	0m1.173s
sys	0m0.302s
500+0 records in
500+0 records out
afbad591ee2b70ac94258fbc7fac3bf2  -
524288000 bytes (524 MB) copied, 1.38006 s, 380 MB/s

real	0m1.383s
user	0m1.177s
sys	0m0.298s
500+0 records in
500+0 records out
afbad591ee2b70ac94258fbc7fac3bf2  -
524288000 bytes (524 MB) copied, 1.33318 s, 393 MB/s

real	0m1.336s
user	0m1.189s
sys	0m0.298s
500+0 records in
500+0 records out
524288000 bytes (524 MB) copied, 1.32342 s, 396 MB/s
afbad591ee2b70ac94258fbc7fac3bf2  -

real	0m1.326s
user	0m1.177s
sys	0m0.306s
500+0 records in
500+0 records out
afbad591ee2b70ac94258fbc7fac3bf2  -
524288000 bytes (524 MB) copied, 1.4038 s, 373 MB/s

real	0m1.407s
user	0m1.167s
sys	0m0.296s
500+0 records in
500+0 records out
afbad591ee2b70ac94258fbc7fac3bf2  -
524288000 bytes (524 MB) copied, 1.32956 s, 394 MB/s

real	0m1.332s
user	0m1.172s
sys	0m0.297s
500+0 records in
500+0 records out
524288000 bytes (524 MB) copied, 1.34098 s, 391 MB/s
afbad591ee2b70ac94258fbc7fac3bf2  -

real	0m1.344s
user	0m1.163s
sys	0m0.326s
500+0 records in
500+0 records out
afbad591ee2b70ac94258fbc7fac3bf2  -
524288000 bytes (524 MB) copied, 1.35887 s, 386 MB/s

real	0m1.362s
user	0m1.176s
sys	0m0.323s
500+0 records in
500+0 records out
afbad591ee2b70ac94258fbc7fac3bf2  -
524288000 bytes (524 MB) copied, 1.40085 s, 374 MB/s

real	0m1.404s
user	0m1.165s
sys	0m0.333s
500+0 records in
500+0 records out
afbad591ee2b70ac94258fbc7fac3bf2  -
524288000 bytes (524 MB) copied, 1.42794 s, 367 MB/s

real	0m1.431s
user	0m1.179s
sys	0m0.300s
500+0 records in
500+0 records out
524288000 bytes (524 MB) copied, 1.3531 s, 387 MB/s
afbad591ee2b70ac94258fbc7fac3bf2  -

real	0m1.356s
user	0m1.181s
sys	0m0.300s
500+0 records in
500+0 records out
afbad591ee2b70ac94258fbc7fac3bf2  -
524288000 bytes (524 MB) copied, 1.33534 s, 393 MB/s

real	0m1.338s
user	0m1.181s
sys	0m0.288s
500+0 records in
500+0 records out
afbad591ee2b70ac94258fbc7fac3bf2  -
524288000 bytes (524 MB) copied, 1.34719 s, 389 MB/s

real	0m1.350s
user	0m1.186s
sys	0m0.283s
500+0 records in
500+0 records out
524288000 bytes (524 MB) copied, 1.30191 s, 403 MB/s
afbad591ee2b70ac94258fbc7fac3bf2  -

real	0m1.305s
user	0m1.164s
sys	0m0.304s
500+0 records in
500+0 records out
524288000 bytes (524 MB) copied, 1.33622 s, 392 MB/s
afbad591ee2b70ac94258fbc7fac3bf2  -

real	0m1.339s
user	0m1.164s
sys	0m0.317s
500+0 records in
500+0 records out
afbad591ee2b70ac94258fbc7fac3bf2  -
524288000 bytes (524 MB) copied, 1.3543 s, 387 MB/s

real	0m1.357s
user	0m1.160s
sys	0m0.308s
500+0 records in
500+0 records out
afbad591ee2b70ac94258fbc7fac3bf2  -
524288000 bytes (524 MB) copied, 1.31401 s, 399 MB/s

real	0m1.317s
user	0m1.183s
sys	0m0.286s
500+0 records in
500+0 records out
afbad591ee2b70ac94258fbc7fac3bf2  -
524288000 bytes (524 MB) copied, 1.38159 s, 379 MB/s

real	0m1.385s
user	0m1.182s
sys	0m0.355s
500+0 records in
500+0 records out
afbad591ee2b70ac94258fbc7fac3bf2  -
524288000 bytes (524 MB) copied, 1.34796 s, 389 MB/s

real	0m1.351s
user	0m1.166s
sys	0m0.306s
500+0 records in
500+0 records out
afbad591ee2b70ac94258fbc7fac3bf2  -
524288000 bytes (524 MB) copied, 1.31359 s, 399 MB/s

real	0m1.317s
user	0m1.179s
sys	0m0.300s
500+0 records in
500+0 records out
afbad591ee2b70ac94258fbc7fac3bf2  -
524288000 bytes (524 MB) copied, 1.34524 s, 390 MB/s

real	0m1.348s
user	0m1.176s
sys	0m0.304s
500+0 records in
500+0 records out
524288000 bytes (524 MB) copied, 1.30708 s, 401 MB/s
afbad591ee2b70ac94258fbc7fac3bf2  -

real	0m1.310s
user	0m1.170s
sys	0m0.299s
500+0 records in
500+0 records out
524288000 bytes (524 MB) copied, 1.33085 s, 394 MB/s
afbad591ee2b70ac94258fbc7fac3bf2  -

real	0m1.334s
user	0m1.155s
sys	0m0.318s
500+0 records in
500+0 records out
afbad591ee2b70ac94258fbc7fac3bf2  -
524288000 bytes (524 MB) copied, 1.35479 s, 387 MB/s

real	0m1.358s
user	0m1.162s
sys	0m0.315s
500+0 records in
500+0 records out
524288000 bytes (524 MB) copied, 1.29347 s, 405 MB/s
afbad591ee2b70ac94258fbc7fac3bf2  -

real	0m1.296s
user	0m1.176s
sys	0m0.281s
500+0 records in
500+0 records out
afbad591ee2b70ac94258fbc7fac3bf2  -
524288000 bytes (524 MB) copied, 1.33442 s, 393 MB/s

real	0m1.337s
user	0m1.168s
sys	0m0.319s
500+0 records in
500+0 records out
524288000 bytes (524 MB) copied, 1.35689 s, 386 MB/s
afbad591ee2b70ac94258fbc7fac3bf2  -

real	0m1.360s
user	0m1.187s
sys	0m0.292s
500+0 records in
500+0 records out
afbad591ee2b70ac94258fbc7fac3bf2  -
524288000 bytes (524 MB) copied, 1.38643 s, 378 MB/s

real	0m1.389s
user	0m1.162s
sys	0m0.310s
500+0 records in
500+0 records out
afbad591ee2b70ac94258fbc7fac3bf2  -
524288000 bytes (524 MB) copied, 1.2871 s, 407 MB/s

real	0m1.290s
user	0m1.165s
sys	0m0.302s
500+0 records in
500+0 records out
afbad591ee2b70ac94258fbc7fac3bf2  -
524288000 bytes (524 MB) copied, 1.32817 s, 395 MB/s

real	0m1.331s
user	0m1.179s
sys	0m0.290s
500+0 records in
500+0 records out
afbad591ee2b70ac94258fbc7fac3bf2  -
524288000 bytes (524 MB) copied, 1.36043 s, 385 MB/s

real	0m1.363s
user	0m1.176s
sys	0m0.311s
500+0 records in
500+0 records out
afbad591ee2b70ac94258fbc7fac3bf2  -
524288000 bytes (524 MB) copied, 1.35332 s, 387 MB/s

real	0m1.356s
user	0m1.178s
sys	0m0.287s
500+0 records in
500+0 records out
afbad591ee2b70ac94258fbc7fac3bf2  -
524288000 bytes (524 MB) copied, 1.42189 s, 369 MB/s

real	0m1.425s
user	0m1.170s
sys	0m0.303s
500+0 records in
500+0 records out
afbad591ee2b70ac94258fbc7fac3bf2  -
524288000 bytes (524 MB) copied, 1.3556 s, 387 MB/s

real	0m1.358s
user	0m1.166s
sys	0m0.294s
500+0 records in
500+0 records out
524288000 bytes (524 MB) copied, 1.30408 s, 402 MB/s
afbad591ee2b70ac94258fbc7fac3bf2  -

real	0m1.307s
user	0m1.153s
sys	0m0.332s
500+0 records in
500+0 records out
afbad591ee2b70ac94258fbc7fac3bf2  -
524288000 bytes (524 MB) copied, 1.42848 s, 367 MB/s

real	0m1.431s
user	0m1.162s
sys	0m0.310s
500+0 records in
500+0 records out
afbad591ee2b70ac94258fbc7fac3bf2  -
524288000 bytes (524 MB) copied, 1.34871 s, 389 MB/s

real	0m1.351s
user	0m1.178s
sys	0m0.306s
500+0 records in
500+0 records out
afbad591ee2b70ac94258fbc7fac3bf2  -
524288000 bytes (524 MB) copied, 1.36635 s, 384 MB/s

real	0m1.369s
user	0m1.176s
sys	0m0.296s
500+0 records in
500+0 records out
afbad591ee2b70ac94258fbc7fac3bf2  -
524288000 bytes (524 MB) copied, 1.40656 s, 373 MB/s

real	0m1.409s
user	0m1.173s
sys	0m0.297s
500+0 records in
500+0 records out
afbad591ee2b70ac94258fbc7fac3bf2  -
524288000 bytes (524 MB) copied, 1.30068 s, 403 MB/s

real	0m1.304s
user	0m1.171s
sys	0m0.315s
500+0 records in
500+0 records out
afbad591ee2b70ac94258fbc7fac3bf2  -
524288000 bytes (524 MB) copied, 1.31665 s, 398 MB/s

real	0m1.319s
user	0m1.159s
sys	0m0.301s
500+0 records in
500+0 records out
afbad591ee2b70ac94258fbc7fac3bf2  -
524288000 bytes (524 MB) copied, 1.31619 s, 398 MB/s

real	0m1.319s
user	0m1.163s
sys	0m0.299s
500+0 records in
500+0 records out
afbad591ee2b70ac94258fbc7fac3bf2  -
524288000 bytes (524 MB) copied, 1.3216 s, 397 MB/s

real	0m1.324s
user	0m1.168s
sys	0m0.306s
500+0 records in
500+0 records out
afbad591ee2b70ac94258fbc7fac3bf2  -
524288000 bytes (524 MB) copied, 1.4514 s, 361 MB/s

real	0m1.454s
user	0m1.158s
sys	0m0.312s
500+0 records in
500+0 records out
afbad591ee2b70ac94258fbc7fac3bf2  -
524288000 bytes (524 MB) copied, 1.34874 s, 389 MB/s

real	0m1.352s
user	0m1.175s
sys	0m0.307s
500+0 records in
500+0 records out
524288000 bytes (524 MB) copied, 1.37215 s, 382 MB/s
afbad591ee2b70ac94258fbc7fac3bf2  -

real	0m1.375s
user	0m1.189s
sys	0m0.335s
500+0 records in
500+0 records out
afbad591ee2b70ac94258fbc7fac3bf2  -
524288000 bytes (524 MB) copied, 1.42026 s, 369 MB/s

real	0m1.423s
user	0m1.165s
sys	0m0.312s
500+0 records in
500+0 records out
afbad591ee2b70ac94258fbc7fac3bf2  -
524288000 bytes (524 MB) copied, 1.34937 s, 389 MB/s

real	0m1.352s
user	0m1.175s
sys	0m0.307s
500+0 records in
500+0 records out
524288000 bytes (524 MB) copied, 1.31776 s, 398 MB/s
afbad591ee2b70ac94258fbc7fac3bf2  -

real	0m1.321s
user	0m1.154s
sys	0m0.310s
500+0 records in
500+0 records out
afbad591ee2b70ac94258fbc7fac3bf2  -
524288000 bytes (524 MB) copied, 1.35992 s, 386 MB/s

real	0m1.363s
user	0m1.159s
sys	0m0.296s
500+0 records in
500+0 records out
afbad591ee2b70ac94258fbc7fac3bf2  -
524288000 bytes (524 MB) copied, 1.33966 s, 391 MB/s

real	0m1.342s
user	0m1.165s
sys	0m0.308s
500+0 records in
500+0 records out
524288000 bytes (524 MB) copied, 1.40821 s, 372 MB/s
afbad591ee2b70ac94258fbc7fac3bf2  -

real	0m1.411s
user	0m1.178s
sys	0m0.309s
500+0 records in
500+0 records out
afbad591ee2b70ac94258fbc7fac3bf2  -
524288000 bytes (524 MB) copied, 1.44317 s, 363 MB/s

real	0m1.446s
user	0m1.169s
sys	0m0.356s
500+0 records in
500+0 records out
afbad591ee2b70ac94258fbc7fac3bf2  -
524288000 bytes (524 MB) copied, 1.36285 s, 385 MB/s

real	0m1.366s
user	0m1.165s
sys	0m0.350s
500+0 records in
500+0 records out
524288000 bytes (524 MB) copied, 1.32838 s, 395 MB/s
afbad591ee2b70ac94258fbc7fac3bf2  -

real	0m1.331s
user	0m1.157s
sys	0m0.301s
500+0 records in
500+0 records out
524288000 bytes (524 MB) copiedafbad591ee2b70ac94258fbc7fac3bf2  -
, 1.41484 s, 371 MB/s

real	0m1.417s
user	0m1.173s
sys	0m0.289s
500+0 records in
500+0 records out
afbad591ee2b70ac94258fbc7fac3bf2  -
524288000 bytes (524 MB) copied, 1.32679 s, 395 MB/s

real	0m1.330s
user	0m1.172s
sys	0m0.305s
500+0 records in
500+0 records out
afbad591ee2b70ac94258fbc7fac3bf2  -
524288000 bytes (524 MB) copied, 1.3502 s, 388 MB/s

real	0m1.353s
user	0m1.174s
sys	0m0.302s
500+0 records in
500+0 records out
afbad591ee2b70ac94258fbc7fac3bf2  -
524288000 bytes (524 MB) copied, 1.34584 s, 390 MB/s

real	0m1.348s
user	0m1.177s
sys	0m0.298s
500+0 records in
500+0 records out
afbad591ee2b70ac94258fbc7fac3bf2  -
524288000 bytes (524 MB) copied, 1.34695 s, 389 MB/s

real	0m1.350s
user	0m1.170s
sys	0m0.310s
500+0 records in
500+0 records out
afbad591ee2b70ac94258fbc7fac3bf2  -
524288000 bytes (524 MB) copied, 1.36566 s, 384 MB/s

real	0m1.369s
user	0m1.172s
sys	0m0.305s
500+0 records in
500+0 records out
afbad591ee2b70ac94258fbc7fac3bf2  -
524288000 bytes (524 MB) copied, 1.35742 s, 386 MB/s

real	0m1.360s
user	0m1.182s
sys	0m0.299s
500+0 records in
500+0 records out
afbad591ee2b70ac94258fbc7fac3bf2  -
524288000 bytes (524 MB) copied, 1.36374 s, 384 MB/s

real	0m1.366s
user	0m1.174s
sys	0m0.311s
500+0 records in
500+0 records out
afbad591ee2b70ac94258fbc7fac3bf2  -
524288000 bytes (524 MB) copied, 1.39135 s, 377 MB/s

real	0m1.394s
user	0m1.199s
sys	0m0.317s
500+0 records in
500+0 records out
afbad591ee2b70ac94258fbc7fac3bf2  -
524288000 bytes (524 MB) copied, 1.3788 s, 380 MB/s

real	0m1.381s
user	0m1.167s
sys	0m0.334s
500+0 records in
500+0 records out
afbad591ee2b70ac94258fbc7fac3bf2  -
524288000 bytes (524 MB) copied, 1.34071 s, 391 MB/s

real	0m1.343s
user	0m1.165s
sys	0m0.311s
500+0 records in
500+0 records out
afbad591ee2b70ac94258fbc7fac3bf2  -
524288000 bytes (524 MB) copied, 1.36354 s, 385 MB/s

real	0m1.366s
user	0m1.187s
sys	0m0.309s
500+0 records in
500+0 records out
524288000 bytes (524 MB) copied, 1.36586 s, 384 MB/s
afbad591ee2b70ac94258fbc7fac3bf2  -

real	0m1.368s
user	0m1.178s
sys	0m0.283s
500+0 records in
500+0 records out
afbad591ee2b70ac94258fbc7fac3bf2  -
524288000 bytes (524 MB) copied, 1.4782 s, 355 MB/s

real	0m1.481s
user	0m1.163s
sys	0m0.364s
500+0 records in
500+0 records out
afbad591ee2b70ac94258fbc7fac3bf2  -
524288000 bytes (524 MB) copied, 1.45136 s, 361 MB/s

real	0m1.454s
user	0m1.176s
sys	0m0.348s
500+0 records in
500+0 records out
524288000 bytes (524 MB) copied, 1.38082 s, 380 MB/s
afbad591ee2b70ac94258fbc7fac3bf2  -

real	0m1.384s
user	0m1.173s
sys	0m0.358s
500+0 records in
500+0 records out
afbad591ee2b70ac94258fbc7fac3bf2  -
524288000 bytes (524 MB) copied, 1.40115 s, 374 MB/s

real	0m1.404s
user	0m1.159s
sys	0m0.308s
500+0 records in
500+0 records out
524288000 bytes (524 MB) copied, 1.35091 s, 388 MB/s
afbad591ee2b70ac94258fbc7fac3bf2  -

real	0m1.354s
user	0m1.178s
sys	0m0.307s
500+0 records in
500+0 records out
524288000 bytes (524 MB) copied, 1.28544 s, 408 MB/s
afbad591ee2b70ac94258fbc7fac3bf2  -

real	0m1.288s
user	0m1.184s
sys	0m0.294s
500+0 records in
500+0 records out
524288000 bytes (524 MB) copied, 1.33684 s, 392 MB/s
afbad591ee2b70ac94258fbc7fac3bf2  -

real	0m1.340s
user	0m1.173s
sys	0m0.306s
500+0 records in
500+0 records out
afbad591ee2b70ac94258fbc7fac3bf2  -
524288000 bytes (524 MB) copied, 1.41146 s, 371 MB/s

real	0m1.414s
user	0m1.169s
sys	0m0.362s
500+0 records in
500+0 records out
afbad591ee2b70ac94258fbc7fac3bf2  -
524288000 bytes (524 MB) copied, 1.30576 s, 402 MB/s

real	0m1.309s
user	0m1.159s
sys	0m0.304s
500+0 records in
500+0 records out
afbad591ee2b70ac94258fbc7fac3bf2  -
524288000 bytes (524 MB) copied, 1.32113 s, 397 MB/s

real	0m1.324s
user	0m1.183s
sys	0m0.296s
500+0 records in
500+0 records out
afbad591ee2b70ac94258fbc7fac3bf2  -
524288000 bytes (524 MB) copied, 1.39754 s, 375 MB/s

real	0m1.401s
user	0m1.176s
sys	0m0.307s
500+0 records in
500+0 records out
524288000 bytes (524 MB) copied, 1.34324 s, 390 MB/s
afbad591ee2b70ac94258fbc7fac3bf2  -

real	0m1.346s
user	0m1.168s
sys	0m0.301s
500+0 records in
500+0 records out
afbad591ee2b70ac94258fbc7fac3bf2  -
524288000 bytes (524 MB) copied, 1.3965 s, 375 MB/s

real	0m1.399s
user	0m1.167s
sys	0m0.307s
500+0 records in
500+0 records out
afbad591ee2b70ac94258fbc7fac3bf2  -
524288000 bytes (524 MB) copied, 1.32998 s, 394 MB/s

real	0m1.333s
user	0m1.161s
sys	0m0.307s
500+0 records in
500+0 records out
524288000 bytes (524 MB) copied, 1.38005 s, 380 MB/s
afbad591ee2b70ac94258fbc7fac3bf2  -

real	0m1.383s
user	0m1.175s
sys	0m0.294s
500+0 records in
500+0 records out
afbad591ee2b70ac94258fbc7fac3bf2  -
524288000 bytes (524 MB) copied, 1.35604 s, 387 MB/s

real	0m1.359s
user	0m1.164s
sys	0m0.296s
500+0 records in
500+0 records out
afbad591ee2b70ac94258fbc7fac3bf2  -
524288000 bytes (524 MB) copied, 1.37994 s, 380 MB/s

real	0m1.383s
user	0m1.170s
sys	0m0.294s
500+0 records in
500+0 records out
afbad591ee2b70ac94258fbc7fac3bf2  -
524288000 bytes (524 MB) copied, 1.36312 s, 385 MB/s

real	0m1.366s
user	0m1.169s
sys	0m0.335s
500+0 records in
500+0 records out
afbad591ee2b70ac94258fbc7fac3bf2  -
524288000 bytes (524 MB) copied, 1.37216 s, 382 MB/s

real	0m1.375s
user	0m1.169s
sys	0m0.294s
500+0 records in
500+0 records out
afbad591ee2b70ac94258fbc7fac3bf2  -
524288000 bytes (524 MB) copied, 1.35106 s, 388 MB/s

real	0m1.354s
user	0m1.171s
sys	0m0.305s
500+0 records in
500+0 records out
afbad591ee2b70ac94258fbc7fac3bf2  -
524288000 bytes (524 MB) copied, 1.33269 s, 393 MB/s

real	0m1.336s
user	0m1.182s
sys	0m0.304s
500+0 records in
500+0 records out
524288000 bytes (524 MB) copied, 1.40432 s, 373 MB/s
afbad591ee2b70ac94258fbc7fac3bf2  -

real	0m1.407s
user	0m1.170s
sys	0m0.297s
500+0 records in
500+0 records out
afbad591ee2b70ac94258fbc7fac3bf2  -
524288000 bytes (524 MB) copied, 1.36175 s, 385 MB/s

real	0m1.364s
user	0m1.171s
sys	0m0.307s
500+0 records in
500+0 records out
afbad591ee2b70ac94258fbc7fac3bf2  -
524288000 bytes (524 MB) copied, 1.44498 s, 363 MB/s

real	0m1.448s
user	0m1.167s
sys	0m0.297s
500+0 records in
500+0 records out
524288000 bytes (524 MB) copied, 1.33455 s, 393 MB/s
afbad591ee2b70ac94258fbc7fac3bf2  -

real	0m1.337s
user	0m1.174s
sys	0m0.295s
500+0 records in
500+0 records out
afbad591ee2b70ac94258fbc7fac3bf2  -
524288000 bytes (524 MB) copied, 1.33866 s, 392 MB/s

real	0m1.341s
user	0m1.189s
sys	0m0.288s
500+0 records in
500+0 records out
524288000 bytes (524 MB) copied, 1.35432 s, 387 MB/s
afbad591ee2b70ac94258fbc7fac3bf2  -

real	0m1.357s
user	0m1.165s
sys	0m0.309s
500+0 records in
500+0 records out
afbad591ee2b70ac94258fbc7fac3bf2  -
524288000 bytes (524 MB) copied, 1.36181 s, 385 MB/s

real	0m1.365s
user	0m1.173s
sys	0m0.311s
500+0 records in
500+0 records out
afbad591ee2b70ac94258fbc7fac3bf2  -
524288000 bytes (524 MB) copied, 1.32652 s, 395 MB/s

real	0m1.329s
user	0m1.171s
sys	0m0.297s
500+0 records in
500+0 records out
afbad591ee2b70ac94258fbc7fac3bf2  -
524288000 bytes (524 MB) copied, 1.33803 s, 392 MB/s

real	0m1.341s
user	0m1.172s
sys	0m0.303s
500+0 records in
500+0 records out
afbad591ee2b70ac94258fbc7fac3bf2  -
524288000 bytes (524 MB) copied, 1.38429 s, 379 MB/s

real	0m1.387s
user	0m1.170s
sys	0m0.307s
500+0 records in
500+0 records out
524288000 bytes (524 MB) copied, 1.35743 s, 386 MB/s
afbad591ee2b70ac94258fbc7fac3bf2  -

real	0m1.360s
user	0m1.183s
sys	0m0.285s
500+0 records in
500+0 records out
afbad591ee2b70ac94258fbc7fac3bf2  -
524288000 bytes (524 MB) copied, 1.43768 s, 365 MB/s

real	0m1.440s
user	0m1.179s
sys	0m0.349s
500+0 records in
500+0 records out
afbad591ee2b70ac94258fbc7fac3bf2  -
524288000 bytes (524 MB) copied, 1.41438 s, 371 MB/s

real	0m1.417s
user	0m1.174s
sys	0m0.303s
500+0 records in
500+0 records out
524288000 bytes (524 MB) copied, 1.32031 s, 397 MB/s
afbad591ee2b70ac94258fbc7fac3bf2  -

real	0m1.323s
user	0m1.159s
sys	0m0.306s
500+0 records in
500+0 records out
afbad591ee2b70ac94258fbc7fac3bf2  -
524288000 bytes (524 MB) copied, 1.34878 s, 389 MB/s

real	0m1.352s
user	0m1.185s
sys	0m0.279s
500+0 records in
500+0 records out
afbad591ee2b70ac94258fbc7fac3bf2  -
524288000 bytes (524 MB) copied, 1.34799 s, 389 MB/s

real	0m1.351s
user	0m1.175s
sys	0m0.291s
500+0 records in
500+0 records out
afbad591ee2b70ac94258fbc7fac3bf2  -
524288000 bytes (524 MB) copied, 1.3364 s, 392 MB/s

real	0m1.339s
user	0m1.166s
sys	0m0.310s
500+0 records in
500+0 records out
afbad591ee2b70ac94258fbc7fac3bf2  -
524288000 bytes (524 MB) copied, 1.42253 s, 369 MB/s

real	0m1.425s
user	0m1.169s
sys	0m0.314s
500+0 records in
500+0 records out
afbad591ee2b70ac94258fbc7fac3bf2  -
524288000 bytes (524 MB) copied, 1.39069 s, 377 MB/s

real	0m1.393s
user	0m1.176s
sys	0m0.289s
500+0 records in
500+0 records out
afbad591ee2b70ac94258fbc7fac3bf2  -
524288000 bytes (524 MB) copied, 1.43237 s, 366 MB/s

real	0m1.435s
user	0m1.174s
sys	0m0.308s
500+0 records in
500+0 records out
afbad591ee2b70ac94258fbc7fac3bf2  -
524288000 bytes (524 MB) copied, 1.29545 s, 405 MB/s

real	0m1.298s
user	0m1.175s
sys	0m0.297s
500+0 records in
500+0 records out
afbad591ee2b70ac94258fbc7fac3bf2  -
524288000 bytes (524 MB) copied, 1.33259 s, 393 MB/s

real	0m1.335s
user	0m1.160s
sys	0m0.304s
500+0 records in
500+0 records out
afbad591ee2b70ac94258fbc7fac3bf2  -
524288000 bytes (524 MB) copied, 1.34686 s, 389 MB/s

real	0m1.350s
user	0m1.172s
sys	0m0.306s
500+0 records in
500+0 records out
524288000 bytes (524 MB) copied, 1.32444 s, 396 MB/s
afbad591ee2b70ac94258fbc7fac3bf2  -

real	0m1.327s
user	0m1.165s
sys	0m0.296s
500+0 records in
500+0 records out
afbad591ee2b70ac94258fbc7fac3bf2  -
524288000 bytes (524 MB) copied, 1.37317 s, 382 MB/s

real	0m1.376s
user	0m1.171s
sys	0m0.329s
500+0 records in
500+0 records out
524288000 bytes (524 MB) copied, 1.30847 s, 401 MB/s
afbad591ee2b70ac94258fbc7fac3bf2  -

real	0m1.311s
user	0m1.167s
sys	0m0.291s
500+0 records in
500+0 records out
afbad591ee2b70ac94258fbc7fac3bf2  -
524288000 bytes (524 MB) copied, 1.35097 s, 388 MB/s

real	0m1.353s
user	0m1.165s
sys	0m0.309s
500+0 records in
500+0 records out
afbad591ee2b70ac94258fbc7fac3bf2  -
524288000 bytes (524 MB) copied, 1.3741 s, 382 MB/s

real	0m1.377s
user	0m1.174s
sys	0m0.356s
500+0 records in
500+0 records out
afbad591ee2b70ac94258fbc7fac3bf2  -
524288000 bytes (524 MB) copied, 1.40093 s, 374 MB/s

real	0m1.404s
user	0m1.177s
sys	0m0.307s
500+0 records in
500+0 records out
afbad591ee2b70ac94258fbc7fac3bf2  -
524288000 bytes (524 MB) copied, 1.36674 s, 384 MB/s

real	0m1.370s
user	0m1.164s
sys	0m0.312s
500+0 records in
500+0 records out
524288000 bytes (524 MB) copied, 1.34992 s, 388 MB/s
afbad591ee2b70ac94258fbc7fac3bf2  -

real	0m1.353s
user	0m1.169s
sys	0m0.303s
500+0 records in
500+0 records out
afbad591ee2b70ac94258fbc7fac3bf2  -
524288000 bytes (524 MB) copied, 1.42132 s, 369 MB/s

real	0m1.424s
user	0m1.166s
sys	0m0.304s
500+0 records in
500+0 records out
afbad591ee2b70ac94258fbc7fac3bf2  -
524288000 bytes (524 MB) copied, 1.41283 s, 371 MB/s

real	0m1.416s
user	0m1.187s
sys	0m0.361s
500+0 records in
500+0 records out
524288000 bytes (524 MB) copied, 1.31277 s, 399 MB/s
afbad591ee2b70ac94258fbc7fac3bf2  -

real	0m1.316s
user	0m1.166s
sys	0m0.303s
500+0 records in
500+0 records out
524288000 bytes (524 MB) copied, 1.31888 s, 398 MB/s
afbad591ee2b70ac94258fbc7fac3bf2  -

real	0m1.322s
user	0m1.182s
sys	0m0.298s
500+0 records in
500+0 records out
afbad591ee2b70ac94258fbc7fac3bf2  -
524288000 bytes (524 MB) copied, 1.42918 s, 367 MB/s

real	0m1.432s
user	0m1.158s
sys	0m0.394s
500+0 records in
500+0 records out
524288000 bytes (524 MB) copied, 1.35959 s, 386 MB/s
afbad591ee2b70ac94258fbc7fac3bf2  -

real	0m1.363s
user	0m1.175s
sys	0m0.350s
500+0 records in
500+0 records out
afbad591ee2b70ac94258fbc7fac3bf2  -
524288000 bytes (524 MB) copied, 1.40447 s, 373 MB/s

real	0m1.407s
user	0m1.170s
sys	0m0.301s
500+0 records in
500+0 records out
524288000 bytes (524 MB) copied, 1.34678 s, 389 MB/s
afbad591ee2b70ac94258fbc7fac3bf2  -

real	0m1.350s
user	0m1.194s
sys	0m0.331s
500+0 records in
500+0 records out
afbad591ee2b70ac94258fbc7fac3bf2  -
524288000 bytes (524 MB) copied, 1.32873 s, 395 MB/s

real	0m1.331s
user	0m1.176s
sys	0m0.302s
500+0 records in
500+0 records out
afbad591ee2b70ac94258fbc7fac3bf2  -
524288000 bytes (524 MB) copied, 1.33904 s, 392 MB/s

real	0m1.342s
user	0m1.178s
sys	0m0.285s
500+0 records in
500+0 records out
524288000 bytes (524 MB) copied, 1.31178 s, 400 MB/s
afbad591ee2b70ac94258fbc7fac3bf2  -

real	0m1.315s
user	0m1.166s
sys	0m0.320s
500+0 records in
500+0 records out
afbad591ee2b70ac94258fbc7fac3bf2  -
524288000 bytes (524 MB) copied, 1.33578 s, 392 MB/s

real	0m1.339s
user	0m1.186s
sys	0m0.284s
500+0 records in
500+0 records out
524288000 bytes (524 MB) copied, 1.38236 s, 379 MB/s
afbad591ee2b70ac94258fbc7fac3bf2  -

real	0m1.385s
user	0m1.182s
sys	0m0.351s
500+0 records in
500+0 records out
afbad591ee2b70ac94258fbc7fac3bf2  -
524288000 bytes (524 MB) copied, 1.42168 s, 369 MB/s

real	0m1.424s
user	0m1.172s
sys	0m0.311s
500+0 records in
500+0 records out
524288000 bytes (524 MB) copied, 1.32913 s, 394 MB/s
afbad591ee2b70ac94258fbc7fac3bf2  -

real	0m1.332s
user	0m1.167s
sys	0m0.306s
500+0 records in
500+0 records out
afbad591ee2b70ac94258fbc7fac3bf2  -
524288000 bytes (524 MB) copied, 1.41458 s, 371 MB/s

real	0m1.417s
user	0m1.183s
sys	0m0.285s
500+0 records in
500+0 records out
afbad591ee2b70ac94258fbc7fac3bf2  -
524288000 bytes (524 MB) copied, 1.32391 s, 396 MB/s

real	0m1.327s
user	0m1.168s
sys	0m0.310s
500+0 records in
500+0 records out
afbad591ee2b70ac94258fbc7fac3bf2  -
524288000 bytes (524 MB) copied, 1.34854 s, 389 MB/s

real	0m1.351s
user	0m1.181s
sys	0m0.297s
500+0 records in
500+0 records out
afbad591ee2b70ac94258fbc7fac3bf2  -
524288000 bytes (524 MB) copied, 1.36031 s, 385 MB/s

real	0m1.363s
user	0m1.172s
sys	0m0.301s
500+0 records in
500+0 records out
afbad591ee2b70ac94258fbc7fac3bf2  -
524288000 bytes (524 MB) copied, 1.35541 s, 387 MB/s

real	0m1.358s
user	0m1.177s
sys	0m0.297s
500+0 records in
500+0 records out
524288000 bytes (524 MB) copied, 1.31326 s, 399 MB/s
afbad591ee2b70ac94258fbc7fac3bf2  -

real	0m1.316s
user	0m1.179s
sys	0m0.299s
500+0 records in
500+0 records out
afbad591ee2b70ac94258fbc7fac3bf2  -
524288000 bytes (524 MB) copied, 1.35336 s, 387 MB/s

real	0m1.356s
user	0m1.162s
sys	0m0.314s
500+0 records in
500+0 records out
afbad591ee2b70ac94258fbc7fac3bf2  -
524288000 bytes (524 MB) copied, 1.40744 s, 373 MB/s

real	0m1.410s
user	0m1.163s
sys	0m0.313s
500+0 records in
500+0 records out
524288000 bytes (524 MB) copied, 1.31285 s, 399 MB/s
afbad591ee2b70ac94258fbc7fac3bf2  -

real	0m1.316s
user	0m1.189s
sys	0m0.283s
500+0 records in
500+0 records out
524288000 bytes (524 MB) copied, 1.35325 s, 387 MB/s
afbad591ee2b70ac94258fbc7fac3bf2  -

real	0m1.356s
user	0m1.181s
sys	0m0.303s
500+0 records in
500+0 records out
afbad591ee2b70ac94258fbc7fac3bf2  -
524288000 bytes (524 MB) copied, 1.40819 s, 372 MB/s

real	0m1.411s
user	0m1.162s
sys	0m0.309s
500+0 records in
500+0 records out
afbad591ee2b70ac94258fbc7fac3bf2  -
524288000 bytes (524 MB) copied, 1.45319 s, 361 MB/s

real	0m1.456s
user	0m1.191s
sys	0m0.292s
500+0 records in
500+0 records out
afbad591ee2b70ac94258fbc7fac3bf2  -
524288000 bytes (524 MB) copied, 1.3392 s, 391 MB/s

real	0m1.342s
user	0m1.167s
sys	0m0.305s
500+0 records in
500+0 records out
afbad591ee2b70ac94258fbc7fac3bf2  -
524288000 bytes (524 MB) copied, 1.35539 s, 387 MB/s

real	0m1.358s
user	0m1.159s
sys	0m0.339s
500+0 records in
500+0 records out
afbad591ee2b70ac94258fbc7fac3bf2  -
524288000 bytes (524 MB) copied, 1.4056 s, 373 MB/s

real	0m1.408s
user	0m1.164s
sys	0m0.333s
500+0 records in
500+0 records out
afbad591ee2b70ac94258fbc7fac3bf2  -
524288000 bytes (524 MB) copied, 1.36331 s, 385 MB/s

real	0m1.366s
user	0m1.163s
sys	0m0.295s
500+0 records in
500+0 records out
afbad591ee2b70ac94258fbc7fac3bf2  -
524288000 bytes (524 MB) copied, 1.37943 s, 380 MB/s

real	0m1.382s
user	0m1.169s
sys	0m0.316s
500+0 records in
500+0 records out
afbad591ee2b70ac94258fbc7fac3bf2  -
524288000 bytes (524 MB) copied, 1.41457 s, 371 MB/s

real	0m1.417s
user	0m1.174s
sys	0m0.302s
500+0 records in
500+0 records out
afbad591ee2b70ac94258fbc7fac3bf2  -
524288000 bytes (524 MB) copied, 1.40847 s, 372 MB/s

real	0m1.411s
user	0m1.167s
sys	0m0.332s
500+0 records in
500+0 records out
524288000 bytes (524 MB) copied, 1.38237 s, 379 MB/s
afbad591ee2b70ac94258fbc7fac3bf2  -

real	0m1.385s
user	0m1.176s
sys	0m0.288s
500+0 records in
500+0 records out
afbad591ee2b70ac94258fbc7fac3bf2  -
524288000 bytes (524 MB) copied, 1.36018 s, 385 MB/s

real	0m1.363s
user	0m1.174s
sys	0m0.306s
500+0 records in
500+0 records out
afbad591ee2b70ac94258fbc7fac3bf2  -
524288000 bytes (524 MB) copied, 1.39922 s, 375 MB/s

real	0m1.402s
user	0m1.184s
sys	0m0.290s
500+0 records in
500+0 records out
afbad591ee2b70ac94258fbc7fac3bf2  -
524288000 bytes (524 MB) copied, 1.37259 s, 382 MB/s

real	0m1.376s
user	0m1.172s
sys	0m0.324s
500+0 records in
500+0 records out
afbad591ee2b70ac94258fbc7fac3bf2  -
524288000 bytes (524 MB) copied, 1.36074 s, 385 MB/s

real	0m1.363s
user	0m1.178s
sys	0m0.294s
500+0 records in
500+0 records out
524288000 bytes (524 MB) copied, 1.38292 s, 379 MB/s
afbad591ee2b70ac94258fbc7fac3bf2  -

real	0m1.386s
user	0m1.164s
sys	0m0.316s
500+0 records in
500+0 records out
afbad591ee2b70ac94258fbc7fac3bf2  -
524288000 bytes (524 MB) copied, 1.40171 s, 374 MB/s

real	0m1.406s
user	0m1.173s
sys	0m0.295s
500+0 records in
500+0 records out
afbad591ee2b70ac94258fbc7fac3bf2  -
524288000 bytes (524 MB) copied, 1.36041 s, 385 MB/s

real	0m1.363s
user	0m1.168s
sys	0m0.309s
500+0 records in
500+0 records out
524288000 bytes (524 MB) copied, 1.29694 s, 404 MB/s
afbad591ee2b70ac94258fbc7fac3bf2  -

real	0m1.300s
user	0m1.187s
sys	0m0.286s
500+0 records in
500+0 records out
afbad591ee2b70ac94258fbc7fac3bf2  -
524288000 bytes (524 MB) copied, 1.31184 s, 400 MB/s

real	0m1.315s
user	0m1.164s
sys	0m0.323s
500+0 records in
500+0 records out
524288000 bytes (524 MB) copied, 1.31113 s, 400 MB/s
afbad591ee2b70ac94258fbc7fac3bf2  -

real	0m1.314s
user	0m1.174s
sys	0m0.299s
500+0 records in
500+0 records out
afbad591ee2b70ac94258fbc7fac3bf2  -
524288000 bytes (524 MB) copied, 1.36657 s, 384 MB/s

real	0m1.369s
user	0m1.171s
sys	0m0.359s
500+0 records in
500+0 records out
afbad591ee2b70ac94258fbc7fac3bf2  -
524288000 bytes (524 MB) copied, 1.33317 s, 393 MB/s

real	0m1.336s
user	0m1.173s
sys	0m0.303s
500+0 records in
500+0 records out
524288000 bytes (524 MB) copied, 1.30625 s, 401 MB/s
afbad591ee2b70ac94258fbc7fac3bf2  -

real	0m1.309s
user	0m1.170s
sys	0m0.299s
500+0 records in
500+0 records out
afbad591ee2b70ac94258fbc7fac3bf2  -
524288000 bytes (524 MB) copied, 1.30778 s, 401 MB/s

real	0m1.310s
user	0m1.177s
sys	0m0.291s
500+0 records in
500+0 records out
afbad591ee2b70ac94258fbc7fac3bf2  -
524288000 bytes (524 MB) copied, 1.29731 s, 404 MB/s

real	0m1.300s
user	0m1.171s
sys	0m0.307s
500+0 records in
500+0 records out
afbad591ee2b70ac94258fbc7fac3bf2  -
524288000 bytes (524 MB) copied, 1.32047 s, 397 MB/s

real	0m1.323s
user	0m1.164s
sys	0m0.311s
500+0 records in
500+0 records out
afbad591ee2b70ac94258fbc7fac3bf2  -
524288000 bytes (524 MB) copied, 1.36165 s, 385 MB/s

real	0m1.365s
user	0m1.179s
sys	0m0.303s
500+0 records in
500+0 records out
afbad591ee2b70ac94258fbc7fac3bf2  -
524288000 bytes (524 MB) copied, 1.34432 s, 390 MB/s

real	0m1.347s
user	0m1.167s
sys	0m0.303s
500+0 records in
500+0 records out
524288000 bytes (524 MB) copied, 1.2954 s, 405 MB/s
afbad591ee2b70ac94258fbc7fac3bf2  -

real	0m1.298s
user	0m1.164s
sys	0m0.312s
500+0 records in
500+0 records out
524288000 bytes (524 MB) copied, 1.28873 s, 407 MB/s
afbad591ee2b70ac94258fbc7fac3bf2  -

real	0m1.292s
user	0m1.158s
sys	0m0.317s
500+0 records in
500+0 records out
afbad591ee2b70ac94258fbc7fac3bf2  -
524288000 bytes (524 MB) copied, 1.3317 s, 394 MB/s

real	0m1.334s
user	0m1.172s
sys	0m0.305s
500+0 records in
500+0 records out
524288000 bytes (524 MB) copied, 1.25846 s, 417 MB/s
afbad591ee2b70ac94258fbc7fac3bf2  -

real	0m1.261s
user	0m1.159s
sys	0m0.314s
500+0 records in
500+0 records out
afbad591ee2b70ac94258fbc7fac3bf2  -
524288000 bytes (524 MB) copied, 1.31963 s, 397 MB/s

real	0m1.322s
user	0m1.182s
sys	0m0.305s
500+0 records in
500+0 records out
afbad591ee2b70ac94258fbc7fac3bf2  -
524288000 bytes (524 MB) copied, 1.44522 s, 363 MB/s

real	0m1.448s
user	0m1.164s
sys	0m0.367s
500+0 records in
500+0 records out
524288000 bytes (524 MB) copied, 1.27658 s, 411 MB/s
afbad591ee2b70ac94258fbc7fac3bf2  -

real	0m1.280s
user	0m1.167s
sys	0m0.318s
500+0 records in
500+0 records out
afbad591ee2b70ac94258fbc7fac3bf2  -
524288000 bytes (524 MB) copied, 1.37824 s, 380 MB/s

real	0m1.381s
user	0m1.177s
sys	0m0.299s
500+0 records in
500+0 records out
afbad591ee2b70ac94258fbc7fac3bf2  -
524288000 bytes (524 MB) copied, 1.34825 s, 389 MB/s

real	0m1.351s
user	0m1.182s
sys	0m0.299s
500+0 records in
500+0 records out
524288000 bytes (524 MB) copied, 1.31322 s, 399 MB/s
afbad591ee2b70ac94258fbc7fac3bf2  -

real	0m1.316s
user	0m1.175s
sys	0m0.295s
500+0 records in
500+0 records out
afbad591ee2b70ac94258fbc7fac3bf2  -
524288000 bytes (524 MB) copied, 1.36652 s, 384 MB/s

real	0m1.369s
user	0m1.174s
sys	0m0.306s
500+0 records in
500+0 records out
afbad591ee2b70ac94258fbc7fac3bf2  -
524288000 bytes (524 MB) copied, 1.42936 s, 367 MB/s

real	0m1.432s
user	0m1.169s
sys	0m0.296s
500+0 records in
500+0 records out
524288000 bytes (524 MB) copied, 1.3284 s, 395 MB/s
afbad591ee2b70ac94258fbc7fac3bf2  -

real	0m1.331s
user	0m1.163s
sys	0m0.300s
500+0 records in
500+0 records out
afbad591ee2b70ac94258fbc7fac3bf2  -
524288000 bytes (524 MB) copied, 1.36897 s, 383 MB/s

real	0m1.372s
user	0m1.163s
sys	0m0.298s
500+0 records in
500+0 records out
afbad591ee2b70ac94258fbc7fac3bf2  -
524288000 bytes (524 MB) copied, 1.36672 s, 384 MB/s

real	0m1.370s
user	0m1.177s
sys	0m0.309s
500+0 records in
500+0 records out
524288000 bytes (524 MB) copied, 1.30465 s, 402 MB/s
afbad591ee2b70ac94258fbc7fac3bf2  -

real	0m1.308s
user	0m1.168s
sys	0m0.307s
500+0 records in
500+0 records out
afbad591ee2b70ac94258fbc7fac3bf2  -
524288000 bytes (524 MB) copied, 1.33657 s, 392 MB/s

real	0m1.339s
user	0m1.175s
sys	0m0.295s
500+0 records in
500+0 records out
afbad591ee2b70ac94258fbc7fac3bf2  -
524288000 bytes (524 MB) copied, 1.34313 s, 390 MB/s

real	0m1.346s
user	0m1.158s
sys	0m0.322s
500+0 records in
500+0 records out
afbad591ee2b70ac94258fbc7fac3bf2  -
524288000 bytes (524 MB) copied, 1.37996 s, 380 MB/s

real	0m1.383s
user	0m1.161s
sys	0m0.305s
500+0 records in
500+0 records out
524288000 bytes (524 MB) copied, 1.31696 s, 398 MB/s
afbad591ee2b70ac94258fbc7fac3bf2  -

real	0m1.320s
user	0m1.163s
sys	0m0.319s
500+0 records in
500+0 records out
afbad591ee2b70ac94258fbc7fac3bf2  -
524288000 bytes (524 MB) copied, 1.40094 s, 374 MB/s

real	0m1.404s
user	0m1.178s
sys	0m0.291s
500+0 records in
500+0 records out
524288000 bytes (524 MB) copied, 1.36757 s, 383 MB/s
afbad591ee2b70ac94258fbc7fac3bf2  -

real	0m1.370s
user	0m1.175s
sys	0m0.305s
500+0 records in
500+0 records out
afbad591ee2b70ac94258fbc7fac3bf2  -
524288000 bytes (524 MB) copied, 1.32038 s, 397 MB/s

real	0m1.323s
user	0m1.181s
sys	0m0.286s
500+0 records in
500+0 records out
afbad591ee2b70ac94258fbc7fac3bf2  -
524288000 bytes (524 MB) copied, 1.3759 s, 381 MB/s

real	0m1.379s
user	0m1.171s
sys	0m0.295s
500+0 records in
500+0 records out
afbad591ee2b70ac94258fbc7fac3bf2  -
524288000 bytes (524 MB) copied, 1.34355 s, 390 MB/s

real	0m1.347s
user	0m1.168s
sys	0m0.302s
500+0 records in
500+0 records out
afbad591ee2b70ac94258fbc7fac3bf2  -
524288000 bytes (524 MB) copied, 1.41203 s, 371 MB/s

real	0m1.415s
user	0m1.160s
sys	0m0.308s
500+0 records in
500+0 records out
afbad591ee2b70ac94258fbc7fac3bf2  -
524288000 bytes (524 MB) copied, 1.38899 s, 377 MB/s

real	0m1.392s
user	0m1.180s
sys	0m0.306s
500+0 records in
500+0 records out
afbad591ee2b70ac94258fbc7fac3bf2  -
524288000 bytes (524 MB) copied, 1.37089 s, 382 MB/s

real	0m1.374s
user	0m1.168s
sys	0m0.297s
500+0 records in
500+0 records out
afbad591ee2b70ac94258fbc7fac3bf2  -
524288000 bytes (524 MB) copied, 1.36143 s, 385 MB/s

real	0m1.364s
user	0m1.179s
sys	0m0.324s
500+0 records in
500+0 records out
afbad591ee2b70ac94258fbc7fac3bf2  -
524288000 bytes (524 MB) copied, 1.31491 s, 399 MB/s

real	0m1.318s
user	0m1.157s
sys	0m0.310s
500+0 records in
500+0 records out
afbad591ee2b70ac94258fbc7fac3bf2  -
524288000 bytes (524 MB) copied, 1.35498 s, 387 MB/s

real	0m1.358s
user	0m1.173s
sys	0m0.304s
500+0 records in
500+0 records out
afbad591ee2b70ac94258fbc7fac3bf2  -
524288000 bytes (524 MB) copied, 1.35694 s, 386 MB/s

real	0m1.360s
user	0m1.171s
sys	0m0.299s
500+0 records in
500+0 records out
524288000 bytes (524 MB) copied, 1.4621 s, 359 MB/s
afbad591ee2b70ac94258fbc7fac3bf2  -

real	0m1.465s
user	0m1.182s
sys	0m0.293s
500+0 records in
500+0 records out
afbad591ee2b70ac94258fbc7fac3bf2  -
524288000 bytes (524 MB) copied, 1.46904 s, 357 MB/s

real	0m1.472s
user	0m1.156s
sys	0m0.330s
500+0 records in
500+0 records out
afbad591ee2b70ac94258fbc7fac3bf2  -
524288000 bytes (524 MB) copied, 1.42664 s, 367 MB/s

real	0m1.430s
user	0m1.165s
sys	0m0.317s
500+0 records in
500+0 records out
afbad591ee2b70ac94258fbc7fac3bf2  -
524288000 bytes (524 MB) copied, 1.44781 s, 362 MB/s

real	0m1.451s
user	0m1.175s
sys	0m0.357s
500+0 records in
500+0 records out
afbad591ee2b70ac94258fbc7fac3bf2  -
524288000 bytes (524 MB) copied, 1.32743 s, 395 MB/s

real	0m1.330s
user	0m1.169s
sys	0m0.315s
500+0 records in
500+0 records out
afbad591ee2b70ac94258fbc7fac3bf2  -
524288000 bytes (524 MB) copied, 1.34785 s, 389 MB/s

real	0m1.351s
user	0m1.158s
sys	0m0.316s
500+0 records in
500+0 records out
afbad591ee2b70ac94258fbc7fac3bf2  -
524288000 bytes (524 MB) copied, 1.37716 s, 381 MB/s

real	0m1.380s
user	0m1.184s
sys	0m0.286s
500+0 records in
500+0 records out
afbad591ee2b70ac94258fbc7fac3bf2  -
524288000 bytes (524 MB) copied, 1.34539 s, 390 MB/s

real	0m1.348s
user	0m1.181s
sys	0m0.290s
500+0 records in
500+0 records out
afbad591ee2b70ac94258fbc7fac3bf2  -
524288000 bytes (524 MB) copied, 1.33596 s, 392 MB/s

real	0m1.339s
user	0m1.187s
sys	0m0.281s
500+0 records in
500+0 records out
524288000 bytes (524 MB) copied, 1.28733 s, 407 MB/s
afbad591ee2b70ac94258fbc7fac3bf2  -

real	0m1.290s
user	0m1.180s
sys	0m0.298s
