2000+0 records in
2000+0 records out
0dd74775419ada42017a0fdf21eccf94  -
2097152000 bytes (2.1 GB) copied, 5.12099 s, 410 MB/s

real	0m5.124s
user	0m4.690s
sys	0m1.195s
2000+0 records in
2000+0 records out
0dd74775419ada42017a0fdf21eccf94  -
2097152000 bytes (2.1 GB) copied, 5.33037 s, 393 MB/s

real	0m5.333s
user	0m4.670s
sys	0m1.216s
2000+0 records in
2000+0 records out
0dd74775419ada42017a0fdf21eccf94  -
2097152000 bytes (2.1 GB) copied, 5.32513 s, 394 MB/s

real	0m5.328s
user	0m4.675s
sys	0m1.201s
2000+0 records in
2000+0 records out
0dd74775419ada42017a0fdf21eccf94  -
2097152000 bytes (2.1 GB) copied, 5.13604 s, 408 MB/s

real	0m5.139s
user	0m4.681s
sys	0m1.166s
2000+0 records in
2000+0 records out
2097152000 bytes (2.1 GB) copied, 5.11688 s, 410 MB/s
0dd74775419ada42017a0fdf21eccf94  -

real	0m5.120s
user	0m4.676s
sys	0m1.212s
2000+0 records in
2000+0 records out
0dd74775419ada42017a0fdf21eccf94  -
2097152000 bytes (2.1 GB) copied, 5.15739 s, 407 MB/s

real	0m5.160s
user	0m4.641s
sys	0m1.217s
2000+0 records in
2000+0 records out
0dd74775419ada42017a0fdf21eccf94  -
2097152000 bytes (2.1 GB) copied, 5.19985 s, 403 MB/s

real	0m5.203s
user	0m4.685s
sys	0m1.221s
2000+0 records in
2000+0 records out
0dd74775419ada42017a0fdf21eccf94  -
2097152000 bytes (2.1 GB) copied, 5.23444 s, 401 MB/s

real	0m5.237s
user	0m4.684s
sys	0m1.222s
2000+0 records in
2000+0 records out
0dd74775419ada42017a0fdf21eccf94  -
2097152000 bytes (2.1 GB) copied, 5.1393 s, 408 MB/s

real	0m5.142s
user	0m4.642s
sys	0m1.241s
2000+0 records in
2000+0 records out
2097152000 bytes (2.1 GB) copied, 5.10128 s, 411 MB/s
0dd74775419ada42017a0fdf21eccf94  -

real	0m5.104s
user	0m4.711s
sys	0m1.173s
2000+0 records in
2000+0 records out
0dd74775419ada42017a0fdf21eccf94  -
2097152000 bytes (2.1 GB) copied, 5.10808 s, 411 MB/s

real	0m5.110s
user	0m4.675s
sys	0m1.191s
2000+0 records in
2000+0 records out
0dd74775419ada42017a0fdf21eccf94  -
2097152000 bytes (2.1 GB) copied, 5.21599 s, 402 MB/s

real	0m5.219s
user	0m4.668s
sys	0m1.210s
2000+0 records in
2000+0 records out
0dd74775419ada42017a0fdf21eccf94  -
2097152000 bytes (2.1 GB) copied, 5.13989 s, 408 MB/s

real	0m5.143s
user	0m4.682s
sys	0m1.191s
2000+0 records in
2000+0 records out
0dd74775419ada42017a0fdf21eccf94  -
2097152000 bytes (2.1 GB) copied, 5.21415 s, 402 MB/s

real	0m5.217s
user	0m4.675s
sys	0m1.196s
2000+0 records in
2000+0 records out
2097152000 bytes (2.1 GB) copied, 5.19659 s, 404 MB/s
0dd74775419ada42017a0fdf21eccf94  -

real	0m5.199s
user	0m4.693s
sys	0m1.153s
2000+0 records in
2000+0 records out
0dd74775419ada42017a0fdf21eccf94  -
2097152000 bytes (2.1 GB) copied, 5.16382 s, 406 MB/s

real	0m5.166s
user	0m4.678s
sys	0m1.183s
2000+0 records in
2000+0 records out
0dd74775419ada42017a0fdf21eccf94  -
2097152000 bytes (2.1 GB) copied, 5.1702 s, 406 MB/s

real	0m5.173s
user	0m4.690s
sys	0m1.182s
2000+0 records in
2000+0 records out
0dd74775419ada42017a0fdf21eccf94  -
2097152000 bytes (2.1 GB) copied, 5.23208 s, 401 MB/s

real	0m5.235s
user	0m4.683s
sys	0m1.183s
2000+0 records in
2000+0 records out
0dd74775419ada42017a0fdf21eccf94  -
2097152000 bytes (2.1 GB) copied, 5.1298 s, 409 MB/s

real	0m5.133s
user	0m4.663s
sys	0m1.209s
2000+0 records in
2000+0 records out
2097152000 bytes (2.1 GB) copied, 5.10713 s, 411 MB/s
0dd74775419ada42017a0fdf21eccf94  -

real	0m5.110s
user	0m4.674s
sys	0m1.194s
2000+0 records in
2000+0 records out
0dd74775419ada42017a0fdf21eccf94  -
2097152000 bytes (2.1 GB) copied, 5.17028 s, 406 MB/s

real	0m5.173s
user	0m4.667s
sys	0m1.215s
2000+0 records in
2000+0 records out
0dd74775419ada42017a0fdf21eccf94  -
2097152000 bytes (2.1 GB) copied, 5.12267 s, 409 MB/s

real	0m5.125s
user	0m4.664s
sys	0m1.206s
2000+0 records in
2000+0 records out
0dd74775419ada42017a0fdf21eccf94  -
2097152000 bytes (2.1 GB) copied, 5.25051 s, 399 MB/s

real	0m5.253s
user	0m4.682s
sys	0m1.198s
2000+0 records in
2000+0 records out
0dd74775419ada42017a0fdf21eccf94  -
2097152000 bytes (2.1 GB) copied, 5.17401 s, 405 MB/s

real	0m5.177s
user	0m4.687s
sys	0m1.175s
2000+0 records in
2000+0 records out
2097152000 bytes (2.1 GB) copied, 5.10765 s, 411 MB/s
0dd74775419ada42017a0fdf21eccf94  -

real	0m5.111s
user	0m4.692s
sys	0m1.189s
2000+0 records in
2000+0 records out
0dd74775419ada42017a0fdf21eccf94  -
2097152000 bytes (2.1 GB) copied, 5.11022 s, 410 MB/s

real	0m5.113s
user	0m4.693s
sys	0m1.180s
2000+0 records in
2000+0 records out
0dd74775419ada42017a0fdf21eccf94  -
2097152000 bytes (2.1 GB) copied, 5.11186 s, 410 MB/s

real	0m5.114s
user	0m4.689s
sys	0m1.178s
2000+0 records in
2000+0 records out
0dd74775419ada42017a0fdf21eccf94  -
2097152000 bytes (2.1 GB) copied, 5.20776 s, 403 MB/s

real	0m5.210s
user	0m4.668s
sys	0m1.193s
2000+0 records in
2000+0 records out
0dd74775419ada42017a0fdf21eccf94  -
2097152000 bytes (2.1 GB) copied, 5.12775 s, 409 MB/s

real	0m5.131s
user	0m4.672s
sys	0m1.208s
2000+0 records in
2000+0 records out
2097152000 bytes (2.1 GB) copied, 5.1689 s, 406 MB/s
0dd74775419ada42017a0fdf21eccf94  -

real	0m5.172s
user	0m4.697s
sys	0m1.180s
2000+0 records in
2000+0 records out
0dd74775419ada42017a0fdf21eccf94  -
2097152000 bytes (2.1 GB) copied, 5.1543 s, 407 MB/s

real	0m5.157s
user	0m4.658s
sys	0m1.226s
2000+0 records in
2000+0 records out
0dd74775419ada42017a0fdf21eccf94  -
2097152000 bytes (2.1 GB) copied, 5.14329 s, 408 MB/s

real	0m5.146s
user	0m4.687s
sys	0m1.194s
2000+0 records in
2000+0 records out
0dd74775419ada42017a0fdf21eccf94  -
2097152000 bytes (2.1 GB) copied, 5.12732 s, 409 MB/s

real	0m5.130s
user	0m4.693s
sys	0m1.177s
2000+0 records in
2000+0 records out
0dd74775419ada42017a0fdf21eccf94  -
2097152000 bytes (2.1 GB) copied, 5.17889 s, 405 MB/s

real	0m5.182s
user	0m4.700s
sys	0m1.199s
2000+0 records in
2000+0 records out
2097152000 bytes (2.1 GB) copied, 5.10519 s, 411 MB/s
0dd74775419ada42017a0fdf21eccf94  -

real	0m5.108s
user	0m4.656s
sys	0m1.225s
2000+0 records in
2000+0 records out
0dd74775419ada42017a0fdf21eccf94  -
2097152000 bytes (2.1 GB) copied, 5.14522 s, 408 MB/s

real	0m5.148s
user	0m4.669s
sys	0m1.204s
2000+0 records in
2000+0 records out
0dd74775419ada42017a0fdf21eccf94  -
2097152000 bytes (2.1 GB) copied, 5.23063 s, 401 MB/s

real	0m5.234s
user	0m4.700s
sys	0m1.257s
2000+0 records in
2000+0 records out
0dd74775419ada42017a0fdf21eccf94  -
2097152000 bytes (2.1 GB) copied, 5.20473 s, 403 MB/s

real	0m5.208s
user	0m4.700s
sys	0m1.149s
2000+0 records in
2000+0 records out
0dd74775419ada42017a0fdf21eccf94  -
2097152000 bytes (2.1 GB) copied, 5.11902 s, 410 MB/s

real	0m5.122s
user	0m4.668s
sys	0m1.227s
2000+0 records in
2000+0 records out
2097152000 bytes (2.1 GB) copied, 5.10709 s, 411 MB/s
0dd74775419ada42017a0fdf21eccf94  -

real	0m5.110s
user	0m4.702s
sys	0m1.151s
2000+0 records in
2000+0 records out
0dd74775419ada42017a0fdf21eccf94  -
2097152000 bytes (2.1 GB) copied, 5.13184 s, 409 MB/s

real	0m5.134s
user	0m4.666s
sys	0m1.213s
2000+0 records in
2000+0 records out
0dd74775419ada42017a0fdf21eccf94  -
2097152000 bytes (2.1 GB) copied, 5.15829 s, 407 MB/s

real	0m5.161s
user	0m4.677s
sys	0m1.200s
2000+0 records in
2000+0 records out
0dd74775419ada42017a0fdf21eccf94  -
2097152000 bytes (2.1 GB) copied, 5.13385 s, 408 MB/s

real	0m5.137s
user	0m4.696s
sys	0m1.138s
2000+0 records in
2000+0 records out
0dd74775419ada42017a0fdf21eccf94  -
2097152000 bytes (2.1 GB) copied, 5.13036 s, 409 MB/s

real	0m5.133s
user	0m4.687s
sys	0m1.184s
2000+0 records in
2000+0 records out
2097152000 bytes (2.1 GB) copied, 5.09622 s, 412 MB/s
0dd74775419ada42017a0fdf21eccf94  -

real	0m5.099s
user	0m4.705s
sys	0m1.186s
2000+0 records in
2000+0 records out
0dd74775419ada42017a0fdf21eccf94  -
2097152000 bytes (2.1 GB) copied, 5.1363 s, 408 MB/s

real	0m5.139s
user	0m4.693s
sys	0m1.180s
2000+0 records in
2000+0 records out
0dd74775419ada42017a0fdf21eccf94  -
2097152000 bytes (2.1 GB) copied, 5.19398 s, 404 MB/s

real	0m5.197s
user	0m4.661s
sys	0m1.290s
2000+0 records in
2000+0 records out
0dd74775419ada42017a0fdf21eccf94  -
2097152000 bytes (2.1 GB) copied, 5.3157 s, 395 MB/s

real	0m5.319s
user	0m4.730s
sys	0m1.302s
2000+0 records in
2000+0 records out
0dd74775419ada42017a0fdf21eccf94  -
2097152000 bytes (2.1 GB) copied, 5.13075 s, 409 MB/s

real	0m5.134s
user	0m4.683s
sys	0m1.144s
2000+0 records in
2000+0 records out
2097152000 bytes (2.1 GB) copied, 5.11394 s, 410 MB/s
0dd74775419ada42017a0fdf21eccf94  -

real	0m5.117s
user	0m4.665s
sys	0m1.215s
2000+0 records in
2000+0 records out
0dd74775419ada42017a0fdf21eccf94  -
2097152000 bytes (2.1 GB) copied, 5.1706 s, 406 MB/s

real	0m5.173s
user	0m4.691s
sys	0m1.189s
2000+0 records in
2000+0 records out
0dd74775419ada42017a0fdf21eccf94  -
2097152000 bytes (2.1 GB) copied, 5.1649 s, 406 MB/s

real	0m5.168s
user	0m4.667s
sys	0m1.182s
2000+0 records in
2000+0 records out
0dd74775419ada42017a0fdf21eccf94  -
2097152000 bytes (2.1 GB) copied, 5.22397 s, 401 MB/s

real	0m5.227s
user	0m4.678s
sys	0m1.210s
2000+0 records in
2000+0 records out
0dd74775419ada42017a0fdf21eccf94  -
2097152000 bytes (2.1 GB) copied, 5.1326 s, 409 MB/s

real	0m5.135s
user	0m4.697s
sys	0m1.177s
2000+0 records in
2000+0 records out
2097152000 bytes (2.1 GB) copied, 5.10755 s, 411 MB/s
0dd74775419ada42017a0fdf21eccf94  -

real	0m5.110s
user	0m4.677s
sys	0m1.196s
2000+0 records in
2000+0 records out
0dd74775419ada42017a0fdf21eccf94  -
2097152000 bytes (2.1 GB) copied, 5.24847 s, 400 MB/s

real	0m5.251s
user	0m4.653s
sys	0m1.307s
2000+0 records in
2000+0 records out
0dd74775419ada42017a0fdf21eccf94  -
2097152000 bytes (2.1 GB) copied, 5.19775 s, 403 MB/s

real	0m5.201s
user	0m4.704s
sys	0m1.195s
2000+0 records in
2000+0 records out
0dd74775419ada42017a0fdf21eccf94  -
2097152000 bytes (2.1 GB) copied, 5.15753 s, 407 MB/s

real	0m5.160s
user	0m4.674s
sys	0m1.202s
2000+0 records in
2000+0 records out
0dd74775419ada42017a0fdf21eccf94  -
2097152000 bytes (2.1 GB) copied, 5.22458 s, 401 MB/s

real	0m5.228s
user	0m4.687s
sys	0m1.188s
2000+0 records in
2000+0 records out
2097152000 bytes (2.1 GB) copied, 5.15366 s, 407 MB/s
0dd74775419ada42017a0fdf21eccf94  -

real	0m5.156s
user	0m4.663s
sys	0m1.215s
2000+0 records in
2000+0 records out
0dd74775419ada42017a0fdf21eccf94  -
2097152000 bytes (2.1 GB) copied, 5.22362 s, 401 MB/s

real	0m5.226s
user	0m4.667s
sys	0m1.331s
2000+0 records in
2000+0 records out
0dd74775419ada42017a0fdf21eccf94  -
2097152000 bytes (2.1 GB) copied, 5.13507 s, 408 MB/s

real	0m5.138s
user	0m4.702s
sys	0m1.183s
2000+0 records in
2000+0 records out
0dd74775419ada42017a0fdf21eccf94  -
2097152000 bytes (2.1 GB) copied, 5.13121 s, 409 MB/s

real	0m5.134s
user	0m4.683s
sys	0m1.195s
2000+0 records in
2000+0 records out
0dd74775419ada42017a0fdf21eccf94  -
2097152000 bytes (2.1 GB) copied, 5.15374 s, 407 MB/s

real	0m5.157s
user	0m4.660s
sys	0m1.270s
2000+0 records in
2000+0 records out
2097152000 bytes (2.1 GB) copied, 5.14965 s, 407 MB/s
0dd74775419ada42017a0fdf21eccf94  -

real	0m5.152s
user	0m4.689s
sys	0m1.188s
2000+0 records in
2000+0 records out
0dd74775419ada42017a0fdf21eccf94  -
2097152000 bytes (2.1 GB) copied, 5.17777 s, 405 MB/s

real	0m5.180s
user	0m4.669s
sys	0m1.215s
2000+0 records in
2000+0 records out
0dd74775419ada42017a0fdf21eccf94  -
2097152000 bytes (2.1 GB) copied, 5.12601 s, 409 MB/s

real	0m5.129s
user	0m4.711s
sys	0m1.161s
2000+0 records in
2000+0 records out
0dd74775419ada42017a0fdf21eccf94  -
2097152000 bytes (2.1 GB) copied, 5.13893 s, 408 MB/s

real	0m5.142s
user	0m4.669s
sys	0m1.217s
2000+0 records in
2000+0 records out
0dd74775419ada42017a0fdf21eccf94  -
2097152000 bytes (2.1 GB) copied, 5.19563 s, 404 MB/s

real	0m5.199s
user	0m4.698s
sys	0m1.215s
2000+0 records in
2000+0 records out
2097152000 bytes (2.1 GB) copied, 5.14629 s, 408 MB/s
0dd74775419ada42017a0fdf21eccf94  -

real	0m5.149s
user	0m4.695s
sys	0m1.179s
2000+0 records in
2000+0 records out
2097152000 bytes (2.1 GB) copied0dd74775419ada42017a0fdf21eccf94  -
, 5.1249 s, 409 MB/s

real	0m5.127s
user	0m4.675s
sys	0m1.197s
2000+0 records in
2000+0 records out
0dd74775419ada42017a0fdf21eccf94  -
2097152000 bytes (2.1 GB) copied, 5.11176 s, 410 MB/s

real	0m5.115s
user	0m4.660s
sys	0m1.175s
2000+0 records in
2000+0 records out
0dd74775419ada42017a0fdf21eccf94  -
2097152000 bytes (2.1 GB) copied, 5.13681 s, 408 MB/s

real	0m5.140s
user	0m4.685s
sys	0m1.170s
2000+0 records in
2000+0 records out
0dd74775419ada42017a0fdf21eccf94  -
2097152000 bytes (2.1 GB) copied, 5.28393 s, 397 MB/s

real	0m5.287s
user	0m4.698s
sys	0m1.187s
2000+0 records in
2000+0 records out
2097152000 bytes (2.1 GB) copied, 5.3815 s, 390 MB/s
0dd74775419ada42017a0fdf21eccf94  -

real	0m5.384s
user	0m4.651s
sys	0m1.438s
2000+0 records in
2000+0 records out
0dd74775419ada42017a0fdf21eccf94  -
2097152000 bytes (2.1 GB) copied, 5.5314 s, 379 MB/s

real	0m5.534s
user	0m4.675s
sys	0m1.190s
2000+0 records in
2000+0 records out
0dd74775419ada42017a0fdf21eccf94  -
2097152000 bytes (2.1 GB) copied, 5.15804 s, 407 MB/s

real	0m5.161s
user	0m4.698s
sys	0m1.170s
2000+0 records in
2000+0 records out
0dd74775419ada42017a0fdf21eccf94  -
2097152000 bytes (2.1 GB) copied, 5.12335 s, 409 MB/s

real	0m5.126s
user	0m4.657s
sys	0m1.224s
2000+0 records in
2000+0 records out
0dd74775419ada42017a0fdf21eccf94  -
2097152000 bytes (2.1 GB) copied, 5.17658 s, 405 MB/s

real	0m5.179s
user	0m4.666s
sys	0m1.213s
2000+0 records in
2000+0 records out
2097152000 bytes (2.1 GB) copied, 5.09147 s, 412 MB/s
0dd74775419ada42017a0fdf21eccf94  -

real	0m5.094s
user	0m4.668s
sys	0m1.201s
2000+0 records in
2000+0 records out
0dd74775419ada42017a0fdf21eccf94  -
2097152000 bytes (2.1 GB) copied, 5.39743 s, 389 MB/s

real	0m5.400s
user	0m4.724s
sys	0m1.375s
2000+0 records in
2000+0 records out
0dd74775419ada42017a0fdf21eccf94  -
2097152000 bytes (2.1 GB) copied, 5.17007 s, 406 MB/s

real	0m5.173s
user	0m4.651s
sys	0m1.228s
2000+0 records in
2000+0 records out
0dd74775419ada42017a0fdf21eccf94  -
2097152000 bytes (2.1 GB) copied, 5.13663 s, 408 MB/s

real	0m5.139s
user	0m4.687s
sys	0m1.213s
2000+0 records in
2000+0 records out
0dd74775419ada42017a0fdf21eccf94  -
2097152000 bytes (2.1 GB) copied, 5.15596 s, 407 MB/s

real	0m5.159s
user	0m4.710s
sys	0m1.194s
2000+0 records in
2000+0 records out
2097152000 bytes (2.1 GB) copied, 5.1559 s, 407 MB/s
0dd74775419ada42017a0fdf21eccf94  -

real	0m5.159s
user	0m4.680s
sys	0m1.214s
2000+0 records in
2000+0 records out
0dd74775419ada42017a0fdf21eccf94  -
2097152000 bytes (2.1 GB) copied, 5.15377 s, 407 MB/s

real	0m5.157s
user	0m4.642s
sys	0m1.252s
2000+0 records in
2000+0 records out
0dd74775419ada42017a0fdf21eccf94  -
2097152000 bytes (2.1 GB) copied, 5.13988 s, 408 MB/s

real	0m5.143s
user	0m4.659s
sys	0m1.204s
2000+0 records in
2000+0 records out
0dd74775419ada42017a0fdf21eccf94  -
2097152000 bytes (2.1 GB) copied, 5.23577 s, 401 MB/s

real	0m5.239s
user	0m4.666s
sys	0m1.288s
2000+0 records in
2000+0 records out
0dd74775419ada42017a0fdf21eccf94  -
2097152000 bytes (2.1 GB) copied, 5.25427 s, 399 MB/s

real	0m5.257s
user	0m4.665s
sys	0m1.251s
2000+0 records in
2000+0 records out
2097152000 bytes (2.1 GB) copied, 5.34698 s, 392 MB/s
0dd74775419ada42017a0fdf21eccf94  -

real	0m5.350s
user	0m4.683s
sys	0m1.399s
2000+0 records in
2000+0 records out
0dd74775419ada42017a0fdf21eccf94  -
2097152000 bytes (2.1 GB) copied, 5.14164 s, 408 MB/s

real	0m5.144s
user	0m4.700s
sys	0m1.196s
2000+0 records in
2000+0 records out
0dd74775419ada42017a0fdf21eccf94  -
2097152000 bytes (2.1 GB) copied, 5.14382 s, 408 MB/s

real	0m5.146s
user	0m4.700s
sys	0m1.173s
2000+0 records in
2000+0 records out
0dd74775419ada42017a0fdf21eccf94  -
2097152000 bytes (2.1 GB) copied, 5.14245 s, 408 MB/s

real	0m5.145s
user	0m4.655s
sys	0m1.192s
2000+0 records in
2000+0 records out
0dd74775419ada42017a0fdf21eccf94  -
2097152000 bytes (2.1 GB) copied, 5.18861 s, 404 MB/s

real	0m5.192s
user	0m4.689s
sys	0m1.207s
2000+0 records in
2000+0 records out
2097152000 bytes (2.1 GB) copied, 5.16281 s, 406 MB/s
0dd74775419ada42017a0fdf21eccf94  -

real	0m5.166s
user	0m4.707s
sys	0m1.190s
2000+0 records in
2000+0 records out
0dd74775419ada42017a0fdf21eccf94  -
2097152000 bytes (2.1 GB) copied, 5.14575 s, 408 MB/s

real	0m5.148s
user	0m4.673s
sys	0m1.199s
2000+0 records in
2000+0 records out
0dd74775419ada42017a0fdf21eccf94  -
2097152000 bytes (2.1 GB) copied, 5.39867 s, 388 MB/s

real	0m5.402s
user	0m4.692s
sys	0m1.443s
2000+0 records in
2000+0 records out
2097152000 bytes (2.1 GB) copied0dd74775419ada42017a0fdf21eccf94  -
, 5.16542 s, 406 MB/s

real	0m5.168s
user	0m4.640s
sys	0m1.226s
2000+0 records in
2000+0 records out
0dd74775419ada42017a0fdf21eccf94  -
2097152000 bytes (2.1 GB) copied, 5.13068 s, 409 MB/s

real	0m5.133s
user	0m4.687s
sys	0m1.196s
2000+0 records in
2000+0 records out
2097152000 bytes (2.1 GB) copied, 5.09779 s, 411 MB/s
0dd74775419ada42017a0fdf21eccf94  -

real	0m5.101s
user	0m4.682s
sys	0m1.163s
