1000+0 records in
1000+0 records out
3c84e34b319946f6531a2c4559f588a8  -
1048576000 bytes (1.0 GB) copied, 2.64895 s, 396 MB/s

real	0m2.652s
user	0m2.344s
sys	0m0.581s
1000+0 records in
1000+0 records out
3c84e34b319946f6531a2c4559f588a8  -
1048576000 bytes (1.0 GB) copied, 2.72055 s, 385 MB/s

real	0m2.723s
user	0m2.338s
sys	0m0.608s
1000+0 records in
1000+0 records out
3c84e34b319946f6531a2c4559f588a8  -
1048576000 bytes (1.0 GB) copied, 2.89862 s, 362 MB/s

real	0m2.902s
user	0m2.347s
sys	0m0.743s
1000+0 records in
1000+0 records out
3c84e34b319946f6531a2c4559f588a8  -
1048576000 bytes (1.0 GB) copied, 2.61811 s, 401 MB/s

real	0m2.621s
user	0m2.340s
sys	0m0.615s
1000+0 records in
1000+0 records out
3c84e34b319946f6531a2c4559f588a8  -
1048576000 bytes (1.0 GB) copied, 2.66674 s, 393 MB/s

real	0m2.670s
user	0m2.332s
sys	0m0.627s
1000+0 records in
1000+0 records out
3c84e34b319946f6531a2c4559f588a8  -
1048576000 bytes (1.0 GB) copied, 2.73951 s, 383 MB/s

real	0m2.742s
user	0m2.363s
sys	0m0.678s
1000+0 records in
1000+0 records out
3c84e34b319946f6531a2c4559f588a8  -
1048576000 bytes (1.0 GB) copied, 2.65886 s, 394 MB/s

real	0m2.662s
user	0m2.339s
sys	0m0.643s
1000+0 records in
1000+0 records out
3c84e34b319946f6531a2c4559f588a8  -
1048576000 bytes (1.0 GB) copied, 2.62564 s, 399 MB/s

real	0m2.628s
user	0m2.342s
sys	0m0.600s
1000+0 records in
1000+0 records out
3c84e34b319946f6531a2c4559f588a8  -
1048576000 bytes (1.0 GB) copied, 2.60486 s, 403 MB/s

real	0m2.608s
user	0m2.334s
sys	0m0.621s
1000+0 records in
1000+0 records out
1048576000 bytes (1.0 GB) copied, 2.61371 s, 401 MB/s
3c84e34b319946f6531a2c4559f588a8  -

real	0m2.616s
user	0m2.331s
sys	0m0.600s
1000+0 records in
1000+0 records out
3c84e34b319946f6531a2c4559f588a8  -
1048576000 bytes (1.0 GB) copied, 2.65043 s, 396 MB/s

real	0m2.653s
user	0m2.337s
sys	0m0.618s
1000+0 records in
1000+0 records out
3c84e34b319946f6531a2c4559f588a8  -
1048576000 bytes (1.0 GB) copied, 2.63859 s, 397 MB/s

real	0m2.641s
user	0m2.346s
sys	0m0.591s
1000+0 records in
1000+0 records out
3c84e34b319946f6531a2c4559f588a8  -
1048576000 bytes (1.0 GB) copied, 2.72466 s, 385 MB/s

real	0m2.727s
user	0m2.356s
sys	0m0.566s
1000+0 records in
1000+0 records out
3c84e34b319946f6531a2c4559f588a8  -
1048576000 bytes (1.0 GB) copied, 2.64059 s, 397 MB/s

real	0m2.643s
user	0m2.348s
sys	0m0.602s
1000+0 records in
1000+0 records out
3c84e34b319946f6531a2c4559f588a8  -
1048576000 bytes (1.0 GB) copied, 2.74911 s, 381 MB/s

real	0m2.752s
user	0m2.358s
sys	0m0.666s
1000+0 records in
1000+0 records out
3c84e34b319946f6531a2c4559f588a8  -
1048576000 bytes (1.0 GB) copied, 2.61817 s, 400 MB/s

real	0m2.621s
user	0m2.334s
sys	0m0.615s
1000+0 records in
1000+0 records out
3c84e34b319946f6531a2c4559f588a8  -
1048576000 bytes (1.0 GB) copied, 2.62416 s, 400 MB/s

real	0m2.627s
user	0m2.353s
sys	0m0.593s
1000+0 records in
1000+0 records out
3c84e34b319946f6531a2c4559f588a8  -
1048576000 bytes (1.0 GB) copied, 2.6532 s, 395 MB/s

real	0m2.656s
user	0m2.356s
sys	0m0.587s
1000+0 records in
1000+0 records out
3c84e34b319946f6531a2c4559f588a8  -
1048576000 bytes (1.0 GB) copied, 2.61344 s, 401 MB/s

real	0m2.616s
user	0m2.352s
sys	0m0.584s
1000+0 records in
1000+0 records out
1048576000 bytes (1.0 GB) copied, 2.6057 s, 402 MB/s
3c84e34b319946f6531a2c4559f588a8  -

real	0m2.608s
user	0m2.361s
sys	0m0.577s
1000+0 records in
1000+0 records out
3c84e34b319946f6531a2c4559f588a8  -
1048576000 bytes (1.0 GB) copied, 2.63816 s, 397 MB/s

real	0m2.641s
user	0m2.326s
sys	0m0.635s
1000+0 records in
1000+0 records out
3c84e34b319946f6531a2c4559f588a8  -
1048576000 bytes (1.0 GB) copied, 2.67585 s, 392 MB/s

real	0m2.679s
user	0m2.350s
sys	0m0.640s
1000+0 records in
1000+0 records out
3c84e34b319946f6531a2c4559f588a8  -
1048576000 bytes (1.0 GB) copied, 2.75148 s, 381 MB/s

real	0m2.754s
user	0m2.372s
sys	0m0.687s
1000+0 records in
1000+0 records out
3c84e34b319946f6531a2c4559f588a8  -
1048576000 bytes (1.0 GB) copied, 2.61726 s, 401 MB/s

real	0m2.620s
user	0m2.342s
sys	0m0.611s
1000+0 records in
1000+0 records out
3c84e34b319946f6531a2c4559f588a8  -
1048576000 bytes (1.0 GB) copied, 2.62773 s, 399 MB/s

real	0m2.630s
user	0m2.342s
sys	0m0.615s
1000+0 records in
1000+0 records out
3c84e34b319946f6531a2c4559f588a8  -
1048576000 bytes (1.0 GB) copied, 2.5989 s, 403 MB/s

real	0m2.602s
user	0m2.357s
sys	0m0.575s
1000+0 records in
1000+0 records out
3c84e34b319946f6531a2c4559f588a8  -
1048576000 bytes (1.0 GB) copied, 2.67243 s, 392 MB/s

real	0m2.675s
user	0m2.329s
sys	0m0.611s
1000+0 records in
1000+0 records out
3c84e34b319946f6531a2c4559f588a8  -
1048576000 bytes (1.0 GB) copied, 2.85855 s, 367 MB/s

real	0m2.861s
user	0m2.363s
sys	0m0.584s
1000+0 records in
1000+0 records out
3c84e34b319946f6531a2c4559f588a8  -
1048576000 bytes (1.0 GB) copied, 2.65803 s, 394 MB/s

real	0m2.661s
user	0m2.344s
sys	0m0.605s
1000+0 records in
1000+0 records out
1048576000 bytes (1.0 GB) copied, 2.64179 s, 397 MB/s
3c84e34b319946f6531a2c4559f588a8  -

real	0m2.645s
user	0m2.333s
sys	0m0.615s
1000+0 records in
1000+0 records out
3c84e34b319946f6531a2c4559f588a8  -
1048576000 bytes (1.0 GB) copied, 3.05953 s, 343 MB/s

real	0m3.062s
user	0m2.322s
sys	0m0.600s
1000+0 records in
1000+0 records out
3c84e34b319946f6531a2c4559f588a8  -
1048576000 bytes (1.0 GB) copied, 2.65417 s, 395 MB/s

real	0m2.657s
user	0m2.334s
sys	0m0.614s
1000+0 records in
1000+0 records out
3c84e34b319946f6531a2c4559f588a8  -
1048576000 bytes (1.0 GB) copied, 2.61294 s, 401 MB/s

real	0m2.616s
user	0m2.348s
sys	0m0.593s
1000+0 records in
1000+0 records out
3c84e34b319946f6531a2c4559f588a8  -
1048576000 bytes (1.0 GB) copied, 2.61524 s, 401 MB/s

real	0m2.618s
user	0m2.346s
sys	0m0.593s
1000+0 records in
1000+0 records out
3c84e34b319946f6531a2c4559f588a8  -
1048576000 bytes (1.0 GB) copied, 2.59735 s, 404 MB/s

real	0m2.600s
user	0m2.329s
sys	0m0.629s
1000+0 records in
1000+0 records out
3c84e34b319946f6531a2c4559f588a8  -
1048576000 bytes (1.0 GB) copied, 2.62523 s, 399 MB/s

real	0m2.628s
user	0m2.347s
sys	0m0.590s
1000+0 records in
1000+0 records out
3c84e34b319946f6531a2c4559f588a8  -
1048576000 bytes (1.0 GB) copied, 2.65307 s, 395 MB/s

real	0m2.656s
user	0m2.340s
sys	0m0.600s
1000+0 records in
1000+0 records out
3c84e34b319946f6531a2c4559f588a8  -
1048576000 bytes (1.0 GB) copied, 2.61719 s, 401 MB/s

real	0m2.620s
user	0m2.338s
sys	0m0.601s
1000+0 records in
1000+0 records out
3c84e34b319946f6531a2c4559f588a8  -
1048576000 bytes (1.0 GB) copied, 2.68103 s, 391 MB/s

real	0m2.684s
user	0m2.364s
sys	0m0.576s
1000+0 records in
1000+0 records out
1048576000 bytes (1.0 GB) copied, 2.54958 s, 411 MB/s
3c84e34b319946f6531a2c4559f588a8  -

real	0m2.552s
user	0m2.350s
sys	0m0.586s
1000+0 records in
1000+0 records out
3c84e34b319946f6531a2c4559f588a8  -
1048576000 bytes (1.0 GB) copied, 2.65852 s, 394 MB/s

real	0m2.661s
user	0m2.345s
sys	0m0.598s
1000+0 records in
1000+0 records out
3c84e34b319946f6531a2c4559f588a8  -
1048576000 bytes (1.0 GB) copied, 2.70966 s, 387 MB/s

real	0m2.713s
user	0m2.337s
sys	0m0.607s
1000+0 records in
1000+0 records out
3c84e34b319946f6531a2c4559f588a8  -
1048576000 bytes (1.0 GB) copied, 2.75065 s, 381 MB/s

real	0m2.754s
user	0m2.332s
sys	0m0.714s
1000+0 records in
1000+0 records out
3c84e34b319946f6531a2c4559f588a8  -
1048576000 bytes (1.0 GB) copied, 2.65237 s, 395 MB/s

real	0m2.655s
user	0m2.331s
sys	0m0.624s
1000+0 records in
1000+0 records out
3c84e34b319946f6531a2c4559f588a8  -
1048576000 bytes (1.0 GB) copied, 2.61459 s, 401 MB/s

real	0m2.617s
user	0m2.353s
sys	0m0.591s
1000+0 records in
1000+0 records out
3c84e34b319946f6531a2c4559f588a8  -
1048576000 bytes (1.0 GB) copied, 2.60634 s, 402 MB/s

real	0m2.609s
user	0m2.345s
sys	0m0.594s
1000+0 records in
1000+0 records out
3c84e34b319946f6531a2c4559f588a8  -
1048576000 bytes (1.0 GB) copied, 2.65435 s, 395 MB/s

real	0m2.657s
user	0m2.338s
sys	0m0.605s
1000+0 records in
1000+0 records out
3c84e34b319946f6531a2c4559f588a8  -
1048576000 bytes (1.0 GB) copied, 2.64161 s, 397 MB/s

real	0m2.644s
user	0m2.357s
sys	0m0.587s
1000+0 records in
1000+0 records out
3c84e34b319946f6531a2c4559f588a8  -
1048576000 bytes (1.0 GB) copied, 2.63711 s, 398 MB/s

real	0m2.640s
user	0m2.363s
sys	0m0.621s
1000+0 records in
1000+0 records out
1048576000 bytes (1.0 GB) copied, 2.59646 s, 404 MB/s
3c84e34b319946f6531a2c4559f588a8  -

real	0m2.599s
user	0m2.348s
sys	0m0.594s
1000+0 records in
1000+0 records out
3c84e34b319946f6531a2c4559f588a8  -
1048576000 bytes (1.0 GB) copied, 2.6213 s, 400 MB/s

real	0m2.624s
user	0m2.340s
sys	0m0.614s
1000+0 records in
1000+0 records out
3c84e34b319946f6531a2c4559f588a8  -
1048576000 bytes (1.0 GB) copied, 2.66733 s, 393 MB/s

real	0m2.670s
user	0m2.345s
sys	0m0.607s
1000+0 records in
1000+0 records out
3c84e34b319946f6531a2c4559f588a8  -
1048576000 bytes (1.0 GB) copied, 2.65113 s, 396 MB/s

real	0m2.654s
user	0m2.372s
sys	0m0.581s
1000+0 records in
1000+0 records out
3c84e34b319946f6531a2c4559f588a8  -
1048576000 bytes (1.0 GB) copied, 2.61218 s, 401 MB/s

real	0m2.615s
user	0m2.359s
sys	0m0.577s
1000+0 records in
1000+0 records out
3c84e34b319946f6531a2c4559f588a8  -
1048576000 bytes (1.0 GB) copied, 2.63948 s, 397 MB/s

real	0m2.642s
user	0m2.352s
sys	0m0.590s
1000+0 records in
1000+0 records out
3c84e34b319946f6531a2c4559f588a8  -
1048576000 bytes (1.0 GB) copied, 2.65803 s, 394 MB/s

real	0m2.661s
user	0m2.340s
sys	0m0.611s
1000+0 records in
1000+0 records out
3c84e34b319946f6531a2c4559f588a8  -
1048576000 bytes (1.0 GB) copied, 2.66895 s, 393 MB/s

real	0m2.672s
user	0m2.339s
sys	0m0.621s
1000+0 records in
1000+0 records out
3c84e34b319946f6531a2c4559f588a8  -
1048576000 bytes (1.0 GB) copied, 2.59889 s, 403 MB/s

real	0m2.602s
user	0m2.343s
sys	0m0.603s
1000+0 records in
1000+0 records out
3c84e34b319946f6531a2c4559f588a8  -
1048576000 bytes (1.0 GB) copied, 2.60977 s, 402 MB/s

real	0m2.613s
user	0m2.332s
sys	0m0.580s
1000+0 records in
1000+0 records out
1048576000 bytes (1.0 GB) copied, 2.64546 s, 396 MB/s
3c84e34b319946f6531a2c4559f588a8  -

real	0m2.648s
user	0m2.350s
sys	0m0.597s
1000+0 records in
1000+0 records out
3c84e34b319946f6531a2c4559f588a8  -
1048576000 bytes (1.0 GB) copied, 2.63853 s, 397 MB/s

real	0m2.641s
user	0m2.314s
sys	0m0.611s
1000+0 records in
1000+0 records out
3c84e34b319946f6531a2c4559f588a8  -
1048576000 bytes (1.0 GB) copied, 2.65093 s, 396 MB/s

real	0m2.654s
user	0m2.333s
sys	0m0.608s
1000+0 records in
1000+0 records out
3c84e34b319946f6531a2c4559f588a8  -
1048576000 bytes (1.0 GB) copied, 2.67198 s, 392 MB/s

real	0m2.675s
user	0m2.359s
sys	0m0.582s
1000+0 records in
1000+0 records out
3c84e34b319946f6531a2c4559f588a8  -
1048576000 bytes (1.0 GB) copied, 2.62854 s, 399 MB/s

real	0m2.631s
user	0m2.326s
sys	0m0.622s
1000+0 records in
1000+0 records out
3c84e34b319946f6531a2c4559f588a8  -
1048576000 bytes (1.0 GB) copied, 2.66894 s, 393 MB/s

real	0m2.672s
user	0m2.333s
sys	0m0.609s
1000+0 records in
1000+0 records out
3c84e34b319946f6531a2c4559f588a8  -
1048576000 bytes (1.0 GB) copied, 2.63844 s, 397 MB/s

real	0m2.641s
user	0m2.333s
sys	0m0.604s
1000+0 records in
1000+0 records out
3c84e34b319946f6531a2c4559f588a8  -
1048576000 bytes (1.0 GB) copied, 2.63968 s, 397 MB/s

real	0m2.643s
user	0m2.335s
sys	0m0.625s
1000+0 records in
1000+0 records out
3c84e34b319946f6531a2c4559f588a8  -
1048576000 bytes (1.0 GB) copied, 2.63743 s, 398 MB/s

real	0m2.640s
user	0m2.333s
sys	0m0.604s
1000+0 records in
1000+0 records out
3c84e34b319946f6531a2c4559f588a8  -
1048576000 bytes (1.0 GB) copied, 2.61736 s, 401 MB/s

real	0m2.620s
user	0m2.351s
sys	0m0.594s
1000+0 records in
1000+0 records out
1048576000 bytes (1.0 GB) copied, 2.58817 s, 405 MB/s
3c84e34b319946f6531a2c4559f588a8  -

real	0m2.591s
user	0m2.344s
sys	0m0.627s
1000+0 records in
1000+0 records out
3c84e34b319946f6531a2c4559f588a8  -
1048576000 bytes (1.0 GB) copied, 2.67732 s, 392 MB/s

real	0m2.680s
user	0m2.331s
sys	0m0.612s
1000+0 records in
1000+0 records out
3c84e34b319946f6531a2c4559f588a8  -
1048576000 bytes (1.0 GB) copied, 2.64074 s, 397 MB/s

real	0m2.644s
user	0m2.339s
sys	0m0.617s
1000+0 records in
1000+0 records out
3c84e34b319946f6531a2c4559f588a8  -
1048576000 bytes (1.0 GB) copied, 2.63753 s, 398 MB/s

real	0m2.640s
user	0m2.349s
sys	0m0.591s
1000+0 records in
1000+0 records out
3c84e34b319946f6531a2c4559f588a8  -
1048576000 bytes (1.0 GB) copied, 2.61645 s, 401 MB/s

real	0m2.619s
user	0m2.345s
sys	0m0.593s
1000+0 records in
1000+0 records out
3c84e34b319946f6531a2c4559f588a8  -
1048576000 bytes (1.0 GB) copied, 2.81881 s, 372 MB/s

real	0m2.822s
user	0m2.349s
sys	0m0.653s
1000+0 records in
1000+0 records out
3c84e34b319946f6531a2c4559f588a8  -
1048576000 bytes (1.0 GB) copied, 2.67162 s, 392 MB/s

real	0m2.674s
user	0m2.350s
sys	0m0.596s
1000+0 records in
1000+0 records out
3c84e34b319946f6531a2c4559f588a8  -
1048576000 bytes (1.0 GB) copied, 2.60931 s, 402 MB/s

real	0m2.612s
user	0m2.336s
sys	0m0.618s
1000+0 records in
1000+0 records out
3c84e34b319946f6531a2c4559f588a8  -
1048576000 bytes (1.0 GB) copied, 2.6512 s, 396 MB/s

real	0m2.654s
user	0m2.343s
sys	0m0.609s
1000+0 records in
1000+0 records out
3c84e34b319946f6531a2c4559f588a8  -
1048576000 bytes (1.0 GB) copied, 2.62171 s, 400 MB/s

real	0m2.624s
user	0m2.354s
sys	0m0.582s
1000+0 records in
1000+0 records out
1048576000 bytes (1.0 GB) copied, 2.64052 s, 397 MB/s
3c84e34b319946f6531a2c4559f588a8  -

real	0m2.643s
user	0m2.366s
sys	0m0.577s
1000+0 records in
1000+0 records out
3c84e34b319946f6531a2c4559f588a8  -
1048576000 bytes (1.0 GB) copied, 2.76484 s, 379 MB/s

real	0m2.767s
user	0m2.318s
sys	0m0.655s
1000+0 records in
1000+0 records out
3c84e34b319946f6531a2c4559f588a8  -
1048576000 bytes (1.0 GB) copied, 2.68108 s, 391 MB/s

real	0m2.684s
user	0m2.331s
sys	0m0.601s
1000+0 records in
1000+0 records out
3c84e34b319946f6531a2c4559f588a8  -
1048576000 bytes (1.0 GB) copied, 2.65409 s, 395 MB/s

real	0m2.657s
user	0m2.358s
sys	0m0.600s
1000+0 records in
1000+0 records out
3c84e34b319946f6531a2c4559f588a8  -
1048576000 bytes (1.0 GB) copied, 2.74963 s, 381 MB/s

real	0m2.752s
user	0m2.329s
sys	0m0.713s
1000+0 records in
1000+0 records out
3c84e34b319946f6531a2c4559f588a8  -
1048576000 bytes (1.0 GB) copied, 2.62664 s, 399 MB/s

real	0m2.630s
user	0m2.361s
sys	0m0.590s
1000+0 records in
1000+0 records out
3c84e34b319946f6531a2c4559f588a8  -
1048576000 bytes (1.0 GB) copied, 2.72027 s, 385 MB/s

real	0m2.723s
user	0m2.338s
sys	0m0.680s
1000+0 records in
1000+0 records out
3c84e34b319946f6531a2c4559f588a8  -
1048576000 bytes (1.0 GB) copied, 2.63865 s, 397 MB/s

real	0m2.641s
user	0m2.334s
sys	0m0.599s
1000+0 records in
1000+0 records out
3c84e34b319946f6531a2c4559f588a8  -
1048576000 bytes (1.0 GB) copied, 2.68622 s, 390 MB/s

real	0m2.689s
user	0m2.347s
sys	0m0.612s
1000+0 records in
1000+0 records out
3c84e34b319946f6531a2c4559f588a8  -
1048576000 bytes (1.0 GB) copied, 2.62447 s, 400 MB/s

real	0m2.627s
user	0m2.342s
sys	0m0.597s
1000+0 records in
1000+0 records out
1048576000 bytes (1.0 GB) copied, 2.59814 s, 404 MB/s
3c84e34b319946f6531a2c4559f588a8  -

real	0m2.601s
user	0m2.352s
sys	0m0.590s
1000+0 records in
1000+0 records out
3c84e34b319946f6531a2c4559f588a8  -
1048576000 bytes (1.0 GB) copied, 2.60988 s, 402 MB/s

real	0m2.613s
user	0m2.340s
sys	0m0.616s
1000+0 records in
1000+0 records out
3c84e34b319946f6531a2c4559f588a8  -
1048576000 bytes (1.0 GB) copied, 2.64883 s, 396 MB/s

real	0m2.651s
user	0m2.330s
sys	0m0.618s
1000+0 records in
1000+0 records out
3c84e34b319946f6531a2c4559f588a8  -
1048576000 bytes (1.0 GB) copied, 2.635 s, 398 MB/s

real	0m2.638s
user	0m2.329s
sys	0m0.634s
1000+0 records in
1000+0 records out
3c84e34b319946f6531a2c4559f588a8  -
1048576000 bytes (1.0 GB) copied, 2.65274 s, 395 MB/s

real	0m2.656s
user	0m2.340s
sys	0m0.603s
1000+0 records in
1000+0 records out
3c84e34b319946f6531a2c4559f588a8  -
1048576000 bytes (1.0 GB) copied, 2.65439 s, 395 MB/s

real	0m2.657s
user	0m2.343s
sys	0m0.593s
1000+0 records in
1000+0 records out
3c84e34b319946f6531a2c4559f588a8  -
1048576000 bytes (1.0 GB) copied, 2.61931 s, 400 MB/s

real	0m2.622s
user	0m2.350s
sys	0m0.586s
1000+0 records in
1000+0 records out
3c84e34b319946f6531a2c4559f588a8  -
1048576000 bytes (1.0 GB) copied, 2.64675 s, 396 MB/s

real	0m2.650s
user	0m2.347s
sys	0m0.606s
1000+0 records in
1000+0 records out
3c84e34b319946f6531a2c4559f588a8  -
1048576000 bytes (1.0 GB) copied, 2.64999 s, 396 MB/s

real	0m2.653s
user	0m2.330s
sys	0m0.613s
1000+0 records in
1000+0 records out
3c84e34b319946f6531a2c4559f588a8  -
1048576000 bytes (1.0 GB) copied, 2.59329 s, 404 MB/s

real	0m2.596s
user	0m2.321s
sys	0m0.618s
1000+0 records in
1000+0 records out
1048576000 bytes (1.0 GB) copied, 2.59804 s, 404 MB/s
3c84e34b319946f6531a2c4559f588a8  -

real	0m2.601s
user	0m2.328s
sys	0m0.633s
1000+0 records in
1000+0 records out
3c84e34b319946f6531a2c4559f588a8  -
1048576000 bytes (1.0 GB) copied, 2.63623 s, 398 MB/s

real	0m2.639s
user	0m2.352s
sys	0m0.583s
1000+0 records in
1000+0 records out
3c84e34b319946f6531a2c4559f588a8  -
1048576000 bytes (1.0 GB) copied, 2.62878 s, 399 MB/s

real	0m2.632s
user	0m2.335s
sys	0m0.616s
1000+0 records in
1000+0 records out
3c84e34b319946f6531a2c4559f588a8  -
1048576000 bytes (1.0 GB) copied, 2.65862 s, 394 MB/s

real	0m2.661s
user	0m2.334s
sys	0m0.609s
1000+0 records in
1000+0 records out
3c84e34b319946f6531a2c4559f588a8  -
1048576000 bytes (1.0 GB) copied, 2.71292 s, 387 MB/s

real	0m2.716s
user	0m2.332s
sys	0m0.627s
1000+0 records in
1000+0 records out
3c84e34b319946f6531a2c4559f588a8  -
1048576000 bytes (1.0 GB) copied, 2.62133 s, 400 MB/s

real	0m2.624s
user	0m2.341s
sys	0m0.587s
1000+0 records in
1000+0 records out
3c84e34b319946f6531a2c4559f588a8  -
1048576000 bytes (1.0 GB) copied, 2.66299 s, 394 MB/s

real	0m2.666s
user	0m2.329s
sys	0m0.619s
1000+0 records in
1000+0 records out
3c84e34b319946f6531a2c4559f588a8  -
1048576000 bytes (1.0 GB) copied, 2.60806 s, 402 MB/s

real	0m2.611s
user	0m2.349s
sys	0m0.580s
1000+0 records in
1000+0 records out
3c84e34b319946f6531a2c4559f588a8  -
1048576000 bytes (1.0 GB) copied, 2.70535 s, 388 MB/s

real	0m2.708s
user	0m2.337s
sys	0m0.620s
1000+0 records in
1000+0 records out
3c84e34b319946f6531a2c4559f588a8  -
1048576000 bytes (1.0 GB) copied, 2.64238 s, 397 MB/s

real	0m2.645s
user	0m2.340s
sys	0m0.624s
1000+0 records in
1000+0 records out
1048576000 bytes (1.0 GB) copied, 2.71318 s, 386 MB/s
3c84e34b319946f6531a2c4559f588a8  -

real	0m2.716s
user	0m2.320s
sys	0m0.635s
1000+0 records in
1000+0 records out
3c84e34b319946f6531a2c4559f588a8  -
1048576000 bytes (1.0 GB) copied, 2.62564 s, 399 MB/s

real	0m2.628s
user	0m2.351s
sys	0m0.591s
1000+0 records in
1000+0 records out
3c84e34b319946f6531a2c4559f588a8  -
1048576000 bytes (1.0 GB) copied, 2.66097 s, 394 MB/s

real	0m2.664s
user	0m2.346s
sys	0m0.598s
1000+0 records in
1000+0 records out
3c84e34b319946f6531a2c4559f588a8  -
1048576000 bytes (1.0 GB) copied, 2.69765 s, 389 MB/s

real	0m2.701s
user	0m2.342s
sys	0m0.617s
1000+0 records in
1000+0 records out
3c84e34b319946f6531a2c4559f588a8  -
1048576000 bytes (1.0 GB) copied, 2.74409 s, 382 MB/s

real	0m2.747s
user	0m2.312s
sys	0m0.735s
1000+0 records in
1000+0 records out
3c84e34b319946f6531a2c4559f588a8  -
1048576000 bytes (1.0 GB) copied, 2.64835 s, 396 MB/s

real	0m2.651s
user	0m2.349s
sys	0m0.599s
1000+0 records in
1000+0 records out
3c84e34b319946f6531a2c4559f588a8  -
1048576000 bytes (1.0 GB) copied, 2.66756 s, 393 MB/s

real	0m2.670s
user	0m2.347s
sys	0m0.606s
1000+0 records in
1000+0 records out
3c84e34b319946f6531a2c4559f588a8  -
1048576000 bytes (1.0 GB) copied, 2.6313 s, 399 MB/s

real	0m2.634s
user	0m2.348s
sys	0m0.605s
1000+0 records in
1000+0 records out
3c84e34b319946f6531a2c4559f588a8  -
1048576000 bytes (1.0 GB) copied, 2.63091 s, 399 MB/s

real	0m2.634s
user	0m2.362s
sys	0m0.607s
1000+0 records in
1000+0 records out
3c84e34b319946f6531a2c4559f588a8  -
1048576000 bytes (1.0 GB) copied, 2.6114 s, 402 MB/s

real	0m2.614s
user	0m2.334s
sys	0m0.579s
1000+0 records in
1000+0 records out
1048576000 bytes (1.0 GB) copied, 2.59012 s, 405 MB/s
3c84e34b319946f6531a2c4559f588a8  -

real	0m2.593s
user	0m2.344s
sys	0m0.599s
1000+0 records in
1000+0 records out
1048576000 bytes (1.0 GB) copied3c84e34b319946f6531a2c4559f588a8  -
, 2.73769 s, 383 MB/s

real	0m2.741s
user	0m2.362s
sys	0m0.675s
1000+0 records in
1000+0 records out
3c84e34b319946f6531a2c4559f588a8  -
1048576000 bytes (1.0 GB) copied, 2.62228 s, 400 MB/s

real	0m2.625s
user	0m2.352s
sys	0m0.591s
1000+0 records in
1000+0 records out
3c84e34b319946f6531a2c4559f588a8  -
1048576000 bytes (1.0 GB) copied, 2.67528 s, 392 MB/s

real	0m2.678s
user	0m2.349s
sys	0m0.589s
1000+0 records in
1000+0 records out
3c84e34b319946f6531a2c4559f588a8  -
1048576000 bytes (1.0 GB) copied, 2.6234 s, 400 MB/s

real	0m2.626s
user	0m2.355s
sys	0m0.589s
1000+0 records in
1000+0 records out
3c84e34b319946f6531a2c4559f588a8  -
1048576000 bytes (1.0 GB) copied, 2.65896 s, 394 MB/s

real	0m2.662s
user	0m2.348s
sys	0m0.588s
1000+0 records in
1000+0 records out
3c84e34b319946f6531a2c4559f588a8  -
1048576000 bytes (1.0 GB) copied, 2.71015 s, 387 MB/s

real	0m2.713s
user	0m2.369s
sys	0m0.581s
1000+0 records in
1000+0 records out
3c84e34b319946f6531a2c4559f588a8  -
1048576000 bytes (1.0 GB) copied, 2.69575 s, 389 MB/s

real	0m2.699s
user	0m2.351s
sys	0m0.629s
1000+0 records in
1000+0 records out
3c84e34b319946f6531a2c4559f588a8  -
1048576000 bytes (1.0 GB) copied, 2.72736 s, 384 MB/s

real	0m2.730s
user	0m2.326s
sys	0m0.603s
1000+0 records in
1000+0 records out
3c84e34b319946f6531a2c4559f588a8  -
1048576000 bytes (1.0 GB) copied, 2.6574 s, 395 MB/s

real	0m2.660s
user	0m2.307s
sys	0m0.649s
1000+0 records in
1000+0 records out
1048576000 bytes (1.0 GB) copied, 2.59341 s, 404 MB/s
3c84e34b319946f6531a2c4559f588a8  -

real	0m2.596s
user	0m2.319s
sys	0m0.641s
1000+0 records in
1000+0 records out
3c84e34b319946f6531a2c4559f588a8  -
1048576000 bytes (1.0 GB) copied, 2.69213 s, 389 MB/s

real	0m2.695s
user	0m2.357s
sys	0m0.598s
1000+0 records in
1000+0 records out
3c84e34b319946f6531a2c4559f588a8  -
1048576000 bytes (1.0 GB) copied, 2.6226 s, 400 MB/s

real	0m2.625s
user	0m2.344s
sys	0m0.613s
1000+0 records in
1000+0 records out
3c84e34b319946f6531a2c4559f588a8  -
1048576000 bytes (1.0 GB) copied, 2.5932 s, 404 MB/s

real	0m2.596s
user	0m2.337s
sys	0m0.602s
1000+0 records in
1000+0 records out
3c84e34b319946f6531a2c4559f588a8  -
1048576000 bytes (1.0 GB) copied, 2.62042 s, 400 MB/s

real	0m2.623s
user	0m2.340s
sys	0m0.616s
1000+0 records in
1000+0 records out
3c84e34b319946f6531a2c4559f588a8  -
1048576000 bytes (1.0 GB) copied, 2.65512 s, 395 MB/s

real	0m2.658s
user	0m2.351s
sys	0m0.606s
1000+0 records in
1000+0 records out
3c84e34b319946f6531a2c4559f588a8  -
1048576000 bytes (1.0 GB) copied, 2.63483 s, 398 MB/s

real	0m2.638s
user	0m2.344s
sys	0m0.597s
1000+0 records in
1000+0 records out
3c84e34b319946f6531a2c4559f588a8  -
1048576000 bytes (1.0 GB) copied, 2.63966 s, 397 MB/s

real	0m2.642s
user	0m2.332s
sys	0m0.615s
1000+0 records in
1000+0 records out
3c84e34b319946f6531a2c4559f588a8  -
1048576000 bytes (1.0 GB) copied, 2.65684 s, 395 MB/s

real	0m2.659s
user	0m2.325s
sys	0m0.614s
1000+0 records in
1000+0 records out
3c84e34b319946f6531a2c4559f588a8  -
1048576000 bytes (1.0 GB) copied, 2.62071 s, 400 MB/s

real	0m2.624s
user	0m2.342s
sys	0m0.622s
1000+0 records in
1000+0 records out
1048576000 bytes (1.0 GB) copied, 2.57728 s, 407 MB/s
3c84e34b319946f6531a2c4559f588a8  -

real	0m2.580s
user	0m2.339s
sys	0m0.602s
1000+0 records in
1000+0 records out
3c84e34b319946f6531a2c4559f588a8  -
1048576000 bytes (1.0 GB) copied, 2.61009 s, 402 MB/s

real	0m2.613s
user	0m2.349s
sys	0m0.581s
1000+0 records in
1000+0 records out
3c84e34b319946f6531a2c4559f588a8  -
1048576000 bytes (1.0 GB) copied, 2.69832 s, 389 MB/s

real	0m2.701s
user	0m2.354s
sys	0m0.592s
1000+0 records in
1000+0 records out
3c84e34b319946f6531a2c4559f588a8  -
1048576000 bytes (1.0 GB) copied, 2.62386 s, 400 MB/s

real	0m2.627s
user	0m2.341s
sys	0m0.606s
1000+0 records in
1000+0 records out
3c84e34b319946f6531a2c4559f588a8  -
1048576000 bytes (1.0 GB) copied, 2.5926 s, 404 MB/s

real	0m2.595s
user	0m2.342s
sys	0m0.616s
1000+0 records in
1000+0 records out
3c84e34b319946f6531a2c4559f588a8  -
1048576000 bytes (1.0 GB) copied, 2.64443 s, 397 MB/s

real	0m2.647s
user	0m2.337s
sys	0m0.627s
1000+0 records in
1000+0 records out
3c84e34b319946f6531a2c4559f588a8  -
1048576000 bytes (1.0 GB) copied, 2.69479 s, 389 MB/s

real	0m2.698s
user	0m2.341s
sys	0m0.595s
1000+0 records in
1000+0 records out
3c84e34b319946f6531a2c4559f588a8  -
1048576000 bytes (1.0 GB) copied, 2.65049 s, 396 MB/s

real	0m2.653s
user	0m2.331s
sys	0m0.607s
1000+0 records in
1000+0 records out
3c84e34b319946f6531a2c4559f588a8  -
1048576000 bytes (1.0 GB) copied, 2.65112 s, 396 MB/s

real	0m2.654s
user	0m2.351s
sys	0m0.594s
1000+0 records in
1000+0 records out
1048576000 bytes (1.0 GB) copied3c84e34b319946f6531a2c4559f588a8  -
, 2.76196 s, 380 MB/s

real	0m2.765s
user	0m2.339s
sys	0m0.701s
1000+0 records in
1000+0 records out
1048576000 bytes (1.0 GB) copied, 2.65479 s, 395 MB/s
3c84e34b319946f6531a2c4559f588a8  -

real	0m2.658s
user	0m2.351s
sys	0m0.687s
1000+0 records in
1000+0 records out
3c84e34b319946f6531a2c4559f588a8  -
1048576000 bytes (1.0 GB) copied, 2.64447 s, 397 MB/s

real	0m2.647s
user	0m2.343s
sys	0m0.615s
1000+0 records in
1000+0 records out
3c84e34b319946f6531a2c4559f588a8  -
1048576000 bytes (1.0 GB) copied, 2.7044 s, 388 MB/s

real	0m2.707s
user	0m2.342s
sys	0m0.658s
1000+0 records in
1000+0 records out
3c84e34b319946f6531a2c4559f588a8  -
1048576000 bytes (1.0 GB) copied, 2.62005 s, 400 MB/s

real	0m2.623s
user	0m2.327s
sys	0m0.629s
1000+0 records in
1000+0 records out
3c84e34b319946f6531a2c4559f588a8  -
1048576000 bytes (1.0 GB) copied, 2.68105 s, 391 MB/s

real	0m2.684s
user	0m2.344s
sys	0m0.593s
1000+0 records in
1000+0 records out
3c84e34b319946f6531a2c4559f588a8  -
1048576000 bytes (1.0 GB) copied, 2.63619 s, 398 MB/s

real	0m2.639s
user	0m2.333s
sys	0m0.627s
1000+0 records in
1000+0 records out
3c84e34b319946f6531a2c4559f588a8  -
1048576000 bytes (1.0 GB) copied, 2.60034 s, 403 MB/s

real	0m2.603s
user	0m2.351s
sys	0m0.597s
1000+0 records in
1000+0 records out
3c84e34b319946f6531a2c4559f588a8  -
1048576000 bytes (1.0 GB) copied, 2.61411 s, 401 MB/s

real	0m2.617s
user	0m2.341s
sys	0m0.584s
1000+0 records in
1000+0 records out
3c84e34b319946f6531a2c4559f588a8  -
1048576000 bytes (1.0 GB) copied, 2.69233 s, 389 MB/s

real	0m2.695s
user	0m2.346s
sys	0m0.599s
1000+0 records in
1000+0 records out
3c84e34b319946f6531a2c4559f588a8  -
1048576000 bytes (1.0 GB) copied, 2.64321 s, 397 MB/s

real	0m2.646s
user	0m2.327s
sys	0m0.603s
1000+0 records in
1000+0 records out
1048576000 bytes (1.0 GB) copied, 2.56407 s, 409 MB/s
3c84e34b319946f6531a2c4559f588a8  -

real	0m2.567s
user	0m2.358s
sys	0m0.587s
1000+0 records in
1000+0 records out
3c84e34b319946f6531a2c4559f588a8  -
1048576000 bytes (1.0 GB) copied, 2.60545 s, 402 MB/s

real	0m2.608s
user	0m2.345s
sys	0m0.599s
1000+0 records in
1000+0 records out
3c84e34b319946f6531a2c4559f588a8  -
1048576000 bytes (1.0 GB) copied, 2.60872 s, 402 MB/s

real	0m2.612s
user	0m2.328s
sys	0m0.604s
1000+0 records in
1000+0 records out
3c84e34b319946f6531a2c4559f588a8  -
1048576000 bytes (1.0 GB) copied, 2.69987 s, 388 MB/s

real	0m2.703s
user	0m2.327s
sys	0m0.620s
1000+0 records in
1000+0 records out
3c84e34b319946f6531a2c4559f588a8  -
1048576000 bytes (1.0 GB) copied, 2.62029 s, 400 MB/s

real	0m2.623s
user	0m2.341s
sys	0m0.599s
1000+0 records in
1000+0 records out
3c84e34b319946f6531a2c4559f588a8  -
1048576000 bytes (1.0 GB) copied, 2.73488 s, 383 MB/s

real	0m2.738s
user	0m2.351s
sys	0m0.641s
1000+0 records in
1000+0 records out
3c84e34b319946f6531a2c4559f588a8  -
1048576000 bytes (1.0 GB) copied, 2.61576 s, 401 MB/s

real	0m2.619s
user	0m2.338s
sys	0m0.623s
1000+0 records in
1000+0 records out
3c84e34b319946f6531a2c4559f588a8  -
1048576000 bytes (1.0 GB) copied, 2.59435 s, 404 MB/s

real	0m2.597s
user	0m2.342s
sys	0m0.597s
1000+0 records in
1000+0 records out
3c84e34b319946f6531a2c4559f588a8  -
1048576000 bytes (1.0 GB) copied, 2.64311 s, 397 MB/s

real	0m2.646s
user	0m2.328s
sys	0m0.615s
1000+0 records in
1000+0 records out
3c84e34b319946f6531a2c4559f588a8  -
1048576000 bytes (1.0 GB) copied, 2.61324 s, 401 MB/s

real	0m2.616s
user	0m2.357s
sys	0m0.583s
1000+0 records in
1000+0 records out
1048576000 bytes (1.0 GB) copied, 2.60711 s, 402 MB/s
3c84e34b319946f6531a2c4559f588a8  -

real	0m2.610s
user	0m2.349s
sys	0m0.594s
1000+0 records in
1000+0 records out
3c84e34b319946f6531a2c4559f588a8  -
1048576000 bytes (1.0 GB) copied, 2.6251 s, 399 MB/s

real	0m2.628s
user	0m2.347s
sys	0m0.593s
1000+0 records in
1000+0 records out
3c84e34b319946f6531a2c4559f588a8  -
1048576000 bytes (1.0 GB) copied, 2.62749 s, 399 MB/s

real	0m2.630s
user	0m2.357s
sys	0m0.584s
1000+0 records in
1000+0 records out
3c84e34b319946f6531a2c4559f588a8  -
1048576000 bytes (1.0 GB) copied, 2.61324 s, 401 MB/s

real	0m2.616s
user	0m2.350s
sys	0m0.590s
1000+0 records in
1000+0 records out
3c84e34b319946f6531a2c4559f588a8  -
1048576000 bytes (1.0 GB) copied, 2.65212 s, 395 MB/s

real	0m2.655s
user	0m2.329s
sys	0m0.624s
1000+0 records in
1000+0 records out
3c84e34b319946f6531a2c4559f588a8  -
1048576000 bytes (1.0 GB) copied, 2.69539 s, 389 MB/s

real	0m2.698s
user	0m2.347s
sys	0m0.599s
1000+0 records in
1000+0 records out
3c84e34b319946f6531a2c4559f588a8  -
1048576000 bytes (1.0 GB) copied, 2.62079 s, 400 MB/s

real	0m2.624s
user	0m2.357s
sys	0m0.600s
1000+0 records in
1000+0 records out
3c84e34b319946f6531a2c4559f588a8  -
1048576000 bytes (1.0 GB) copied, 2.60288 s, 403 MB/s

real	0m2.606s
user	0m2.342s
sys	0m0.596s
1000+0 records in
1000+0 records out
3c84e34b319946f6531a2c4559f588a8  -
1048576000 bytes (1.0 GB) copied, 2.60576 s, 402 MB/s

real	0m2.609s
user	0m2.331s
sys	0m0.612s
1000+0 records in
1000+0 records out
3c84e34b319946f6531a2c4559f588a8  -
1048576000 bytes (1.0 GB) copied, 2.61671 s, 401 MB/s

real	0m2.619s
user	0m2.344s
sys	0m0.623s
1000+0 records in
1000+0 records out
1048576000 bytes (1.0 GB) copied, 2.6325 s, 398 MB/s
3c84e34b319946f6531a2c4559f588a8  -

real	0m2.635s
user	0m2.338s
sys	0m0.605s
1000+0 records in
1000+0 records out
3c84e34b319946f6531a2c4559f588a8  -
1048576000 bytes (1.0 GB) copied, 2.74044 s, 383 MB/s

real	0m2.743s
user	0m2.353s
sys	0m0.592s
1000+0 records in
1000+0 records out
3c84e34b319946f6531a2c4559f588a8  -
1048576000 bytes (1.0 GB) copied, 2.68013 s, 391 MB/s

real	0m2.683s
user	0m2.341s
sys	0m0.601s
1000+0 records in
1000+0 records out
3c84e34b319946f6531a2c4559f588a8  -
1048576000 bytes (1.0 GB) copied, 2.61851 s, 400 MB/s

real	0m2.621s
user	0m2.339s
sys	0m0.597s
1000+0 records in
1000+0 records out
3c84e34b319946f6531a2c4559f588a8  -
1048576000 bytes (1.0 GB) copied, 2.62226 s, 400 MB/s

real	0m2.625s
user	0m2.334s
sys	0m0.616s
1000+0 records in
1000+0 records out
3c84e34b319946f6531a2c4559f588a8  -
1048576000 bytes (1.0 GB) copied, 2.61932 s, 400 MB/s

real	0m2.622s
user	0m2.345s
sys	0m0.599s
1000+0 records in
1000+0 records out
3c84e34b319946f6531a2c4559f588a8  -
1048576000 bytes (1.0 GB) copied, 2.68001 s, 391 MB/s

real	0m2.683s
user	0m2.312s
sys	0m0.662s
1000+0 records in
1000+0 records out
3c84e34b319946f6531a2c4559f588a8  -
1048576000 bytes (1.0 GB) copied, 2.66584 s, 393 MB/s

real	0m2.669s
user	0m2.332s
sys	0m0.609s
1000+0 records in
1000+0 records out
3c84e34b319946f6531a2c4559f588a8  -
1048576000 bytes (1.0 GB) copied, 2.83774 s, 370 MB/s

real	0m2.840s
user	0m2.335s
sys	0m0.586s
1000+0 records in
1000+0 records out
3c84e34b319946f6531a2c4559f588a8  -
1048576000 bytes (1.0 GB) copied, 2.66526 s, 393 MB/s

real	0m2.668s
user	0m2.360s
sys	0m0.581s
1000+0 records in
1000+0 records out
1048576000 bytes (1.0 GB) copied, 2.59362 s, 404 MB/s
3c84e34b319946f6531a2c4559f588a8  -

real	0m2.596s
user	0m2.355s
sys	0m0.609s
1000+0 records in
1000+0 records out
3c84e34b319946f6531a2c4559f588a8  -
1048576000 bytes (1.0 GB) copied, 2.65477 s, 395 MB/s

real	0m2.658s
user	0m2.335s
sys	0m0.591s
1000+0 records in
1000+0 records out
3c84e34b319946f6531a2c4559f588a8  -
1048576000 bytes (1.0 GB) copied, 2.61832 s, 400 MB/s

real	0m2.621s
user	0m2.339s
sys	0m0.598s
1000+0 records in
1000+0 records out
3c84e34b319946f6531a2c4559f588a8  -
1048576000 bytes (1.0 GB) copied, 2.61188 s, 401 MB/s

real	0m2.614s
user	0m2.347s
sys	0m0.595s
1000+0 records in
1000+0 records out
3c84e34b319946f6531a2c4559f588a8  -
1048576000 bytes (1.0 GB) copied, 2.7724 s, 378 MB/s

real	0m2.775s
user	0m2.347s
sys	0m0.628s
1000+0 records in
1000+0 records out
1048576000 bytes (1.0 GB) copied3c84e34b319946f6531a2c4559f588a8  -
, 2.6547 s, 395 MB/s

real	0m2.658s
user	0m2.342s
sys	0m0.595s
1000+0 records in
1000+0 records out
3c84e34b319946f6531a2c4559f588a8  -
1048576000 bytes (1.0 GB) copied, 2.67019 s, 393 MB/s

real	0m2.673s
user	0m2.347s
sys	0m0.596s
1000+0 records in
1000+0 records out
3c84e34b319946f6531a2c4559f588a8  -
1048576000 bytes (1.0 GB) copied, 2.65723 s, 395 MB/s

real	0m2.660s
user	0m2.351s
sys	0m0.610s
1000+0 records in
1000+0 records out
3c84e34b319946f6531a2c4559f588a8  -
1048576000 bytes (1.0 GB) copied, 2.58993 s, 405 MB/s

real	0m2.593s
user	0m2.345s
sys	0m0.609s
1000+0 records in
1000+0 records out
3c84e34b319946f6531a2c4559f588a8  -
1048576000 bytes (1.0 GB) copied, 2.64874 s, 396 MB/s

real	0m2.652s
user	0m2.326s
sys	0m0.616s
1000+0 records in
1000+0 records out
1048576000 bytes (1.0 GB) copied, 2.58913 s, 405 MB/s
3c84e34b319946f6531a2c4559f588a8  -

real	0m2.592s
user	0m2.359s
sys	0m0.593s
