10000+0 records in
10000+0 records out
a02bf4596da9a0c3d2b10ac745b55ccf  -
10485760000 bytes (10 GB) copied, 25.2301 s, 416 MB/s

real	0m25.233s
user	0m23.337s
sys	0m5.853s
10000+0 records in
10000+0 records out
10485760000 bytes (10 GB) copied, 25.1567 s, 417 MB/s
a02bf4596da9a0c3d2b10ac745b55ccf  -

real	0m25.180s
user	0m23.387s
sys	0m5.946s
10000+0 records in
10000+0 records out
a02bf4596da9a0c3d2b10ac745b55ccf  -
10485760000 bytes (10 GB) copied, 25.1659 s, 417 MB/s

real	0m25.169s
user	0m23.359s
sys	0m5.889s
10000+0 records in
10000+0 records out
10485760000 bytes (10 GB) copied, 25.2844 s, 415 MB/s
a02bf4596da9a0c3d2b10ac745b55ccf  -

real	0m25.308s
user	0m23.436s
sys	0m5.917s
10000+0 records in
10000+0 records out
10485760000 bytes (10 GB) copied, 25.1806 s, 416 MB/s
a02bf4596da9a0c3d2b10ac745b55ccf  -

real	0m25.183s
user	0m23.423s
sys	0m5.939s
10000+0 records in
10000+0 records out
10485760000 bytes (10 GB) copied, 25.2175 s, 416 MB/s
a02bf4596da9a0c3d2b10ac745b55ccf  -

real	0m25.245s
user	0m23.387s
sys	0m5.858s
10000+0 records in
10000+0 records out
10485760000 bytes (10 GB) copied, 25.2048 s, 416 MB/s
a02bf4596da9a0c3d2b10ac745b55ccf  -

real	0m25.208s
user	0m23.356s
sys	0m5.993s
10000+0 records in
10000+0 records out
10485760000 bytes (10 GB) copied, 25.1988 s, 416 MB/s
a02bf4596da9a0c3d2b10ac745b55ccf  -

real	0m25.204s
user	0m23.319s
sys	0m6.054s
10000+0 records in
10000+0 records out
10485760000 bytes (10 GB) copied, 25.224 s, 416 MB/s
a02bf4596da9a0c3d2b10ac745b55ccf  -

real	0m25.227s
user	0m23.351s
sys	0m5.944s
10000+0 records in
10000+0 records out
10485760000 bytes (10 GB) copied, 25.1804 s, 416 MB/s
a02bf4596da9a0c3d2b10ac745b55ccf  -

real	0m25.185s
user	0m23.356s
sys	0m5.948s
10000+0 records in
10000+0 records out
10485760000 bytes (10 GB) copied, 25.1894 s, 416 MB/s
a02bf4596da9a0c3d2b10ac745b55ccf  -

real	0m25.192s
user	0m23.264s
sys	0m5.878s
10000+0 records in
10000+0 records out
10485760000 bytes (10 GB) copied, 25.1746 s, 417 MB/s
a02bf4596da9a0c3d2b10ac745b55ccf  -

real	0m25.180s
user	0m23.370s
sys	0m5.913s
10000+0 records in
10000+0 records out
10485760000 bytes (10 GB) copied, 25.1701 s, 417 MB/s
a02bf4596da9a0c3d2b10ac745b55ccf  -

real	0m25.173s
user	0m23.416s
sys	0m5.840s
10000+0 records in
10000+0 records out
10485760000 bytes (10 GB) copied, 25.1706 s, 417 MB/s
a02bf4596da9a0c3d2b10ac745b55ccf  -

real	0m25.192s
user	0m23.393s
sys	0m5.905s
10000+0 records in
10000+0 records out
10485760000 bytes (10 GB) copied, 25.2124 s, 416 MB/s
a02bf4596da9a0c3d2b10ac745b55ccf  -

real	0m25.215s
user	0m23.307s
sys	0m5.897s
10000+0 records in
10000+0 records out
10485760000 bytes (10 GB) copied, 25.2835 s, 415 MB/s
a02bf4596da9a0c3d2b10ac745b55ccf  -

real	0m25.289s
user	0m23.402s
sys	0m6.073s
10000+0 records in
10000+0 records out
10485760000 bytes (10 GB) copied, 25.2415 s, 415 MB/s
a02bf4596da9a0c3d2b10ac745b55ccf  -

real	0m25.244s
user	0m23.365s
sys	0m5.938s
10000+0 records in
10000+0 records out
10485760000 bytes (10 GB) copied, 25.2039 s, 416 MB/s
a02bf4596da9a0c3d2b10ac745b55ccf  -

real	0m25.209s
user	0m23.405s
sys	0m5.933s
10000+0 records in
10000+0 records out
10485760000 bytes (10 GB) copied, 25.1603 s, 417 MB/s
a02bf4596da9a0c3d2b10ac745b55ccf  -

real	0m25.163s
user	0m23.404s
sys	0m5.875s
10000+0 records in
10000+0 records out
10485760000 bytes (10 GB) copied, 25.1656 s, 417 MB/s
a02bf4596da9a0c3d2b10ac745b55ccf  -

real	0m25.171s
user	0m23.327s
sys	0m5.794s
