10000+0 records in
10000+0 records out
10485760000 bytes (10 GB) copieda02bf4596da9a0c3d2b10ac745b55ccf  -
, 20.0334 s, 523 MB/s

real	0m20.036s
user	0m18.521s
sys	0m4.863s
10000+0 records in
10000+0 records out
10485760000 bytes (10 GB) copieda02bf4596da9a0c3d2b10ac745b55ccf  -
, 20.1054 s, 522 MB/s

real	0m20.128s
user	0m18.581s
sys	0m4.895s
10000+0 records in
10000+0 records out
a02bf4596da9a0c3d2b10ac745b55ccf  -
10485760000 bytes (10 GB) copied, 20.055 s, 523 MB/s

real	0m20.058s
user	0m18.557s
sys	0m4.873s
10000+0 records in
10000+0 records out
10485760000 bytes (10 GB) copieda02bf4596da9a0c3d2b10ac745b55ccf  -
, 20.8909 s, 502 MB/s

real	0m20.915s
user	0m19.252s
sys	0m5.330s
10000+0 records in
10000+0 records out
10485760000 bytes (10 GB) copied, 20.0577 s, 523 MB/s
a02bf4596da9a0c3d2b10ac745b55ccf  -

real	0m20.060s
user	0m18.589s
sys	0m4.858s
10000+0 records in
10000+0 records out
10485760000 bytes (10 GB) copied, 19.9626 s, 525 MB/s
a02bf4596da9a0c3d2b10ac745b55ccf  -

real	0m19.982s
user	0m18.459s
sys	0m4.870s
10000+0 records in
10000+0 records out
10485760000 bytes (10 GB) copied, 20.0146 s, 524 MB/s
a02bf4596da9a0c3d2b10ac745b55ccf  -

real	0m20.017s
user	0m18.469s
sys	0m4.929s
10000+0 records in
10000+0 records out
10485760000 bytes (10 GB) copied, 20.6838 s, 507 MB/s
a02bf4596da9a0c3d2b10ac745b55ccf  -

real	0m20.701s
user	0m19.034s
sys	0m5.255s
10000+0 records in
10000+0 records out
10485760000 bytes (10 GB) copieda02bf4596da9a0c3d2b10ac745b55ccf  -
, 19.9169 s, 526 MB/s

real	0m19.920s
user	0m18.406s
sys	0m4.866s
10000+0 records in
10000+0 records out
10485760000 bytes (10 GB) copied, 20.005 s, 524 MB/s
a02bf4596da9a0c3d2b10ac745b55ccf  -

real	0m20.025s
user	0m18.546s
sys	0m4.835s
10000+0 records in
10000+0 records out
10485760000 bytes (10 GB) copied, 19.9351 s, 526 MB/s
a02bf4596da9a0c3d2b10ac745b55ccf  -

real	0m19.938s
user	0m18.433s
sys	0m4.871s
10000+0 records in
10000+0 records out
10485760000 bytes (10 GB) copied, 20.5546 s, 510 MB/s
a02bf4596da9a0c3d2b10ac745b55ccf  -

real	0m20.572s
user	0m18.853s
sys	0m5.069s
10000+0 records in
10000+0 records out
10485760000 bytes (10 GB) copieda02bf4596da9a0c3d2b10ac745b55ccf  -
, 19.9517 s, 526 MB/s

real	0m19.954s
user	0m18.488s
sys	0m4.837s
10000+0 records in
10000+0 records out
10485760000 bytes (10 GB) copied, 19.9411 s, 526 MB/s
a02bf4596da9a0c3d2b10ac745b55ccf  -

real	0m19.962s
user	0m18.441s
sys	0m4.855s
10000+0 records in
10000+0 records out
10485760000 bytes (10 GB) copied, 20.0663 s, 523 MB/s
a02bf4596da9a0c3d2b10ac745b55ccf  -

real	0m20.069s
user	0m18.503s
sys	0m4.981s
10000+0 records in
10000+0 records out
10485760000 bytes (10 GB) copied, 20.5211 s, 511 MB/s
a02bf4596da9a0c3d2b10ac745b55ccf  -

real	0m20.549s
user	0m18.867s
sys	0m5.100s
10000+0 records in
10000+0 records out
10485760000 bytes (10 GB) copied, 19.9043 s, 527 MB/s
a02bf4596da9a0c3d2b10ac745b55ccf  -

real	0m19.907s
user	0m18.424s
sys	0m4.851s
10000+0 records in
10000+0 records out
10485760000 bytes (10 GB) copied, 22.0463 s, 476 MB/s
a02bf4596da9a0c3d2b10ac745b55ccf  -

real	0m22.064s
user	0m19.926s
sys	0m6.072s
10000+0 records in
10000+0 records out
10485760000 bytes (10 GB) copied, 19.9223 s, 526 MB/s
a02bf4596da9a0c3d2b10ac745b55ccf  -

real	0m19.925s
user	0m18.483s
sys	0m4.823s
10000+0 records in
10000+0 records out
10485760000 bytes (10 GB) copied, 19.4107 s, 540 MB/s
a02bf4596da9a0c3d2b10ac745b55ccf  -

real	0m19.436s
user	0m18.020s
sys	0m4.722s
10000+0 records in
10000+0 records out
10485760000 bytes (10 GB) copied, 19.9863 s, 525 MB/s
a02bf4596da9a0c3d2b10ac745b55ccf  -

real	0m19.989s
user	0m18.481s
sys	0m4.875s
10000+0 records in
10000+0 records out
10485760000 bytes (10 GB) copied, 21.2357 s, 494 MB/s
a02bf4596da9a0c3d2b10ac745b55ccf  -

real	0m21.260s
user	0m19.328s
sys	0m5.653s
10000+0 records in
10000+0 records out
10485760000 bytes (10 GB) copied, 20.0276 s, 524 MB/s
a02bf4596da9a0c3d2b10ac745b55ccf  -

real	0m20.030s
user	0m18.443s
sys	0m4.987s
10000+0 records in
10000+0 records out
10485760000 bytes (10 GB) copied, 20.6165 s, 509 MB/s
a02bf4596da9a0c3d2b10ac745b55ccf  -

real	0m20.637s
user	0m19.005s
sys	0m5.244s
10000+0 records in
10000+0 records out
10485760000 bytes (10 GB) copied, 20.1183 s, 521 MB/s
a02bf4596da9a0c3d2b10ac745b55ccf  -

real	0m20.121s
user	0m18.556s
sys	0m4.920s
10000+0 records in
10000+0 records out
10485760000 bytes (10 GB) copieda02bf4596da9a0c3d2b10ac745b55ccf  -
, 20.5697 s, 510 MB/s

real	0m20.588s
user	0m18.923s
sys	0m5.211s
10000+0 records in
10000+0 records out
10485760000 bytes (10 GB) copieda02bf4596da9a0c3d2b10ac745b55ccf  -
, 19.8526 s, 528 MB/s

real	0m19.855s
user	0m18.370s
sys	0m4.851s
10000+0 records in
10000+0 records out
10485760000 bytes (10 GB) copied, 20.2195 s, 519 MB/s
a02bf4596da9a0c3d2b10ac745b55ccf  -

real	0m20.240s
user	0m18.701s
sys	0m4.956s
10000+0 records in
10000+0 records out
10485760000 bytes (10 GB) copied, 20.4326 s, 513 MB/s
a02bf4596da9a0c3d2b10ac745b55ccf  -

real	0m20.435s
user	0m18.778s
sys	0m5.192s
10000+0 records in
10000+0 records out
10485760000 bytes (10 GB) copied, 20.7199 s, 506 MB/s
a02bf4596da9a0c3d2b10ac745b55ccf  -

real	0m20.744s
user	0m19.043s
sys	0m5.278s
10000+0 records in
10000+0 records out
10485760000 bytes (10 GB) copied, 20.0373 s, 523 MB/s
a02bf4596da9a0c3d2b10ac745b55ccf  -

real	0m20.040s
user	0m18.538s
sys	0m4.895s
10000+0 records in
10000+0 records out
10485760000 bytes (10 GB) copied, 20.1578 s, 520 MB/s
a02bf4596da9a0c3d2b10ac745b55ccf  -

real	0m20.177s
user	0m18.575s
sys	0m4.815s
10000+0 records in
10000+0 records out
10485760000 bytes (10 GB) copied, 20.0187 s, 524 MB/s
a02bf4596da9a0c3d2b10ac745b55ccf  -

real	0m20.021s
user	0m18.520s
sys	0m4.894s
10000+0 records in
10000+0 records out
10485760000 bytes (10 GB) copied, 20.0592 s, 523 MB/s
a02bf4596da9a0c3d2b10ac745b55ccf  -

real	0m20.077s
user	0m18.525s
sys	0m4.907s
10000+0 records in
10000+0 records out
10485760000 bytes (10 GB) copieda02bf4596da9a0c3d2b10ac745b55ccf  -
, 20.0636 s, 523 MB/s

real	0m20.066s
user	0m18.599s
sys	0m4.853s
10000+0 records in
10000+0 records out
10485760000 bytes (10 GB) copied, 20.0308 s, 523 MB/s
a02bf4596da9a0c3d2b10ac745b55ccf  -

real	0m20.060s
user	0m18.522s
sys	0m4.896s
10000+0 records in
10000+0 records out
10485760000 bytes (10 GB) copied, 21.0429 s, 498 MB/s
a02bf4596da9a0c3d2b10ac745b55ccf  -

real	0m21.046s
user	0m19.314s
sys	0m5.424s
10000+0 records in
10000+0 records out
10485760000 bytes (10 GB) copieda02bf4596da9a0c3d2b10ac745b55ccf  -
, 21.7799 s, 481 MB/s

real	0m21.799s
user	0m19.526s
sys	0m6.064s
10000+0 records in
10000+0 records out
10485760000 bytes (10 GB) copied, 19.9661 s, 525 MB/s
a02bf4596da9a0c3d2b10ac745b55ccf  -

real	0m19.969s
user	0m18.464s
sys	0m4.890s
10000+0 records in
10000+0 records out
10485760000 bytes (10 GB) copied, 20.5072 s, 511 MB/s
a02bf4596da9a0c3d2b10ac745b55ccf  -

real	0m20.521s
user	0m18.652s
sys	0m5.382s
10000+0 records in
10000+0 records out
10485760000 bytes (10 GB) copied, 20.1966 s, 519 MB/s
a02bf4596da9a0c3d2b10ac745b55ccf  -

real	0m20.199s
user	0m18.617s
sys	0m4.903s
10000+0 records in
10000+0 records out
10485760000 bytes (10 GB) copied, 20.2508 s, 518 MB/s
a02bf4596da9a0c3d2b10ac745b55ccf  -

real	0m20.272s
user	0m18.730s
sys	0m4.913s
10000+0 records in
10000+0 records out
10485760000 bytes (10 GB) copied, 20.0204 s, 524 MB/s
a02bf4596da9a0c3d2b10ac745b55ccf  -

real	0m20.023s
user	0m18.556s
sys	0m4.855s
10000+0 records in
10000+0 records out
10485760000 bytes (10 GB) copied, 21.0503 s, 498 MB/s
a02bf4596da9a0c3d2b10ac745b55ccf  -

real	0m21.076s
user	0m19.337s
sys	0m5.448s
10000+0 records in
10000+0 records out
10485760000 bytes (10 GB) copied, 20.0856 s, 522 MB/s
a02bf4596da9a0c3d2b10ac745b55ccf  -

real	0m20.088s
user	0m18.595s
sys	0m4.861s
10000+0 records in
10000+0 records out
10485760000 bytes (10 GB) copieda02bf4596da9a0c3d2b10ac745b55ccf  -
, 21.4974 s, 488 MB/s

real	0m21.521s
user	0m19.504s
sys	0m5.789s
10000+0 records in
10000+0 records out
10485760000 bytes (10 GB) copied, 19.9408 s, 526 MB/s
a02bf4596da9a0c3d2b10ac745b55ccf  -

real	0m19.944s
user	0m18.375s
sys	0m4.889s
10000+0 records in
10000+0 records out
10485760000 bytes (10 GB) copieda02bf4596da9a0c3d2b10ac745b55ccf  -
, 21.6448 s, 484 MB/s

real	0m21.667s
user	0m19.684s
sys	0m5.775s
10000+0 records in
10000+0 records out
10485760000 bytes (10 GB) copied, 20.0157 s, 524 MB/s
a02bf4596da9a0c3d2b10ac745b55ccf  -

real	0m20.018s
user	0m18.505s
sys	0m4.898s
10000+0 records in
10000+0 records out
10485760000 bytes (10 GB) copieda02bf4596da9a0c3d2b10ac745b55ccf  -
, 20.3211 s, 516 MB/s

real	0m20.343s
user	0m18.792s
sys	0m4.986s
10000+0 records in
10000+0 records out
10485760000 bytes (10 GB) copied, 20.2253 s, 518 MB/s
a02bf4596da9a0c3d2b10ac745b55ccf  -

real	0m20.228s
user	0m18.705s
sys	0m4.901s
10000+0 records in
10000+0 records out
10485760000 bytes (10 GB) copied, 20.0838 s, 522 MB/s
a02bf4596da9a0c3d2b10ac745b55ccf  -

real	0m20.099s
user	0m18.590s
sys	0m4.868s
10000+0 records in
10000+0 records out
10485760000 bytes (10 GB) copieda02bf4596da9a0c3d2b10ac745b55ccf  -
, 20.0594 s, 523 MB/s

real	0m20.062s
user	0m18.581s
sys	0m4.869s
10000+0 records in
10000+0 records out
10485760000 bytes (10 GB) copieda02bf4596da9a0c3d2b10ac745b55ccf  -
, 20.478 s, 512 MB/s

real	0m20.503s
user	0m18.814s
sys	0m5.161s
10000+0 records in
10000+0 records out
10485760000 bytes (10 GB) copied, 19.8738 s, 528 MB/s
a02bf4596da9a0c3d2b10ac745b55ccf  -

real	0m19.877s
user	0m18.354s
sys	0m4.878s
10000+0 records in
10000+0 records out
10485760000 bytes (10 GB) copied, 19.9404 s, 526 MB/s
a02bf4596da9a0c3d2b10ac745b55ccf  -

real	0m19.956s
user	0m18.483s
sys	0m4.824s
10000+0 records in
10000+0 records out
10485760000 bytes (10 GB) copieda02bf4596da9a0c3d2b10ac745b55ccf  -
, 20.9915 s, 500 MB/s

real	0m20.994s
user	0m19.275s
sys	0m5.427s
10000+0 records in
10000+0 records out
10485760000 bytes (10 GB) copied, 20.0039 s, 524 MB/s
a02bf4596da9a0c3d2b10ac745b55ccf  -

real	0m20.024s
user	0m18.524s
sys	0m4.852s
10000+0 records in
10000+0 records out
10485760000 bytes (10 GB) copied, 19.9064 s, 527 MB/s
a02bf4596da9a0c3d2b10ac745b55ccf  -

real	0m19.909s
user	0m18.340s
sys	0m4.896s
10000+0 records in
10000+0 records out
10485760000 bytes (10 GB) copieda02bf4596da9a0c3d2b10ac745b55ccf  -
, 20.2631 s, 517 MB/s

real	0m20.279s
user	0m18.475s
sys	0m5.309s
10000+0 records in
10000+0 records out
10485760000 bytes (10 GB) copied, 19.8974 s, 527 MB/s
a02bf4596da9a0c3d2b10ac745b55ccf  -

real	0m19.900s
user	0m18.436s
sys	0m4.814s
10000+0 records in
10000+0 records out
10485760000 bytes (10 GB) copied, 19.9319 s, 526 MB/s
a02bf4596da9a0c3d2b10ac745b55ccf  -

real	0m19.952s
user	0m18.434s
sys	0m4.860s
10000+0 records in
10000+0 records out
10485760000 bytes (10 GB) copied, 19.9416 s, 526 MB/s
a02bf4596da9a0c3d2b10ac745b55ccf  -

real	0m19.944s
user	0m18.482s
sys	0m4.853s
10000+0 records in
10000+0 records out
10485760000 bytes (10 GB) copied, 19.9689 s, 525 MB/s
a02bf4596da9a0c3d2b10ac745b55ccf  -

real	0m19.998s
user	0m18.482s
sys	0m4.892s
10000+0 records in
10000+0 records out
10485760000 bytes (10 GB) copied, 20.8384 s, 503 MB/s
a02bf4596da9a0c3d2b10ac745b55ccf  -

real	0m20.841s
user	0m19.103s
sys	0m5.409s
10000+0 records in
10000+0 records out
10485760000 bytes (10 GB) copieda02bf4596da9a0c3d2b10ac745b55ccf  -
, 21.6694 s, 484 MB/s

real	0m21.692s
user	0m19.590s
sys	0m5.877s
10000+0 records in
10000+0 records out
10485760000 bytes (10 GB) copieda02bf4596da9a0c3d2b10ac745b55ccf  -
, 19.9785 s, 525 MB/s

real	0m19.981s
user	0m18.419s
sys	0m4.980s
10000+0 records in
10000+0 records out
10485760000 bytes (10 GB) copieda02bf4596da9a0c3d2b10ac745b55ccf  -
, 22.0411 s, 476 MB/s

real	0m22.061s
user	0m19.161s
sys	0m6.559s
10000+0 records in
10000+0 records out
10485760000 bytes (10 GB) copieda02bf4596da9a0c3d2b10ac745b55ccf  -
, 20.0728 s, 522 MB/s

real	0m20.075s
user	0m18.564s
sys	0m4.926s
10000+0 records in
10000+0 records out
10485760000 bytes (10 GB) copieda02bf4596da9a0c3d2b10ac745b55ccf  -
, 22.1717 s, 473 MB/s

real	0m22.198s
user	0m19.165s
sys	0m6.670s
10000+0 records in
10000+0 records out
10485760000 bytes (10 GB) copieda02bf4596da9a0c3d2b10ac745b55ccf  -
, 21.4332 s, 489 MB/s

real	0m21.436s
user	0m19.529s
sys	0m5.718s
10000+0 records in
10000+0 records out
10485760000 bytes (10 GB) copieda02bf4596da9a0c3d2b10ac745b55ccf  -
, 20.1808 s, 520 MB/s

real	0m20.205s
user	0m18.627s
sys	0m4.979s
10000+0 records in
10000+0 records out
10485760000 bytes (10 GB) copieda02bf4596da9a0c3d2b10ac745b55ccf  -
, 20.7542 s, 505 MB/s

real	0m20.757s
user	0m19.043s
sys	0m5.336s
10000+0 records in
10000+0 records out
10485760000 bytes (10 GB) copieda02bf4596da9a0c3d2b10ac745b55ccf  -
, 21.3701 s, 491 MB/s

real	0m21.401s
user	0m19.502s
sys	0m5.667s
10000+0 records in
10000+0 records out
10485760000 bytes (10 GB) copied, 20.9649 s, 500 MB/s
a02bf4596da9a0c3d2b10ac745b55ccf  -

real	0m20.968s
user	0m19.298s
sys	0m5.360s
10000+0 records in
10000+0 records out
10485760000 bytes (10 GB) copied, 20.6639 s, 507 MB/s
a02bf4596da9a0c3d2b10ac745b55ccf  -

real	0m20.690s
user	0m19.011s
sys	0m5.254s
10000+0 records in
10000+0 records out
10485760000 bytes (10 GB) copied, 19.8582 s, 528 MB/s
a02bf4596da9a0c3d2b10ac745b55ccf  -

real	0m19.861s
user	0m18.374s
sys	0m4.826s
10000+0 records in
10000+0 records out
10485760000 bytes (10 GB) copieda02bf4596da9a0c3d2b10ac745b55ccf  -
, 21.7706 s, 482 MB/s

real	0m21.793s
user	0m18.986s
sys	0m6.398s
10000+0 records in
10000+0 records out
10485760000 bytes (10 GB) copieda02bf4596da9a0c3d2b10ac745b55ccf  -
, 20.3772 s, 515 MB/s

real	0m20.380s
user	0m18.646s
sys	0m5.210s
10000+0 records in
10000+0 records out
10485760000 bytes (10 GB) copieda02bf4596da9a0c3d2b10ac745b55ccf  -
, 19.615 s, 535 MB/s

real	0m19.635s
user	0m18.217s
sys	0m4.769s
10000+0 records in
10000+0 records out
10485760000 bytes (10 GB) copieda02bf4596da9a0c3d2b10ac745b55ccf  -
, 20.9996 s, 499 MB/s

real	0m21.002s
user	0m19.260s
sys	0m5.402s
10000+0 records in
10000+0 records out
10485760000 bytes (10 GB) copieda02bf4596da9a0c3d2b10ac745b55ccf  -
, 20.2228 s, 519 MB/s

real	0m20.248s
user	0m18.712s
sys	0m4.984s
10000+0 records in
10000+0 records out
10485760000 bytes (10 GB) copied, 20.9943 s, 499 MB/s
a02bf4596da9a0c3d2b10ac745b55ccf  -

real	0m20.997s
user	0m19.130s
sys	0m5.581s
10000+0 records in
10000+0 records out
10485760000 bytes (10 GB) copieda02bf4596da9a0c3d2b10ac745b55ccf  -
, 19.9096 s, 527 MB/s

real	0m19.930s
user	0m18.444s
sys	0m4.854s
10000+0 records in
10000+0 records out
10485760000 bytes (10 GB) copied, 20.5972 s, 509 MB/s
a02bf4596da9a0c3d2b10ac745b55ccf  -

real	0m20.600s
user	0m18.955s
sys	0m5.237s
10000+0 records in
10000+0 records out
10485760000 bytes (10 GB) copied, 20.0365 s, 523 MB/s
a02bf4596da9a0c3d2b10ac745b55ccf  -

real	0m20.057s
user	0m18.544s
sys	0m4.871s
10000+0 records in
10000+0 records out
10485760000 bytes (10 GB) copied, 21.02 s, 499 MB/s
a02bf4596da9a0c3d2b10ac745b55ccf  -

real	0m21.023s
user	0m19.033s
sys	0m5.636s
10000+0 records in
10000+0 records out
10485760000 bytes (10 GB) copied, 20.8018 s, 504 MB/s
a02bf4596da9a0c3d2b10ac745b55ccf  -

real	0m20.822s
user	0m19.141s
sys	0m5.318s
10000+0 records in
10000+0 records out
10485760000 bytes (10 GB) copieda02bf4596da9a0c3d2b10ac745b55ccf  -
, 20.4523 s, 513 MB/s

real	0m20.455s
user	0m18.765s
sys	0m5.223s
10000+0 records in
10000+0 records out
10485760000 bytes (10 GB) copied, 20.029 s, 524 MB/s
a02bf4596da9a0c3d2b10ac745b55ccf  -

real	0m20.056s
user	0m18.534s
sys	0m4.866s
10000+0 records in
10000+0 records out
10485760000 bytes (10 GB) copied, 20.4034 s, 514 MB/s
a02bf4596da9a0c3d2b10ac745b55ccf  -

real	0m20.406s
user	0m18.689s
sys	0m5.227s
10000+0 records in
10000+0 records out
10485760000 bytes (10 GB) copieda02bf4596da9a0c3d2b10ac745b55ccf  -
, 21.8707 s, 479 MB/s

real	0m21.889s
user	0m19.660s
sys	0m6.095s
10000+0 records in
10000+0 records out
10485760000 bytes (10 GB) copied, 19.9895 s, 525 MB/s
a02bf4596da9a0c3d2b10ac745b55ccf  -

real	0m19.992s
user	0m18.452s
sys	0m4.956s
10000+0 records in
10000+0 records out
10485760000 bytes (10 GB) copied, 21.4927 s, 488 MB/s
a02bf4596da9a0c3d2b10ac745b55ccf  -

real	0m21.518s
user	0m19.556s
sys	0m5.733s
10000+0 records in
10000+0 records out
10485760000 bytes (10 GB) copied, 19.8177 s, 529 MB/s
a02bf4596da9a0c3d2b10ac745b55ccf  -

real	0m19.820s
user	0m18.330s
sys	0m4.831s
10000+0 records in
10000+0 records out
a02bf4596da9a0c3d2b10ac745b55ccf  -
10485760000 bytes (10 GB) copied, 21.4067 s, 490 MB/s

real	0m21.427s
user	0m19.329s
sys	0m5.828s
10000+0 records in
10000+0 records out
10485760000 bytes (10 GB) copied, 19.9462 s, 526 MB/s
a02bf4596da9a0c3d2b10ac745b55ccf  -

real	0m19.949s
user	0m18.401s
sys	0m4.912s
10000+0 records in
10000+0 records out
10485760000 bytes (10 GB) copied, 22.0026 s, 477 MB/s
a02bf4596da9a0c3d2b10ac745b55ccf  -

real	0m22.027s
user	0m19.105s
sys	0m6.506s
10000+0 records in
10000+0 records out
10485760000 bytes (10 GB) copieda02bf4596da9a0c3d2b10ac745b55ccf  -
, 21.6026 s, 485 MB/s

real	0m21.605s
user	0m19.651s
sys	0m5.795s
10000+0 records in
10000+0 records out
10485760000 bytes (10 GB) copieda02bf4596da9a0c3d2b10ac745b55ccf  -
, 20.5534 s, 510 MB/s

real	0m20.568s
user	0m18.740s
sys	0m5.355s
