1000+0 records in
1000+0 records out
3c84e34b319946f6531a2c4559f588a8  -
1048576000 bytes (1.0 GB) copied, 2.20103 s, 476 MB/s

real	0m2.204s
user	0m1.963s
sys	0m0.536s
1000+0 records in
1000+0 records out
3c84e34b319946f6531a2c4559f588a8  -
1048576000 bytes (1.0 GB) copied, 2.27875 s, 460 MB/s

real	0m2.282s
user	0m2.068s
sys	0m0.568s
1000+0 records in
1000+0 records out
3c84e34b319946f6531a2c4559f588a8  -
1048576000 bytes (1.0 GB) copied, 2.18917 s, 479 MB/s

real	0m2.192s
user	0m1.899s
sys	0m0.496s
1000+0 records in
1000+0 records out
1048576000 bytes (1.0 GB) copied, 2.32761 s, 450 MB/s
3c84e34b319946f6531a2c4559f588a8  -

real	0m2.330s
user	0m2.134s
sys	0m0.607s
1000+0 records in
1000+0 records out
1048576000 bytes (1.0 GB) copied, 2.19632 s, 477 MB/s
3c84e34b319946f6531a2c4559f588a8  -

real	0m2.199s
user	0m1.999s
sys	0m0.556s
1000+0 records in
1000+0 records out
3c84e34b319946f6531a2c4559f588a8  -
1048576000 bytes (1.0 GB) copied, 2.55273 s, 411 MB/s

real	0m2.555s
user	0m2.015s
sys	0m0.833s
1000+0 records in
1000+0 records out
1048576000 bytes (1.0 GB) copied, 2.10788 s, 497 MB/s
3c84e34b319946f6531a2c4559f588a8  -

real	0m2.111s
user	0m1.877s
sys	0m0.511s
1000+0 records in
1000+0 records out
3c84e34b319946f6531a2c4559f588a8  -
1048576000 bytes (1.0 GB) copied, 2.39139 s, 438 MB/s

real	0m2.394s
user	0m2.067s
sys	0m0.650s
1000+0 records in
1000+0 records out
1048576000 bytes (1.0 GB) copied, 2.11848 s, 495 MB/s
3c84e34b319946f6531a2c4559f588a8  -

real	0m2.121s
user	0m1.887s
sys	0m0.522s
1000+0 records in
1000+0 records out
1048576000 bytes (1.0 GB) copied, 2.14852 s, 488 MB/s
3c84e34b319946f6531a2c4559f588a8  -

real	0m2.151s
user	0m1.923s
sys	0m0.527s
1000+0 records in
1000+0 records out
1048576000 bytes (1.0 GB) copied, 2.15507 s, 487 MB/s
3c84e34b319946f6531a2c4559f588a8  -

real	0m2.158s
user	0m1.942s
sys	0m0.492s
1000+0 records in
1000+0 records out
3c84e34b319946f6531a2c4559f588a8  -
1048576000 bytes (1.0 GB) copied, 2.33812 s, 448 MB/s

real	0m2.340s
user	0m2.091s
sys	0m0.602s
1000+0 records in
1000+0 records out
1048576000 bytes (1.0 GB) copied, 2.15788 s, 486 MB/s
3c84e34b319946f6531a2c4559f588a8  -

real	0m2.160s
user	0m1.958s
sys	0m0.513s
1000+0 records in
1000+0 records out
3c84e34b319946f6531a2c4559f588a8  -
1048576000 bytes (1.0 GB) copied, 2.43948 s, 430 MB/s

real	0m2.442s
user	0m2.067s
sys	0m0.764s
1000+0 records in
1000+0 records out
1048576000 bytes (1.0 GB) copied, 2.09767 s, 500 MB/s
3c84e34b319946f6531a2c4559f588a8  -

real	0m2.101s
user	0m1.895s
sys	0m0.530s
1000+0 records in
1000+0 records out
3c84e34b319946f6531a2c4559f588a8  -
1048576000 bytes (1.0 GB) copied, 2.33566 s, 449 MB/s

real	0m2.338s
user	0m2.107s
sys	0m0.612s
1000+0 records in
1000+0 records out
3c84e34b319946f6531a2c4559f588a8  -
1048576000 bytes (1.0 GB) copied, 2.20445 s, 476 MB/s

real	0m2.207s
user	0m1.934s
sys	0m0.518s
1000+0 records in
1000+0 records out
1048576000 bytes (1.0 GB) copied, 2.45292 s, 427 MB/s
3c84e34b319946f6531a2c4559f588a8  -

real	0m2.455s
user	0m2.042s
sys	0m0.787s
1000+0 records in
1000+0 records out
1048576000 bytes (1.0 GB) copied, 2.13156 s, 492 MB/s
3c84e34b319946f6531a2c4559f588a8  -

real	0m2.134s
user	0m1.839s
sys	0m0.605s
1000+0 records in
1000+0 records out
1048576000 bytes (1.0 GB) copied, 2.1331 s, 492 MB/s
3c84e34b319946f6531a2c4559f588a8  -

real	0m2.136s
user	0m1.906s
sys	0m0.514s
1000+0 records in
1000+0 records out
1048576000 bytes (1.0 GB) copied, 2.35274 s, 446 MB/s
3c84e34b319946f6531a2c4559f588a8  -

real	0m2.355s
user	0m2.025s
sys	0m0.653s
1000+0 records in
1000+0 records out
1048576000 bytes (1.0 GB) copied, 2.49191 s, 421 MB/s
3c84e34b319946f6531a2c4559f588a8  -

real	0m2.495s
user	0m2.031s
sys	0m0.802s
1000+0 records in
1000+0 records out
1048576000 bytes (1.0 GB) copied, 2.23865 s, 468 MB/s
3c84e34b319946f6531a2c4559f588a8  -

real	0m2.241s
user	0m2.007s
sys	0m0.587s
1000+0 records in
1000+0 records out
3c84e34b319946f6531a2c4559f588a8  -
1048576000 bytes (1.0 GB) copied, 2.51824 s, 416 MB/s

real	0m2.521s
user	0m2.015s
sys	0m0.838s
1000+0 records in
1000+0 records out
1048576000 bytes (1.0 GB) copied, 2.17227 s, 483 MB/s
3c84e34b319946f6531a2c4559f588a8  -

real	0m2.175s
user	0m1.942s
sys	0m0.537s
1000+0 records in
1000+0 records out
3c84e34b319946f6531a2c4559f588a8  -
1048576000 bytes (1.0 GB) copied, 2.47132 s, 424 MB/s

real	0m2.474s
user	0m2.038s
sys	0m0.737s
1000+0 records in
1000+0 records out
1048576000 bytes (1.0 GB) copied, 2.28472 s, 459 MB/s
3c84e34b319946f6531a2c4559f588a8  -

real	0m2.287s
user	0m2.024s
sys	0m0.617s
1000+0 records in
1000+0 records out
3c84e34b319946f6531a2c4559f588a8  -
1048576000 bytes (1.0 GB) copied, 2.50072 s, 419 MB/s

real	0m2.503s
user	0m2.023s
sys	0m0.790s
1000+0 records in
1000+0 records out
1048576000 bytes (1.0 GB) copied, 2.04929 s, 512 MB/s
3c84e34b319946f6531a2c4559f588a8  -

real	0m2.052s
user	0m1.869s
sys	0m0.484s
1000+0 records in
1000+0 records out
1048576000 bytes (1.0 GB) copied, 2.17668 s, 482 MB/s
3c84e34b319946f6531a2c4559f588a8  -

real	0m2.179s
user	0m1.944s
sys	0m0.557s
1000+0 records in
1000+0 records out
1048576000 bytes (1.0 GB) copied, 2.08812 s, 502 MB/s
3c84e34b319946f6531a2c4559f588a8  -

real	0m2.091s
user	0m1.900s
sys	0m0.542s
1000+0 records in
1000+0 records out
3c84e34b319946f6531a2c4559f588a8  -
1048576000 bytes (1.0 GB) copied, 2.40718 s, 436 MB/s

real	0m2.409s
user	0m1.997s
sys	0m0.729s
1000+0 records in
1000+0 records out
1048576000 bytes (1.0 GB) copied, 2.38127 s, 440 MB/s
3c84e34b319946f6531a2c4559f588a8  -

real	0m2.384s
user	0m1.998s
sys	0m0.569s
1000+0 records in
1000+0 records out
3c84e34b319946f6531a2c4559f588a8  -
1048576000 bytes (1.0 GB) copied, 2.53057 s, 414 MB/s

real	0m2.533s
user	0m1.969s
sys	0m0.829s
1000+0 records in
1000+0 records out
1048576000 bytes (1.0 GB) copied, 2.21811 s, 473 MB/s
3c84e34b319946f6531a2c4559f588a8  -

real	0m2.220s
user	0m1.943s
sys	0m0.528s
1000+0 records in
1000+0 records out
3c84e34b319946f6531a2c4559f588a8  -
1048576000 bytes (1.0 GB) copied, 2.36337 s, 444 MB/s

real	0m2.366s
user	0m2.087s
sys	0m0.629s
1000+0 records in
1000+0 records out
3c84e34b319946f6531a2c4559f588a8  -
1048576000 bytes (1.0 GB) copied, 2.13939 s, 490 MB/s

real	0m2.142s
user	0m1.949s
sys	0m0.511s
1000+0 records in
1000+0 records out
1048576000 bytes (1.0 GB) copied, 2.36508 s, 443 MB/s
3c84e34b319946f6531a2c4559f588a8  -

real	0m2.368s
user	0m2.065s
sys	0m0.697s
1000+0 records in
1000+0 records out
1048576000 bytes (1.0 GB) copied, 2.07035 s, 506 MB/s
3c84e34b319946f6531a2c4559f588a8  -

real	0m2.073s
user	0m1.886s
sys	0m0.506s
1000+0 records in
1000+0 records out
1048576000 bytes (1.0 GB) copied, 2.18386 s, 480 MB/s
3c84e34b319946f6531a2c4559f588a8  -

real	0m2.187s
user	0m1.901s
sys	0m0.580s
1000+0 records in
1000+0 records out
1048576000 bytes (1.0 GB) copied, 2.1701 s, 483 MB/s
3c84e34b319946f6531a2c4559f588a8  -

real	0m2.173s
user	0m1.968s
sys	0m0.533s
1000+0 records in
1000+0 records out
3c84e34b319946f6531a2c4559f588a8  -
1048576000 bytes (1.0 GB) copied, 2.47482 s, 424 MB/s

real	0m2.477s
user	0m2.086s
sys	0m0.776s
1000+0 records in
1000+0 records out
1048576000 bytes (1.0 GB) copied, 2.15089 s, 488 MB/s
3c84e34b319946f6531a2c4559f588a8  -

real	0m2.154s
user	0m1.948s
sys	0m0.520s
1000+0 records in
1000+0 records out
3c84e34b319946f6531a2c4559f588a8  -
1048576000 bytes (1.0 GB) copied, 2.39338 s, 438 MB/s

real	0m2.396s
user	0m2.128s
sys	0m0.624s
1000+0 records in
1000+0 records out
1048576000 bytes (1.0 GB) copied, 2.21977 s, 472 MB/s
3c84e34b319946f6531a2c4559f588a8  -

real	0m2.222s
user	0m1.972s
sys	0m0.563s
1000+0 records in
1000+0 records out
3c84e34b319946f6531a2c4559f588a8  -
1048576000 bytes (1.0 GB) copied, 2.39939 s, 437 MB/s

real	0m2.402s
user	0m2.074s
sys	0m0.673s
1000+0 records in
1000+0 records out
1048576000 bytes (1.0 GB) copied, 2.20947 s, 475 MB/s
3c84e34b319946f6531a2c4559f588a8  -

real	0m2.212s
user	0m1.965s
sys	0m0.544s
1000+0 records in
1000+0 records out
3c84e34b319946f6531a2c4559f588a8  -
1048576000 bytes (1.0 GB) copied, 2.37272 s, 442 MB/s

real	0m2.375s
user	0m2.039s
sys	0m0.646s
1000+0 records in
1000+0 records out
1048576000 bytes (1.0 GB) copied, 2.09021 s, 502 MB/s
3c84e34b319946f6531a2c4559f588a8  -

real	0m2.094s
user	0m1.887s
sys	0m0.512s
1000+0 records in
1000+0 records out
1048576000 bytes (1.0 GB) copied, 2.10433 s, 498 MB/s
3c84e34b319946f6531a2c4559f588a8  -

real	0m2.107s
user	0m1.910s
sys	0m0.562s
1000+0 records in
1000+0 records out
1048576000 bytes (1.0 GB) copied, 2.12397 s, 494 MB/s
3c84e34b319946f6531a2c4559f588a8  -

real	0m2.127s
user	0m1.970s
sys	0m0.487s
1000+0 records in
1000+0 records out
3c84e34b319946f6531a2c4559f588a8  -
1048576000 bytes (1.0 GB) copied, 2.38747 s, 439 MB/s

real	0m2.390s
user	0m2.050s
sys	0m0.672s
1000+0 records in
1000+0 records out
1048576000 bytes (1.0 GB) copied, 2.14509 s, 489 MB/s
3c84e34b319946f6531a2c4559f588a8  -

real	0m2.148s
user	0m1.928s
sys	0m0.509s
1000+0 records in
1000+0 records out
3c84e34b319946f6531a2c4559f588a8  -
1048576000 bytes (1.0 GB) copied, 2.45867 s, 426 MB/s

real	0m2.461s
user	0m2.026s
sys	0m0.749s
1000+0 records in
1000+0 records out
3c84e34b319946f6531a2c4559f588a8  -
1048576000 bytes (1.0 GB) copied, 2.15476 s, 487 MB/s

real	0m2.157s
user	0m1.949s
sys	0m0.527s
1000+0 records in
1000+0 records out
1048576000 bytes (1.0 GB) copied, 2.37615 s, 441 MB/s
3c84e34b319946f6531a2c4559f588a8  -

real	0m2.379s
user	0m2.063s
sys	0m0.678s
1000+0 records in
1000+0 records out
1048576000 bytes (1.0 GB) copied, 2.12528 s, 493 MB/s
3c84e34b319946f6531a2c4559f588a8  -

real	0m2.128s
user	0m1.952s
sys	0m0.490s
1000+0 records in
1000+0 records out
3c84e34b319946f6531a2c4559f588a8  -
1048576000 bytes (1.0 GB) copied, 2.44013 s, 430 MB/s

real	0m2.443s
user	0m2.103s
sys	0m0.670s
1000+0 records in
1000+0 records out
1048576000 bytes (1.0 GB) copied, 2.00113 s, 524 MB/s
3c84e34b319946f6531a2c4559f588a8  -

real	0m2.004s
user	0m1.805s
sys	0m0.501s
1000+0 records in
1000+0 records out
1048576000 bytes (1.0 GB) copied, 2.10757 s, 498 MB/s
3c84e34b319946f6531a2c4559f588a8  -

real	0m2.111s
user	0m1.937s
sys	0m0.540s
1000+0 records in
1000+0 records out
1048576000 bytes (1.0 GB) copied, 2.12028 s, 495 MB/s
3c84e34b319946f6531a2c4559f588a8  -

real	0m2.123s
user	0m1.903s
sys	0m0.536s
1000+0 records in
1000+0 records out
3c84e34b319946f6531a2c4559f588a8  -
1048576000 bytes (1.0 GB) copied, 2.40706 s, 436 MB/s

real	0m2.409s
user	0m2.082s
sys	0m0.649s
1000+0 records in
1000+0 records out
1048576000 bytes (1.0 GB) copied, 2.20874 s, 475 MB/s
3c84e34b319946f6531a2c4559f588a8  -

real	0m2.211s
user	0m1.993s
sys	0m0.588s
1000+0 records in
1000+0 records out
3c84e34b319946f6531a2c4559f588a8  -
1048576000 bytes (1.0 GB) copied, 2.57591 s, 407 MB/s

real	0m2.579s
user	0m1.997s
sys	0m0.817s
1000+0 records in
1000+0 records out
3c84e34b319946f6531a2c4559f588a8  -
1048576000 bytes (1.0 GB) copied, 2.20042 s, 477 MB/s

real	0m2.203s
user	0m1.975s
sys	0m0.521s
1000+0 records in
1000+0 records out
1048576000 bytes (1.0 GB) copied, 2.33019 s, 450 MB/s
3c84e34b319946f6531a2c4559f588a8  -

real	0m2.333s
user	0m2.084s
sys	0m0.613s
1000+0 records in
1000+0 records out
1048576000 bytes (1.0 GB) copied, 2.16688 s, 484 MB/s
3c84e34b319946f6531a2c4559f588a8  -

real	0m2.169s
user	0m1.984s
sys	0m0.512s
1000+0 records in
1000+0 records out
3c84e34b319946f6531a2c4559f588a8  -
1048576000 bytes (1.0 GB) copied, 2.52559 s, 415 MB/s

real	0m2.528s
user	0m2.046s
sys	0m0.831s
1000+0 records in
1000+0 records out
1048576000 bytes (1.0 GB) copied, 2.06255 s, 508 MB/s
3c84e34b319946f6531a2c4559f588a8  -

real	0m2.065s
user	0m1.903s
sys	0m0.495s
1000+0 records in
1000+0 records out
1048576000 bytes (1.0 GB) copied, 2.10613 s, 498 MB/s
3c84e34b319946f6531a2c4559f588a8  -

real	0m2.109s
user	0m1.914s
sys	0m0.567s
1000+0 records in
1000+0 records out
1048576000 bytes (1.0 GB) copied, 2.17959 s, 481 MB/s
3c84e34b319946f6531a2c4559f588a8  -

real	0m2.183s
user	0m1.918s
sys	0m0.549s
1000+0 records in
1000+0 records out
1048576000 bytes (1.0 GB) copied3c84e34b319946f6531a2c4559f588a8  -
, 2.39003 s, 439 MB/s

real	0m2.393s
user	0m2.081s
sys	0m0.668s
1000+0 records in
1000+0 records out
1048576000 bytes (1.0 GB) copied, 2.12626 s, 493 MB/s
3c84e34b319946f6531a2c4559f588a8  -

real	0m2.129s
user	0m1.972s
sys	0m0.503s
1000+0 records in
1000+0 records out
3c84e34b319946f6531a2c4559f588a8  -
1048576000 bytes (1.0 GB) copied, 2.43127 s, 431 MB/s

real	0m2.434s
user	0m2.111s
sys	0m0.668s
1000+0 records in
1000+0 records out
1048576000 bytes (1.0 GB) copied, 2.12867 s, 493 MB/s
3c84e34b319946f6531a2c4559f588a8  -

real	0m2.131s
user	0m1.894s
sys	0m0.504s
1000+0 records in
1000+0 records out
3c84e34b319946f6531a2c4559f588a8  -
1048576000 bytes (1.0 GB) copied, 2.44763 s, 428 MB/s

real	0m2.450s
user	0m2.077s
sys	0m0.732s
1000+0 records in
1000+0 records out
1048576000 bytes (1.0 GB) copied, 2.05931 s, 509 MB/s
3c84e34b319946f6531a2c4559f588a8  -

real	0m2.062s
user	0m1.898s
sys	0m0.506s
1000+0 records in
1000+0 records out
3c84e34b319946f6531a2c4559f588a8  -
1048576000 bytes (1.0 GB) copied, 2.3709 s, 442 MB/s

real	0m2.374s
user	0m2.061s
sys	0m0.671s
1000+0 records in
1000+0 records out
1048576000 bytes (1.0 GB) copied, 2.15061 s, 488 MB/s
3c84e34b319946f6531a2c4559f588a8  -

real	0m2.153s
user	0m1.973s
sys	0m0.549s
1000+0 records in
1000+0 records out
1048576000 bytes (1.0 GB) copied, 2.1599 s, 485 MB/s
3c84e34b319946f6531a2c4559f588a8  -

real	0m2.163s
user	0m1.994s
sys	0m0.519s
1000+0 records in
1000+0 records out
1048576000 bytes (1.0 GB) copied, 2.2783 s, 460 MB/s
3c84e34b319946f6531a2c4559f588a8  -

real	0m2.281s
user	0m2.023s
sys	0m0.576s
1000+0 records in
1000+0 records out
3c84e34b319946f6531a2c4559f588a8  -
1048576000 bytes (1.0 GB) copied, 2.50056 s, 419 MB/s

real	0m2.504s
user	0m1.978s
sys	0m0.871s
1000+0 records in
1000+0 records out
1048576000 bytes (1.0 GB) copied, 2.3647 s, 443 MB/s
3c84e34b319946f6531a2c4559f588a8  -

real	0m2.367s
user	0m2.013s
sys	0m0.742s
1000+0 records in
1000+0 records out
3c84e34b319946f6531a2c4559f588a8  -
1048576000 bytes (1.0 GB) copied, 2.47454 s, 424 MB/s

real	0m2.477s
user	0m2.063s
sys	0m0.707s
1000+0 records in
1000+0 records out
3c84e34b319946f6531a2c4559f588a8  -
1048576000 bytes (1.0 GB) copied, 2.2438 s, 467 MB/s

real	0m2.246s
user	0m1.977s
sys	0m0.536s
1000+0 records in
1000+0 records out
1048576000 bytes (1.0 GB) copied, 2.27877 s, 460 MB/s
3c84e34b319946f6531a2c4559f588a8  -

real	0m2.281s
user	0m2.066s
sys	0m0.629s
1000+0 records in
1000+0 records out
1048576000 bytes (1.0 GB) copied, 2.28157 s, 460 MB/s
3c84e34b319946f6531a2c4559f588a8  -

real	0m2.284s
user	0m2.034s
sys	0m0.547s
1000+0 records in
1000+0 records out
3c84e34b319946f6531a2c4559f588a8  -
1048576000 bytes (1.0 GB) copied, 2.28675 s, 459 MB/s

real	0m2.289s
user	0m2.032s
sys	0m0.536s
1000+0 records in
1000+0 records out
1048576000 bytes (1.0 GB) copied, 2.10565 s, 498 MB/s
3c84e34b319946f6531a2c4559f588a8  -

real	0m2.108s
user	0m1.894s
sys	0m0.546s
1000+0 records in
1000+0 records out
1048576000 bytes (1.0 GB) copied, 2.11483 s, 496 MB/s
3c84e34b319946f6531a2c4559f588a8  -

real	0m2.117s
user	0m1.892s
sys	0m0.509s
1000+0 records in
1000+0 records out
1048576000 bytes (1.0 GB) copied, 2.2834 s, 459 MB/s
3c84e34b319946f6531a2c4559f588a8  -

real	0m2.286s
user	0m2.027s
sys	0m0.579s
1000+0 records in
1000+0 records out
3c84e34b319946f6531a2c4559f588a8  -
1048576000 bytes (1.0 GB) copied, 2.43446 s, 431 MB/s

real	0m2.437s
user	0m1.961s
sys	0m0.834s
1000+0 records in
1000+0 records out
3c84e34b319946f6531a2c4559f588a8  -
1048576000 bytes (1.0 GB) copied, 2.20992 s, 474 MB/s

real	0m2.213s
user	0m1.899s
sys	0m0.531s
1000+0 records in
1000+0 records out
1048576000 bytes (1.0 GB) copied, 2.25537 s, 465 MB/s
3c84e34b319946f6531a2c4559f588a8  -

real	0m2.258s
user	0m2.050s
sys	0m0.613s
1000+0 records in
1000+0 records out
3c84e34b319946f6531a2c4559f588a8  -
1048576000 bytes (1.0 GB) copied, 2.23993 s, 468 MB/s

real	0m2.242s
user	0m1.954s
sys	0m0.509s
1000+0 records in
1000+0 records out
1048576000 bytes (1.0 GB) copied, 2.3486 s, 446 MB/s
3c84e34b319946f6531a2c4559f588a8  -

real	0m2.351s
user	0m2.088s
sys	0m0.615s
1000+0 records in
1000+0 records out
1048576000 bytes (1.0 GB) copied, 2.16639 s, 484 MB/s
3c84e34b319946f6531a2c4559f588a8  -

real	0m2.169s
user	0m1.956s
sys	0m0.521s
1000+0 records in
1000+0 records out
3c84e34b319946f6531a2c4559f588a8  -
1048576000 bytes (1.0 GB) copied, 2.38307 s, 440 MB/s

real	0m2.385s
user	0m2.063s
sys	0m0.662s
1000+0 records in
1000+0 records out
1048576000 bytes (1.0 GB) copied, 2.01987 s, 519 MB/s
3c84e34b319946f6531a2c4559f588a8  -

real	0m2.022s
user	0m1.844s
sys	0m0.471s
1000+0 records in
1000+0 records out
1048576000 bytes (1.0 GB) copied, 2.1755 s, 482 MB/s
3c84e34b319946f6531a2c4559f588a8  -

real	0m2.178s
user	0m1.877s
sys	0m0.590s
1000+0 records in
1000+0 records out
3c84e34b319946f6531a2c4559f588a8  -
1048576000 bytes (1.0 GB) copied, 2.22492 s, 471 MB/s

real	0m2.227s
user	0m2.054s
sys	0m0.539s
1000+0 records in
1000+0 records out
1048576000 bytes (1.0 GB) copied, 2.26538 s, 463 MB/s
3c84e34b319946f6531a2c4559f588a8  -

real	0m2.268s
user	0m2.049s
sys	0m0.533s
1000+0 records in
1000+0 records out
1048576000 bytes (1.0 GB) copied, 2.15149 s, 487 MB/s
3c84e34b319946f6531a2c4559f588a8  -

real	0m2.154s
user	0m1.970s
sys	0m0.517s
1000+0 records in
1000+0 records out
3c84e34b319946f6531a2c4559f588a8  -
1048576000 bytes (1.0 GB) copied, 2.37863 s, 441 MB/s

real	0m2.381s
user	0m2.100s
sys	0m0.621s
1000+0 records in
1000+0 records out
1048576000 bytes (1.0 GB) copied, 2.14938 s, 488 MB/s
3c84e34b319946f6531a2c4559f588a8  -

real	0m2.152s
user	0m1.982s
sys	0m0.502s
1000+0 records in
1000+0 records out
3c84e34b319946f6531a2c4559f588a8  -
1048576000 bytes (1.0 GB) copied, 2.39503 s, 438 MB/s

real	0m2.397s
user	0m2.108s
sys	0m0.578s
1000+0 records in
1000+0 records out
1048576000 bytes (1.0 GB) copied, 2.13222 s, 492 MB/s
3c84e34b319946f6531a2c4559f588a8  -

real	0m2.135s
user	0m1.899s
sys	0m0.518s
1000+0 records in
1000+0 records out
3c84e34b319946f6531a2c4559f588a8  -
1048576000 bytes (1.0 GB) copied, 2.49801 s, 420 MB/s

real	0m2.500s
user	0m2.093s
sys	0m0.686s
1000+0 records in
1000+0 records out
1048576000 bytes (1.0 GB) copied, 2.05937 s, 509 MB/s
3c84e34b319946f6531a2c4559f588a8  -

real	0m2.063s
user	0m1.879s
sys	0m0.492s
1000+0 records in
1000+0 records out
3c84e34b319946f6531a2c4559f588a8  -
1048576000 bytes (1.0 GB) copied, 2.1762 s, 482 MB/s

real	0m2.179s
user	0m1.918s
sys	0m0.547s
1000+0 records in
1000+0 records out
1048576000 bytes (1.0 GB) copied, 2.19552 s, 478 MB/s
3c84e34b319946f6531a2c4559f588a8  -

real	0m2.199s
user	0m1.977s
sys	0m0.526s
1000+0 records in
1000+0 records out
3c84e34b319946f6531a2c4559f588a8  -
1048576000 bytes (1.0 GB) copied, 2.50406 s, 419 MB/s

real	0m2.507s
user	0m2.058s
sys	0m0.808s
1000+0 records in
1000+0 records out
1048576000 bytes (1.0 GB) copied, 2.20539 s, 475 MB/s
3c84e34b319946f6531a2c4559f588a8  -

real	0m2.208s
user	0m1.951s
sys	0m0.505s
1000+0 records in
1000+0 records out
3c84e34b319946f6531a2c4559f588a8  -
1048576000 bytes (1.0 GB) copied, 2.37605 s, 441 MB/s

real	0m2.379s
user	0m2.057s
sys	0m0.682s
1000+0 records in
1000+0 records out
1048576000 bytes (1.0 GB) copied, 2.07041 s, 506 MB/s
3c84e34b319946f6531a2c4559f588a8  -

real	0m2.073s
user	0m1.888s
sys	0m0.509s
1000+0 records in
1000+0 records out
3c84e34b319946f6531a2c4559f588a8  -
1048576000 bytes (1.0 GB) copied, 2.34878 s, 446 MB/s

real	0m2.351s
user	0m2.092s
sys	0m0.606s
1000+0 records in
1000+0 records out
3c84e34b319946f6531a2c4559f588a8  -
1048576000 bytes (1.0 GB) copied, 2.19359 s, 478 MB/s

real	0m2.196s
user	0m1.908s
sys	0m0.514s
1000+0 records in
1000+0 records out
1048576000 bytes (1.0 GB) copied, 2.28659 s, 459 MB/s
3c84e34b319946f6531a2c4559f588a8  -

real	0m2.289s
user	0m2.047s
sys	0m0.629s
1000+0 records in
1000+0 records out
1048576000 bytes (1.0 GB) copied, 2.0879 s, 502 MB/s
3c84e34b319946f6531a2c4559f588a8  -

real	0m2.091s
user	0m1.886s
sys	0m0.512s
1000+0 records in
1000+0 records out
1048576000 bytes (1.0 GB) copied, 2.18429 s, 480 MB/s
3c84e34b319946f6531a2c4559f588a8  -

real	0m2.187s
user	0m1.949s
sys	0m0.562s
1000+0 records in
1000+0 records out
1048576000 bytes (1.0 GB) copied, 2.21325 s, 474 MB/s
3c84e34b319946f6531a2c4559f588a8  -

real	0m2.216s
user	0m1.997s
sys	0m0.546s
1000+0 records in
1000+0 records out
1048576000 bytes (1.0 GB) copied3c84e34b319946f6531a2c4559f588a8  -
, 2.33924 s, 448 MB/s

real	0m2.342s
user	0m2.110s
sys	0m0.588s
1000+0 records in
1000+0 records out
1048576000 bytes (1.0 GB) copied, 2.24366 s, 467 MB/s
3c84e34b319946f6531a2c4559f588a8  -

real	0m2.246s
user	0m2.032s
sys	0m0.546s
1000+0 records in
1000+0 records out
3c84e34b319946f6531a2c4559f588a8  -
1048576000 bytes (1.0 GB) copied, 2.29265 s, 457 MB/s

real	0m2.295s
user	0m2.052s
sys	0m0.520s
1000+0 records in
1000+0 records out
3c84e34b319946f6531a2c4559f588a8  -
1048576000 bytes (1.0 GB) copied, 2.25368 s, 465 MB/s

real	0m2.257s
user	0m2.016s
sys	0m0.506s
1000+0 records in
1000+0 records out
1048576000 bytes (1.0 GB) copied, 2.29584 s, 457 MB/s
3c84e34b319946f6531a2c4559f588a8  -

real	0m2.299s
user	0m2.089s
sys	0m0.610s
1000+0 records in
1000+0 records out
3c84e34b319946f6531a2c4559f588a8  -
1048576000 bytes (1.0 GB) copied, 2.34375 s, 447 MB/s

real	0m2.346s
user	0m2.086s
sys	0m0.579s
1000+0 records in
1000+0 records out
1048576000 bytes (1.0 GB) copied3c84e34b319946f6531a2c4559f588a8  -
, 2.38368 s, 440 MB/s

real	0m2.386s
user	0m2.128s
sys	0m0.595s
1000+0 records in
1000+0 records out
1048576000 bytes (1.0 GB) copied, 2.06862 s, 507 MB/s
3c84e34b319946f6531a2c4559f588a8  -

real	0m2.071s
user	0m1.877s
sys	0m0.497s
1000+0 records in
1000+0 records out
1048576000 bytes (1.0 GB) copied, 2.10425 s, 498 MB/s
3c84e34b319946f6531a2c4559f588a8  -

real	0m2.107s
user	0m1.895s
sys	0m0.553s
1000+0 records in
1000+0 records out
1048576000 bytes (1.0 GB) copied, 2.18825 s, 479 MB/s
3c84e34b319946f6531a2c4559f588a8  -

real	0m2.191s
user	0m1.941s
sys	0m0.536s
1000+0 records in
1000+0 records out
3c84e34b319946f6531a2c4559f588a8  -
1048576000 bytes (1.0 GB) copied, 2.4292 s, 432 MB/s

real	0m2.432s
user	0m2.031s
sys	0m0.733s
1000+0 records in
1000+0 records out
1048576000 bytes (1.0 GB) copied, 2.10934 s, 497 MB/s
3c84e34b319946f6531a2c4559f588a8  -

real	0m2.112s
user	0m1.955s
sys	0m0.494s
1000+0 records in
1000+0 records out
3c84e34b319946f6531a2c4559f588a8  -
1048576000 bytes (1.0 GB) copied, 2.429 s, 432 MB/s

real	0m2.432s
user	0m2.064s
sys	0m0.725s
1000+0 records in
1000+0 records out
1048576000 bytes (1.0 GB) copied, 2.11651 s, 495 MB/s
3c84e34b319946f6531a2c4559f588a8  -

real	0m2.119s
user	0m1.916s
sys	0m0.525s
1000+0 records in
1000+0 records out
3c84e34b319946f6531a2c4559f588a8  -
1048576000 bytes (1.0 GB) copied, 2.51036 s, 418 MB/s

real	0m2.513s
user	0m2.100s
sys	0m0.758s
1000+0 records in
1000+0 records out
3c84e34b319946f6531a2c4559f588a8  -
1048576000 bytes (1.0 GB) copied, 2.10474 s, 498 MB/s

real	0m2.107s
user	0m1.916s
sys	0m0.497s
1000+0 records in
1000+0 records out
1048576000 bytes (1.0 GB) copied, 2.368 s, 443 MB/s
3c84e34b319946f6531a2c4559f588a8  -

real	0m2.371s
user	0m2.060s
sys	0m0.696s
1000+0 records in
1000+0 records out
1048576000 bytes (1.0 GB) copied, 2.06637 s, 507 MB/s
3c84e34b319946f6531a2c4559f588a8  -

real	0m2.069s
user	0m1.868s
sys	0m0.495s
1000+0 records in
1000+0 records out
1048576000 bytes (1.0 GB) copied, 2.13099 s, 492 MB/s
3c84e34b319946f6531a2c4559f588a8  -

real	0m2.134s
user	0m1.956s
sys	0m0.549s
1000+0 records in
1000+0 records out
1048576000 bytes (1.0 GB) copied, 2.36466 s, 443 MB/s
3c84e34b319946f6531a2c4559f588a8  -

real	0m2.367s
user	0m2.127s
sys	0m0.619s
1000+0 records in
1000+0 records out
3c84e34b319946f6531a2c4559f588a8  -
1048576000 bytes (1.0 GB) copied, 2.67914 s, 391 MB/s

real	0m2.681s
user	0m2.117s
sys	0m0.896s
1000+0 records in
1000+0 records out
1048576000 bytes (1.0 GB) copied, 2.1011 s, 499 MB/s
3c84e34b319946f6531a2c4559f588a8  -

real	0m2.104s
user	0m1.941s
sys	0m0.501s
1000+0 records in
1000+0 records out
3c84e34b319946f6531a2c4559f588a8  -
1048576000 bytes (1.0 GB) copied, 2.52249 s, 416 MB/s

real	0m2.525s
user	0m2.040s
sys	0m0.795s
1000+0 records in
1000+0 records out
1048576000 bytes (1.0 GB) copied, 2.1566 s, 486 MB/s
3c84e34b319946f6531a2c4559f588a8  -

real	0m2.159s
user	0m1.924s
sys	0m0.504s
1000+0 records in
1000+0 records out
3c84e34b319946f6531a2c4559f588a8  -
1048576000 bytes (1.0 GB) copied, 2.52217 s, 416 MB/s

real	0m2.525s
user	0m2.081s
sys	0m0.756s
1000+0 records in
1000+0 records out
1048576000 bytes (1.0 GB) copied, 2.11092 s, 497 MB/s
3c84e34b319946f6531a2c4559f588a8  -

real	0m2.114s
user	0m1.897s
sys	0m0.523s
1000+0 records in
1000+0 records out
3c84e34b319946f6531a2c4559f588a8  -
1048576000 bytes (1.0 GB) copied, 2.35609 s, 445 MB/s

real	0m2.359s
user	0m2.076s
sys	0m0.617s
1000+0 records in
1000+0 records out
1048576000 bytes (1.0 GB) copied, 2.07598 s, 505 MB/s
3c84e34b319946f6531a2c4559f588a8  -

real	0m2.079s
user	0m1.876s
sys	0m0.502s
1000+0 records in
1000+0 records out
1048576000 bytes (1.0 GB) copied, 2.13676 s, 491 MB/s
3c84e34b319946f6531a2c4559f588a8  -

real	0m2.139s
user	0m1.936s
sys	0m0.569s
1000+0 records in
1000+0 records out
1048576000 bytes (1.0 GB) copied, 2.09159 s, 501 MB/s
3c84e34b319946f6531a2c4559f588a8  -

real	0m2.094s
user	0m1.899s
sys	0m0.537s
1000+0 records in
1000+0 records out
3c84e34b319946f6531a2c4559f588a8  -
1048576000 bytes (1.0 GB) copied, 2.44654 s, 429 MB/s

real	0m2.449s
user	0m2.054s
sys	0m0.733s
1000+0 records in
1000+0 records out
1048576000 bytes (1.0 GB) copied, 2.16266 s, 485 MB/s
3c84e34b319946f6531a2c4559f588a8  -

real	0m2.165s
user	0m1.961s
sys	0m0.500s
1000+0 records in
1000+0 records out
3c84e34b319946f6531a2c4559f588a8  -
1048576000 bytes (1.0 GB) copied, 2.51253 s, 417 MB/s

real	0m2.515s
user	0m2.067s
sys	0m0.733s
1000+0 records in
1000+0 records out
3c84e34b319946f6531a2c4559f588a8  -
1048576000 bytes (1.0 GB) copied, 2.19108 s, 479 MB/s

real	0m2.194s
user	0m1.988s
sys	0m0.525s
1000+0 records in
1000+0 records out
1048576000 bytes (1.0 GB) copied, 2.35559 s, 445 MB/s
3c84e34b319946f6531a2c4559f588a8  -

real	0m2.358s
user	0m2.066s
sys	0m0.644s
1000+0 records in
1000+0 records out
1048576000 bytes (1.0 GB) copied, 2.1548 s, 487 MB/s
3c84e34b319946f6531a2c4559f588a8  -

real	0m2.157s
user	0m1.976s
sys	0m0.498s
1000+0 records in
1000+0 records out
3c84e34b319946f6531a2c4559f588a8  -
1048576000 bytes (1.0 GB) copied, 2.38204 s, 440 MB/s

real	0m2.384s
user	0m2.086s
sys	0m0.678s
1000+0 records in
1000+0 records out
1048576000 bytes (1.0 GB) copied, 2.043 s, 513 MB/s
3c84e34b319946f6531a2c4559f588a8  -

real	0m2.046s
user	0m1.847s
sys	0m0.516s
1000+0 records in
1000+0 records out
1048576000 bytes (1.0 GB) copied, 2.14339 s, 489 MB/s
3c84e34b319946f6531a2c4559f588a8  -

real	0m2.146s
user	0m1.920s
sys	0m0.581s
1000+0 records in
1000+0 records out
1048576000 bytes (1.0 GB) copied, 2.16437 s, 484 MB/s
3c84e34b319946f6531a2c4559f588a8  -

real	0m2.167s
user	0m1.982s
sys	0m0.500s
1000+0 records in
1000+0 records out
3c84e34b319946f6531a2c4559f588a8  -
1048576000 bytes (1.0 GB) copied, 2.35886 s, 445 MB/s

real	0m2.361s
user	0m2.102s
sys	0m0.589s
1000+0 records in
1000+0 records out
3c84e34b319946f6531a2c4559f588a8  -
1048576000 bytes (1.0 GB) copied, 2.26632 s, 463 MB/s

real	0m2.269s
user	0m1.970s
sys	0m0.510s
1000+0 records in
1000+0 records out
1048576000 bytes (1.0 GB) copied, 2.35489 s, 445 MB/s
3c84e34b319946f6531a2c4559f588a8  -

real	0m2.357s
user	0m2.048s
sys	0m0.699s
1000+0 records in
1000+0 records out
3c84e34b319946f6531a2c4559f588a8  -
1048576000 bytes (1.0 GB) copied, 2.26508 s, 463 MB/s

real	0m2.268s
user	0m2.055s
sys	0m0.533s
1000+0 records in
1000+0 records out
1048576000 bytes (1.0 GB) copied, 2.2858 s, 459 MB/s
3c84e34b319946f6531a2c4559f588a8  -

real	0m2.288s
user	0m2.064s
sys	0m0.545s
1000+0 records in
1000+0 records out
1048576000 bytes (1.0 GB) copied, 2.09385 s, 501 MB/s
3c84e34b319946f6531a2c4559f588a8  -

real	0m2.096s
user	0m1.899s
sys	0m0.497s
1000+0 records in
1000+0 records out
3c84e34b319946f6531a2c4559f588a8  -
1048576000 bytes (1.0 GB) copied, 2.39527 s, 438 MB/s

real	0m2.398s
user	0m2.059s
sys	0m0.713s
1000+0 records in
1000+0 records out
1048576000 bytes (1.0 GB) copied, 2.03932 s, 514 MB/s
3c84e34b319946f6531a2c4559f588a8  -

real	0m2.042s
user	0m1.857s
sys	0m0.514s
1000+0 records in
1000+0 records out
1048576000 bytes (1.0 GB) copied, 2.15241 s, 487 MB/s
3c84e34b319946f6531a2c4559f588a8  -

real	0m2.155s
user	0m1.948s
sys	0m0.580s
1000+0 records in
1000+0 records out
1048576000 bytes (1.0 GB) copied, 2.07722 s, 505 MB/s
3c84e34b319946f6531a2c4559f588a8  -

real	0m2.080s
user	0m1.908s
sys	0m0.506s
1000+0 records in
1000+0 records out
3c84e34b319946f6531a2c4559f588a8  -
1048576000 bytes (1.0 GB) copied, 2.49506 s, 420 MB/s

real	0m2.498s
user	0m1.993s
sys	0m0.818s
1000+0 records in
1000+0 records out
3c84e34b319946f6531a2c4559f588a8  -
1048576000 bytes (1.0 GB) copied, 2.26639 s, 463 MB/s

real	0m2.269s
user	0m2.016s
sys	0m0.572s
1000+0 records in
1000+0 records out
1048576000 bytes (1.0 GB) copied, 2.50143 s, 419 MB/s
3c84e34b319946f6531a2c4559f588a8  -

real	0m2.504s
user	0m1.979s
sys	0m0.885s
1000+0 records in
1000+0 records out
1048576000 bytes (1.0 GB) copied, 2.47443 s, 424 MB/s
3c84e34b319946f6531a2c4559f588a8  -

real	0m2.477s
user	0m2.103s
sys	0m0.758s
1000+0 records in
1000+0 records out
3c84e34b319946f6531a2c4559f588a8  -
1048576000 bytes (1.0 GB) copied, 2.53779 s, 413 MB/s

real	0m2.540s
user	0m2.097s
sys	0m0.770s
1000+0 records in
1000+0 records out
1048576000 bytes (1.0 GB) copied, 2.15465 s, 487 MB/s
3c84e34b319946f6531a2c4559f588a8  -

real	0m2.158s
user	0m1.917s
sys	0m0.527s
1000+0 records in
1000+0 records out
3c84e34b319946f6531a2c4559f588a8  -
1048576000 bytes (1.0 GB) copied, 2.48205 s, 422 MB/s

real	0m2.485s
user	0m2.095s
sys	0m0.726s
1000+0 records in
1000+0 records out
1048576000 bytes (1.0 GB) copied, 2.04837 s, 512 MB/s
3c84e34b319946f6531a2c4559f588a8  -

real	0m2.051s
user	0m1.883s
sys	0m0.506s
1000+0 records in
1000+0 records out
1048576000 bytes (1.0 GB) copied, 2.14311 s, 489 MB/s
3c84e34b319946f6531a2c4559f588a8  -

real	0m2.146s
user	0m1.951s
sys	0m0.570s
1000+0 records in
1000+0 records out
1048576000 bytes (1.0 GB) copied, 2.36961 s, 443 MB/s
3c84e34b319946f6531a2c4559f588a8  -

real	0m2.372s
user	0m2.109s
sys	0m0.632s
1000+0 records in
1000+0 records out
3c84e34b319946f6531a2c4559f588a8  -
1048576000 bytes (1.0 GB) copied, 2.6227 s, 400 MB/s

real	0m2.625s
user	0m2.075s
sys	0m0.903s
1000+0 records in
1000+0 records out
1048576000 bytes (1.0 GB) copied, 2.13756 s, 491 MB/s
3c84e34b319946f6531a2c4559f588a8  -

real	0m2.140s
user	0m1.907s
sys	0m0.529s
1000+0 records in
1000+0 records out
3c84e34b319946f6531a2c4559f588a8  -
1048576000 bytes (1.0 GB) copied, 2.31049 s, 454 MB/s

real	0m2.313s
user	0m2.053s
sys	0m0.620s
1000+0 records in
1000+0 records out
1048576000 bytes (1.0 GB) copied, 2.11834 s, 495 MB/s
3c84e34b319946f6531a2c4559f588a8  -

real	0m2.121s
user	0m1.930s
sys	0m0.508s
1000+0 records in
1000+0 records out
3c84e34b319946f6531a2c4559f588a8  -
1048576000 bytes (1.0 GB) copied, 2.39281 s, 438 MB/s

real	0m2.395s
user	0m2.124s
sys	0m0.631s
1000+0 records in
1000+0 records out
1048576000 bytes (1.0 GB) copied, 2.16017 s, 485 MB/s
3c84e34b319946f6531a2c4559f588a8  -

real	0m2.163s
user	0m1.967s
sys	0m0.489s
1000+0 records in
1000+0 records out
3c84e34b319946f6531a2c4559f588a8  -
1048576000 bytes (1.0 GB) copied, 2.375 s, 442 MB/s

real	0m2.377s
user	0m2.087s
sys	0m0.645s
1000+0 records in
1000+0 records out
1048576000 bytes (1.0 GB) copied, 2.04393 s, 513 MB/s
3c84e34b319946f6531a2c4559f588a8  -

real	0m2.046s
user	0m1.862s
sys	0m0.492s
1000+0 records in
1000+0 records out
1048576000 bytes (1.0 GB) copied, 2.15386 s, 487 MB/s
3c84e34b319946f6531a2c4559f588a8  -

real	0m2.156s
user	0m1.903s
sys	0m0.581s
1000+0 records in
1000+0 records out
1048576000 bytes (1.0 GB) copied, 2.18877 s, 479 MB/s
3c84e34b319946f6531a2c4559f588a8  -

real	0m2.192s
user	0m1.948s
sys	0m0.499s
1000+0 records in
1000+0 records out
3c84e34b319946f6531a2c4559f588a8  -
1048576000 bytes (1.0 GB) copied, 2.34286 s, 448 MB/s

real	0m2.345s
user	0m2.097s
sys	0m0.606s
1000+0 records in
1000+0 records out
1048576000 bytes (1.0 GB) copied, 2.40069 s, 437 MB/s
3c84e34b319946f6531a2c4559f588a8  -

real	0m2.403s
user	0m2.094s
sys	0m0.701s
1000+0 records in
1000+0 records out
3c84e34b319946f6531a2c4559f588a8  -
1048576000 bytes (1.0 GB) copied, 2.52632 s, 415 MB/s

real	0m2.529s
user	0m2.091s
sys	0m0.757s
1000+0 records in
1000+0 records out
1048576000 bytes (1.0 GB) copied3c84e34b319946f6531a2c4559f588a8  -
, 2.21942 s, 472 MB/s

real	0m2.222s
user	0m1.958s
sys	0m0.524s
1000+0 records in
1000+0 records out
1048576000 bytes (1.0 GB) copied, 2.37415 s, 442 MB/s
3c84e34b319946f6531a2c4559f588a8  -

real	0m2.377s
user	0m2.060s
sys	0m0.674s
1000+0 records in
1000+0 records out
1048576000 bytes (1.0 GB) copied, 2.11162 s, 497 MB/s
3c84e34b319946f6531a2c4559f588a8  -

real	0m2.114s
user	0m1.916s
sys	0m0.492s
1000+0 records in
1000+0 records out
3c84e34b319946f6531a2c4559f588a8  -
1048576000 bytes (1.0 GB) copied, 2.38064 s, 440 MB/s

real	0m2.383s
user	0m2.000s
sys	0m0.751s
1000+0 records in
1000+0 records out
1048576000 bytes (1.0 GB) copied, 2.07387 s, 506 MB/s
3c84e34b319946f6531a2c4559f588a8  -

real	0m2.077s
user	0m1.867s
sys	0m0.511s
1000+0 records in
1000+0 records out
1048576000 bytes (1.0 GB) copied, 2.18255 s, 480 MB/s
3c84e34b319946f6531a2c4559f588a8  -

real	0m2.185s
user	0m1.930s
sys	0m0.575s
1000+0 records in
1000+0 records out
3c84e34b319946f6531a2c4559f588a8  -
1048576000 bytes (1.0 GB) copied, 2.16154 s, 485 MB/s

real	0m2.164s
user	0m1.938s
sys	0m0.526s
1000+0 records in
1000+0 records out
3c84e34b319946f6531a2c4559f588a8  -
1048576000 bytes (1.0 GB) copied, 2.33891 s, 448 MB/s

real	0m2.342s
user	0m2.085s
sys	0m0.633s
1000+0 records in
1000+0 records out
1048576000 bytes (1.0 GB) copied, 2.1024 s, 499 MB/s
3c84e34b319946f6531a2c4559f588a8  -

real	0m2.105s
user	0m1.918s
sys	0m0.525s
1000+0 records in
1000+0 records out
3c84e34b319946f6531a2c4559f588a8  -
1048576000 bytes (1.0 GB) copied, 2.37508 s, 441 MB/s

real	0m2.378s
user	0m2.088s
sys	0m0.659s
1000+0 records in
1000+0 records out
1048576000 bytes (1.0 GB) copied, 2.12533 s, 493 MB/s
3c84e34b319946f6531a2c4559f588a8  -

real	0m2.128s
user	0m1.939s
sys	0m0.513s
1000+0 records in
1000+0 records out
3c84e34b319946f6531a2c4559f588a8  -
1048576000 bytes (1.0 GB) copied, 2.3483 s, 447 MB/s

real	0m2.351s
user	0m2.075s
sys	0m0.611s
1000+0 records in
1000+0 records out
3c84e34b319946f6531a2c4559f588a8  -
1048576000 bytes (1.0 GB) copied, 2.15671 s, 486 MB/s

real	0m2.159s
user	0m1.904s
sys	0m0.523s
1000+0 records in
1000+0 records out
3c84e34b319946f6531a2c4559f588a8  -
1048576000 bytes (1.0 GB) copied, 2.41644 s, 434 MB/s

real	0m2.419s
user	0m2.066s
sys	0m0.691s
1000+0 records in
1000+0 records out
1048576000 bytes (1.0 GB) copied, 2.04891 s, 512 MB/s
3c84e34b319946f6531a2c4559f588a8  -

real	0m2.052s
user	0m1.851s
sys	0m0.514s
1000+0 records in
1000+0 records out
1048576000 bytes (1.0 GB) copied, 2.18476 s, 480 MB/s
3c84e34b319946f6531a2c4559f588a8  -

real	0m2.187s
user	0m1.911s
sys	0m0.564s
1000+0 records in
1000+0 records out
1048576000 bytes (1.0 GB) copied, 2.08611 s, 503 MB/s
3c84e34b319946f6531a2c4559f588a8  -

real	0m2.089s
user	0m1.883s
sys	0m0.519s
1000+0 records in
1000+0 records out
3c84e34b319946f6531a2c4559f588a8  -
1048576000 bytes (1.0 GB) copied, 2.47087 s, 424 MB/s

real	0m2.473s
user	0m2.019s
sys	0m0.758s
1000+0 records in
1000+0 records out
1048576000 bytes (1.0 GB) copied3c84e34b319946f6531a2c4559f588a8  -
, 2.2386 s, 468 MB/s

real	0m2.241s
user	0m2.002s
sys	0m0.573s
1000+0 records in
1000+0 records out
3c84e34b319946f6531a2c4559f588a8  -
1048576000 bytes (1.0 GB) copied, 2.61477 s, 401 MB/s

real	0m2.617s
user	0m2.072s
sys	0m0.864s
1000+0 records in
1000+0 records out
1048576000 bytes (1.0 GB) copied, 2.15963 s, 486 MB/s
3c84e34b319946f6531a2c4559f588a8  -

real	0m2.162s
user	0m1.963s
sys	0m0.501s
1000+0 records in
1000+0 records out
3c84e34b319946f6531a2c4559f588a8  -
1048576000 bytes (1.0 GB) copied, 2.37097 s, 442 MB/s

real	0m2.374s
user	0m2.094s
sys	0m0.615s
1000+0 records in
1000+0 records out
3c84e34b319946f6531a2c4559f588a8  -
1048576000 bytes (1.0 GB) copied, 2.20159 s, 476 MB/s

real	0m2.204s
user	0m1.939s
sys	0m0.528s
1000+0 records in
1000+0 records out
1048576000 bytes (1.0 GB) copied, 2.4086 s, 435 MB/s
3c84e34b319946f6531a2c4559f588a8  -

real	0m2.411s
user	0m2.054s
sys	0m0.722s
1000+0 records in
1000+0 records out
1048576000 bytes (1.0 GB) copied3c84e34b319946f6531a2c4559f588a8  -
, 2.1742 s, 482 MB/s

real	0m2.177s
user	0m1.958s
sys	0m0.533s
1000+0 records in
1000+0 records out
1048576000 bytes (1.0 GB) copied, 2.19384 s, 478 MB/s
3c84e34b319946f6531a2c4559f588a8  -

real	0m2.196s
user	0m1.966s
sys	0m0.577s
1000+0 records in
1000+0 records out
1048576000 bytes (1.0 GB) copied, 2.16604 s, 484 MB/s
3c84e34b319946f6531a2c4559f588a8  -

real	0m2.169s
user	0m1.948s
sys	0m0.505s
1000+0 records in
1000+0 records out
3c84e34b319946f6531a2c4559f588a8  -
1048576000 bytes (1.0 GB) copied, 2.37714 s, 441 MB/s

real	0m2.380s
user	0m2.093s
sys	0m0.646s
1000+0 records in
1000+0 records out
3c84e34b319946f6531a2c4559f588a8  -
1048576000 bytes (1.0 GB) copied, 2.17421 s, 482 MB/s

real	0m2.177s
user	0m1.931s
sys	0m0.502s
1000+0 records in
1000+0 records out
1048576000 bytes (1.0 GB) copied, 2.282 s, 459 MB/s
3c84e34b319946f6531a2c4559f588a8  -

real	0m2.285s
user	0m2.071s
sys	0m0.628s
1000+0 records in
1000+0 records out
3c84e34b319946f6531a2c4559f588a8  -
1048576000 bytes (1.0 GB) copied, 2.25155 s, 466 MB/s

real	0m2.254s
user	0m1.984s
sys	0m0.534s
1000+0 records in
1000+0 records out
1048576000 bytes (1.0 GB) copied, 2.36465 s, 443 MB/s
3c84e34b319946f6531a2c4559f588a8  -

real	0m2.367s
user	0m2.061s
sys	0m0.673s
1000+0 records in
1000+0 records out
1048576000 bytes (1.0 GB) copied, 2.0718 s, 506 MB/s
3c84e34b319946f6531a2c4559f588a8  -

real	0m2.075s
user	0m1.878s
sys	0m0.508s
1000+0 records in
1000+0 records out
3c84e34b319946f6531a2c4559f588a8  -
1048576000 bytes (1.0 GB) copied, 2.47877 s, 423 MB/s

real	0m2.481s
user	0m2.069s
sys	0m0.738s
1000+0 records in
1000+0 records out
1048576000 bytes (1.0 GB) copied, 2.13496 s, 491 MB/s
3c84e34b319946f6531a2c4559f588a8  -

real	0m2.138s
user	0m1.924s
sys	0m0.508s
1000+0 records in
1000+0 records out
1048576000 bytes (1.0 GB) copied, 2.18744 s, 479 MB/s
3c84e34b319946f6531a2c4559f588a8  -

real	0m2.190s
user	0m1.948s
sys	0m0.575s
1000+0 records in
1000+0 records out
1048576000 bytes (1.0 GB) copied, 2.11647 s, 495 MB/s
3c84e34b319946f6531a2c4559f588a8  -

real	0m2.120s
user	0m1.938s
sys	0m0.526s
1000+0 records in
1000+0 records out
3c84e34b319946f6531a2c4559f588a8  -
1048576000 bytes (1.0 GB) copied, 2.33668 s, 449 MB/s

real	0m2.340s
user	0m2.060s
sys	0m0.622s
1000+0 records in
1000+0 records out
1048576000 bytes (1.0 GB) copied, 2.24428 s, 467 MB/s
3c84e34b319946f6531a2c4559f588a8  -

real	0m2.247s
user	0m1.961s
sys	0m0.530s
1000+0 records in
1000+0 records out
3c84e34b319946f6531a2c4559f588a8  -
1048576000 bytes (1.0 GB) copied, 2.49127 s, 421 MB/s

real	0m2.494s
user	0m2.081s
sys	0m0.659s
1000+0 records in
1000+0 records out
3c84e34b319946f6531a2c4559f588a8  -
1048576000 bytes (1.0 GB) copied, 2.20176 s, 476 MB/s

real	0m2.204s
user	0m1.972s
sys	0m0.552s
1000+0 records in
1000+0 records out
1048576000 bytes (1.0 GB) copied, 2.34532 s, 447 MB/s
3c84e34b319946f6531a2c4559f588a8  -

real	0m2.348s
user	0m2.116s
sys	0m0.635s
1000+0 records in
1000+0 records out
3c84e34b319946f6531a2c4559f588a8  -
1048576000 bytes (1.0 GB) copied, 2.13518 s, 491 MB/s

real	0m2.138s
user	0m1.941s
sys	0m0.524s
1000+0 records in
1000+0 records out
1048576000 bytes (1.0 GB) copied, 2.30766 s, 454 MB/s
3c84e34b319946f6531a2c4559f588a8  -

real	0m2.310s
user	0m2.082s
sys	0m0.625s
1000+0 records in
1000+0 records out
1048576000 bytes (1.0 GB) copied, 2.05063 s, 511 MB/s
3c84e34b319946f6531a2c4559f588a8  -

real	0m2.053s
user	0m1.879s
sys	0m0.510s
1000+0 records in
1000+0 records out
1048576000 bytes (1.0 GB) copied, 2.11925 s, 495 MB/s
3c84e34b319946f6531a2c4559f588a8  -

real	0m2.122s
user	0m1.927s
sys	0m0.533s
1000+0 records in
1000+0 records out
1048576000 bytes (1.0 GB) copied, 2.18735 s, 479 MB/s
3c84e34b319946f6531a2c4559f588a8  -

real	0m2.190s
user	0m1.991s
sys	0m0.522s
1000+0 records in
1000+0 records out
3c84e34b319946f6531a2c4559f588a8  -
1048576000 bytes (1.0 GB) copied, 2.39332 s, 438 MB/s

real	0m2.396s
user	0m2.046s
sys	0m0.699s
1000+0 records in
1000+0 records out
1048576000 bytes (1.0 GB) copied, 2.08691 s, 502 MB/s
3c84e34b319946f6531a2c4559f588a8  -

real	0m2.091s
user	0m1.926s
sys	0m0.512s
1000+0 records in
1000+0 records out
3c84e34b319946f6531a2c4559f588a8  -
1048576000 bytes (1.0 GB) copied, 2.51228 s, 417 MB/s

real	0m2.515s
user	0m2.049s
sys	0m0.816s
1000+0 records in
1000+0 records out
1048576000 bytes (1.0 GB) copied, 2.12837 s, 493 MB/s
3c84e34b319946f6531a2c4559f588a8  -

real	0m2.132s
user	0m1.918s
sys	0m0.507s
1000+0 records in
1000+0 records out
3c84e34b319946f6531a2c4559f588a8  -
1048576000 bytes (1.0 GB) copied, 2.49327 s, 421 MB/s

real	0m2.496s
user	0m2.069s
sys	0m0.709s
1000+0 records in
1000+0 records out
1048576000 bytes (1.0 GB) copied3c84e34b319946f6531a2c4559f588a8  -
, 2.11513 s, 496 MB/s

real	0m2.118s
user	0m1.895s
sys	0m0.544s
1000+0 records in
1000+0 records out
3c84e34b319946f6531a2c4559f588a8  -
1048576000 bytes (1.0 GB) copied, 2.33055 s, 450 MB/s

real	0m2.334s
user	0m2.072s
sys	0m0.607s
1000+0 records in
1000+0 records out
1048576000 bytes (1.0 GB) copied, 2.03674 s, 515 MB/s
3c84e34b319946f6531a2c4559f588a8  -

real	0m2.039s
user	0m1.884s
sys	0m0.491s
1000+0 records in
1000+0 records out
1048576000 bytes (1.0 GB) copied, 2.16243 s, 485 MB/s
3c84e34b319946f6531a2c4559f588a8  -

real	0m2.165s
user	0m1.954s
sys	0m0.555s
1000+0 records in
1000+0 records out
1048576000 bytes (1.0 GB) copied, 2.23386 s, 469 MB/s
3c84e34b319946f6531a2c4559f588a8  -

real	0m2.236s
user	0m1.953s
sys	0m0.542s
1000+0 records in
1000+0 records out
1048576000 bytes (1.0 GB) copied, 2.31729 s, 453 MB/s
3c84e34b319946f6531a2c4559f588a8  -

real	0m2.320s
user	0m2.040s
sys	0m0.675s
1000+0 records in
1000+0 records out
1048576000 bytes (1.0 GB) copied, 2.20167 s, 476 MB/s
3c84e34b319946f6531a2c4559f588a8  -

real	0m2.204s
user	0m1.982s
sys	0m0.570s
1000+0 records in
1000+0 records out
3c84e34b319946f6531a2c4559f588a8  -
1048576000 bytes (1.0 GB) copied, 2.56698 s, 408 MB/s

real	0m2.570s
user	0m1.986s
sys	0m0.869s
1000+0 records in
1000+0 records out
3c84e34b319946f6531a2c4559f588a8  -
1048576000 bytes (1.0 GB) copied, 2.26294 s, 463 MB/s

real	0m2.266s
user	0m2.048s
sys	0m0.566s
1000+0 records in
1000+0 records out
1048576000 bytes (1.0 GB) copied, 2.47762 s, 423 MB/s
3c84e34b319946f6531a2c4559f588a8  -

real	0m2.480s
user	0m1.988s
sys	0m0.848s
1000+0 records in
1000+0 records out
1048576000 bytes (1.0 GB) copied, 2.10668 s, 498 MB/s
3c84e34b319946f6531a2c4559f588a8  -

real	0m2.110s
user	0m1.932s
sys	0m0.523s
1000+0 records in
1000+0 records out
3c84e34b319946f6531a2c4559f588a8  -
1048576000 bytes (1.0 GB) copied, 2.32053 s, 452 MB/s

real	0m2.323s
user	0m2.081s
sys	0m0.620s
1000+0 records in
1000+0 records out
1048576000 bytes (1.0 GB) copied, 2.07528 s, 505 MB/s
3c84e34b319946f6531a2c4559f588a8  -

real	0m2.078s
user	0m1.907s
sys	0m0.513s
1000+0 records in
1000+0 records out
1048576000 bytes (1.0 GB) copied, 2.20429 s, 476 MB/s
3c84e34b319946f6531a2c4559f588a8  -

real	0m2.207s
user	0m1.943s
sys	0m0.600s
1000+0 records in
1000+0 records out
1048576000 bytes (1.0 GB) copied, 2.23616 s, 469 MB/s
3c84e34b319946f6531a2c4559f588a8  -

real	0m2.239s
user	0m2.015s
sys	0m0.584s
1000+0 records in
1000+0 records out
3c84e34b319946f6531a2c4559f588a8  -
1048576000 bytes (1.0 GB) copied, 2.36298 s, 444 MB/s

real	0m2.365s
user	0m2.095s
sys	0m0.648s
1000+0 records in
1000+0 records out
1048576000 bytes (1.0 GB) copied, 2.2349 s, 469 MB/s
3c84e34b319946f6531a2c4559f588a8  -

real	0m2.237s
user	0m2.013s
sys	0m0.550s
1000+0 records in
1000+0 records out
3c84e34b319946f6531a2c4559f588a8  -
1048576000 bytes (1.0 GB) copied, 2.33482 s, 449 MB/s

real	0m2.337s
user	0m2.047s
sys	0m0.597s
1000+0 records in
1000+0 records out
1048576000 bytes (1.0 GB) copied, 2.25771 s, 464 MB/s
3c84e34b319946f6531a2c4559f588a8  -

real	0m2.260s
user	0m2.023s
sys	0m0.573s
1000+0 records in
1000+0 records out
3c84e34b319946f6531a2c4559f588a8  -
1048576000 bytes (1.0 GB) copied, 2.5277 s, 415 MB/s

real	0m2.530s
user	0m2.017s
sys	0m0.850s
1000+0 records in
1000+0 records out
1048576000 bytes (1.0 GB) copied, 2.26387 s, 463 MB/s
3c84e34b319946f6531a2c4559f588a8  -

real	0m2.267s
user	0m2.064s
sys	0m0.544s
1000+0 records in
1000+0 records out
3c84e34b319946f6531a2c4559f588a8  -
1048576000 bytes (1.0 GB) copied, 2.26566 s, 463 MB/s

real	0m2.269s
user	0m2.051s
sys	0m0.556s
1000+0 records in
1000+0 records out
1048576000 bytes (1.0 GB) copied, 2.04905 s, 512 MB/s
3c84e34b319946f6531a2c4559f588a8  -

real	0m2.052s
user	0m1.860s
sys	0m0.502s
1000+0 records in
1000+0 records out
1048576000 bytes (1.0 GB) copied, 2.13045 s, 492 MB/s
3c84e34b319946f6531a2c4559f588a8  -

real	0m2.133s
user	0m1.936s
sys	0m0.562s
1000+0 records in
1000+0 records out
1048576000 bytes (1.0 GB) copied, 2.10819 s, 497 MB/s
3c84e34b319946f6531a2c4559f588a8  -

real	0m2.111s
user	0m1.936s
sys	0m0.515s
1000+0 records in
1000+0 records out
3c84e34b319946f6531a2c4559f588a8  -
1048576000 bytes (1.0 GB) copied, 2.34577 s, 447 MB/s

real	0m2.349s
user	0m2.104s
sys	0m0.623s
1000+0 records in
1000+0 records out
3c84e34b319946f6531a2c4559f588a8  -
1048576000 bytes (1.0 GB) copied, 2.17335 s, 482 MB/s

real	0m2.176s
user	0m1.916s
sys	0m0.542s
1000+0 records in
1000+0 records out
1048576000 bytes (1.0 GB) copied, 2.33459 s, 449 MB/s
3c84e34b319946f6531a2c4559f588a8  -

real	0m2.337s
user	0m2.048s
sys	0m0.639s
1000+0 records in
1000+0 records out
1048576000 bytes (1.0 GB) copied, 2.25196 s, 466 MB/s
3c84e34b319946f6531a2c4559f588a8  -

real	0m2.255s
user	0m2.041s
sys	0m0.551s
1000+0 records in
1000+0 records out
1048576000 bytes (1.0 GB) copied3c84e34b319946f6531a2c4559f588a8  -
, 2.25787 s, 464 MB/s

real	0m2.260s
user	0m2.075s
sys	0m0.518s
1000+0 records in
1000+0 records out
1048576000 bytes (1.0 GB) copied, 2.24778 s, 466 MB/s
3c84e34b319946f6531a2c4559f588a8  -

real	0m2.250s
user	0m2.078s
sys	0m0.529s
1000+0 records in
1000+0 records out
3c84e34b319946f6531a2c4559f588a8  -
1048576000 bytes (1.0 GB) copied, 2.26927 s, 462 MB/s

real	0m2.272s
user	0m2.068s
sys	0m0.540s
1000+0 records in
1000+0 records out
1048576000 bytes (1.0 GB) copied, 2.10208 s, 499 MB/s
3c84e34b319946f6531a2c4559f588a8  -

real	0m2.105s
user	0m1.934s
sys	0m0.515s
1000+0 records in
1000+0 records out
1048576000 bytes (1.0 GB) copied, 2.18589 s, 480 MB/s
3c84e34b319946f6531a2c4559f588a8  -

real	0m2.189s
user	0m1.932s
sys	0m0.600s
1000+0 records in
1000+0 records out
1048576000 bytes (1.0 GB) copied, 2.12216 s, 494 MB/s
3c84e34b319946f6531a2c4559f588a8  -

real	0m2.125s
user	0m1.933s
sys	0m0.531s
1000+0 records in
1000+0 records out
1048576000 bytes (1.0 GB) copied3c84e34b319946f6531a2c4559f588a8  -
, 2.50419 s, 419 MB/s

real	0m2.507s
user	0m2.079s
sys	0m0.733s
1000+0 records in
1000+0 records out
1048576000 bytes (1.0 GB) copied, 2.20952 s, 475 MB/s
3c84e34b319946f6531a2c4559f588a8  -

real	0m2.213s
user	0m2.043s
sys	0m0.524s
1000+0 records in
1000+0 records out
3c84e34b319946f6531a2c4559f588a8  -
1048576000 bytes (1.0 GB) copied, 2.32335 s, 451 MB/s

real	0m2.327s
user	0m2.064s
sys	0m0.530s
1000+0 records in
1000+0 records out
3c84e34b319946f6531a2c4559f588a8  -
1048576000 bytes (1.0 GB) copied, 2.32911 s, 450 MB/s

real	0m2.332s
user	0m2.028s
sys	0m0.570s
1000+0 records in
1000+0 records out
1048576000 bytes (1.0 GB) copied, 2.50092 s, 419 MB/s
3c84e34b319946f6531a2c4559f588a8  -

real	0m2.504s
user	0m2.051s
sys	0m0.839s
1000+0 records in
1000+0 records out
3c84e34b319946f6531a2c4559f588a8  -
1048576000 bytes (1.0 GB) copied, 2.18949 s, 479 MB/s

real	0m2.192s
user	0m1.973s
sys	0m0.497s
1000+0 records in
1000+0 records out
1048576000 bytes (1.0 GB) copied, 2.42182 s, 433 MB/s
3c84e34b319946f6531a2c4559f588a8  -

real	0m2.425s
user	0m2.032s
sys	0m0.721s
1000+0 records in
1000+0 records out
1048576000 bytes (1.0 GB) copied, 2.06949 s, 507 MB/s
3c84e34b319946f6531a2c4559f588a8  -

real	0m2.072s
user	0m1.815s
sys	0m0.535s
1000+0 records in
1000+0 records out
1048576000 bytes (1.0 GB) copied, 2.13556 s, 491 MB/s
3c84e34b319946f6531a2c4559f588a8  -

real	0m2.138s
user	0m1.892s
sys	0m0.557s
1000+0 records in
1000+0 records out
1048576000 bytes (1.0 GB) copied, 2.26861 s, 462 MB/s
3c84e34b319946f6531a2c4559f588a8  -

real	0m2.271s
user	0m2.066s
sys	0m0.564s
1000+0 records in
1000+0 records out
3c84e34b319946f6531a2c4559f588a8  -
1048576000 bytes (1.0 GB) copied, 2.34471 s, 447 MB/s

real	0m2.347s
user	0m2.067s
sys	0m0.558s
1000+0 records in
1000+0 records out
1048576000 bytes (1.0 GB) copied, 2.24054 s, 468 MB/s
3c84e34b319946f6531a2c4559f588a8  -

real	0m2.243s
user	0m2.040s
sys	0m0.565s
1000+0 records in
1000+0 records out
3c84e34b319946f6531a2c4559f588a8  -
1048576000 bytes (1.0 GB) copied, 2.34452 s, 447 MB/s

real	0m2.347s
user	0m2.032s
sys	0m0.544s
1000+0 records in
1000+0 records out
1048576000 bytes (1.0 GB) copied, 2.13885 s, 490 MB/s
3c84e34b319946f6531a2c4559f588a8  -

real	0m2.142s
user	0m1.959s
sys	0m0.502s
1000+0 records in
1000+0 records out
3c84e34b319946f6531a2c4559f588a8  -
1048576000 bytes (1.0 GB) copied, 2.33166 s, 450 MB/s

real	0m2.334s
user	0m2.066s
sys	0m0.616s
1000+0 records in
1000+0 records out
1048576000 bytes (1.0 GB) copied, 2.17538 s, 482 MB/s
3c84e34b319946f6531a2c4559f588a8  -

real	0m2.178s
user	0m1.966s
sys	0m0.507s
1000+0 records in
1000+0 records out
3c84e34b319946f6531a2c4559f588a8  -
1048576000 bytes (1.0 GB) copied, 2.32379 s, 451 MB/s

real	0m2.326s
user	0m2.044s
sys	0m0.642s
1000+0 records in
1000+0 records out
1048576000 bytes (1.0 GB) copied, 2.07992 s, 504 MB/s
3c84e34b319946f6531a2c4559f588a8  -

real	0m2.082s
user	0m1.894s
sys	0m0.483s
1000+0 records in
1000+0 records out
1048576000 bytes (1.0 GB) copied, 2.17681 s, 482 MB/s
3c84e34b319946f6531a2c4559f588a8  -

real	0m2.179s
user	0m1.940s
sys	0m0.545s
1000+0 records in
1000+0 records out
3c84e34b319946f6531a2c4559f588a8  -
1048576000 bytes (1.0 GB) copied, 2.16639 s, 484 MB/s

real	0m2.169s
user	0m1.957s
sys	0m0.518s
1000+0 records in
1000+0 records out
3c84e34b319946f6531a2c4559f588a8  -
1048576000 bytes (1.0 GB) copied, 2.4388 s, 430 MB/s

real	0m2.441s
user	0m2.055s
sys	0m0.765s
1000+0 records in
1000+0 records out
3c84e34b319946f6531a2c4559f588a8  -
1048576000 bytes (1.0 GB) copied, 2.29003 s, 458 MB/s

real	0m2.292s
user	0m2.020s
sys	0m0.577s
1000+0 records in
1000+0 records out
3c84e34b319946f6531a2c4559f588a8  -
1048576000 bytes (1.0 GB) copied, 2.36422 s, 444 MB/s

real	0m2.367s
user	0m2.062s
sys	0m0.704s
1000+0 records in
1000+0 records out
3c84e34b319946f6531a2c4559f588a8  -
1048576000 bytes (1.0 GB) copied, 2.19745 s, 477 MB/s

real	0m2.200s
user	0m1.908s
sys	0m0.510s
1000+0 records in
1000+0 records out
1048576000 bytes (1.0 GB) copied, 2.33768 s, 449 MB/s
3c84e34b319946f6531a2c4559f588a8  -

real	0m2.340s
user	0m2.073s
sys	0m0.628s
1000+0 records in
1000+0 records out
1048576000 bytes (1.0 GB) copied, 2.30164 s, 456 MB/s
3c84e34b319946f6531a2c4559f588a8  -

real	0m2.304s
user	0m2.083s
sys	0m0.520s
1000+0 records in
1000+0 records out
1048576000 bytes (1.0 GB) copied3c84e34b319946f6531a2c4559f588a8  -
, 2.30714 s, 454 MB/s

real	0m2.310s
user	0m2.046s
sys	0m0.561s
1000+0 records in
1000+0 records out
1048576000 bytes (1.0 GB) copied, 2.16865 s, 484 MB/s
3c84e34b319946f6531a2c4559f588a8  -

real	0m2.172s
user	0m1.962s
sys	0m0.509s
1000+0 records in
1000+0 records out
1048576000 bytes (1.0 GB) copied3c84e34b319946f6531a2c4559f588a8  -
, 2.31559 s, 453 MB/s

real	0m2.319s
user	0m1.968s
sys	0m0.628s
1000+0 records in
1000+0 records out
1048576000 bytes (1.0 GB) copied, 2.17355 s, 482 MB/s
3c84e34b319946f6531a2c4559f588a8  -

real	0m2.176s
user	0m1.970s
sys	0m0.525s
1000+0 records in
1000+0 records out
3c84e34b319946f6531a2c4559f588a8  -
1048576000 bytes (1.0 GB) copied, 2.35199 s, 446 MB/s

real	0m2.354s
user	0m2.051s
sys	0m0.655s
1000+0 records in
1000+0 records out
1048576000 bytes (1.0 GB) copied, 2.15373 s, 487 MB/s
3c84e34b319946f6531a2c4559f588a8  -

real	0m2.157s
user	0m1.951s
sys	0m0.510s
1000+0 records in
1000+0 records out
3c84e34b319946f6531a2c4559f588a8  -
1048576000 bytes (1.0 GB) copied, 2.32134 s, 452 MB/s

real	0m2.324s
user	0m2.062s
sys	0m0.610s
1000+0 records in
1000+0 records out
1048576000 bytes (1.0 GB) copied, 2.1024 s, 499 MB/s
3c84e34b319946f6531a2c4559f588a8  -

real	0m2.105s
user	0m1.937s
sys	0m0.502s
1000+0 records in
1000+0 records out
3c84e34b319946f6531a2c4559f588a8  -
1048576000 bytes (1.0 GB) copied, 2.34253 s, 448 MB/s

real	0m2.345s
user	0m2.105s
sys	0m0.594s
1000+0 records in
1000+0 records out
3c84e34b319946f6531a2c4559f588a8  -
1048576000 bytes (1.0 GB) copied, 2.25768 s, 464 MB/s

real	0m2.260s
user	0m1.958s
sys	0m0.565s
1000+0 records in
1000+0 records out
1048576000 bytes (1.0 GB) copied, 2.31618 s, 453 MB/s
3c84e34b319946f6531a2c4559f588a8  -

real	0m2.319s
user	0m2.094s
sys	0m0.607s
1000+0 records in
1000+0 records out
1048576000 bytes (1.0 GB) copied, 2.03416 s, 515 MB/s
3c84e34b319946f6531a2c4559f588a8  -

real	0m2.037s
user	0m1.861s
sys	0m0.508s
1000+0 records in
1000+0 records out
1048576000 bytes (1.0 GB) copied, 2.1782 s, 481 MB/s
3c84e34b319946f6531a2c4559f588a8  -

real	0m2.181s
user	0m1.930s
sys	0m0.562s
1000+0 records in
1000+0 records out
1048576000 bytes (1.0 GB) copied, 2.15225 s, 487 MB/s
3c84e34b319946f6531a2c4559f588a8  -

real	0m2.155s
user	0m1.929s
sys	0m0.513s
1000+0 records in
1000+0 records out
3c84e34b319946f6531a2c4559f588a8  -
1048576000 bytes (1.0 GB) copied, 2.34365 s, 447 MB/s

real	0m2.346s
user	0m2.066s
sys	0m0.619s
1000+0 records in
1000+0 records out
1048576000 bytes (1.0 GB) copied, 2.23687 s, 469 MB/s
3c84e34b319946f6531a2c4559f588a8  -

real	0m2.240s
user	0m2.063s
sys	0m0.520s
1000+0 records in
1000+0 records out
3c84e34b319946f6531a2c4559f588a8  -
1048576000 bytes (1.0 GB) copied, 2.30216 s, 455 MB/s

real	0m2.305s
user	0m2.045s
sys	0m0.539s
1000+0 records in
1000+0 records out
1048576000 bytes (1.0 GB) copied, 2.47002 s, 425 MB/s
3c84e34b319946f6531a2c4559f588a8  -

real	0m2.473s
user	0m2.095s
sys	0m0.763s
1000+0 records in
1000+0 records out
3c84e34b319946f6531a2c4559f588a8  -
1048576000 bytes (1.0 GB) copied, 2.53237 s, 414 MB/s

real	0m2.535s
user	0m2.094s
sys	0m0.740s
1000+0 records in
1000+0 records out
1048576000 bytes (1.0 GB) copied, 2.12739 s, 493 MB/s
3c84e34b319946f6531a2c4559f588a8  -

real	0m2.130s
user	0m1.921s
sys	0m0.534s
1000+0 records in
1000+0 records out
3c84e34b319946f6531a2c4559f588a8  -
1048576000 bytes (1.0 GB) copied, 2.52724 s, 415 MB/s

real	0m2.530s
user	0m2.008s
sys	0m0.875s
1000+0 records in
1000+0 records out
1048576000 bytes (1.0 GB) copied, 2.17327 s, 482 MB/s
3c84e34b319946f6531a2c4559f588a8  -

real	0m2.176s
user	0m1.964s
sys	0m0.556s
1000+0 records in
1000+0 records out
1048576000 bytes (1.0 GB) copied, 2.18962 s, 479 MB/s
3c84e34b319946f6531a2c4559f588a8  -

real	0m2.192s
user	0m1.991s
sys	0m0.537s
1000+0 records in
1000+0 records out
1048576000 bytes (1.0 GB) copied, 2.06889 s, 507 MB/s
3c84e34b319946f6531a2c4559f588a8  -

real	0m2.072s
user	0m1.895s
sys	0m0.523s
1000+0 records in
1000+0 records out
3c84e34b319946f6531a2c4559f588a8  -
1048576000 bytes (1.0 GB) copied, 2.39556 s, 438 MB/s

real	0m2.398s
user	0m2.063s
sys	0m0.660s
1000+0 records in
1000+0 records out
1048576000 bytes (1.0 GB) copied, 2.24121 s, 468 MB/s
3c84e34b319946f6531a2c4559f588a8  -

real	0m2.244s
user	0m2.011s
sys	0m0.559s
1000+0 records in
1000+0 records out
3c84e34b319946f6531a2c4559f588a8  -
1048576000 bytes (1.0 GB) copied, 2.54918 s, 411 MB/s

real	0m2.552s
user	0m2.002s
sys	0m0.873s
1000+0 records in
1000+0 records out
1048576000 bytes (1.0 GB) copied, 2.16408 s, 485 MB/s
3c84e34b319946f6531a2c4559f588a8  -

real	0m2.167s
user	0m1.926s
sys	0m0.518s
1000+0 records in
1000+0 records out
3c84e34b319946f6531a2c4559f588a8  -
1048576000 bytes (1.0 GB) copied, 2.3915 s, 438 MB/s

real	0m2.394s
user	0m2.101s
sys	0m0.659s
1000+0 records in
1000+0 records out
1048576000 bytes (1.0 GB) copied, 2.17372 s, 482 MB/s
3c84e34b319946f6531a2c4559f588a8  -

real	0m2.176s
user	0m1.999s
sys	0m0.523s
1000+0 records in
1000+0 records out
3c84e34b319946f6531a2c4559f588a8  -
1048576000 bytes (1.0 GB) copied, 2.37649 s, 441 MB/s

real	0m2.379s
user	0m2.097s
sys	0m0.633s
1000+0 records in
1000+0 records out
1048576000 bytes (1.0 GB) copied, 2.23257 s, 470 MB/s
3c84e34b319946f6531a2c4559f588a8  -

real	0m2.235s
user	0m1.999s
sys	0m0.618s
1000+0 records in
1000+0 records out
1048576000 bytes (1.0 GB) copied, 2.24348 s, 467 MB/s
3c84e34b319946f6531a2c4559f588a8  -

real	0m2.255s
user	0m2.004s
sys	0m0.608s
1000+0 records in
1000+0 records out
3c84e34b319946f6531a2c4559f588a8  -
1048576000 bytes (1.0 GB) copied, 2.12737 s, 493 MB/s

real	0m2.130s
user	0m1.948s
sys	0m0.505s
1000+0 records in
1000+0 records out
3c84e34b319946f6531a2c4559f588a8  -
1048576000 bytes (1.0 GB) copied, 2.395 s, 438 MB/s

real	0m2.398s
user	0m2.075s
sys	0m0.666s
1000+0 records in
1000+0 records out
1048576000 bytes (1.0 GB) copied, 2.1281 s, 493 MB/s
3c84e34b319946f6531a2c4559f588a8  -

real	0m2.131s
user	0m1.918s
sys	0m0.528s
1000+0 records in
1000+0 records out
3c84e34b319946f6531a2c4559f588a8  -
1048576000 bytes (1.0 GB) copied, 2.46082 s, 426 MB/s

real	0m2.464s
user	0m2.036s
sys	0m0.782s
1000+0 records in
1000+0 records out
3c84e34b319946f6531a2c4559f588a8  -
1048576000 bytes (1.0 GB) copied, 2.2844 s, 459 MB/s

real	0m2.287s
user	0m2.038s
sys	0m0.511s
1000+0 records in
1000+0 records out
1048576000 bytes (1.0 GB) copied, 2.34635 s, 447 MB/s
3c84e34b319946f6531a2c4559f588a8  -

real	0m2.350s
user	0m2.056s
sys	0m0.650s
1000+0 records in
1000+0 records out
3c84e34b319946f6531a2c4559f588a8  -
1048576000 bytes (1.0 GB) copied, 2.20962 s, 475 MB/s

real	0m2.212s
user	0m1.947s
sys	0m0.541s
1000+0 records in
1000+0 records out
1048576000 bytes (1.0 GB) copied, 2.43622 s, 430 MB/s
3c84e34b319946f6531a2c4559f588a8  -

real	0m2.439s
user	0m2.035s
sys	0m0.783s
1000+0 records in
1000+0 records out
1048576000 bytes (1.0 GB) copied, 2.1523 s, 487 MB/s
3c84e34b319946f6531a2c4559f588a8  -

real	0m2.155s
user	0m1.957s
sys	0m0.554s
1000+0 records in
1000+0 records out
1048576000 bytes (1.0 GB) copied, 2.15711 s, 486 MB/s
3c84e34b319946f6531a2c4559f588a8  -

real	0m2.160s
user	0m1.935s
sys	0m0.579s
1000+0 records in
1000+0 records out
1048576000 bytes (1.0 GB) copied, 2.10173 s, 499 MB/s
3c84e34b319946f6531a2c4559f588a8  -

real	0m2.105s
user	0m1.924s
sys	0m0.520s
1000+0 records in
1000+0 records out
3c84e34b319946f6531a2c4559f588a8  -
1048576000 bytes (1.0 GB) copied, 2.36958 s, 443 MB/s

real	0m2.372s
user	0m2.067s
sys	0m0.615s
1000+0 records in
1000+0 records out
1048576000 bytes (1.0 GB) copied, 2.12888 s, 493 MB/s
3c84e34b319946f6531a2c4559f588a8  -

real	0m2.132s
user	0m1.942s
sys	0m0.506s
1000+0 records in
1000+0 records out
3c84e34b319946f6531a2c4559f588a8  -
1048576000 bytes (1.0 GB) copied, 2.38108 s, 440 MB/s

real	0m2.384s
user	0m2.103s
sys	0m0.637s
1000+0 records in
1000+0 records out
1048576000 bytes (1.0 GB) copied, 2.168 s, 484 MB/s
3c84e34b319946f6531a2c4559f588a8  -

real	0m2.171s
user	0m1.940s
sys	0m0.513s
1000+0 records in
1000+0 records out
3c84e34b319946f6531a2c4559f588a8  -
1048576000 bytes (1.0 GB) copied, 2.42175 s, 433 MB/s

real	0m2.424s
user	0m2.085s
sys	0m0.655s
1000+0 records in
1000+0 records out
1048576000 bytes (1.0 GB) copied, 2.12545 s, 493 MB/s
3c84e34b319946f6531a2c4559f588a8  -

real	0m2.128s
user	0m1.955s
sys	0m0.493s
1000+0 records in
1000+0 records out
3c84e34b319946f6531a2c4559f588a8  -
1048576000 bytes (1.0 GB) copied, 2.33233 s, 450 MB/s

real	0m2.335s
user	0m2.094s
sys	0m0.623s
1000+0 records in
1000+0 records out
1048576000 bytes (1.0 GB) copied, 2.07769 s, 505 MB/s
3c84e34b319946f6531a2c4559f588a8  -

real	0m2.081s
user	0m1.892s
sys	0m0.508s
1000+0 records in
1000+0 records out
1048576000 bytes (1.0 GB) copied, 2.17418 s, 482 MB/s
3c84e34b319946f6531a2c4559f588a8  -

real	0m2.177s
user	0m1.970s
sys	0m0.551s
1000+0 records in
1000+0 records out
1048576000 bytes (1.0 GB) copied, 2.20133 s, 476 MB/s
3c84e34b319946f6531a2c4559f588a8  -

real	0m2.204s
user	0m1.987s
sys	0m0.540s
1000+0 records in
1000+0 records out
3c84e34b319946f6531a2c4559f588a8  -
1048576000 bytes (1.0 GB) copied, 2.43808 s, 430 MB/s

real	0m2.440s
user	0m2.055s
sys	0m0.690s
1000+0 records in
1000+0 records out
1048576000 bytes (1.0 GB) copied, 2.14979 s, 488 MB/s
3c84e34b319946f6531a2c4559f588a8  -

real	0m2.152s
user	0m1.961s
sys	0m0.514s
1000+0 records in
1000+0 records out
3c84e34b319946f6531a2c4559f588a8  -
1048576000 bytes (1.0 GB) copied, 2.37392 s, 442 MB/s

real	0m2.376s
user	0m2.085s
sys	0m0.605s
1000+0 records in
1000+0 records out
3c84e34b319946f6531a2c4559f588a8  -
1048576000 bytes (1.0 GB) copied, 2.19411 s, 478 MB/s

real	0m2.197s
user	0m1.934s
sys	0m0.515s
1000+0 records in
1000+0 records out
1048576000 bytes (1.0 GB) copied3c84e34b319946f6531a2c4559f588a8  -
, 2.47707 s, 423 MB/s

real	0m2.480s
user	0m2.050s
sys	0m0.784s
1000+0 records in
1000+0 records out
1048576000 bytes (1.0 GB) copied, 2.17212 s, 483 MB/s
3c84e34b319946f6531a2c4559f588a8  -

real	0m2.175s
user	0m1.951s
sys	0m0.534s
1000+0 records in
1000+0 records out
3c84e34b319946f6531a2c4559f588a8  -
1048576000 bytes (1.0 GB) copied, 2.43985 s, 430 MB/s

real	0m2.442s
user	0m2.069s
sys	0m0.744s
1000+0 records in
1000+0 records out
1048576000 bytes (1.0 GB) copied, 2.16744 s, 484 MB/s
3c84e34b319946f6531a2c4559f588a8  -

real	0m2.170s
user	0m1.980s
sys	0m0.549s
1000+0 records in
1000+0 records out
1048576000 bytes (1.0 GB) copied, 2.17692 s, 482 MB/s
3c84e34b319946f6531a2c4559f588a8  -

real	0m2.180s
user	0m1.991s
sys	0m0.532s
1000+0 records in
1000+0 records out
1048576000 bytes (1.0 GB) copied, 2.0868 s, 502 MB/s
3c84e34b319946f6531a2c4559f588a8  -

real	0m2.090s
user	0m1.909s
sys	0m0.518s
1000+0 records in
1000+0 records out
3c84e34b319946f6531a2c4559f588a8  -
1048576000 bytes (1.0 GB) copied, 2.35383 s, 445 MB/s

real	0m2.356s
user	0m2.082s
sys	0m0.657s
1000+0 records in
1000+0 records out
1048576000 bytes (1.0 GB) copied, 2.26541 s, 463 MB/s
3c84e34b319946f6531a2c4559f588a8  -

real	0m2.268s
user	0m2.004s
sys	0m0.557s
1000+0 records in
1000+0 records out
3c84e34b319946f6531a2c4559f588a8  -
1048576000 bytes (1.0 GB) copied, 2.58004 s, 406 MB/s

real	0m2.582s
user	0m2.026s
sys	0m0.854s
1000+0 records in
1000+0 records out
1048576000 bytes (1.0 GB) copied, 2.15877 s, 486 MB/s
3c84e34b319946f6531a2c4559f588a8  -

real	0m2.161s
user	0m1.969s
sys	0m0.506s
1000+0 records in
1000+0 records out
3c84e34b319946f6531a2c4559f588a8  -
1048576000 bytes (1.0 GB) copied, 2.30979 s, 454 MB/s

real	0m2.312s
user	0m2.073s
sys	0m0.608s
1000+0 records in
1000+0 records out
3c84e34b319946f6531a2c4559f588a8  -
1048576000 bytes (1.0 GB) copied, 2.10972 s, 497 MB/s

real	0m2.113s
user	0m1.894s
sys	0m0.520s
1000+0 records in
1000+0 records out
1048576000 bytes (1.0 GB) copied, 2.34032 s, 448 MB/s
3c84e34b319946f6531a2c4559f588a8  -

real	0m2.343s
user	0m2.093s
sys	0m0.622s
1000+0 records in
1000+0 records out
1048576000 bytes (1.0 GB) copied, 2.06319 s, 508 MB/s
3c84e34b319946f6531a2c4559f588a8  -

real	0m2.066s
user	0m1.889s
sys	0m0.485s
1000+0 records in
1000+0 records out
1048576000 bytes (1.0 GB) copied, 2.15315 s, 487 MB/s
3c84e34b319946f6531a2c4559f588a8  -

real	0m2.156s
user	0m1.916s
sys	0m0.574s
1000+0 records in
1000+0 records out
1048576000 bytes (1.0 GB) copied, 2.12346 s, 494 MB/s
3c84e34b319946f6531a2c4559f588a8  -

real	0m2.126s
user	0m1.952s
sys	0m0.525s
1000+0 records in
1000+0 records out
1048576000 bytes (1.0 GB) copied3c84e34b319946f6531a2c4559f588a8  -
, 2.38464 s, 440 MB/s

real	0m2.387s
user	0m2.077s
sys	0m0.675s
1000+0 records in
1000+0 records out
1048576000 bytes (1.0 GB) copied3c84e34b319946f6531a2c4559f588a8  -
, 2.12567 s, 493 MB/s

real	0m2.129s
user	0m1.909s
sys	0m0.512s
1000+0 records in
1000+0 records out
1048576000 bytes (1.0 GB) copied, 2.30076 s, 456 MB/s
3c84e34b319946f6531a2c4559f588a8  -

real	0m2.304s
user	0m2.040s
sys	0m0.672s
1000+0 records in
1000+0 records out
1048576000 bytes (1.0 GB) copied, 2.12117 s, 494 MB/s
3c84e34b319946f6531a2c4559f588a8  -

real	0m2.124s
user	0m1.942s
sys	0m0.505s
1000+0 records in
1000+0 records out
3c84e34b319946f6531a2c4559f588a8  -
1048576000 bytes (1.0 GB) copied, 2.34515 s, 447 MB/s

real	0m2.348s
user	0m2.081s
sys	0m0.638s
1000+0 records in
1000+0 records out
1048576000 bytes (1.0 GB) copied, 2.1285 s, 493 MB/s
3c84e34b319946f6531a2c4559f588a8  -

real	0m2.131s
user	0m1.888s
sys	0m0.526s
1000+0 records in
1000+0 records out
3c84e34b319946f6531a2c4559f588a8  -
1048576000 bytes (1.0 GB) copied, 2.39902 s, 437 MB/s

real	0m2.402s
user	0m2.109s
sys	0m0.595s
1000+0 records in
1000+0 records out
3c84e34b319946f6531a2c4559f588a8  -
1048576000 bytes (1.0 GB) copied, 2.13003 s, 492 MB/s

real	0m2.133s
user	0m1.916s
sys	0m0.539s
1000+0 records in
1000+0 records out
1048576000 bytes (1.0 GB) copied, 2.1774 s, 482 MB/s
3c84e34b319946f6531a2c4559f588a8  -

real	0m2.180s
user	0m1.922s
sys	0m0.576s
1000+0 records in
1000+0 records out
1048576000 bytes (1.0 GB) copied, 2.20084 s, 476 MB/s
3c84e34b319946f6531a2c4559f588a8  -

real	0m2.203s
user	0m1.951s
sys	0m0.518s
1000+0 records in
1000+0 records out
3c84e34b319946f6531a2c4559f588a8  -
1048576000 bytes (1.0 GB) copied, 2.31384 s, 453 MB/s

real	0m2.316s
user	0m2.061s
sys	0m0.625s
1000+0 records in
1000+0 records out
3c84e34b319946f6531a2c4559f588a8  -
1048576000 bytes (1.0 GB) copied, 2.22286 s, 472 MB/s

real	0m2.225s
user	0m1.971s
sys	0m0.509s
1000+0 records in
1000+0 records out
1048576000 bytes (1.0 GB) copied, 2.31749 s, 452 MB/s
3c84e34b319946f6531a2c4559f588a8  -

real	0m2.320s
user	0m2.084s
sys	0m0.628s
1000+0 records in
1000+0 records out
1048576000 bytes (1.0 GB) copied, 2.17088 s, 483 MB/s
3c84e34b319946f6531a2c4559f588a8  -

real	0m2.174s
user	0m1.952s
sys	0m0.513s
1000+0 records in
1000+0 records out
3c84e34b319946f6531a2c4559f588a8  -
1048576000 bytes (1.0 GB) copied, 2.36143 s, 444 MB/s

real	0m2.364s
user	0m2.070s
sys	0m0.651s
1000+0 records in
1000+0 records out
3c84e34b319946f6531a2c4559f588a8  -
1048576000 bytes (1.0 GB) copied, 2.1595 s, 486 MB/s

real	0m2.162s
user	0m1.933s
sys	0m0.518s
1000+0 records in
1000+0 records out
1048576000 bytes (1.0 GB) copied, 2.50344 s, 419 MB/s
3c84e34b319946f6531a2c4559f588a8  -

real	0m2.506s
user	0m2.061s
sys	0m0.789s
1000+0 records in
1000+0 records out
1048576000 bytes (1.0 GB) copied, 2.11979 s, 495 MB/s
3c84e34b319946f6531a2c4559f588a8  -

real	0m2.123s
user	0m1.928s
sys	0m0.500s
1000+0 records in
1000+0 records out
1048576000 bytes (1.0 GB) copied, 2.20994 s, 474 MB/s
3c84e34b319946f6531a2c4559f588a8  -

real	0m2.213s
user	0m1.958s
sys	0m0.550s
1000+0 records in
1000+0 records out
3c84e34b319946f6531a2c4559f588a8  -
1048576000 bytes (1.0 GB) copied, 2.12905 s, 493 MB/s

real	0m2.132s
user	0m1.950s
sys	0m0.511s
1000+0 records in
1000+0 records out
1048576000 bytes (1.0 GB) copied3c84e34b319946f6531a2c4559f588a8  -
, 2.29804 s, 456 MB/s

real	0m2.301s
user	0m2.066s
sys	0m0.597s
1000+0 records in
1000+0 records out
1048576000 bytes (1.0 GB) copied, 2.09095 s, 501 MB/s
3c84e34b319946f6531a2c4559f588a8  -

real	0m2.094s
user	0m1.905s
sys	0m0.515s
1000+0 records in
1000+0 records out
3c84e34b319946f6531a2c4559f588a8  -
1048576000 bytes (1.0 GB) copied, 2.36532 s, 443 MB/s

real	0m2.368s
user	0m2.058s
sys	0m0.683s
1000+0 records in
1000+0 records out
1048576000 bytes (1.0 GB) copied, 2.1304 s, 492 MB/s
3c84e34b319946f6531a2c4559f588a8  -

real	0m2.133s
user	0m1.918s
sys	0m0.516s
1000+0 records in
1000+0 records out
3c84e34b319946f6531a2c4559f588a8  -
1048576000 bytes (1.0 GB) copied, 2.52003 s, 416 MB/s

real	0m2.523s
user	0m2.053s
sys	0m0.778s
1000+0 records in
1000+0 records out
3c84e34b319946f6531a2c4559f588a8  -
1048576000 bytes (1.0 GB) copied, 2.23536 s, 469 MB/s

real	0m2.238s
user	0m1.971s
sys	0m0.563s
1000+0 records in
1000+0 records out
1048576000 bytes (1.0 GB) copied, 2.38928 s, 439 MB/s
3c84e34b319946f6531a2c4559f588a8  -

real	0m2.392s
user	0m2.127s
sys	0m0.624s
1000+0 records in
1000+0 records out
1048576000 bytes (1.0 GB) copied, 2.03343 s, 516 MB/s
3c84e34b319946f6531a2c4559f588a8  -

real	0m2.036s
user	0m1.860s
sys	0m0.480s
1000+0 records in
1000+0 records out
1048576000 bytes (1.0 GB) copied, 2.21953 s, 472 MB/s
3c84e34b319946f6531a2c4559f588a8  -

real	0m2.222s
user	0m1.896s
sys	0m0.620s
1000+0 records in
1000+0 records out
1048576000 bytes (1.0 GB) copied, 2.10207 s, 499 MB/s
3c84e34b319946f6531a2c4559f588a8  -

real	0m2.105s
user	0m1.916s
sys	0m0.488s
1000+0 records in
1000+0 records out
3c84e34b319946f6531a2c4559f588a8  -
1048576000 bytes (1.0 GB) copied, 2.34001 s, 448 MB/s

real	0m2.343s
user	0m2.046s
sys	0m0.654s
1000+0 records in
1000+0 records out
1048576000 bytes (1.0 GB) copied3c84e34b319946f6531a2c4559f588a8  -
, 2.15135 s, 487 MB/s

real	0m2.154s
user	0m1.957s
sys	0m0.505s
1000+0 records in
1000+0 records out
3c84e34b319946f6531a2c4559f588a8  -
1048576000 bytes (1.0 GB) copied, 2.33219 s, 450 MB/s

real	0m2.335s
user	0m2.127s
sys	0m0.582s
1000+0 records in
1000+0 records out
3c84e34b319946f6531a2c4559f588a8  -
1048576000 bytes (1.0 GB) copied, 2.20341 s, 476 MB/s

real	0m2.206s
user	0m1.932s
sys	0m0.511s
1000+0 records in
1000+0 records out
1048576000 bytes (1.0 GB) copied, 2.40164 s, 437 MB/s
3c84e34b319946f6531a2c4559f588a8  -

real	0m2.404s
user	0m2.103s
sys	0m0.705s
1000+0 records in
1000+0 records out
1048576000 bytes (1.0 GB) copied3c84e34b319946f6531a2c4559f588a8  -
, 2.16181 s, 485 MB/s

real	0m2.165s
user	0m1.969s
sys	0m0.518s
1000+0 records in
1000+0 records out
3c84e34b319946f6531a2c4559f588a8  -
1048576000 bytes (1.0 GB) copied, 2.41815 s, 434 MB/s

real	0m2.421s
user	0m2.075s
sys	0m0.683s
1000+0 records in
1000+0 records out
1048576000 bytes (1.0 GB) copied3c84e34b319946f6531a2c4559f588a8  -
, 2.10139 s, 499 MB/s

real	0m2.104s
user	0m1.875s
sys	0m0.505s
1000+0 records in
1000+0 records out
1048576000 bytes (1.0 GB) copied, 2.19568 s, 478 MB/s
3c84e34b319946f6531a2c4559f588a8  -

real	0m2.198s
user	0m1.919s
sys	0m0.591s
1000+0 records in
1000+0 records out
1048576000 bytes (1.0 GB) copied, 2.18526 s, 480 MB/s
3c84e34b319946f6531a2c4559f588a8  -

real	0m2.188s
user	0m1.942s
sys	0m0.550s
1000+0 records in
1000+0 records out
3c84e34b319946f6531a2c4559f588a8  -
1048576000 bytes (1.0 GB) copied, 2.40955 s, 435 MB/s

real	0m2.412s
user	0m2.103s
sys	0m0.668s
1000+0 records in
1000+0 records out
1048576000 bytes (1.0 GB) copied, 2.2185 s, 473 MB/s
3c84e34b319946f6531a2c4559f588a8  -

real	0m2.221s
user	0m2.017s
sys	0m0.543s
1000+0 records in
1000+0 records out
3c84e34b319946f6531a2c4559f588a8  -
1048576000 bytes (1.0 GB) copied, 2.35294 s, 446 MB/s

real	0m2.356s
user	0m2.052s
sys	0m0.534s
1000+0 records in
1000+0 records out
1048576000 bytes (1.0 GB) copied, 2.16998 s, 483 MB/s
3c84e34b319946f6531a2c4559f588a8  -

real	0m2.173s
user	0m1.962s
sys	0m0.516s
1000+0 records in
1000+0 records out
3c84e34b319946f6531a2c4559f588a8  -
1048576000 bytes (1.0 GB) copied, 2.4046 s, 436 MB/s

real	0m2.407s
user	0m2.072s
sys	0m0.642s
1000+0 records in
1000+0 records out
1048576000 bytes (1.0 GB) copied, 2.28078 s, 460 MB/s
3c84e34b319946f6531a2c4559f588a8  -

real	0m2.283s
user	0m1.993s
sys	0m0.655s
1000+0 records in
1000+0 records out
3c84e34b319946f6531a2c4559f588a8  -
1048576000 bytes (1.0 GB) copied, 2.51859 s, 416 MB/s

real	0m2.521s
user	0m2.080s
sys	0m0.777s
1000+0 records in
1000+0 records out
1048576000 bytes (1.0 GB) copied, 2.22686 s, 471 MB/s
3c84e34b319946f6531a2c4559f588a8  -

real	0m2.230s
user	0m2.026s
sys	0m0.544s
1000+0 records in
1000+0 records out
1048576000 bytes (1.0 GB) copied, 2.2576 s, 464 MB/s
3c84e34b319946f6531a2c4559f588a8  -

real	0m2.260s
user	0m2.039s
sys	0m0.562s
1000+0 records in
1000+0 records out
1048576000 bytes (1.0 GB) copied, 2.10653 s, 498 MB/s
3c84e34b319946f6531a2c4559f588a8  -

real	0m2.110s
user	0m1.928s
sys	0m0.521s
1000+0 records in
1000+0 records out
3c84e34b319946f6531a2c4559f588a8  -
1048576000 bytes (1.0 GB) copied, 2.38259 s, 440 MB/s

real	0m2.385s
user	0m2.103s
sys	0m0.646s
1000+0 records in
1000+0 records out
1048576000 bytes (1.0 GB) copied, 2.16559 s, 484 MB/s
3c84e34b319946f6531a2c4559f588a8  -

real	0m2.169s
user	0m1.948s
sys	0m0.524s
1000+0 records in
1000+0 records out
3c84e34b319946f6531a2c4559f588a8  -
1048576000 bytes (1.0 GB) copied, 2.39133 s, 438 MB/s

real	0m2.394s
user	0m2.045s
sys	0m0.697s
1000+0 records in
1000+0 records out
1048576000 bytes (1.0 GB) copied, 2.14517 s, 489 MB/s
3c84e34b319946f6531a2c4559f588a8  -

real	0m2.148s
user	0m1.963s
sys	0m0.532s
1000+0 records in
1000+0 records out
3c84e34b319946f6531a2c4559f588a8  -
1048576000 bytes (1.0 GB) copied, 2.33953 s, 448 MB/s

real	0m2.343s
user	0m2.068s
sys	0m0.625s
1000+0 records in
1000+0 records out
1048576000 bytes (1.0 GB) copied, 2.14156 s, 490 MB/s
3c84e34b319946f6531a2c4559f588a8  -

real	0m2.146s
user	0m1.949s
sys	0m0.496s
1000+0 records in
1000+0 records out
3c84e34b319946f6531a2c4559f588a8  -
1048576000 bytes (1.0 GB) copied, 2.47019 s, 424 MB/s

real	0m2.473s
user	0m2.050s
sys	0m0.808s
1000+0 records in
1000+0 records out
1048576000 bytes (1.0 GB) copied, 2.1309 s, 492 MB/s
3c84e34b319946f6531a2c4559f588a8  -

real	0m2.134s
user	0m1.914s
sys	0m0.550s
1000+0 records in
1000+0 records out
1048576000 bytes (1.0 GB) copied, 2.15775 s, 486 MB/s
3c84e34b319946f6531a2c4559f588a8  -

real	0m2.160s
user	0m1.925s
sys	0m0.609s
1000+0 records in
1000+0 records out
1048576000 bytes (1.0 GB) copied, 2.10779 s, 497 MB/s
3c84e34b319946f6531a2c4559f588a8  -

real	0m2.110s
user	0m1.899s
sys	0m0.523s
1000+0 records in
1000+0 records out
3c84e34b319946f6531a2c4559f588a8  -
1048576000 bytes (1.0 GB) copied, 2.41531 s, 434 MB/s

real	0m2.418s
user	0m2.042s
sys	0m0.751s
1000+0 records in
1000+0 records out
3c84e34b319946f6531a2c4559f588a8  -
1048576000 bytes (1.0 GB) copied, 2.22199 s, 472 MB/s

real	0m2.225s
user	0m1.923s
sys	0m0.508s
1000+0 records in
1000+0 records out
1048576000 bytes (1.0 GB) copied3c84e34b319946f6531a2c4559f588a8  -
, 2.40526 s, 436 MB/s

real	0m2.408s
user	0m2.053s
sys	0m0.708s
1000+0 records in
1000+0 records out
1048576000 bytes (1.0 GB) copied, 2.19245 s, 478 MB/s
3c84e34b319946f6531a2c4559f588a8  -

real	0m2.195s
user	0m1.947s
sys	0m0.529s
1000+0 records in
1000+0 records out
3c84e34b319946f6531a2c4559f588a8  -
1048576000 bytes (1.0 GB) copied, 2.47307 s, 424 MB/s

real	0m2.476s
user	0m2.074s
sys	0m0.771s
1000+0 records in
1000+0 records out
3c84e34b319946f6531a2c4559f588a8  -
1048576000 bytes (1.0 GB) copied, 2.12923 s, 492 MB/s

real	0m2.132s
user	0m1.917s
sys	0m0.516s
1000+0 records in
1000+0 records out
1048576000 bytes (1.0 GB) copied, 2.37287 s, 442 MB/s
3c84e34b319946f6531a2c4559f588a8  -

real	0m2.375s
user	0m2.056s
sys	0m0.699s
1000+0 records in
1000+0 records out
1048576000 bytes (1.0 GB) copied, 2.0884 s, 502 MB/s
3c84e34b319946f6531a2c4559f588a8  -

real	0m2.091s
user	0m1.856s
sys	0m0.508s
1000+0 records in
1000+0 records out
1048576000 bytes (1.0 GB) copied, 2.12451 s, 494 MB/s
3c84e34b319946f6531a2c4559f588a8  -

real	0m2.127s
user	0m1.949s
sys	0m0.552s
1000+0 records in
1000+0 records out
1048576000 bytes (1.0 GB) copied, 2.03714 s, 515 MB/s
3c84e34b319946f6531a2c4559f588a8  -

real	0m2.040s
user	0m1.860s
sys	0m0.509s
1000+0 records in
1000+0 records out
3c84e34b319946f6531a2c4559f588a8  -
1048576000 bytes (1.0 GB) copied, 2.41028 s, 435 MB/s

real	0m2.413s
user	0m2.090s
sys	0m0.676s
1000+0 records in
1000+0 records out
3c84e34b319946f6531a2c4559f588a8  -
1048576000 bytes (1.0 GB) copied, 2.14155 s, 490 MB/s

real	0m2.144s
user	0m1.919s
sys	0m0.520s
1000+0 records in
1000+0 records out
1048576000 bytes (1.0 GB) copied, 2.40064 s, 437 MB/s
3c84e34b319946f6531a2c4559f588a8  -

real	0m2.403s
user	0m2.082s
sys	0m0.686s
1000+0 records in
1000+0 records out
1048576000 bytes (1.0 GB) copied, 2.16577 s, 484 MB/s
3c84e34b319946f6531a2c4559f588a8  -

real	0m2.168s
user	0m1.944s
sys	0m0.506s
1000+0 records in
1000+0 records out
3c84e34b319946f6531a2c4559f588a8  -
1048576000 bytes (1.0 GB) copied, 2.40814 s, 435 MB/s

real	0m2.411s
user	0m2.116s
sys	0m0.651s
1000+0 records in
1000+0 records out
1048576000 bytes (1.0 GB) copied, 2.14134 s, 490 MB/s
3c84e34b319946f6531a2c4559f588a8  -

real	0m2.144s
user	0m1.955s
sys	0m0.517s
1000+0 records in
1000+0 records out
3c84e34b319946f6531a2c4559f588a8  -
1048576000 bytes (1.0 GB) copied, 2.35006 s, 446 MB/s

real	0m2.353s
user	0m2.081s
sys	0m0.648s
1000+0 records in
1000+0 records out
1048576000 bytes (1.0 GB) copied, 2.06991 s, 507 MB/s
3c84e34b319946f6531a2c4559f588a8  -

real	0m2.073s
user	0m1.863s
sys	0m0.512s
1000+0 records in
1000+0 records out
1048576000 bytes (1.0 GB) copied, 2.18478 s, 480 MB/s
3c84e34b319946f6531a2c4559f588a8  -

real	0m2.188s
user	0m1.966s
sys	0m0.548s
1000+0 records in
1000+0 records out
1048576000 bytes (1.0 GB) copied, 2.12292 s, 494 MB/s
3c84e34b319946f6531a2c4559f588a8  -

real	0m2.126s
user	0m1.921s
sys	0m0.514s
1000+0 records in
1000+0 records out
3c84e34b319946f6531a2c4559f588a8  -
1048576000 bytes (1.0 GB) copied, 2.49946 s, 420 MB/s

real	0m2.502s
user	0m2.051s
sys	0m0.800s
1000+0 records in
1000+0 records out
1048576000 bytes (1.0 GB) copied, 2.15182 s, 487 MB/s
3c84e34b319946f6531a2c4559f588a8  -

real	0m2.155s
user	0m1.949s
sys	0m0.518s
1000+0 records in
1000+0 records out
3c84e34b319946f6531a2c4559f588a8  -
1048576000 bytes (1.0 GB) copied, 2.34562 s, 447 MB/s

real	0m2.348s
user	0m2.091s
sys	0m0.618s
1000+0 records in
1000+0 records out
1048576000 bytes (1.0 GB) copied, 2.1284 s, 493 MB/s
3c84e34b319946f6531a2c4559f588a8  -

real	0m2.131s
user	0m1.931s
sys	0m0.493s
1000+0 records in
1000+0 records out
3c84e34b319946f6531a2c4559f588a8  -
1048576000 bytes (1.0 GB) copied, 2.3475 s, 447 MB/s

real	0m2.350s
user	0m2.075s
sys	0m0.629s
1000+0 records in
1000+0 records out
1048576000 bytes (1.0 GB) copied, 2.16595 s, 484 MB/s
3c84e34b319946f6531a2c4559f588a8  -

real	0m2.169s
user	0m1.949s
sys	0m0.521s
1000+0 records in
1000+0 records out
3c84e34b319946f6531a2c4559f588a8  -
1048576000 bytes (1.0 GB) copied, 2.56881 s, 408 MB/s

real	0m2.571s
user	0m2.074s
sys	0m0.849s
1000+0 records in
1000+0 records out
1048576000 bytes (1.0 GB) copied, 2.13419 s, 491 MB/s
3c84e34b319946f6531a2c4559f588a8  -

real	0m2.137s
user	0m1.970s
sys	0m0.519s
1000+0 records in
1000+0 records out
1048576000 bytes (1.0 GB) copied, 2.17358 s, 482 MB/s
3c84e34b319946f6531a2c4559f588a8  -

real	0m2.176s
user	0m1.957s
sys	0m0.596s
1000+0 records in
1000+0 records out
1048576000 bytes (1.0 GB) copied, 2.12984 s, 492 MB/s
3c84e34b319946f6531a2c4559f588a8  -

real	0m2.133s
user	0m1.942s
sys	0m0.510s
1000+0 records in
1000+0 records out
3c84e34b319946f6531a2c4559f588a8  -
1048576000 bytes (1.0 GB) copied, 2.35999 s, 444 MB/s

real	0m2.363s
user	0m2.080s
sys	0m0.649s
1000+0 records in
1000+0 records out
1048576000 bytes (1.0 GB) copied, 2.27699 s, 461 MB/s
3c84e34b319946f6531a2c4559f588a8  -

real	0m2.280s
user	0m2.069s
sys	0m0.542s
1000+0 records in
1000+0 records out
3c84e34b319946f6531a2c4559f588a8  -
1048576000 bytes (1.0 GB) copied, 2.34397 s, 447 MB/s

real	0m2.347s
user	0m2.061s
sys	0m0.551s
1000+0 records in
1000+0 records out
3c84e34b319946f6531a2c4559f588a8  -
1048576000 bytes (1.0 GB) copied, 2.12233 s, 494 MB/s

real	0m2.125s
user	0m1.909s
sys	0m0.519s
1000+0 records in
1000+0 records out
1048576000 bytes (1.0 GB) copied3c84e34b319946f6531a2c4559f588a8  -
, 2.34476 s, 447 MB/s

real	0m2.347s
user	0m2.093s
sys	0m0.616s
1000+0 records in
1000+0 records out
1048576000 bytes (1.0 GB) copied, 2.09536 s, 500 MB/s
3c84e34b319946f6531a2c4559f588a8  -

real	0m2.098s
user	0m1.902s
sys	0m0.540s
1000+0 records in
1000+0 records out
3c84e34b319946f6531a2c4559f588a8  -
1048576000 bytes (1.0 GB) copied, 2.50678 s, 418 MB/s

real	0m2.509s
user	0m2.107s
sys	0m0.766s
1000+0 records in
1000+0 records out
1048576000 bytes (1.0 GB) copied, 2.04131 s, 514 MB/s
3c84e34b319946f6531a2c4559f588a8  -

real	0m2.044s
user	0m1.877s
sys	0m0.503s
1000+0 records in
1000+0 records out
1048576000 bytes (1.0 GB) copied, 2.19598 s, 477 MB/s
3c84e34b319946f6531a2c4559f588a8  -

real	0m2.199s
user	0m1.985s
sys	0m0.581s
1000+0 records in
1000+0 records out
1048576000 bytes (1.0 GB) copied, 2.24018 s, 468 MB/s
3c84e34b319946f6531a2c4559f588a8  -

real	0m2.243s
user	0m1.997s
sys	0m0.611s
1000+0 records in
1000+0 records out
1048576000 bytes (1.0 GB) copied, 2.39784 s, 437 MB/s
3c84e34b319946f6531a2c4559f588a8  -

real	0m2.400s
user	0m2.067s
sys	0m0.698s
1000+0 records in
1000+0 records out
1048576000 bytes (1.0 GB) copied, 2.20731 s, 475 MB/s
3c84e34b319946f6531a2c4559f588a8  -

real	0m2.210s
user	0m2.015s
sys	0m0.564s
1000+0 records in
1000+0 records out
3c84e34b319946f6531a2c4559f588a8  -
1048576000 bytes (1.0 GB) copied, 2.57345 s, 407 MB/s

real	0m2.576s
user	0m2.099s
sys	0m0.813s
1000+0 records in
1000+0 records out
1048576000 bytes (1.0 GB) copied, 2.13458 s, 491 MB/s
3c84e34b319946f6531a2c4559f588a8  -

real	0m2.137s
user	0m1.905s
sys	0m0.526s
1000+0 records in
1000+0 records out
3c84e34b319946f6531a2c4559f588a8  -
1048576000 bytes (1.0 GB) copied, 2.37918 s, 441 MB/s

real	0m2.382s
user	0m2.071s
sys	0m0.680s
1000+0 records in
1000+0 records out
3c84e34b319946f6531a2c4559f588a8  -
1048576000 bytes (1.0 GB) copied, 2.25051 s, 466 MB/s

real	0m2.253s
user	0m1.990s
sys	0m0.536s
1000+0 records in
1000+0 records out
1048576000 bytes (1.0 GB) copied, 2.34196 s, 448 MB/s
3c84e34b319946f6531a2c4559f588a8  -

real	0m2.345s
user	0m2.090s
sys	0m0.631s
1000+0 records in
1000+0 records out
1048576000 bytes (1.0 GB) copied, 2.13032 s, 492 MB/s
3c84e34b319946f6531a2c4559f588a8  -

real	0m2.133s
user	0m1.882s
sys	0m0.531s
1000+0 records in
1000+0 records out
1048576000 bytes (1.0 GB) copied, 2.17524 s, 482 MB/s
3c84e34b319946f6531a2c4559f588a8  -

real	0m2.178s
user	0m1.964s
sys	0m0.556s
1000+0 records in
1000+0 records out
1048576000 bytes (1.0 GB) copied, 2.21443 s, 474 MB/s
3c84e34b319946f6531a2c4559f588a8  -

real	0m2.217s
user	0m1.949s
sys	0m0.524s
1000+0 records in
1000+0 records out
3c84e34b319946f6531a2c4559f588a8  -
1048576000 bytes (1.0 GB) copied, 2.36274 s, 444 MB/s

real	0m2.365s
user	0m2.080s
sys	0m0.657s
1000+0 records in
1000+0 records out
1048576000 bytes (1.0 GB) copied, 2.10781 s, 497 MB/s
3c84e34b319946f6531a2c4559f588a8  -

real	0m2.111s
user	0m1.925s
sys	0m0.506s
1000+0 records in
1000+0 records out
3c84e34b319946f6531a2c4559f588a8  -
1048576000 bytes (1.0 GB) copied, 2.48641 s, 422 MB/s

real	0m2.490s
user	0m2.103s
sys	0m0.745s
1000+0 records in
1000+0 records out
1048576000 bytes (1.0 GB) copied, 2.13265 s, 492 MB/s
3c84e34b319946f6531a2c4559f588a8  -

real	0m2.136s
user	0m1.926s
sys	0m0.494s
1000+0 records in
1000+0 records out
3c84e34b319946f6531a2c4559f588a8  -
1048576000 bytes (1.0 GB) copied, 2.39966 s, 437 MB/s

real	0m2.402s
user	0m2.075s
sys	0m0.660s
1000+0 records in
1000+0 records out
3c84e34b319946f6531a2c4559f588a8  -
1048576000 bytes (1.0 GB) copied, 2.14303 s, 489 MB/s

real	0m2.146s
user	0m1.917s
sys	0m0.503s
1000+0 records in
1000+0 records out
1048576000 bytes (1.0 GB) copied, 2.3561 s, 445 MB/s
3c84e34b319946f6531a2c4559f588a8  -

real	0m2.359s
user	0m2.075s
sys	0m0.635s
1000+0 records in
1000+0 records out
1048576000 bytes (1.0 GB) copied, 2.04284 s, 513 MB/s
3c84e34b319946f6531a2c4559f588a8  -

real	0m2.046s
user	0m1.859s
sys	0m0.497s
1000+0 records in
1000+0 records out
1048576000 bytes (1.0 GB) copied, 2.25498 s, 465 MB/s
3c84e34b319946f6531a2c4559f588a8  -

real	0m2.258s
user	0m1.937s
sys	0m0.622s
