500+0 records in
500+0 records out
afbad591ee2b70ac94258fbc7fac3bf2  -
524288000 bytes (524 MB) copied, 1.10686 s, 474 MB/s

real	0m1.109s
user	0m0.937s
sys	0m0.268s
500+0 records in
500+0 records out
524288000 bytes (524 MB) copied, 1.03335 s, 507 MB/s
afbad591ee2b70ac94258fbc7fac3bf2  -

real	0m1.036s
user	0m0.943s
sys	0m0.260s
500+0 records in
500+0 records out
524288000 bytes (524 MB) copiedafbad591ee2b70ac94258fbc7fac3bf2  -
, 1.0313 s, 508 MB/s

real	0m1.034s
user	0m0.944s
sys	0m0.256s
500+0 records in
500+0 records out
524288000 bytes (524 MB) copied, 1.06006 s, 495 MB/s
afbad591ee2b70ac94258fbc7fac3bf2  -

real	0m1.063s
user	0m0.960s
sys	0m0.270s
500+0 records in
500+0 records out
524288000 bytes (524 MB) copied, 1.0634 s, 493 MB/s
afbad591ee2b70ac94258fbc7fac3bf2  -

real	0m1.066s
user	0m0.951s
sys	0m0.244s
500+0 records in
500+0 records out
524288000 bytes (524 MB) copied, 1.02703 s, 510 MB/s
afbad591ee2b70ac94258fbc7fac3bf2  -

real	0m1.029s
user	0m0.941s
sys	0m0.248s
500+0 records in
500+0 records out
524288000 bytes (524 MB) copied, 1.05778 s, 496 MB/s
afbad591ee2b70ac94258fbc7fac3bf2  -

real	0m1.060s
user	0m0.947s
sys	0m0.277s
500+0 records in
500+0 records out
524288000 bytes (524 MB) copied, 1.05252 s, 498 MB/s
afbad591ee2b70ac94258fbc7fac3bf2  -

real	0m1.055s
user	0m0.945s
sys	0m0.280s
500+0 records in
500+0 records out
524288000 bytes (524 MB) copied, 1.10974 s, 472 MB/s
afbad591ee2b70ac94258fbc7fac3bf2  -

real	0m1.112s
user	0m0.950s
sys	0m0.275s
500+0 records in
500+0 records out
524288000 bytes (524 MB) copied, 1.04127 s, 504 MB/s
afbad591ee2b70ac94258fbc7fac3bf2  -

real	0m1.044s
user	0m0.945s
sys	0m0.264s
500+0 records in
500+0 records out
524288000 bytes (524 MB) copied, 1.11564 s, 470 MB/s
afbad591ee2b70ac94258fbc7fac3bf2  -

real	0m1.118s
user	0m0.956s
sys	0m0.308s
500+0 records in
500+0 records out
524288000 bytes (524 MB) copied, 1.04886 s, 500 MB/s
afbad591ee2b70ac94258fbc7fac3bf2  -

real	0m1.051s
user	0m0.961s
sys	0m0.254s
500+0 records in
500+0 records out
524288000 bytes (524 MB) copied, 1.09695 s, 478 MB/s
afbad591ee2b70ac94258fbc7fac3bf2  -

real	0m1.099s
user	0m0.992s
sys	0m0.292s
500+0 records in
500+0 records out
524288000 bytes (524 MB) copied, 1.07193 s, 489 MB/s
afbad591ee2b70ac94258fbc7fac3bf2  -

real	0m1.074s
user	0m0.950s
sys	0m0.235s
500+0 records in
500+0 records out
524288000 bytes (524 MB) copied, 1.16169 s, 451 MB/s
afbad591ee2b70ac94258fbc7fac3bf2  -

real	0m1.164s
user	0m1.005s
sys	0m0.302s
500+0 records in
500+0 records out
524288000 bytes (524 MB) copied, 1.08372 s, 484 MB/s
afbad591ee2b70ac94258fbc7fac3bf2  -

real	0m1.086s
user	0m0.961s
sys	0m0.306s
500+0 records in
500+0 records out
524288000 bytes (524 MB) copied, 1.17217 s, 447 MB/s
afbad591ee2b70ac94258fbc7fac3bf2  -

real	0m1.175s
user	0m0.998s
sys	0m0.302s
500+0 records in
500+0 records out
524288000 bytes (524 MB) copied, 1.12791 s, 465 MB/s
afbad591ee2b70ac94258fbc7fac3bf2  -

real	0m1.130s
user	0m1.022s
sys	0m0.285s
500+0 records in
500+0 records out
524288000 bytes (524 MB) copied, 1.16961 s, 448 MB/s
afbad591ee2b70ac94258fbc7fac3bf2  -

real	0m1.172s
user	0m0.975s
sys	0m0.293s
500+0 records in
500+0 records out
524288000 bytes (524 MB) copied, 1.10931 s, 473 MB/s
afbad591ee2b70ac94258fbc7fac3bf2  -

real	0m1.112s
user	0m0.957s
sys	0m0.265s
500+0 records in
500+0 records out
524288000 bytes (524 MB) copied, 1.08827 s, 482 MB/s
afbad591ee2b70ac94258fbc7fac3bf2  -

real	0m1.091s
user	0m0.969s
sys	0m0.253s
500+0 records in
500+0 records out
524288000 bytes (524 MB) copied, 1.19598 s, 438 MB/s
afbad591ee2b70ac94258fbc7fac3bf2  -

real	0m1.198s
user	0m1.018s
sys	0m0.318s
500+0 records in
500+0 records out
524288000 bytes (524 MB) copied, 1.09268 s, 480 MB/s
afbad591ee2b70ac94258fbc7fac3bf2  -

real	0m1.095s
user	0m0.971s
sys	0m0.278s
500+0 records in
500+0 records out
524288000 bytes (524 MB) copied, 1.11504 s, 470 MB/s
afbad591ee2b70ac94258fbc7fac3bf2  -

real	0m1.117s
user	0m0.962s
sys	0m0.257s
500+0 records in
500+0 records out
524288000 bytes (524 MB) copied, 1.17278 s, 447 MB/s
afbad591ee2b70ac94258fbc7fac3bf2  -

real	0m1.175s
user	0m1.035s
sys	0m0.327s
500+0 records in
500+0 records out
524288000 bytes (524 MB) copied, 1.04619 s, 501 MB/s
afbad591ee2b70ac94258fbc7fac3bf2  -

real	0m1.049s
user	0m0.961s
sys	0m0.245s
500+0 records in
500+0 records out
524288000 bytes (524 MB) copied, 1.17556 s, 446 MB/s
afbad591ee2b70ac94258fbc7fac3bf2  -

real	0m1.178s
user	0m1.032s
sys	0m0.318s
500+0 records in
500+0 records out
524288000 bytes (524 MB) copied, 1.06751 s, 491 MB/s
afbad591ee2b70ac94258fbc7fac3bf2  -

real	0m1.070s
user	0m0.972s
sys	0m0.263s
500+0 records in
500+0 records out
524288000 bytes (524 MB) copied, 1.18851 s, 441 MB/s
afbad591ee2b70ac94258fbc7fac3bf2  -

real	0m1.191s
user	0m1.037s
sys	0m0.296s
500+0 records in
500+0 records out
524288000 bytes (524 MB) copied, 1.06847 s, 491 MB/s
afbad591ee2b70ac94258fbc7fac3bf2  -

real	0m1.071s
user	0m0.949s
sys	0m0.274s
500+0 records in
500+0 records out
524288000 bytes (524 MB) copied, 1.10435 s, 475 MB/s
afbad591ee2b70ac94258fbc7fac3bf2  -

real	0m1.107s
user	0m0.978s
sys	0m0.285s
500+0 records in
500+0 records out
524288000 bytes (524 MB) copied, 1.26798 s, 413 MB/s
afbad591ee2b70ac94258fbc7fac3bf2  -

real	0m1.270s
user	0m1.042s
sys	0m0.333s
500+0 records in
500+0 records out
524288000 bytes (524 MB) copied, 1.27212 s, 412 MB/s
afbad591ee2b70ac94258fbc7fac3bf2  -

real	0m1.275s
user	0m0.973s
sys	0m0.485s
500+0 records in
500+0 records out
524288000 bytes (524 MB) copied, 1.11759 s, 469 MB/s
afbad591ee2b70ac94258fbc7fac3bf2  -

real	0m1.120s
user	0m0.962s
sys	0m0.270s
500+0 records in
500+0 records out
524288000 bytes (524 MB) copied, 1.21755 s, 431 MB/s
afbad591ee2b70ac94258fbc7fac3bf2  -

real	0m1.220s
user	0m1.034s
sys	0m0.346s
500+0 records in
500+0 records out
524288000 bytes (524 MB) copied, 1.29834 s, 404 MB/s
afbad591ee2b70ac94258fbc7fac3bf2  -

real	0m1.301s
user	0m1.055s
sys	0m0.445s
500+0 records in
500+0 records out
524288000 bytes (524 MB) copied, 1.07634 s, 487 MB/s
afbad591ee2b70ac94258fbc7fac3bf2  -

real	0m1.079s
user	0m0.966s
sys	0m0.243s
500+0 records in
500+0 records out
524288000 bytes (524 MB) copied, 1.05226 s, 498 MB/s
afbad591ee2b70ac94258fbc7fac3bf2  -

real	0m1.055s
user	0m0.950s
sys	0m0.266s
500+0 records in
500+0 records out
524288000 bytes (524 MB) copied, 1.08393 s, 484 MB/s
afbad591ee2b70ac94258fbc7fac3bf2  -

real	0m1.086s
user	0m0.941s
sys	0m0.258s
500+0 records in
500+0 records out
524288000 bytes (524 MB) copied, 1.04742 s, 501 MB/s
afbad591ee2b70ac94258fbc7fac3bf2  -

real	0m1.050s
user	0m0.959s
sys	0m0.249s
500+0 records in
500+0 records out
524288000 bytes (524 MB) copied, 1.06425 s, 493 MB/s
afbad591ee2b70ac94258fbc7fac3bf2  -

real	0m1.067s
user	0m0.927s
sys	0m0.263s
500+0 records in
500+0 records out
524288000 bytes (524 MB) copied, 1.02915 s, 509 MB/s
afbad591ee2b70ac94258fbc7fac3bf2  -

real	0m1.031s
user	0m0.947s
sys	0m0.241s
500+0 records in
500+0 records out
524288000 bytes (524 MB) copied, 1.07029 s, 490 MB/s
afbad591ee2b70ac94258fbc7fac3bf2  -

real	0m1.073s
user	0m0.981s
sys	0m0.266s
500+0 records in
500+0 records out
524288000 bytes (524 MB) copied, 1.0122 s, 518 MB/s
afbad591ee2b70ac94258fbc7fac3bf2  -

real	0m1.015s
user	0m0.913s
sys	0m0.245s
500+0 records in
500+0 records out
524288000 bytes (524 MB) copied, 1.0237 s, 512 MB/s
afbad591ee2b70ac94258fbc7fac3bf2  -

real	0m1.026s
user	0m0.895s
sys	0m0.258s
500+0 records in
500+0 records out
524288000 bytes (524 MB) copied, 1.0704 s, 490 MB/s
afbad591ee2b70ac94258fbc7fac3bf2  -

real	0m1.073s
user	0m0.954s
sys	0m0.281s
500+0 records in
500+0 records out
524288000 bytes (524 MB) copied, 1.03767 s, 505 MB/s
afbad591ee2b70ac94258fbc7fac3bf2  -

real	0m1.040s
user	0m0.947s
sys	0m0.256s
500+0 records in
500+0 records out
524288000 bytes (524 MB) copied, 1.07106 s, 490 MB/s
afbad591ee2b70ac94258fbc7fac3bf2  -

real	0m1.074s
user	0m0.966s
sys	0m0.270s
500+0 records in
500+0 records out
524288000 bytes (524 MB) copied, 1.08441 s, 483 MB/s
afbad591ee2b70ac94258fbc7fac3bf2  -

real	0m1.087s
user	0m0.975s
sys	0m0.265s
500+0 records in
500+0 records out
524288000 bytes (524 MB) copiedafbad591ee2b70ac94258fbc7fac3bf2  -
, 1.02807 s, 510 MB/s

real	0m1.031s
user	0m0.941s
sys	0m0.245s
500+0 records in
500+0 records out
524288000 bytes (524 MB) copied, 1.14374 s, 458 MB/s
afbad591ee2b70ac94258fbc7fac3bf2  -

real	0m1.146s
user	0m0.988s
sys	0m0.296s
500+0 records in
500+0 records out
524288000 bytes (524 MB) copied, 1.11576 s, 470 MB/s
afbad591ee2b70ac94258fbc7fac3bf2  -

real	0m1.118s
user	0m1.008s
sys	0m0.294s
500+0 records in
500+0 records out
524288000 bytes (524 MB) copied, 1.07414 s, 488 MB/s
afbad591ee2b70ac94258fbc7fac3bf2  -

real	0m1.077s
user	0m0.994s
sys	0m0.259s
500+0 records in
500+0 records out
524288000 bytes (524 MB) copied, 1.20476 s, 435 MB/s
afbad591ee2b70ac94258fbc7fac3bf2  -

real	0m1.207s
user	0m0.945s
sys	0m0.350s
500+0 records in
500+0 records out
524288000 bytes (524 MB) copied, 1.08839 s, 482 MB/s
afbad591ee2b70ac94258fbc7fac3bf2  -

real	0m1.091s
user	0m0.967s
sys	0m0.278s
500+0 records in
500+0 records out
524288000 bytes (524 MB) copied, 1.09799 s, 477 MB/s
afbad591ee2b70ac94258fbc7fac3bf2  -

real	0m1.101s
user	0m1.007s
sys	0m0.264s
500+0 records in
500+0 records out
524288000 bytes (524 MB) copied, 1.19923 s, 437 MB/s
afbad591ee2b70ac94258fbc7fac3bf2  -

real	0m1.202s
user	0m0.951s
sys	0m0.340s
500+0 records in
500+0 records out
524288000 bytes (524 MB) copied, 1.07714 s, 487 MB/s
afbad591ee2b70ac94258fbc7fac3bf2  -

real	0m1.079s
user	0m0.998s
sys	0m0.243s
500+0 records in
500+0 records out
524288000 bytes (524 MB) copied, 1.10284 s, 475 MB/s
afbad591ee2b70ac94258fbc7fac3bf2  -

real	0m1.105s
user	0m0.951s
sys	0m0.269s
500+0 records in
500+0 records out
524288000 bytes (524 MB) copied, 1.01552 s, 516 MB/s
afbad591ee2b70ac94258fbc7fac3bf2  -

real	0m1.018s
user	0m0.930s
sys	0m0.251s
500+0 records in
500+0 records out
524288000 bytes (524 MB) copied, 1.20943 s, 434 MB/s
afbad591ee2b70ac94258fbc7fac3bf2  -

real	0m1.212s
user	0m1.023s
sys	0m0.345s
500+0 records in
500+0 records out
524288000 bytes (524 MB) copied, 1.23471 s, 425 MB/s
afbad591ee2b70ac94258fbc7fac3bf2  -

real	0m1.237s
user	0m1.034s
sys	0m0.309s
500+0 records in
500+0 records out
524288000 bytes (524 MB) copied, 1.18147 s, 444 MB/s
afbad591ee2b70ac94258fbc7fac3bf2  -

real	0m1.184s
user	0m1.054s
sys	0m0.307s
500+0 records in
500+0 records out
524288000 bytes (524 MB) copied, 1.18995 s, 441 MB/s
afbad591ee2b70ac94258fbc7fac3bf2  -

real	0m1.192s
user	0m1.039s
sys	0m0.303s
500+0 records in
500+0 records out
524288000 bytes (524 MB) copied, 1.16516 s, 450 MB/s
afbad591ee2b70ac94258fbc7fac3bf2  -

real	0m1.168s
user	0m0.989s
sys	0m0.263s
500+0 records in
500+0 records out
524288000 bytes (524 MB) copied, 1.09413 s, 479 MB/s
afbad591ee2b70ac94258fbc7fac3bf2  -

real	0m1.097s
user	0m0.967s
sys	0m0.291s
500+0 records in
500+0 records out
524288000 bytes (524 MB) copied, 1.26041 s, 416 MB/s
afbad591ee2b70ac94258fbc7fac3bf2  -

real	0m1.263s
user	0m1.028s
sys	0m0.345s
500+0 records in
500+0 records out
524288000 bytes (524 MB) copied, 1.08063 s, 485 MB/s
afbad591ee2b70ac94258fbc7fac3bf2  -

real	0m1.083s
user	0m0.992s
sys	0m0.255s
500+0 records in
500+0 records out
524288000 bytes (524 MB) copied, 1.27383 s, 412 MB/s
afbad591ee2b70ac94258fbc7fac3bf2  -

real	0m1.276s
user	0m1.049s
sys	0m0.326s
500+0 records in
500+0 records out
524288000 bytes (524 MB) copied, 1.07283 s, 489 MB/s
afbad591ee2b70ac94258fbc7fac3bf2  -

real	0m1.075s
user	0m0.955s
sys	0m0.266s
500+0 records in
500+0 records out
524288000 bytes (524 MB) copied, 1.09901 s, 477 MB/s
afbad591ee2b70ac94258fbc7fac3bf2  -

real	0m1.101s
user	0m0.983s
sys	0m0.257s
500+0 records in
500+0 records out
524288000 bytes (524 MB) copied, 1.21213 s, 433 MB/s
afbad591ee2b70ac94258fbc7fac3bf2  -

real	0m1.215s
user	0m1.049s
sys	0m0.329s
500+0 records in
500+0 records out
524288000 bytes (524 MB) copied, 1.24935 s, 420 MB/s
afbad591ee2b70ac94258fbc7fac3bf2  -

real	0m1.252s
user	0m1.012s
sys	0m0.431s
500+0 records in
500+0 records out
524288000 bytes (524 MB) copied, 1.13732 s, 461 MB/s
afbad591ee2b70ac94258fbc7fac3bf2  -

real	0m1.140s
user	0m0.992s
sys	0m0.258s
500+0 records in
500+0 records out
524288000 bytes (524 MB) copied, 1.11216 s, 471 MB/s
afbad591ee2b70ac94258fbc7fac3bf2  -

real	0m1.114s
user	0m0.966s
sys	0m0.257s
500+0 records in
500+0 records out
524288000 bytes (524 MB) copied, 1.20542 s, 435 MB/s
afbad591ee2b70ac94258fbc7fac3bf2  -

real	0m1.208s
user	0m1.053s
sys	0m0.322s
500+0 records in
500+0 records out
524288000 bytes (524 MB) copied, 1.07628 s, 487 MB/s
afbad591ee2b70ac94258fbc7fac3bf2  -

real	0m1.079s
user	0m0.957s
sys	0m0.254s
500+0 records in
500+0 records out
524288000 bytes (524 MB) copied, 1.30214 s, 403 MB/s
afbad591ee2b70ac94258fbc7fac3bf2  -

real	0m1.305s
user	0m1.018s
sys	0m0.472s
500+0 records in
500+0 records out
524288000 bytes (524 MB) copied, 1.23763 s, 424 MB/s
afbad591ee2b70ac94258fbc7fac3bf2  -

real	0m1.240s
user	0m1.035s
sys	0m0.326s
500+0 records in
500+0 records out
524288000 bytes (524 MB) copied, 1.04615 s, 501 MB/s
afbad591ee2b70ac94258fbc7fac3bf2  -

real	0m1.049s
user	0m0.936s
sys	0m0.267s
500+0 records in
500+0 records out
524288000 bytes (524 MB) copied, 1.0734 s, 488 MB/s
afbad591ee2b70ac94258fbc7fac3bf2  -

real	0m1.076s
user	0m0.946s
sys	0m0.283s
500+0 records in
500+0 records out
524288000 bytes (524 MB) copied, 1.0907 s, 481 MB/s
afbad591ee2b70ac94258fbc7fac3bf2  -

real	0m1.093s
user	0m0.979s
sys	0m0.288s
500+0 records in
500+0 records out
524288000 bytes (524 MB) copied, 1.05864 s, 495 MB/s
afbad591ee2b70ac94258fbc7fac3bf2  -

real	0m1.061s
user	0m0.955s
sys	0m0.274s
500+0 records in
500+0 records out
524288000 bytes (524 MB) copied, 1.03733 s, 505 MB/s
afbad591ee2b70ac94258fbc7fac3bf2  -

real	0m1.040s
user	0m0.944s
sys	0m0.263s
500+0 records in
500+0 records out
524288000 bytes (524 MB) copied, 1.06067 s, 494 MB/s
afbad591ee2b70ac94258fbc7fac3bf2  -

real	0m1.063s
user	0m0.973s
sys	0m0.257s
500+0 records in
500+0 records out
524288000 bytes (524 MB) copied, 1.05096 s, 499 MB/s
afbad591ee2b70ac94258fbc7fac3bf2  -

real	0m1.054s
user	0m0.919s
sys	0m0.305s
500+0 records in
500+0 records out
524288000 bytes (524 MB) copied, 1.05011 s, 499 MB/s
afbad591ee2b70ac94258fbc7fac3bf2  -

real	0m1.052s
user	0m0.939s
sys	0m0.283s
500+0 records in
500+0 records out
524288000 bytes (524 MB) copied, 1.06568 s, 492 MB/s
afbad591ee2b70ac94258fbc7fac3bf2  -

real	0m1.069s
user	0m0.963s
sys	0m0.272s
500+0 records in
500+0 records out
524288000 bytes (524 MB) copied, 1.06228 s, 494 MB/s
afbad591ee2b70ac94258fbc7fac3bf2  -

real	0m1.065s
user	0m0.937s
sys	0m0.276s
500+0 records in
500+0 records out
524288000 bytes (524 MB) copied, 1.04856 s, 500 MB/s
afbad591ee2b70ac94258fbc7fac3bf2  -

real	0m1.052s
user	0m0.950s
sys	0m0.264s
500+0 records in
500+0 records out
524288000 bytes (524 MB) copied, 1.13507 s, 462 MB/s
afbad591ee2b70ac94258fbc7fac3bf2  -

real	0m1.137s
user	0m0.995s
sys	0m0.241s
500+0 records in
500+0 records out
524288000 bytes (524 MB) copied, 1.0405 s, 504 MB/s
afbad591ee2b70ac94258fbc7fac3bf2  -

real	0m1.043s
user	0m0.947s
sys	0m0.259s
500+0 records in
500+0 records out
524288000 bytes (524 MB) copied, 1.10838 s, 473 MB/s
afbad591ee2b70ac94258fbc7fac3bf2  -

real	0m1.111s
user	0m1.017s
sys	0m0.281s
500+0 records in
500+0 records out
524288000 bytes (524 MB) copied, 1.18792 s, 441 MB/s
afbad591ee2b70ac94258fbc7fac3bf2  -

real	0m1.190s
user	0m1.002s
sys	0m0.315s
500+0 records in
500+0 records out
524288000 bytes (524 MB) copied, 1.07202 s, 489 MB/s
afbad591ee2b70ac94258fbc7fac3bf2  -

real	0m1.075s
user	0m0.958s
sys	0m0.254s
500+0 records in
500+0 records out
524288000 bytes (524 MB) copied, 1.11025 s, 472 MB/s
afbad591ee2b70ac94258fbc7fac3bf2  -

real	0m1.113s
user	0m0.964s
sys	0m0.272s
500+0 records in
500+0 records out
524288000 bytes (524 MB) copied, 1.02527 s, 511 MB/s
afbad591ee2b70ac94258fbc7fac3bf2  -

real	0m1.028s
user	0m0.920s
sys	0m0.261s
500+0 records in
500+0 records out
524288000 bytes (524 MB) copied, 1.02691 s, 511 MB/s
afbad591ee2b70ac94258fbc7fac3bf2  -

real	0m1.029s
user	0m0.941s
sys	0m0.246s
500+0 records in
500+0 records out
524288000 bytes (524 MB) copied, 1.20443 s, 435 MB/s
afbad591ee2b70ac94258fbc7fac3bf2  -

real	0m1.207s
user	0m1.008s
sys	0m0.276s
500+0 records in
500+0 records out
524288000 bytes (524 MB) copiedafbad591ee2b70ac94258fbc7fac3bf2  -
, 1.01128 s, 518 MB/s

real	0m1.014s
user	0m0.923s
sys	0m0.255s
500+0 records in
500+0 records out
524288000 bytes (524 MB) copied, 1.1132 s, 471 MB/s
afbad591ee2b70ac94258fbc7fac3bf2  -

real	0m1.116s
user	0m0.973s
sys	0m0.263s
500+0 records in
500+0 records out
524288000 bytes (524 MB) copied, 1.11522 s, 470 MB/s
afbad591ee2b70ac94258fbc7fac3bf2  -

real	0m1.118s
user	0m0.987s
sys	0m0.248s
500+0 records in
500+0 records out
524288000 bytes (524 MB) copied, 1.14747 s, 457 MB/s
afbad591ee2b70ac94258fbc7fac3bf2  -

real	0m1.150s
user	0m1.035s
sys	0m0.309s
500+0 records in
500+0 records out
524288000 bytes (524 MB) copied, 1.18508 s, 442 MB/s
afbad591ee2b70ac94258fbc7fac3bf2  -

real	0m1.187s
user	0m1.030s
sys	0m0.302s
500+0 records in
500+0 records out
524288000 bytes (524 MB) copied, 1.16876 s, 449 MB/s
afbad591ee2b70ac94258fbc7fac3bf2  -

real	0m1.171s
user	0m1.039s
sys	0m0.318s
500+0 records in
500+0 records out
afbad591ee2b70ac94258fbc7fac3bf2  -
524288000 bytes (524 MB) copied, 1.0733 s, 488 MB/s

real	0m1.076s
user	0m0.973s
sys	0m0.254s
500+0 records in
500+0 records out
524288000 bytes (524 MB) copied, 1.22489 s, 428 MB/s
afbad591ee2b70ac94258fbc7fac3bf2  -

real	0m1.227s
user	0m1.044s
sys	0m0.330s
500+0 records in
500+0 records out
524288000 bytes (524 MB) copied, 1.07256 s, 489 MB/s
afbad591ee2b70ac94258fbc7fac3bf2  -

real	0m1.075s
user	0m0.968s
sys	0m0.255s
500+0 records in
500+0 records out
524288000 bytes (524 MB) copied, 1.10882 s, 473 MB/s
afbad591ee2b70ac94258fbc7fac3bf2  -

real	0m1.111s
user	0m0.973s
sys	0m0.256s
500+0 records in
500+0 records out
524288000 bytes (524 MB) copied, 1.0372 s, 505 MB/s
afbad591ee2b70ac94258fbc7fac3bf2  -

real	0m1.040s
user	0m0.922s
sys	0m0.275s
500+0 records in
500+0 records out
524288000 bytes (524 MB) copied, 1.171 s, 448 MB/s
afbad591ee2b70ac94258fbc7fac3bf2  -

real	0m1.173s
user	0m1.024s
sys	0m0.328s
500+0 records in
500+0 records out
afbad591ee2b70ac94258fbc7fac3bf2  -
524288000 bytes (524 MB) copied, 1.10148 s, 476 MB/s

real	0m1.104s
user	0m0.975s
sys	0m0.244s
500+0 records in
500+0 records out
afbad591ee2b70ac94258fbc7fac3bf2  -
524288000 bytes (524 MB) copied, 1.04183 s, 503 MB/s

real	0m1.044s
user	0m0.965s
sys	0m0.238s
500+0 records in
500+0 records out
524288000 bytes (524 MB) copied, 1.12587 s, 466 MB/s
afbad591ee2b70ac94258fbc7fac3bf2  -

real	0m1.128s
user	0m0.972s
sys	0m0.274s
500+0 records in
500+0 records out
524288000 bytes (524 MB) copied, 1.15961 s, 452 MB/s
afbad591ee2b70ac94258fbc7fac3bf2  -

real	0m1.162s
user	0m1.028s
sys	0m0.304s
500+0 records in
500+0 records out
524288000 bytes (524 MB) copied, 1.21838 s, 430 MB/s
afbad591ee2b70ac94258fbc7fac3bf2  -

real	0m1.221s
user	0m1.051s
sys	0m0.360s
500+0 records in
500+0 records out
524288000 bytes (524 MB) copied, 1.12232 s, 467 MB/s
afbad591ee2b70ac94258fbc7fac3bf2  -

real	0m1.125s
user	0m0.964s
sys	0m0.266s
500+0 records in
500+0 records out
524288000 bytes (524 MB) copiedafbad591ee2b70ac94258fbc7fac3bf2  -
, 1.16251 s, 451 MB/s

real	0m1.165s
user	0m1.032s
sys	0m0.328s
500+0 records in
500+0 records out
afbad591ee2b70ac94258fbc7fac3bf2  -
524288000 bytes (524 MB) copied, 1.22212 s, 429 MB/s

real	0m1.224s
user	0m1.056s
sys	0m0.326s
500+0 records in
500+0 records out
524288000 bytes (524 MB) copied, 1.04917 s, 500 MB/s
afbad591ee2b70ac94258fbc7fac3bf2  -

real	0m1.052s
user	0m0.937s
sys	0m0.259s
500+0 records in
500+0 records out
524288000 bytes (524 MB) copied, 1.00469 s, 522 MB/s
afbad591ee2b70ac94258fbc7fac3bf2  -

real	0m1.008s
user	0m0.905s
sys	0m0.265s
500+0 records in
500+0 records out
524288000 bytes (524 MB) copied, 1.01039 s, 519 MB/s
afbad591ee2b70ac94258fbc7fac3bf2  -

real	0m1.013s
user	0m0.913s
sys	0m0.262s
500+0 records in
500+0 records out
524288000 bytes (524 MB) copied, 1.05349 s, 498 MB/s
afbad591ee2b70ac94258fbc7fac3bf2  -

real	0m1.056s
user	0m0.958s
sys	0m0.269s
500+0 records in
500+0 records out
524288000 bytes (524 MB) copied, 1.12382 s, 467 MB/s
afbad591ee2b70ac94258fbc7fac3bf2  -

real	0m1.127s
user	0m0.972s
sys	0m0.272s
500+0 records in
500+0 records out
afbad591ee2b70ac94258fbc7fac3bf2  -
524288000 bytes (524 MB) copied, 1.06679 s, 491 MB/s

real	0m1.069s
user	0m0.965s
sys	0m0.272s
500+0 records in
500+0 records out
524288000 bytes (524 MB) copied, 1.05253 s, 498 MB/s
afbad591ee2b70ac94258fbc7fac3bf2  -

real	0m1.055s
user	0m0.948s
sys	0m0.251s
500+0 records in
500+0 records out
524288000 bytes (524 MB) copied, 1.03902 s, 505 MB/s
afbad591ee2b70ac94258fbc7fac3bf2  -

real	0m1.042s
user	0m0.945s
sys	0m0.252s
500+0 records in
500+0 records out
524288000 bytes (524 MB) copied, 1.07816 s, 486 MB/s
afbad591ee2b70ac94258fbc7fac3bf2  -

real	0m1.081s
user	0m0.984s
sys	0m0.254s
500+0 records in
500+0 records out
524288000 bytes (524 MB) copied, 1.16248 s, 451 MB/s
afbad591ee2b70ac94258fbc7fac3bf2  -

real	0m1.165s
user	0m0.992s
sys	0m0.251s
500+0 records in
500+0 records out
524288000 bytes (524 MB) copied, 1.02444 s, 512 MB/s
afbad591ee2b70ac94258fbc7fac3bf2  -

real	0m1.027s
user	0m0.930s
sys	0m0.259s
500+0 records in
500+0 records out
afbad591ee2b70ac94258fbc7fac3bf2  -
524288000 bytes (524 MB) copied, 1.17786 s, 445 MB/s

real	0m1.180s
user	0m0.949s
sys	0m0.345s
500+0 records in
500+0 records out
524288000 bytes (524 MB) copied, 1.0395 s, 504 MB/s
afbad591ee2b70ac94258fbc7fac3bf2  -

real	0m1.042s
user	0m0.951s
sys	0m0.250s
500+0 records in
500+0 records out
524288000 bytes (524 MB) copied, 1.13231 s, 463 MB/s
afbad591ee2b70ac94258fbc7fac3bf2  -

real	0m1.135s
user	0m1.012s
sys	0m0.309s
500+0 records in
500+0 records out
524288000 bytes (524 MB) copied, 1.14811 s, 457 MB/s
afbad591ee2b70ac94258fbc7fac3bf2  -

real	0m1.151s
user	0m0.984s
sys	0m0.260s
500+0 records in
500+0 records out
524288000 bytes (524 MB) copied, 1.04364 s, 502 MB/s
afbad591ee2b70ac94258fbc7fac3bf2  -

real	0m1.046s
user	0m0.951s
sys	0m0.238s
500+0 records in
500+0 records out
524288000 bytes (524 MB) copied, 1.0299 s, 509 MB/s
afbad591ee2b70ac94258fbc7fac3bf2  -

real	0m1.032s
user	0m0.949s
sys	0m0.239s
500+0 records in
500+0 records out
524288000 bytes (524 MB) copiedafbad591ee2b70ac94258fbc7fac3bf2  -
, 1.10045 s, 476 MB/s

real	0m1.103s
user	0m0.954s
sys	0m0.251s
500+0 records in
500+0 records out
524288000 bytes (524 MB) copied, 1.02739 s, 510 MB/s
afbad591ee2b70ac94258fbc7fac3bf2  -

real	0m1.030s
user	0m0.931s
sys	0m0.234s
500+0 records in
500+0 records out
524288000 bytes (524 MB) copied, 1.15499 s, 454 MB/s
afbad591ee2b70ac94258fbc7fac3bf2  -

real	0m1.158s
user	0m0.971s
sys	0m0.270s
500+0 records in
500+0 records out
524288000 bytes (524 MB) copied, 1.0236 s, 512 MB/s
afbad591ee2b70ac94258fbc7fac3bf2  -

real	0m1.026s
user	0m0.940s
sys	0m0.244s
500+0 records in
500+0 records out
524288000 bytes (524 MB) copied, 1.08087 s, 485 MB/s
afbad591ee2b70ac94258fbc7fac3bf2  -

real	0m1.083s
user	0m0.972s
sys	0m0.245s
500+0 records in
500+0 records out
524288000 bytes (524 MB) copied, 1.18959 s, 441 MB/s
afbad591ee2b70ac94258fbc7fac3bf2  -

real	0m1.192s
user	0m1.028s
sys	0m0.279s
500+0 records in
500+0 records out
afbad591ee2b70ac94258fbc7fac3bf2  -
524288000 bytes (524 MB) copied, 1.17115 s, 448 MB/s

real	0m1.173s
user	0m1.043s
sys	0m0.332s
500+0 records in
500+0 records out
524288000 bytes (524 MB) copied, 1.24256 s, 422 MB/s
afbad591ee2b70ac94258fbc7fac3bf2  -

real	0m1.245s
user	0m0.950s
sys	0m0.426s
500+0 records in
500+0 records out
524288000 bytes (524 MB) copied, 1.20563 s, 435 MB/s
afbad591ee2b70ac94258fbc7fac3bf2  -

real	0m1.208s
user	0m1.039s
sys	0m0.323s
500+0 records in
500+0 records out
524288000 bytes (524 MB) copied, 1.17613 s, 446 MB/s
afbad591ee2b70ac94258fbc7fac3bf2  -

real	0m1.178s
user	0m1.060s
sys	0m0.308s
500+0 records in
500+0 records out
524288000 bytes (524 MB) copied, 1.08863 s, 482 MB/s
afbad591ee2b70ac94258fbc7fac3bf2  -

real	0m1.091s
user	0m0.971s
sys	0m0.255s
500+0 records in
500+0 records out
524288000 bytes (524 MB) copied, 1.14569 s, 458 MB/s
afbad591ee2b70ac94258fbc7fac3bf2  -

real	0m1.148s
user	0m1.033s
sys	0m0.316s
500+0 records in
500+0 records out
524288000 bytes (524 MB) copiedafbad591ee2b70ac94258fbc7fac3bf2  -
, 1.13702 s, 461 MB/s

real	0m1.139s
user	0m0.998s
sys	0m0.256s
500+0 records in
500+0 records out
524288000 bytes (524 MB) copiedafbad591ee2b70ac94258fbc7fac3bf2  -
, 1.01203 s, 518 MB/s

real	0m1.014s
user	0m0.923s
sys	0m0.237s
500+0 records in
500+0 records out
524288000 bytes (524 MB) copied, 1.18397 s, 443 MB/s
afbad591ee2b70ac94258fbc7fac3bf2  -

real	0m1.187s
user	0m1.047s
sys	0m0.319s
500+0 records in
500+0 records out
524288000 bytes (524 MB) copied, 1.26679 s, 414 MB/s
afbad591ee2b70ac94258fbc7fac3bf2  -

real	0m1.269s
user	0m1.028s
sys	0m0.394s
500+0 records in
500+0 records out
524288000 bytes (524 MB) copied, 1.06877 s, 491 MB/s
afbad591ee2b70ac94258fbc7fac3bf2  -

real	0m1.071s
user	0m0.984s
sys	0m0.251s
500+0 records in
500+0 records out
524288000 bytes (524 MB) copied, 1.22704 s, 427 MB/s
afbad591ee2b70ac94258fbc7fac3bf2  -

real	0m1.230s
user	0m1.060s
sys	0m0.327s
500+0 records in
500+0 records out
524288000 bytes (524 MB) copiedafbad591ee2b70ac94258fbc7fac3bf2  -
, 1.21282 s, 432 MB/s

real	0m1.215s
user	0m1.051s
sys	0m0.327s
500+0 records in
500+0 records out
afbad591ee2b70ac94258fbc7fac3bf2  -
524288000 bytes (524 MB) copied, 1.07214 s, 489 MB/s

real	0m1.074s
user	0m0.985s
sys	0m0.246s
500+0 records in
500+0 records out
524288000 bytes (524 MB) copied, 1.12427 s, 466 MB/s
afbad591ee2b70ac94258fbc7fac3bf2  -

real	0m1.127s
user	0m1.010s
sys	0m0.257s
500+0 records in
500+0 records out
524288000 bytes (524 MB) copied, 1.07802 s, 486 MB/s
afbad591ee2b70ac94258fbc7fac3bf2  -

real	0m1.080s
user	0m0.962s
sys	0m0.259s
500+0 records in
500+0 records out
524288000 bytes (524 MB) copied, 1.22011 s, 430 MB/s
afbad591ee2b70ac94258fbc7fac3bf2  -

real	0m1.222s
user	0m1.044s
sys	0m0.326s
500+0 records in
500+0 records out
524288000 bytes (524 MB) copied, 1.03053 s, 509 MB/s
afbad591ee2b70ac94258fbc7fac3bf2  -

real	0m1.033s
user	0m0.920s
sys	0m0.262s
500+0 records in
500+0 records out
524288000 bytes (524 MB) copied, 1.08468 s, 483 MB/s
afbad591ee2b70ac94258fbc7fac3bf2  -

real	0m1.088s
user	0m0.975s
sys	0m0.285s
500+0 records in
500+0 records out
afbad591ee2b70ac94258fbc7fac3bf2  -
524288000 bytes (524 MB) copied, 1.06042 s, 494 MB/s

real	0m1.063s
user	0m0.950s
sys	0m0.285s
500+0 records in
500+0 records out
524288000 bytes (524 MB) copied, 1.02108 s, 513 MB/s
afbad591ee2b70ac94258fbc7fac3bf2  -

real	0m1.024s
user	0m0.932s
sys	0m0.255s
500+0 records in
500+0 records out
524288000 bytes (524 MB) copied, 1.09975 s, 477 MB/s
afbad591ee2b70ac94258fbc7fac3bf2  -

real	0m1.103s
user	0m0.971s
sys	0m0.249s
500+0 records in
500+0 records out
524288000 bytes (524 MB) copied, 1.09453 s, 479 MB/s
afbad591ee2b70ac94258fbc7fac3bf2  -

real	0m1.097s
user	0m0.981s
sys	0m0.267s
500+0 records in
500+0 records out
524288000 bytes (524 MB) copied, 0.991315 s, 529 MB/s
afbad591ee2b70ac94258fbc7fac3bf2  -

real	0m0.994s
user	0m0.911s
sys	0m0.240s
500+0 records in
500+0 records out
524288000 bytes (524 MB) copied, 1.07303 s, 489 MB/s
afbad591ee2b70ac94258fbc7fac3bf2  -

real	0m1.076s
user	0m0.959s
sys	0m0.290s
500+0 records in
500+0 records out
afbad591ee2b70ac94258fbc7fac3bf2  -
524288000 bytes (524 MB) copied, 1.05019 s, 499 MB/s

real	0m1.053s
user	0m0.974s
sys	0m0.246s
500+0 records in
500+0 records out
524288000 bytes (524 MB) copied, 1.11237 s, 471 MB/s
afbad591ee2b70ac94258fbc7fac3bf2  -

real	0m1.115s
user	0m0.959s
sys	0m0.272s
500+0 records in
500+0 records out
524288000 bytes (524 MB) copied, 1.0492 s, 500 MB/s
afbad591ee2b70ac94258fbc7fac3bf2  -

real	0m1.052s
user	0m0.920s
sys	0m0.286s
500+0 records in
500+0 records out
524288000 bytes (524 MB) copied, 1.10562 s, 474 MB/s
afbad591ee2b70ac94258fbc7fac3bf2  -

real	0m1.108s
user	0m0.979s
sys	0m0.285s
500+0 records in
500+0 records out
524288000 bytes (524 MB) copied, 1.12287 s, 467 MB/s
afbad591ee2b70ac94258fbc7fac3bf2  -

real	0m1.125s
user	0m1.026s
sys	0m0.281s
500+0 records in
500+0 records out
524288000 bytes (524 MB) copied, 1.0122 s, 518 MB/s
afbad591ee2b70ac94258fbc7fac3bf2  -

real	0m1.015s
user	0m0.926s
sys	0m0.252s
500+0 records in
500+0 records out
afbad591ee2b70ac94258fbc7fac3bf2  -
524288000 bytes (524 MB) copied, 1.04846 s, 500 MB/s

real	0m1.051s
user	0m0.946s
sys	0m0.245s
500+0 records in
500+0 records out
524288000 bytes (524 MB) copied, 1.1117 s, 472 MB/s
afbad591ee2b70ac94258fbc7fac3bf2  -

real	0m1.114s
user	0m0.986s
sys	0m0.306s
500+0 records in
500+0 records out
524288000 bytes (524 MB) copied, 1.08528 s, 483 MB/s
afbad591ee2b70ac94258fbc7fac3bf2  -

real	0m1.088s
user	0m0.952s
sys	0m0.240s
500+0 records in
500+0 records out
524288000 bytes (524 MB) copied, 1.16393 s, 450 MB/s
afbad591ee2b70ac94258fbc7fac3bf2  -

real	0m1.166s
user	0m0.992s
sys	0m0.283s
500+0 records in
500+0 records out
524288000 bytes (524 MB) copied, 1.1631 s, 451 MB/s
afbad591ee2b70ac94258fbc7fac3bf2  -

real	0m1.166s
user	0m1.015s
sys	0m0.329s
500+0 records in
500+0 records out
524288000 bytes (524 MB) copied, 1.12451 s, 466 MB/s
afbad591ee2b70ac94258fbc7fac3bf2  -

real	0m1.127s
user	0m0.989s
sys	0m0.280s
500+0 records in
500+0 records out
524288000 bytes (524 MB) copiedafbad591ee2b70ac94258fbc7fac3bf2  -
, 1.00028 s, 524 MB/s

real	0m1.003s
user	0m0.918s
sys	0m0.242s
500+0 records in
500+0 records out
afbad591ee2b70ac94258fbc7fac3bf2  -
524288000 bytes (524 MB) copied, 1.07206 s, 489 MB/s

real	0m1.074s
user	0m0.947s
sys	0m0.259s
500+0 records in
500+0 records out
524288000 bytes (524 MB) copied, 1.09694 s, 478 MB/s
afbad591ee2b70ac94258fbc7fac3bf2  -

real	0m1.099s
user	0m0.968s
sys	0m0.253s
500+0 records in
500+0 records out
524288000 bytes (524 MB) copied, 1.06414 s, 493 MB/s
afbad591ee2b70ac94258fbc7fac3bf2  -

real	0m1.066s
user	0m0.971s
sys	0m0.261s
500+0 records in
500+0 records out
524288000 bytes (524 MB) copied, 1.19122 s, 440 MB/s
afbad591ee2b70ac94258fbc7fac3bf2  -

real	0m1.194s
user	0m1.016s
sys	0m0.332s
500+0 records in
500+0 records out
524288000 bytes (524 MB) copied, 1.14547 s, 458 MB/s
afbad591ee2b70ac94258fbc7fac3bf2  -

real	0m1.148s
user	0m0.976s
sys	0m0.271s
500+0 records in
500+0 records out
afbad591ee2b70ac94258fbc7fac3bf2  -
524288000 bytes (524 MB) copied, 1.16415 s, 450 MB/s

real	0m1.167s
user	0m1.039s
sys	0m0.327s
500+0 records in
500+0 records out
524288000 bytes (524 MB) copied, 1.30815 s, 401 MB/s
afbad591ee2b70ac94258fbc7fac3bf2  -

real	0m1.311s
user	0m0.988s
sys	0m0.404s
500+0 records in
500+0 records out
afbad591ee2b70ac94258fbc7fac3bf2  -
524288000 bytes (524 MB) copied, 1.16686 s, 449 MB/s

real	0m1.169s
user	0m1.047s
sys	0m0.320s
500+0 records in
500+0 records out
524288000 bytes (524 MB) copied, 1.12153 s, 467 MB/s
afbad591ee2b70ac94258fbc7fac3bf2  -

real	0m1.124s
user	0m0.991s
sys	0m0.245s
500+0 records in
500+0 records out
524288000 bytes (524 MB) copied, 1.04917 s, 500 MB/s
afbad591ee2b70ac94258fbc7fac3bf2  -

real	0m1.052s
user	0m0.944s
sys	0m0.267s
500+0 records in
500+0 records out
524288000 bytes (524 MB) copied, 1.08901 s, 481 MB/s
afbad591ee2b70ac94258fbc7fac3bf2  -

real	0m1.092s
user	0m0.969s
sys	0m0.271s
500+0 records in
500+0 records out
524288000 bytes (524 MB) copiedafbad591ee2b70ac94258fbc7fac3bf2  -
, 1.29311 s, 405 MB/s

real	0m1.296s
user	0m1.066s
sys	0m0.333s
500+0 records in
500+0 records out
afbad591ee2b70ac94258fbc7fac3bf2  -
524288000 bytes (524 MB) copied, 1.02541 s, 511 MB/s

real	0m1.028s
user	0m0.929s
sys	0m0.259s
500+0 records in
500+0 records out
524288000 bytes (524 MB) copied, 1.44505 s, 363 MB/s
afbad591ee2b70ac94258fbc7fac3bf2  -

real	0m1.448s
user	0m1.106s
sys	0m0.480s
500+0 records in
500+0 records out
524288000 bytes (524 MB) copied, 1.21773 s, 431 MB/s
afbad591ee2b70ac94258fbc7fac3bf2  -

real	0m1.220s
user	0m1.036s
sys	0m0.351s
500+0 records in
500+0 records out
524288000 bytes (524 MB) copied, 1.05194 s, 498 MB/s
afbad591ee2b70ac94258fbc7fac3bf2  -

real	0m1.054s
user	0m0.947s
sys	0m0.260s
500+0 records in
500+0 records out
524288000 bytes (524 MB) copied, 1.1037 s, 475 MB/s
afbad591ee2b70ac94258fbc7fac3bf2  -

real	0m1.106s
user	0m0.983s
sys	0m0.258s
500+0 records in
500+0 records out
524288000 bytes (524 MB) copied, 1.0428 s, 503 MB/s
afbad591ee2b70ac94258fbc7fac3bf2  -

real	0m1.047s
user	0m0.953s
sys	0m0.258s
500+0 records in
500+0 records out
524288000 bytes (524 MB) copied, 1.45027 s, 362 MB/s
afbad591ee2b70ac94258fbc7fac3bf2  -

real	0m1.453s
user	0m1.049s
sys	0m0.545s
500+0 records in
500+0 records out
524288000 bytes (524 MB) copied, 1.01522 s, 516 MB/s
afbad591ee2b70ac94258fbc7fac3bf2  -

real	0m1.018s
user	0m0.928s
sys	0m0.240s
