10000+0 records in
10000+0 records out
a02bf4596da9a0c3d2b10ac745b55ccf  -
10485760000 bytes (10 GB) copied, 19.5162 s, 537 MB/s

real	0m19.519s
user	0m18.054s
sys	0m4.809s
10000+0 records in
10000+0 records out
10485760000 bytes (10 GB) copieda02bf4596da9a0c3d2b10ac745b55ccf  -
, 20.6825 s, 507 MB/s

real	0m20.685s
user	0m18.932s
sys	0m5.335s
10000+0 records in
10000+0 records out
a02bf4596da9a0c3d2b10ac745b55ccf  -
10485760000 bytes (10 GB) copied, 20.6862 s, 507 MB/s

real	0m20.689s
user	0m18.879s
sys	0m5.356s
10000+0 records in
10000+0 records out
10485760000 bytes (10 GB) copieda02bf4596da9a0c3d2b10ac745b55ccf  -
, 20.6588 s, 508 MB/s

real	0m20.661s
user	0m18.769s
sys	0m5.462s
10000+0 records in
10000+0 records out
10485760000 bytes (10 GB) copieda02bf4596da9a0c3d2b10ac745b55ccf  -
, 19.6841 s, 533 MB/s

real	0m19.687s
user	0m18.199s
sys	0m4.870s
10000+0 records in
10000+0 records out
10485760000 bytes (10 GB) copied, 20.4029 s, 514 MB/s
a02bf4596da9a0c3d2b10ac745b55ccf  -

real	0m20.405s
user	0m18.656s
sys	0m5.268s
10000+0 records in
10000+0 records out
10485760000 bytes (10 GB) copied, 19.522 s, 537 MB/s
a02bf4596da9a0c3d2b10ac745b55ccf  -

real	0m19.525s
user	0m18.171s
sys	0m4.738s
10000+0 records in
10000+0 records out
10485760000 bytes (10 GB) copieda02bf4596da9a0c3d2b10ac745b55ccf  -
, 19.577 s, 536 MB/s

real	0m19.580s
user	0m18.139s
sys	0m4.819s
10000+0 records in
10000+0 records out
10485760000 bytes (10 GB) copied, 19.5676 s, 536 MB/s
a02bf4596da9a0c3d2b10ac745b55ccf  -

real	0m19.571s
user	0m18.075s
sys	0m4.841s
10000+0 records in
10000+0 records out
10485760000 bytes (10 GB) copieda02bf4596da9a0c3d2b10ac745b55ccf  -
, 20.8243 s, 504 MB/s

real	0m20.827s
user	0m18.966s
sys	0m5.439s
10000+0 records in
10000+0 records out
10485760000 bytes (10 GB) copied, 20.0302 s, 523 MB/s
a02bf4596da9a0c3d2b10ac745b55ccf  -

real	0m20.033s
user	0m18.268s
sys	0m4.845s
10000+0 records in
10000+0 records out
10485760000 bytes (10 GB) copieda02bf4596da9a0c3d2b10ac745b55ccf  -
, 20.4835 s, 512 MB/s

real	0m20.486s
user	0m18.699s
sys	0m5.320s
10000+0 records in
10000+0 records out
a02bf4596da9a0c3d2b10ac745b55ccf  -
10485760000 bytes (10 GB) copied, 19.706 s, 532 MB/s

real	0m19.708s
user	0m18.236s
sys	0m4.841s
10000+0 records in
10000+0 records out
10485760000 bytes (10 GB) copied, 19.7039 s, 532 MB/s
a02bf4596da9a0c3d2b10ac745b55ccf  -

real	0m19.707s
user	0m18.265s
sys	0m4.828s
10000+0 records in
10000+0 records out
10485760000 bytes (10 GB) copied, 19.674 s, 533 MB/s
a02bf4596da9a0c3d2b10ac745b55ccf  -

real	0m19.677s
user	0m18.207s
sys	0m4.842s
10000+0 records in
10000+0 records out
10485760000 bytes (10 GB) copieda02bf4596da9a0c3d2b10ac745b55ccf  -
, 20.504 s, 511 MB/s

real	0m20.506s
user	0m18.726s
sys	0m5.304s
10000+0 records in
10000+0 records out
10485760000 bytes (10 GB) copieda02bf4596da9a0c3d2b10ac745b55ccf  -
, 20.3457 s, 515 MB/s

real	0m20.348s
user	0m18.583s
sys	0m5.327s
10000+0 records in
10000+0 records out
10485760000 bytes (10 GB) copied, 19.6987 s, 532 MB/s
a02bf4596da9a0c3d2b10ac745b55ccf  -

real	0m19.702s
user	0m18.293s
sys	0m4.793s
10000+0 records in
10000+0 records out
10485760000 bytes (10 GB) copied, 20.0466 s, 523 MB/s
a02bf4596da9a0c3d2b10ac745b55ccf  -

real	0m20.049s
user	0m18.445s
sys	0m5.035s
10000+0 records in
10000+0 records out
10485760000 bytes (10 GB) copieda02bf4596da9a0c3d2b10ac745b55ccf  -
, 19.7546 s, 531 MB/s

real	0m19.757s
user	0m18.276s
sys	0m4.853s
10000+0 records in
10000+0 records out
10485760000 bytes (10 GB) copied, 19.6795 s, 533 MB/s
a02bf4596da9a0c3d2b10ac745b55ccf  -

real	0m19.682s
user	0m18.231s
sys	0m4.802s
10000+0 records in
10000+0 records out
10485760000 bytes (10 GB) copieda02bf4596da9a0c3d2b10ac745b55ccf  -
, 20.4487 s, 513 MB/s

real	0m20.451s
user	0m18.672s
sys	0m5.309s
10000+0 records in
10000+0 records out
10485760000 bytes (10 GB) copieda02bf4596da9a0c3d2b10ac745b55ccf  -
, 19.8056 s, 529 MB/s

real	0m19.808s
user	0m18.347s
sys	0m4.843s
10000+0 records in
10000+0 records out
10485760000 bytes (10 GB) copied, 20.1474 s, 520 MB/s
a02bf4596da9a0c3d2b10ac745b55ccf  -

real	0m20.150s
user	0m18.531s
sys	0m5.081s
10000+0 records in
10000+0 records out
10485760000 bytes (10 GB) copied, 20.0162 s, 524 MB/s
a02bf4596da9a0c3d2b10ac745b55ccf  -

real	0m20.019s
user	0m18.457s
sys	0m4.989s
10000+0 records in
10000+0 records out
10485760000 bytes (10 GB) copied, 19.8862 s, 527 MB/s
a02bf4596da9a0c3d2b10ac745b55ccf  -

real	0m19.889s
user	0m18.356s
sys	0m4.956s
10000+0 records in
10000+0 records out
10485760000 bytes (10 GB) copieda02bf4596da9a0c3d2b10ac745b55ccf  -
, 20.4933 s, 512 MB/s

real	0m20.496s
user	0m18.717s
sys	0m5.280s
10000+0 records in
10000+0 records out
10485760000 bytes (10 GB) copied, 19.8872 s, 527 MB/s
a02bf4596da9a0c3d2b10ac745b55ccf  -

real	0m19.890s
user	0m18.386s
sys	0m4.914s
10000+0 records in
10000+0 records out
10485760000 bytes (10 GB) copied, 19.9154 s, 527 MB/s
a02bf4596da9a0c3d2b10ac745b55ccf  -

real	0m19.918s
user	0m18.353s
sys	0m4.983s
10000+0 records in
10000+0 records out
10485760000 bytes (10 GB) copieda02bf4596da9a0c3d2b10ac745b55ccf  -
, 20.4738 s, 512 MB/s

real	0m20.476s
user	0m18.624s
sys	0m5.329s
10000+0 records in
10000+0 records out
10485760000 bytes (10 GB) copieda02bf4596da9a0c3d2b10ac745b55ccf  -
, 20.5842 s, 509 MB/s

real	0m20.587s
user	0m18.805s
sys	0m5.300s
10000+0 records in
10000+0 records out
10485760000 bytes (10 GB) copieda02bf4596da9a0c3d2b10ac745b55ccf  -
, 19.7553 s, 531 MB/s

real	0m19.758s
user	0m18.331s
sys	0m4.811s
10000+0 records in
10000+0 records out
10485760000 bytes (10 GB) copieda02bf4596da9a0c3d2b10ac745b55ccf  -
, 20.6506 s, 508 MB/s

real	0m20.653s
user	0m18.886s
sys	0m5.319s
10000+0 records in
10000+0 records out
10485760000 bytes (10 GB) copied, 19.8315 s, 529 MB/s
a02bf4596da9a0c3d2b10ac745b55ccf  -

real	0m19.834s
user	0m18.339s
sys	0m4.917s
10000+0 records in
10000+0 records out
10485760000 bytes (10 GB) copied, 19.672 s, 533 MB/s
a02bf4596da9a0c3d2b10ac745b55ccf  -

real	0m19.675s
user	0m18.238s
sys	0m4.787s
10000+0 records in
10000+0 records out
10485760000 bytes (10 GB) copieda02bf4596da9a0c3d2b10ac745b55ccf  -
, 20.6107 s, 509 MB/s

real	0m20.613s
user	0m18.776s
sys	0m5.391s
10000+0 records in
10000+0 records out
10485760000 bytes (10 GB) copied, 19.626 s, 534 MB/s
a02bf4596da9a0c3d2b10ac745b55ccf  -

real	0m19.629s
user	0m18.229s
sys	0m4.774s
10000+0 records in
10000+0 records out
10485760000 bytes (10 GB) copieda02bf4596da9a0c3d2b10ac745b55ccf  -
, 20.5286 s, 511 MB/s

real	0m20.531s
user	0m18.696s
sys	0m5.372s
10000+0 records in
10000+0 records out
10485760000 bytes (10 GB) copied, 19.659 s, 533 MB/s
a02bf4596da9a0c3d2b10ac745b55ccf  -

real	0m19.662s
user	0m18.179s
sys	0m4.840s
10000+0 records in
10000+0 records out
10485760000 bytes (10 GB) copied, 19.7088 s, 532 MB/s
a02bf4596da9a0c3d2b10ac745b55ccf  -

real	0m19.712s
user	0m18.252s
sys	0m4.824s
10000+0 records in
10000+0 records out
10485760000 bytes (10 GB) copieda02bf4596da9a0c3d2b10ac745b55ccf  -
, 20.6311 s, 508 MB/s

real	0m20.634s
user	0m18.799s
sys	0m5.367s
10000+0 records in
10000+0 records out
10485760000 bytes (10 GB) copied, 19.8122 s, 529 MB/s
a02bf4596da9a0c3d2b10ac745b55ccf  -

real	0m19.815s
user	0m18.397s
sys	0m4.768s
10000+0 records in
10000+0 records out
10485760000 bytes (10 GB) copieda02bf4596da9a0c3d2b10ac745b55ccf  -
, 19.8254 s, 529 MB/s

real	0m19.828s
user	0m18.390s
sys	0m4.823s
10000+0 records in
10000+0 records out
10485760000 bytes (10 GB) copied, 20.0315 s, 523 MB/s
a02bf4596da9a0c3d2b10ac745b55ccf  -

real	0m20.034s
user	0m18.444s
sys	0m5.066s
10000+0 records in
10000+0 records out
10485760000 bytes (10 GB) copied, 19.9752 s, 525 MB/s
a02bf4596da9a0c3d2b10ac745b55ccf  -

real	0m19.978s
user	0m18.530s
sys	0m4.848s
10000+0 records in
10000+0 records out
10485760000 bytes (10 GB) copied, 19.75 s, 531 MB/s
a02bf4596da9a0c3d2b10ac745b55ccf  -

real	0m19.753s
user	0m18.288s
sys	0m4.791s
10000+0 records in
10000+0 records out
a02bf4596da9a0c3d2b10ac745b55ccf  -
10485760000 bytes (10 GB) copied, 20.4537 s, 513 MB/s

real	0m20.456s
user	0m18.693s
sys	0m5.330s
10000+0 records in
10000+0 records out
10485760000 bytes (10 GB) copieda02bf4596da9a0c3d2b10ac745b55ccf  -
, 19.7726 s, 530 MB/s

real	0m19.777s
user	0m18.291s
sys	0m4.861s
10000+0 records in
10000+0 records out
10485760000 bytes (10 GB) copieda02bf4596da9a0c3d2b10ac745b55ccf  -
, 20.5261 s, 511 MB/s

real	0m20.529s
user	0m18.732s
sys	0m5.344s
10000+0 records in
10000+0 records out
10485760000 bytes (10 GB) copieda02bf4596da9a0c3d2b10ac745b55ccf  -
, 19.7656 s, 531 MB/s

real	0m19.768s
user	0m18.276s
sys	0m4.826s
