500+0 records in
500+0 records out
524288000 bytes (524 MB) copiedafbad591ee2b70ac94258fbc7fac3bf2  -
, 1.08101 s, 485 MB/s

real	0m1.103s
user	0m0.960s
sys	0m0.249s
500+0 records in
500+0 records out
524288000 bytes (524 MB) copied, 1.11338 s, 471 MB/s
afbad591ee2b70ac94258fbc7fac3bf2  -

real	0m1.131s
user	0m0.944s
sys	0m0.274s
500+0 records in
500+0 records out
524288000 bytes (524 MB) copied, 1.25167 s, 419 MB/s
afbad591ee2b70ac94258fbc7fac3bf2  -

real	0m1.272s
user	0m1.037s
sys	0m0.326s
500+0 records in
500+0 records out
524288000 bytes (524 MB) copied, 1.09293 s, 480 MB/s
afbad591ee2b70ac94258fbc7fac3bf2  -

real	0m1.123s
user	0m0.937s
sys	0m0.269s
500+0 records in
500+0 records out
524288000 bytes (524 MB) copied, 1.07931 s, 486 MB/s
afbad591ee2b70ac94258fbc7fac3bf2  -

real	0m1.106s
user	0m0.939s
sys	0m0.257s
500+0 records in
500+0 records out
524288000 bytes (524 MB) copied, 1.22014 s, 430 MB/s
afbad591ee2b70ac94258fbc7fac3bf2  -

real	0m1.240s
user	0m1.071s
sys	0m0.324s
500+0 records in
500+0 records out
524288000 bytes (524 MB) copied, 1.22362 s, 428 MB/s
afbad591ee2b70ac94258fbc7fac3bf2  -

real	0m1.242s
user	0m1.065s
sys	0m0.315s
500+0 records in
500+0 records out
524288000 bytes (524 MB) copied, 1.08749 s, 482 MB/s
afbad591ee2b70ac94258fbc7fac3bf2  -

real	0m1.110s
user	0m0.940s
sys	0m0.265s
500+0 records in
500+0 records out
524288000 bytes (524 MB) copied, 1.13242 s, 463 MB/s
afbad591ee2b70ac94258fbc7fac3bf2  -

real	0m1.152s
user	0m0.973s
sys	0m0.259s
500+0 records in
500+0 records out
524288000 bytes (524 MB) copied, 1.04062 s, 504 MB/s
afbad591ee2b70ac94258fbc7fac3bf2  -

real	0m1.058s
user	0m0.914s
sys	0m0.246s
500+0 records in
500+0 records out
524288000 bytes (524 MB) copied, 1.11798 s, 469 MB/s
afbad591ee2b70ac94258fbc7fac3bf2  -

real	0m1.143s
user	0m0.984s
sys	0m0.271s
500+0 records in
500+0 records out
524288000 bytes (524 MB) copied, 1.19437 s, 439 MB/s
afbad591ee2b70ac94258fbc7fac3bf2  -

real	0m1.224s
user	0m1.021s
sys	0m0.303s
500+0 records in
500+0 records out
524288000 bytes (524 MB) copied, 1.1531 s, 455 MB/s
afbad591ee2b70ac94258fbc7fac3bf2  -

real	0m1.179s
user	0m0.957s
sys	0m0.272s
500+0 records in
500+0 records out
524288000 bytes (524 MB) copied, 1.13054 s, 464 MB/s
afbad591ee2b70ac94258fbc7fac3bf2  -

real	0m1.152s
user	0m0.978s
sys	0m0.264s
500+0 records in
500+0 records out
524288000 bytes (524 MB) copied, 1.11383 s, 471 MB/s
afbad591ee2b70ac94258fbc7fac3bf2  -

real	0m1.135s
user	0m0.975s
sys	0m0.259s
500+0 records in
500+0 records out
524288000 bytes (524 MB) copied, 1.08328 s, 484 MB/s
afbad591ee2b70ac94258fbc7fac3bf2  -

real	0m1.098s
user	0m0.965s
sys	0m0.251s
500+0 records in
500+0 records out
524288000 bytes (524 MB) copied, 1.11049 s, 472 MB/s
afbad591ee2b70ac94258fbc7fac3bf2  -

real	0m1.134s
user	0m0.966s
sys	0m0.253s
500+0 records in
500+0 records out
524288000 bytes (524 MB) copied, 1.13272 s, 463 MB/s
afbad591ee2b70ac94258fbc7fac3bf2  -

real	0m1.150s
user	0m0.985s
sys	0m0.279s
500+0 records in
500+0 records out
524288000 bytes (524 MB) copied, 1.22881 s, 427 MB/s
afbad591ee2b70ac94258fbc7fac3bf2  -

real	0m1.256s
user	0m1.048s
sys	0m0.333s
500+0 records in
500+0 records out
524288000 bytes (524 MB) copied, 1.07136 s, 489 MB/s
afbad591ee2b70ac94258fbc7fac3bf2  -

real	0m1.087s
user	0m0.937s
sys	0m0.246s
500+0 records in
500+0 records out
524288000 bytes (524 MB) copied, 1.06362 s, 493 MB/s
afbad591ee2b70ac94258fbc7fac3bf2  -

real	0m1.086s
user	0m0.957s
sys	0m0.237s
500+0 records in
500+0 records out
524288000 bytes (524 MB) copied, 1.12322 s, 467 MB/s
afbad591ee2b70ac94258fbc7fac3bf2  -

real	0m1.146s
user	0m0.947s
sys	0m0.275s
500+0 records in
500+0 records out
524288000 bytes (524 MB) copied, 1.24673 s, 421 MB/s
afbad591ee2b70ac94258fbc7fac3bf2  -

real	0m1.270s
user	0m1.046s
sys	0m0.327s
500+0 records in
500+0 records out
524288000 bytes (524 MB) copied, 1.20856 s, 434 MB/s
afbad591ee2b70ac94258fbc7fac3bf2  -

real	0m1.239s
user	0m1.043s
sys	0m0.306s
500+0 records in
500+0 records out
524288000 bytes (524 MB) copied, 1.1976 s, 438 MB/s
afbad591ee2b70ac94258fbc7fac3bf2  -

real	0m1.228s
user	0m1.029s
sys	0m0.320s
500+0 records in
500+0 records out
524288000 bytes (524 MB) copied, 1.12185 s, 467 MB/s
afbad591ee2b70ac94258fbc7fac3bf2  -

real	0m1.145s
user	0m0.958s
sys	0m0.270s
500+0 records in
500+0 records out
524288000 bytes (524 MB) copied, 1.11266 s, 471 MB/s
afbad591ee2b70ac94258fbc7fac3bf2  -

real	0m1.133s
user	0m0.971s
sys	0m0.257s
500+0 records in
500+0 records out
524288000 bytes (524 MB) copied, 1.23793 s, 424 MB/s
afbad591ee2b70ac94258fbc7fac3bf2  -

real	0m1.261s
user	0m1.052s
sys	0m0.345s
500+0 records in
500+0 records out
524288000 bytes (524 MB) copied, 1.18654 s, 442 MB/s
afbad591ee2b70ac94258fbc7fac3bf2  -

real	0m1.211s
user	0m1.013s
sys	0m0.314s
500+0 records in
500+0 records out
524288000 bytes (524 MB) copied, 1.07377 s, 488 MB/s
afbad591ee2b70ac94258fbc7fac3bf2  -

real	0m1.093s
user	0m0.936s
sys	0m0.260s
500+0 records in
500+0 records out
524288000 bytes (524 MB) copied, 1.19613 s, 438 MB/s
afbad591ee2b70ac94258fbc7fac3bf2  -

real	0m1.220s
user	0m1.060s
sys	0m0.306s
500+0 records in
500+0 records out
524288000 bytes (524 MB) copied, 1.09332 s, 480 MB/s
afbad591ee2b70ac94258fbc7fac3bf2  -

real	0m1.127s
user	0m0.947s
sys	0m0.259s
500+0 records in
500+0 records out
524288000 bytes (524 MB) copied, 1.19371 s, 439 MB/s
afbad591ee2b70ac94258fbc7fac3bf2  -

real	0m1.210s
user	0m1.008s
sys	0m0.305s
500+0 records in
500+0 records out
524288000 bytes (524 MB) copied, 1.33521 s, 393 MB/s
afbad591ee2b70ac94258fbc7fac3bf2  -

real	0m1.358s
user	0m0.979s
sys	0m0.484s
500+0 records in
500+0 records out
524288000 bytes (524 MB) copied, 1.19781 s, 438 MB/s
afbad591ee2b70ac94258fbc7fac3bf2  -

real	0m1.219s
user	0m1.052s
sys	0m0.295s
500+0 records in
500+0 records out
524288000 bytes (524 MB) copied, 1.3307 s, 394 MB/s
afbad591ee2b70ac94258fbc7fac3bf2  -

real	0m1.356s
user	0m0.975s
sys	0m0.470s
500+0 records in
500+0 records out
524288000 bytes (524 MB) copied, 1.22389 s, 428 MB/s
afbad591ee2b70ac94258fbc7fac3bf2  -

real	0m1.245s
user	0m1.052s
sys	0m0.319s
500+0 records in
500+0 records out
524288000 bytes (524 MB) copied, 1.29622 s, 404 MB/s
afbad591ee2b70ac94258fbc7fac3bf2  -

real	0m1.319s
user	0m0.980s
sys	0m0.445s
500+0 records in
500+0 records out
524288000 bytes (524 MB) copied, 1.17594 s, 446 MB/s
afbad591ee2b70ac94258fbc7fac3bf2  -

real	0m1.196s
user	0m1.018s
sys	0m0.300s
500+0 records in
500+0 records out
524288000 bytes (524 MB) copied, 1.0539 s, 497 MB/s
afbad591ee2b70ac94258fbc7fac3bf2  -

real	0m1.078s
user	0m0.916s
sys	0m0.246s
500+0 records in
500+0 records out
524288000 bytes (524 MB) copied, 1.21572 s, 431 MB/s
afbad591ee2b70ac94258fbc7fac3bf2  -

real	0m1.241s
user	0m1.041s
sys	0m0.322s
500+0 records in
500+0 records out
524288000 bytes (524 MB) copied, 1.12264 s, 467 MB/s
afbad591ee2b70ac94258fbc7fac3bf2  -

real	0m1.150s
user	0m0.965s
sys	0m0.257s
500+0 records in
500+0 records out
524288000 bytes (524 MB) copied, 1.24139 s, 422 MB/s
afbad591ee2b70ac94258fbc7fac3bf2  -

real	0m1.267s
user	0m1.062s
sys	0m0.320s
500+0 records in
500+0 records out
524288000 bytes (524 MB) copied, 1.15798 s, 453 MB/s
afbad591ee2b70ac94258fbc7fac3bf2  -

real	0m1.176s
user	0m0.991s
sys	0m0.288s
500+0 records in
500+0 records out
524288000 bytes (524 MB) copied, 1.24376 s, 422 MB/s
afbad591ee2b70ac94258fbc7fac3bf2  -

real	0m1.272s
user	0m1.045s
sys	0m0.341s
500+0 records in
500+0 records out
524288000 bytes (524 MB) copied, 1.15404 s, 454 MB/s
afbad591ee2b70ac94258fbc7fac3bf2  -

real	0m1.175s
user	0m1.011s
sys	0m0.262s
500+0 records in
500+0 records out
524288000 bytes (524 MB) copied, 1.1307 s, 464 MB/s
afbad591ee2b70ac94258fbc7fac3bf2  -

real	0m1.147s
user	0m0.983s
sys	0m0.269s
500+0 records in
500+0 records out
524288000 bytes (524 MB) copied, 1.10546 s, 474 MB/s
afbad591ee2b70ac94258fbc7fac3bf2  -

real	0m1.132s
user	0m0.957s
sys	0m0.274s
500+0 records in
500+0 records out
524288000 bytes (524 MB) copied, 1.25337 s, 418 MB/s
afbad591ee2b70ac94258fbc7fac3bf2  -

real	0m1.284s
user	0m1.045s
sys	0m0.362s
500+0 records in
500+0 records out
524288000 bytes (524 MB) copiedafbad591ee2b70ac94258fbc7fac3bf2  -
, 1.04091 s, 504 MB/s

real	0m1.058s
user	0m0.908s
sys	0m0.242s
