500+0 records in
500+0 records out
524288000 bytes (524 MB) copiedafbad591ee2b70ac94258fbc7fac3bf2  -
, 1.01803 s, 515 MB/s

real	0m1.020s
user	0m0.926s
sys	0m0.258s
500+0 records in
500+0 records out
524288000 bytes (524 MB) copied, 1.02542 s, 511 MB/s
afbad591ee2b70ac94258fbc7fac3bf2  -

real	0m1.028s
user	0m0.929s
sys	0m0.263s
500+0 records in
500+0 records out
524288000 bytes (524 MB) copiedafbad591ee2b70ac94258fbc7fac3bf2  -
, 0.981433 s, 534 MB/s

real	0m0.984s
user	0m0.906s
sys	0m0.236s
500+0 records in
500+0 records out
524288000 bytes (524 MB) copied, 1.0316 s, 508 MB/s
afbad591ee2b70ac94258fbc7fac3bf2  -

real	0m1.034s
user	0m0.916s
sys	0m0.246s
500+0 records in
500+0 records out
524288000 bytes (524 MB) copied, 1.01279 s, 518 MB/s
afbad591ee2b70ac94258fbc7fac3bf2  -

real	0m1.015s
user	0m0.922s
sys	0m0.253s
500+0 records in
500+0 records out
524288000 bytes (524 MB) copied, 1.03661 s, 506 MB/s
afbad591ee2b70ac94258fbc7fac3bf2  -

real	0m1.039s
user	0m0.946s
sys	0m0.254s
500+0 records in
500+0 records out
524288000 bytes (524 MB) copied, 1.03206 s, 508 MB/s
afbad591ee2b70ac94258fbc7fac3bf2  -

real	0m1.034s
user	0m0.938s
sys	0m0.264s
500+0 records in
500+0 records out
524288000 bytes (524 MB) copied, 1.03789 s, 505 MB/s
afbad591ee2b70ac94258fbc7fac3bf2  -

real	0m1.040s
user	0m0.933s
sys	0m0.265s
500+0 records in
500+0 records out
524288000 bytes (524 MB) copied, 1.03428 s, 507 MB/s
afbad591ee2b70ac94258fbc7fac3bf2  -

real	0m1.037s
user	0m0.941s
sys	0m0.262s
500+0 records in
500+0 records out
524288000 bytes (524 MB) copied, 1.0758 s, 487 MB/s
afbad591ee2b70ac94258fbc7fac3bf2  -

real	0m1.078s
user	0m0.966s
sys	0m0.275s
500+0 records in
500+0 records out
524288000 bytes (524 MB) copied, 1.03435 s, 507 MB/s
afbad591ee2b70ac94258fbc7fac3bf2  -

real	0m1.037s
user	0m0.949s
sys	0m0.255s
500+0 records in
500+0 records out
524288000 bytes (524 MB) copied, 1.00334 s, 523 MB/s
afbad591ee2b70ac94258fbc7fac3bf2  -

real	0m1.006s
user	0m0.917s
sys	0m0.245s
500+0 records in
500+0 records out
524288000 bytes (524 MB) copied, 1.02726 s, 510 MB/s
afbad591ee2b70ac94258fbc7fac3bf2  -

real	0m1.030s
user	0m0.934s
sys	0m0.263s
500+0 records in
500+0 records out
524288000 bytes (524 MB) copied, 1.01094 s, 519 MB/s
afbad591ee2b70ac94258fbc7fac3bf2  -

real	0m1.013s
user	0m0.916s
sys	0m0.255s
500+0 records in
500+0 records out
524288000 bytes (524 MB) copied, 1.02659 s, 511 MB/s
afbad591ee2b70ac94258fbc7fac3bf2  -

real	0m1.029s
user	0m0.928s
sys	0m0.262s
500+0 records in
500+0 records out
524288000 bytes (524 MB) copied, 1.01978 s, 514 MB/s
afbad591ee2b70ac94258fbc7fac3bf2  -

real	0m1.022s
user	0m0.940s
sys	0m0.245s
500+0 records in
500+0 records out
524288000 bytes (524 MB) copied, 1.05593 s, 497 MB/s
afbad591ee2b70ac94258fbc7fac3bf2  -

real	0m1.059s
user	0m0.965s
sys	0m0.262s
500+0 records in
500+0 records out
524288000 bytes (524 MB) copied, 1.05949 s, 495 MB/s
afbad591ee2b70ac94258fbc7fac3bf2  -

real	0m1.062s
user	0m0.955s
sys	0m0.278s
500+0 records in
500+0 records out
524288000 bytes (524 MB) copied, 1.00336 s, 523 MB/s
afbad591ee2b70ac94258fbc7fac3bf2  -

real	0m1.006s
user	0m0.912s
sys	0m0.253s
500+0 records in
500+0 records out
524288000 bytes (524 MB) copied, 1.01599 s, 516 MB/s
afbad591ee2b70ac94258fbc7fac3bf2  -

real	0m1.018s
user	0m0.913s
sys	0m0.270s
500+0 records in
500+0 records out
524288000 bytes (524 MB) copied, 1.05045 s, 499 MB/s
afbad591ee2b70ac94258fbc7fac3bf2  -

real	0m1.053s
user	0m0.949s
sys	0m0.274s
500+0 records in
500+0 records out
524288000 bytes (524 MB) copied, 1.02555 s, 511 MB/s
afbad591ee2b70ac94258fbc7fac3bf2  -

real	0m1.028s
user	0m0.944s
sys	0m0.247s
500+0 records in
500+0 records out
524288000 bytes (524 MB) copied, 1.01769 s, 515 MB/s
afbad591ee2b70ac94258fbc7fac3bf2  -

real	0m1.020s
user	0m0.916s
sys	0m0.269s
500+0 records in
500+0 records out
524288000 bytes (524 MB) copied, 1.00462 s, 522 MB/s
afbad591ee2b70ac94258fbc7fac3bf2  -

real	0m1.007s
user	0m0.906s
sys	0m0.264s
500+0 records in
500+0 records out
524288000 bytes (524 MB) copied, 1.09759 s, 478 MB/s
afbad591ee2b70ac94258fbc7fac3bf2  -

real	0m1.100s
user	0m0.976s
sys	0m0.267s
500+0 records in
500+0 records out
524288000 bytes (524 MB) copied, 0.993036 s, 528 MB/s
afbad591ee2b70ac94258fbc7fac3bf2  -

real	0m0.996s
user	0m0.911s
sys	0m0.243s
500+0 records in
500+0 records out
524288000 bytes (524 MB) copied, 1.05803 s, 496 MB/s
afbad591ee2b70ac94258fbc7fac3bf2  -

real	0m1.060s
user	0m0.952s
sys	0m0.258s
500+0 records in
500+0 records out
524288000 bytes (524 MB) copied, 0.997757 s, 525 MB/s
afbad591ee2b70ac94258fbc7fac3bf2  -

real	0m1.001s
user	0m0.925s
sys	0m0.238s
500+0 records in
500+0 records out
524288000 bytes (524 MB) copied, 1.04841 s, 500 MB/s
afbad591ee2b70ac94258fbc7fac3bf2  -

real	0m1.051s
user	0m0.953s
sys	0m0.265s
500+0 records in
500+0 records out
524288000 bytes (524 MB) copied, 1.01589 s, 516 MB/s
afbad591ee2b70ac94258fbc7fac3bf2  -

real	0m1.018s
user	0m0.921s
sys	0m0.261s
500+0 records in
500+0 records out
524288000 bytes (524 MB) copied, 1.00146 s, 524 MB/s
afbad591ee2b70ac94258fbc7fac3bf2  -

real	0m1.004s
user	0m0.918s
sys	0m0.242s
500+0 records in
500+0 records out
524288000 bytes (524 MB) copied, 1.0093 s, 519 MB/s
afbad591ee2b70ac94258fbc7fac3bf2  -

real	0m1.012s
user	0m0.929s
sys	0m0.243s
500+0 records in
500+0 records out
524288000 bytes (524 MB) copied, 1.00584 s, 521 MB/s
afbad591ee2b70ac94258fbc7fac3bf2  -

real	0m1.009s
user	0m0.917s
sys	0m0.255s
500+0 records in
500+0 records out
524288000 bytes (524 MB) copied, 1.03481 s, 507 MB/s
afbad591ee2b70ac94258fbc7fac3bf2  -

real	0m1.037s
user	0m0.942s
sys	0m0.254s
500+0 records in
500+0 records out
524288000 bytes (524 MB) copied, 1.05596 s, 497 MB/s
afbad591ee2b70ac94258fbc7fac3bf2  -

real	0m1.058s
user	0m0.943s
sys	0m0.255s
500+0 records in
500+0 records out
524288000 bytes (524 MB) copied, 1.02285 s, 513 MB/s
afbad591ee2b70ac94258fbc7fac3bf2  -

real	0m1.026s
user	0m0.926s
sys	0m0.263s
500+0 records in
500+0 records out
524288000 bytes (524 MB) copied, 1.01143 s, 518 MB/s
afbad591ee2b70ac94258fbc7fac3bf2  -

real	0m1.014s
user	0m0.918s
sys	0m0.261s
500+0 records in
500+0 records out
524288000 bytes (524 MB) copied, 0.997957 s, 525 MB/s
afbad591ee2b70ac94258fbc7fac3bf2  -

real	0m1.001s
user	0m0.903s
sys	0m0.258s
500+0 records in
500+0 records out
524288000 bytes (524 MB) copied, 1.05201 s, 498 MB/s
afbad591ee2b70ac94258fbc7fac3bf2  -

real	0m1.054s
user	0m0.928s
sys	0m0.261s
500+0 records in
500+0 records out
524288000 bytes (524 MB) copied, 1.01975 s, 514 MB/s
afbad591ee2b70ac94258fbc7fac3bf2  -

real	0m1.022s
user	0m0.940s
sys	0m0.248s
500+0 records in
500+0 records out
524288000 bytes (524 MB) copied, 1.03039 s, 509 MB/s
afbad591ee2b70ac94258fbc7fac3bf2  -

real	0m1.033s
user	0m0.926s
sys	0m0.272s
500+0 records in
500+0 records out
524288000 bytes (524 MB) copied, 1.02155 s, 513 MB/s
afbad591ee2b70ac94258fbc7fac3bf2  -

real	0m1.024s
user	0m0.913s
sys	0m0.273s
500+0 records in
500+0 records out
524288000 bytes (524 MB) copied, 1.02224 s, 513 MB/s
afbad591ee2b70ac94258fbc7fac3bf2  -

real	0m1.025s
user	0m0.926s
sys	0m0.263s
500+0 records in
500+0 records out
524288000 bytes (524 MB) copied, 1.04292 s, 503 MB/s
afbad591ee2b70ac94258fbc7fac3bf2  -

real	0m1.045s
user	0m0.921s
sys	0m0.258s
500+0 records in
500+0 records out
524288000 bytes (524 MB) copied, 1.03759 s, 505 MB/s
afbad591ee2b70ac94258fbc7fac3bf2  -

real	0m1.040s
user	0m0.913s
sys	0m0.258s
500+0 records in
500+0 records out
524288000 bytes (524 MB) copied, 1.00126 s, 524 MB/s
afbad591ee2b70ac94258fbc7fac3bf2  -

real	0m1.004s
user	0m0.916s
sys	0m0.247s
500+0 records in
500+0 records out
524288000 bytes (524 MB) copied, 1.0239 s, 512 MB/s
afbad591ee2b70ac94258fbc7fac3bf2  -

real	0m1.026s
user	0m0.940s
sys	0m0.250s
500+0 records in
500+0 records out
524288000 bytes (524 MB) copied, 1.01529 s, 516 MB/s
afbad591ee2b70ac94258fbc7fac3bf2  -

real	0m1.018s
user	0m0.908s
sys	0m0.275s
500+0 records in
500+0 records out
524288000 bytes (524 MB) copied, 1.02015 s, 514 MB/s
afbad591ee2b70ac94258fbc7fac3bf2  -

real	0m1.023s
user	0m0.923s
sys	0m0.264s
500+0 records in
500+0 records out
524288000 bytes (524 MB) copiedafbad591ee2b70ac94258fbc7fac3bf2  -
, 1.02953 s, 509 MB/s

real	0m1.032s
user	0m0.943s
sys	0m0.248s
