10000+0 records in
10000+0 records out
a02bf4596da9a0c3d2b10ac745b55ccf  -
10485760000 bytes (10 GB) copied, 19.7393 s, 531 MB/s

real	0m19.742s
user	0m18.264s
sys	0m4.832s
10000+0 records in
10000+0 records out
10485760000 bytes (10 GB) copieda02bf4596da9a0c3d2b10ac745b55ccf  -
, 20.6388 s, 508 MB/s

real	0m20.642s
user	0m18.770s
sys	0m5.371s
10000+0 records in
10000+0 records out
a02bf4596da9a0c3d2b10ac745b55ccf  -
10485760000 bytes (10 GB) copied, 19.5427 s, 537 MB/s

real	0m19.545s
user	0m18.049s
sys	0m4.814s
10000+0 records in
10000+0 records out
10485760000 bytes (10 GB) copied, 19.8297 s, 529 MB/s
a02bf4596da9a0c3d2b10ac745b55ccf  -

real	0m19.832s
user	0m18.222s
sys	0m5.046s
10000+0 records in
10000+0 records out
10485760000 bytes (10 GB) copieda02bf4596da9a0c3d2b10ac745b55ccf  -
, 19.5453 s, 536 MB/s

real	0m19.548s
user	0m18.100s
sys	0m4.811s
10000+0 records in
10000+0 records out
10485760000 bytes (10 GB) copied, 19.5662 s, 536 MB/s
a02bf4596da9a0c3d2b10ac745b55ccf  -

real	0m19.569s
user	0m18.135s
sys	0m4.825s
10000+0 records in
10000+0 records out
10485760000 bytes (10 GB) copieda02bf4596da9a0c3d2b10ac745b55ccf  -
, 19.5709 s, 536 MB/s

real	0m19.573s
user	0m18.174s
sys	0m4.785s
10000+0 records in
10000+0 records out
10485760000 bytes (10 GB) copieda02bf4596da9a0c3d2b10ac745b55ccf  -
, 20.4325 s, 513 MB/s

real	0m20.435s
user	0m18.668s
sys	0m5.337s
10000+0 records in
10000+0 records out
10485760000 bytes (10 GB) copied, 20.1748 s, 520 MB/s
a02bf4596da9a0c3d2b10ac745b55ccf  -

real	0m20.177s
user	0m18.441s
sys	0m5.199s
10000+0 records in
10000+0 records out
10485760000 bytes (10 GB) copied, 19.5351 s, 537 MB/s
a02bf4596da9a0c3d2b10ac745b55ccf  -

real	0m19.538s
user	0m18.078s
sys	0m4.811s
10000+0 records in
10000+0 records out
a02bf4596da9a0c3d2b10ac745b55ccf  -
10485760000 bytes (10 GB) copied, 20.3711 s, 515 MB/s

real	0m20.373s
user	0m18.541s
sys	0m5.334s
10000+0 records in
10000+0 records out
10485760000 bytes (10 GB) copieda02bf4596da9a0c3d2b10ac745b55ccf  -
, 20.2837 s, 517 MB/s

real	0m20.286s
user	0m18.484s
sys	0m5.298s
10000+0 records in
10000+0 records out
10485760000 bytes (10 GB) copied, 20.1245 s, 521 MB/s
a02bf4596da9a0c3d2b10ac745b55ccf  -

real	0m20.127s
user	0m18.423s
sys	0m5.168s
10000+0 records in
10000+0 records out
10485760000 bytes (10 GB) copieda02bf4596da9a0c3d2b10ac745b55ccf  -
, 20.5014 s, 511 MB/s

real	0m20.504s
user	0m18.771s
sys	0m5.301s
10000+0 records in
10000+0 records out
10485760000 bytes (10 GB) copieda02bf4596da9a0c3d2b10ac745b55ccf  -
, 20.5421 s, 510 MB/s

real	0m20.545s
user	0m18.767s
sys	0m5.347s
10000+0 records in
10000+0 records out
10485760000 bytes (10 GB) copieda02bf4596da9a0c3d2b10ac745b55ccf  -
, 19.8774 s, 528 MB/s

real	0m19.880s
user	0m18.464s
sys	0m4.889s
10000+0 records in
10000+0 records out
10485760000 bytes (10 GB) copieda02bf4596da9a0c3d2b10ac745b55ccf  -
, 19.7656 s, 531 MB/s

real	0m19.768s
user	0m18.233s
sys	0m4.951s
10000+0 records in
10000+0 records out
10485760000 bytes (10 GB) copieda02bf4596da9a0c3d2b10ac745b55ccf  -
, 19.9987 s, 524 MB/s

real	0m20.001s
user	0m18.377s
sys	0m5.113s
10000+0 records in
10000+0 records out
10485760000 bytes (10 GB) copieda02bf4596da9a0c3d2b10ac745b55ccf  -
, 19.7158 s, 532 MB/s

real	0m19.718s
user	0m18.162s
sys	0m4.955s
10000+0 records in
10000+0 records out
10485760000 bytes (10 GB) copieda02bf4596da9a0c3d2b10ac745b55ccf  -
, 20.101 s, 522 MB/s

real	0m20.104s
user	0m18.457s
sys	0m5.091s
10000+0 records in
10000+0 records out
10485760000 bytes (10 GB) copied, 19.6688 s, 533 MB/s
a02bf4596da9a0c3d2b10ac745b55ccf  -

real	0m19.671s
user	0m18.248s
sys	0m4.778s
10000+0 records in
10000+0 records out
10485760000 bytes (10 GB) copieda02bf4596da9a0c3d2b10ac745b55ccf  -
, 20.2954 s, 517 MB/s

real	0m20.298s
user	0m18.428s
sys	0m5.374s
10000+0 records in
10000+0 records out
a02bf4596da9a0c3d2b10ac745b55ccf  -
10485760000 bytes (10 GB) copied, 20.4215 s, 513 MB/s

real	0m20.424s
user	0m18.676s
sys	0m5.262s
10000+0 records in
10000+0 records out
10485760000 bytes (10 GB) copieda02bf4596da9a0c3d2b10ac745b55ccf  -
, 20.3532 s, 515 MB/s

real	0m20.356s
user	0m18.583s
sys	0m5.290s
10000+0 records in
10000+0 records out
10485760000 bytes (10 GB) copieda02bf4596da9a0c3d2b10ac745b55ccf  -
, 20.4012 s, 514 MB/s

real	0m20.404s
user	0m18.569s
sys	0m5.354s
10000+0 records in
10000+0 records out
10485760000 bytes (10 GB) copieda02bf4596da9a0c3d2b10ac745b55ccf  -
, 20.347 s, 515 MB/s

real	0m20.349s
user	0m18.525s
sys	0m5.329s
10000+0 records in
10000+0 records out
10485760000 bytes (10 GB) copieda02bf4596da9a0c3d2b10ac745b55ccf  -
, 20.2772 s, 517 MB/s

real	0m20.280s
user	0m18.501s
sys	0m5.302s
10000+0 records in
10000+0 records out
10485760000 bytes (10 GB) copieda02bf4596da9a0c3d2b10ac745b55ccf  -
, 20.508 s, 511 MB/s

real	0m20.511s
user	0m18.799s
sys	0m5.238s
10000+0 records in
10000+0 records out
10485760000 bytes (10 GB) copieda02bf4596da9a0c3d2b10ac745b55ccf  -
, 20.353 s, 515 MB/s

real	0m20.355s
user	0m18.587s
sys	0m5.290s
10000+0 records in
10000+0 records out
10485760000 bytes (10 GB) copied, 19.6119 s, 535 MB/s
a02bf4596da9a0c3d2b10ac745b55ccf  -

real	0m19.615s
user	0m18.170s
sys	0m4.794s
10000+0 records in
10000+0 records out
10485760000 bytes (10 GB) copied, 19.6627 s, 533 MB/s
a02bf4596da9a0c3d2b10ac745b55ccf  -

real	0m19.665s
user	0m18.224s
sys	0m4.767s
10000+0 records in
10000+0 records out
10485760000 bytes (10 GB) copied, 19.6143 s, 535 MB/s
a02bf4596da9a0c3d2b10ac745b55ccf  -

real	0m19.617s
user	0m18.182s
sys	0m4.810s
10000+0 records in
10000+0 records out
10485760000 bytes (10 GB) copied, 20.3206 s, 516 MB/s
a02bf4596da9a0c3d2b10ac745b55ccf  -

real	0m20.323s
user	0m18.531s
sys	0m5.296s
10000+0 records in
10000+0 records out
10485760000 bytes (10 GB) copied, 20.2487 s, 518 MB/s
a02bf4596da9a0c3d2b10ac745b55ccf  -

real	0m20.251s
user	0m18.488s
sys	0m5.264s
10000+0 records in
10000+0 records out
10485760000 bytes (10 GB) copieda02bf4596da9a0c3d2b10ac745b55ccf  -
, 20.2131 s, 519 MB/s

real	0m20.216s
user	0m18.479s
sys	0m5.244s
10000+0 records in
10000+0 records out
a02bf4596da9a0c3d2b10ac745b55ccf  -
10485760000 bytes (10 GB) copied, 19.771 s, 530 MB/s

real	0m19.774s
user	0m18.165s
sys	0m5.021s
10000+0 records in
10000+0 records out
10485760000 bytes (10 GB) copieda02bf4596da9a0c3d2b10ac745b55ccf  -
, 20.2714 s, 517 MB/s

real	0m20.274s
user	0m18.561s
sys	0m5.248s
10000+0 records in
10000+0 records out
10485760000 bytes (10 GB) copied, 20.042 s, 523 MB/s
a02bf4596da9a0c3d2b10ac745b55ccf  -

real	0m20.045s
user	0m18.329s
sys	0m5.152s
10000+0 records in
10000+0 records out
10485760000 bytes (10 GB) copieda02bf4596da9a0c3d2b10ac745b55ccf  -
, 20.2823 s, 517 MB/s

real	0m20.285s
user	0m18.528s
sys	0m5.263s
10000+0 records in
10000+0 records out
10485760000 bytes (10 GB) copied, 19.6441 s, 534 MB/s
a02bf4596da9a0c3d2b10ac745b55ccf  -

real	0m19.647s
user	0m18.219s
sys	0m4.775s
10000+0 records in
10000+0 records out
10485760000 bytes (10 GB) copieda02bf4596da9a0c3d2b10ac745b55ccf  -
, 20.422 s, 513 MB/s

real	0m20.424s
user	0m18.647s
sys	0m5.265s
10000+0 records in
10000+0 records out
10485760000 bytes (10 GB) copieda02bf4596da9a0c3d2b10ac745b55ccf  -
, 19.9378 s, 526 MB/s

real	0m19.940s
user	0m18.375s
sys	0m5.010s
10000+0 records in
10000+0 records out
10485760000 bytes (10 GB) copieda02bf4596da9a0c3d2b10ac745b55ccf  -
, 20.3729 s, 515 MB/s

real	0m20.375s
user	0m18.569s
sys	0m5.315s
10000+0 records in
10000+0 records out
10485760000 bytes (10 GB) copied, 20.0856 s, 522 MB/s
a02bf4596da9a0c3d2b10ac745b55ccf  -

real	0m20.088s
user	0m18.298s
sys	0m4.953s
10000+0 records in
10000+0 records out
10485760000 bytes (10 GB) copied, 19.7911 s, 530 MB/s
a02bf4596da9a0c3d2b10ac745b55ccf  -

real	0m19.794s
user	0m18.316s
sys	0m4.850s
10000+0 records in
10000+0 records out
10485760000 bytes (10 GB) copied, 20.1019 s, 522 MB/s
a02bf4596da9a0c3d2b10ac745b55ccf  -

real	0m20.104s
user	0m18.388s
sys	0m5.192s
10000+0 records in
10000+0 records out
10485760000 bytes (10 GB) copieda02bf4596da9a0c3d2b10ac745b55ccf  -
, 20.3498 s, 515 MB/s

real	0m20.352s
user	0m18.565s
sys	0m5.347s
10000+0 records in
10000+0 records out
10485760000 bytes (10 GB) copieda02bf4596da9a0c3d2b10ac745b55ccf  -
, 19.815 s, 529 MB/s

real	0m19.818s
user	0m18.324s
sys	0m4.898s
10000+0 records in
10000+0 records out
10485760000 bytes (10 GB) copieda02bf4596da9a0c3d2b10ac745b55ccf  -
, 20.0831 s, 522 MB/s

real	0m20.086s
user	0m18.379s
sys	0m5.188s
10000+0 records in
10000+0 records out
10485760000 bytes (10 GB) copieda02bf4596da9a0c3d2b10ac745b55ccf  -
, 20.3456 s, 515 MB/s

real	0m20.348s
user	0m18.495s
sys	0m5.346s
