10000+0 records in
10000+0 records out
a02bf4596da9a0c3d2b10ac745b55ccf  -
10485760000 bytes (10 GB) copied, 19.4068 s, 540 MB/s

real	0m19.410s
user	0m17.919s
sys	0m4.799s
10000+0 records in
10000+0 records out
10485760000 bytes (10 GB) copieda02bf4596da9a0c3d2b10ac745b55ccf  -
, 20.3986 s, 514 MB/s

real	0m20.401s
user	0m18.605s
sys	0m5.295s
10000+0 records in
10000+0 records out
a02bf4596da9a0c3d2b10ac745b55ccf  -
10485760000 bytes (10 GB) copied, 19.8381 s, 529 MB/s

real	0m19.841s
user	0m18.279s
sys	0m4.964s
10000+0 records in
10000+0 records out
10485760000 bytes (10 GB) copieda02bf4596da9a0c3d2b10ac745b55ccf  -
, 20.0192 s, 524 MB/s

real	0m20.022s
user	0m18.275s
sys	0m4.879s
10000+0 records in
10000+0 records out
10485760000 bytes (10 GB) copied, 19.5485 s, 536 MB/s
a02bf4596da9a0c3d2b10ac745b55ccf  -

real	0m19.551s
user	0m18.155s
sys	0m4.749s
10000+0 records in
10000+0 records out
10485760000 bytes (10 GB) copied, 20.4067 s, 514 MB/s
a02bf4596da9a0c3d2b10ac745b55ccf  -

real	0m20.410s
user	0m18.573s
sys	0m5.362s
10000+0 records in
10000+0 records out
10485760000 bytes (10 GB) copieda02bf4596da9a0c3d2b10ac745b55ccf  -
, 20.6125 s, 509 MB/s

real	0m20.615s
user	0m18.824s
sys	0m5.361s
10000+0 records in
10000+0 records out
10485760000 bytes (10 GB) copied, 19.4448 s, 539 MB/s
a02bf4596da9a0c3d2b10ac745b55ccf  -

real	0m19.447s
user	0m18.062s
sys	0m4.734s
10000+0 records in
10000+0 records out
10485760000 bytes (10 GB) copied, 19.3291 s, 542 MB/s
a02bf4596da9a0c3d2b10ac745b55ccf  -

real	0m19.332s
user	0m17.934s
sys	0m4.720s
10000+0 records in
10000+0 records out
10485760000 bytes (10 GB) copieda02bf4596da9a0c3d2b10ac745b55ccf  -
, 20.0021 s, 524 MB/s

real	0m20.005s
user	0m18.340s
sys	0m5.058s
10000+0 records in
10000+0 records out
10485760000 bytes (10 GB) copied, 19.4431 s, 539 MB/s
a02bf4596da9a0c3d2b10ac745b55ccf  -

real	0m19.446s
user	0m17.988s
sys	0m4.785s
10000+0 records in
10000+0 records out
10485760000 bytes (10 GB) copieda02bf4596da9a0c3d2b10ac745b55ccf  -
, 19.7246 s, 532 MB/s

real	0m19.727s
user	0m18.193s
sys	0m4.939s
10000+0 records in
10000+0 records out
10485760000 bytes (10 GB) copieda02bf4596da9a0c3d2b10ac745b55ccf  -
, 19.519 s, 537 MB/s

real	0m19.521s
user	0m18.115s
sys	0m4.777s
10000+0 records in
10000+0 records out
10485760000 bytes (10 GB) copied, 19.7977 s, 530 MB/s
a02bf4596da9a0c3d2b10ac745b55ccf  -

real	0m19.800s
user	0m18.263s
sys	0m4.959s
10000+0 records in
10000+0 records out
10485760000 bytes (10 GB) copied, 20.145 s, 521 MB/s
a02bf4596da9a0c3d2b10ac745b55ccf  -

real	0m20.148s
user	0m18.490s
sys	0m5.144s
10000+0 records in
10000+0 records out
10485760000 bytes (10 GB) copied, 19.5181 s, 537 MB/s
a02bf4596da9a0c3d2b10ac745b55ccf  -

real	0m19.521s
user	0m18.081s
sys	0m4.797s
10000+0 records in
10000+0 records out
10485760000 bytes (10 GB) copieda02bf4596da9a0c3d2b10ac745b55ccf  -
, 20.2819 s, 517 MB/s

real	0m20.284s
user	0m18.538s
sys	0m5.198s
10000+0 records in
10000+0 records out
10485760000 bytes (10 GB) copied, 20.6084 s, 509 MB/s
a02bf4596da9a0c3d2b10ac745b55ccf  -

real	0m20.611s
user	0m18.798s
sys	0m5.388s
10000+0 records in
10000+0 records out
10485760000 bytes (10 GB) copied, 19.549 s, 536 MB/s
a02bf4596da9a0c3d2b10ac745b55ccf  -

real	0m19.552s
user	0m18.110s
sys	0m4.815s
10000+0 records in
10000+0 records out
10485760000 bytes (10 GB) copied, 20.007 s, 524 MB/s
a02bf4596da9a0c3d2b10ac745b55ccf  -

real	0m20.010s
user	0m18.448s
sys	0m5.017s
10000+0 records in
10000+0 records out
a02bf4596da9a0c3d2b10ac745b55ccf  -
10485760000 bytes (10 GB) copied, 20.5552 s, 510 MB/s

real	0m20.558s
user	0m18.710s
sys	0m5.375s
10000+0 records in
10000+0 records out
10485760000 bytes (10 GB) copieda02bf4596da9a0c3d2b10ac745b55ccf  -
, 20.5647 s, 510 MB/s

real	0m20.567s
user	0m18.713s
sys	0m5.323s
10000+0 records in
10000+0 records out
10485760000 bytes (10 GB) copied, 19.5188 s, 537 MB/s
a02bf4596da9a0c3d2b10ac745b55ccf  -

real	0m19.521s
user	0m18.071s
sys	0m4.801s
10000+0 records in
10000+0 records out
10485760000 bytes (10 GB) copied, 19.9801 s, 525 MB/s
a02bf4596da9a0c3d2b10ac745b55ccf  -

real	0m19.983s
user	0m18.314s
sys	0m4.957s
10000+0 records in
10000+0 records out
10485760000 bytes (10 GB) copieda02bf4596da9a0c3d2b10ac745b55ccf  -
, 19.9191 s, 526 MB/s

real	0m19.922s
user	0m18.352s
sys	0m4.998s
10000+0 records in
10000+0 records out
10485760000 bytes (10 GB) copied, 19.8562 s, 528 MB/s
a02bf4596da9a0c3d2b10ac745b55ccf  -

real	0m19.859s
user	0m18.348s
sys	0m4.918s
10000+0 records in
10000+0 records out
10485760000 bytes (10 GB) copieda02bf4596da9a0c3d2b10ac745b55ccf  -
, 19.7017 s, 532 MB/s

real	0m19.704s
user	0m18.245s
sys	0m4.835s
10000+0 records in
10000+0 records out
10485760000 bytes (10 GB) copied, 19.8208 s, 529 MB/s
a02bf4596da9a0c3d2b10ac745b55ccf  -

real	0m19.823s
user	0m18.309s
sys	0m4.916s
10000+0 records in
10000+0 records out
10485760000 bytes (10 GB) copieda02bf4596da9a0c3d2b10ac745b55ccf  -
, 19.9963 s, 524 MB/s

real	0m19.999s
user	0m18.308s
sys	0m5.151s
10000+0 records in
10000+0 records out
10485760000 bytes (10 GB) copied, 19.5678 s, 536 MB/s
a02bf4596da9a0c3d2b10ac745b55ccf  -

real	0m19.570s
user	0m18.083s
sys	0m4.840s
10000+0 records in
10000+0 records out
10485760000 bytes (10 GB) copied, 19.9048 s, 527 MB/s
a02bf4596da9a0c3d2b10ac745b55ccf  -

real	0m19.907s
user	0m18.359s
sys	0m4.862s
10000+0 records in
10000+0 records out
a02bf4596da9a0c3d2b10ac745b55ccf  -
10485760000 bytes (10 GB) copied, 20.1568 s, 520 MB/s

real	0m20.159s
user	0m18.442s
sys	0m5.180s
10000+0 records in
10000+0 records out
10485760000 bytes (10 GB) copied, 19.7752 s, 530 MB/s
a02bf4596da9a0c3d2b10ac745b55ccf  -

real	0m19.778s
user	0m18.241s
sys	0m4.949s
10000+0 records in
10000+0 records out
10485760000 bytes (10 GB) copied, 19.6159 s, 535 MB/s
a02bf4596da9a0c3d2b10ac745b55ccf  -

real	0m19.619s
user	0m18.152s
sys	0m4.866s
10000+0 records in
10000+0 records out
10485760000 bytes (10 GB) copied, 19.4306 s, 540 MB/s
a02bf4596da9a0c3d2b10ac745b55ccf  -

real	0m19.433s
user	0m17.989s
sys	0m4.776s
10000+0 records in
10000+0 records out
10485760000 bytes (10 GB) copieda02bf4596da9a0c3d2b10ac745b55ccf  -
, 19.6622 s, 533 MB/s

real	0m19.665s
user	0m18.134s
sys	0m4.921s
10000+0 records in
10000+0 records out
10485760000 bytes (10 GB) copied, 19.5532 s, 536 MB/s
a02bf4596da9a0c3d2b10ac745b55ccf  -

real	0m19.556s
user	0m18.079s
sys	0m4.832s
10000+0 records in
10000+0 records out
10485760000 bytes (10 GB) copied, 19.5754 s, 536 MB/s
a02bf4596da9a0c3d2b10ac745b55ccf  -

real	0m19.578s
user	0m18.154s
sys	0m4.784s
10000+0 records in
10000+0 records out
10485760000 bytes (10 GB) copieda02bf4596da9a0c3d2b10ac745b55ccf  -
, 20.524 s, 511 MB/s

real	0m20.526s
user	0m18.803s
sys	0m5.270s
10000+0 records in
10000+0 records out
10485760000 bytes (10 GB) copieda02bf4596da9a0c3d2b10ac745b55ccf  -
, 20.4925 s, 512 MB/s

real	0m20.495s
user	0m18.694s
sys	0m5.354s
10000+0 records in
10000+0 records out
10485760000 bytes (10 GB) copied, 19.7364 s, 531 MB/s
a02bf4596da9a0c3d2b10ac745b55ccf  -

real	0m19.739s
user	0m18.215s
sys	0m4.810s
10000+0 records in
10000+0 records out
10485760000 bytes (10 GB) copied, 20.1091 s, 521 MB/s
a02bf4596da9a0c3d2b10ac745b55ccf  -

real	0m20.112s
user	0m18.523s
sys	0m5.065s
10000+0 records in
10000+0 records out
10485760000 bytes (10 GB) copied, 19.6484 s, 534 MB/s
a02bf4596da9a0c3d2b10ac745b55ccf  -

real	0m19.651s
user	0m18.187s
sys	0m4.810s
10000+0 records in
10000+0 records out
10485760000 bytes (10 GB) copieda02bf4596da9a0c3d2b10ac745b55ccf  -
, 20.3976 s, 514 MB/s

real	0m20.400s
user	0m18.606s
sys	0m5.287s
10000+0 records in
10000+0 records out
10485760000 bytes (10 GB) copieda02bf4596da9a0c3d2b10ac745b55ccf  -
, 20.5086 s, 511 MB/s

real	0m20.511s
user	0m18.707s
sys	0m5.342s
10000+0 records in
10000+0 records out
10485760000 bytes (10 GB) copied, 19.8857 s, 527 MB/s
a02bf4596da9a0c3d2b10ac745b55ccf  -

real	0m19.888s
user	0m18.384s
sys	0m4.913s
10000+0 records in
10000+0 records out
10485760000 bytes (10 GB) copieda02bf4596da9a0c3d2b10ac745b55ccf  -
, 20.375 s, 515 MB/s

real	0m20.377s
user	0m18.586s
sys	0m5.335s
10000+0 records in
10000+0 records out
10485760000 bytes (10 GB) copieda02bf4596da9a0c3d2b10ac745b55ccf  -
, 20.3954 s, 514 MB/s

real	0m20.398s
user	0m18.538s
sys	0m5.390s
10000+0 records in
10000+0 records out
10485760000 bytes (10 GB) copieda02bf4596da9a0c3d2b10ac745b55ccf  -
, 20.0716 s, 522 MB/s

real	0m20.074s
user	0m18.400s
sys	0m5.114s
10000+0 records in
10000+0 records out
10485760000 bytes (10 GB) copied, 19.9323 s, 526 MB/s
a02bf4596da9a0c3d2b10ac745b55ccf  -

real	0m19.935s
user	0m18.398s
sys	0m4.934s
10000+0 records in
10000+0 records out
10485760000 bytes (10 GB) copied, 19.504 s, 538 MB/s
a02bf4596da9a0c3d2b10ac745b55ccf  -

real	0m19.507s
user	0m18.075s
sys	0m4.747s
10000+0 records in
10000+0 records out
10485760000 bytes (10 GB) copied, 19.672 s, 533 MB/s
a02bf4596da9a0c3d2b10ac745b55ccf  -

real	0m19.675s
user	0m18.251s
sys	0m4.788s
10000+0 records in
10000+0 records out
10485760000 bytes (10 GB) copied, 19.5852 s, 535 MB/s
a02bf4596da9a0c3d2b10ac745b55ccf  -

real	0m19.588s
user	0m18.122s
sys	0m4.836s
10000+0 records in
10000+0 records out
10485760000 bytes (10 GB) copied, 19.8452 s, 528 MB/s
a02bf4596da9a0c3d2b10ac745b55ccf  -

real	0m19.848s
user	0m18.300s
sys	0m4.999s
10000+0 records in
10000+0 records out
10485760000 bytes (10 GB) copied, 19.5469 s, 536 MB/s
a02bf4596da9a0c3d2b10ac745b55ccf  -

real	0m19.550s
user	0m18.141s
sys	0m4.746s
10000+0 records in
10000+0 records out
10485760000 bytes (10 GB) copied, 19.733 s, 531 MB/s
a02bf4596da9a0c3d2b10ac745b55ccf  -

real	0m19.736s
user	0m18.292s
sys	0m4.842s
10000+0 records in
10000+0 records out
10485760000 bytes (10 GB) copieda02bf4596da9a0c3d2b10ac745b55ccf  -
, 19.9831 s, 525 MB/s

real	0m19.986s
user	0m18.306s
sys	0m5.085s
10000+0 records in
10000+0 records out
10485760000 bytes (10 GB) copied, 19.6065 s, 535 MB/s
a02bf4596da9a0c3d2b10ac745b55ccf  -

real	0m19.609s
user	0m18.143s
sys	0m4.805s
10000+0 records in
10000+0 records out
10485760000 bytes (10 GB) copied, 19.5728 s, 536 MB/s
a02bf4596da9a0c3d2b10ac745b55ccf  -

real	0m19.575s
user	0m18.145s
sys	0m4.800s
10000+0 records in
10000+0 records out
10485760000 bytes (10 GB) copied, 19.6433 s, 534 MB/s
a02bf4596da9a0c3d2b10ac745b55ccf  -

real	0m19.646s
user	0m18.202s
sys	0m4.820s
10000+0 records in
10000+0 records out
10485760000 bytes (10 GB) copied, 19.6111 s, 535 MB/s
a02bf4596da9a0c3d2b10ac745b55ccf  -

real	0m19.614s
user	0m18.128s
sys	0m4.827s
10000+0 records in
10000+0 records out
10485760000 bytes (10 GB) copied, 20.032 s, 523 MB/s
a02bf4596da9a0c3d2b10ac745b55ccf  -

real	0m20.035s
user	0m18.397s
sys	0m5.039s
10000+0 records in
10000+0 records out
10485760000 bytes (10 GB) copied, 20.3669 s, 515 MB/s
a02bf4596da9a0c3d2b10ac745b55ccf  -

real	0m20.369s
user	0m18.588s
sys	0m5.305s
10000+0 records in
10000+0 records out
10485760000 bytes (10 GB) copied, 19.6125 s, 535 MB/s
a02bf4596da9a0c3d2b10ac745b55ccf  -

real	0m19.615s
user	0m18.169s
sys	0m4.802s
10000+0 records in
10000+0 records out
10485760000 bytes (10 GB) copieda02bf4596da9a0c3d2b10ac745b55ccf  -
, 20.426 s, 513 MB/s

real	0m20.429s
user	0m18.591s
sys	0m5.379s
10000+0 records in
10000+0 records out
10485760000 bytes (10 GB) copieda02bf4596da9a0c3d2b10ac745b55ccf  -
, 20.4148 s, 514 MB/s

real	0m20.417s
user	0m18.685s
sys	0m5.253s
10000+0 records in
10000+0 records out
10485760000 bytes (10 GB) copied, 20.0491 s, 523 MB/s
a02bf4596da9a0c3d2b10ac745b55ccf  -

real	0m20.052s
user	0m18.421s
sys	0m5.092s
10000+0 records in
10000+0 records out
10485760000 bytes (10 GB) copied, 20.1358 s, 521 MB/s
a02bf4596da9a0c3d2b10ac745b55ccf  -

real	0m20.138s
user	0m18.514s
sys	0m5.096s
10000+0 records in
10000+0 records out
10485760000 bytes (10 GB) copieda02bf4596da9a0c3d2b10ac745b55ccf  -
, 20.4663 s, 512 MB/s

real	0m20.469s
user	0m18.635s
sys	0m5.323s
10000+0 records in
10000+0 records out
a02bf4596da9a0c3d2b10ac745b55ccf  -
10485760000 bytes (10 GB) copied, 20.0864 s, 522 MB/s

real	0m20.089s
user	0m18.380s
sys	0m5.090s
10000+0 records in
10000+0 records out
10485760000 bytes (10 GB) copieda02bf4596da9a0c3d2b10ac745b55ccf  -
, 19.7596 s, 531 MB/s

real	0m19.762s
user	0m18.149s
sys	0m5.023s
10000+0 records in
10000+0 records out
10485760000 bytes (10 GB) copied, 19.8607 s, 528 MB/s
a02bf4596da9a0c3d2b10ac745b55ccf  -

real	0m19.864s
user	0m18.236s
sys	0m5.041s
10000+0 records in
10000+0 records out
10485760000 bytes (10 GB) copieda02bf4596da9a0c3d2b10ac745b55ccf  -
, 19.6133 s, 535 MB/s

real	0m19.616s
user	0m18.053s
sys	0m4.898s
10000+0 records in
10000+0 records out
10485760000 bytes (10 GB) copied, 19.9592 s, 525 MB/s
a02bf4596da9a0c3d2b10ac745b55ccf  -

real	0m19.962s
user	0m18.364s
sys	0m5.075s
10000+0 records in
10000+0 records out
10485760000 bytes (10 GB) copied, 20.1184 s, 521 MB/s
a02bf4596da9a0c3d2b10ac745b55ccf  -

real	0m20.121s
user	0m18.396s
sys	0m5.170s
10000+0 records in
10000+0 records out
10485760000 bytes (10 GB) copied, 20.363 s, 515 MB/s
a02bf4596da9a0c3d2b10ac745b55ccf  -

real	0m20.366s
user	0m18.553s
sys	0m5.336s
10000+0 records in
10000+0 records out
10485760000 bytes (10 GB) copied, 19.4982 s, 538 MB/s
a02bf4596da9a0c3d2b10ac745b55ccf  -

real	0m19.501s
user	0m18.042s
sys	0m4.806s
10000+0 records in
10000+0 records out
10485760000 bytes (10 GB) copied, 19.5128 s, 537 MB/s
a02bf4596da9a0c3d2b10ac745b55ccf  -

real	0m19.516s
user	0m18.069s
sys	0m4.799s
10000+0 records in
10000+0 records out
10485760000 bytes (10 GB) copieda02bf4596da9a0c3d2b10ac745b55ccf  -
, 19.5478 s, 536 MB/s

real	0m19.550s
user	0m18.123s
sys	0m4.795s
10000+0 records in
10000+0 records out
10485760000 bytes (10 GB) copieda02bf4596da9a0c3d2b10ac745b55ccf  -
, 20.4594 s, 513 MB/s

real	0m20.462s
user	0m18.692s
sys	0m5.322s
10000+0 records in
10000+0 records out
10485760000 bytes (10 GB) copied, 19.5912 s, 535 MB/s
a02bf4596da9a0c3d2b10ac745b55ccf  -

real	0m19.594s
user	0m18.147s
sys	0m4.767s
10000+0 records in
10000+0 records out
10485760000 bytes (10 GB) copieda02bf4596da9a0c3d2b10ac745b55ccf  -
, 20.5026 s, 511 MB/s

real	0m20.505s
user	0m18.627s
sys	0m5.382s
10000+0 records in
10000+0 records out
10485760000 bytes (10 GB) copied, 19.517 s, 537 MB/s
a02bf4596da9a0c3d2b10ac745b55ccf  -

real	0m19.519s
user	0m18.097s
sys	0m4.754s
10000+0 records in
10000+0 records out
10485760000 bytes (10 GB) copieda02bf4596da9a0c3d2b10ac745b55ccf  -
, 20.4263 s, 513 MB/s

real	0m20.429s
user	0m18.703s
sys	0m5.274s
10000+0 records in
10000+0 records out
10485760000 bytes (10 GB) copieda02bf4596da9a0c3d2b10ac745b55ccf  -
, 20.4546 s, 513 MB/s

real	0m20.457s
user	0m18.604s
sys	0m5.348s
10000+0 records in
10000+0 records out
10485760000 bytes (10 GB) copieda02bf4596da9a0c3d2b10ac745b55ccf  -
, 20.1432 s, 521 MB/s

real	0m20.146s
user	0m18.464s
sys	0m5.170s
10000+0 records in
10000+0 records out
10485760000 bytes (10 GB) copieda02bf4596da9a0c3d2b10ac745b55ccf  -
, 20.4339 s, 513 MB/s

real	0m20.436s
user	0m18.654s
sys	0m5.328s
10000+0 records in
10000+0 records out
10485760000 bytes (10 GB) copieda02bf4596da9a0c3d2b10ac745b55ccf  -
, 20.4532 s, 513 MB/s

real	0m20.456s
user	0m18.635s
sys	0m5.366s
10000+0 records in
10000+0 records out
10485760000 bytes (10 GB) copieda02bf4596da9a0c3d2b10ac745b55ccf  -
, 20.4902 s, 512 MB/s

real	0m20.493s
user	0m18.740s
sys	0m5.288s
10000+0 records in
10000+0 records out
10485760000 bytes (10 GB) copied, 20.4925 s, 512 MB/s
a02bf4596da9a0c3d2b10ac745b55ccf  -

real	0m20.495s
user	0m18.664s
sys	0m5.315s
10000+0 records in
10000+0 records out
10485760000 bytes (10 GB) copied, 19.6721 s, 533 MB/s
a02bf4596da9a0c3d2b10ac745b55ccf  -

real	0m19.675s
user	0m18.263s
sys	0m4.761s
10000+0 records in
10000+0 records out
10485760000 bytes (10 GB) copied, 19.8008 s, 530 MB/s
a02bf4596da9a0c3d2b10ac745b55ccf  -

real	0m19.804s
user	0m18.331s
sys	0m4.836s
10000+0 records in
10000+0 records out
10485760000 bytes (10 GB) copieda02bf4596da9a0c3d2b10ac745b55ccf  -
, 20.1462 s, 520 MB/s

real	0m20.149s
user	0m18.475s
sys	0m5.150s
10000+0 records in
10000+0 records out
10485760000 bytes (10 GB) copied, 20.4082 s, 514 MB/s
a02bf4596da9a0c3d2b10ac745b55ccf  -

real	0m20.411s
user	0m18.605s
sys	0m5.355s
10000+0 records in
10000+0 records out
10485760000 bytes (10 GB) copied, 19.6785 s, 533 MB/s
a02bf4596da9a0c3d2b10ac745b55ccf  -

real	0m19.681s
user	0m18.223s
sys	0m4.833s
10000+0 records in
10000+0 records out
a02bf4596da9a0c3d2b10ac745b55ccf  -
10485760000 bytes (10 GB) copied, 19.5554 s, 536 MB/s

real	0m19.558s
user	0m18.107s
sys	0m4.799s
10000+0 records in
10000+0 records out
10485760000 bytes (10 GB) copieda02bf4596da9a0c3d2b10ac745b55ccf  -
, 20.5118 s, 511 MB/s

real	0m20.514s
user	0m18.679s
sys	0m5.304s
10000+0 records in
10000+0 records out
10485760000 bytes (10 GB) copied, 19.6925 s, 532 MB/s
a02bf4596da9a0c3d2b10ac745b55ccf  -

real	0m19.695s
user	0m18.158s
sys	0m4.931s
10000+0 records in
10000+0 records out
10485760000 bytes (10 GB) copied, 19.9953 s, 524 MB/s
a02bf4596da9a0c3d2b10ac745b55ccf  -

real	0m19.998s
user	0m18.357s
sys	0m5.101s
10000+0 records in
10000+0 records out
a02bf4596da9a0c3d2b10ac745b55ccf  -
10485760000 bytes (10 GB) copied, 20.5124 s, 511 MB/s

real	0m20.515s
user	0m18.710s
sys	0m5.371s
