10000+0 records in
10000+0 records out
10485760000 bytes (10 GB) copieda02bf4596da9a0c3d2b10ac745b55ccf  -
, 25.2198 s, 416 MB/s

real	0m25.223s
user	0m23.425s
sys	0m5.994s
10000+0 records in
10000+0 records out
10485760000 bytes (10 GB) copied, 25.2433 s, 415 MB/s
a02bf4596da9a0c3d2b10ac745b55ccf  -

real	0m25.247s
user	0m23.450s
sys	0m6.024s
10000+0 records in
10000+0 records out
a02bf4596da9a0c3d2b10ac745b55ccf  -
10485760000 bytes (10 GB) copied, 25.2405 s, 415 MB/s

real	0m25.243s
user	0m23.326s
sys	0m6.127s
10000+0 records in
10000+0 records out
10485760000 bytes (10 GB) copied, 25.1364 s, 417 MB/s
a02bf4596da9a0c3d2b10ac745b55ccf  -

real	0m25.139s
user	0m23.420s
sys	0m5.793s
10000+0 records in
10000+0 records out
10485760000 bytes (10 GB) copied, 25.1457 s, 417 MB/s
a02bf4596da9a0c3d2b10ac745b55ccf  -

real	0m25.149s
user	0m23.330s
sys	0m5.927s
10000+0 records in
10000+0 records out
10485760000 bytes (10 GB) copied, 25.2609 s, 415 MB/s
a02bf4596da9a0c3d2b10ac745b55ccf  -

real	0m25.264s
user	0m23.391s
sys	0m6.118s
10000+0 records in
10000+0 records out
10485760000 bytes (10 GB) copied, 25.262 s, 415 MB/s
a02bf4596da9a0c3d2b10ac745b55ccf  -

real	0m25.265s
user	0m23.433s
sys	0m6.069s
10000+0 records in
10000+0 records out
10485760000 bytes (10 GB) copied, 25.2849 s, 415 MB/s
a02bf4596da9a0c3d2b10ac745b55ccf  -

real	0m25.288s
user	0m23.363s
sys	0m6.225s
10000+0 records in
10000+0 records out
10485760000 bytes (10 GB) copied, 25.2767 s, 415 MB/s
a02bf4596da9a0c3d2b10ac745b55ccf  -

real	0m25.280s
user	0m23.470s
sys	0m6.070s
10000+0 records in
10000+0 records out
10485760000 bytes (10 GB) copied, 25.2747 s, 415 MB/s
a02bf4596da9a0c3d2b10ac745b55ccf  -

real	0m25.278s
user	0m23.446s
sys	0m6.087s
10000+0 records in
10000+0 records out
10485760000 bytes (10 GB) copied, 25.3026 s, 414 MB/s
a02bf4596da9a0c3d2b10ac745b55ccf  -

real	0m25.306s
user	0m23.461s
sys	0m6.139s
10000+0 records in
10000+0 records out
10485760000 bytes (10 GB) copied, 25.2585 s, 415 MB/s
a02bf4596da9a0c3d2b10ac745b55ccf  -

real	0m25.262s
user	0m23.425s
sys	0m6.063s
10000+0 records in
10000+0 records out
10485760000 bytes (10 GB) copied, 25.2576 s, 415 MB/s
a02bf4596da9a0c3d2b10ac745b55ccf  -

real	0m25.260s
user	0m23.430s
sys	0m6.057s
10000+0 records in
10000+0 records out
10485760000 bytes (10 GB) copied, 25.2307 s, 416 MB/s
a02bf4596da9a0c3d2b10ac745b55ccf  -

real	0m25.234s
user	0m23.452s
sys	0m5.986s
10000+0 records in
10000+0 records out
10485760000 bytes (10 GB) copied, 25.2629 s, 415 MB/s
a02bf4596da9a0c3d2b10ac745b55ccf  -

real	0m25.266s
user	0m23.409s
sys	0m6.103s
10000+0 records in
10000+0 records out
10485760000 bytes (10 GB) copied, 25.2887 s, 415 MB/s
a02bf4596da9a0c3d2b10ac745b55ccf  -

real	0m25.292s
user	0m23.520s
sys	0m6.065s
10000+0 records in
10000+0 records out
10485760000 bytes (10 GB) copied, 25.2581 s, 415 MB/s
a02bf4596da9a0c3d2b10ac745b55ccf  -

real	0m25.261s
user	0m23.398s
sys	0m6.111s
10000+0 records in
10000+0 records out
10485760000 bytes (10 GB) copied, 25.281 s, 415 MB/s
a02bf4596da9a0c3d2b10ac745b55ccf  -

real	0m25.284s
user	0m23.432s
sys	0m6.119s
10000+0 records in
10000+0 records out
10485760000 bytes (10 GB) copied, 25.2577 s, 415 MB/s
a02bf4596da9a0c3d2b10ac745b55ccf  -

real	0m25.261s
user	0m23.436s
sys	0m6.060s
10000+0 records in
10000+0 records out
10485760000 bytes (10 GB) copied, 25.2638 s, 415 MB/s
a02bf4596da9a0c3d2b10ac745b55ccf  -

real	0m25.267s
user	0m23.346s
sys	0m6.210s
10000+0 records in
10000+0 records out
a02bf4596da9a0c3d2b10ac745b55ccf  -
10485760000 bytes (10 GB) copied, 25.147 s, 417 MB/s

real	0m25.150s
user	0m23.421s
sys	0m5.854s
10000+0 records in
10000+0 records out
10485760000 bytes (10 GB) copied, 25.2495 s, 415 MB/s
a02bf4596da9a0c3d2b10ac745b55ccf  -

real	0m25.253s
user	0m23.356s
sys	0m6.102s
10000+0 records in
10000+0 records out
10485760000 bytes (10 GB) copied, 25.1282 s, 417 MB/s
a02bf4596da9a0c3d2b10ac745b55ccf  -

real	0m25.131s
user	0m23.394s
sys	0m5.812s
10000+0 records in
10000+0 records out
10485760000 bytes (10 GB) copied, 25.194 s, 416 MB/s
a02bf4596da9a0c3d2b10ac745b55ccf  -

real	0m25.197s
user	0m23.336s
sys	0m6.026s
10000+0 records in
10000+0 records out
10485760000 bytes (10 GB) copied, 25.142 s, 417 MB/s
a02bf4596da9a0c3d2b10ac745b55ccf  -

real	0m25.145s
user	0m23.330s
sys	0m5.889s
10000+0 records in
10000+0 records out
10485760000 bytes (10 GB) copied, 25.3089 s, 414 MB/s
a02bf4596da9a0c3d2b10ac745b55ccf  -

real	0m25.312s
user	0m23.433s
sys	0m6.173s
10000+0 records in
10000+0 records out
10485760000 bytes (10 GB) copied, 25.2574 s, 415 MB/s
a02bf4596da9a0c3d2b10ac745b55ccf  -

real	0m25.260s
user	0m23.422s
sys	0m6.084s
10000+0 records in
10000+0 records out
10485760000 bytes (10 GB) copied, 25.2433 s, 415 MB/s
a02bf4596da9a0c3d2b10ac745b55ccf  -

real	0m25.246s
user	0m23.412s
sys	0m6.058s
10000+0 records in
10000+0 records out
10485760000 bytes (10 GB) copied, 25.2406 s, 415 MB/s
a02bf4596da9a0c3d2b10ac745b55ccf  -

real	0m25.243s
user	0m23.376s
sys	0m6.090s
10000+0 records in
10000+0 records out
10485760000 bytes (10 GB) copied, 25.2944 s, 415 MB/s
a02bf4596da9a0c3d2b10ac745b55ccf  -

real	0m25.297s
user	0m23.427s
sys	0m6.142s
10000+0 records in
10000+0 records out
10485760000 bytes (10 GB) copied, 25.229 s, 416 MB/s
a02bf4596da9a0c3d2b10ac745b55ccf  -

real	0m25.232s
user	0m23.470s
sys	0m5.963s
10000+0 records in
10000+0 records out
10485760000 bytes (10 GB) copied, 25.2859 s, 415 MB/s
a02bf4596da9a0c3d2b10ac745b55ccf  -

real	0m25.289s
user	0m23.374s
sys	0m6.215s
10000+0 records in
10000+0 records out
10485760000 bytes (10 GB) copied, 25.2499 s, 415 MB/s
a02bf4596da9a0c3d2b10ac745b55ccf  -

real	0m25.253s
user	0m23.486s
sys	0m5.975s
10000+0 records in
10000+0 records out
10485760000 bytes (10 GB) copied, 25.2434 s, 415 MB/s
a02bf4596da9a0c3d2b10ac745b55ccf  -

real	0m25.246s
user	0m23.480s
sys	0m5.975s
10000+0 records in
10000+0 records out
10485760000 bytes (10 GB) copied, 25.2512 s, 415 MB/s
a02bf4596da9a0c3d2b10ac745b55ccf  -

real	0m25.254s
user	0m23.416s
sys	0m6.064s
10000+0 records in
10000+0 records out
10485760000 bytes (10 GB) copied, 25.2624 s, 415 MB/s
a02bf4596da9a0c3d2b10ac745b55ccf  -

real	0m25.265s
user	0m23.391s
sys	0m6.127s
10000+0 records in
10000+0 records out
10485760000 bytes (10 GB) copied, 25.2286 s, 416 MB/s
a02bf4596da9a0c3d2b10ac745b55ccf  -

real	0m25.232s
user	0m23.366s
sys	0m6.092s
10000+0 records in
10000+0 records out
10485760000 bytes (10 GB) copied, 25.2327 s, 416 MB/s
a02bf4596da9a0c3d2b10ac745b55ccf  -

real	0m25.236s
user	0m23.429s
sys	0m5.989s
10000+0 records in
10000+0 records out
10485760000 bytes (10 GB) copied, 25.227 s, 416 MB/s
a02bf4596da9a0c3d2b10ac745b55ccf  -

real	0m25.230s
user	0m23.347s
sys	0m6.135s
10000+0 records in
10000+0 records out
10485760000 bytes (10 GB) copied, 25.2297 s, 416 MB/s
a02bf4596da9a0c3d2b10ac745b55ccf  -

real	0m25.233s
user	0m23.398s
sys	0m6.034s
