10000+0 records in
10000+0 records out
10485760000 bytes (10 GB) copied, 25.1979 s, 416 MB/s
a02bf4596da9a0c3d2b10ac745b55ccf  -

real	0m25.201s
user	0m23.321s
sys	0m6.043s
10000+0 records in
10000+0 records out
10485760000 bytes (10 GB) copied, 25.1815 s, 416 MB/s
a02bf4596da9a0c3d2b10ac745b55ccf  -

real	0m25.185s
user	0m23.408s
sys	0m5.903s
10000+0 records in
10000+0 records out
10485760000 bytes (10 GB) copieda02bf4596da9a0c3d2b10ac745b55ccf  -
, 25.1121 s, 418 MB/s

real	0m25.115s
user	0m23.350s
sys	0m5.798s
10000+0 records in
10000+0 records out
10485760000 bytes (10 GB) copied, 25.1567 s, 417 MB/s
a02bf4596da9a0c3d2b10ac745b55ccf  -

real	0m25.160s
user	0m23.333s
sys	0m5.922s
10000+0 records in
10000+0 records out
10485760000 bytes (10 GB) copied, 25.1664 s, 417 MB/s
a02bf4596da9a0c3d2b10ac745b55ccf  -

real	0m25.169s
user	0m23.390s
sys	0m5.898s
10000+0 records in
10000+0 records out
a02bf4596da9a0c3d2b10ac745b55ccf  -
10485760000 bytes (10 GB) copied, 25.3016 s, 414 MB/s

real	0m25.305s
user	0m23.391s
sys	0m6.208s
10000+0 records in
10000+0 records out
10485760000 bytes (10 GB) copied, 25.2657 s, 415 MB/s
a02bf4596da9a0c3d2b10ac745b55ccf  -

real	0m25.269s
user	0m23.457s
sys	0m6.040s
10000+0 records in
10000+0 records out
a02bf4596da9a0c3d2b10ac745b55ccf  -
10485760000 bytes (10 GB) copied, 25.2631 s, 415 MB/s

real	0m25.266s
user	0m23.319s
sys	0m6.218s
10000+0 records in
10000+0 records out
10485760000 bytes (10 GB) copied, 25.2769 s, 415 MB/s
a02bf4596da9a0c3d2b10ac745b55ccf  -

real	0m25.280s
user	0m23.417s
sys	0m6.123s
10000+0 records in
10000+0 records out
10485760000 bytes (10 GB) copied, 25.2819 s, 415 MB/s
a02bf4596da9a0c3d2b10ac745b55ccf  -

real	0m25.285s
user	0m23.468s
sys	0m6.084s
10000+0 records in
10000+0 records out
a02bf4596da9a0c3d2b10ac745b55ccf  -
10485760000 bytes (10 GB) copied, 25.2762 s, 415 MB/s

real	0m25.279s
user	0m23.457s
sys	0m6.080s
10000+0 records in
10000+0 records out
a02bf4596da9a0c3d2b10ac745b55ccf  -
10485760000 bytes (10 GB) copied, 25.1717 s, 417 MB/s

real	0m25.178s
user	0m23.350s
sys	0m5.962s
10000+0 records in
10000+0 records out
10485760000 bytes (10 GB) copied, 25.3037 s, 414 MB/s
a02bf4596da9a0c3d2b10ac745b55ccf  -

real	0m25.307s
user	0m23.322s
sys	0m6.281s
10000+0 records in
10000+0 records out
10485760000 bytes (10 GB) copied, 25.3113 s, 414 MB/s
a02bf4596da9a0c3d2b10ac745b55ccf  -

real	0m25.314s
user	0m23.350s
sys	0m6.265s
10000+0 records in
10000+0 records out
10485760000 bytes (10 GB) copied, 25.2927 s, 415 MB/s
a02bf4596da9a0c3d2b10ac745b55ccf  -

real	0m25.296s
user	0m23.363s
sys	0m6.213s
10000+0 records in
10000+0 records out
10485760000 bytes (10 GB) copied, 25.2322 s, 416 MB/s
a02bf4596da9a0c3d2b10ac745b55ccf  -

real	0m25.235s
user	0m23.376s
sys	0m6.060s
10000+0 records in
10000+0 records out
10485760000 bytes (10 GB) copied, 25.2616 s, 415 MB/s
a02bf4596da9a0c3d2b10ac745b55ccf  -

real	0m25.265s
user	0m23.419s
sys	0m6.091s
10000+0 records in
10000+0 records out
10485760000 bytes (10 GB) copied, 25.2637 s, 415 MB/s
a02bf4596da9a0c3d2b10ac745b55ccf  -

real	0m25.267s
user	0m23.460s
sys	0m6.073s
10000+0 records in
10000+0 records out
10485760000 bytes (10 GB) copied, 25.2905 s, 415 MB/s
a02bf4596da9a0c3d2b10ac745b55ccf  -

real	0m25.294s
user	0m23.385s
sys	0m6.176s
10000+0 records in
10000+0 records out
10485760000 bytes (10 GB) copied, 25.2973 s, 415 MB/s
a02bf4596da9a0c3d2b10ac745b55ccf  -

real	0m25.300s
user	0m23.431s
sys	0m6.193s
