500+0 records in
500+0 records out
524288000 bytes (524 MB) copied, 1.27029 s, 413 MB/s
afbad591ee2b70ac94258fbc7fac3bf2  -

real	0m1.273s
user	0m1.189s
sys	0m0.305s
500+0 records in
500+0 records out
524288000 bytes (524 MB) copied, 1.27051 s, 413 MB/s
afbad591ee2b70ac94258fbc7fac3bf2  -

real	0m1.274s
user	0m1.167s
sys	0m0.325s
500+0 records in
500+0 records out
524288000 bytes (524 MB) copiedafbad591ee2b70ac94258fbc7fac3bf2  -
, 1.25846 s, 417 MB/s

real	0m1.262s
user	0m1.153s
sys	0m0.315s
500+0 records in
500+0 records out
524288000 bytes (524 MB) copied, 1.25964 s, 416 MB/s
afbad591ee2b70ac94258fbc7fac3bf2  -

real	0m1.263s
user	0m1.162s
sys	0m0.308s
500+0 records in
500+0 records out
524288000 bytes (524 MB) copied, 1.25829 s, 417 MB/s
afbad591ee2b70ac94258fbc7fac3bf2  -

real	0m1.261s
user	0m1.171s
sys	0m0.296s
500+0 records in
500+0 records out
afbad591ee2b70ac94258fbc7fac3bf2  -
524288000 bytes (524 MB) copied, 1.26058 s, 416 MB/s

real	0m1.264s
user	0m1.167s
sys	0m0.303s
500+0 records in
500+0 records out
524288000 bytes (524 MB) copied, 1.26072 s, 416 MB/s
afbad591ee2b70ac94258fbc7fac3bf2  -

real	0m1.264s
user	0m1.182s
sys	0m0.293s
500+0 records in
500+0 records out
afbad591ee2b70ac94258fbc7fac3bf2  -
524288000 bytes (524 MB) copied, 1.26583 s, 414 MB/s

real	0m1.269s
user	0m1.187s
sys	0m0.295s
500+0 records in
500+0 records out
524288000 bytes (524 MB) copied, 1.26763 s, 414 MB/s
afbad591ee2b70ac94258fbc7fac3bf2  -

real	0m1.270s
user	0m1.160s
sys	0m0.326s
500+0 records in
500+0 records out
524288000 bytes (524 MB) copied, 1.26382 s, 415 MB/s
afbad591ee2b70ac94258fbc7fac3bf2  -

real	0m1.267s
user	0m1.173s
sys	0m0.307s
500+0 records in
500+0 records out
afbad591ee2b70ac94258fbc7fac3bf2  -
524288000 bytes (524 MB) copied, 1.25945 s, 416 MB/s

real	0m1.262s
user	0m1.180s
sys	0m0.290s
500+0 records in
500+0 records out
afbad591ee2b70ac94258fbc7fac3bf2  -
524288000 bytes (524 MB) copied, 1.26728 s, 414 MB/s

real	0m1.270s
user	0m1.162s
sys	0m0.328s
500+0 records in
500+0 records out
524288000 bytes (524 MB) copied, 1.26389 s, 415 MB/s
afbad591ee2b70ac94258fbc7fac3bf2  -

real	0m1.267s
user	0m1.178s
sys	0m0.298s
500+0 records in
500+0 records out
524288000 bytes (524 MB) copied, 1.25787 s, 417 MB/s
afbad591ee2b70ac94258fbc7fac3bf2  -

real	0m1.261s
user	0m1.173s
sys	0m0.294s
500+0 records in
500+0 records out
524288000 bytes (524 MB) copied, 1.2646 s, 415 MB/s
afbad591ee2b70ac94258fbc7fac3bf2  -

real	0m1.267s
user	0m1.166s
sys	0m0.320s
500+0 records in
500+0 records out
524288000 bytes (524 MB) copied, 1.26892 s, 413 MB/s
afbad591ee2b70ac94258fbc7fac3bf2  -

real	0m1.272s
user	0m1.175s
sys	0m0.316s
500+0 records in
500+0 records out
524288000 bytes (524 MB) copied, 1.26559 s, 414 MB/s
afbad591ee2b70ac94258fbc7fac3bf2  -

real	0m1.269s
user	0m1.181s
sys	0m0.301s
500+0 records in
500+0 records out
524288000 bytes (524 MB) copied, 1.26375 s, 415 MB/s
afbad591ee2b70ac94258fbc7fac3bf2  -

real	0m1.267s
user	0m1.181s
sys	0m0.299s
500+0 records in
500+0 records out
524288000 bytes (524 MB) copied, 1.26185 s, 415 MB/s
afbad591ee2b70ac94258fbc7fac3bf2  -

real	0m1.265s
user	0m1.166s
sys	0m0.311s
500+0 records in
500+0 records out
524288000 bytes (524 MB) copied, 1.2608 s, 416 MB/s
afbad591ee2b70ac94258fbc7fac3bf2  -

real	0m1.264s
user	0m1.171s
sys	0m0.304s
