2000+0 records in
2000+0 records out
2097152000 bytes (2.1 GB) copied, 5.04289 s, 416 MB/s
0dd74775419ada42017a0fdf21eccf94  -

real	0m5.046s
user	0m4.680s
sys	0m1.213s
2000+0 records in
2000+0 records out
2097152000 bytes (2.1 GB) copied, 5.04822 s, 415 MB/s
0dd74775419ada42017a0fdf21eccf94  -

real	0m5.051s
user	0m4.681s
sys	0m1.236s
2000+0 records in
2000+0 records out
2097152000 bytes (2.1 GB) copied0dd74775419ada42017a0fdf21eccf94  -
, 5.05666 s, 415 MB/s

real	0m5.060s
user	0m4.686s
sys	0m1.242s
2000+0 records in
2000+0 records out
2097152000 bytes (2.1 GB) copied, 5.05647 s, 415 MB/s
0dd74775419ada42017a0fdf21eccf94  -

real	0m5.059s
user	0m4.663s
sys	0m1.291s
2000+0 records in
2000+0 records out
2097152000 bytes (2.1 GB) copied, 5.04553 s, 416 MB/s
0dd74775419ada42017a0fdf21eccf94  -

real	0m5.048s
user	0m4.655s
sys	0m1.244s
2000+0 records in
2000+0 records out
2097152000 bytes (2.1 GB) copied, 5.04685 s, 416 MB/s
0dd74775419ada42017a0fdf21eccf94  -

real	0m5.049s
user	0m4.692s
sys	0m1.246s
2000+0 records in
2000+0 records out
2097152000 bytes (2.1 GB) copied, 5.03378 s, 417 MB/s
0dd74775419ada42017a0fdf21eccf94  -

real	0m5.037s
user	0m4.673s
sys	0m1.203s
2000+0 records in
2000+0 records out
2097152000 bytes (2.1 GB) copied, 5.03552 s, 416 MB/s
0dd74775419ada42017a0fdf21eccf94  -

real	0m5.038s
user	0m4.711s
sys	0m1.174s
2000+0 records in
2000+0 records out
2097152000 bytes (2.1 GB) copied, 5.29172 s, 396 MB/s
0dd74775419ada42017a0fdf21eccf94  -

real	0m5.295s
user	0m4.655s
sys	0m1.441s
2000+0 records in
2000+0 records out
2097152000 bytes (2.1 GB) copied, 5.04769 s, 415 MB/s
0dd74775419ada42017a0fdf21eccf94  -

real	0m5.050s
user	0m4.681s
sys	0m1.222s
2000+0 records in
2000+0 records out
2097152000 bytes (2.1 GB) copied, 5.1227 s, 409 MB/s
0dd74775419ada42017a0fdf21eccf94  -

real	0m5.125s
user	0m4.693s
sys	0m1.280s
2000+0 records in
2000+0 records out
2097152000 bytes (2.1 GB) copied, 5.05003 s, 415 MB/s
0dd74775419ada42017a0fdf21eccf94  -

real	0m5.053s
user	0m4.656s
sys	0m1.274s
2000+0 records in
2000+0 records out
2097152000 bytes (2.1 GB) copied, 5.02338 s, 417 MB/s
0dd74775419ada42017a0fdf21eccf94  -

real	0m5.026s
user	0m4.717s
sys	0m1.129s
2000+0 records in
2000+0 records out
2097152000 bytes (2.1 GB) copied, 5.05443 s, 415 MB/s
0dd74775419ada42017a0fdf21eccf94  -

real	0m5.057s
user	0m4.686s
sys	0m1.265s
2000+0 records in
2000+0 records out
2097152000 bytes (2.1 GB) copied, 5.2603 s, 399 MB/s
0dd74775419ada42017a0fdf21eccf94  -

real	0m5.263s
user	0m4.695s
sys	0m1.437s
2000+0 records in
2000+0 records out
2097152000 bytes (2.1 GB) copied, 5.05454 s, 415 MB/s
0dd74775419ada42017a0fdf21eccf94  -

real	0m5.057s
user	0m4.662s
sys	0m1.276s
2000+0 records in
2000+0 records out
2097152000 bytes (2.1 GB) copied, 5.04635 s, 416 MB/s
0dd74775419ada42017a0fdf21eccf94  -

real	0m5.049s
user	0m4.703s
sys	0m1.186s
2000+0 records in
2000+0 records out
2097152000 bytes (2.1 GB) copied, 5.04386 s, 416 MB/s
0dd74775419ada42017a0fdf21eccf94  -

real	0m5.047s
user	0m4.674s
sys	0m1.205s
2000+0 records in
2000+0 records out
2097152000 bytes (2.1 GB) copied, 5.04488 s, 416 MB/s
0dd74775419ada42017a0fdf21eccf94  -

real	0m5.048s
user	0m4.695s
sys	0m1.187s
2000+0 records in
2000+0 records out
2097152000 bytes (2.1 GB) copied, 5.05183 s, 415 MB/s
0dd74775419ada42017a0fdf21eccf94  -

real	0m5.055s
user	0m4.725s
sys	0m1.167s
2000+0 records in
2000+0 records out
2097152000 bytes (2.1 GB) copied, 5.0419 s, 416 MB/s
0dd74775419ada42017a0fdf21eccf94  -

real	0m5.044s
user	0m4.690s
sys	0m1.183s
2000+0 records in
2000+0 records out
2097152000 bytes (2.1 GB) copied, 5.02683 s, 417 MB/s
0dd74775419ada42017a0fdf21eccf94  -

real	0m5.030s
user	0m4.723s
sys	0m1.113s
2000+0 records in
2000+0 records out
2097152000 bytes (2.1 GB) copied, 5.04211 s, 416 MB/s
0dd74775419ada42017a0fdf21eccf94  -

real	0m5.045s
user	0m4.691s
sys	0m1.202s
2000+0 records in
2000+0 records out
2097152000 bytes (2.1 GB) copied, 5.04564 s, 416 MB/s
0dd74775419ada42017a0fdf21eccf94  -

real	0m5.049s
user	0m4.679s
sys	0m1.235s
2000+0 records in
2000+0 records out
2097152000 bytes (2.1 GB) copied, 5.04373 s, 416 MB/s
0dd74775419ada42017a0fdf21eccf94  -

real	0m5.047s
user	0m4.696s
sys	0m1.207s
2000+0 records in
2000+0 records out
2097152000 bytes (2.1 GB) copied, 5.04197 s, 416 MB/s
0dd74775419ada42017a0fdf21eccf94  -

real	0m5.045s
user	0m4.658s
sys	0m1.211s
2000+0 records in
2000+0 records out
2097152000 bytes (2.1 GB) copied, 5.06895 s, 414 MB/s
0dd74775419ada42017a0fdf21eccf94  -

real	0m5.072s
user	0m4.663s
sys	0m1.255s
2000+0 records in
2000+0 records out
2097152000 bytes (2.1 GB) copied, 5.33143 s, 393 MB/s
0dd74775419ada42017a0fdf21eccf94  -

real	0m5.334s
user	0m4.709s
sys	0m1.467s
2000+0 records in
2000+0 records out
2097152000 bytes (2.1 GB) copied, 5.04468 s, 416 MB/s
0dd74775419ada42017a0fdf21eccf94  -

real	0m5.048s
user	0m4.689s
sys	0m1.201s
2000+0 records in
2000+0 records out
2097152000 bytes (2.1 GB) copied, 5.13897 s, 408 MB/s
0dd74775419ada42017a0fdf21eccf94  -

real	0m5.142s
user	0m4.659s
sys	0m1.370s
2000+0 records in
2000+0 records out
2097152000 bytes (2.1 GB) copied, 5.03865 s, 416 MB/s
0dd74775419ada42017a0fdf21eccf94  -

real	0m5.041s
user	0m4.695s
sys	0m1.167s
2000+0 records in
2000+0 records out
2097152000 bytes (2.1 GB) copied, 5.34074 s, 393 MB/s
0dd74775419ada42017a0fdf21eccf94  -

real	0m5.344s
user	0m4.707s
sys	0m1.530s
2000+0 records in
2000+0 records out
2097152000 bytes (2.1 GB) copied, 5.04581 s, 416 MB/s
0dd74775419ada42017a0fdf21eccf94  -

real	0m5.049s
user	0m4.664s
sys	0m1.221s
2000+0 records in
2000+0 records out
2097152000 bytes (2.1 GB) copied, 5.04102 s, 416 MB/s
0dd74775419ada42017a0fdf21eccf94  -

real	0m5.044s
user	0m4.693s
sys	0m1.200s
2000+0 records in
2000+0 records out
2097152000 bytes (2.1 GB) copied, 5.04515 s, 416 MB/s
0dd74775419ada42017a0fdf21eccf94  -

real	0m5.048s
user	0m4.726s
sys	0m1.169s
2000+0 records in
2000+0 records out
2097152000 bytes (2.1 GB) copied, 5.06886 s, 414 MB/s
0dd74775419ada42017a0fdf21eccf94  -

real	0m5.072s
user	0m4.693s
sys	0m1.211s
2000+0 records in
2000+0 records out
2097152000 bytes (2.1 GB) copied, 5.0411 s, 416 MB/s
0dd74775419ada42017a0fdf21eccf94  -

real	0m5.044s
user	0m4.666s
sys	0m1.213s
2000+0 records in
2000+0 records out
2097152000 bytes (2.1 GB) copied, 5.04393 s, 416 MB/s
0dd74775419ada42017a0fdf21eccf94  -

real	0m5.047s
user	0m4.725s
sys	0m1.193s
2000+0 records in
2000+0 records out
2097152000 bytes (2.1 GB) copied, 5.04213 s, 416 MB/s
0dd74775419ada42017a0fdf21eccf94  -

real	0m5.046s
user	0m4.665s
sys	0m1.221s
2000+0 records in
2000+0 records out
2097152000 bytes (2.1 GB) copied, 5.03171 s, 417 MB/s
0dd74775419ada42017a0fdf21eccf94  -

real	0m5.035s
user	0m4.673s
sys	0m1.198s
2000+0 records in
2000+0 records out
2097152000 bytes (2.1 GB) copied, 5.05472 s, 415 MB/s
0dd74775419ada42017a0fdf21eccf94  -

real	0m5.057s
user	0m4.675s
sys	0m1.249s
2000+0 records in
2000+0 records out
2097152000 bytes (2.1 GB) copied, 5.03079 s, 417 MB/s
0dd74775419ada42017a0fdf21eccf94  -

real	0m5.034s
user	0m4.669s
sys	0m1.186s
2000+0 records in
2000+0 records out
2097152000 bytes (2.1 GB) copied, 5.02983 s, 417 MB/s
0dd74775419ada42017a0fdf21eccf94  -

real	0m5.033s
user	0m4.677s
sys	0m1.187s
2000+0 records in
2000+0 records out
2097152000 bytes (2.1 GB) copied, 5.04486 s, 416 MB/s
0dd74775419ada42017a0fdf21eccf94  -

real	0m5.048s
user	0m4.667s
sys	0m1.215s
2000+0 records in
2000+0 records out
2097152000 bytes (2.1 GB) copied, 5.04363 s, 416 MB/s
0dd74775419ada42017a0fdf21eccf94  -

real	0m5.047s
user	0m4.678s
sys	0m1.218s
2000+0 records in
2000+0 records out
2097152000 bytes (2.1 GB) copied, 5.03167 s, 417 MB/s
0dd74775419ada42017a0fdf21eccf94  -

real	0m5.035s
user	0m4.699s
sys	0m1.162s
2000+0 records in
2000+0 records out
2097152000 bytes (2.1 GB) copied, 5.11164 s, 410 MB/s
0dd74775419ada42017a0fdf21eccf94  -

real	0m5.115s
user	0m4.680s
sys	0m1.288s
2000+0 records in
2000+0 records out
2097152000 bytes (2.1 GB) copied, 5.11061 s, 410 MB/s
0dd74775419ada42017a0fdf21eccf94  -

real	0m5.114s
user	0m4.681s
sys	0m1.301s
2000+0 records in
2000+0 records out
2097152000 bytes (2.1 GB) copied, 5.03827 s, 416 MB/s
0dd74775419ada42017a0fdf21eccf94  -

real	0m5.042s
user	0m4.700s
sys	0m1.195s
2000+0 records in
2000+0 records out
2097152000 bytes (2.1 GB) copied, 5.02595 s, 417 MB/s
0dd74775419ada42017a0fdf21eccf94  -

real	0m5.029s
user	0m4.670s
sys	0m1.173s
2000+0 records in
2000+0 records out
2097152000 bytes (2.1 GB) copied, 5.04625 s, 416 MB/s
0dd74775419ada42017a0fdf21eccf94  -

real	0m5.049s
user	0m4.657s
sys	0m1.268s
2000+0 records in
2000+0 records out
2097152000 bytes (2.1 GB) copied, 5.04442 s, 416 MB/s
0dd74775419ada42017a0fdf21eccf94  -

real	0m5.047s
user	0m4.653s
sys	0m1.250s
2000+0 records in
2000+0 records out
2097152000 bytes (2.1 GB) copied, 5.07224 s, 413 MB/s
0dd74775419ada42017a0fdf21eccf94  -

real	0m5.075s
user	0m4.620s
sys	0m1.358s
2000+0 records in
2000+0 records out
2097152000 bytes (2.1 GB) copied, 5.10045 s, 411 MB/s
0dd74775419ada42017a0fdf21eccf94  -

real	0m5.103s
user	0m4.680s
sys	0m1.310s
2000+0 records in
2000+0 records out
2097152000 bytes (2.1 GB) copied, 5.01966 s, 418 MB/s
0dd74775419ada42017a0fdf21eccf94  -

real	0m5.023s
user	0m4.715s
sys	0m1.108s
2000+0 records in
2000+0 records out
2097152000 bytes (2.1 GB) copied, 5.02186 s, 418 MB/s
0dd74775419ada42017a0fdf21eccf94  -

real	0m5.025s
user	0m4.676s
sys	0m1.155s
2000+0 records in
2000+0 records out
2097152000 bytes (2.1 GB) copied, 5.03229 s, 417 MB/s
0dd74775419ada42017a0fdf21eccf94  -

real	0m5.035s
user	0m4.666s
sys	0m1.196s
2000+0 records in
2000+0 records out
2097152000 bytes (2.1 GB) copied, 5.06614 s, 414 MB/s
0dd74775419ada42017a0fdf21eccf94  -

real	0m5.069s
user	0m4.663s
sys	0m1.254s
2000+0 records in
2000+0 records out
2097152000 bytes (2.1 GB) copied, 5.02184 s, 418 MB/s
0dd74775419ada42017a0fdf21eccf94  -

real	0m5.025s
user	0m4.679s
sys	0m1.150s
2000+0 records in
2000+0 records out
2097152000 bytes (2.1 GB) copied, 5.02592 s, 417 MB/s
0dd74775419ada42017a0fdf21eccf94  -

real	0m5.029s
user	0m4.676s
sys	0m1.160s
2000+0 records in
2000+0 records out
2097152000 bytes (2.1 GB) copied, 5.02726 s, 417 MB/s
0dd74775419ada42017a0fdf21eccf94  -

real	0m5.030s
user	0m4.668s
sys	0m1.172s
2000+0 records in
2000+0 records out
2097152000 bytes (2.1 GB) copied, 5.06617 s, 414 MB/s
0dd74775419ada42017a0fdf21eccf94  -

real	0m5.069s
user	0m4.709s
sys	0m1.241s
2000+0 records in
2000+0 records out
2097152000 bytes (2.1 GB) copied, 5.07869 s, 413 MB/s
0dd74775419ada42017a0fdf21eccf94  -

real	0m5.082s
user	0m4.662s
sys	0m1.339s
2000+0 records in
2000+0 records out
2097152000 bytes (2.1 GB) copied, 5.05026 s, 415 MB/s
0dd74775419ada42017a0fdf21eccf94  -

real	0m5.053s
user	0m4.701s
sys	0m1.229s
2000+0 records in
2000+0 records out
2097152000 bytes (2.1 GB) copied, 5.0983 s, 411 MB/s
0dd74775419ada42017a0fdf21eccf94  -

real	0m5.101s
user	0m4.682s
sys	0m1.290s
2000+0 records in
2000+0 records out
2097152000 bytes (2.1 GB) copied, 5.04914 s, 415 MB/s
0dd74775419ada42017a0fdf21eccf94  -

real	0m5.052s
user	0m4.665s
sys	0m1.222s
2000+0 records in
2000+0 records out
2097152000 bytes (2.1 GB) copied, 5.01808 s, 418 MB/s
0dd74775419ada42017a0fdf21eccf94  -

real	0m5.021s
user	0m4.684s
sys	0m1.151s
2000+0 records in
2000+0 records out
2097152000 bytes (2.1 GB) copied, 5.03112 s, 417 MB/s
0dd74775419ada42017a0fdf21eccf94  -

real	0m5.034s
user	0m4.688s
sys	0m1.172s
2000+0 records in
2000+0 records out
2097152000 bytes (2.1 GB) copied, 5.03783 s, 416 MB/s
0dd74775419ada42017a0fdf21eccf94  -

real	0m5.041s
user	0m4.700s
sys	0m1.168s
2000+0 records in
2000+0 records out
2097152000 bytes (2.1 GB) copied, 5.03113 s, 417 MB/s
0dd74775419ada42017a0fdf21eccf94  -

real	0m5.034s
user	0m4.681s
sys	0m1.171s
2000+0 records in
2000+0 records out
2097152000 bytes (2.1 GB) copied, 5.03683 s, 416 MB/s
0dd74775419ada42017a0fdf21eccf94  -

real	0m5.040s
user	0m4.696s
sys	0m1.171s
2000+0 records in
2000+0 records out
2097152000 bytes (2.1 GB) copied, 5.03793 s, 416 MB/s
0dd74775419ada42017a0fdf21eccf94  -

real	0m5.041s
user	0m4.692s
sys	0m1.203s
2000+0 records in
2000+0 records out
2097152000 bytes (2.1 GB) copied, 5.06779 s, 414 MB/s
0dd74775419ada42017a0fdf21eccf94  -

real	0m5.071s
user	0m4.712s
sys	0m1.263s
2000+0 records in
2000+0 records out
2097152000 bytes (2.1 GB) copied, 5.04205 s, 416 MB/s
0dd74775419ada42017a0fdf21eccf94  -

real	0m5.045s
user	0m4.666s
sys	0m1.226s
2000+0 records in
2000+0 records out
2097152000 bytes (2.1 GB) copied, 5.03895 s, 416 MB/s
0dd74775419ada42017a0fdf21eccf94  -

real	0m5.042s
user	0m4.707s
sys	0m1.194s
2000+0 records in
2000+0 records out
2097152000 bytes (2.1 GB) copied, 5.03076 s, 417 MB/s
0dd74775419ada42017a0fdf21eccf94  -

real	0m5.033s
user	0m4.688s
sys	0m1.185s
2000+0 records in
2000+0 records out
2097152000 bytes (2.1 GB) copied, 5.02057 s, 418 MB/s
0dd74775419ada42017a0fdf21eccf94  -

real	0m5.023s
user	0m4.694s
sys	0m1.146s
2000+0 records in
2000+0 records out
2097152000 bytes (2.1 GB) copied, 5.03522 s, 416 MB/s
0dd74775419ada42017a0fdf21eccf94  -

real	0m5.039s
user	0m4.685s
sys	0m1.187s
2000+0 records in
2000+0 records out
2097152000 bytes (2.1 GB) copied, 5.04016 s, 416 MB/s
0dd74775419ada42017a0fdf21eccf94  -

real	0m5.043s
user	0m4.691s
sys	0m1.203s
2000+0 records in
2000+0 records out
2097152000 bytes (2.1 GB) copied, 5.03662 s, 416 MB/s
0dd74775419ada42017a0fdf21eccf94  -

real	0m5.040s
user	0m4.686s
sys	0m1.180s
2000+0 records in
2000+0 records out
2097152000 bytes (2.1 GB) copied, 5.11254 s, 410 MB/s
0dd74775419ada42017a0fdf21eccf94  -

real	0m5.115s
user	0m4.648s
sys	0m1.318s
2000+0 records in
2000+0 records out
2097152000 bytes (2.1 GB) copied, 5.03617 s, 416 MB/s
0dd74775419ada42017a0fdf21eccf94  -

real	0m5.039s
user	0m4.663s
sys	0m1.231s
2000+0 records in
2000+0 records out
2097152000 bytes (2.1 GB) copied, 5.04449 s, 416 MB/s
0dd74775419ada42017a0fdf21eccf94  -

real	0m5.047s
user	0m4.680s
sys	0m1.233s
2000+0 records in
2000+0 records out
2097152000 bytes (2.1 GB) copied, 5.0329 s, 417 MB/s
0dd74775419ada42017a0fdf21eccf94  -

real	0m5.036s
user	0m4.690s
sys	0m1.192s
2000+0 records in
2000+0 records out
2097152000 bytes (2.1 GB) copied, 5.03733 s, 416 MB/s
0dd74775419ada42017a0fdf21eccf94  -

real	0m5.040s
user	0m4.678s
sys	0m1.208s
2000+0 records in
2000+0 records out
2097152000 bytes (2.1 GB) copied, 5.11003 s, 410 MB/s
0dd74775419ada42017a0fdf21eccf94  -

real	0m5.113s
user	0m4.636s
sys	0m1.426s
2000+0 records in
2000+0 records out
2097152000 bytes (2.1 GB) copied, 5.0321 s, 417 MB/s
0dd74775419ada42017a0fdf21eccf94  -

real	0m5.036s
user	0m4.682s
sys	0m1.187s
2000+0 records in
2000+0 records out
2097152000 bytes (2.1 GB) copied, 5.0463 s, 416 MB/s
0dd74775419ada42017a0fdf21eccf94  -

real	0m5.049s
user	0m4.674s
sys	0m1.242s
2000+0 records in
2000+0 records out
2097152000 bytes (2.1 GB) copied, 5.03992 s, 416 MB/s
0dd74775419ada42017a0fdf21eccf94  -

real	0m5.043s
user	0m4.667s
sys	0m1.220s
2000+0 records in
2000+0 records out
2097152000 bytes (2.1 GB) copied, 5.049 s, 415 MB/s
0dd74775419ada42017a0fdf21eccf94  -

real	0m5.052s
user	0m4.691s
sys	0m1.215s
2000+0 records in
2000+0 records out
2097152000 bytes (2.1 GB) copied, 5.03557 s, 416 MB/s
0dd74775419ada42017a0fdf21eccf94  -

real	0m5.038s
user	0m4.716s
sys	0m1.162s
2000+0 records in
2000+0 records out
2097152000 bytes (2.1 GB) copied, 5.04135 s, 416 MB/s
0dd74775419ada42017a0fdf21eccf94  -

real	0m5.045s
user	0m4.673s
sys	0m1.230s
2000+0 records in
2000+0 records out
2097152000 bytes (2.1 GB) copied, 5.05106 s, 415 MB/s
0dd74775419ada42017a0fdf21eccf94  -

real	0m5.054s
user	0m4.643s
sys	0m1.246s
2000+0 records in
2000+0 records out
2097152000 bytes (2.1 GB) copied, 5.05121 s, 415 MB/s
0dd74775419ada42017a0fdf21eccf94  -

real	0m5.054s
user	0m4.680s
sys	0m1.226s
2000+0 records in
2000+0 records out
2097152000 bytes (2.1 GB) copied, 5.05654 s, 415 MB/s
0dd74775419ada42017a0fdf21eccf94  -

real	0m5.060s
user	0m4.693s
sys	0m1.293s
2000+0 records in
2000+0 records out
2097152000 bytes (2.1 GB) copied, 5.03535 s, 416 MB/s
0dd74775419ada42017a0fdf21eccf94  -

real	0m5.038s
user	0m4.685s
sys	0m1.194s
2000+0 records in
2000+0 records out
2097152000 bytes (2.1 GB) copied, 5.06747 s, 414 MB/s
0dd74775419ada42017a0fdf21eccf94  -

real	0m5.071s
user	0m4.646s
sys	0m1.270s
2000+0 records in
2000+0 records out
0dd74775419ada42017a0fdf21eccf94  -
2097152000 bytes (2.1 GB) copied, 5.03403 s, 417 MB/s

real	0m5.037s
user	0m4.682s
sys	0m1.197s
2000+0 records in
2000+0 records out
2097152000 bytes (2.1 GB) copied, 5.03739 s, 416 MB/s
0dd74775419ada42017a0fdf21eccf94  -

real	0m5.040s
user	0m4.692s
sys	0m1.207s
2000+0 records in
2000+0 records out
2097152000 bytes (2.1 GB) copied, 5.04212 s, 416 MB/s
0dd74775419ada42017a0fdf21eccf94  -

real	0m5.045s
user	0m4.693s
sys	0m1.184s
2000+0 records in
2000+0 records out
2097152000 bytes (2.1 GB) copied, 5.0363 s, 416 MB/s
0dd74775419ada42017a0fdf21eccf94  -

real	0m5.039s
user	0m4.706s
sys	0m1.174s
2000+0 records in
2000+0 records out
2097152000 bytes (2.1 GB) copied, 5.15223 s, 407 MB/s
0dd74775419ada42017a0fdf21eccf94  -

real	0m5.155s
user	0m4.710s
sys	0m1.324s
2000+0 records in
2000+0 records out
2097152000 bytes (2.1 GB) copied, 5.049 s, 415 MB/s
0dd74775419ada42017a0fdf21eccf94  -

real	0m5.052s
user	0m4.694s
sys	0m1.216s
2000+0 records in
2000+0 records out
2097152000 bytes (2.1 GB) copied, 5.04961 s, 415 MB/s
0dd74775419ada42017a0fdf21eccf94  -

real	0m5.052s
user	0m4.699s
sys	0m1.247s
2000+0 records in
2000+0 records out
2097152000 bytes (2.1 GB) copied, 5.04401 s, 416 MB/s
0dd74775419ada42017a0fdf21eccf94  -

real	0m5.047s
user	0m4.714s
sys	0m1.187s
2000+0 records in
2000+0 records out
2097152000 bytes (2.1 GB) copied, 5.04473 s, 416 MB/s
0dd74775419ada42017a0fdf21eccf94  -

real	0m5.047s
user	0m4.697s
sys	0m1.216s
2000+0 records in
2000+0 records out
2097152000 bytes (2.1 GB) copied, 5.02646 s, 417 MB/s
0dd74775419ada42017a0fdf21eccf94  -

real	0m5.029s
user	0m4.655s
sys	0m1.199s
2000+0 records in
2000+0 records out
2097152000 bytes (2.1 GB) copied, 5.03816 s, 416 MB/s
0dd74775419ada42017a0fdf21eccf94  -

real	0m5.041s
user	0m4.653s
sys	0m1.232s
2000+0 records in
2000+0 records out
2097152000 bytes (2.1 GB) copied, 5.03849 s, 416 MB/s
0dd74775419ada42017a0fdf21eccf94  -

real	0m5.041s
user	0m4.685s
sys	0m1.196s
2000+0 records in
2000+0 records out
2097152000 bytes (2.1 GB) copied, 5.03119 s, 417 MB/s
0dd74775419ada42017a0fdf21eccf94  -

real	0m5.034s
user	0m4.681s
sys	0m1.187s
2000+0 records in
2000+0 records out
2097152000 bytes (2.1 GB) copied, 5.0361 s, 416 MB/s
0dd74775419ada42017a0fdf21eccf94  -

real	0m5.039s
user	0m4.702s
sys	0m1.181s
2000+0 records in
2000+0 records out
2097152000 bytes (2.1 GB) copied, 5.0345 s, 417 MB/s
0dd74775419ada42017a0fdf21eccf94  -

real	0m5.037s
user	0m4.671s
sys	0m1.207s
2000+0 records in
2000+0 records out
2097152000 bytes (2.1 GB) copied, 5.02668 s, 417 MB/s
0dd74775419ada42017a0fdf21eccf94  -

real	0m5.030s
user	0m4.687s
sys	0m1.169s
2000+0 records in
2000+0 records out
2097152000 bytes (2.1 GB) copied, 5.04133 s, 416 MB/s
0dd74775419ada42017a0fdf21eccf94  -

real	0m5.044s
user	0m4.693s
sys	0m1.180s
2000+0 records in
2000+0 records out
2097152000 bytes (2.1 GB) copied, 5.02316 s, 417 MB/s
0dd74775419ada42017a0fdf21eccf94  -

real	0m5.026s
user	0m4.688s
sys	0m1.168s
2000+0 records in
2000+0 records out
2097152000 bytes (2.1 GB) copied, 5.05331 s, 415 MB/s
0dd74775419ada42017a0fdf21eccf94  -

real	0m5.056s
user	0m4.703s
sys	0m1.199s
2000+0 records in
2000+0 records out
2097152000 bytes (2.1 GB) copied, 5.02682 s, 417 MB/s
0dd74775419ada42017a0fdf21eccf94  -

real	0m5.030s
user	0m4.681s
sys	0m1.151s
2000+0 records in
2000+0 records out
2097152000 bytes (2.1 GB) copied, 5.0357 s, 416 MB/s
0dd74775419ada42017a0fdf21eccf94  -

real	0m5.039s
user	0m4.676s
sys	0m1.185s
2000+0 records in
2000+0 records out
2097152000 bytes (2.1 GB) copied, 5.04258 s, 416 MB/s
0dd74775419ada42017a0fdf21eccf94  -

real	0m5.046s
user	0m4.689s
sys	0m1.184s
2000+0 records in
2000+0 records out
2097152000 bytes (2.1 GB) copied, 5.05859 s, 415 MB/s
0dd74775419ada42017a0fdf21eccf94  -

real	0m5.062s
user	0m4.733s
sys	0m1.182s
2000+0 records in
2000+0 records out
2097152000 bytes (2.1 GB) copied, 5.04248 s, 416 MB/s
0dd74775419ada42017a0fdf21eccf94  -

real	0m5.045s
user	0m4.716s
sys	0m1.203s
2000+0 records in
2000+0 records out
2097152000 bytes (2.1 GB) copied, 5.02554 s, 417 MB/s
0dd74775419ada42017a0fdf21eccf94  -

real	0m5.028s
user	0m4.680s
sys	0m1.148s
2000+0 records in
2000+0 records out
2097152000 bytes (2.1 GB) copied, 5.03389 s, 417 MB/s
0dd74775419ada42017a0fdf21eccf94  -

real	0m5.037s
user	0m4.682s
sys	0m1.212s
2000+0 records in
2000+0 records out
2097152000 bytes (2.1 GB) copied, 5.30162 s, 396 MB/s
0dd74775419ada42017a0fdf21eccf94  -

real	0m5.304s
user	0m4.670s
sys	0m1.476s
2000+0 records in
2000+0 records out
2097152000 bytes (2.1 GB) copied, 5.03543 s, 416 MB/s
0dd74775419ada42017a0fdf21eccf94  -

real	0m5.038s
user	0m4.671s
sys	0m1.230s
2000+0 records in
2000+0 records out
2097152000 bytes (2.1 GB) copied, 5.05952 s, 414 MB/s
0dd74775419ada42017a0fdf21eccf94  -

real	0m5.062s
user	0m4.691s
sys	0m1.243s
2000+0 records in
2000+0 records out
2097152000 bytes (2.1 GB) copied, 5.04191 s, 416 MB/s
0dd74775419ada42017a0fdf21eccf94  -

real	0m5.045s
user	0m4.698s
sys	0m1.174s
2000+0 records in
2000+0 records out
2097152000 bytes (2.1 GB) copied, 5.04832 s, 415 MB/s
0dd74775419ada42017a0fdf21eccf94  -

real	0m5.051s
user	0m4.695s
sys	0m1.194s
2000+0 records in
2000+0 records out
2097152000 bytes (2.1 GB) copied, 5.09567 s, 412 MB/s
0dd74775419ada42017a0fdf21eccf94  -

real	0m5.099s
user	0m4.715s
sys	0m1.310s
2000+0 records in
2000+0 records out
2097152000 bytes (2.1 GB) copied, 5.04642 s, 416 MB/s
0dd74775419ada42017a0fdf21eccf94  -

real	0m5.049s
user	0m4.687s
sys	0m1.205s
2000+0 records in
2000+0 records out
2097152000 bytes (2.1 GB) copied, 5.03027 s, 417 MB/s
0dd74775419ada42017a0fdf21eccf94  -

real	0m5.033s
user	0m4.675s
sys	0m1.209s
2000+0 records in
2000+0 records out
2097152000 bytes (2.1 GB) copied, 5.04561 s, 416 MB/s
0dd74775419ada42017a0fdf21eccf94  -

real	0m5.049s
user	0m4.638s
sys	0m1.268s
2000+0 records in
2000+0 records out
2097152000 bytes (2.1 GB) copied, 5.0214 s, 418 MB/s
0dd74775419ada42017a0fdf21eccf94  -

real	0m5.024s
user	0m4.692s
sys	0m1.125s
2000+0 records in
2000+0 records out
2097152000 bytes (2.1 GB) copied, 5.03543 s, 416 MB/s
0dd74775419ada42017a0fdf21eccf94  -

real	0m5.038s
user	0m4.695s
sys	0m1.163s
2000+0 records in
2000+0 records out
2097152000 bytes (2.1 GB) copied, 5.31904 s, 394 MB/s
0dd74775419ada42017a0fdf21eccf94  -

real	0m5.322s
user	0m4.688s
sys	0m1.503s
2000+0 records in
2000+0 records out
2097152000 bytes (2.1 GB) copied, 5.03593 s, 416 MB/s
0dd74775419ada42017a0fdf21eccf94  -

real	0m5.039s
user	0m4.662s
sys	0m1.197s
2000+0 records in
2000+0 records out
2097152000 bytes (2.1 GB) copied, 5.19277 s, 404 MB/s
0dd74775419ada42017a0fdf21eccf94  -

real	0m5.196s
user	0m4.677s
sys	0m1.360s
2000+0 records in
2000+0 records out
2097152000 bytes (2.1 GB) copied, 5.05507 s, 415 MB/s
0dd74775419ada42017a0fdf21eccf94  -

real	0m5.058s
user	0m4.674s
sys	0m1.217s
2000+0 records in
2000+0 records out
2097152000 bytes (2.1 GB) copied, 5.04553 s, 416 MB/s
0dd74775419ada42017a0fdf21eccf94  -

real	0m5.048s
user	0m4.686s
sys	0m1.200s
2000+0 records in
2000+0 records out
2097152000 bytes (2.1 GB) copied, 5.03875 s, 416 MB/s
0dd74775419ada42017a0fdf21eccf94  -

real	0m5.042s
user	0m4.660s
sys	0m1.213s
2000+0 records in
2000+0 records out
2097152000 bytes (2.1 GB) copied, 5.01948 s, 418 MB/s
0dd74775419ada42017a0fdf21eccf94  -

real	0m5.022s
user	0m4.689s
sys	0m1.153s
2000+0 records in
2000+0 records out
2097152000 bytes (2.1 GB) copied, 5.03466 s, 417 MB/s
0dd74775419ada42017a0fdf21eccf94  -

real	0m5.038s
user	0m4.723s
sys	0m1.139s
2000+0 records in
2000+0 records out
2097152000 bytes (2.1 GB) copied, 5.03973 s, 416 MB/s
0dd74775419ada42017a0fdf21eccf94  -

real	0m5.043s
user	0m4.685s
sys	0m1.206s
2000+0 records in
2000+0 records out
2097152000 bytes (2.1 GB) copied, 5.02356 s, 417 MB/s
0dd74775419ada42017a0fdf21eccf94  -

real	0m5.027s
user	0m4.667s
sys	0m1.188s
2000+0 records in
2000+0 records out
2097152000 bytes (2.1 GB) copied, 5.06843 s, 414 MB/s
0dd74775419ada42017a0fdf21eccf94  -

real	0m5.071s
user	0m4.689s
sys	0m1.242s
2000+0 records in
2000+0 records out
2097152000 bytes (2.1 GB) copied, 5.02882 s, 417 MB/s
0dd74775419ada42017a0fdf21eccf94  -

real	0m5.032s
user	0m4.682s
sys	0m1.175s
2000+0 records in
2000+0 records out
2097152000 bytes (2.1 GB) copied, 5.0369 s, 416 MB/s
0dd74775419ada42017a0fdf21eccf94  -

real	0m5.040s
user	0m4.687s
sys	0m1.194s
2000+0 records in
2000+0 records out
2097152000 bytes (2.1 GB) copied, 5.05148 s, 415 MB/s
0dd74775419ada42017a0fdf21eccf94  -

real	0m5.055s
user	0m4.691s
sys	0m1.229s
2000+0 records in
2000+0 records out
2097152000 bytes (2.1 GB) copied, 5.05213 s, 415 MB/s
0dd74775419ada42017a0fdf21eccf94  -

real	0m5.055s
user	0m4.690s
sys	0m1.221s
2000+0 records in
2000+0 records out
2097152000 bytes (2.1 GB) copied, 5.03148 s, 417 MB/s
0dd74775419ada42017a0fdf21eccf94  -

real	0m5.034s
user	0m4.702s
sys	0m1.149s
2000+0 records in
2000+0 records out
2097152000 bytes (2.1 GB) copied, 5.1101 s, 410 MB/s
0dd74775419ada42017a0fdf21eccf94  -

real	0m5.113s
user	0m4.705s
sys	0m1.290s
2000+0 records in
2000+0 records out
2097152000 bytes (2.1 GB) copied, 5.03169 s, 417 MB/s
0dd74775419ada42017a0fdf21eccf94  -

real	0m5.035s
user	0m4.663s
sys	0m1.192s
2000+0 records in
2000+0 records out
2097152000 bytes (2.1 GB) copied, 5.03607 s, 416 MB/s
0dd74775419ada42017a0fdf21eccf94  -

real	0m5.039s
user	0m4.692s
sys	0m1.178s
2000+0 records in
2000+0 records out
2097152000 bytes (2.1 GB) copied, 5.10638 s, 411 MB/s
0dd74775419ada42017a0fdf21eccf94  -

real	0m5.110s
user	0m4.692s
sys	0m1.341s
2000+0 records in
2000+0 records out
2097152000 bytes (2.1 GB) copied, 5.04843 s, 415 MB/s
0dd74775419ada42017a0fdf21eccf94  -

real	0m5.052s
user	0m4.678s
sys	0m1.205s
2000+0 records in
2000+0 records out
2097152000 bytes (2.1 GB) copied, 5.05355 s, 415 MB/s
0dd74775419ada42017a0fdf21eccf94  -

real	0m5.057s
user	0m4.703s
sys	0m1.226s
2000+0 records in
2000+0 records out
2097152000 bytes (2.1 GB) copied, 5.04626 s, 416 MB/s
0dd74775419ada42017a0fdf21eccf94  -

real	0m5.049s
user	0m4.692s
sys	0m1.215s
2000+0 records in
2000+0 records out
2097152000 bytes (2.1 GB) copied, 5.03335 s, 417 MB/s
0dd74775419ada42017a0fdf21eccf94  -

real	0m5.037s
user	0m4.672s
sys	0m1.184s
2000+0 records in
2000+0 records out
2097152000 bytes (2.1 GB) copied, 5.04802 s, 415 MB/s
0dd74775419ada42017a0fdf21eccf94  -

real	0m5.051s
user	0m4.703s
sys	0m1.185s
2000+0 records in
2000+0 records out
2097152000 bytes (2.1 GB) copied, 5.07723 s, 413 MB/s
0dd74775419ada42017a0fdf21eccf94  -

real	0m5.080s
user	0m4.676s
sys	0m1.284s
2000+0 records in
2000+0 records out
2097152000 bytes (2.1 GB) copied, 5.05504 s, 415 MB/s
0dd74775419ada42017a0fdf21eccf94  -

real	0m5.058s
user	0m4.709s
sys	0m1.226s
2000+0 records in
2000+0 records out
2097152000 bytes (2.1 GB) copied, 5.06636 s, 414 MB/s
0dd74775419ada42017a0fdf21eccf94  -

real	0m5.069s
user	0m4.720s
sys	0m1.237s
2000+0 records in
2000+0 records out
2097152000 bytes (2.1 GB) copied, 5.02136 s, 418 MB/s
0dd74775419ada42017a0fdf21eccf94  -

real	0m5.024s
user	0m4.675s
sys	0m1.145s
2000+0 records in
2000+0 records out
2097152000 bytes (2.1 GB) copied, 5.05395 s, 415 MB/s
0dd74775419ada42017a0fdf21eccf94  -

real	0m5.057s
user	0m4.698s
sys	0m1.185s
2000+0 records in
2000+0 records out
2097152000 bytes (2.1 GB) copied, 5.06754 s, 414 MB/s
0dd74775419ada42017a0fdf21eccf94  -

real	0m5.071s
user	0m4.716s
sys	0m1.216s
2000+0 records in
2000+0 records out
2097152000 bytes (2.1 GB) copied, 5.02839 s, 417 MB/s
0dd74775419ada42017a0fdf21eccf94  -

real	0m5.031s
user	0m4.648s
sys	0m1.210s
2000+0 records in
2000+0 records out
2097152000 bytes (2.1 GB) copied, 5.02346 s, 417 MB/s
0dd74775419ada42017a0fdf21eccf94  -

real	0m5.027s
user	0m4.686s
sys	0m1.148s
2000+0 records in
2000+0 records out
2097152000 bytes (2.1 GB) copied, 5.06003 s, 414 MB/s
0dd74775419ada42017a0fdf21eccf94  -

real	0m5.063s
user	0m4.660s
sys	0m1.274s
2000+0 records in
2000+0 records out
2097152000 bytes (2.1 GB) copied, 5.0411 s, 416 MB/s
0dd74775419ada42017a0fdf21eccf94  -

real	0m5.044s
user	0m4.719s
sys	0m1.165s
2000+0 records in
2000+0 records out
2097152000 bytes (2.1 GB) copied, 5.04124 s, 416 MB/s
0dd74775419ada42017a0fdf21eccf94  -

real	0m5.044s
user	0m4.679s
sys	0m1.222s
2000+0 records in
2000+0 records out
2097152000 bytes (2.1 GB) copied, 5.06862 s, 414 MB/s
0dd74775419ada42017a0fdf21eccf94  -

real	0m5.072s
user	0m4.696s
sys	0m1.288s
2000+0 records in
2000+0 records out
2097152000 bytes (2.1 GB) copied, 5.06035 s, 414 MB/s
0dd74775419ada42017a0fdf21eccf94  -

real	0m5.063s
user	0m4.692s
sys	0m1.244s
2000+0 records in
2000+0 records out
2097152000 bytes (2.1 GB) copied, 5.06766 s, 414 MB/s
0dd74775419ada42017a0fdf21eccf94  -

real	0m5.071s
user	0m4.676s
sys	0m1.298s
2000+0 records in
2000+0 records out
2097152000 bytes (2.1 GB) copied, 5.02632 s, 417 MB/s
0dd74775419ada42017a0fdf21eccf94  -

real	0m5.030s
user	0m4.695s
sys	0m1.154s
2000+0 records in
2000+0 records out
2097152000 bytes (2.1 GB) copied, 5.07127 s, 414 MB/s
0dd74775419ada42017a0fdf21eccf94  -

real	0m5.074s
user	0m4.691s
sys	0m1.238s
2000+0 records in
2000+0 records out
2097152000 bytes (2.1 GB) copied, 5.03379 s, 417 MB/s
0dd74775419ada42017a0fdf21eccf94  -

real	0m5.037s
user	0m4.683s
sys	0m1.195s
2000+0 records in
2000+0 records out
2097152000 bytes (2.1 GB) copied, 5.06461 s, 414 MB/s
0dd74775419ada42017a0fdf21eccf94  -

real	0m5.067s
user	0m4.686s
sys	0m1.247s
2000+0 records in
2000+0 records out
2097152000 bytes (2.1 GB) copied, 5.04564 s, 416 MB/s
0dd74775419ada42017a0fdf21eccf94  -

real	0m5.049s
user	0m4.646s
sys	0m1.245s
2000+0 records in
2000+0 records out
2097152000 bytes (2.1 GB) copied, 5.05353 s, 415 MB/s
0dd74775419ada42017a0fdf21eccf94  -

real	0m5.057s
user	0m4.679s
sys	0m1.243s
2000+0 records in
2000+0 records out
2097152000 bytes (2.1 GB) copied, 5.10214 s, 411 MB/s
0dd74775419ada42017a0fdf21eccf94  -

real	0m5.105s
user	0m4.673s
sys	0m1.355s
2000+0 records in
2000+0 records out
2097152000 bytes (2.1 GB) copied, 5.03966 s, 416 MB/s
0dd74775419ada42017a0fdf21eccf94  -

real	0m5.042s
user	0m4.681s
sys	0m1.195s
2000+0 records in
2000+0 records out
2097152000 bytes (2.1 GB) copied, 5.04683 s, 416 MB/s
0dd74775419ada42017a0fdf21eccf94  -

real	0m5.050s
user	0m4.674s
sys	0m1.227s
2000+0 records in
2000+0 records out
2097152000 bytes (2.1 GB) copied, 5.03147 s, 417 MB/s
0dd74775419ada42017a0fdf21eccf94  -

real	0m5.034s
user	0m4.685s
sys	0m1.160s
2000+0 records in
2000+0 records out
2097152000 bytes (2.1 GB) copied, 5.03219 s, 417 MB/s
0dd74775419ada42017a0fdf21eccf94  -

real	0m5.035s
user	0m4.691s
sys	0m1.188s
2000+0 records in
2000+0 records out
2097152000 bytes (2.1 GB) copied, 5.03288 s, 417 MB/s
0dd74775419ada42017a0fdf21eccf94  -

real	0m5.036s
user	0m4.682s
sys	0m1.198s
2000+0 records in
2000+0 records out
2097152000 bytes (2.1 GB) copied, 5.04594 s, 416 MB/s
0dd74775419ada42017a0fdf21eccf94  -

real	0m5.049s
user	0m4.692s
sys	0m1.199s
2000+0 records in
2000+0 records out
2097152000 bytes (2.1 GB) copied, 5.04366 s, 416 MB/s
0dd74775419ada42017a0fdf21eccf94  -

real	0m5.047s
user	0m4.678s
sys	0m1.219s
2000+0 records in
2000+0 records out
2097152000 bytes (2.1 GB) copied, 5.11451 s, 410 MB/s
0dd74775419ada42017a0fdf21eccf94  -

real	0m5.118s
user	0m4.699s
sys	0m1.304s
2000+0 records in
2000+0 records out
2097152000 bytes (2.1 GB) copied, 5.04605 s, 416 MB/s
0dd74775419ada42017a0fdf21eccf94  -

real	0m5.049s
user	0m4.669s
sys	0m1.228s
2000+0 records in
2000+0 records out
2097152000 bytes (2.1 GB) copied, 5.08268 s, 413 MB/s
0dd74775419ada42017a0fdf21eccf94  -

real	0m5.086s
user	0m4.707s
sys	0m1.234s
2000+0 records in
2000+0 records out
2097152000 bytes (2.1 GB) copied, 5.02391 s, 417 MB/s
0dd74775419ada42017a0fdf21eccf94  -

real	0m5.027s
user	0m4.681s
sys	0m1.170s
2000+0 records in
2000+0 records out
2097152000 bytes (2.1 GB) copied, 5.02824 s, 417 MB/s
0dd74775419ada42017a0fdf21eccf94  -

real	0m5.031s
user	0m4.691s
sys	0m1.177s
2000+0 records in
2000+0 records out
2097152000 bytes (2.1 GB) copied, 5.09794 s, 411 MB/s
0dd74775419ada42017a0fdf21eccf94  -

real	0m5.101s
user	0m4.610s
sys	0m1.503s
2000+0 records in
2000+0 records out
2097152000 bytes (2.1 GB) copied, 5.03071 s, 417 MB/s
0dd74775419ada42017a0fdf21eccf94  -

real	0m5.034s
user	0m4.724s
sys	0m1.125s
2000+0 records in
2000+0 records out
0dd74775419ada42017a0fdf21eccf94  -
2097152000 bytes (2.1 GB) copied, 5.05645 s, 415 MB/s

real	0m5.059s
user	0m4.705s
sys	0m1.210s
2000+0 records in
2000+0 records out
2097152000 bytes (2.1 GB) copied, 5.03973 s, 416 MB/s
0dd74775419ada42017a0fdf21eccf94  -

real	0m5.043s
user	0m4.679s
sys	0m1.213s
2000+0 records in
2000+0 records out
2097152000 bytes (2.1 GB) copied, 5.06852 s, 414 MB/s
0dd74775419ada42017a0fdf21eccf94  -

real	0m5.071s
user	0m4.701s
sys	0m1.234s
2000+0 records in
2000+0 records out
2097152000 bytes (2.1 GB) copied, 5.03104 s, 417 MB/s
0dd74775419ada42017a0fdf21eccf94  -

real	0m5.034s
user	0m4.705s
sys	0m1.150s
2000+0 records in
2000+0 records out
2097152000 bytes (2.1 GB) copied, 5.09106 s, 412 MB/s
0dd74775419ada42017a0fdf21eccf94  -

real	0m5.094s
user	0m4.664s
sys	0m1.260s
2000+0 records in
2000+0 records out
2097152000 bytes (2.1 GB) copied, 5.05481 s, 415 MB/s
0dd74775419ada42017a0fdf21eccf94  -

real	0m5.058s
user	0m4.661s
sys	0m1.257s
