10000+0 records in
10000+0 records out
10485760000 bytes (10 GB) copied, 25.2172 s, 416 MB/s
a02bf4596da9a0c3d2b10ac745b55ccf  -

real	0m25.220s
user	0m23.409s
sys	0m6.284s
10000+0 records in
10000+0 records out
10485760000 bytes (10 GB) copied, 25.1643 s, 417 MB/s
a02bf4596da9a0c3d2b10ac745b55ccf  -

real	0m25.167s
user	0m23.379s
sys	0m5.975s
10000+0 records in
10000+0 records out
a02bf4596da9a0c3d2b10ac745b55ccf  -
10485760000 bytes (10 GB) copied, 25.1644 s, 417 MB/s

real	0m25.167s
user	0m23.416s
sys	0m5.948s
10000+0 records in
10000+0 records out
10485760000 bytes (10 GB) copied, 25.2869 s, 415 MB/s
a02bf4596da9a0c3d2b10ac745b55ccf  -

real	0m25.290s
user	0m23.336s
sys	0m6.394s
10000+0 records in
10000+0 records out
10485760000 bytes (10 GB) copied, 25.2213 s, 416 MB/s
a02bf4596da9a0c3d2b10ac745b55ccf  -

real	0m25.224s
user	0m23.431s
sys	0m5.981s
10000+0 records in
10000+0 records out
10485760000 bytes (10 GB) copied, 25.1768 s, 416 MB/s
a02bf4596da9a0c3d2b10ac745b55ccf  -

real	0m25.180s
user	0m23.328s
sys	0m6.080s
10000+0 records in
10000+0 records out
10485760000 bytes (10 GB) copied, 25.2147 s, 416 MB/s
a02bf4596da9a0c3d2b10ac745b55ccf  -

real	0m25.217s
user	0m23.381s
sys	0m6.126s
10000+0 records in
10000+0 records out
10485760000 bytes (10 GB) copied, 25.1989 s, 416 MB/s
a02bf4596da9a0c3d2b10ac745b55ccf  -

real	0m25.202s
user	0m23.306s
sys	0m6.112s
10000+0 records in
10000+0 records out
10485760000 bytes (10 GB) copied, 25.2029 s, 416 MB/s
a02bf4596da9a0c3d2b10ac745b55ccf  -

real	0m25.206s
user	0m23.345s
sys	0m5.985s
10000+0 records in
10000+0 records out
10485760000 bytes (10 GB) copied, 26.3193 s, 398 MB/s
a02bf4596da9a0c3d2b10ac745b55ccf  -

real	0m26.322s
user	0m23.452s
sys	0m7.065s
10000+0 records in
10000+0 records out
10485760000 bytes (10 GB) copied, 25.2298 s, 416 MB/s
a02bf4596da9a0c3d2b10ac745b55ccf  -

real	0m25.233s
user	0m23.453s
sys	0m5.983s
10000+0 records in
10000+0 records out
10485760000 bytes (10 GB) copied, 26.6717 s, 393 MB/s
a02bf4596da9a0c3d2b10ac745b55ccf  -

real	0m26.675s
user	0m23.381s
sys	0m7.713s
10000+0 records in
10000+0 records out
10485760000 bytes (10 GB) copied, 25.1613 s, 417 MB/s
a02bf4596da9a0c3d2b10ac745b55ccf  -

real	0m25.164s
user	0m23.402s
sys	0m6.050s
10000+0 records in
10000+0 records out
10485760000 bytes (10 GB) copied, 25.1647 s, 417 MB/s
a02bf4596da9a0c3d2b10ac745b55ccf  -

real	0m25.168s
user	0m23.342s
sys	0m5.937s
10000+0 records in
10000+0 records out
10485760000 bytes (10 GB) copied, 25.2006 s, 416 MB/s
a02bf4596da9a0c3d2b10ac745b55ccf  -

real	0m25.204s
user	0m23.427s
sys	0m5.983s
10000+0 records in
10000+0 records out
10485760000 bytes (10 GB) copied, 25.1765 s, 416 MB/s
a02bf4596da9a0c3d2b10ac745b55ccf  -

real	0m25.180s
user	0m23.388s
sys	0m5.920s
10000+0 records in
10000+0 records out
10485760000 bytes (10 GB) copied, 25.1981 s, 416 MB/s
a02bf4596da9a0c3d2b10ac745b55ccf  -

real	0m25.201s
user	0m23.488s
sys	0m5.886s
10000+0 records in
10000+0 records out
10485760000 bytes (10 GB) copied, 25.1811 s, 416 MB/s
a02bf4596da9a0c3d2b10ac745b55ccf  -

real	0m25.184s
user	0m23.453s
sys	0m5.843s
10000+0 records in
10000+0 records out
10485760000 bytes (10 GB) copied, 26.4613 s, 396 MB/s
a02bf4596da9a0c3d2b10ac745b55ccf  -

real	0m26.464s
user	0m23.362s
sys	0m7.323s
10000+0 records in
10000+0 records out
10485760000 bytes (10 GB) copied, 25.2713 s, 415 MB/s
a02bf4596da9a0c3d2b10ac745b55ccf  -

real	0m25.275s
user	0m23.394s
sys	0m6.217s
10000+0 records in
10000+0 records out
10485760000 bytes (10 GB) copied, 26.6382 s, 394 MB/s
a02bf4596da9a0c3d2b10ac745b55ccf  -

real	0m26.641s
user	0m23.467s
sys	0m7.408s
10000+0 records in
10000+0 records out
10485760000 bytes (10 GB) copied, 25.1765 s, 416 MB/s
a02bf4596da9a0c3d2b10ac745b55ccf  -

real	0m25.179s
user	0m23.413s
sys	0m5.965s
10000+0 records in
10000+0 records out
10485760000 bytes (10 GB) copied, 25.1549 s, 417 MB/s
a02bf4596da9a0c3d2b10ac745b55ccf  -

real	0m25.158s
user	0m23.411s
sys	0m5.916s
10000+0 records in
10000+0 records out
10485760000 bytes (10 GB) copied, 25.2119 s, 416 MB/s
a02bf4596da9a0c3d2b10ac745b55ccf  -

real	0m25.215s
user	0m23.502s
sys	0m5.934s
10000+0 records in
10000+0 records out
10485760000 bytes (10 GB) copied, 25.227 s, 416 MB/s
a02bf4596da9a0c3d2b10ac745b55ccf  -

real	0m25.230s
user	0m23.526s
sys	0m5.839s
10000+0 records in
10000+0 records out
10485760000 bytes (10 GB) copied, 25.2346 s, 416 MB/s
a02bf4596da9a0c3d2b10ac745b55ccf  -

real	0m25.238s
user	0m23.366s
sys	0m5.969s
10000+0 records in
10000+0 records out
10485760000 bytes (10 GB) copied, 26.4785 s, 396 MB/s
a02bf4596da9a0c3d2b10ac745b55ccf  -

real	0m26.481s
user	0m23.499s
sys	0m7.262s
10000+0 records in
10000+0 records out
10485760000 bytes (10 GB) copied, 25.1641 s, 417 MB/s
a02bf4596da9a0c3d2b10ac745b55ccf  -

real	0m25.167s
user	0m23.365s
sys	0m6.008s
10000+0 records in
10000+0 records out
10485760000 bytes (10 GB) copied, 25.1991 s, 416 MB/s
a02bf4596da9a0c3d2b10ac745b55ccf  -

real	0m25.202s
user	0m23.406s
sys	0m5.941s
10000+0 records in
10000+0 records out
10485760000 bytes (10 GB) copied, 25.192 s, 416 MB/s
a02bf4596da9a0c3d2b10ac745b55ccf  -

real	0m25.195s
user	0m23.385s
sys	0m5.938s
10000+0 records in
10000+0 records out
10485760000 bytes (10 GB) copied, 25.2664 s, 415 MB/s
a02bf4596da9a0c3d2b10ac745b55ccf  -

real	0m25.269s
user	0m23.407s
sys	0m6.027s
10000+0 records in
10000+0 records out
10485760000 bytes (10 GB) copied, 25.205 s, 416 MB/s
a02bf4596da9a0c3d2b10ac745b55ccf  -

real	0m25.208s
user	0m23.501s
sys	0m5.976s
10000+0 records in
10000+0 records out
10485760000 bytes (10 GB) copied, 25.2105 s, 416 MB/s
a02bf4596da9a0c3d2b10ac745b55ccf  -

real	0m25.213s
user	0m23.409s
sys	0m5.928s
10000+0 records in
10000+0 records out
10485760000 bytes (10 GB) copied, 25.1809 s, 416 MB/s
a02bf4596da9a0c3d2b10ac745b55ccf  -

real	0m25.185s
user	0m23.422s
sys	0m5.879s
10000+0 records in
10000+0 records out
10485760000 bytes (10 GB) copied, 25.2178 s, 416 MB/s
a02bf4596da9a0c3d2b10ac745b55ccf  -

real	0m25.221s
user	0m23.400s
sys	0m5.967s
10000+0 records in
10000+0 records out
10485760000 bytes (10 GB) copied, 25.1631 s, 417 MB/s
a02bf4596da9a0c3d2b10ac745b55ccf  -

real	0m25.166s
user	0m23.424s
sys	0m5.885s
10000+0 records in
10000+0 records out
10485760000 bytes (10 GB) copied, 25.1988 s, 416 MB/s
a02bf4596da9a0c3d2b10ac745b55ccf  -

real	0m25.202s
user	0m23.353s
sys	0m6.026s
10000+0 records in
10000+0 records out
10485760000 bytes (10 GB) copied, 25.1794 s, 416 MB/s
a02bf4596da9a0c3d2b10ac745b55ccf  -

real	0m25.182s
user	0m23.364s
sys	0m6.013s
10000+0 records in
10000+0 records out
10485760000 bytes (10 GB) copied, 25.198 s, 416 MB/s
a02bf4596da9a0c3d2b10ac745b55ccf  -

real	0m25.201s
user	0m23.469s
sys	0m5.859s
10000+0 records in
10000+0 records out
10485760000 bytes (10 GB) copied, 25.2318 s, 416 MB/s
a02bf4596da9a0c3d2b10ac745b55ccf  -

real	0m25.235s
user	0m23.392s
sys	0m6.058s
