10000+0 records in
10000+0 records out
a02bf4596da9a0c3d2b10ac745b55ccf  -
10485760000 bytes (10 GB) copied, 25.2381 s, 415 MB/s

real	0m25.241s
user	0m23.459s
sys	0m5.892s
10000+0 records in
10000+0 records out
10485760000 bytes (10 GB) copied, 25.1804 s, 416 MB/s
a02bf4596da9a0c3d2b10ac745b55ccf  -

real	0m25.204s
user	0m23.303s
sys	0m5.851s
10000+0 records in
10000+0 records out
a02bf4596da9a0c3d2b10ac745b55ccf  -
10485760000 bytes (10 GB) copied, 25.2141 s, 416 MB/s

real	0m25.217s
user	0m23.430s
sys	0m5.907s
10000+0 records in
10000+0 records out
10485760000 bytes (10 GB) copied, 25.2269 s, 416 MB/s
a02bf4596da9a0c3d2b10ac745b55ccf  -

real	0m25.249s
user	0m23.364s
sys	0m5.971s
10000+0 records in
10000+0 records out
10485760000 bytes (10 GB) copied, 25.1648 s, 417 MB/s
a02bf4596da9a0c3d2b10ac745b55ccf  -

real	0m25.167s
user	0m23.391s
sys	0m5.796s
10000+0 records in
10000+0 records out
10485760000 bytes (10 GB) copied, 25.3594 s, 413 MB/s
a02bf4596da9a0c3d2b10ac745b55ccf  -

real	0m25.377s
user	0m23.331s
sys	0m6.040s
10000+0 records in
10000+0 records out
10485760000 bytes (10 GB) copied, 25.2589 s, 415 MB/s
a02bf4596da9a0c3d2b10ac745b55ccf  -

real	0m25.262s
user	0m23.399s
sys	0m5.854s
10000+0 records in
10000+0 records out
10485760000 bytes (10 GB) copied, 25.3319 s, 414 MB/s
a02bf4596da9a0c3d2b10ac745b55ccf  -

real	0m25.356s
user	0m23.383s
sys	0m6.069s
10000+0 records in
10000+0 records out
10485760000 bytes (10 GB) copied, 25.6222 s, 409 MB/s
a02bf4596da9a0c3d2b10ac745b55ccf  -

real	0m25.625s
user	0m23.415s
sys	0m6.232s
10000+0 records in
10000+0 records out
10485760000 bytes (10 GB) copied, 25.1871 s, 416 MB/s
a02bf4596da9a0c3d2b10ac745b55ccf  -

real	0m25.208s
user	0m23.383s
sys	0m5.979s
10000+0 records in
10000+0 records out
10485760000 bytes (10 GB) copied, 25.1851 s, 416 MB/s
a02bf4596da9a0c3d2b10ac745b55ccf  -

real	0m25.188s
user	0m23.335s
sys	0m5.913s
10000+0 records in
10000+0 records out
10485760000 bytes (10 GB) copied, 25.1937 s, 416 MB/s
a02bf4596da9a0c3d2b10ac745b55ccf  -

real	0m25.213s
user	0m23.533s
sys	0m5.827s
10000+0 records in
10000+0 records out
10485760000 bytes (10 GB) copied, 25.3422 s, 414 MB/s
a02bf4596da9a0c3d2b10ac745b55ccf  -

real	0m25.345s
user	0m23.404s
sys	0m6.156s
10000+0 records in
10000+0 records out
10485760000 bytes (10 GB) copied, 25.1886 s, 416 MB/s
a02bf4596da9a0c3d2b10ac745b55ccf  -

real	0m25.203s
user	0m23.369s
sys	0m5.827s
10000+0 records in
10000+0 records out
10485760000 bytes (10 GB) copied, 25.1964 s, 416 MB/s
a02bf4596da9a0c3d2b10ac745b55ccf  -

real	0m25.199s
user	0m23.447s
sys	0m5.916s
10000+0 records in
10000+0 records out
10485760000 bytes (10 GB) copied, 25.3345 s, 414 MB/s
a02bf4596da9a0c3d2b10ac745b55ccf  -

real	0m25.350s
user	0m23.287s
sys	0m6.326s
10000+0 records in
10000+0 records out
10485760000 bytes (10 GB) copied, 25.1947 s, 416 MB/s
a02bf4596da9a0c3d2b10ac745b55ccf  -

real	0m25.198s
user	0m23.365s
sys	0m5.883s
10000+0 records in
10000+0 records out
10485760000 bytes (10 GB) copied, 25.1923 s, 416 MB/s
a02bf4596da9a0c3d2b10ac745b55ccf  -

real	0m25.206s
user	0m23.376s
sys	0m5.868s
10000+0 records in
10000+0 records out
10485760000 bytes (10 GB) copied, 25.174 s, 417 MB/s
a02bf4596da9a0c3d2b10ac745b55ccf  -

real	0m25.177s
user	0m23.434s
sys	0m5.909s
10000+0 records in
10000+0 records out
10485760000 bytes (10 GB) copied, 25.1671 s, 417 MB/s
a02bf4596da9a0c3d2b10ac745b55ccf  -

real	0m25.185s
user	0m23.359s
sys	0m5.888s
10000+0 records in
10000+0 records out
10485760000 bytes (10 GB) copied, 25.2267 s, 416 MB/s
a02bf4596da9a0c3d2b10ac745b55ccf  -

real	0m25.229s
user	0m23.377s
sys	0m5.935s
10000+0 records in
10000+0 records out
10485760000 bytes (10 GB) copied, 25.1799 s, 416 MB/s
a02bf4596da9a0c3d2b10ac745b55ccf  -

real	0m25.214s
user	0m23.374s
sys	0m5.966s
10000+0 records in
10000+0 records out
10485760000 bytes (10 GB) copied, 25.1891 s, 416 MB/s
a02bf4596da9a0c3d2b10ac745b55ccf  -

real	0m25.194s
user	0m23.429s
sys	0m5.906s
10000+0 records in
10000+0 records out
10485760000 bytes (10 GB) copied, 25.1732 s, 417 MB/s
a02bf4596da9a0c3d2b10ac745b55ccf  -

real	0m25.189s
user	0m23.406s
sys	0m5.803s
10000+0 records in
10000+0 records out
10485760000 bytes (10 GB) copied, 25.1801 s, 416 MB/s
a02bf4596da9a0c3d2b10ac745b55ccf  -

real	0m25.183s
user	0m23.377s
sys	0m5.972s
10000+0 records in
10000+0 records out
10485760000 bytes (10 GB) copied, 25.1872 s, 416 MB/s
a02bf4596da9a0c3d2b10ac745b55ccf  -

real	0m25.215s
user	0m23.406s
sys	0m5.946s
10000+0 records in
10000+0 records out
10485760000 bytes (10 GB) copied, 25.2186 s, 416 MB/s
a02bf4596da9a0c3d2b10ac745b55ccf  -

real	0m25.221s
user	0m23.384s
sys	0m6.136s
10000+0 records in
10000+0 records out
10485760000 bytes (10 GB) copied, 25.208 s, 416 MB/s
a02bf4596da9a0c3d2b10ac745b55ccf  -

real	0m25.223s
user	0m23.381s
sys	0m6.056s
10000+0 records in
10000+0 records out
10485760000 bytes (10 GB) copied, 25.2014 s, 416 MB/s
a02bf4596da9a0c3d2b10ac745b55ccf  -

real	0m25.204s
user	0m23.372s
sys	0m6.034s
10000+0 records in
10000+0 records out
10485760000 bytes (10 GB) copied, 25.1791 s, 416 MB/s
a02bf4596da9a0c3d2b10ac745b55ccf  -

real	0m25.195s
user	0m23.397s
sys	0m5.756s
10000+0 records in
10000+0 records out
10485760000 bytes (10 GB) copied, 25.1888 s, 416 MB/s
a02bf4596da9a0c3d2b10ac745b55ccf  -

real	0m25.191s
user	0m23.372s
sys	0m5.948s
10000+0 records in
10000+0 records out
10485760000 bytes (10 GB) copied, 25.56 s, 410 MB/s
a02bf4596da9a0c3d2b10ac745b55ccf  -

real	0m25.580s
user	0m23.388s
sys	0m6.396s
10000+0 records in
10000+0 records out
10485760000 bytes (10 GB) copied, 25.1863 s, 416 MB/s
a02bf4596da9a0c3d2b10ac745b55ccf  -

real	0m25.191s
user	0m23.437s
sys	0m5.727s
10000+0 records in
10000+0 records out
10485760000 bytes (10 GB) copied, 25.1908 s, 416 MB/s
a02bf4596da9a0c3d2b10ac745b55ccf  -

real	0m25.218s
user	0m23.363s
sys	0m5.907s
10000+0 records in
10000+0 records out
10485760000 bytes (10 GB) copied, 25.3515 s, 414 MB/s
a02bf4596da9a0c3d2b10ac745b55ccf  -

real	0m25.354s
user	0m23.363s
sys	0m6.256s
10000+0 records in
10000+0 records out
10485760000 bytes (10 GB) copied, 25.1916 s, 416 MB/s
a02bf4596da9a0c3d2b10ac745b55ccf  -

real	0m25.216s
user	0m23.420s
sys	0m5.965s
10000+0 records in
10000+0 records out
10485760000 bytes (10 GB) copied, 25.1845 s, 416 MB/s
a02bf4596da9a0c3d2b10ac745b55ccf  -

real	0m25.187s
user	0m23.364s
sys	0m6.002s
10000+0 records in
10000+0 records out
10485760000 bytes (10 GB) copied, 25.1811 s, 416 MB/s
a02bf4596da9a0c3d2b10ac745b55ccf  -

real	0m25.205s
user	0m23.438s
sys	0m5.821s
10000+0 records in
10000+0 records out
10485760000 bytes (10 GB) copied, 25.6319 s, 409 MB/s
a02bf4596da9a0c3d2b10ac745b55ccf  -

real	0m25.635s
user	0m23.415s
sys	0m6.400s
10000+0 records in
10000+0 records out
10485760000 bytes (10 GB) copied, 25.1699 s, 417 MB/s
a02bf4596da9a0c3d2b10ac745b55ccf  -

real	0m25.199s
user	0m23.361s
sys	0m5.837s
10000+0 records in
10000+0 records out
10485760000 bytes (10 GB) copied, 25.6593 s, 409 MB/s
a02bf4596da9a0c3d2b10ac745b55ccf  -

real	0m25.662s
user	0m23.301s
sys	0m6.113s
10000+0 records in
10000+0 records out
10485760000 bytes (10 GB) copied, 25.1913 s, 416 MB/s
a02bf4596da9a0c3d2b10ac745b55ccf  -

real	0m25.211s
user	0m23.451s
sys	0m5.916s
10000+0 records in
10000+0 records out
10485760000 bytes (10 GB) copied, 25.4604 s, 412 MB/s
a02bf4596da9a0c3d2b10ac745b55ccf  -

real	0m25.463s
user	0m23.409s
sys	0m6.377s
10000+0 records in
10000+0 records out
10485760000 bytes (10 GB) copied, 25.1774 s, 416 MB/s
a02bf4596da9a0c3d2b10ac745b55ccf  -

real	0m25.202s
user	0m23.433s
sys	0m5.943s
10000+0 records in
10000+0 records out
10485760000 bytes (10 GB) copied, 25.1708 s, 417 MB/s
a02bf4596da9a0c3d2b10ac745b55ccf  -

real	0m25.174s
user	0m23.383s
sys	0m5.887s
10000+0 records in
10000+0 records out
10485760000 bytes (10 GB) copied, 25.1747 s, 417 MB/s
a02bf4596da9a0c3d2b10ac745b55ccf  -

real	0m25.197s
user	0m23.406s
sys	0m5.947s
10000+0 records in
10000+0 records out
10485760000 bytes (10 GB) copied, 25.1755 s, 417 MB/s
a02bf4596da9a0c3d2b10ac745b55ccf  -

real	0m25.178s
user	0m23.391s
sys	0m5.885s
10000+0 records in
10000+0 records out
10485760000 bytes (10 GB) copieda02bf4596da9a0c3d2b10ac745b55ccf  -
, 25.1966 s, 416 MB/s

real	0m25.211s
user	0m23.449s
sys	0m5.935s
10000+0 records in
10000+0 records out
10485760000 bytes (10 GB) copied, 25.1955 s, 416 MB/s
a02bf4596da9a0c3d2b10ac745b55ccf  -

real	0m25.198s
user	0m23.437s
sys	0m5.924s
10000+0 records in
10000+0 records out
10485760000 bytes (10 GB) copied, 25.2023 s, 416 MB/s
a02bf4596da9a0c3d2b10ac745b55ccf  -

real	0m25.220s
user	0m23.402s
sys	0m5.985s
10000+0 records in
10000+0 records out
10485760000 bytes (10 GB) copied, 25.2437 s, 415 MB/s
a02bf4596da9a0c3d2b10ac745b55ccf  -

real	0m25.246s
user	0m23.372s
sys	0m5.993s
10000+0 records in
10000+0 records out
10485760000 bytes (10 GB) copied, 25.2945 s, 415 MB/s
a02bf4596da9a0c3d2b10ac745b55ccf  -

real	0m25.316s
user	0m23.321s
sys	0m6.192s
10000+0 records in
10000+0 records out
10485760000 bytes (10 GB) copied, 25.1615 s, 417 MB/s
a02bf4596da9a0c3d2b10ac745b55ccf  -

real	0m25.164s
user	0m23.263s
sys	0m5.846s
10000+0 records in
10000+0 records out
10485760000 bytes (10 GB) copied, 26.096 s, 402 MB/s
a02bf4596da9a0c3d2b10ac745b55ccf  -

real	0m26.121s
user	0m23.414s
sys	0m6.613s
10000+0 records in
10000+0 records out
10485760000 bytes (10 GB) copied, 25.2035 s, 416 MB/s
a02bf4596da9a0c3d2b10ac745b55ccf  -

real	0m25.206s
user	0m23.424s
sys	0m6.028s
10000+0 records in
10000+0 records out
10485760000 bytes (10 GB) copied, 25.2049 s, 416 MB/s
a02bf4596da9a0c3d2b10ac745b55ccf  -

real	0m25.235s
user	0m23.386s
sys	0m6.019s
10000+0 records in
10000+0 records out
10485760000 bytes (10 GB) copied, 25.2003 s, 416 MB/s
a02bf4596da9a0c3d2b10ac745b55ccf  -

real	0m25.203s
user	0m23.465s
sys	0m5.899s
10000+0 records in
10000+0 records out
10485760000 bytes (10 GB) copied, 25.3593 s, 413 MB/s
a02bf4596da9a0c3d2b10ac745b55ccf  -

real	0m25.380s
user	0m23.430s
sys	0m6.014s
10000+0 records in
10000+0 records out
10485760000 bytes (10 GB) copied, 26.7286 s, 392 MB/s
a02bf4596da9a0c3d2b10ac745b55ccf  -

real	0m26.731s
user	0m23.450s
sys	0m7.355s
10000+0 records in
10000+0 records out
10485760000 bytes (10 GB) copied, 25.2136 s, 416 MB/s
a02bf4596da9a0c3d2b10ac745b55ccf  -

real	0m25.235s
user	0m23.359s
sys	0m5.865s
10000+0 records in
10000+0 records out
10485760000 bytes (10 GB) copied, 25.2932 s, 415 MB/s
a02bf4596da9a0c3d2b10ac745b55ccf  -

real	0m25.296s
user	0m23.331s
sys	0m6.000s
10000+0 records in
10000+0 records out
10485760000 bytes (10 GB) copied, 25.6082 s, 409 MB/s
a02bf4596da9a0c3d2b10ac745b55ccf  -

real	0m25.632s
user	0m23.333s
sys	0m6.393s
10000+0 records in
10000+0 records out
10485760000 bytes (10 GB) copied, 25.4869 s, 411 MB/s
a02bf4596da9a0c3d2b10ac745b55ccf  -

real	0m25.490s
user	0m23.360s
sys	0m6.199s
10000+0 records in
10000+0 records out
10485760000 bytes (10 GB) copied, 25.2148 s, 416 MB/s
a02bf4596da9a0c3d2b10ac745b55ccf  -

real	0m25.237s
user	0m23.436s
sys	0m5.833s
10000+0 records in
10000+0 records out
10485760000 bytes (10 GB) copied, 25.2262 s, 416 MB/s
a02bf4596da9a0c3d2b10ac745b55ccf  -

real	0m25.229s
user	0m23.474s
sys	0m5.873s
10000+0 records in
10000+0 records out
10485760000 bytes (10 GB) copied, 25.1944 s, 416 MB/s
a02bf4596da9a0c3d2b10ac745b55ccf  -

real	0m25.212s
user	0m23.325s
sys	0m5.887s
10000+0 records in
10000+0 records out
10485760000 bytes (10 GB) copied, 25.2669 s, 415 MB/s
a02bf4596da9a0c3d2b10ac745b55ccf  -

real	0m25.269s
user	0m23.301s
sys	0m6.066s
10000+0 records in
10000+0 records out
10485760000 bytes (10 GB) copied, 25.277 s, 415 MB/s
a02bf4596da9a0c3d2b10ac745b55ccf  -

real	0m25.300s
user	0m23.404s
sys	0m5.952s
10000+0 records in
10000+0 records out
10485760000 bytes (10 GB) copied, 25.3132 s, 414 MB/s
a02bf4596da9a0c3d2b10ac745b55ccf  -

real	0m25.316s
user	0m23.393s
sys	0m6.042s
10000+0 records in
10000+0 records out
10485760000 bytes (10 GB) copied, 26.2145 s, 400 MB/s
a02bf4596da9a0c3d2b10ac745b55ccf  -

real	0m26.234s
user	0m23.506s
sys	0m6.729s
10000+0 records in
10000+0 records out
10485760000 bytes (10 GB) copied, 25.6041 s, 410 MB/s
a02bf4596da9a0c3d2b10ac745b55ccf  -

real	0m25.607s
user	0m23.323s
sys	0m6.337s
10000+0 records in
10000+0 records out
10485760000 bytes (10 GB) copied, 25.2083 s, 416 MB/s
a02bf4596da9a0c3d2b10ac745b55ccf  -

real	0m25.233s
user	0m23.404s
sys	0m6.057s
10000+0 records in
10000+0 records out
10485760000 bytes (10 GB) copied, 25.184 s, 416 MB/s
a02bf4596da9a0c3d2b10ac745b55ccf  -

real	0m25.187s
user	0m23.449s
sys	0m5.907s
10000+0 records in
10000+0 records out
10485760000 bytes (10 GB) copied, 25.2008 s, 416 MB/s
a02bf4596da9a0c3d2b10ac745b55ccf  -

real	0m25.226s
user	0m23.387s
sys	0m5.976s
10000+0 records in
10000+0 records out
10485760000 bytes (10 GB) copied, 25.7852 s, 407 MB/s
a02bf4596da9a0c3d2b10ac745b55ccf  -

real	0m25.788s
user	0m23.310s
sys	0m6.490s
10000+0 records in
10000+0 records out
10485760000 bytes (10 GB) copied, 25.2603 s, 415 MB/s
a02bf4596da9a0c3d2b10ac745b55ccf  -

real	0m25.281s
user	0m23.345s
sys	0m6.122s
10000+0 records in
10000+0 records out
10485760000 bytes (10 GB) copied, 25.1976 s, 416 MB/s
a02bf4596da9a0c3d2b10ac745b55ccf  -

real	0m25.200s
user	0m23.394s
sys	0m5.958s
10000+0 records in
10000+0 records out
10485760000 bytes (10 GB) copied, 25.1818 s, 416 MB/s
a02bf4596da9a0c3d2b10ac745b55ccf  -

real	0m25.200s
user	0m23.432s
sys	0m5.930s
10000+0 records in
10000+0 records out
10485760000 bytes (10 GB) copied, 25.2169 s, 416 MB/s
a02bf4596da9a0c3d2b10ac745b55ccf  -

real	0m25.220s
user	0m23.405s
sys	0m5.930s
10000+0 records in
10000+0 records out
10485760000 bytes (10 GB) copied, 25.1843 s, 416 MB/s
a02bf4596da9a0c3d2b10ac745b55ccf  -

real	0m25.206s
user	0m23.396s
sys	0m6.016s
10000+0 records in
10000+0 records out
10485760000 bytes (10 GB) copied, 25.4704 s, 412 MB/s
a02bf4596da9a0c3d2b10ac745b55ccf  -

real	0m25.473s
user	0m23.387s
sys	0m6.005s
10000+0 records in
10000+0 records out
10485760000 bytes (10 GB) copied, 25.1782 s, 416 MB/s
a02bf4596da9a0c3d2b10ac745b55ccf  -

real	0m25.199s
user	0m23.401s
sys	0m5.884s
10000+0 records in
10000+0 records out
10485760000 bytes (10 GB) copied, 25.1851 s, 416 MB/s
a02bf4596da9a0c3d2b10ac745b55ccf  -

real	0m25.188s
user	0m23.418s
sys	0m5.742s
10000+0 records in
10000+0 records out
10485760000 bytes (10 GB) copied, 25.1832 s, 416 MB/s
a02bf4596da9a0c3d2b10ac745b55ccf  -

real	0m25.202s
user	0m23.420s
sys	0m5.967s
10000+0 records in
10000+0 records out
10485760000 bytes (10 GB) copied, 25.177 s, 416 MB/s
a02bf4596da9a0c3d2b10ac745b55ccf  -

real	0m25.180s
user	0m23.372s
sys	0m5.910s
10000+0 records in
10000+0 records out
10485760000 bytes (10 GB) copied, 25.1892 s, 416 MB/s
a02bf4596da9a0c3d2b10ac745b55ccf  -

real	0m25.206s
user	0m23.396s
sys	0m5.796s
10000+0 records in
10000+0 records out
10485760000 bytes (10 GB) copied, 25.1877 s, 416 MB/s
a02bf4596da9a0c3d2b10ac745b55ccf  -

real	0m25.191s
user	0m23.438s
sys	0m5.939s
10000+0 records in
10000+0 records out
10485760000 bytes (10 GB) copied, 25.2029 s, 416 MB/s
a02bf4596da9a0c3d2b10ac745b55ccf  -

real	0m25.218s
user	0m23.395s
sys	0m5.971s
10000+0 records in
10000+0 records out
10485760000 bytes (10 GB) copied, 25.1755 s, 417 MB/s
a02bf4596da9a0c3d2b10ac745b55ccf  -

real	0m25.178s
user	0m23.400s
sys	0m5.932s
10000+0 records in
10000+0 records out
10485760000 bytes (10 GB) copied, 25.1808 s, 416 MB/s
a02bf4596da9a0c3d2b10ac745b55ccf  -

real	0m25.194s
user	0m23.439s
sys	0m5.714s
10000+0 records in
10000+0 records out
10485760000 bytes (10 GB) copied, 25.188 s, 416 MB/s
a02bf4596da9a0c3d2b10ac745b55ccf  -

real	0m25.193s
user	0m23.361s
sys	0m5.975s
10000+0 records in
10000+0 records out
10485760000 bytes (10 GB) copied, 25.2754 s, 415 MB/s
a02bf4596da9a0c3d2b10ac745b55ccf  -

real	0m25.288s
user	0m23.386s
sys	0m5.947s
10000+0 records in
10000+0 records out
10485760000 bytes (10 GB) copied, 25.1738 s, 417 MB/s
a02bf4596da9a0c3d2b10ac745b55ccf  -

real	0m25.177s
user	0m23.392s
sys	0m5.941s
10000+0 records in
10000+0 records out
10485760000 bytes (10 GB) copied, 25.1734 s, 417 MB/s
a02bf4596da9a0c3d2b10ac745b55ccf  -

real	0m25.192s
user	0m23.446s
sys	0m5.687s
10000+0 records in
10000+0 records out
10485760000 bytes (10 GB) copied, 25.2035 s, 416 MB/s
a02bf4596da9a0c3d2b10ac745b55ccf  -

real	0m25.206s
user	0m23.400s
sys	0m6.088s
10000+0 records in
10000+0 records out
a02bf4596da9a0c3d2b10ac745b55ccf  -
10485760000 bytes (10 GB) copied, 25.2007 s, 416 MB/s

real	0m25.206s
user	0m23.437s
sys	0m5.924s
10000+0 records in
10000+0 records out
10485760000 bytes (10 GB) copied, 25.1851 s, 416 MB/s
a02bf4596da9a0c3d2b10ac745b55ccf  -

real	0m25.190s
user	0m23.255s
sys	0m6.011s
10000+0 records in
10000+0 records out
10485760000 bytes (10 GB) copied, 25.1723 s, 417 MB/s
a02bf4596da9a0c3d2b10ac745b55ccf  -

real	0m25.186s
user	0m23.461s
sys	0m5.883s
10000+0 records in
10000+0 records out
10485760000 bytes (10 GB) copied, 25.17 s, 417 MB/s
a02bf4596da9a0c3d2b10ac745b55ccf  -

real	0m25.173s
user	0m23.448s
sys	0m5.745s
10000+0 records in
10000+0 records out
10485760000 bytes (10 GB) copied, 25.1794 s, 416 MB/s
a02bf4596da9a0c3d2b10ac745b55ccf  -

real	0m25.196s
user	0m23.413s
sys	0m5.961s
