10000+0 records in
10000+0 records out
a02bf4596da9a0c3d2b10ac745b55ccf  -
10485760000 bytes (10 GB) copied, 25.2265 s, 416 MB/s

real	0m25.229s
user	0m23.379s
sys	0m5.686s
10000+0 records in
10000+0 records out
10485760000 bytes (10 GB) copied, 25.1801 s, 416 MB/s
a02bf4596da9a0c3d2b10ac745b55ccf  -

real	0m25.183s
user	0m23.390s
sys	0m5.928s
10000+0 records in
10000+0 records out
a02bf4596da9a0c3d2b10ac745b55ccf  -
10485760000 bytes (10 GB) copied, 25.1885 s, 416 MB/s

real	0m25.191s
user	0m23.289s
sys	0m5.782s
10000+0 records in
10000+0 records out
10485760000 bytes (10 GB) copied, 25.1995 s, 416 MB/s
a02bf4596da9a0c3d2b10ac745b55ccf  -

real	0m25.202s
user	0m23.351s
sys	0m6.034s
10000+0 records in
10000+0 records out
10485760000 bytes (10 GB) copied, 25.1586 s, 417 MB/s
a02bf4596da9a0c3d2b10ac745b55ccf  -

real	0m25.161s
user	0m23.382s
sys	0m5.881s
10000+0 records in
10000+0 records out
10485760000 bytes (10 GB) copied, 25.1717 s, 417 MB/s
a02bf4596da9a0c3d2b10ac745b55ccf  -

real	0m25.174s
user	0m23.256s
sys	0m5.780s
10000+0 records in
10000+0 records out
10485760000 bytes (10 GB) copied, 25.1673 s, 417 MB/s
a02bf4596da9a0c3d2b10ac745b55ccf  -

real	0m25.170s
user	0m23.376s
sys	0m5.884s
10000+0 records in
10000+0 records out
10485760000 bytes (10 GB) copied, 25.2493 s, 415 MB/s
a02bf4596da9a0c3d2b10ac745b55ccf  -

real	0m25.252s
user	0m23.382s
sys	0m5.955s
10000+0 records in
10000+0 records out
10485760000 bytes (10 GB) copied, 25.1893 s, 416 MB/s
a02bf4596da9a0c3d2b10ac745b55ccf  -

real	0m25.192s
user	0m23.388s
sys	0m5.901s
10000+0 records in
10000+0 records out
10485760000 bytes (10 GB) copied, 25.2038 s, 416 MB/s
a02bf4596da9a0c3d2b10ac745b55ccf  -

real	0m25.207s
user	0m23.396s
sys	0m5.822s
10000+0 records in
10000+0 records out
10485760000 bytes (10 GB) copied, 25.1704 s, 417 MB/s
a02bf4596da9a0c3d2b10ac745b55ccf  -

real	0m25.173s
user	0m23.381s
sys	0m5.702s
10000+0 records in
10000+0 records out
10485760000 bytes (10 GB) copied, 25.4557 s, 412 MB/s
a02bf4596da9a0c3d2b10ac745b55ccf  -

real	0m25.458s
user	0m23.385s
sys	0m5.941s
10000+0 records in
10000+0 records out
10485760000 bytes (10 GB) copied, 25.1743 s, 417 MB/s
a02bf4596da9a0c3d2b10ac745b55ccf  -

real	0m25.177s
user	0m23.358s
sys	0m5.788s
10000+0 records in
10000+0 records out
10485760000 bytes (10 GB) copied, 25.1759 s, 416 MB/s
a02bf4596da9a0c3d2b10ac745b55ccf  -

real	0m25.178s
user	0m23.443s
sys	0m5.892s
10000+0 records in
10000+0 records out
10485760000 bytes (10 GB) copied, 25.168 s, 417 MB/s
a02bf4596da9a0c3d2b10ac745b55ccf  -

real	0m25.171s
user	0m23.415s
sys	0m5.655s
10000+0 records in
10000+0 records out
10485760000 bytes (10 GB) copied, 25.1866 s, 416 MB/s
a02bf4596da9a0c3d2b10ac745b55ccf  -

real	0m25.189s
user	0m23.452s
sys	0m5.970s
10000+0 records in
10000+0 records out
10485760000 bytes (10 GB) copied, 25.176 s, 416 MB/s
a02bf4596da9a0c3d2b10ac745b55ccf  -

real	0m25.179s
user	0m23.368s
sys	0m5.802s
10000+0 records in
10000+0 records out
10485760000 bytes (10 GB) copied, 25.1606 s, 417 MB/s
a02bf4596da9a0c3d2b10ac745b55ccf  -

real	0m25.163s
user	0m23.329s
sys	0m5.705s
10000+0 records in
10000+0 records out
10485760000 bytes (10 GB) copied, 25.1735 s, 417 MB/s
a02bf4596da9a0c3d2b10ac745b55ccf  -

real	0m25.176s
user	0m23.394s
sys	0m5.699s
10000+0 records in
10000+0 records out
10485760000 bytes (10 GB) copied, 25.1815 s, 416 MB/s
a02bf4596da9a0c3d2b10ac745b55ccf  -

real	0m25.184s
user	0m23.410s
sys	0m5.965s
10000+0 records in
10000+0 records out
10485760000 bytes (10 GB) copied, 25.2718 s, 415 MB/s
a02bf4596da9a0c3d2b10ac745b55ccf  -

real	0m25.275s
user	0m23.279s
sys	0m5.753s
10000+0 records in
10000+0 records out
10485760000 bytes (10 GB) copied, 25.1803 s, 416 MB/s
a02bf4596da9a0c3d2b10ac745b55ccf  -

real	0m25.183s
user	0m23.397s
sys	0m5.855s
10000+0 records in
10000+0 records out
10485760000 bytes (10 GB) copied, 25.1867 s, 416 MB/s
a02bf4596da9a0c3d2b10ac745b55ccf  -

real	0m25.190s
user	0m23.388s
sys	0m5.851s
10000+0 records in
10000+0 records out
10485760000 bytes (10 GB) copied, 25.1918 s, 416 MB/s
a02bf4596da9a0c3d2b10ac745b55ccf  -

real	0m25.195s
user	0m23.326s
sys	0m5.753s
10000+0 records in
10000+0 records out
10485760000 bytes (10 GB) copied, 25.1795 s, 416 MB/s
a02bf4596da9a0c3d2b10ac745b55ccf  -

real	0m25.182s
user	0m23.389s
sys	0m5.859s
10000+0 records in
10000+0 records out
10485760000 bytes (10 GB) copied, 25.1777 s, 416 MB/s
a02bf4596da9a0c3d2b10ac745b55ccf  -

real	0m25.180s
user	0m23.302s
sys	0m5.924s
10000+0 records in
10000+0 records out
10485760000 bytes (10 GB) copied, 25.1933 s, 416 MB/s
a02bf4596da9a0c3d2b10ac745b55ccf  -

real	0m25.196s
user	0m23.379s
sys	0m5.900s
10000+0 records in
10000+0 records out
10485760000 bytes (10 GB) copied, 25.2301 s, 416 MB/s
a02bf4596da9a0c3d2b10ac745b55ccf  -

real	0m25.233s
user	0m23.379s
sys	0m6.006s
10000+0 records in
10000+0 records out
10485760000 bytes (10 GB) copied, 25.1666 s, 417 MB/s
a02bf4596da9a0c3d2b10ac745b55ccf  -

real	0m25.169s
user	0m23.317s
sys	0m5.733s
10000+0 records in
10000+0 records out
10485760000 bytes (10 GB) copied, 25.1913 s, 416 MB/s
a02bf4596da9a0c3d2b10ac745b55ccf  -

real	0m25.194s
user	0m23.369s
sys	0m5.843s
10000+0 records in
10000+0 records out
10485760000 bytes (10 GB) copied, 25.1684 s, 417 MB/s
a02bf4596da9a0c3d2b10ac745b55ccf  -

real	0m25.171s
user	0m23.395s
sys	0m5.953s
10000+0 records in
10000+0 records out
10485760000 bytes (10 GB) copied, 25.1866 s, 416 MB/s
a02bf4596da9a0c3d2b10ac745b55ccf  -

real	0m25.189s
user	0m23.391s
sys	0m5.902s
10000+0 records in
10000+0 records out
10485760000 bytes (10 GB) copied, 25.1789 s, 416 MB/s
a02bf4596da9a0c3d2b10ac745b55ccf  -

real	0m25.181s
user	0m23.357s
sys	0m5.861s
10000+0 records in
10000+0 records out
10485760000 bytes (10 GB) copied, 25.1833 s, 416 MB/s
a02bf4596da9a0c3d2b10ac745b55ccf  -

real	0m25.186s
user	0m23.308s
sys	0m5.791s
10000+0 records in
10000+0 records out
10485760000 bytes (10 GB) copied, 25.187 s, 416 MB/s
a02bf4596da9a0c3d2b10ac745b55ccf  -

real	0m25.192s
user	0m23.314s
sys	0m5.781s
10000+0 records in
10000+0 records out
10485760000 bytes (10 GB) copied, 25.1751 s, 417 MB/s
a02bf4596da9a0c3d2b10ac745b55ccf  -

real	0m25.178s
user	0m23.322s
sys	0m5.830s
10000+0 records in
10000+0 records out
10485760000 bytes (10 GB) copied, 25.1638 s, 417 MB/s
a02bf4596da9a0c3d2b10ac745b55ccf  -

real	0m25.166s
user	0m23.341s
sys	0m5.820s
10000+0 records in
10000+0 records out
10485760000 bytes (10 GB) copied, 25.1848 s, 416 MB/s
a02bf4596da9a0c3d2b10ac745b55ccf  -

real	0m25.188s
user	0m23.334s
sys	0m6.059s
10000+0 records in
10000+0 records out
10485760000 bytes (10 GB) copied, 25.1826 s, 416 MB/s
a02bf4596da9a0c3d2b10ac745b55ccf  -

real	0m25.185s
user	0m23.345s
sys	0m5.793s
10000+0 records in
10000+0 records out
10485760000 bytes (10 GB) copied, 25.1658 s, 417 MB/s
a02bf4596da9a0c3d2b10ac745b55ccf  -

real	0m25.168s
user	0m23.431s
sys	0m5.955s
10000+0 records in
10000+0 records out
10485760000 bytes (10 GB) copied, 25.1869 s, 416 MB/s
a02bf4596da9a0c3d2b10ac745b55ccf  -

real	0m25.190s
user	0m23.314s
sys	0m5.862s
10000+0 records in
10000+0 records out
10485760000 bytes (10 GB) copied, 25.1506 s, 417 MB/s
a02bf4596da9a0c3d2b10ac745b55ccf  -

real	0m25.153s
user	0m23.342s
sys	0m5.678s
10000+0 records in
10000+0 records out
10485760000 bytes (10 GB) copied, 25.1709 s, 417 MB/s
a02bf4596da9a0c3d2b10ac745b55ccf  -

real	0m25.174s
user	0m23.387s
sys	0m5.913s
10000+0 records in
10000+0 records out
10485760000 bytes (10 GB) copied, 25.1692 s, 417 MB/s
a02bf4596da9a0c3d2b10ac745b55ccf  -

real	0m25.172s
user	0m23.416s
sys	0m6.004s
10000+0 records in
10000+0 records out
10485760000 bytes (10 GB) copied, 25.1871 s, 416 MB/s
a02bf4596da9a0c3d2b10ac745b55ccf  -

real	0m25.190s
user	0m23.383s
sys	0m6.021s
10000+0 records in
10000+0 records out
10485760000 bytes (10 GB) copied, 25.176 s, 416 MB/s
a02bf4596da9a0c3d2b10ac745b55ccf  -

real	0m25.179s
user	0m23.350s
sys	0m5.686s
10000+0 records in
10000+0 records out
10485760000 bytes (10 GB) copied, 25.1942 s, 416 MB/s
a02bf4596da9a0c3d2b10ac745b55ccf  -

real	0m25.197s
user	0m23.345s
sys	0m6.060s
10000+0 records in
10000+0 records out
10485760000 bytes (10 GB) copieda02bf4596da9a0c3d2b10ac745b55ccf  -
, 25.1944 s, 416 MB/s

real	0m25.197s
user	0m23.394s
sys	0m5.789s
10000+0 records in
10000+0 records out
10485760000 bytes (10 GB) copied, 25.1505 s, 417 MB/s
a02bf4596da9a0c3d2b10ac745b55ccf  -

real	0m25.153s
user	0m23.372s
sys	0m5.705s
10000+0 records in
10000+0 records out
10485760000 bytes (10 GB) copied, 25.1926 s, 416 MB/s
a02bf4596da9a0c3d2b10ac745b55ccf  -

real	0m25.195s
user	0m23.389s
sys	0m5.904s
10000+0 records in
10000+0 records out
10485760000 bytes (10 GB) copied, 25.2206 s, 416 MB/s
a02bf4596da9a0c3d2b10ac745b55ccf  -

real	0m25.223s
user	0m23.381s
sys	0m6.014s
10000+0 records in
10000+0 records out
10485760000 bytes (10 GB) copied, 25.1911 s, 416 MB/s
a02bf4596da9a0c3d2b10ac745b55ccf  -

real	0m25.194s
user	0m23.355s
sys	0m5.974s
10000+0 records in
10000+0 records out
10485760000 bytes (10 GB) copied, 25.1602 s, 417 MB/s
a02bf4596da9a0c3d2b10ac745b55ccf  -

real	0m25.163s
user	0m23.388s
sys	0m5.642s
10000+0 records in
10000+0 records out
10485760000 bytes (10 GB) copied, 25.206 s, 416 MB/s
a02bf4596da9a0c3d2b10ac745b55ccf  -

real	0m25.209s
user	0m23.353s
sys	0m6.003s
10000+0 records in
10000+0 records out
10485760000 bytes (10 GB) copied, 25.1826 s, 416 MB/s
a02bf4596da9a0c3d2b10ac745b55ccf  -

real	0m25.185s
user	0m23.369s
sys	0m5.885s
10000+0 records in
10000+0 records out
10485760000 bytes (10 GB) copied, 25.2362 s, 416 MB/s
a02bf4596da9a0c3d2b10ac745b55ccf  -

real	0m25.239s
user	0m23.419s
sys	0m6.005s
10000+0 records in
10000+0 records out
10485760000 bytes (10 GB) copied, 25.1722 s, 417 MB/s
a02bf4596da9a0c3d2b10ac745b55ccf  -

real	0m25.175s
user	0m23.368s
sys	0m5.824s
10000+0 records in
10000+0 records out
10485760000 bytes (10 GB) copied, 25.1671 s, 417 MB/s
a02bf4596da9a0c3d2b10ac745b55ccf  -

real	0m25.170s
user	0m23.286s
sys	0m5.761s
10000+0 records in
10000+0 records out
10485760000 bytes (10 GB) copied, 25.2102 s, 416 MB/s
a02bf4596da9a0c3d2b10ac745b55ccf  -

real	0m25.213s
user	0m23.395s
sys	0m5.785s
10000+0 records in
10000+0 records out
10485760000 bytes (10 GB) copied, 25.1619 s, 417 MB/s
a02bf4596da9a0c3d2b10ac745b55ccf  -

real	0m25.165s
user	0m23.367s
sys	0m5.827s
10000+0 records in
10000+0 records out
10485760000 bytes (10 GB) copied, 25.2533 s, 415 MB/s
a02bf4596da9a0c3d2b10ac745b55ccf  -

real	0m25.256s
user	0m23.336s
sys	0m5.735s
10000+0 records in
10000+0 records out
10485760000 bytes (10 GB) copied, 25.1784 s, 416 MB/s
a02bf4596da9a0c3d2b10ac745b55ccf  -

real	0m25.181s
user	0m23.372s
sys	0m6.041s
10000+0 records in
10000+0 records out
10485760000 bytes (10 GB) copied, 25.244 s, 415 MB/s
a02bf4596da9a0c3d2b10ac745b55ccf  -

real	0m25.247s
user	0m23.365s
sys	0m5.703s
10000+0 records in
10000+0 records out
10485760000 bytes (10 GB) copied, 25.1892 s, 416 MB/s
a02bf4596da9a0c3d2b10ac745b55ccf  -

real	0m25.192s
user	0m23.292s
sys	0m5.784s
10000+0 records in
10000+0 records out
10485760000 bytes (10 GB) copied, 25.2143 s, 416 MB/s
a02bf4596da9a0c3d2b10ac745b55ccf  -

real	0m25.217s
user	0m23.408s
sys	0m5.831s
10000+0 records in
10000+0 records out
10485760000 bytes (10 GB) copied, 25.1912 s, 416 MB/s
a02bf4596da9a0c3d2b10ac745b55ccf  -

real	0m25.194s
user	0m23.390s
sys	0m5.897s
10000+0 records in
10000+0 records out
10485760000 bytes (10 GB) copied, 25.1839 s, 416 MB/s
a02bf4596da9a0c3d2b10ac745b55ccf  -

real	0m25.186s
user	0m23.347s
sys	0m5.717s
10000+0 records in
10000+0 records out
10485760000 bytes (10 GB) copied, 25.2597 s, 415 MB/s
a02bf4596da9a0c3d2b10ac745b55ccf  -

real	0m25.262s
user	0m23.370s
sys	0m5.687s
10000+0 records in
10000+0 records out
10485760000 bytes (10 GB) copied, 25.166 s, 417 MB/s
a02bf4596da9a0c3d2b10ac745b55ccf  -

real	0m25.168s
user	0m23.390s
sys	0m5.644s
10000+0 records in
10000+0 records out
10485760000 bytes (10 GB) copied, 25.1814 s, 416 MB/s
a02bf4596da9a0c3d2b10ac745b55ccf  -

real	0m25.184s
user	0m23.339s
sys	0m5.848s
10000+0 records in
10000+0 records out
10485760000 bytes (10 GB) copied, 25.1807 s, 416 MB/s
a02bf4596da9a0c3d2b10ac745b55ccf  -

real	0m25.183s
user	0m23.276s
sys	0m5.773s
10000+0 records in
10000+0 records out
10485760000 bytes (10 GB) copied, 25.2046 s, 416 MB/s
a02bf4596da9a0c3d2b10ac745b55ccf  -

real	0m25.207s
user	0m23.439s
sys	0m5.630s
10000+0 records in
10000+0 records out
10485760000 bytes (10 GB) copied, 25.1771 s, 416 MB/s
a02bf4596da9a0c3d2b10ac745b55ccf  -

real	0m25.180s
user	0m23.479s
sys	0m5.783s
10000+0 records in
10000+0 records out
10485760000 bytes (10 GB) copied, 25.2276 s, 416 MB/s
a02bf4596da9a0c3d2b10ac745b55ccf  -

real	0m25.231s
user	0m23.353s
sys	0m5.703s
10000+0 records in
10000+0 records out
10485760000 bytes (10 GB) copied, 25.204 s, 416 MB/s
a02bf4596da9a0c3d2b10ac745b55ccf  -

real	0m25.207s
user	0m23.270s
sys	0m5.846s
10000+0 records in
10000+0 records out
10485760000 bytes (10 GB) copied, 25.2025 s, 416 MB/s
a02bf4596da9a0c3d2b10ac745b55ccf  -

real	0m25.205s
user	0m23.416s
sys	0m5.865s
10000+0 records in
10000+0 records out
10485760000 bytes (10 GB) copied, 25.1845 s, 416 MB/s
a02bf4596da9a0c3d2b10ac745b55ccf  -

real	0m25.187s
user	0m23.305s
sys	0m5.740s
10000+0 records in
10000+0 records out
10485760000 bytes (10 GB) copied, 25.1861 s, 416 MB/s
a02bf4596da9a0c3d2b10ac745b55ccf  -

real	0m25.189s
user	0m23.435s
sys	0m5.852s
10000+0 records in
10000+0 records out
10485760000 bytes (10 GB) copied, 25.1998 s, 416 MB/s
a02bf4596da9a0c3d2b10ac745b55ccf  -

real	0m25.202s
user	0m23.309s
sys	0m5.758s
10000+0 records in
10000+0 records out
10485760000 bytes (10 GB) copied, 25.1882 s, 416 MB/s
a02bf4596da9a0c3d2b10ac745b55ccf  -

real	0m25.191s
user	0m23.320s
sys	0m5.746s
10000+0 records in
10000+0 records out
10485760000 bytes (10 GB) copied, 25.2677 s, 415 MB/s
a02bf4596da9a0c3d2b10ac745b55ccf  -

real	0m25.271s
user	0m23.357s
sys	0m5.945s
10000+0 records in
10000+0 records out
10485760000 bytes (10 GB) copied, 25.1825 s, 416 MB/s
a02bf4596da9a0c3d2b10ac745b55ccf  -

real	0m25.185s
user	0m23.392s
sys	0m5.837s
10000+0 records in
10000+0 records out
10485760000 bytes (10 GB) copied, 25.1834 s, 416 MB/s
a02bf4596da9a0c3d2b10ac745b55ccf  -

real	0m25.186s
user	0m23.390s
sys	0m5.968s
10000+0 records in
10000+0 records out
10485760000 bytes (10 GB) copied, 25.1609 s, 417 MB/s
a02bf4596da9a0c3d2b10ac745b55ccf  -

real	0m25.164s
user	0m23.444s
sys	0m5.738s
10000+0 records in
10000+0 records out
10485760000 bytes (10 GB) copied, 25.1615 s, 417 MB/s
a02bf4596da9a0c3d2b10ac745b55ccf  -

real	0m25.164s
user	0m23.296s
sys	0m5.730s
10000+0 records in
10000+0 records out
10485760000 bytes (10 GB) copied, 25.1715 s, 417 MB/s
a02bf4596da9a0c3d2b10ac745b55ccf  -

real	0m25.174s
user	0m23.378s
sys	0m5.991s
10000+0 records in
10000+0 records out
10485760000 bytes (10 GB) copied, 25.1761 s, 416 MB/s
a02bf4596da9a0c3d2b10ac745b55ccf  -

real	0m25.179s
user	0m23.407s
sys	0m5.896s
10000+0 records in
10000+0 records out
10485760000 bytes (10 GB) copied, 25.1735 s, 417 MB/s
a02bf4596da9a0c3d2b10ac745b55ccf  -

real	0m25.176s
user	0m23.405s
sys	0m5.985s
10000+0 records in
10000+0 records out
10485760000 bytes (10 GB) copied, 25.1696 s, 417 MB/s
a02bf4596da9a0c3d2b10ac745b55ccf  -

real	0m25.172s
user	0m23.369s
sys	0m5.676s
10000+0 records in
10000+0 records out
10485760000 bytes (10 GB) copied, 25.1793 s, 416 MB/s
a02bf4596da9a0c3d2b10ac745b55ccf  -

real	0m25.182s
user	0m23.418s
sys	0m5.949s
10000+0 records in
10000+0 records out
10485760000 bytes (10 GB) copied, 25.1652 s, 417 MB/s
a02bf4596da9a0c3d2b10ac745b55ccf  -

real	0m25.168s
user	0m23.356s
sys	0m6.040s
10000+0 records in
10000+0 records out
10485760000 bytes (10 GB) copied, 25.2556 s, 415 MB/s
a02bf4596da9a0c3d2b10ac745b55ccf  -

real	0m25.258s
user	0m23.374s
sys	0m5.714s
10000+0 records in
10000+0 records out
10485760000 bytes (10 GB) copied, 25.1541 s, 417 MB/s
a02bf4596da9a0c3d2b10ac745b55ccf  -

real	0m25.157s
user	0m23.380s
sys	0m5.651s
10000+0 records in
10000+0 records out
10485760000 bytes (10 GB) copied, 25.1643 s, 417 MB/s
a02bf4596da9a0c3d2b10ac745b55ccf  -

real	0m25.167s
user	0m23.400s
sys	0m5.878s
10000+0 records in
10000+0 records out
10485760000 bytes (10 GB) copied, 25.1624 s, 417 MB/s
a02bf4596da9a0c3d2b10ac745b55ccf  -

real	0m25.165s
user	0m23.349s
sys	0m5.676s
10000+0 records in
10000+0 records out
10485760000 bytes (10 GB) copieda02bf4596da9a0c3d2b10ac745b55ccf  -
, 25.1917 s, 416 MB/s

real	0m25.194s
user	0m23.315s
sys	0m5.704s
10000+0 records in
10000+0 records out
10485760000 bytes (10 GB) copied, 25.1752 s, 417 MB/s
a02bf4596da9a0c3d2b10ac745b55ccf  -

real	0m25.178s
user	0m23.336s
sys	0m5.693s
10000+0 records in
10000+0 records out
10485760000 bytes (10 GB) copied, 25.2233 s, 416 MB/s
a02bf4596da9a0c3d2b10ac745b55ccf  -

real	0m25.226s
user	0m23.398s
sys	0m6.010s
10000+0 records in
10000+0 records out
10485760000 bytes (10 GB) copied, 25.1724 s, 417 MB/s
a02bf4596da9a0c3d2b10ac745b55ccf  -

real	0m25.175s
user	0m23.362s
sys	0m6.005s
10000+0 records in
10000+0 records out
10485760000 bytes (10 GB) copied, 25.1625 s, 417 MB/s
a02bf4596da9a0c3d2b10ac745b55ccf  -

real	0m25.166s
user	0m23.277s
sys	0m5.862s
