10000+0 records in
10000+0 records out
a02bf4596da9a0c3d2b10ac745b55ccf  -
10485760000 bytes (10 GB) copied, 19.698 s, 532 MB/s

real	0m19.701s
user	0m17.902s
sys	0m5.273s
10000+0 records in
10000+0 records out
10485760000 bytes (10 GB) copied, 19.4451 s, 539 MB/s
a02bf4596da9a0c3d2b10ac745b55ccf  -

real	0m19.448s
user	0m17.697s
sys	0m5.217s
10000+0 records in
10000+0 records out
10485760000 bytes (10 GB) copieda02bf4596da9a0c3d2b10ac745b55ccf  -
, 19.6317 s, 534 MB/s

real	0m19.635s
user	0m17.767s
sys	0m5.358s
10000+0 records in
10000+0 records out
10485760000 bytes (10 GB) copied, 19.5166 s, 537 MB/s
a02bf4596da9a0c3d2b10ac745b55ccf  -

real	0m19.520s
user	0m17.745s
sys	0m5.230s
10000+0 records in
10000+0 records out
10485760000 bytes (10 GB) copied, 19.6374 s, 534 MB/s
a02bf4596da9a0c3d2b10ac745b55ccf  -

real	0m19.640s
user	0m17.728s
sys	0m5.392s
10000+0 records in
10000+0 records out
10485760000 bytes (10 GB) copied, 19.5332 s, 537 MB/s
a02bf4596da9a0c3d2b10ac745b55ccf  -

real	0m19.536s
user	0m17.831s
sys	0m5.192s
10000+0 records in
10000+0 records out
10485760000 bytes (10 GB) copied, 19.3563 s, 542 MB/s
a02bf4596da9a0c3d2b10ac745b55ccf  -

real	0m19.359s
user	0m17.756s
sys	0m5.069s
10000+0 records in
10000+0 records out
10485760000 bytes (10 GB) copied, 19.4174 s, 540 MB/s
a02bf4596da9a0c3d2b10ac745b55ccf  -

real	0m19.420s
user	0m17.762s
sys	0m5.145s
10000+0 records in
10000+0 records out
10485760000 bytes (10 GB) copied, 19.5492 s, 536 MB/s
a02bf4596da9a0c3d2b10ac745b55ccf  -

real	0m19.552s
user	0m17.845s
sys	0m5.201s
10000+0 records in
10000+0 records out
10485760000 bytes (10 GB) copied, 19.5262 s, 537 MB/s
a02bf4596da9a0c3d2b10ac745b55ccf  -

real	0m19.529s
user	0m17.832s
sys	0m5.241s
10000+0 records in
10000+0 records out
10485760000 bytes (10 GB) copied, 19.5056 s, 538 MB/s
a02bf4596da9a0c3d2b10ac745b55ccf  -

real	0m19.509s
user	0m17.768s
sys	0m5.248s
10000+0 records in
10000+0 records out
10485760000 bytes (10 GB) copied, 19.4418 s, 539 MB/s
a02bf4596da9a0c3d2b10ac745b55ccf  -

real	0m19.445s
user	0m17.655s
sys	0m5.264s
10000+0 records in
10000+0 records out
10485760000 bytes (10 GB) copied, 19.2413 s, 545 MB/s
a02bf4596da9a0c3d2b10ac745b55ccf  -

real	0m19.244s
user	0m17.641s
sys	0m5.035s
10000+0 records in
10000+0 records out
10485760000 bytes (10 GB) copied, 19.1544 s, 547 MB/s
a02bf4596da9a0c3d2b10ac745b55ccf  -

real	0m19.158s
user	0m17.694s
sys	0m4.931s
10000+0 records in
10000+0 records out
10485760000 bytes (10 GB) copied, 19.4633 s, 539 MB/s
a02bf4596da9a0c3d2b10ac745b55ccf  -

real	0m19.466s
user	0m17.689s
sys	0m5.222s
10000+0 records in
10000+0 records out
10485760000 bytes (10 GB) copied, 19.3955 s, 541 MB/s
a02bf4596da9a0c3d2b10ac745b55ccf  -

real	0m19.398s
user	0m17.615s
sys	0m5.236s
10000+0 records in
10000+0 records out
10485760000 bytes (10 GB) copied, 19.4735 s, 538 MB/s
a02bf4596da9a0c3d2b10ac745b55ccf  -

real	0m19.476s
user	0m17.710s
sys	0m5.249s
10000+0 records in
10000+0 records out
a02bf4596da9a0c3d2b10ac745b55ccf  -
10485760000 bytes (10 GB) copied, 19.5524 s, 536 MB/s

real	0m19.555s
user	0m17.799s
sys	0m5.248s
10000+0 records in
10000+0 records out
10485760000 bytes (10 GB) copied, 19.534 s, 537 MB/s
a02bf4596da9a0c3d2b10ac745b55ccf  -

real	0m19.537s
user	0m17.828s
sys	0m5.187s
10000+0 records in
10000+0 records out
10485760000 bytes (10 GB) copied, 19.5482 s, 536 MB/s
a02bf4596da9a0c3d2b10ac745b55ccf  -

real	0m19.551s
user	0m17.950s
sys	0m5.064s
