500+0 records in
500+0 records out
524288000 bytes (524 MB) copiedafbad591ee2b70ac94258fbc7fac3bf2  -
, 0.960549 s, 546 MB/s

real	0m0.963s
user	0m0.882s
sys	0m0.258s
500+0 records in
500+0 records out
524288000 bytes (524 MB) copied, 0.955597 s, 549 MB/s
afbad591ee2b70ac94258fbc7fac3bf2  -

real	0m0.958s
user	0m0.888s
sys	0m0.248s
500+0 records in
500+0 records out
524288000 bytes (524 MB) copiedafbad591ee2b70ac94258fbc7fac3bf2  -
, 0.992609 s, 528 MB/s

real	0m0.995s
user	0m0.923s
sys	0m0.250s
500+0 records in
500+0 records out
524288000 bytes (524 MB) copied, 0.989289 s, 530 MB/s
afbad591ee2b70ac94258fbc7fac3bf2  -

real	0m0.992s
user	0m0.892s
sys	0m0.278s
500+0 records in
500+0 records out
524288000 bytes (524 MB) copied, 0.959823 s, 546 MB/s
afbad591ee2b70ac94258fbc7fac3bf2  -

real	0m0.963s
user	0m0.881s
sys	0m0.258s
500+0 records in
500+0 records out
524288000 bytes (524 MB) copied, 0.987738 s, 531 MB/s
afbad591ee2b70ac94258fbc7fac3bf2  -

real	0m0.990s
user	0m0.898s
sys	0m0.267s
500+0 records in
500+0 records out
524288000 bytes (524 MB) copied, 0.984174 s, 533 MB/s
afbad591ee2b70ac94258fbc7fac3bf2  -

real	0m0.987s
user	0m0.909s
sys	0m0.251s
500+0 records in
500+0 records out
524288000 bytes (524 MB) copied, 0.988163 s, 531 MB/s
afbad591ee2b70ac94258fbc7fac3bf2  -

real	0m0.991s
user	0m0.890s
sys	0m0.277s
500+0 records in
500+0 records out
524288000 bytes (524 MB) copied, 0.960817 s, 546 MB/s
afbad591ee2b70ac94258fbc7fac3bf2  -

real	0m0.964s
user	0m0.889s
sys	0m0.251s
500+0 records in
500+0 records out
524288000 bytes (524 MB) copied, 0.983322 s, 533 MB/s
afbad591ee2b70ac94258fbc7fac3bf2  -

real	0m0.986s
user	0m0.875s
sys	0m0.286s
500+0 records in
500+0 records out
524288000 bytes (524 MB) copied, 0.989475 s, 530 MB/s
afbad591ee2b70ac94258fbc7fac3bf2  -

real	0m0.992s
user	0m0.880s
sys	0m0.289s
500+0 records in
500+0 records out
524288000 bytes (524 MB) copied, 0.972403 s, 539 MB/s
afbad591ee2b70ac94258fbc7fac3bf2  -

real	0m0.975s
user	0m0.899s
sys	0m0.248s
500+0 records in
500+0 records out
524288000 bytes (524 MB) copied, 0.959741 s, 546 MB/s
afbad591ee2b70ac94258fbc7fac3bf2  -

real	0m0.963s
user	0m0.886s
sys	0m0.253s
500+0 records in
500+0 records out
524288000 bytes (524 MB) copied, 0.955786 s, 549 MB/s
afbad591ee2b70ac94258fbc7fac3bf2  -

real	0m0.958s
user	0m0.880s
sys	0m0.252s
500+0 records in
500+0 records out
524288000 bytes (524 MB) copied, 0.980678 s, 535 MB/s
afbad591ee2b70ac94258fbc7fac3bf2  -

real	0m0.984s
user	0m0.904s
sys	0m0.258s
500+0 records in
500+0 records out
524288000 bytes (524 MB) copied, 0.955052 s, 549 MB/s
afbad591ee2b70ac94258fbc7fac3bf2  -

real	0m0.958s
user	0m0.879s
sys	0m0.251s
500+0 records in
500+0 records out
524288000 bytes (524 MB) copied, 0.959256 s, 547 MB/s
afbad591ee2b70ac94258fbc7fac3bf2  -

real	0m0.962s
user	0m0.892s
sys	0m0.246s
