1000+0 records in
1000+0 records out
3c84e34b319946f6531a2c4559f588a8  -
1048576000 bytes (1.0 GB) copied, 2.52407 s, 415 MB/s

real	0m2.527s
user	0m2.343s
sys	0m0.616s
1000+0 records in
1000+0 records out
1048576000 bytes (1.0 GB) copied, 2.51882 s, 416 MB/s
3c84e34b319946f6531a2c4559f588a8  -

real	0m2.522s
user	0m2.359s
sys	0m0.585s
1000+0 records in
1000+0 records out
1048576000 bytes (1.0 GB) copied3c84e34b319946f6531a2c4559f588a8  -
, 2.53117 s, 414 MB/s

real	0m2.534s
user	0m2.334s
sys	0m0.637s
1000+0 records in
1000+0 records out
1048576000 bytes (1.0 GB) copied, 2.51505 s, 417 MB/s
3c84e34b319946f6531a2c4559f588a8  -

real	0m2.518s
user	0m2.328s
sys	0m0.609s
1000+0 records in
1000+0 records out
1048576000 bytes (1.0 GB) copied, 2.5275 s, 415 MB/s
3c84e34b319946f6531a2c4559f588a8  -

real	0m2.530s
user	0m2.349s
sys	0m0.617s
1000+0 records in
1000+0 records out
1048576000 bytes (1.0 GB) copied, 2.51771 s, 416 MB/s
3c84e34b319946f6531a2c4559f588a8  -

real	0m2.521s
user	0m2.344s
sys	0m0.604s
1000+0 records in
1000+0 records out
1048576000 bytes (1.0 GB) copied, 2.51845 s, 416 MB/s
3c84e34b319946f6531a2c4559f588a8  -

real	0m2.521s
user	0m2.355s
sys	0m0.596s
1000+0 records in
1000+0 records out
1048576000 bytes (1.0 GB) copied, 2.51463 s, 417 MB/s
3c84e34b319946f6531a2c4559f588a8  -

real	0m2.517s
user	0m2.333s
sys	0m0.606s
1000+0 records in
1000+0 records out
1048576000 bytes (1.0 GB) copied, 2.52592 s, 415 MB/s
3c84e34b319946f6531a2c4559f588a8  -

real	0m2.529s
user	0m2.344s
sys	0m0.622s
1000+0 records in
1000+0 records out
1048576000 bytes (1.0 GB) copied, 2.52065 s, 416 MB/s
3c84e34b319946f6531a2c4559f588a8  -

real	0m2.523s
user	0m2.343s
sys	0m0.605s
1000+0 records in
1000+0 records out
1048576000 bytes (1.0 GB) copied, 2.52795 s, 415 MB/s
3c84e34b319946f6531a2c4559f588a8  -

real	0m2.531s
user	0m2.349s
sys	0m0.623s
1000+0 records in
1000+0 records out
1048576000 bytes (1.0 GB) copied, 2.51412 s, 417 MB/s
3c84e34b319946f6531a2c4559f588a8  -

real	0m2.517s
user	0m2.338s
sys	0m0.602s
1000+0 records in
1000+0 records out
1048576000 bytes (1.0 GB) copied, 2.52224 s, 416 MB/s
3c84e34b319946f6531a2c4559f588a8  -

real	0m2.525s
user	0m2.353s
sys	0m0.609s
1000+0 records in
1000+0 records out
1048576000 bytes (1.0 GB) copied, 2.51373 s, 417 MB/s
3c84e34b319946f6531a2c4559f588a8  -

real	0m2.517s
user	0m2.374s
sys	0m0.562s
1000+0 records in
1000+0 records out
1048576000 bytes (1.0 GB) copied, 2.52945 s, 415 MB/s
3c84e34b319946f6531a2c4559f588a8  -

real	0m2.532s
user	0m2.357s
sys	0m0.615s
1000+0 records in
1000+0 records out
1048576000 bytes (1.0 GB) copied, 2.5187 s, 416 MB/s
3c84e34b319946f6531a2c4559f588a8  -

real	0m2.522s
user	0m2.336s
sys	0m0.626s
1000+0 records in
1000+0 records out
1048576000 bytes (1.0 GB) copied, 2.51974 s, 416 MB/s
3c84e34b319946f6531a2c4559f588a8  -

real	0m2.522s
user	0m2.330s
sys	0m0.622s
1000+0 records in
1000+0 records out
1048576000 bytes (1.0 GB) copied, 2.51163 s, 417 MB/s
3c84e34b319946f6531a2c4559f588a8  -

real	0m2.514s
user	0m2.349s
sys	0m0.591s
1000+0 records in
1000+0 records out
1048576000 bytes (1.0 GB) copied, 2.5438 s, 412 MB/s
3c84e34b319946f6531a2c4559f588a8  -

real	0m2.546s
user	0m2.354s
sys	0m0.627s
1000+0 records in
1000+0 records out
1048576000 bytes (1.0 GB) copied, 2.51345 s, 417 MB/s
3c84e34b319946f6531a2c4559f588a8  -

real	0m2.516s
user	0m2.341s
sys	0m0.594s
1000+0 records in
1000+0 records out
1048576000 bytes (1.0 GB) copied, 2.52561 s, 415 MB/s
3c84e34b319946f6531a2c4559f588a8  -

real	0m2.528s
user	0m2.359s
sys	0m0.608s
1000+0 records in
1000+0 records out
1048576000 bytes (1.0 GB) copied, 2.57237 s, 408 MB/s
3c84e34b319946f6531a2c4559f588a8  -

real	0m2.575s
user	0m2.334s
sys	0m0.656s
1000+0 records in
1000+0 records out
1048576000 bytes (1.0 GB) copied, 2.5261 s, 415 MB/s
3c84e34b319946f6531a2c4559f588a8  -

real	0m2.529s
user	0m2.332s
sys	0m0.649s
1000+0 records in
1000+0 records out
1048576000 bytes (1.0 GB) copied, 2.52453 s, 415 MB/s
3c84e34b319946f6531a2c4559f588a8  -

real	0m2.527s
user	0m2.341s
sys	0m0.633s
1000+0 records in
1000+0 records out
1048576000 bytes (1.0 GB) copied, 2.51563 s, 417 MB/s
3c84e34b319946f6531a2c4559f588a8  -

real	0m2.519s
user	0m2.335s
sys	0m0.614s
1000+0 records in
1000+0 records out
1048576000 bytes (1.0 GB) copied, 2.51892 s, 416 MB/s
3c84e34b319946f6531a2c4559f588a8  -

real	0m2.522s
user	0m2.344s
sys	0m0.593s
1000+0 records in
1000+0 records out
1048576000 bytes (1.0 GB) copied, 2.51261 s, 417 MB/s
3c84e34b319946f6531a2c4559f588a8  -

real	0m2.516s
user	0m2.339s
sys	0m0.582s
1000+0 records in
1000+0 records out
1048576000 bytes (1.0 GB) copied, 2.50899 s, 418 MB/s
3c84e34b319946f6531a2c4559f588a8  -

real	0m2.512s
user	0m2.318s
sys	0m0.637s
1000+0 records in
1000+0 records out
1048576000 bytes (1.0 GB) copied, 2.52182 s, 416 MB/s
3c84e34b319946f6531a2c4559f588a8  -

real	0m2.525s
user	0m2.352s
sys	0m0.607s
1000+0 records in
1000+0 records out
1048576000 bytes (1.0 GB) copied, 2.51615 s, 417 MB/s
3c84e34b319946f6531a2c4559f588a8  -

real	0m2.519s
user	0m2.339s
sys	0m0.618s
1000+0 records in
1000+0 records out
1048576000 bytes (1.0 GB) copied, 2.5129 s, 417 MB/s
3c84e34b319946f6531a2c4559f588a8  -

real	0m2.516s
user	0m2.353s
sys	0m0.570s
1000+0 records in
1000+0 records out
1048576000 bytes (1.0 GB) copied, 2.52841 s, 415 MB/s
3c84e34b319946f6531a2c4559f588a8  -

real	0m2.531s
user	0m2.344s
sys	0m0.636s
1000+0 records in
1000+0 records out
1048576000 bytes (1.0 GB) copied, 2.5235 s, 416 MB/s
3c84e34b319946f6531a2c4559f588a8  -

real	0m2.526s
user	0m2.354s
sys	0m0.621s
1000+0 records in
1000+0 records out
1048576000 bytes (1.0 GB) copied, 2.51163 s, 417 MB/s
3c84e34b319946f6531a2c4559f588a8  -

real	0m2.514s
user	0m2.353s
sys	0m0.573s
1000+0 records in
1000+0 records out
1048576000 bytes (1.0 GB) copied, 2.52335 s, 416 MB/s
3c84e34b319946f6531a2c4559f588a8  -

real	0m2.526s
user	0m2.351s
sys	0m0.627s
1000+0 records in
1000+0 records out
1048576000 bytes (1.0 GB) copied, 2.52323 s, 416 MB/s
3c84e34b319946f6531a2c4559f588a8  -

real	0m2.526s
user	0m2.344s
sys	0m0.629s
1000+0 records in
1000+0 records out
1048576000 bytes (1.0 GB) copied, 2.51986 s, 416 MB/s
3c84e34b319946f6531a2c4559f588a8  -

real	0m2.523s
user	0m2.339s
sys	0m0.598s
1000+0 records in
1000+0 records out
1048576000 bytes (1.0 GB) copied, 2.52591 s, 415 MB/s
3c84e34b319946f6531a2c4559f588a8  -

real	0m2.529s
user	0m2.334s
sys	0m0.642s
1000+0 records in
1000+0 records out
1048576000 bytes (1.0 GB) copied, 2.51326 s, 417 MB/s
3c84e34b319946f6531a2c4559f588a8  -

real	0m2.516s
user	0m2.336s
sys	0m0.604s
1000+0 records in
1000+0 records out
1048576000 bytes (1.0 GB) copied, 2.52898 s, 415 MB/s
3c84e34b319946f6531a2c4559f588a8  -

real	0m2.532s
user	0m2.326s
sys	0m0.646s
1000+0 records in
1000+0 records out
1048576000 bytes (1.0 GB) copied, 2.51238 s, 417 MB/s
3c84e34b319946f6531a2c4559f588a8  -

real	0m2.515s
user	0m2.334s
sys	0m0.599s
1000+0 records in
1000+0 records out
1048576000 bytes (1.0 GB) copied, 2.52719 s, 415 MB/s
3c84e34b319946f6531a2c4559f588a8  -

real	0m2.530s
user	0m2.335s
sys	0m0.638s
1000+0 records in
1000+0 records out
1048576000 bytes (1.0 GB) copied, 2.51731 s, 417 MB/s
3c84e34b319946f6531a2c4559f588a8  -

real	0m2.520s
user	0m2.339s
sys	0m0.601s
1000+0 records in
1000+0 records out
1048576000 bytes (1.0 GB) copied, 2.66244 s, 394 MB/s
3c84e34b319946f6531a2c4559f588a8  -

real	0m2.665s
user	0m2.346s
sys	0m0.748s
1000+0 records in
1000+0 records out
1048576000 bytes (1.0 GB) copied, 2.52533 s, 415 MB/s
3c84e34b319946f6531a2c4559f588a8  -

real	0m2.528s
user	0m2.341s
sys	0m0.620s
1000+0 records in
1000+0 records out
1048576000 bytes (1.0 GB) copied, 2.54171 s, 413 MB/s
3c84e34b319946f6531a2c4559f588a8  -

real	0m2.545s
user	0m2.363s
sys	0m0.647s
1000+0 records in
1000+0 records out
1048576000 bytes (1.0 GB) copied, 2.57813 s, 407 MB/s
3c84e34b319946f6531a2c4559f588a8  -

real	0m2.581s
user	0m2.364s
sys	0m0.653s
1000+0 records in
1000+0 records out
1048576000 bytes (1.0 GB) copied, 2.52265 s, 416 MB/s
3c84e34b319946f6531a2c4559f588a8  -

real	0m2.526s
user	0m2.326s
sys	0m0.635s
1000+0 records in
1000+0 records out
1048576000 bytes (1.0 GB) copied, 2.51248 s, 417 MB/s
3c84e34b319946f6531a2c4559f588a8  -

real	0m2.517s
user	0m2.341s
sys	0m0.574s
1000+0 records in
1000+0 records out
1048576000 bytes (1.0 GB) copied, 2.52215 s, 416 MB/s
3c84e34b319946f6531a2c4559f588a8  -

real	0m2.525s
user	0m2.341s
sys	0m0.605s
1000+0 records in
1000+0 records out
1048576000 bytes (1.0 GB) copied, 2.66866 s, 393 MB/s
3c84e34b319946f6531a2c4559f588a8  -

real	0m2.671s
user	0m2.369s
sys	0m0.733s
1000+0 records in
1000+0 records out
1048576000 bytes (1.0 GB) copied, 2.52095 s, 416 MB/s
3c84e34b319946f6531a2c4559f588a8  -

real	0m2.524s
user	0m2.339s
sys	0m0.612s
1000+0 records in
1000+0 records out
1048576000 bytes (1.0 GB) copied, 2.51033 s, 418 MB/s
3c84e34b319946f6531a2c4559f588a8  -

real	0m2.513s
user	0m2.338s
sys	0m0.577s
1000+0 records in
1000+0 records out
1048576000 bytes (1.0 GB) copied, 2.52342 s, 416 MB/s
3c84e34b319946f6531a2c4559f588a8  -

real	0m2.526s
user	0m2.345s
sys	0m0.624s
1000+0 records in
1000+0 records out
1048576000 bytes (1.0 GB) copied, 2.54508 s, 412 MB/s
3c84e34b319946f6531a2c4559f588a8  -

real	0m2.548s
user	0m2.353s
sys	0m0.630s
1000+0 records in
1000+0 records out
1048576000 bytes (1.0 GB) copied, 2.521 s, 416 MB/s
3c84e34b319946f6531a2c4559f588a8  -

real	0m2.524s
user	0m2.375s
sys	0m0.578s
1000+0 records in
1000+0 records out
1048576000 bytes (1.0 GB) copied, 2.56207 s, 409 MB/s
3c84e34b319946f6531a2c4559f588a8  -

real	0m2.565s
user	0m2.335s
sys	0m0.652s
1000+0 records in
1000+0 records out
1048576000 bytes (1.0 GB) copied, 2.64613 s, 396 MB/s
3c84e34b319946f6531a2c4559f588a8  -

real	0m2.649s
user	0m2.378s
sys	0m0.704s
1000+0 records in
1000+0 records out
1048576000 bytes (1.0 GB) copied, 2.51686 s, 417 MB/s
3c84e34b319946f6531a2c4559f588a8  -

real	0m2.520s
user	0m2.356s
sys	0m0.577s
1000+0 records in
1000+0 records out
1048576000 bytes (1.0 GB) copied, 2.51874 s, 416 MB/s
3c84e34b319946f6531a2c4559f588a8  -

real	0m2.522s
user	0m2.334s
sys	0m0.598s
1000+0 records in
1000+0 records out
1048576000 bytes (1.0 GB) copied, 2.52 s, 416 MB/s
3c84e34b319946f6531a2c4559f588a8  -

real	0m2.523s
user	0m2.330s
sys	0m0.608s
1000+0 records in
1000+0 records out
1048576000 bytes (1.0 GB) copied, 2.52048 s, 416 MB/s
3c84e34b319946f6531a2c4559f588a8  -

real	0m2.523s
user	0m2.345s
sys	0m0.590s
1000+0 records in
1000+0 records out
1048576000 bytes (1.0 GB) copied, 2.51488 s, 417 MB/s
3c84e34b319946f6531a2c4559f588a8  -

real	0m2.518s
user	0m2.337s
sys	0m0.591s
1000+0 records in
1000+0 records out
1048576000 bytes (1.0 GB) copied, 2.52689 s, 415 MB/s
3c84e34b319946f6531a2c4559f588a8  -

real	0m2.530s
user	0m2.327s
sys	0m0.630s
1000+0 records in
1000+0 records out
1048576000 bytes (1.0 GB) copied, 2.51524 s, 417 MB/s
3c84e34b319946f6531a2c4559f588a8  -

real	0m2.518s
user	0m2.337s
sys	0m0.597s
1000+0 records in
1000+0 records out
1048576000 bytes (1.0 GB) copied, 2.50963 s, 418 MB/s
3c84e34b319946f6531a2c4559f588a8  -

real	0m2.512s
user	0m2.335s
sys	0m0.580s
1000+0 records in
1000+0 records out
1048576000 bytes (1.0 GB) copied, 2.52785 s, 415 MB/s
3c84e34b319946f6531a2c4559f588a8  -

real	0m2.531s
user	0m2.355s
sys	0m0.623s
1000+0 records in
1000+0 records out
1048576000 bytes (1.0 GB) copied, 2.53827 s, 413 MB/s
3c84e34b319946f6531a2c4559f588a8  -

real	0m2.541s
user	0m2.367s
sys	0m0.640s
1000+0 records in
1000+0 records out
1048576000 bytes (1.0 GB) copied, 2.53009 s, 414 MB/s
3c84e34b319946f6531a2c4559f588a8  -

real	0m2.533s
user	0m2.346s
sys	0m0.624s
1000+0 records in
1000+0 records out
1048576000 bytes (1.0 GB) copied, 2.52552 s, 415 MB/s
3c84e34b319946f6531a2c4559f588a8  -

real	0m2.528s
user	0m2.357s
sys	0m0.608s
1000+0 records in
1000+0 records out
1048576000 bytes (1.0 GB) copied, 2.51564 s, 417 MB/s
3c84e34b319946f6531a2c4559f588a8  -

real	0m2.518s
user	0m2.306s
sys	0m0.634s
1000+0 records in
1000+0 records out
1048576000 bytes (1.0 GB) copied, 2.52313 s, 416 MB/s
3c84e34b319946f6531a2c4559f588a8  -

real	0m2.526s
user	0m2.336s
sys	0m0.614s
1000+0 records in
1000+0 records out
1048576000 bytes (1.0 GB) copied, 2.52643 s, 415 MB/s
3c84e34b319946f6531a2c4559f588a8  -

real	0m2.529s
user	0m2.341s
sys	0m0.607s
1000+0 records in
1000+0 records out
1048576000 bytes (1.0 GB) copied, 2.52231 s, 416 MB/s
3c84e34b319946f6531a2c4559f588a8  -

real	0m2.525s
user	0m2.331s
sys	0m0.615s
1000+0 records in
1000+0 records out
1048576000 bytes (1.0 GB) copied, 2.53363 s, 414 MB/s
3c84e34b319946f6531a2c4559f588a8  -

real	0m2.537s
user	0m2.348s
sys	0m0.620s
1000+0 records in
1000+0 records out
1048576000 bytes (1.0 GB) copied, 2.53428 s, 414 MB/s
3c84e34b319946f6531a2c4559f588a8  -

real	0m2.537s
user	0m2.349s
sys	0m0.631s
1000+0 records in
1000+0 records out
1048576000 bytes (1.0 GB) copied, 2.52487 s, 415 MB/s
3c84e34b319946f6531a2c4559f588a8  -

real	0m2.528s
user	0m2.322s
sys	0m0.629s
1000+0 records in
1000+0 records out
1048576000 bytes (1.0 GB) copied, 2.52479 s, 415 MB/s
3c84e34b319946f6531a2c4559f588a8  -

real	0m2.528s
user	0m2.361s
sys	0m0.593s
1000+0 records in
1000+0 records out
1048576000 bytes (1.0 GB) copied, 2.5238 s, 415 MB/s
3c84e34b319946f6531a2c4559f588a8  -

real	0m2.527s
user	0m2.329s
sys	0m0.625s
1000+0 records in
1000+0 records out
1048576000 bytes (1.0 GB) copied, 2.52889 s, 415 MB/s
3c84e34b319946f6531a2c4559f588a8  -

real	0m2.532s
user	0m2.337s
sys	0m0.616s
1000+0 records in
1000+0 records out
1048576000 bytes (1.0 GB) copied, 2.5226 s, 416 MB/s
3c84e34b319946f6531a2c4559f588a8  -

real	0m2.525s
user	0m2.339s
sys	0m0.611s
1000+0 records in
1000+0 records out
1048576000 bytes (1.0 GB) copied, 2.53569 s, 414 MB/s
3c84e34b319946f6531a2c4559f588a8  -

real	0m2.539s
user	0m2.338s
sys	0m0.627s
1000+0 records in
1000+0 records out
1048576000 bytes (1.0 GB) copied, 2.52199 s, 416 MB/s
3c84e34b319946f6531a2c4559f588a8  -

real	0m2.525s
user	0m2.342s
sys	0m0.607s
1000+0 records in
1000+0 records out
1048576000 bytes (1.0 GB) copied, 2.51767 s, 416 MB/s
3c84e34b319946f6531a2c4559f588a8  -

real	0m2.521s
user	0m2.319s
sys	0m0.618s
1000+0 records in
1000+0 records out
1048576000 bytes (1.0 GB) copied, 2.5178 s, 416 MB/s
3c84e34b319946f6531a2c4559f588a8  -

real	0m2.521s
user	0m2.349s
sys	0m0.589s
1000+0 records in
1000+0 records out
1048576000 bytes (1.0 GB) copied, 2.51867 s, 416 MB/s
3c84e34b319946f6531a2c4559f588a8  -

real	0m2.522s
user	0m2.328s
sys	0m0.614s
1000+0 records in
1000+0 records out
1048576000 bytes (1.0 GB) copied, 2.52232 s, 416 MB/s
3c84e34b319946f6531a2c4559f588a8  -

real	0m2.525s
user	0m2.323s
sys	0m0.629s
1000+0 records in
1000+0 records out
1048576000 bytes (1.0 GB) copied, 2.52017 s, 416 MB/s
3c84e34b319946f6531a2c4559f588a8  -

real	0m2.523s
user	0m2.338s
sys	0m0.606s
1000+0 records in
1000+0 records out
1048576000 bytes (1.0 GB) copied, 2.52505 s, 415 MB/s
3c84e34b319946f6531a2c4559f588a8  -

real	0m2.528s
user	0m2.360s
sys	0m0.592s
1000+0 records in
1000+0 records out
1048576000 bytes (1.0 GB) copied, 2.51727 s, 417 MB/s
3c84e34b319946f6531a2c4559f588a8  -

real	0m2.523s
user	0m2.338s
sys	0m0.594s
1000+0 records in
1000+0 records out
1048576000 bytes (1.0 GB) copied, 2.5363 s, 413 MB/s
3c84e34b319946f6531a2c4559f588a8  -

real	0m2.539s
user	0m2.331s
sys	0m0.632s
1000+0 records in
1000+0 records out
1048576000 bytes (1.0 GB) copied, 2.52705 s, 415 MB/s
3c84e34b319946f6531a2c4559f588a8  -

real	0m2.530s
user	0m2.347s
sys	0m0.610s
1000+0 records in
1000+0 records out
1048576000 bytes (1.0 GB) copied, 2.51044 s, 418 MB/s
3c84e34b319946f6531a2c4559f588a8  -

real	0m2.513s
user	0m2.325s
sys	0m0.597s
1000+0 records in
1000+0 records out
1048576000 bytes (1.0 GB) copied, 2.51411 s, 417 MB/s
3c84e34b319946f6531a2c4559f588a8  -

real	0m2.517s
user	0m2.345s
sys	0m0.586s
1000+0 records in
1000+0 records out
1048576000 bytes (1.0 GB) copied, 2.51234 s, 417 MB/s
3c84e34b319946f6531a2c4559f588a8  -

real	0m2.516s
user	0m2.342s
sys	0m0.579s
1000+0 records in
1000+0 records out
1048576000 bytes (1.0 GB) copied, 2.53617 s, 413 MB/s
3c84e34b319946f6531a2c4559f588a8  -

real	0m2.539s
user	0m2.323s
sys	0m0.650s
1000+0 records in
1000+0 records out
1048576000 bytes (1.0 GB) copied, 2.52312 s, 416 MB/s
3c84e34b319946f6531a2c4559f588a8  -

real	0m2.526s
user	0m2.328s
sys	0m0.624s
1000+0 records in
1000+0 records out
3c84e34b319946f6531a2c4559f588a8  -
1048576000 bytes (1.0 GB) copied, 2.52226 s, 416 MB/s

real	0m2.525s
user	0m2.353s
sys	0m0.591s
1000+0 records in
1000+0 records out
1048576000 bytes (1.0 GB) copied, 2.53004 s, 414 MB/s
3c84e34b319946f6531a2c4559f588a8  -

real	0m2.536s
user	0m2.323s
sys	0m0.645s
1000+0 records in
1000+0 records out
1048576000 bytes (1.0 GB) copied, 2.5249 s, 415 MB/s
3c84e34b319946f6531a2c4559f588a8  -

real	0m2.528s
user	0m2.340s
sys	0m0.612s
