500+0 records in
500+0 records out
524288000 bytes (524 MB) copied, 1.26772 s, 414 MB/s
afbad591ee2b70ac94258fbc7fac3bf2  -

real	0m1.270s
user	0m1.179s
sys	0m0.311s
500+0 records in
500+0 records out
524288000 bytes (524 MB) copied, 1.25608 s, 417 MB/s
afbad591ee2b70ac94258fbc7fac3bf2  -

real	0m1.259s
user	0m1.171s
sys	0m0.294s
500+0 records in
500+0 records out
524288000 bytes (524 MB) copiedafbad591ee2b70ac94258fbc7fac3bf2  -
, 1.25562 s, 418 MB/s

real	0m1.258s
user	0m1.152s
sys	0m0.307s
500+0 records in
500+0 records out
524288000 bytes (524 MB) copied, 1.2657 s, 414 MB/s
afbad591ee2b70ac94258fbc7fac3bf2  -

real	0m1.269s
user	0m1.162s
sys	0m0.327s
500+0 records in
500+0 records out
524288000 bytes (524 MB) copied, 1.25587 s, 417 MB/s
afbad591ee2b70ac94258fbc7fac3bf2  -

real	0m1.259s
user	0m1.161s
sys	0m0.301s
500+0 records in
500+0 records out
524288000 bytes (524 MB) copied, 1.2656 s, 414 MB/s
afbad591ee2b70ac94258fbc7fac3bf2  -

real	0m1.269s
user	0m1.186s
sys	0m0.303s
500+0 records in
500+0 records out
524288000 bytes (524 MB) copied, 1.26399 s, 415 MB/s
afbad591ee2b70ac94258fbc7fac3bf2  -

real	0m1.267s
user	0m1.173s
sys	0m0.309s
500+0 records in
500+0 records out
524288000 bytes (524 MB) copied, 1.25677 s, 417 MB/s
afbad591ee2b70ac94258fbc7fac3bf2  -

real	0m1.260s
user	0m1.173s
sys	0m0.293s
500+0 records in
500+0 records out
524288000 bytes (524 MB) copied, 1.2582 s, 417 MB/s
afbad591ee2b70ac94258fbc7fac3bf2  -

real	0m1.261s
user	0m1.177s
sys	0m0.290s
500+0 records in
500+0 records out
524288000 bytes (524 MB) copied, 1.26281 s, 415 MB/s
afbad591ee2b70ac94258fbc7fac3bf2  -

real	0m1.265s
user	0m1.183s
sys	0m0.294s
500+0 records in
500+0 records out
524288000 bytes (524 MB) copied, 1.2582 s, 417 MB/s
afbad591ee2b70ac94258fbc7fac3bf2  -

real	0m1.261s
user	0m1.163s
sys	0m0.307s
500+0 records in
500+0 records out
524288000 bytes (524 MB) copied, 1.28653 s, 408 MB/s
afbad591ee2b70ac94258fbc7fac3bf2  -

real	0m1.290s
user	0m1.182s
sys	0m0.324s
500+0 records in
500+0 records out
524288000 bytes (524 MB) copied, 1.26272 s, 415 MB/s
afbad591ee2b70ac94258fbc7fac3bf2  -

real	0m1.266s
user	0m1.178s
sys	0m0.314s
500+0 records in
500+0 records out
524288000 bytes (524 MB) copied, 1.25843 s, 417 MB/s
afbad591ee2b70ac94258fbc7fac3bf2  -

real	0m1.262s
user	0m1.176s
sys	0m0.290s
500+0 records in
500+0 records out
524288000 bytes (524 MB) copied, 1.25766 s, 417 MB/s
afbad591ee2b70ac94258fbc7fac3bf2  -

real	0m1.261s
user	0m1.162s
sys	0m0.306s
500+0 records in
500+0 records out
524288000 bytes (524 MB) copied, 1.26525 s, 414 MB/s
afbad591ee2b70ac94258fbc7fac3bf2  -

real	0m1.268s
user	0m1.181s
sys	0m0.301s
500+0 records in
500+0 records out
524288000 bytes (524 MB) copied, 1.26818 s, 413 MB/s
afbad591ee2b70ac94258fbc7fac3bf2  -

real	0m1.271s
user	0m1.167s
sys	0m0.327s
500+0 records in
500+0 records out
524288000 bytes (524 MB) copied, 1.26575 s, 414 MB/s
afbad591ee2b70ac94258fbc7fac3bf2  -

real	0m1.269s
user	0m1.180s
sys	0m0.304s
500+0 records in
500+0 records out
524288000 bytes (524 MB) copied, 1.27058 s, 413 MB/s
afbad591ee2b70ac94258fbc7fac3bf2  -

real	0m1.274s
user	0m1.170s
sys	0m0.337s
500+0 records in
500+0 records out
524288000 bytes (524 MB) copied, 1.26776 s, 414 MB/s
afbad591ee2b70ac94258fbc7fac3bf2  -

real	0m1.271s
user	0m1.168s
sys	0m0.321s
500+0 records in
500+0 records out
524288000 bytes (524 MB) copied, 1.26053 s, 416 MB/s
afbad591ee2b70ac94258fbc7fac3bf2  -

real	0m1.264s
user	0m1.162s
sys	0m0.318s
500+0 records in
500+0 records out
524288000 bytes (524 MB) copied, 1.26638 s, 414 MB/s
afbad591ee2b70ac94258fbc7fac3bf2  -

real	0m1.270s
user	0m1.163s
sys	0m0.352s
500+0 records in
500+0 records out
524288000 bytes (524 MB) copied, 1.26554 s, 414 MB/s
afbad591ee2b70ac94258fbc7fac3bf2  -

real	0m1.269s
user	0m1.185s
sys	0m0.316s
500+0 records in
500+0 records out
524288000 bytes (524 MB) copied, 1.25932 s, 416 MB/s
afbad591ee2b70ac94258fbc7fac3bf2  -

real	0m1.262s
user	0m1.162s
sys	0m0.304s
500+0 records in
500+0 records out
524288000 bytes (524 MB) copied, 1.2597 s, 416 MB/s
afbad591ee2b70ac94258fbc7fac3bf2  -

real	0m1.263s
user	0m1.173s
sys	0m0.307s
500+0 records in
500+0 records out
524288000 bytes (524 MB) copied, 1.25966 s, 416 MB/s
afbad591ee2b70ac94258fbc7fac3bf2  -

real	0m1.263s
user	0m1.172s
sys	0m0.297s
500+0 records in
500+0 records out
524288000 bytes (524 MB) copied, 1.26246 s, 415 MB/s
afbad591ee2b70ac94258fbc7fac3bf2  -

real	0m1.266s
user	0m1.185s
sys	0m0.306s
500+0 records in
500+0 records out
524288000 bytes (524 MB) copied, 1.29123 s, 406 MB/s
afbad591ee2b70ac94258fbc7fac3bf2  -

real	0m1.294s
user	0m1.179s
sys	0m0.345s
500+0 records in
500+0 records out
524288000 bytes (524 MB) copied, 1.2692 s, 413 MB/s
afbad591ee2b70ac94258fbc7fac3bf2  -

real	0m1.272s
user	0m1.173s
sys	0m0.315s
500+0 records in
500+0 records out
524288000 bytes (524 MB) copied, 1.26134 s, 416 MB/s
afbad591ee2b70ac94258fbc7fac3bf2  -

real	0m1.264s
user	0m1.187s
sys	0m0.295s
500+0 records in
500+0 records out
524288000 bytes (524 MB) copied, 1.25908 s, 416 MB/s
afbad591ee2b70ac94258fbc7fac3bf2  -

real	0m1.262s
user	0m1.175s
sys	0m0.294s
500+0 records in
500+0 records out
524288000 bytes (524 MB) copied, 1.28409 s, 408 MB/s
afbad591ee2b70ac94258fbc7fac3bf2  -

real	0m1.287s
user	0m1.170s
sys	0m0.342s
500+0 records in
500+0 records out
524288000 bytes (524 MB) copied, 1.25949 s, 416 MB/s
afbad591ee2b70ac94258fbc7fac3bf2  -

real	0m1.262s
user	0m1.179s
sys	0m0.299s
500+0 records in
500+0 records out
524288000 bytes (524 MB) copied, 1.26603 s, 414 MB/s
afbad591ee2b70ac94258fbc7fac3bf2  -

real	0m1.269s
user	0m1.187s
sys	0m0.302s
500+0 records in
500+0 records out
524288000 bytes (524 MB) copied, 1.33512 s, 393 MB/s
afbad591ee2b70ac94258fbc7fac3bf2  -

real	0m1.338s
user	0m1.183s
sys	0m0.361s
500+0 records in
500+0 records out
524288000 bytes (524 MB) copied, 1.26365 s, 415 MB/s
afbad591ee2b70ac94258fbc7fac3bf2  -

real	0m1.267s
user	0m1.155s
sys	0m0.343s
500+0 records in
500+0 records out
524288000 bytes (524 MB) copied, 1.26341 s, 415 MB/s
afbad591ee2b70ac94258fbc7fac3bf2  -

real	0m1.267s
user	0m1.175s
sys	0m0.318s
500+0 records in
500+0 records out
524288000 bytes (524 MB) copied, 1.26621 s, 414 MB/s
afbad591ee2b70ac94258fbc7fac3bf2  -

real	0m1.269s
user	0m1.181s
sys	0m0.300s
500+0 records in
500+0 records out
524288000 bytes (524 MB) copied, 1.26233 s, 415 MB/s
afbad591ee2b70ac94258fbc7fac3bf2  -

real	0m1.265s
user	0m1.180s
sys	0m0.310s
500+0 records in
500+0 records out
524288000 bytes (524 MB) copied, 1.26442 s, 415 MB/s
afbad591ee2b70ac94258fbc7fac3bf2  -

real	0m1.267s
user	0m1.163s
sys	0m0.316s
