2000+0 records in
2000+0 records out
2097152000 bytes (2.1 GB) copied, 5.04901 s, 415 MB/s
0dd74775419ada42017a0fdf21eccf94  -

real	0m5.051s
user	0m4.652s
sys	0m1.265s
2000+0 records in
2000+0 records out
2097152000 bytes (2.1 GB) copied, 5.08674 s, 412 MB/s
0dd74775419ada42017a0fdf21eccf94  -

real	0m5.090s
user	0m4.663s
sys	0m1.319s
2000+0 records in
2000+0 records out
2097152000 bytes (2.1 GB) copied0dd74775419ada42017a0fdf21eccf94  -
, 5.06134 s, 414 MB/s

real	0m5.064s
user	0m4.680s
sys	0m1.253s
2000+0 records in
2000+0 records out
2097152000 bytes (2.1 GB) copied, 5.04021 s, 416 MB/s
0dd74775419ada42017a0fdf21eccf94  -

real	0m5.043s
user	0m4.696s
sys	0m1.196s
2000+0 records in
2000+0 records out
2097152000 bytes (2.1 GB) copied, 5.06685 s, 414 MB/s
0dd74775419ada42017a0fdf21eccf94  -

real	0m5.070s
user	0m4.690s
sys	0m1.245s
2000+0 records in
2000+0 records out
2097152000 bytes (2.1 GB) copied, 5.14705 s, 407 MB/s
0dd74775419ada42017a0fdf21eccf94  -

real	0m5.149s
user	0m4.681s
sys	0m1.288s
2000+0 records in
2000+0 records out
2097152000 bytes (2.1 GB) copied, 5.02436 s, 417 MB/s
0dd74775419ada42017a0fdf21eccf94  -

real	0m5.027s
user	0m4.652s
sys	0m1.181s
2000+0 records in
2000+0 records out
2097152000 bytes (2.1 GB) copied, 5.04572 s, 416 MB/s
0dd74775419ada42017a0fdf21eccf94  -

real	0m5.049s
user	0m4.720s
sys	0m1.170s
2000+0 records in
2000+0 records out
2097152000 bytes (2.1 GB) copied, 5.03177 s, 417 MB/s
0dd74775419ada42017a0fdf21eccf94  -

real	0m5.035s
user	0m4.679s
sys	0m1.181s
2000+0 records in
2000+0 records out
2097152000 bytes (2.1 GB) copied, 5.05593 s, 415 MB/s
0dd74775419ada42017a0fdf21eccf94  -

real	0m5.059s
user	0m4.673s
sys	0m1.248s
2000+0 records in
2000+0 records out
2097152000 bytes (2.1 GB) copied, 5.05267 s, 415 MB/s
0dd74775419ada42017a0fdf21eccf94  -

real	0m5.055s
user	0m4.657s
sys	0m1.260s
2000+0 records in
2000+0 records out
2097152000 bytes (2.1 GB) copied, 5.06042 s, 414 MB/s
0dd74775419ada42017a0fdf21eccf94  -

real	0m5.063s
user	0m4.671s
sys	0m1.251s
2000+0 records in
2000+0 records out
2097152000 bytes (2.1 GB) copied, 5.02436 s, 417 MB/s
0dd74775419ada42017a0fdf21eccf94  -

real	0m5.027s
user	0m4.677s
sys	0m1.184s
2000+0 records in
2000+0 records out
2097152000 bytes (2.1 GB) copied, 5.04601 s, 416 MB/s
0dd74775419ada42017a0fdf21eccf94  -

real	0m5.049s
user	0m4.694s
sys	0m1.228s
2000+0 records in
2000+0 records out
2097152000 bytes (2.1 GB) copied, 5.04557 s, 416 MB/s
0dd74775419ada42017a0fdf21eccf94  -

real	0m5.048s
user	0m4.665s
sys	0m1.243s
2000+0 records in
2000+0 records out
2097152000 bytes (2.1 GB) copied, 5.04544 s, 416 MB/s
0dd74775419ada42017a0fdf21eccf94  -

real	0m5.048s
user	0m4.698s
sys	0m1.207s
2000+0 records in
2000+0 records out
2097152000 bytes (2.1 GB) copied, 5.05891 s, 415 MB/s
0dd74775419ada42017a0fdf21eccf94  -

real	0m5.062s
user	0m4.683s
sys	0m1.247s
2000+0 records in
2000+0 records out
2097152000 bytes (2.1 GB) copied, 5.04385 s, 416 MB/s
0dd74775419ada42017a0fdf21eccf94  -

real	0m5.047s
user	0m4.676s
sys	0m1.231s
2000+0 records in
2000+0 records out
2097152000 bytes (2.1 GB) copied, 5.0329 s, 417 MB/s
0dd74775419ada42017a0fdf21eccf94  -

real	0m5.036s
user	0m4.659s
sys	0m1.222s
2000+0 records in
2000+0 records out
2097152000 bytes (2.1 GB) copied, 5.03062 s, 417 MB/s
0dd74775419ada42017a0fdf21eccf94  -

real	0m5.034s
user	0m4.701s
sys	0m1.171s
2000+0 records in
2000+0 records out
2097152000 bytes (2.1 GB) copied, 5.04953 s, 415 MB/s
0dd74775419ada42017a0fdf21eccf94  -

real	0m5.052s
user	0m4.715s
sys	0m1.180s
2000+0 records in
2000+0 records out
2097152000 bytes (2.1 GB) copied, 5.03842 s, 416 MB/s
0dd74775419ada42017a0fdf21eccf94  -

real	0m5.041s
user	0m4.686s
sys	0m1.177s
2000+0 records in
2000+0 records out
2097152000 bytes (2.1 GB) copied, 5.04248 s, 416 MB/s
0dd74775419ada42017a0fdf21eccf94  -

real	0m5.045s
user	0m4.679s
sys	0m1.197s
2000+0 records in
2000+0 records out
2097152000 bytes (2.1 GB) copied, 5.03661 s, 416 MB/s
0dd74775419ada42017a0fdf21eccf94  -

real	0m5.040s
user	0m4.700s
sys	0m1.161s
2000+0 records in
2000+0 records out
2097152000 bytes (2.1 GB) copied, 5.054 s, 415 MB/s
0dd74775419ada42017a0fdf21eccf94  -

real	0m5.057s
user	0m4.710s
sys	0m1.211s
2000+0 records in
2000+0 records out
2097152000 bytes (2.1 GB) copied, 5.05137 s, 415 MB/s
0dd74775419ada42017a0fdf21eccf94  -

real	0m5.054s
user	0m4.707s
sys	0m1.232s
2000+0 records in
2000+0 records out
2097152000 bytes (2.1 GB) copied, 5.03411 s, 417 MB/s
0dd74775419ada42017a0fdf21eccf94  -

real	0m5.037s
user	0m4.682s
sys	0m1.186s
2000+0 records in
2000+0 records out
2097152000 bytes (2.1 GB) copied, 5.05473 s, 415 MB/s
0dd74775419ada42017a0fdf21eccf94  -

real	0m5.057s
user	0m4.675s
sys	0m1.271s
2000+0 records in
2000+0 records out
2097152000 bytes (2.1 GB) copied, 5.1283 s, 409 MB/s
0dd74775419ada42017a0fdf21eccf94  -

real	0m5.131s
user	0m4.699s
sys	0m1.302s
2000+0 records in
2000+0 records out
2097152000 bytes (2.1 GB) copied, 5.05797 s, 415 MB/s
0dd74775419ada42017a0fdf21eccf94  -

real	0m5.061s
user	0m4.662s
sys	0m1.271s
2000+0 records in
2000+0 records out
2097152000 bytes (2.1 GB) copied, 5.31136 s, 395 MB/s
0dd74775419ada42017a0fdf21eccf94  -

real	0m5.314s
user	0m4.711s
sys	0m1.443s
2000+0 records in
2000+0 records out
2097152000 bytes (2.1 GB) copied, 5.16005 s, 406 MB/s
0dd74775419ada42017a0fdf21eccf94  -

real	0m5.163s
user	0m4.669s
sys	0m1.350s
2000+0 records in
2000+0 records out
2097152000 bytes (2.1 GB) copied, 5.05662 s, 415 MB/s
0dd74775419ada42017a0fdf21eccf94  -

real	0m5.059s
user	0m4.644s
sys	0m1.246s
2000+0 records in
2000+0 records out
2097152000 bytes (2.1 GB) copied, 5.0379 s, 416 MB/s
0dd74775419ada42017a0fdf21eccf94  -

real	0m5.041s
user	0m4.667s
sys	0m1.224s
2000+0 records in
2000+0 records out
2097152000 bytes (2.1 GB) copied, 5.04852 s, 415 MB/s
0dd74775419ada42017a0fdf21eccf94  -

real	0m5.051s
user	0m4.676s
sys	0m1.233s
2000+0 records in
2000+0 records out
2097152000 bytes (2.1 GB) copied, 5.1579 s, 407 MB/s
0dd74775419ada42017a0fdf21eccf94  -

real	0m5.160s
user	0m4.704s
sys	0m1.318s
2000+0 records in
2000+0 records out
2097152000 bytes (2.1 GB) copied, 5.02815 s, 417 MB/s
0dd74775419ada42017a0fdf21eccf94  -

real	0m5.031s
user	0m4.679s
sys	0m1.178s
2000+0 records in
2000+0 records out
2097152000 bytes (2.1 GB) copied, 5.05556 s, 415 MB/s
0dd74775419ada42017a0fdf21eccf94  -

real	0m5.058s
user	0m4.715s
sys	0m1.219s
2000+0 records in
2000+0 records out
2097152000 bytes (2.1 GB) copied, 5.07008 s, 414 MB/s
0dd74775419ada42017a0fdf21eccf94  -

real	0m5.073s
user	0m4.674s
sys	0m1.255s
2000+0 records in
2000+0 records out
2097152000 bytes (2.1 GB) copied, 5.06458 s, 414 MB/s
0dd74775419ada42017a0fdf21eccf94  -

real	0m5.068s
user	0m4.677s
sys	0m1.223s
2000+0 records in
2000+0 records out
2097152000 bytes (2.1 GB) copied, 5.04 s, 416 MB/s
0dd74775419ada42017a0fdf21eccf94  -

real	0m5.043s
user	0m4.658s
sys	0m1.237s
2000+0 records in
2000+0 records out
2097152000 bytes (2.1 GB) copied, 5.03225 s, 417 MB/s
0dd74775419ada42017a0fdf21eccf94  -

real	0m5.035s
user	0m4.684s
sys	0m1.176s
2000+0 records in
2000+0 records out
2097152000 bytes (2.1 GB) copied, 5.02917 s, 417 MB/s
0dd74775419ada42017a0fdf21eccf94  -

real	0m5.032s
user	0m4.684s
sys	0m1.169s
2000+0 records in
2000+0 records out
2097152000 bytes (2.1 GB) copied, 5.03718 s, 416 MB/s
0dd74775419ada42017a0fdf21eccf94  -

real	0m5.040s
user	0m4.677s
sys	0m1.213s
2000+0 records in
2000+0 records out
2097152000 bytes (2.1 GB) copied, 5.03842 s, 416 MB/s
0dd74775419ada42017a0fdf21eccf94  -

real	0m5.041s
user	0m4.679s
sys	0m1.229s
2000+0 records in
2000+0 records out
2097152000 bytes (2.1 GB) copied, 5.047 s, 416 MB/s
0dd74775419ada42017a0fdf21eccf94  -

real	0m5.050s
user	0m4.694s
sys	0m1.223s
2000+0 records in
2000+0 records out
2097152000 bytes (2.1 GB) copied, 5.12039 s, 410 MB/s
0dd74775419ada42017a0fdf21eccf94  -

real	0m5.124s
user	0m4.717s
sys	0m1.263s
2000+0 records in
2000+0 records out
2097152000 bytes (2.1 GB) copied, 5.11832 s, 410 MB/s
0dd74775419ada42017a0fdf21eccf94  -

real	0m5.121s
user	0m4.679s
sys	0m1.299s
2000+0 records in
2000+0 records out
2097152000 bytes (2.1 GB) copied, 5.03097 s, 417 MB/s
0dd74775419ada42017a0fdf21eccf94  -

real	0m5.035s
user	0m4.663s
sys	0m1.215s
2000+0 records in
2000+0 records out
2097152000 bytes (2.1 GB) copied, 5.0371 s, 416 MB/s
0dd74775419ada42017a0fdf21eccf94  -

real	0m5.040s
user	0m4.704s
sys	0m1.179s
