500+0 records in
500+0 records out
524288000 bytes (524 MB) copied, 0.98336 s, 533 MB/s
afbad591ee2b70ac94258fbc7fac3bf2  -

real	0m0.986s
user	0m0.882s
sys	0m0.275s
500+0 records in
500+0 records out
524288000 bytes (524 MB) copied, 0.982727 s, 534 MB/s
afbad591ee2b70ac94258fbc7fac3bf2  -

real	0m0.985s
user	0m0.887s
sys	0m0.271s
500+0 records in
500+0 records out
524288000 bytes (524 MB) copiedafbad591ee2b70ac94258fbc7fac3bf2  -
, 0.981346 s, 534 MB/s

real	0m0.984s
user	0m0.889s
sys	0m0.267s
500+0 records in
500+0 records out
524288000 bytes (524 MB) copied, 0.983276 s, 533 MB/s
afbad591ee2b70ac94258fbc7fac3bf2  -

real	0m0.986s
user	0m0.890s
sys	0m0.268s
500+0 records in
500+0 records out
524288000 bytes (524 MB) copied, 0.977731 s, 536 MB/s
afbad591ee2b70ac94258fbc7fac3bf2  -

real	0m0.980s
user	0m0.900s
sys	0m0.256s
500+0 records in
500+0 records out
524288000 bytes (524 MB) copied, 0.956164 s, 548 MB/s
afbad591ee2b70ac94258fbc7fac3bf2  -

real	0m0.959s
user	0m0.888s
sys	0m0.244s
500+0 records in
500+0 records out
524288000 bytes (524 MB) copied, 0.986923 s, 531 MB/s
afbad591ee2b70ac94258fbc7fac3bf2  -

real	0m0.990s
user	0m0.874s
sys	0m0.289s
500+0 records in
500+0 records out
524288000 bytes (524 MB) copied, 0.977725 s, 536 MB/s
afbad591ee2b70ac94258fbc7fac3bf2  -

real	0m0.980s
user	0m0.891s
sys	0m0.266s
500+0 records in
500+0 records out
524288000 bytes (524 MB) copied, 0.969778 s, 541 MB/s
afbad591ee2b70ac94258fbc7fac3bf2  -

real	0m0.972s
user	0m0.877s
sys	0m0.272s
500+0 records in
500+0 records out
524288000 bytes (524 MB) copied, 1.06958 s, 490 MB/s
afbad591ee2b70ac94258fbc7fac3bf2  -

real	0m1.072s
user	0m0.972s
sys	0m0.291s
