10000+0 records in
10000+0 records out
a02bf4596da9a0c3d2b10ac745b55ccf  -
10485760000 bytes (10 GB) copied, 19.5993 s, 535 MB/s

real	0m19.602s
user	0m17.707s
sys	0m5.326s
10000+0 records in
10000+0 records out
10485760000 bytes (10 GB) copied, 19.3868 s, 541 MB/s
a02bf4596da9a0c3d2b10ac745b55ccf  -

real	0m19.390s
user	0m17.634s
sys	0m5.204s
10000+0 records in
10000+0 records out
a02bf4596da9a0c3d2b10ac745b55ccf  -
10485760000 bytes (10 GB) copied, 19.6957 s, 532 MB/s

real	0m19.699s
user	0m17.807s
sys	0m5.338s
10000+0 records in
10000+0 records out
10485760000 bytes (10 GB) copied, 19.4265 s, 540 MB/s
a02bf4596da9a0c3d2b10ac745b55ccf  -

real	0m19.430s
user	0m17.700s
sys	0m5.199s
10000+0 records in
10000+0 records out
10485760000 bytes (10 GB) copied, 19.8101 s, 529 MB/s
a02bf4596da9a0c3d2b10ac745b55ccf  -

real	0m19.813s
user	0m17.693s
sys	0m5.670s
10000+0 records in
10000+0 records out
10485760000 bytes (10 GB) copied, 19.3765 s, 541 MB/s
a02bf4596da9a0c3d2b10ac745b55ccf  -

real	0m19.380s
user	0m17.701s
sys	0m5.145s
10000+0 records in
10000+0 records out
10485760000 bytes (10 GB) copied, 19.5602 s, 536 MB/s
a02bf4596da9a0c3d2b10ac745b55ccf  -

real	0m19.563s
user	0m17.787s
sys	0m5.264s
10000+0 records in
10000+0 records out
10485760000 bytes (10 GB) copied, 19.5483 s, 536 MB/s
a02bf4596da9a0c3d2b10ac745b55ccf  -

real	0m19.551s
user	0m17.833s
sys	0m5.206s
10000+0 records in
10000+0 records out
10485760000 bytes (10 GB) copied, 19.5144 s, 537 MB/s
a02bf4596da9a0c3d2b10ac745b55ccf  -

real	0m19.518s
user	0m17.688s
sys	0m5.308s
10000+0 records in
10000+0 records out
10485760000 bytes (10 GB) copied, 19.4614 s, 539 MB/s
a02bf4596da9a0c3d2b10ac745b55ccf  -

real	0m19.464s
user	0m17.751s
sys	0m5.192s
