2000+0 records in
2000+0 records out
2097152000 bytes (2.1 GB) copied, 5.04063 s, 416 MB/s
0dd74775419ada42017a0fdf21eccf94  -

real	0m5.043s
user	0m4.681s
sys	0m1.218s
2000+0 records in
2000+0 records out
2097152000 bytes (2.1 GB) copied, 5.05648 s, 415 MB/s
0dd74775419ada42017a0fdf21eccf94  -

real	0m5.059s
user	0m4.675s
sys	0m1.286s
2000+0 records in
2000+0 records out
2097152000 bytes (2.1 GB) copied0dd74775419ada42017a0fdf21eccf94  -
, 5.08016 s, 413 MB/s

real	0m5.083s
user	0m4.683s
sys	0m1.266s
2000+0 records in
2000+0 records out
2097152000 bytes (2.1 GB) copied, 5.04653 s, 416 MB/s
0dd74775419ada42017a0fdf21eccf94  -

real	0m5.049s
user	0m4.670s
sys	0m1.234s
2000+0 records in
2000+0 records out
2097152000 bytes (2.1 GB) copied, 5.08109 s, 413 MB/s
0dd74775419ada42017a0fdf21eccf94  -

real	0m5.084s
user	0m4.692s
sys	0m1.265s
2000+0 records in
2000+0 records out
2097152000 bytes (2.1 GB) copied, 5.02621 s, 417 MB/s
0dd74775419ada42017a0fdf21eccf94  -

real	0m5.029s
user	0m4.686s
sys	0m1.171s
2000+0 records in
2000+0 records out
2097152000 bytes (2.1 GB) copied, 5.0595 s, 414 MB/s
0dd74775419ada42017a0fdf21eccf94  -

real	0m5.062s
user	0m4.664s
sys	0m1.235s
2000+0 records in
2000+0 records out
2097152000 bytes (2.1 GB) copied, 5.02837 s, 417 MB/s
0dd74775419ada42017a0fdf21eccf94  -

real	0m5.031s
user	0m4.686s
sys	0m1.154s
2000+0 records in
2000+0 records out
2097152000 bytes (2.1 GB) copied, 5.03762 s, 416 MB/s
0dd74775419ada42017a0fdf21eccf94  -

real	0m5.041s
user	0m4.688s
sys	0m1.177s
2000+0 records in
2000+0 records out
2097152000 bytes (2.1 GB) copied, 5.07402 s, 413 MB/s
0dd74775419ada42017a0fdf21eccf94  -

real	0m5.077s
user	0m4.685s
sys	0m1.274s
2000+0 records in
2000+0 records out
2097152000 bytes (2.1 GB) copied, 5.04602 s, 416 MB/s
0dd74775419ada42017a0fdf21eccf94  -

real	0m5.048s
user	0m4.688s
sys	0m1.200s
2000+0 records in
2000+0 records out
2097152000 bytes (2.1 GB) copied, 5.02812 s, 417 MB/s
0dd74775419ada42017a0fdf21eccf94  -

real	0m5.031s
user	0m4.692s
sys	0m1.148s
2000+0 records in
2000+0 records out
2097152000 bytes (2.1 GB) copied, 5.03705 s, 416 MB/s
0dd74775419ada42017a0fdf21eccf94  -

real	0m5.040s
user	0m4.671s
sys	0m1.190s
2000+0 records in
2000+0 records out
2097152000 bytes (2.1 GB) copied, 5.0441 s, 416 MB/s
0dd74775419ada42017a0fdf21eccf94  -

real	0m5.047s
user	0m4.666s
sys	0m1.216s
2000+0 records in
2000+0 records out
2097152000 bytes (2.1 GB) copied, 5.04966 s, 415 MB/s
0dd74775419ada42017a0fdf21eccf94  -

real	0m5.053s
user	0m4.667s
sys	0m1.251s
2000+0 records in
2000+0 records out
2097152000 bytes (2.1 GB) copied, 5.04892 s, 415 MB/s
0dd74775419ada42017a0fdf21eccf94  -

real	0m5.052s
user	0m4.718s
sys	0m1.175s
2000+0 records in
2000+0 records out
2097152000 bytes (2.1 GB) copied, 5.05348 s, 415 MB/s
0dd74775419ada42017a0fdf21eccf94  -

real	0m5.056s
user	0m4.698s
sys	0m1.201s
2000+0 records in
2000+0 records out
2097152000 bytes (2.1 GB) copied, 5.05234 s, 415 MB/s
0dd74775419ada42017a0fdf21eccf94  -

real	0m5.055s
user	0m4.680s
sys	0m1.215s
2000+0 records in
2000+0 records out
2097152000 bytes (2.1 GB) copied, 5.04618 s, 416 MB/s
0dd74775419ada42017a0fdf21eccf94  -

real	0m5.049s
user	0m4.656s
sys	0m1.230s
2000+0 records in
2000+0 records out
2097152000 bytes (2.1 GB) copied, 5.06233 s, 414 MB/s
0dd74775419ada42017a0fdf21eccf94  -

real	0m5.065s
user	0m4.704s
sys	0m1.216s
2000+0 records in
2000+0 records out
2097152000 bytes (2.1 GB) copied, 5.04893 s, 415 MB/s
0dd74775419ada42017a0fdf21eccf94  -

real	0m5.051s
user	0m4.679s
sys	0m1.257s
2000+0 records in
2000+0 records out
2097152000 bytes (2.1 GB) copied, 5.04388 s, 416 MB/s
0dd74775419ada42017a0fdf21eccf94  -

real	0m5.047s
user	0m4.683s
sys	0m1.217s
2000+0 records in
2000+0 records out
2097152000 bytes (2.1 GB) copied, 5.04767 s, 415 MB/s
0dd74775419ada42017a0fdf21eccf94  -

real	0m5.051s
user	0m4.695s
sys	0m1.241s
2000+0 records in
2000+0 records out
2097152000 bytes (2.1 GB) copied, 5.03363 s, 417 MB/s
0dd74775419ada42017a0fdf21eccf94  -

real	0m5.036s
user	0m4.687s
sys	0m1.193s
2000+0 records in
2000+0 records out
2097152000 bytes (2.1 GB) copied, 5.04142 s, 416 MB/s
0dd74775419ada42017a0fdf21eccf94  -

real	0m5.044s
user	0m4.698s
sys	0m1.168s
2000+0 records in
2000+0 records out
2097152000 bytes (2.1 GB) copied, 5.02623 s, 417 MB/s
0dd74775419ada42017a0fdf21eccf94  -

real	0m5.029s
user	0m4.675s
sys	0m1.185s
2000+0 records in
2000+0 records out
2097152000 bytes (2.1 GB) copied, 5.04374 s, 416 MB/s
0dd74775419ada42017a0fdf21eccf94  -

real	0m5.047s
user	0m4.700s
sys	0m1.205s
2000+0 records in
2000+0 records out
2097152000 bytes (2.1 GB) copied, 5.05361 s, 415 MB/s
0dd74775419ada42017a0fdf21eccf94  -

real	0m5.057s
user	0m4.753s
sys	0m1.200s
2000+0 records in
2000+0 records out
2097152000 bytes (2.1 GB) copied, 5.05848 s, 415 MB/s
0dd74775419ada42017a0fdf21eccf94  -

real	0m5.061s
user	0m4.669s
sys	0m1.255s
2000+0 records in
2000+0 records out
2097152000 bytes (2.1 GB) copied, 5.06776 s, 414 MB/s
0dd74775419ada42017a0fdf21eccf94  -

real	0m5.071s
user	0m4.662s
sys	0m1.272s
2000+0 records in
2000+0 records out
2097152000 bytes (2.1 GB) copied, 5.10867 s, 411 MB/s
0dd74775419ada42017a0fdf21eccf94  -

real	0m5.111s
user	0m4.679s
sys	0m1.262s
2000+0 records in
2000+0 records out
2097152000 bytes (2.1 GB) copied, 5.02758 s, 417 MB/s
0dd74775419ada42017a0fdf21eccf94  -

real	0m5.030s
user	0m4.685s
sys	0m1.161s
2000+0 records in
2000+0 records out
2097152000 bytes (2.1 GB) copied, 5.1 s, 411 MB/s
0dd74775419ada42017a0fdf21eccf94  -

real	0m5.103s
user	0m4.676s
sys	0m1.289s
2000+0 records in
2000+0 records out
2097152000 bytes (2.1 GB) copied, 5.04209 s, 416 MB/s
0dd74775419ada42017a0fdf21eccf94  -

real	0m5.045s
user	0m4.694s
sys	0m1.221s
2000+0 records in
2000+0 records out
2097152000 bytes (2.1 GB) copied, 5.13221 s, 409 MB/s
0dd74775419ada42017a0fdf21eccf94  -

real	0m5.135s
user	0m4.744s
sys	0m1.310s
2000+0 records in
2000+0 records out
2097152000 bytes (2.1 GB) copied, 5.03347 s, 417 MB/s
0dd74775419ada42017a0fdf21eccf94  -

real	0m5.036s
user	0m4.681s
sys	0m1.188s
2000+0 records in
2000+0 records out
2097152000 bytes (2.1 GB) copied, 5.04442 s, 416 MB/s
0dd74775419ada42017a0fdf21eccf94  -

real	0m5.047s
user	0m4.683s
sys	0m1.200s
2000+0 records in
2000+0 records out
2097152000 bytes (2.1 GB) copied, 5.04799 s, 415 MB/s
0dd74775419ada42017a0fdf21eccf94  -

real	0m5.051s
user	0m4.674s
sys	0m1.251s
2000+0 records in
2000+0 records out
2097152000 bytes (2.1 GB) copied, 5.02444 s, 417 MB/s
0dd74775419ada42017a0fdf21eccf94  -

real	0m5.027s
user	0m4.675s
sys	0m1.165s
2000+0 records in
2000+0 records out
2097152000 bytes (2.1 GB) copied, 5.01378 s, 418 MB/s
0dd74775419ada42017a0fdf21eccf94  -

real	0m5.017s
user	0m4.674s
sys	0m1.138s
2000+0 records in
2000+0 records out
2097152000 bytes (2.1 GB) copied, 5.03749 s, 416 MB/s
0dd74775419ada42017a0fdf21eccf94  -

real	0m5.040s
user	0m4.667s
sys	0m1.201s
2000+0 records in
2000+0 records out
2097152000 bytes (2.1 GB) copied, 5.03068 s, 417 MB/s
0dd74775419ada42017a0fdf21eccf94  -

real	0m5.034s
user	0m4.689s
sys	0m1.157s
2000+0 records in
2000+0 records out
2097152000 bytes (2.1 GB) copied, 5.03042 s, 417 MB/s
0dd74775419ada42017a0fdf21eccf94  -

real	0m5.033s
user	0m4.677s
sys	0m1.179s
2000+0 records in
2000+0 records out
2097152000 bytes (2.1 GB) copied, 5.04593 s, 416 MB/s
0dd74775419ada42017a0fdf21eccf94  -

real	0m5.049s
user	0m4.698s
sys	0m1.205s
2000+0 records in
2000+0 records out
2097152000 bytes (2.1 GB) copied, 5.07222 s, 413 MB/s
0dd74775419ada42017a0fdf21eccf94  -

real	0m5.075s
user	0m4.705s
sys	0m1.246s
2000+0 records in
2000+0 records out
2097152000 bytes (2.1 GB) copied, 5.02952 s, 417 MB/s
0dd74775419ada42017a0fdf21eccf94  -

real	0m5.033s
user	0m4.693s
sys	0m1.172s
