500+0 records in
500+0 records out
524288000 bytes (524 MB) copied, 1.2586 s, 417 MB/s
afbad591ee2b70ac94258fbc7fac3bf2  -

real	0m1.261s
user	0m1.173s
sys	0m0.293s
500+0 records in
500+0 records out
524288000 bytes (524 MB) copied, 1.25855 s, 417 MB/s
afbad591ee2b70ac94258fbc7fac3bf2  -

real	0m1.261s
user	0m1.170s
sys	0m0.294s
500+0 records in
500+0 records out
524288000 bytes (524 MB) copiedafbad591ee2b70ac94258fbc7fac3bf2  -
, 1.26752 s, 414 MB/s

real	0m1.270s
user	0m1.173s
sys	0m0.315s
500+0 records in
500+0 records out
524288000 bytes (524 MB) copied, 1.26888 s, 413 MB/s
afbad591ee2b70ac94258fbc7fac3bf2  -

real	0m1.271s
user	0m1.184s
sys	0m0.306s
500+0 records in
500+0 records out
524288000 bytes (524 MB) copied, 1.26273 s, 415 MB/s
afbad591ee2b70ac94258fbc7fac3bf2  -

real	0m1.266s
user	0m1.177s
sys	0m0.304s
500+0 records in
500+0 records out
524288000 bytes (524 MB) copied, 1.2756 s, 411 MB/s
afbad591ee2b70ac94258fbc7fac3bf2  -

real	0m1.278s
user	0m1.157s
sys	0m0.341s
500+0 records in
500+0 records out
524288000 bytes (524 MB) copied, 1.26227 s, 415 MB/s
afbad591ee2b70ac94258fbc7fac3bf2  -

real	0m1.265s
user	0m1.188s
sys	0m0.291s
500+0 records in
500+0 records out
524288000 bytes (524 MB) copied, 1.26384 s, 415 MB/s
afbad591ee2b70ac94258fbc7fac3bf2  -

real	0m1.267s
user	0m1.180s
sys	0m0.302s
500+0 records in
500+0 records out
524288000 bytes (524 MB) copied, 1.2729 s, 412 MB/s
afbad591ee2b70ac94258fbc7fac3bf2  -

real	0m1.276s
user	0m1.166s
sys	0m0.323s
100+0 records in
100+0 records out
104857600 bytes (105 MB) copied, 0.254396 s, 412 MB/s
876fac806fac9926ea0bfac7ddf6649c  -

real	0m0.257s
user	0m0.237s
sys	0m0.065s
100+0 records in
100+0 records out
104857600 bytes (105 MB) copied, 0.251485 s, 417 MB/s
876fac806fac9926ea0bfac7ddf6649c  -

real	0m0.254s
user	0m0.232s
sys	0m0.063s
100+0 records in
100+0 records out
104857600 bytes (105 MB) copied, 0.254376 s, 412 MB/s
876fac806fac9926ea0bfac7ddf6649c  -

real	0m0.257s
user	0m0.234s
sys	0m0.070s
100+0 records in
100+0 records out
104857600 bytes (105 MB) copied, 0.269679 s, 389 MB/s
876fac806fac9926ea0bfac7ddf6649c  -

real	0m0.273s
user	0m0.241s
sys	0m0.079s
100+0 records in
100+0 records out
104857600 bytes (105 MB) copied, 0.255229 s, 411 MB/s
876fac806fac9926ea0bfac7ddf6649c  -

real	0m0.258s
user	0m0.236s
sys	0m0.068s
100+0 records in
100+0 records out
104857600 bytes (105 MB) copied, 0.254008 s, 413 MB/s
876fac806fac9926ea0bfac7ddf6649c  -

real	0m0.257s
user	0m0.231s
sys	0m0.071s
100+0 records in
100+0 records out
104857600 bytes (105 MB) copied, 0.256746 s, 408 MB/s
876fac806fac9926ea0bfac7ddf6649c  -

real	0m0.260s
user	0m0.247s
sys	0m0.061s
100+0 records in
100+0 records out
104857600 bytes (105 MB) copied, 0.253076 s, 414 MB/s
876fac806fac9926ea0bfac7ddf6649c  -

real	0m0.256s
user	0m0.247s
sys	0m0.052s
100+0 records in
100+0 records out
104857600 bytes (105 MB) copied, 0.25229 s, 416 MB/s
876fac806fac9926ea0bfac7ddf6649c  -

real	0m0.255s
user	0m0.238s
sys	0m0.058s
100+0 records in
100+0 records out
104857600 bytes (105 MB) copied, 0.253593 s, 413 MB/s
876fac806fac9926ea0bfac7ddf6649c  -

real	0m0.256s
user	0m0.238s
sys	0m0.062s
100+0 records in
100+0 records out
104857600 bytes (105 MB) copied, 0.255038 s, 411 MB/s
876fac806fac9926ea0bfac7ddf6649c  -

real	0m0.258s
user	0m0.240s
sys	0m0.064s
100+0 records in
100+0 records out
104857600 bytes (105 MB) copied, 0.251421 s, 417 MB/s
876fac806fac9926ea0bfac7ddf6649c  -

real	0m0.254s
user	0m0.239s
sys	0m0.059s
100+0 records in
100+0 records out
104857600 bytes (105 MB) copied, 0.251545 s, 417 MB/s
876fac806fac9926ea0bfac7ddf6649c  -

real	0m0.254s
user	0m0.234s
sys	0m0.064s
100+0 records in
100+0 records out
104857600 bytes (105 MB) copied, 0.255349 s, 411 MB/s
876fac806fac9926ea0bfac7ddf6649c  -

real	0m0.259s
user	0m0.240s
sys	0m0.066s
100+0 records in
100+0 records out
104857600 bytes (105 MB) copied, 0.252499 s, 415 MB/s
876fac806fac9926ea0bfac7ddf6649c  -

real	0m0.255s
user	0m0.236s
sys	0m0.065s
100+0 records in
100+0 records out
104857600 bytes (105 MB) copied, 0.252415 s, 415 MB/s
876fac806fac9926ea0bfac7ddf6649c  -

real	0m0.255s
user	0m0.235s
sys	0m0.065s
100+0 records in
100+0 records out
104857600 bytes (105 MB) copied, 0.255159 s, 411 MB/s
876fac806fac9926ea0bfac7ddf6649c  -

real	0m0.258s
user	0m0.234s
sys	0m0.073s
100+0 records in
100+0 records out
104857600 bytes (105 MB) copied, 0.252129 s, 416 MB/s
876fac806fac9926ea0bfac7ddf6649c  -

real	0m0.255s
user	0m0.232s
sys	0m0.067s
100+0 records in
100+0 records out
104857600 bytes (105 MB) copied, 0.253554 s, 414 MB/s
876fac806fac9926ea0bfac7ddf6649c  -

real	0m0.256s
user	0m0.240s
sys	0m0.060s
100+0 records in
100+0 records out
104857600 bytes (105 MB) copied, 0.255234 s, 411 MB/s
876fac806fac9926ea0bfac7ddf6649c  -

real	0m0.258s
user	0m0.239s
sys	0m0.064s
100+0 records in
100+0 records out
104857600 bytes (105 MB) copied, 0.251197 s, 417 MB/s
876fac806fac9926ea0bfac7ddf6649c  -

real	0m0.254s
user	0m0.240s
sys	0m0.054s
100+0 records in
100+0 records out
104857600 bytes (105 MB) copied, 0.259561 s, 404 MB/s
876fac806fac9926ea0bfac7ddf6649c  -

real	0m0.262s
user	0m0.233s
sys	0m0.076s
100+0 records in
100+0 records out
104857600 bytes (105 MB) copied, 0.255751 s, 410 MB/s
876fac806fac9926ea0bfac7ddf6649c  -

real	0m0.258s
user	0m0.235s
sys	0m0.069s
100+0 records in
100+0 records out
104857600 bytes (105 MB) copied, 0.252052 s, 416 MB/s
876fac806fac9926ea0bfac7ddf6649c  -

real	0m0.255s
user	0m0.245s
sys	0m0.054s
100+0 records in
100+0 records out
104857600 bytes (105 MB) copied, 0.25315 s, 414 MB/s
876fac806fac9926ea0bfac7ddf6649c  -

real	0m0.256s
user	0m0.239s
sys	0m0.065s
100+0 records in
100+0 records out
104857600 bytes (105 MB) copied, 0.254635 s, 412 MB/s
876fac806fac9926ea0bfac7ddf6649c  -

real	0m0.258s
user	0m0.240s
sys	0m0.062s
100+0 records in
100+0 records out
104857600 bytes (105 MB) copied, 0.257881 s, 407 MB/s
876fac806fac9926ea0bfac7ddf6649c  -

real	0m0.261s
user	0m0.234s
sys	0m0.078s
100+0 records in
100+0 records out
104857600 bytes (105 MB) copied, 0.256467 s, 409 MB/s
876fac806fac9926ea0bfac7ddf6649c  -

real	0m0.259s
user	0m0.235s
sys	0m0.071s
100+0 records in
100+0 records out
104857600 bytes (105 MB) copied, 0.256291 s, 409 MB/s
876fac806fac9926ea0bfac7ddf6649c  -

real	0m0.259s
user	0m0.235s
sys	0m0.067s
100+0 records in
100+0 records out
104857600 bytes (105 MB) copied, 0.254186 s, 413 MB/s
876fac806fac9926ea0bfac7ddf6649c  -

real	0m0.257s
user	0m0.240s
sys	0m0.061s
100+0 records in
100+0 records out
104857600 bytes (105 MB) copied, 0.261617 s, 401 MB/s
876fac806fac9926ea0bfac7ddf6649c  -

real	0m0.264s
user	0m0.238s
sys	0m0.074s
100+0 records in
100+0 records out
104857600 bytes (105 MB) copied, 0.254166 s, 413 MB/s
876fac806fac9926ea0bfac7ddf6649c  -

real	0m0.257s
user	0m0.240s
sys	0m0.061s
100+0 records in
100+0 records out
104857600 bytes (105 MB) copied, 0.258658 s, 405 MB/s
876fac806fac9926ea0bfac7ddf6649c  -

real	0m0.262s
user	0m0.231s
sys	0m0.079s
100+0 records in
100+0 records out
104857600 bytes (105 MB) copied, 0.25489 s, 411 MB/s
876fac806fac9926ea0bfac7ddf6649c  -

real	0m0.258s
user	0m0.242s
sys	0m0.061s
100+0 records in
100+0 records out
104857600 bytes (105 MB) copied, 0.254424 s, 412 MB/s
876fac806fac9926ea0bfac7ddf6649c  -

real	0m0.258s
user	0m0.231s
sys	0m0.070s
100+0 records in
100+0 records out
104857600 bytes (105 MB) copied, 0.251413 s, 417 MB/s
876fac806fac9926ea0bfac7ddf6649c  -

real	0m0.254s
user	0m0.232s
sys	0m0.066s
100+0 records in
100+0 records out
104857600 bytes (105 MB) copied, 0.257344 s, 407 MB/s
876fac806fac9926ea0bfac7ddf6649c  -

real	0m0.260s
user	0m0.232s
sys	0m0.076s
100+0 records in
100+0 records out
104857600 bytes (105 MB) copied, 0.258479 s, 406 MB/s
876fac806fac9926ea0bfac7ddf6649c  -

real	0m0.261s
user	0m0.245s
sys	0m0.066s
100+0 records in
100+0 records out
104857600 bytes (105 MB) copied, 0.251649 s, 417 MB/s
876fac806fac9926ea0bfac7ddf6649c  -

real	0m0.254s
user	0m0.236s
sys	0m0.059s
100+0 records in
100+0 records out
104857600 bytes (105 MB) copied, 0.258764 s, 405 MB/s
876fac806fac9926ea0bfac7ddf6649c  -

real	0m0.262s
user	0m0.243s
sys	0m0.065s
100+0 records in
100+0 records out
876fac806fac9926ea0bfac7ddf6649c  -
104857600 bytes (105 MB) copied, 0.256653 s, 409 MB/s

real	0m0.259s
user	0m0.235s
sys	0m0.069s
100+0 records in
100+0 records out
104857600 bytes (105 MB) copied, 0.251719 s, 417 MB/s
876fac806fac9926ea0bfac7ddf6649c  -

real	0m0.254s
user	0m0.238s
sys	0m0.059s
100+0 records in
100+0 records out
104857600 bytes (105 MB) copied, 0.258327 s, 406 MB/s
876fac806fac9926ea0bfac7ddf6649c  -

real	0m0.261s
user	0m0.240s
sys	0m0.071s
100+0 records in
100+0 records out
104857600 bytes (105 MB) copied, 0.251833 s, 416 MB/s
876fac806fac9926ea0bfac7ddf6649c  -

real	0m0.254s
user	0m0.237s
sys	0m0.057s
100+0 records in
100+0 records out
104857600 bytes (105 MB) copied, 0.255294 s, 411 MB/s
876fac806fac9926ea0bfac7ddf6649c  -

real	0m0.258s
user	0m0.234s
sys	0m0.067s
100+0 records in
100+0 records out
104857600 bytes (105 MB) copied, 0.251517 s, 417 MB/s
876fac806fac9926ea0bfac7ddf6649c  -

real	0m0.254s
user	0m0.234s
sys	0m0.066s
100+0 records in
100+0 records out
104857600 bytes (105 MB) copied, 0.255174 s, 411 MB/s
876fac806fac9926ea0bfac7ddf6649c  -

real	0m0.258s
user	0m0.237s
sys	0m0.069s
100+0 records in
100+0 records out
104857600 bytes (105 MB) copied, 0.252263 s, 416 MB/s
876fac806fac9926ea0bfac7ddf6649c  -

real	0m0.255s
user	0m0.239s
sys	0m0.061s
100+0 records in
100+0 records out
104857600 bytes (105 MB) copied, 0.252618 s, 415 MB/s
876fac806fac9926ea0bfac7ddf6649c  -

real	0m0.255s
user	0m0.239s
sys	0m0.060s
100+0 records in
100+0 records out
104857600 bytes (105 MB) copied, 0.254821 s, 411 MB/s
876fac806fac9926ea0bfac7ddf6649c  -

real	0m0.258s
user	0m0.236s
sys	0m0.068s
100+0 records in
100+0 records out
104857600 bytes (105 MB) copied, 0.251391 s, 417 MB/s
876fac806fac9926ea0bfac7ddf6649c  -

real	0m0.254s
user	0m0.237s
sys	0m0.060s
100+0 records in
100+0 records out
104857600 bytes (105 MB) copied, 0.25158 s, 417 MB/s
876fac806fac9926ea0bfac7ddf6649c  -

real	0m0.254s
user	0m0.243s
sys	0m0.050s
100+0 records in
100+0 records out
104857600 bytes (105 MB) copied, 0.261995 s, 400 MB/s
876fac806fac9926ea0bfac7ddf6649c  -

real	0m0.265s
user	0m0.236s
sys	0m0.078s
100+0 records in
100+0 records out
104857600 bytes (105 MB) copied, 0.254416 s, 412 MB/s
876fac806fac9926ea0bfac7ddf6649c  -

real	0m0.257s
user	0m0.244s
sys	0m0.057s
100+0 records in
100+0 records out
104857600 bytes (105 MB) copied, 0.252051 s, 416 MB/s
876fac806fac9926ea0bfac7ddf6649c  -

real	0m0.255s
user	0m0.233s
sys	0m0.066s
100+0 records in
100+0 records out
104857600 bytes (105 MB) copied, 0.256196 s, 409 MB/s
876fac806fac9926ea0bfac7ddf6649c  -

real	0m0.259s
user	0m0.237s
sys	0m0.071s
100+0 records in
100+0 records out
104857600 bytes (105 MB) copied, 0.251775 s, 416 MB/s
876fac806fac9926ea0bfac7ddf6649c  -

real	0m0.254s
user	0m0.233s
sys	0m0.061s
100+0 records in
100+0 records out
104857600 bytes (105 MB) copied, 0.251237 s, 417 MB/s
876fac806fac9926ea0bfac7ddf6649c  -

real	0m0.254s
user	0m0.239s
sys	0m0.058s
100+0 records in
100+0 records out
104857600 bytes (105 MB) copied, 0.252861 s, 415 MB/s
876fac806fac9926ea0bfac7ddf6649c  -

real	0m0.255s
user	0m0.228s
sys	0m0.068s
100+0 records in
100+0 records out
104857600 bytes (105 MB) copied, 0.259122 s, 405 MB/s
876fac806fac9926ea0bfac7ddf6649c  -

real	0m0.262s
user	0m0.243s
sys	0m0.069s
100+0 records in
100+0 records out
104857600 bytes (105 MB) copied, 0.251486 s, 417 MB/s
876fac806fac9926ea0bfac7ddf6649c  -

real	0m0.254s
user	0m0.233s
sys	0m0.062s
100+0 records in
100+0 records out
104857600 bytes (105 MB) copied, 0.258912 s, 405 MB/s
876fac806fac9926ea0bfac7ddf6649c  -

real	0m0.262s
user	0m0.240s
sys	0m0.070s
100+0 records in
100+0 records out
104857600 bytes (105 MB) copied, 0.254431 s, 412 MB/s
876fac806fac9926ea0bfac7ddf6649c  -

real	0m0.257s
user	0m0.236s
sys	0m0.065s
100+0 records in
100+0 records out
104857600 bytes (105 MB) copied, 0.254979 s, 411 MB/s
876fac806fac9926ea0bfac7ddf6649c  -

real	0m0.258s
user	0m0.238s
sys	0m0.066s
100+0 records in
100+0 records out
104857600 bytes (105 MB) copied, 0.254697 s, 412 MB/s
876fac806fac9926ea0bfac7ddf6649c  -

real	0m0.258s
user	0m0.234s
sys	0m0.068s
100+0 records in
100+0 records out
104857600 bytes (105 MB) copied, 0.25133 s, 417 MB/s
876fac806fac9926ea0bfac7ddf6649c  -

real	0m0.254s
user	0m0.229s
sys	0m0.069s
100+0 records in
100+0 records out
104857600 bytes (105 MB) copied, 0.255978 s, 410 MB/s
876fac806fac9926ea0bfac7ddf6649c  -

real	0m0.259s
user	0m0.241s
sys	0m0.069s
100+0 records in
100+0 records out
104857600 bytes (105 MB) copied, 0.255792 s, 410 MB/s
876fac806fac9926ea0bfac7ddf6649c  -

real	0m0.259s
user	0m0.234s
sys	0m0.072s
100+0 records in
100+0 records out
104857600 bytes (105 MB) copied, 0.25442 s, 412 MB/s
876fac806fac9926ea0bfac7ddf6649c  -

real	0m0.257s
user	0m0.237s
sys	0m0.066s
100+0 records in
100+0 records out
104857600 bytes (105 MB) copied, 0.251628 s, 417 MB/s
876fac806fac9926ea0bfac7ddf6649c  -

real	0m0.254s
user	0m0.239s
sys	0m0.057s
100+0 records in
100+0 records out
104857600 bytes (105 MB) copied, 0.255278 s, 411 MB/s
876fac806fac9926ea0bfac7ddf6649c  -

real	0m0.258s
user	0m0.237s
sys	0m0.067s
100+0 records in
100+0 records out
104857600 bytes (105 MB) copied, 0.251583 s, 417 MB/s
876fac806fac9926ea0bfac7ddf6649c  -

real	0m0.254s
user	0m0.234s
sys	0m0.064s
100+0 records in
100+0 records out
104857600 bytes (105 MB) copied, 0.255696 s, 410 MB/s
876fac806fac9926ea0bfac7ddf6649c  -

real	0m0.259s
user	0m0.242s
sys	0m0.064s
100+0 records in
100+0 records out
104857600 bytes (105 MB) copied, 0.254765 s, 412 MB/s
876fac806fac9926ea0bfac7ddf6649c  -

real	0m0.258s
user	0m0.244s
sys	0m0.058s
100+0 records in
100+0 records out
104857600 bytes (105 MB) copied, 0.251716 s, 417 MB/s
876fac806fac9926ea0bfac7ddf6649c  -

real	0m0.254s
user	0m0.242s
sys	0m0.054s
100+0 records in
100+0 records out
104857600 bytes (105 MB) copied, 0.251219 s, 417 MB/s
876fac806fac9926ea0bfac7ddf6649c  -

real	0m0.254s
user	0m0.237s
sys	0m0.057s
100+0 records in
100+0 records out
104857600 bytes (105 MB) copied, 0.258403 s, 406 MB/s
876fac806fac9926ea0bfac7ddf6649c  -

real	0m0.261s
user	0m0.238s
sys	0m0.069s
100+0 records in
100+0 records out
104857600 bytes (105 MB) copied, 0.254813 s, 412 MB/s
876fac806fac9926ea0bfac7ddf6649c  -

real	0m0.258s
user	0m0.237s
sys	0m0.066s
100+0 records in
100+0 records out
104857600 bytes (105 MB) copied, 0.264832 s, 396 MB/s
876fac806fac9926ea0bfac7ddf6649c  -

real	0m0.268s
user	0m0.227s
sys	0m0.093s
100+0 records in
100+0 records out
104857600 bytes (105 MB) copied, 0.251953 s, 416 MB/s
876fac806fac9926ea0bfac7ddf6649c  -

real	0m0.255s
user	0m0.243s
sys	0m0.051s
100+0 records in
100+0 records out
104857600 bytes (105 MB) copied, 0.251223 s, 417 MB/s
876fac806fac9926ea0bfac7ddf6649c  -

real	0m0.254s
user	0m0.240s
sys	0m0.053s
100+0 records in
100+0 records out
104857600 bytes (105 MB) copied, 0.265441 s, 395 MB/s
876fac806fac9926ea0bfac7ddf6649c  -

real	0m0.269s
user	0m0.247s
sys	0m0.071s
100+0 records in
100+0 records out
104857600 bytes (105 MB) copied, 0.254174 s, 413 MB/s
876fac806fac9926ea0bfac7ddf6649c  -

real	0m0.257s
user	0m0.239s
sys	0m0.063s
100+0 records in
100+0 records out
104857600 bytes (105 MB) copied, 0.251466 s, 417 MB/s
876fac806fac9926ea0bfac7ddf6649c  -

real	0m0.254s
user	0m0.238s
sys	0m0.059s
100+0 records in
100+0 records out
104857600 bytes (105 MB) copied, 0.254892 s, 411 MB/s
876fac806fac9926ea0bfac7ddf6649c  -

real	0m0.258s
user	0m0.235s
sys	0m0.069s
100+0 records in
100+0 records out
104857600 bytes (105 MB) copied, 0.251788 s, 416 MB/s
876fac806fac9926ea0bfac7ddf6649c  -

real	0m0.254s
user	0m0.238s
sys	0m0.058s
100+0 records in
100+0 records out
104857600 bytes (105 MB) copied, 0.257612 s, 407 MB/s
876fac806fac9926ea0bfac7ddf6649c  -

real	0m0.260s
user	0m0.235s
sys	0m0.074s
100+0 records in
100+0 records out
104857600 bytes (105 MB) copied, 0.255175 s, 411 MB/s
876fac806fac9926ea0bfac7ddf6649c  -

real	0m0.258s
user	0m0.237s
sys	0m0.071s
100+0 records in
100+0 records out
104857600 bytes (105 MB) copied, 0.252145 s, 416 MB/s
876fac806fac9926ea0bfac7ddf6649c  -

real	0m0.255s
user	0m0.236s
sys	0m0.066s
100+0 records in
100+0 records out
104857600 bytes (105 MB) copied876fac806fac9926ea0bfac7ddf6649c  -
, 0.25372 s, 413 MB/s

real	0m0.257s
user	0m0.229s
sys	0m0.071s
100+0 records in
100+0 records out
104857600 bytes (105 MB) copied, 0.251994 s, 416 MB/s
876fac806fac9926ea0bfac7ddf6649c  -

real	0m0.255s
user	0m0.236s
sys	0m0.063s
100+0 records in
100+0 records out
104857600 bytes (105 MB) copied, 0.254736 s, 412 MB/s
876fac806fac9926ea0bfac7ddf6649c  -

real	0m0.257s
user	0m0.232s
sys	0m0.070s
100+0 records in
100+0 records out
104857600 bytes (105 MB) copied, 0.251569 s, 417 MB/s
876fac806fac9926ea0bfac7ddf6649c  -

real	0m0.254s
user	0m0.240s
sys	0m0.053s
100+0 records in
100+0 records out
104857600 bytes (105 MB) copied, 0.254584 s, 412 MB/s
876fac806fac9926ea0bfac7ddf6649c  -

real	0m0.258s
user	0m0.234s
sys	0m0.068s
100+0 records in
100+0 records out
104857600 bytes (105 MB) copied, 0.254157 s, 413 MB/s
876fac806fac9926ea0bfac7ddf6649c  -

real	0m0.257s
user	0m0.239s
sys	0m0.062s
100+0 records in
100+0 records out
104857600 bytes (105 MB) copied, 0.25121 s, 417 MB/s
876fac806fac9926ea0bfac7ddf6649c  -

real	0m0.254s
user	0m0.233s
sys	0m0.060s
100+0 records in
100+0 records out
104857600 bytes (105 MB) copied, 0.258008 s, 406 MB/s
876fac806fac9926ea0bfac7ddf6649c  -

real	0m0.261s
user	0m0.240s
sys	0m0.064s
100+0 records in
100+0 records out
104857600 bytes (105 MB) copied, 0.251763 s, 416 MB/s
876fac806fac9926ea0bfac7ddf6649c  -

real	0m0.255s
user	0m0.238s
sys	0m0.059s
100+0 records in
100+0 records out
104857600 bytes (105 MB) copied, 0.256417 s, 409 MB/s
876fac806fac9926ea0bfac7ddf6649c  -

real	0m0.259s
user	0m0.236s
sys	0m0.073s
500+0 records in
500+0 records out
524288000 bytes (524 MB) copied, 1.26356 s, 415 MB/s
afbad591ee2b70ac94258fbc7fac3bf2  -

real	0m1.267s
user	0m1.181s
sys	0m0.301s
500+0 records in
500+0 records out
524288000 bytes (524 MB) copied, 1.25954 s, 416 MB/s
afbad591ee2b70ac94258fbc7fac3bf2  -

real	0m1.263s
user	0m1.164s
sys	0m0.308s
500+0 records in
500+0 records out
524288000 bytes (524 MB) copied, 1.2656 s, 414 MB/s
afbad591ee2b70ac94258fbc7fac3bf2  -

real	0m1.269s
user	0m1.165s
sys	0m0.322s
500+0 records in
500+0 records out
524288000 bytes (524 MB) copied, 1.26152 s, 416 MB/s
afbad591ee2b70ac94258fbc7fac3bf2  -

real	0m1.264s
user	0m1.165s
sys	0m0.310s
500+0 records in
500+0 records out
524288000 bytes (524 MB) copied, 1.2704 s, 413 MB/s
afbad591ee2b70ac94258fbc7fac3bf2  -

real	0m1.273s
user	0m1.180s
sys	0m0.326s
500+0 records in
500+0 records out
524288000 bytes (524 MB) copied, 1.26427 s, 415 MB/s
afbad591ee2b70ac94258fbc7fac3bf2  -

real	0m1.267s
user	0m1.153s
sys	0m0.327s
500+0 records in
500+0 records out
524288000 bytes (524 MB) copied, 1.26337 s, 415 MB/s
afbad591ee2b70ac94258fbc7fac3bf2  -

real	0m1.266s
user	0m1.182s
sys	0m0.302s
500+0 records in
500+0 records out
524288000 bytes (524 MB) copied, 1.2581 s, 417 MB/s
afbad591ee2b70ac94258fbc7fac3bf2  -

real	0m1.261s
user	0m1.170s
sys	0m0.299s
500+0 records in
500+0 records out
524288000 bytes (524 MB) copied, 1.26369 s, 415 MB/s
afbad591ee2b70ac94258fbc7fac3bf2  -

real	0m1.269s
user	0m1.170s
sys	0m0.305s
500+0 records in
500+0 records out
524288000 bytes (524 MB) copied, 1.26424 s, 415 MB/s
afbad591ee2b70ac94258fbc7fac3bf2  -

real	0m1.268s
user	0m1.161s
sys	0m0.320s
500+0 records in
500+0 records out
524288000 bytes (524 MB) copied, 1.25848 s, 417 MB/s
afbad591ee2b70ac94258fbc7fac3bf2  -

real	0m1.261s
user	0m1.182s
sys	0m0.289s
500+0 records in
500+0 records out
524288000 bytes (524 MB) copied, 1.27524 s, 411 MB/s
afbad591ee2b70ac94258fbc7fac3bf2  -

real	0m1.278s
user	0m1.168s
sys	0m0.331s
500+0 records in
500+0 records out
524288000 bytes (524 MB) copied, 1.26878 s, 413 MB/s
afbad591ee2b70ac94258fbc7fac3bf2  -

real	0m1.272s
user	0m1.179s
sys	0m0.303s
500+0 records in
500+0 records out
524288000 bytes (524 MB) copied, 1.26573 s, 414 MB/s
afbad591ee2b70ac94258fbc7fac3bf2  -

real	0m1.269s
user	0m1.167s
sys	0m0.315s
500+0 records in
500+0 records out
524288000 bytes (524 MB) copied, 1.26734 s, 414 MB/s
afbad591ee2b70ac94258fbc7fac3bf2  -

real	0m1.270s
user	0m1.168s
sys	0m0.323s
500+0 records in
500+0 records out
524288000 bytes (524 MB) copied, 1.26453 s, 415 MB/s
afbad591ee2b70ac94258fbc7fac3bf2  -

real	0m1.267s
user	0m1.173s
sys	0m0.316s
500+0 records in
500+0 records out
524288000 bytes (524 MB) copied, 1.26674 s, 414 MB/s
afbad591ee2b70ac94258fbc7fac3bf2  -

real	0m1.270s
user	0m1.174s
sys	0m0.317s
500+0 records in
500+0 records out
524288000 bytes (524 MB) copied, 1.2677 s, 414 MB/s
afbad591ee2b70ac94258fbc7fac3bf2  -

real	0m1.271s
user	0m1.163s
sys	0m0.328s
500+0 records in
500+0 records out
524288000 bytes (524 MB) copied, 1.26597 s, 414 MB/s
afbad591ee2b70ac94258fbc7fac3bf2  -

real	0m1.269s
user	0m1.164s
sys	0m0.321s
500+0 records in
500+0 records out
524288000 bytes (524 MB) copied, 1.26329 s, 415 MB/s
afbad591ee2b70ac94258fbc7fac3bf2  -

real	0m1.266s
user	0m1.169s
sys	0m0.311s
500+0 records in
500+0 records out
524288000 bytes (524 MB) copied, 1.26724 s, 414 MB/s
afbad591ee2b70ac94258fbc7fac3bf2  -

real	0m1.270s
user	0m1.169s
sys	0m0.320s
500+0 records in
500+0 records out
524288000 bytes (524 MB) copied, 1.26316 s, 415 MB/s
afbad591ee2b70ac94258fbc7fac3bf2  -

real	0m1.266s
user	0m1.170s
sys	0m0.313s
500+0 records in
500+0 records out
524288000 bytes (524 MB) copied, 1.25795 s, 417 MB/s
afbad591ee2b70ac94258fbc7fac3bf2  -

real	0m1.261s
user	0m1.161s
sys	0m0.307s
500+0 records in
500+0 records out
524288000 bytes (524 MB) copied, 1.26571 s, 414 MB/s
afbad591ee2b70ac94258fbc7fac3bf2  -

real	0m1.269s
user	0m1.157s
sys	0m0.328s
500+0 records in
500+0 records out
524288000 bytes (524 MB) copied, 1.26672 s, 414 MB/s
afbad591ee2b70ac94258fbc7fac3bf2  -

real	0m1.270s
user	0m1.184s
sys	0m0.305s
500+0 records in
500+0 records out
524288000 bytes (524 MB) copied, 1.25789 s, 417 MB/s
afbad591ee2b70ac94258fbc7fac3bf2  -

real	0m1.261s
user	0m1.171s
sys	0m0.297s
500+0 records in
500+0 records out
524288000 bytes (524 MB) copied, 1.26872 s, 413 MB/s
afbad591ee2b70ac94258fbc7fac3bf2  -

real	0m1.272s
user	0m1.170s
sys	0m0.329s
500+0 records in
500+0 records out
524288000 bytes (524 MB) copied, 1.27492 s, 411 MB/s
afbad591ee2b70ac94258fbc7fac3bf2  -

real	0m1.278s
user	0m1.175s
sys	0m0.318s
500+0 records in
500+0 records out
524288000 bytes (524 MB) copied, 1.26925 s, 413 MB/s
afbad591ee2b70ac94258fbc7fac3bf2  -

real	0m1.272s
user	0m1.178s
sys	0m0.313s
500+0 records in
500+0 records out
524288000 bytes (524 MB) copied, 1.26236 s, 415 MB/s
afbad591ee2b70ac94258fbc7fac3bf2  -

real	0m1.266s
user	0m1.173s
sys	0m0.301s
500+0 records in
500+0 records out
afbad591ee2b70ac94258fbc7fac3bf2  -
524288000 bytes (524 MB) copied, 1.26898 s, 413 MB/s

real	0m1.272s
user	0m1.162s
sys	0m0.332s
500+0 records in
500+0 records out
524288000 bytes (524 MB) copied, 1.25943 s, 416 MB/s
afbad591ee2b70ac94258fbc7fac3bf2  -

real	0m1.262s
user	0m1.176s
sys	0m0.301s
500+0 records in
500+0 records out
524288000 bytes (524 MB) copied, 1.25846 s, 417 MB/s
afbad591ee2b70ac94258fbc7fac3bf2  -

real	0m1.262s
user	0m1.178s
sys	0m0.284s
500+0 records in
500+0 records out
524288000 bytes (524 MB) copied, 1.26012 s, 416 MB/s
afbad591ee2b70ac94258fbc7fac3bf2  -

real	0m1.263s
user	0m1.170s
sys	0m0.313s
500+0 records in
500+0 records out
524288000 bytes (524 MB) copied, 1.26353 s, 415 MB/s
afbad591ee2b70ac94258fbc7fac3bf2  -

real	0m1.267s
user	0m1.178s
sys	0m0.296s
500+0 records in
500+0 records out
524288000 bytes (524 MB) copied, 1.26008 s, 416 MB/s
afbad591ee2b70ac94258fbc7fac3bf2  -

real	0m1.263s
user	0m1.170s
sys	0m0.308s
500+0 records in
500+0 records out
524288000 bytes (524 MB) copied, 1.26644 s, 414 MB/s
afbad591ee2b70ac94258fbc7fac3bf2  -

real	0m1.269s
user	0m1.173s
sys	0m0.320s
500+0 records in
500+0 records out
524288000 bytes (524 MB) copied, 1.26339 s, 415 MB/s
afbad591ee2b70ac94258fbc7fac3bf2  -

real	0m1.267s
user	0m1.158s
sys	0m0.331s
500+0 records in
500+0 records out
524288000 bytes (524 MB) copied, 1.2975 s, 404 MB/s
afbad591ee2b70ac94258fbc7fac3bf2  -

real	0m1.300s
user	0m1.191s
sys	0m0.345s
1000+0 records in
1000+0 records out
1048576000 bytes (1.0 GB) copied, 2.56288 s, 409 MB/s
3c84e34b319946f6531a2c4559f588a8  -

real	0m2.567s
user	0m2.343s
sys	0m0.671s
1000+0 records in
1000+0 records out
1048576000 bytes (1.0 GB) copied, 2.52574 s, 415 MB/s
3c84e34b319946f6531a2c4559f588a8  -

real	0m2.529s
user	0m2.334s
sys	0m0.623s
1000+0 records in
1000+0 records out
1048576000 bytes (1.0 GB) copied, 2.50998 s, 418 MB/s
3c84e34b319946f6531a2c4559f588a8  -

real	0m2.523s
user	0m2.333s
sys	0m0.584s
1000+0 records in
1000+0 records out
1048576000 bytes (1.0 GB) copied, 2.52297 s, 416 MB/s
3c84e34b319946f6531a2c4559f588a8  -

real	0m2.526s
user	0m2.344s
sys	0m0.601s
1000+0 records in
1000+0 records out
1048576000 bytes (1.0 GB) copied, 2.53293 s, 414 MB/s
3c84e34b319946f6531a2c4559f588a8  -

real	0m2.536s
user	0m2.330s
sys	0m0.642s
1000+0 records in
1000+0 records out
1048576000 bytes (1.0 GB) copied, 2.5393 s, 413 MB/s
3c84e34b319946f6531a2c4559f588a8  -

real	0m2.542s
user	0m2.366s
sys	0m0.616s
1000+0 records in
1000+0 records out
1048576000 bytes (1.0 GB) copied, 2.54999 s, 411 MB/s
3c84e34b319946f6531a2c4559f588a8  -

real	0m2.553s
user	0m2.372s
sys	0m0.618s
1000+0 records in
1000+0 records out
1048576000 bytes (1.0 GB) copied, 2.53078 s, 414 MB/s
3c84e34b319946f6531a2c4559f588a8  -

real	0m2.534s
user	0m2.338s
sys	0m0.610s
1000+0 records in
1000+0 records out
1048576000 bytes (1.0 GB) copied, 2.52903 s, 415 MB/s
3c84e34b319946f6531a2c4559f588a8  -

real	0m2.532s
user	0m2.349s
sys	0m0.609s
500+0 records in
500+0 records out
524288000 bytes (524 MB) copied, 1.26438 s, 415 MB/s
afbad591ee2b70ac94258fbc7fac3bf2  -

real	0m1.268s
user	0m1.175s
sys	0m0.310s
500+0 records in
500+0 records out
524288000 bytes (524 MB) copied, 1.26001 s, 416 MB/s
afbad591ee2b70ac94258fbc7fac3bf2  -

real	0m1.263s
user	0m1.162s
sys	0m0.318s
500+0 records in
500+0 records out
524288000 bytes (524 MB) copied, 1.29771 s, 404 MB/s
afbad591ee2b70ac94258fbc7fac3bf2  -

real	0m1.308s
user	0m1.201s
sys	0m0.322s
500+0 records in
500+0 records out
524288000 bytes (524 MB) copied, 1.25849 s, 417 MB/s
afbad591ee2b70ac94258fbc7fac3bf2  -

real	0m1.262s
user	0m1.174s
sys	0m0.289s
500+0 records in
500+0 records out
524288000 bytes (524 MB) copied, 1.25918 s, 416 MB/s
afbad591ee2b70ac94258fbc7fac3bf2  -

real	0m1.262s
user	0m1.172s
sys	0m0.292s
500+0 records in
500+0 records out
524288000 bytes (524 MB) copied, 1.25875 s, 417 MB/s
afbad591ee2b70ac94258fbc7fac3bf2  -

real	0m1.266s
user	0m1.179s
sys	0m0.285s
500+0 records in
500+0 records out
524288000 bytes (524 MB) copied, 1.25994 s, 416 MB/s
afbad591ee2b70ac94258fbc7fac3bf2  -

real	0m1.263s
user	0m1.181s
sys	0m0.297s
500+0 records in
500+0 records out
524288000 bytes (524 MB) copied, 1.2644 s, 415 MB/s
afbad591ee2b70ac94258fbc7fac3bf2  -

real	0m1.268s
user	0m1.170s
sys	0m0.313s
500+0 records in
500+0 records out
524288000 bytes (524 MB) copied, 1.25966 s, 416 MB/s
afbad591ee2b70ac94258fbc7fac3bf2  -

real	0m1.263s
user	0m1.176s
sys	0m0.296s
500+0 records in
500+0 records out
524288000 bytes (524 MB) copied, 1.26223 s, 415 MB/s
afbad591ee2b70ac94258fbc7fac3bf2  -

real	0m1.265s
user	0m1.182s
sys	0m0.305s
2000+0 records in
2000+0 records out
2097152000 bytes (2.1 GB) copied, 5.06401 s, 414 MB/s
0dd74775419ada42017a0fdf21eccf94  -

real	0m5.067s
user	0m4.686s
sys	0m1.254s
2000+0 records in
2000+0 records out
2097152000 bytes (2.1 GB) copied, 5.10042 s, 411 MB/s
0dd74775419ada42017a0fdf21eccf94  -

real	0m5.103s
user	0m4.689s
sys	0m1.285s
2000+0 records in
2000+0 records out
2097152000 bytes (2.1 GB) copied, 5.02931 s, 417 MB/s
0dd74775419ada42017a0fdf21eccf94  -

real	0m5.032s
user	0m4.661s
sys	0m1.197s
2000+0 records in
2000+0 records out
2097152000 bytes (2.1 GB) copied, 5.02477 s, 417 MB/s
0dd74775419ada42017a0fdf21eccf94  -

real	0m5.028s
user	0m4.670s
sys	0m1.177s
500+0 records in
500+0 records out
524288000 bytes (524 MB) copied, 1.26609 s, 414 MB/s
afbad591ee2b70ac94258fbc7fac3bf2  -

real	0m1.269s
user	0m1.204s
sys	0m0.281s
