10000+0 records in
10000+0 records out
10485760000 bytes (10 GB) copied, 25.1905 s, 416 MB/s
a02bf4596da9a0c3d2b10ac745b55ccf  -

real	0m25.194s
user	0m23.384s
sys	0m6.002s
10000+0 records in
10000+0 records out
10485760000 bytes (10 GB) copied, 25.294 s, 415 MB/s
a02bf4596da9a0c3d2b10ac745b55ccf  -

real	0m25.297s
user	0m23.453s
sys	0m6.133s
10000+0 records in
10000+0 records out
10485760000 bytes (10 GB) copieda02bf4596da9a0c3d2b10ac745b55ccf  -
, 25.2939 s, 415 MB/s

real	0m25.305s
user	0m23.401s
sys	0m6.191s
10000+0 records in
10000+0 records out
10485760000 bytes (10 GB) copied, 25.3222 s, 414 MB/s
a02bf4596da9a0c3d2b10ac745b55ccf  -

real	0m25.325s
user	0m23.497s
sys	0m6.145s
10000+0 records in
10000+0 records out
10485760000 bytes (10 GB) copied, 25.2268 s, 416 MB/s
a02bf4596da9a0c3d2b10ac745b55ccf  -

real	0m25.230s
user	0m23.392s
sys	0m6.040s
10000+0 records in
10000+0 records out
a02bf4596da9a0c3d2b10ac745b55ccf  -
10485760000 bytes (10 GB) copied, 25.1911 s, 416 MB/s

real	0m25.194s
user	0m23.311s
sys	0m5.995s
10000+0 records in
10000+0 records out
10485760000 bytes (10 GB) copied, 25.236 s, 416 MB/s
a02bf4596da9a0c3d2b10ac745b55ccf  -

real	0m25.239s
user	0m23.428s
sys	0m6.060s
10000+0 records in
10000+0 records out
a02bf4596da9a0c3d2b10ac745b55ccf  -
10485760000 bytes (10 GB) copied, 25.2656 s, 415 MB/s

real	0m25.277s
user	0m23.364s
sys	0m6.146s
10000+0 records in
10000+0 records out
10485760000 bytes (10 GB) copied, 25.2402 s, 415 MB/s
a02bf4596da9a0c3d2b10ac745b55ccf  -

real	0m25.243s
user	0m23.409s
sys	0m6.038s
10000+0 records in
10000+0 records out
10485760000 bytes (10 GB) copied, 25.2214 s, 416 MB/s
a02bf4596da9a0c3d2b10ac745b55ccf  -

real	0m25.224s
user	0m23.369s
sys	0m6.063s
