10000+0 records in
10000+0 records out
a02bf4596da9a0c3d2b10ac745b55ccf  -
10485760000 bytes (10 GB) copied, 25.3062 s, 414 MB/s

real	0m25.309s
user	0m23.418s
sys	0m6.200s
10000+0 records in
10000+0 records out
10485760000 bytes (10 GB) copied, 25.3033 s, 414 MB/s
a02bf4596da9a0c3d2b10ac745b55ccf  -

real	0m25.306s
user	0m23.377s
sys	0m6.251s
10000+0 records in
10000+0 records out
a02bf4596da9a0c3d2b10ac745b55ccf  -
10485760000 bytes (10 GB) copied, 25.3128 s, 414 MB/s

real	0m25.316s
user	0m23.372s
sys	0m6.275s
10000+0 records in
10000+0 records out
10485760000 bytes (10 GB) copied, 25.3398 s, 414 MB/s
a02bf4596da9a0c3d2b10ac745b55ccf  -

real	0m25.343s
user	0m23.483s
sys	0m6.286s
10000+0 records in
10000+0 records out
10485760000 bytes (10 GB) copied, 25.2671 s, 415 MB/s
a02bf4596da9a0c3d2b10ac745b55ccf  -

real	0m25.270s
user	0m23.451s
sys	0m6.104s
10000+0 records in
10000+0 records out
10485760000 bytes (10 GB) copied, 25.2046 s, 416 MB/s
a02bf4596da9a0c3d2b10ac745b55ccf  -

real	0m25.208s
user	0m23.291s
sys	0m6.090s
10000+0 records in
10000+0 records out
10485760000 bytes (10 GB) copied, 25.304 s, 414 MB/s
a02bf4596da9a0c3d2b10ac745b55ccf  -

real	0m25.308s
user	0m23.470s
sys	0m6.117s
10000+0 records in
10000+0 records out
10485760000 bytes (10 GB) copied, 25.2725 s, 415 MB/s
a02bf4596da9a0c3d2b10ac745b55ccf  -

real	0m25.275s
user	0m23.425s
sys	0m6.108s
10000+0 records in
10000+0 records out
10485760000 bytes (10 GB) copied, 25.241 s, 415 MB/s
a02bf4596da9a0c3d2b10ac745b55ccf  -

real	0m25.244s
user	0m23.392s
sys	0m6.089s
10000+0 records in
10000+0 records out
10485760000 bytes (10 GB) copied, 25.2612 s, 415 MB/s
a02bf4596da9a0c3d2b10ac745b55ccf  -

real	0m25.264s
user	0m23.457s
sys	0m6.081s
10000+0 records in
10000+0 records out
10485760000 bytes (10 GB) copied, 25.284 s, 415 MB/s
a02bf4596da9a0c3d2b10ac745b55ccf  -

real	0m25.287s
user	0m23.409s
sys	0m6.142s
10000+0 records in
10000+0 records out
10485760000 bytes (10 GB) copied, 25.2937 s, 415 MB/s
a02bf4596da9a0c3d2b10ac745b55ccf  -

real	0m25.297s
user	0m23.494s
sys	0m6.110s
10000+0 records in
10000+0 records out
10485760000 bytes (10 GB) copied, 25.2932 s, 415 MB/s
a02bf4596da9a0c3d2b10ac745b55ccf  -

real	0m25.297s
user	0m23.498s
sys	0m6.095s
10000+0 records in
10000+0 records out
10485760000 bytes (10 GB) copied, 25.3052 s, 414 MB/s
a02bf4596da9a0c3d2b10ac745b55ccf  -

real	0m25.308s
user	0m23.510s
sys	0m6.110s
10000+0 records in
10000+0 records out
10485760000 bytes (10 GB) copied, 25.308 s, 414 MB/s
a02bf4596da9a0c3d2b10ac745b55ccf  -

real	0m25.311s
user	0m23.412s
sys	0m6.209s
10000+0 records in
10000+0 records out
10485760000 bytes (10 GB) copied, 25.2507 s, 415 MB/s
a02bf4596da9a0c3d2b10ac745b55ccf  -

real	0m25.254s
user	0m23.321s
sys	0m6.177s
10000+0 records in
10000+0 records out
10485760000 bytes (10 GB) copied, 25.2588 s, 415 MB/s
a02bf4596da9a0c3d2b10ac745b55ccf  -

real	0m25.262s
user	0m23.367s
sys	0m6.154s
10000+0 records in
10000+0 records out
10485760000 bytes (10 GB) copied, 25.2197 s, 416 MB/s
a02bf4596da9a0c3d2b10ac745b55ccf  -

real	0m25.223s
user	0m23.388s
sys	0m6.033s
10000+0 records in
10000+0 records out
10485760000 bytes (10 GB) copied, 25.2639 s, 415 MB/s
a02bf4596da9a0c3d2b10ac745b55ccf  -

real	0m25.267s
user	0m23.474s
sys	0m6.031s
10000+0 records in
10000+0 records out
10485760000 bytes (10 GB) copied, 25.255 s, 415 MB/s
a02bf4596da9a0c3d2b10ac745b55ccf  -

real	0m25.258s
user	0m23.394s
sys	0m6.113s
10000+0 records in
10000+0 records out
10485760000 bytes (10 GB) copied, 25.3121 s, 414 MB/s
a02bf4596da9a0c3d2b10ac745b55ccf  -

real	0m25.315s
user	0m23.444s
sys	0m6.202s
10000+0 records in
10000+0 records out
10485760000 bytes (10 GB) copied, 25.3266 s, 414 MB/s
a02bf4596da9a0c3d2b10ac745b55ccf  -

real	0m25.336s
user	0m23.508s
sys	0m6.151s
10000+0 records in
10000+0 records out
10485760000 bytes (10 GB) copied, 25.3013 s, 414 MB/s
a02bf4596da9a0c3d2b10ac745b55ccf  -

real	0m25.306s
user	0m23.505s
sys	0m6.126s
10000+0 records in
10000+0 records out
10485760000 bytes (10 GB) copied, 25.2668 s, 415 MB/s
a02bf4596da9a0c3d2b10ac745b55ccf  -

real	0m25.270s
user	0m23.513s
sys	0m5.997s
10000+0 records in
10000+0 records out
10485760000 bytes (10 GB) copied, 25.2422 s, 415 MB/s
a02bf4596da9a0c3d2b10ac745b55ccf  -

real	0m25.245s
user	0m23.346s
sys	0m6.137s
10000+0 records in
10000+0 records out
10485760000 bytes (10 GB) copied, 25.2798 s, 415 MB/s
a02bf4596da9a0c3d2b10ac745b55ccf  -

real	0m25.283s
user	0m23.472s
sys	0m6.092s
10000+0 records in
10000+0 records out
10485760000 bytes (10 GB) copied, 25.2382 s, 415 MB/s
a02bf4596da9a0c3d2b10ac745b55ccf  -

real	0m25.241s
user	0m23.367s
sys	0m6.092s
10000+0 records in
10000+0 records out
10485760000 bytes (10 GB) copied, 25.221 s, 416 MB/s
a02bf4596da9a0c3d2b10ac745b55ccf  -

real	0m25.224s
user	0m23.357s
sys	0m6.084s
10000+0 records in
10000+0 records out
10485760000 bytes (10 GB) copied, 25.2744 s, 415 MB/s
a02bf4596da9a0c3d2b10ac745b55ccf  -

real	0m25.277s
user	0m23.531s
sys	0m6.059s
10000+0 records in
10000+0 records out
10485760000 bytes (10 GB) copied, 25.2091 s, 416 MB/s
a02bf4596da9a0c3d2b10ac745b55ccf  -

real	0m25.212s
user	0m23.437s
sys	0m5.962s
10000+0 records in
10000+0 records out
10485760000 bytes (10 GB) copied, 25.2678 s, 415 MB/s
a02bf4596da9a0c3d2b10ac745b55ccf  -

real	0m25.271s
user	0m23.424s
sys	0m6.116s
10000+0 records in
10000+0 records out
10485760000 bytes (10 GB) copied, 25.3235 s, 414 MB/s
a02bf4596da9a0c3d2b10ac745b55ccf  -

real	0m25.327s
user	0m23.479s
sys	0m6.178s
10000+0 records in
10000+0 records out
10485760000 bytes (10 GB) copied, 25.2694 s, 415 MB/s
a02bf4596da9a0c3d2b10ac745b55ccf  -

real	0m25.272s
user	0m23.412s
sys	0m6.117s
10000+0 records in
10000+0 records out
10485760000 bytes (10 GB) copied, 25.3338 s, 414 MB/s
a02bf4596da9a0c3d2b10ac745b55ccf  -

real	0m25.337s
user	0m23.462s
sys	0m6.255s
10000+0 records in
10000+0 records out
10485760000 bytes (10 GB) copied, 25.2658 s, 415 MB/s
a02bf4596da9a0c3d2b10ac745b55ccf  -

real	0m25.269s
user	0m23.392s
sys	0m6.154s
10000+0 records in
10000+0 records out
10485760000 bytes (10 GB) copied, 25.2536 s, 415 MB/s
a02bf4596da9a0c3d2b10ac745b55ccf  -

real	0m25.257s
user	0m23.392s
sys	0m6.112s
10000+0 records in
10000+0 records out
10485760000 bytes (10 GB) copied, 25.2357 s, 416 MB/s
a02bf4596da9a0c3d2b10ac745b55ccf  -

real	0m25.239s
user	0m23.334s
sys	0m6.151s
10000+0 records in
10000+0 records out
10485760000 bytes (10 GB) copied, 25.2687 s, 415 MB/s
a02bf4596da9a0c3d2b10ac745b55ccf  -

real	0m25.272s
user	0m23.487s
sys	0m6.064s
10000+0 records in
10000+0 records out
10485760000 bytes (10 GB) copied, 25.2302 s, 416 MB/s
a02bf4596da9a0c3d2b10ac745b55ccf  -

real	0m25.233s
user	0m23.340s
sys	0m6.110s
10000+0 records in
10000+0 records out
10485760000 bytes (10 GB) copied, 25.2537 s, 415 MB/s
a02bf4596da9a0c3d2b10ac745b55ccf  -

real	0m25.257s
user	0m23.401s
sys	0m6.098s
