10000+0 records in
10000+0 records out
a02bf4596da9a0c3d2b10ac745b55ccf  -
10485760000 bytes (10 GB) copied, 25.3007 s, 414 MB/s

real	0m25.304s
user	0m23.470s
sys	0m6.147s
10000+0 records in
10000+0 records out
10485760000 bytes (10 GB) copied, 25.3129 s, 414 MB/s
a02bf4596da9a0c3d2b10ac745b55ccf  -

real	0m25.316s
user	0m23.357s
sys	0m6.306s
10000+0 records in
10000+0 records out
a02bf4596da9a0c3d2b10ac745b55ccf  -
10485760000 bytes (10 GB) copied, 25.2871 s, 415 MB/s

real	0m25.290s
user	0m23.461s
sys	0m6.113s
10000+0 records in
10000+0 records out
10485760000 bytes (10 GB) copied, 25.3146 s, 414 MB/s
a02bf4596da9a0c3d2b10ac745b55ccf  -

real	0m25.318s
user	0m23.426s
sys	0m6.227s
10000+0 records in
10000+0 records out
10485760000 bytes (10 GB) copied, 25.2678 s, 415 MB/s
a02bf4596da9a0c3d2b10ac745b55ccf  -

real	0m25.271s
user	0m23.430s
sys	0m6.113s
10000+0 records in
10000+0 records out
10485760000 bytes (10 GB) copied, 25.2286 s, 416 MB/s
a02bf4596da9a0c3d2b10ac745b55ccf  -

real	0m25.232s
user	0m23.326s
sys	0m6.133s
10000+0 records in
10000+0 records out
10485760000 bytes (10 GB) copied, 25.2757 s, 415 MB/s
a02bf4596da9a0c3d2b10ac745b55ccf  -

real	0m25.279s
user	0m23.421s
sys	0m6.111s
10000+0 records in
10000+0 records out
10485760000 bytes (10 GB) copied, 25.2986 s, 414 MB/s
a02bf4596da9a0c3d2b10ac745b55ccf  -

real	0m25.301s
user	0m23.408s
sys	0m6.188s
10000+0 records in
10000+0 records out
a02bf4596da9a0c3d2b10ac745b55ccf  -
10485760000 bytes (10 GB) copied, 25.2509 s, 415 MB/s

real	0m25.254s
user	0m23.408s
sys	0m6.077s
10000+0 records in
10000+0 records out
10485760000 bytes (10 GB) copied, 25.2341 s, 416 MB/s
a02bf4596da9a0c3d2b10ac745b55ccf  -

real	0m25.237s
user	0m23.376s
sys	0m6.059s
10000+0 records in
10000+0 records out
10485760000 bytes (10 GB) copied, 25.3069 s, 414 MB/s
a02bf4596da9a0c3d2b10ac745b55ccf  -

real	0m25.310s
user	0m23.466s
sys	0m6.185s
10000+0 records in
10000+0 records out
10485760000 bytes (10 GB) copied, 25.3051 s, 414 MB/s
a02bf4596da9a0c3d2b10ac745b55ccf  -

real	0m25.308s
user	0m23.428s
sys	0m6.197s
10000+0 records in
10000+0 records out
10485760000 bytes (10 GB) copied, 25.3128 s, 414 MB/s
a02bf4596da9a0c3d2b10ac745b55ccf  -

real	0m25.316s
user	0m23.561s
sys	0m6.054s
10000+0 records in
10000+0 records out
10485760000 bytes (10 GB) copied, 25.2862 s, 415 MB/s
a02bf4596da9a0c3d2b10ac745b55ccf  -

real	0m25.289s
user	0m23.455s
sys	0m6.111s
10000+0 records in
10000+0 records out
10485760000 bytes (10 GB) copied, 25.245 s, 415 MB/s
a02bf4596da9a0c3d2b10ac745b55ccf  -

real	0m25.248s
user	0m23.370s
sys	0m6.121s
10000+0 records in
10000+0 records out
10485760000 bytes (10 GB) copied, 25.2777 s, 415 MB/s
a02bf4596da9a0c3d2b10ac745b55ccf  -

real	0m25.281s
user	0m23.352s
sys	0m6.200s
10000+0 records in
10000+0 records out
10485760000 bytes (10 GB) copied, 25.2642 s, 415 MB/s
a02bf4596da9a0c3d2b10ac745b55ccf  -

real	0m25.267s
user	0m23.435s
sys	0m6.081s
10000+0 records in
10000+0 records out
10485760000 bytes (10 GB) copied, 25.2439 s, 415 MB/s
a02bf4596da9a0c3d2b10ac745b55ccf  -

real	0m25.247s
user	0m23.425s
sys	0m6.058s
10000+0 records in
10000+0 records out
10485760000 bytes (10 GB) copied, 25.2499 s, 415 MB/s
a02bf4596da9a0c3d2b10ac745b55ccf  -

real	0m25.253s
user	0m23.436s
sys	0m6.054s
10000+0 records in
10000+0 records out
10485760000 bytes (10 GB) copied, 25.2189 s, 416 MB/s
a02bf4596da9a0c3d2b10ac745b55ccf  -

real	0m25.222s
user	0m23.411s
sys	0m6.025s
