500+0 records in
500+0 records out
afbad591ee2b70ac94258fbc7fac3bf2  -
524288000 bytes (524 MB) copied, 1.27688 s, 411 MB/s

real	0m1.280s
user	0m1.189s
sys	0m0.314s
500+0 records in
500+0 records out
524288000 bytes (524 MB) copied, 1.25717 s, 417 MB/s
afbad591ee2b70ac94258fbc7fac3bf2  -

real	0m1.260s
user	0m1.167s
sys	0m0.297s
500+0 records in
500+0 records out
524288000 bytes (524 MB) copiedafbad591ee2b70ac94258fbc7fac3bf2  -
, 1.26824 s, 413 MB/s

real	0m1.271s
user	0m1.174s
sys	0m0.318s
500+0 records in
500+0 records out
524288000 bytes (524 MB) copied, 1.27026 s, 413 MB/s
afbad591ee2b70ac94258fbc7fac3bf2  -

real	0m1.273s
user	0m1.157s
sys	0m0.335s
500+0 records in
500+0 records out
524288000 bytes (524 MB) copied, 1.25826 s, 417 MB/s
afbad591ee2b70ac94258fbc7fac3bf2  -

real	0m1.261s
user	0m1.166s
sys	0m0.301s
500+0 records in
500+0 records out
524288000 bytes (524 MB) copied, 1.25803 s, 417 MB/s
afbad591ee2b70ac94258fbc7fac3bf2  -

real	0m1.261s
user	0m1.163s
sys	0m0.300s
500+0 records in
500+0 records out
524288000 bytes (524 MB) copied, 1.26921 s, 413 MB/s
afbad591ee2b70ac94258fbc7fac3bf2  -

real	0m1.272s
user	0m1.168s
sys	0m0.323s
500+0 records in
500+0 records out
524288000 bytes (524 MB) copied, 1.26787 s, 414 MB/s
afbad591ee2b70ac94258fbc7fac3bf2  -

real	0m1.271s
user	0m1.173s
sys	0m0.310s
500+0 records in
500+0 records out
afbad591ee2b70ac94258fbc7fac3bf2  -
524288000 bytes (524 MB) copied, 1.27259 s, 412 MB/s

real	0m1.276s
user	0m1.180s
sys	0m0.317s
500+0 records in
500+0 records out
524288000 bytes (524 MB) copied, 1.26721 s, 414 MB/s
afbad591ee2b70ac94258fbc7fac3bf2  -

real	0m1.270s
user	0m1.172s
sys	0m0.319s
500+0 records in
500+0 records out
524288000 bytes (524 MB) copied, 1.26791 s, 414 MB/s
afbad591ee2b70ac94258fbc7fac3bf2  -

real	0m1.271s
user	0m1.186s
sys	0m0.306s
500+0 records in
500+0 records out
524288000 bytes (524 MB) copied, 1.26958 s, 413 MB/s
afbad591ee2b70ac94258fbc7fac3bf2  -

real	0m1.273s
user	0m1.173s
sys	0m0.323s
500+0 records in
500+0 records out
524288000 bytes (524 MB) copied, 1.25727 s, 417 MB/s
afbad591ee2b70ac94258fbc7fac3bf2  -

real	0m1.260s
user	0m1.171s
sys	0m0.286s
500+0 records in
500+0 records out
524288000 bytes (524 MB) copied, 1.27042 s, 413 MB/s
afbad591ee2b70ac94258fbc7fac3bf2  -

real	0m1.273s
user	0m1.174s
sys	0m0.321s
500+0 records in
500+0 records out
524288000 bytes (524 MB) copied, 1.26992 s, 413 MB/s
afbad591ee2b70ac94258fbc7fac3bf2  -

real	0m1.273s
user	0m1.169s
sys	0m0.322s
500+0 records in
500+0 records out
524288000 bytes (524 MB) copied, 1.25846 s, 417 MB/s
afbad591ee2b70ac94258fbc7fac3bf2  -

real	0m1.261s
user	0m1.163s
sys	0m0.306s
500+0 records in
500+0 records out
524288000 bytes (524 MB) copied, 1.2697 s, 413 MB/s
afbad591ee2b70ac94258fbc7fac3bf2  -

real	0m1.273s
user	0m1.185s
sys	0m0.311s
500+0 records in
500+0 records out
524288000 bytes (524 MB) copied, 1.26352 s, 415 MB/s
afbad591ee2b70ac94258fbc7fac3bf2  -

real	0m1.266s
user	0m1.158s
sys	0m0.319s
500+0 records in
500+0 records out
524288000 bytes (524 MB) copied, 1.26655 s, 414 MB/s
afbad591ee2b70ac94258fbc7fac3bf2  -

real	0m1.270s
user	0m1.179s
sys	0m0.311s
500+0 records in
500+0 records out
524288000 bytes (524 MB) copied, 1.26703 s, 414 MB/s
afbad591ee2b70ac94258fbc7fac3bf2  -

real	0m1.270s
user	0m1.167s
sys	0m0.321s
