10000+0 records in
10000+0 records out
a02bf4596da9a0c3d2b10ac745b55ccf  -
10485760000 bytes (10 GB) copied, 25.1731 s, 417 MB/s

real	0m25.176s
user	0m23.340s
sys	0m5.965s
10000+0 records in
10000+0 records out
10485760000 bytes (10 GB) copied, 25.2474 s, 415 MB/s
a02bf4596da9a0c3d2b10ac745b55ccf  -

real	0m25.250s
user	0m23.372s
sys	0m6.122s
10000+0 records in
10000+0 records out
a02bf4596da9a0c3d2b10ac745b55ccf  -
10485760000 bytes (10 GB) copied, 25.2506 s, 415 MB/s

real	0m25.254s
user	0m23.381s
sys	0m6.113s
10000+0 records in
10000+0 records out
10485760000 bytes (10 GB) copied, 25.2287 s, 416 MB/s
a02bf4596da9a0c3d2b10ac745b55ccf  -

real	0m25.232s
user	0m23.481s
sys	0m5.929s
10000+0 records in
10000+0 records out
10485760000 bytes (10 GB) copied, 25.313 s, 414 MB/s
a02bf4596da9a0c3d2b10ac745b55ccf  -

real	0m25.316s
user	0m23.450s
sys	0m6.190s
10000+0 records in
10000+0 records out
10485760000 bytes (10 GB) copied, 25.2279 s, 416 MB/s
a02bf4596da9a0c3d2b10ac745b55ccf  -

real	0m25.231s
user	0m23.366s
sys	0m6.086s
10000+0 records in
10000+0 records out
10485760000 bytes (10 GB) copied, 25.3239 s, 414 MB/s
a02bf4596da9a0c3d2b10ac745b55ccf  -

real	0m25.327s
user	0m23.395s
sys	0m6.190s
10000+0 records in
10000+0 records out
10485760000 bytes (10 GB) copied, 25.2391 s, 415 MB/s
a02bf4596da9a0c3d2b10ac745b55ccf  -

real	0m25.242s
user	0m23.351s
sys	0m6.113s
10000+0 records in
10000+0 records out
10485760000 bytes (10 GB) copied, 25.2668 s, 415 MB/s
a02bf4596da9a0c3d2b10ac745b55ccf  -

real	0m25.270s
user	0m23.513s
sys	0m6.020s
10000+0 records in
10000+0 records out
10485760000 bytes (10 GB) copied, 25.2094 s, 416 MB/s
a02bf4596da9a0c3d2b10ac745b55ccf  -

real	0m25.212s
user	0m23.422s
sys	0m5.968s
