1000+0 records in
1000+0 records out
3c84e34b319946f6531a2c4559f588a8  -
1048576000 bytes (1.0 GB) copied, 2.70943 s, 387 MB/s

real	0m2.712s
user	0m2.333s
sys	0m0.614s
1000+0 records in
1000+0 records out
3c84e34b319946f6531a2c4559f588a8  -
1048576000 bytes (1.0 GB) copied, 2.63828 s, 397 MB/s

real	0m2.641s
user	0m2.338s
sys	0m0.591s
1000+0 records in
1000+0 records out
3c84e34b319946f6531a2c4559f588a8  -
1048576000 bytes (1.0 GB) copied, 2.62195 s, 400 MB/s

real	0m2.624s
user	0m2.337s
sys	0m0.601s
1000+0 records in
1000+0 records out
3c84e34b319946f6531a2c4559f588a8  -
1048576000 bytes (1.0 GB) copied, 2.64609 s, 396 MB/s

real	0m2.649s
user	0m2.338s
sys	0m0.596s
1000+0 records in
1000+0 records out
3c84e34b319946f6531a2c4559f588a8  -
1048576000 bytes (1.0 GB) copied, 2.62856 s, 399 MB/s

real	0m2.631s
user	0m2.337s
sys	0m0.604s
1000+0 records in
1000+0 records out
3c84e34b319946f6531a2c4559f588a8  -
1048576000 bytes (1.0 GB) copied, 2.69032 s, 390 MB/s

real	0m2.693s
user	0m2.350s
sys	0m0.603s
1000+0 records in
1000+0 records out
3c84e34b319946f6531a2c4559f588a8  -
1048576000 bytes (1.0 GB) copied, 2.59002 s, 405 MB/s

real	0m2.593s
user	0m2.349s
sys	0m0.624s
1000+0 records in
1000+0 records out
3c84e34b319946f6531a2c4559f588a8  -
1048576000 bytes (1.0 GB) copied, 2.63855 s, 397 MB/s

real	0m2.641s
user	0m2.331s
sys	0m0.651s
1000+0 records in
1000+0 records out
3c84e34b319946f6531a2c4559f588a8  -
1048576000 bytes (1.0 GB) copied, 2.62562 s, 399 MB/s

real	0m2.628s
user	0m2.348s
sys	0m0.626s
1000+0 records in
1000+0 records out
1048576000 bytes (1.0 GB) copied, 2.66239 s, 394 MB/s
3c84e34b319946f6531a2c4559f588a8  -

real	0m2.665s
user	0m2.352s
sys	0m0.581s
1000+0 records in
1000+0 records out
3c84e34b319946f6531a2c4559f588a8  -
1048576000 bytes (1.0 GB) copied, 2.57113 s, 408 MB/s

real	0m2.574s
user	0m2.327s
sys	0m0.595s
1000+0 records in
1000+0 records out
3c84e34b319946f6531a2c4559f588a8  -
1048576000 bytes (1.0 GB) copied, 2.60681 s, 402 MB/s

real	0m2.610s
user	0m2.356s
sys	0m0.584s
1000+0 records in
1000+0 records out
3c84e34b319946f6531a2c4559f588a8  -
1048576000 bytes (1.0 GB) copied, 2.6613 s, 394 MB/s

real	0m2.664s
user	0m2.337s
sys	0m0.602s
1000+0 records in
1000+0 records out
3c84e34b319946f6531a2c4559f588a8  -
1048576000 bytes (1.0 GB) copied, 2.63628 s, 398 MB/s

real	0m2.639s
user	0m2.350s
sys	0m0.607s
1000+0 records in
1000+0 records out
3c84e34b319946f6531a2c4559f588a8  -
1048576000 bytes (1.0 GB) copied, 2.81625 s, 372 MB/s

real	0m2.819s
user	0m2.346s
sys	0m0.599s
1000+0 records in
1000+0 records out
3c84e34b319946f6531a2c4559f588a8  -
1048576000 bytes (1.0 GB) copied, 2.60881 s, 402 MB/s

real	0m2.612s
user	0m2.332s
sys	0m0.600s
1000+0 records in
1000+0 records out
3c84e34b319946f6531a2c4559f588a8  -
1048576000 bytes (1.0 GB) copied, 2.73385 s, 384 MB/s

real	0m2.737s
user	0m2.355s
sys	0m0.585s
1000+0 records in
1000+0 records out
3c84e34b319946f6531a2c4559f588a8  -
1048576000 bytes (1.0 GB) copied, 2.64388 s, 397 MB/s

real	0m2.647s
user	0m2.336s
sys	0m0.603s
1000+0 records in
1000+0 records out
3c84e34b319946f6531a2c4559f588a8  -
1048576000 bytes (1.0 GB) copied, 2.5874 s, 405 MB/s

real	0m2.590s
user	0m2.343s
sys	0m0.599s
1000+0 records in
1000+0 records out
1048576000 bytes (1.0 GB) copied, 2.57759 s, 407 MB/s
3c84e34b319946f6531a2c4559f588a8  -

real	0m2.580s
user	0m2.341s
sys	0m0.597s
1000+0 records in
1000+0 records out
3c84e34b319946f6531a2c4559f588a8  -
1048576000 bytes (1.0 GB) copied, 2.62947 s, 399 MB/s

real	0m2.632s
user	0m2.326s
sys	0m0.606s
1000+0 records in
1000+0 records out
3c84e34b319946f6531a2c4559f588a8  -
1048576000 bytes (1.0 GB) copied, 2.78495 s, 377 MB/s

real	0m2.788s
user	0m2.354s
sys	0m0.589s
1000+0 records in
1000+0 records out
3c84e34b319946f6531a2c4559f588a8  -
1048576000 bytes (1.0 GB) copied, 2.63646 s, 398 MB/s

real	0m2.639s
user	0m2.335s
sys	0m0.597s
1000+0 records in
1000+0 records out
3c84e34b319946f6531a2c4559f588a8  -
1048576000 bytes (1.0 GB) copied, 2.73939 s, 383 MB/s

real	0m2.745s
user	0m2.347s
sys	0m0.588s
1000+0 records in
1000+0 records out
3c84e34b319946f6531a2c4559f588a8  -
1048576000 bytes (1.0 GB) copied, 2.63788 s, 398 MB/s

real	0m2.641s
user	0m2.343s
sys	0m0.596s
1000+0 records in
1000+0 records out
3c84e34b319946f6531a2c4559f588a8  -
1048576000 bytes (1.0 GB) copied, 2.58003 s, 406 MB/s

real	0m2.583s
user	0m2.353s
sys	0m0.605s
1000+0 records in
1000+0 records out
3c84e34b319946f6531a2c4559f588a8  -
1048576000 bytes (1.0 GB) copied, 2.75803 s, 380 MB/s

real	0m2.761s
user	0m2.324s
sys	0m0.752s
1000+0 records in
1000+0 records out
3c84e34b319946f6531a2c4559f588a8  -
1048576000 bytes (1.0 GB) copied, 2.6399 s, 397 MB/s

real	0m2.643s
user	0m2.348s
sys	0m0.594s
1000+0 records in
1000+0 records out
3c84e34b319946f6531a2c4559f588a8  -
1048576000 bytes (1.0 GB) copied, 2.84487 s, 369 MB/s

real	0m2.848s
user	0m2.346s
sys	0m0.607s
1000+0 records in
1000+0 records out
1048576000 bytes (1.0 GB) copied, 2.54306 s, 412 MB/s
3c84e34b319946f6531a2c4559f588a8  -

real	0m2.546s
user	0m2.362s
sys	0m0.578s
1000+0 records in
1000+0 records out
3c84e34b319946f6531a2c4559f588a8  -
1048576000 bytes (1.0 GB) copied, 2.59458 s, 404 MB/s

real	0m2.597s
user	0m2.338s
sys	0m0.608s
1000+0 records in
1000+0 records out
3c84e34b319946f6531a2c4559f588a8  -
1048576000 bytes (1.0 GB) copied, 2.59031 s, 405 MB/s

real	0m2.593s
user	0m2.331s
sys	0m0.602s
1000+0 records in
1000+0 records out
3c84e34b319946f6531a2c4559f588a8  -
1048576000 bytes (1.0 GB) copied, 2.63278 s, 398 MB/s

real	0m2.636s
user	0m2.355s
sys	0m0.580s
1000+0 records in
1000+0 records out
3c84e34b319946f6531a2c4559f588a8  -
1048576000 bytes (1.0 GB) copied, 2.65178 s, 395 MB/s

real	0m2.655s
user	0m2.340s
sys	0m0.575s
1000+0 records in
1000+0 records out
3c84e34b319946f6531a2c4559f588a8  -
1048576000 bytes (1.0 GB) copied, 2.6324 s, 398 MB/s

real	0m2.635s
user	0m2.336s
sys	0m0.620s
1000+0 records in
1000+0 records out
3c84e34b319946f6531a2c4559f588a8  -
1048576000 bytes (1.0 GB) copied, 2.65166 s, 395 MB/s

real	0m2.654s
user	0m2.347s
sys	0m0.608s
1000+0 records in
1000+0 records out
3c84e34b319946f6531a2c4559f588a8  -
1048576000 bytes (1.0 GB) copied, 2.59496 s, 404 MB/s

real	0m2.598s
user	0m2.331s
sys	0m0.610s
1000+0 records in
1000+0 records out
3c84e34b319946f6531a2c4559f588a8  -
1048576000 bytes (1.0 GB) copied, 2.6053 s, 402 MB/s

real	0m2.608s
user	0m2.352s
sys	0m0.582s
1000+0 records in
1000+0 records out
3c84e34b319946f6531a2c4559f588a8  -
1048576000 bytes (1.0 GB) copied, 2.59123 s, 405 MB/s

real	0m2.594s
user	0m2.325s
sys	0m0.621s
1000+0 records in
1000+0 records out
1048576000 bytes (1.0 GB) copied, 2.57968 s, 406 MB/s
3c84e34b319946f6531a2c4559f588a8  -

real	0m2.583s
user	0m2.329s
sys	0m0.620s
1000+0 records in
1000+0 records out
3c84e34b319946f6531a2c4559f588a8  -
1048576000 bytes (1.0 GB) copied, 2.59538 s, 404 MB/s

real	0m2.598s
user	0m2.332s
sys	0m0.592s
1000+0 records in
1000+0 records out
3c84e34b319946f6531a2c4559f588a8  -
1048576000 bytes (1.0 GB) copied, 2.57495 s, 407 MB/s

real	0m2.578s
user	0m2.334s
sys	0m0.580s
1000+0 records in
1000+0 records out
3c84e34b319946f6531a2c4559f588a8  -
1048576000 bytes (1.0 GB) copied, 2.64045 s, 397 MB/s

real	0m2.643s
user	0m2.353s
sys	0m0.569s
1000+0 records in
1000+0 records out
3c84e34b319946f6531a2c4559f588a8  -
1048576000 bytes (1.0 GB) copied, 2.59221 s, 405 MB/s

real	0m2.595s
user	0m2.337s
sys	0m0.595s
1000+0 records in
1000+0 records out
3c84e34b319946f6531a2c4559f588a8  -
1048576000 bytes (1.0 GB) copied, 2.62005 s, 400 MB/s

real	0m2.623s
user	0m2.344s
sys	0m0.591s
1000+0 records in
1000+0 records out
3c84e34b319946f6531a2c4559f588a8  -
1048576000 bytes (1.0 GB) copied, 2.64774 s, 396 MB/s

real	0m2.650s
user	0m2.351s
sys	0m0.582s
1000+0 records in
1000+0 records out
3c84e34b319946f6531a2c4559f588a8  -
1048576000 bytes (1.0 GB) copied, 2.67627 s, 392 MB/s

real	0m2.679s
user	0m2.339s
sys	0m0.656s
1000+0 records in
1000+0 records out
3c84e34b319946f6531a2c4559f588a8  -
1048576000 bytes (1.0 GB) copied, 2.64734 s, 396 MB/s

real	0m2.650s
user	0m2.328s
sys	0m0.591s
1000+0 records in
1000+0 records out
3c84e34b319946f6531a2c4559f588a8  -
1048576000 bytes (1.0 GB) copied, 2.66943 s, 393 MB/s

real	0m2.672s
user	0m2.331s
sys	0m0.603s
1000+0 records in
1000+0 records out
1048576000 bytes (1.0 GB) copied, 2.60088 s, 403 MB/s
3c84e34b319946f6531a2c4559f588a8  -

real	0m2.603s
user	0m2.338s
sys	0m0.602s
1000+0 records in
1000+0 records out
3c84e34b319946f6531a2c4559f588a8  -
1048576000 bytes (1.0 GB) copied, 2.61839 s, 400 MB/s

real	0m2.621s
user	0m2.365s
sys	0m0.574s
1000+0 records in
1000+0 records out
3c84e34b319946f6531a2c4559f588a8  -
1048576000 bytes (1.0 GB) copied, 2.69178 s, 390 MB/s

real	0m2.695s
user	0m2.331s
sys	0m0.690s
1000+0 records in
1000+0 records out
3c84e34b319946f6531a2c4559f588a8  -
1048576000 bytes (1.0 GB) copied, 2.59172 s, 405 MB/s

real	0m2.595s
user	0m2.323s
sys	0m0.612s
1000+0 records in
1000+0 records out
3c84e34b319946f6531a2c4559f588a8  -
1048576000 bytes (1.0 GB) copied, 2.68019 s, 391 MB/s

real	0m2.683s
user	0m2.352s
sys	0m0.595s
1000+0 records in
1000+0 records out
3c84e34b319946f6531a2c4559f588a8  -
1048576000 bytes (1.0 GB) copied, 2.60271 s, 403 MB/s

real	0m2.605s
user	0m2.337s
sys	0m0.598s
1000+0 records in
1000+0 records out
3c84e34b319946f6531a2c4559f588a8  -
1048576000 bytes (1.0 GB) copied, 2.66728 s, 393 MB/s

real	0m2.670s
user	0m2.351s
sys	0m0.624s
1000+0 records in
1000+0 records out
3c84e34b319946f6531a2c4559f588a8  -
1048576000 bytes (1.0 GB) copied, 2.58088 s, 406 MB/s

real	0m2.584s
user	0m2.349s
sys	0m0.586s
3c84e34b319946f6531a2c4559f588a8  -
1000+0 records in
1000+0 records out
1048576000 bytes (1.0 GB) copied, 2.58003 s, 406 MB/s

real	0m2.583s
user	0m2.350s
sys	0m0.583s
1000+0 records in
1000+0 records out
3c84e34b319946f6531a2c4559f588a8  -
1048576000 bytes (1.0 GB) copied, 2.6026 s, 403 MB/s

real	0m2.605s
user	0m2.340s
sys	0m0.595s
1000+0 records in
1000+0 records out
1048576000 bytes (1.0 GB) copied, 2.56674 s, 409 MB/s
3c84e34b319946f6531a2c4559f588a8  -

real	0m2.569s
user	0m2.335s
sys	0m0.602s
1000+0 records in
1000+0 records out
3c84e34b319946f6531a2c4559f588a8  -
1048576000 bytes (1.0 GB) copied, 2.70342 s, 388 MB/s

real	0m2.706s
user	0m2.351s
sys	0m0.684s
1000+0 records in
1000+0 records out
3c84e34b319946f6531a2c4559f588a8  -
1048576000 bytes (1.0 GB) copied, 2.60717 s, 402 MB/s

real	0m2.614s
user	0m2.355s
sys	0m0.592s
1000+0 records in
1000+0 records out
3c84e34b319946f6531a2c4559f588a8  -
1048576000 bytes (1.0 GB) copied, 2.65016 s, 396 MB/s

real	0m2.653s
user	0m2.344s
sys	0m0.615s
1000+0 records in
1000+0 records out
3c84e34b319946f6531a2c4559f588a8  -
1048576000 bytes (1.0 GB) copied, 2.61402 s, 401 MB/s

real	0m2.617s
user	0m2.337s
sys	0m0.593s
1000+0 records in
1000+0 records out
3c84e34b319946f6531a2c4559f588a8  -
1048576000 bytes (1.0 GB) copied, 2.60628 s, 402 MB/s

real	0m2.609s
user	0m2.337s
sys	0m0.604s
1000+0 records in
1000+0 records out
3c84e34b319946f6531a2c4559f588a8  -
1048576000 bytes (1.0 GB) copied, 2.64712 s, 396 MB/s

real	0m2.650s
user	0m2.349s
sys	0m0.626s
1000+0 records in
1000+0 records out
3c84e34b319946f6531a2c4559f588a8  -
1048576000 bytes (1.0 GB) copied, 2.71773 s, 386 MB/s

real	0m2.720s
user	0m2.335s
sys	0m0.591s
1000+0 records in
1000+0 records out
3c84e34b319946f6531a2c4559f588a8  -
1048576000 bytes (1.0 GB) copied, 2.60914 s, 402 MB/s

real	0m2.612s
user	0m2.343s
sys	0m0.621s
1000+0 records in
1000+0 records out
1048576000 bytes (1.0 GB) copied3c84e34b319946f6531a2c4559f588a8  -
, 2.59362 s, 404 MB/s

real	0m2.596s
user	0m2.348s
sys	0m0.607s
1000+0 records in
1000+0 records out
1048576000 bytes (1.0 GB) copied, 2.59925 s, 403 MB/s
3c84e34b319946f6531a2c4559f588a8  -

real	0m2.602s
user	0m2.349s
sys	0m0.626s
1000+0 records in
1000+0 records out
3c84e34b319946f6531a2c4559f588a8  -
1048576000 bytes (1.0 GB) copied, 2.60578 s, 402 MB/s

real	0m2.608s
user	0m2.362s
sys	0m0.574s
1000+0 records in
1000+0 records out
3c84e34b319946f6531a2c4559f588a8  -
1048576000 bytes (1.0 GB) copied, 2.63009 s, 399 MB/s

real	0m2.633s
user	0m2.346s
sys	0m0.594s
1000+0 records in
1000+0 records out
3c84e34b319946f6531a2c4559f588a8  -
1048576000 bytes (1.0 GB) copied, 2.68789 s, 390 MB/s

real	0m2.691s
user	0m2.338s
sys	0m0.685s
1000+0 records in
1000+0 records out
3c84e34b319946f6531a2c4559f588a8  -
1048576000 bytes (1.0 GB) copied, 2.62015 s, 400 MB/s

real	0m2.623s
user	0m2.341s
sys	0m0.604s
1000+0 records in
1000+0 records out
3c84e34b319946f6531a2c4559f588a8  -
1048576000 bytes (1.0 GB) copied, 2.73978 s, 383 MB/s

real	0m2.743s
user	0m2.327s
sys	0m0.680s
1000+0 records in
1000+0 records out
3c84e34b319946f6531a2c4559f588a8  -
1048576000 bytes (1.0 GB) copied, 2.65159 s, 395 MB/s

real	0m2.655s
user	0m2.342s
sys	0m0.608s
1000+0 records in
1000+0 records out
3c84e34b319946f6531a2c4559f588a8  -
1048576000 bytes (1.0 GB) copied, 2.59501 s, 404 MB/s

real	0m2.598s
user	0m2.315s
sys	0m0.605s
1000+0 records in
1000+0 records out
3c84e34b319946f6531a2c4559f588a8  -
1048576000 bytes (1.0 GB) copied, 2.66302 s, 394 MB/s

real	0m2.666s
user	0m2.335s
sys	0m0.591s
1000+0 records in
1000+0 records out
3c84e34b319946f6531a2c4559f588a8  -
1048576000 bytes (1.0 GB) copied, 2.63093 s, 399 MB/s

real	0m2.634s
user	0m2.347s
sys	0m0.644s
1000+0 records in
1000+0 records out
1048576000 bytes (1.0 GB) copied3c84e34b319946f6531a2c4559f588a8  -
, 2.69855 s, 389 MB/s

real	0m2.701s
user	0m2.365s
sys	0m0.662s
1000+0 records in
1000+0 records out
3c84e34b319946f6531a2c4559f588a8  -
1048576000 bytes (1.0 GB) copied, 2.63356 s, 398 MB/s

real	0m2.636s
user	0m2.337s
sys	0m0.616s
1000+0 records in
1000+0 records out
3c84e34b319946f6531a2c4559f588a8  -
1048576000 bytes (1.0 GB) copied, 2.62318 s, 400 MB/s

real	0m2.626s
user	0m2.337s
sys	0m0.592s
1000+0 records in
1000+0 records out
3c84e34b319946f6531a2c4559f588a8  -
1048576000 bytes (1.0 GB) copied, 2.65553 s, 395 MB/s

real	0m2.658s
user	0m2.344s
sys	0m0.623s
1000+0 records in
1000+0 records out
3c84e34b319946f6531a2c4559f588a8  -
1048576000 bytes (1.0 GB) copied, 2.61135 s, 402 MB/s

real	0m2.614s
user	0m2.327s
sys	0m0.600s
1000+0 records in
1000+0 records out
3c84e34b319946f6531a2c4559f588a8  -
1048576000 bytes (1.0 GB) copied, 2.66342 s, 394 MB/s

real	0m2.666s
user	0m2.330s
sys	0m0.653s
1000+0 records in
1000+0 records out
3c84e34b319946f6531a2c4559f588a8  -
1048576000 bytes (1.0 GB) copied, 2.78749 s, 376 MB/s

real	0m2.790s
user	0m2.351s
sys	0m0.591s
1000+0 records in
1000+0 records out
1048576000 bytes (1.0 GB) copied3c84e34b319946f6531a2c4559f588a8  -
, 2.6484 s, 396 MB/s

real	0m2.651s
user	0m2.349s
sys	0m0.585s
1000+0 records in
1000+0 records out
3c84e34b319946f6531a2c4559f588a8  -
1048576000 bytes (1.0 GB) copied, 2.60414 s, 403 MB/s

real	0m2.607s
user	0m2.345s
sys	0m0.588s
1000+0 records in
1000+0 records out
3c84e34b319946f6531a2c4559f588a8  -
1048576000 bytes (1.0 GB) copied, 2.59872 s, 403 MB/s

real	0m2.602s
user	0m2.340s
sys	0m0.603s
1000+0 records in
1000+0 records out
1048576000 bytes (1.0 GB) copied, 2.70243 s, 388 MB/s
3c84e34b319946f6531a2c4559f588a8  -

real	0m2.705s
user	0m2.381s
sys	0m0.688s
1000+0 records in
1000+0 records out
3c84e34b319946f6531a2c4559f588a8  -
1048576000 bytes (1.0 GB) copied, 2.60609 s, 402 MB/s

real	0m2.609s
user	0m2.334s
sys	0m0.604s
1000+0 records in
1000+0 records out
3c84e34b319946f6531a2c4559f588a8  -
1048576000 bytes (1.0 GB) copied, 2.61607 s, 401 MB/s

real	0m2.619s
user	0m2.349s
sys	0m0.587s
1000+0 records in
1000+0 records out
3c84e34b319946f6531a2c4559f588a8  -
1048576000 bytes (1.0 GB) copied, 2.88601 s, 363 MB/s

real	0m2.889s
user	0m2.370s
sys	0m0.566s
1000+0 records in
1000+0 records out
3c84e34b319946f6531a2c4559f588a8  -
1048576000 bytes (1.0 GB) copied, 2.60552 s, 402 MB/s

real	0m2.609s
user	0m2.338s
sys	0m0.604s
1000+0 records in
1000+0 records out
3c84e34b319946f6531a2c4559f588a8  -
1048576000 bytes (1.0 GB) copied, 2.61717 s, 401 MB/s

real	0m2.620s
user	0m2.345s
sys	0m0.588s
1000+0 records in
1000+0 records out
3c84e34b319946f6531a2c4559f588a8  -
1048576000 bytes (1.0 GB) copied, 2.72845 s, 384 MB/s

real	0m2.735s
user	0m2.338s
sys	0m0.697s
1000+0 records in
1000+0 records out
3c84e34b319946f6531a2c4559f588a8  -
1048576000 bytes (1.0 GB) copied, 2.5833 s, 406 MB/s

real	0m2.586s
user	0m2.354s
sys	0m0.595s
1000+0 records in
1000+0 records out
3c84e34b319946f6531a2c4559f588a8  -
1048576000 bytes (1.0 GB) copied, 2.60547 s, 402 MB/s

real	0m2.608s
user	0m2.347s
sys	0m0.586s
1000+0 records in
1000+0 records out
3c84e34b319946f6531a2c4559f588a8  -
1048576000 bytes (1.0 GB) copied, 2.70372 s, 388 MB/s

real	0m2.707s
user	0m2.351s
sys	0m0.688s
1000+0 records in
1000+0 records out
1048576000 bytes (1.0 GB) copied, 2.55809 s, 410 MB/s
3c84e34b319946f6531a2c4559f588a8  -

real	0m2.563s
user	0m2.335s
sys	0m0.603s
1000+0 records in
1000+0 records out
3c84e34b319946f6531a2c4559f588a8  -
1048576000 bytes (1.0 GB) copied, 2.59563 s, 404 MB/s

real	0m2.598s
user	0m2.332s
sys	0m0.612s
1000+0 records in
1000+0 records out
3c84e34b319946f6531a2c4559f588a8  -
1048576000 bytes (1.0 GB) copied, 2.59953 s, 403 MB/s

real	0m2.602s
user	0m2.343s
sys	0m0.603s
1000+0 records in
1000+0 records out
3c84e34b319946f6531a2c4559f588a8  -
1048576000 bytes (1.0 GB) copied, 2.61393 s, 401 MB/s

real	0m2.621s
user	0m2.343s
sys	0m0.586s
1000+0 records in
1000+0 records out
3c84e34b319946f6531a2c4559f588a8  -
1048576000 bytes (1.0 GB) copied, 2.61463 s, 401 MB/s

real	0m2.618s
user	0m2.358s
sys	0m0.581s
1000+0 records in
1000+0 records out
3c84e34b319946f6531a2c4559f588a8  -
1048576000 bytes (1.0 GB) copied, 2.6132 s, 401 MB/s

real	0m2.616s
user	0m2.343s
sys	0m0.600s
1000+0 records in
1000+0 records out
3c84e34b319946f6531a2c4559f588a8  -
1048576000 bytes (1.0 GB) copied, 2.59411 s, 404 MB/s

real	0m2.597s
user	0m2.342s
sys	0m0.572s
1000+0 records in
1000+0 records out
3c84e34b319946f6531a2c4559f588a8  -
1048576000 bytes (1.0 GB) copied, 2.60794 s, 402 MB/s

real	0m2.611s
user	0m2.346s
sys	0m0.593s
1000+0 records in
1000+0 records out
3c84e34b319946f6531a2c4559f588a8  -
1048576000 bytes (1.0 GB) copied, 2.67713 s, 392 MB/s

real	0m2.680s
user	0m2.337s
sys	0m0.621s
1000+0 records in
1000+0 records out
3c84e34b319946f6531a2c4559f588a8  -
1048576000 bytes (1.0 GB) copied, 2.58196 s, 406 MB/s

real	0m2.585s
user	0m2.341s
sys	0m0.599s
1000+0 records in
1000+0 records out
1048576000 bytes (1.0 GB) copied, 2.6148 s, 401 MB/s
3c84e34b319946f6531a2c4559f588a8  -

real	0m2.618s
user	0m2.337s
sys	0m0.606s
1000+0 records in
1000+0 records out
3c84e34b319946f6531a2c4559f588a8  -
1048576000 bytes (1.0 GB) copied, 2.62309 s, 400 MB/s

real	0m2.626s
user	0m2.351s
sys	0m0.589s
1000+0 records in
1000+0 records out
3c84e34b319946f6531a2c4559f588a8  -
1048576000 bytes (1.0 GB) copied, 2.61112 s, 402 MB/s

real	0m2.614s
user	0m2.352s
sys	0m0.592s
1000+0 records in
1000+0 records out
3c84e34b319946f6531a2c4559f588a8  -
1048576000 bytes (1.0 GB) copied, 2.66504 s, 393 MB/s

real	0m2.669s
user	0m2.375s
sys	0m0.568s
1000+0 records in
1000+0 records out
3c84e34b319946f6531a2c4559f588a8  -
1048576000 bytes (1.0 GB) copied, 2.63261 s, 398 MB/s

real	0m2.635s
user	0m2.324s
sys	0m0.609s
1000+0 records in
1000+0 records out
3c84e34b319946f6531a2c4559f588a8  -
1048576000 bytes (1.0 GB) copied, 2.58942 s, 405 MB/s

real	0m2.592s
user	0m2.345s
sys	0m0.593s
1000+0 records in
1000+0 records out
3c84e34b319946f6531a2c4559f588a8  -
1048576000 bytes (1.0 GB) copied, 2.62132 s, 400 MB/s

real	0m2.624s
user	0m2.347s
sys	0m0.589s
1000+0 records in
1000+0 records out
3c84e34b319946f6531a2c4559f588a8  -
1048576000 bytes (1.0 GB) copied, 2.66006 s, 394 MB/s

real	0m2.663s
user	0m2.351s
sys	0m0.585s
1000+0 records in
1000+0 records out
1048576000 bytes (1.0 GB) copied3c84e34b319946f6531a2c4559f588a8  -
, 2.60776 s, 402 MB/s

real	0m2.611s
user	0m2.340s
sys	0m0.599s
1000+0 records in
1000+0 records out
3c84e34b319946f6531a2c4559f588a8  -
1048576000 bytes (1.0 GB) copied, 2.60147 s, 403 MB/s

real	0m2.604s
user	0m2.367s
sys	0m0.564s
1000+0 records in
1000+0 records out
1048576000 bytes (1.0 GB) copied, 2.59292 s, 404 MB/s
3c84e34b319946f6531a2c4559f588a8  -

real	0m2.596s
user	0m2.349s
sys	0m0.585s
1000+0 records in
1000+0 records out
3c84e34b319946f6531a2c4559f588a8  -
1048576000 bytes (1.0 GB) copied, 2.5688 s, 408 MB/s

real	0m2.571s
user	0m2.340s
sys	0m0.595s
1000+0 records in
1000+0 records out
3c84e34b319946f6531a2c4559f588a8  -
1048576000 bytes (1.0 GB) copied, 2.6134 s, 401 MB/s

real	0m2.616s
user	0m2.335s
sys	0m0.608s
1000+0 records in
1000+0 records out
3c84e34b319946f6531a2c4559f588a8  -
1048576000 bytes (1.0 GB) copied, 2.59374 s, 404 MB/s

real	0m2.596s
user	0m2.352s
sys	0m0.579s
1000+0 records in
1000+0 records out
3c84e34b319946f6531a2c4559f588a8  -
1048576000 bytes (1.0 GB) copied, 2.70457 s, 388 MB/s

real	0m2.707s
user	0m2.332s
sys	0m0.605s
1000+0 records in
1000+0 records out
3c84e34b319946f6531a2c4559f588a8  -
1048576000 bytes (1.0 GB) copied, 3.08171 s, 340 MB/s

real	0m3.085s
user	0m2.345s
sys	0m0.610s
1000+0 records in
1000+0 records out
3c84e34b319946f6531a2c4559f588a8  -
1048576000 bytes (1.0 GB) copied, 2.62711 s, 399 MB/s

real	0m2.630s
user	0m2.353s
sys	0m0.591s
1000+0 records in
1000+0 records out
3c84e34b319946f6531a2c4559f588a8  -
1048576000 bytes (1.0 GB) copied, 2.6343 s, 398 MB/s

real	0m2.637s
user	0m2.317s
sys	0m0.621s
1000+0 records in
1000+0 records out
3c84e34b319946f6531a2c4559f588a8  -
1048576000 bytes (1.0 GB) copied, 2.6144 s, 401 MB/s

real	0m2.617s
user	0m2.349s
sys	0m0.588s
1000+0 records in
1000+0 records out
3c84e34b319946f6531a2c4559f588a8  -
1048576000 bytes (1.0 GB) copied, 2.66704 s, 393 MB/s

real	0m2.670s
user	0m2.335s
sys	0m0.602s
1000+0 records in
1000+0 records out
1048576000 bytes (1.0 GB) copied, 2.55315 s, 411 MB/s
3c84e34b319946f6531a2c4559f588a8  -

real	0m2.556s
user	0m2.369s
sys	0m0.571s
1000+0 records in
1000+0 records out
3c84e34b319946f6531a2c4559f588a8  -
1048576000 bytes (1.0 GB) copied, 2.66752 s, 393 MB/s

real	0m2.670s
user	0m2.335s
sys	0m0.666s
1000+0 records in
1000+0 records out
3c84e34b319946f6531a2c4559f588a8  -
1048576000 bytes (1.0 GB) copied, 2.64928 s, 396 MB/s

real	0m2.652s
user	0m2.332s
sys	0m0.605s
1000+0 records in
1000+0 records out
3c84e34b319946f6531a2c4559f588a8  -
1048576000 bytes (1.0 GB) copied, 2.5999 s, 403 MB/s

real	0m2.603s
user	0m2.355s
sys	0m0.587s
1000+0 records in
1000+0 records out
3c84e34b319946f6531a2c4559f588a8  -
1048576000 bytes (1.0 GB) copied, 2.63403 s, 398 MB/s

real	0m2.637s
user	0m2.356s
sys	0m0.587s
1000+0 records in
1000+0 records out
3c84e34b319946f6531a2c4559f588a8  -
1048576000 bytes (1.0 GB) copied, 2.64129 s, 397 MB/s

real	0m2.644s
user	0m2.339s
sys	0m0.604s
1000+0 records in
1000+0 records out
3c84e34b319946f6531a2c4559f588a8  -
1048576000 bytes (1.0 GB) copied, 2.61842 s, 400 MB/s

real	0m2.621s
user	0m2.365s
sys	0m0.576s
1000+0 records in
1000+0 records out
3c84e34b319946f6531a2c4559f588a8  -
1048576000 bytes (1.0 GB) copied, 2.63083 s, 399 MB/s

real	0m2.634s
user	0m2.346s
sys	0m0.585s
1000+0 records in
1000+0 records out
3c84e34b319946f6531a2c4559f588a8  -
1048576000 bytes (1.0 GB) copied, 2.64262 s, 397 MB/s

real	0m2.646s
user	0m2.340s
sys	0m0.594s
1000+0 records in
1000+0 records out
3c84e34b319946f6531a2c4559f588a8  -
1048576000 bytes (1.0 GB) copied, 2.58563 s, 406 MB/s

real	0m2.588s
user	0m2.331s
sys	0m0.602s
1000+0 records in
1000+0 records out
1048576000 bytes (1.0 GB) copied, 2.56177 s, 409 MB/s
3c84e34b319946f6531a2c4559f588a8  -

real	0m2.565s
user	0m2.359s
sys	0m0.563s
1000+0 records in
1000+0 records out
3c84e34b319946f6531a2c4559f588a8  -
1048576000 bytes (1.0 GB) copied, 2.6106 s, 402 MB/s

real	0m2.613s
user	0m2.330s
sys	0m0.620s
1000+0 records in
1000+0 records out
3c84e34b319946f6531a2c4559f588a8  -
1048576000 bytes (1.0 GB) copied, 2.60293 s, 403 MB/s

real	0m2.606s
user	0m2.343s
sys	0m0.591s
1000+0 records in
1000+0 records out
3c84e34b319946f6531a2c4559f588a8  -
1048576000 bytes (1.0 GB) copied, 2.59479 s, 404 MB/s

real	0m2.598s
user	0m2.351s
sys	0m0.577s
1000+0 records in
1000+0 records out
3c84e34b319946f6531a2c4559f588a8  -
1048576000 bytes (1.0 GB) copied, 2.6352 s, 398 MB/s

real	0m2.638s
user	0m2.332s
sys	0m0.610s
1000+0 records in
1000+0 records out
3c84e34b319946f6531a2c4559f588a8  -
1048576000 bytes (1.0 GB) copied, 2.59109 s, 405 MB/s

real	0m2.594s
user	0m2.332s
sys	0m0.600s
1000+0 records in
1000+0 records out
3c84e34b319946f6531a2c4559f588a8  -
1048576000 bytes (1.0 GB) copied, 2.70411 s, 388 MB/s

real	0m2.707s
user	0m2.327s
sys	0m0.618s
1000+0 records in
1000+0 records out
3c84e34b319946f6531a2c4559f588a8  -
1048576000 bytes (1.0 GB) copied, 2.60172 s, 403 MB/s

real	0m2.605s
user	0m2.341s
sys	0m0.599s
1000+0 records in
1000+0 records out
3c84e34b319946f6531a2c4559f588a8  -
1048576000 bytes (1.0 GB) copied, 2.58894 s, 405 MB/s

real	0m2.592s
user	0m2.327s
sys	0m0.601s
1000+0 records in
1000+0 records out
1048576000 bytes (1.0 GB) copied3c84e34b319946f6531a2c4559f588a8  -
, 2.65139 s, 395 MB/s

real	0m2.654s
user	0m2.325s
sys	0m0.612s
1000+0 records in
1000+0 records out
1048576000 bytes (1.0 GB) copied, 2.56773 s, 408 MB/s
3c84e34b319946f6531a2c4559f588a8  -

real	0m2.570s
user	0m2.335s
sys	0m0.591s
1000+0 records in
1000+0 records out
3c84e34b319946f6531a2c4559f588a8  -
1048576000 bytes (1.0 GB) copied, 2.60806 s, 402 MB/s

real	0m2.611s
user	0m2.366s
sys	0m0.583s
1000+0 records in
1000+0 records out
3c84e34b319946f6531a2c4559f588a8  -
1048576000 bytes (1.0 GB) copied, 2.59074 s, 405 MB/s

real	0m2.594s
user	0m2.340s
sys	0m0.601s
1000+0 records in
1000+0 records out
3c84e34b319946f6531a2c4559f588a8  -
1048576000 bytes (1.0 GB) copied, 2.63851 s, 397 MB/s

real	0m2.641s
user	0m2.339s
sys	0m0.594s
1000+0 records in
1000+0 records out
3c84e34b319946f6531a2c4559f588a8  -
1048576000 bytes (1.0 GB) copied, 2.59206 s, 405 MB/s

real	0m2.595s
user	0m2.328s
sys	0m0.607s
1000+0 records in
1000+0 records out
3c84e34b319946f6531a2c4559f588a8  -
1048576000 bytes (1.0 GB) copied, 2.55811 s, 410 MB/s

real	0m2.561s
user	0m2.353s
sys	0m0.581s
1000+0 records in
1000+0 records out
3c84e34b319946f6531a2c4559f588a8  -
1048576000 bytes (1.0 GB) copied, 2.68442 s, 391 MB/s

real	0m2.687s
user	0m2.340s
sys	0m0.598s
1000+0 records in
1000+0 records out
3c84e34b319946f6531a2c4559f588a8  -
1048576000 bytes (1.0 GB) copied, 2.66486 s, 393 MB/s

real	0m2.668s
user	0m2.335s
sys	0m0.624s
1000+0 records in
1000+0 records out
3c84e34b319946f6531a2c4559f588a8  -
1048576000 bytes (1.0 GB) copied, 2.62426 s, 400 MB/s

real	0m2.627s
user	0m2.356s
sys	0m0.581s
1000+0 records in
1000+0 records out
3c84e34b319946f6531a2c4559f588a8  -
1048576000 bytes (1.0 GB) copied, 2.59353 s, 404 MB/s

real	0m2.600s
user	0m2.343s
sys	0m0.588s
1000+0 records in
1000+0 records out
1048576000 bytes (1.0 GB) copied, 2.54647 s, 412 MB/s
3c84e34b319946f6531a2c4559f588a8  -

real	0m2.549s
user	0m2.334s
sys	0m0.599s
1000+0 records in
1000+0 records out
3c84e34b319946f6531a2c4559f588a8  -
1048576000 bytes (1.0 GB) copied, 2.61493 s, 401 MB/s

real	0m2.618s
user	0m2.343s
sys	0m0.594s
1000+0 records in
1000+0 records out
3c84e34b319946f6531a2c4559f588a8  -
1048576000 bytes (1.0 GB) copied, 2.81028 s, 373 MB/s

real	0m2.813s
user	0m2.338s
sys	0m0.757s
1000+0 records in
1000+0 records out
3c84e34b319946f6531a2c4559f588a8  -
1048576000 bytes (1.0 GB) copied, 2.62603 s, 399 MB/s

real	0m2.629s
user	0m2.333s
sys	0m0.611s
1000+0 records in
1000+0 records out
3c84e34b319946f6531a2c4559f588a8  -
1048576000 bytes (1.0 GB) copied, 2.59381 s, 404 MB/s

real	0m2.596s
user	0m2.328s
sys	0m0.606s
1000+0 records in
1000+0 records out
3c84e34b319946f6531a2c4559f588a8  -
1048576000 bytes (1.0 GB) copied, 2.64646 s, 396 MB/s

real	0m2.649s
user	0m2.335s
sys	0m0.603s
1000+0 records in
1000+0 records out
3c84e34b319946f6531a2c4559f588a8  -
1048576000 bytes (1.0 GB) copied, 2.58835 s, 405 MB/s

real	0m2.591s
user	0m2.334s
sys	0m0.599s
1000+0 records in
1000+0 records out
3c84e34b319946f6531a2c4559f588a8  -
1048576000 bytes (1.0 GB) copied, 2.60418 s, 403 MB/s

real	0m2.607s
user	0m2.333s
sys	0m0.603s
1000+0 records in
1000+0 records out
3c84e34b319946f6531a2c4559f588a8  -
1048576000 bytes (1.0 GB) copied, 2.62185 s, 400 MB/s

real	0m2.625s
user	0m2.367s
sys	0m0.568s
1000+0 records in
1000+0 records out
3c84e34b319946f6531a2c4559f588a8  -
1048576000 bytes (1.0 GB) copied, 2.70568 s, 388 MB/s

real	0m2.708s
user	0m2.352s
sys	0m0.599s
1000+0 records in
1000+0 records out
1048576000 bytes (1.0 GB) copied, 2.54551 s, 412 MB/s
3c84e34b319946f6531a2c4559f588a8  -

real	0m2.548s
user	0m2.336s
sys	0m0.585s
1000+0 records in
1000+0 records out
3c84e34b319946f6531a2c4559f588a8  -
1048576000 bytes (1.0 GB) copied, 2.5848 s, 406 MB/s

real	0m2.587s
user	0m2.343s
sys	0m0.602s
1000+0 records in
1000+0 records out
3c84e34b319946f6531a2c4559f588a8  -
1048576000 bytes (1.0 GB) copied, 2.57411 s, 407 MB/s

real	0m2.577s
user	0m2.338s
sys	0m0.594s
1000+0 records in
1000+0 records out
3c84e34b319946f6531a2c4559f588a8  -
1048576000 bytes (1.0 GB) copied, 2.59093 s, 405 MB/s

real	0m2.594s
user	0m2.328s
sys	0m0.614s
1000+0 records in
1000+0 records out
3c84e34b319946f6531a2c4559f588a8  -
1048576000 bytes (1.0 GB) copied, 2.6014 s, 403 MB/s

real	0m2.604s
user	0m2.350s
sys	0m0.581s
1000+0 records in
1000+0 records out
3c84e34b319946f6531a2c4559f588a8  -
1048576000 bytes (1.0 GB) copied, 2.60213 s, 403 MB/s

real	0m2.605s
user	0m2.340s
sys	0m0.611s
1000+0 records in
1000+0 records out
3c84e34b319946f6531a2c4559f588a8  -
1048576000 bytes (1.0 GB) copied, 2.63334 s, 398 MB/s

real	0m2.636s
user	0m2.321s
sys	0m0.607s
1000+0 records in
1000+0 records out
3c84e34b319946f6531a2c4559f588a8  -
1048576000 bytes (1.0 GB) copied, 2.60966 s, 402 MB/s

real	0m2.612s
user	0m2.351s
sys	0m0.611s
1000+0 records in
1000+0 records out
3c84e34b319946f6531a2c4559f588a8  -
1048576000 bytes (1.0 GB) copied, 2.61721 s, 401 MB/s

real	0m2.620s
user	0m2.347s
sys	0m0.572s
1000+0 records in
1000+0 records out
3c84e34b319946f6531a2c4559f588a8  -
1048576000 bytes (1.0 GB) copied, 2.63004 s, 399 MB/s

real	0m2.633s
user	0m2.338s
sys	0m0.606s
1000+0 records in
1000+0 records out
1048576000 bytes (1.0 GB) copied, 2.58208 s, 406 MB/s
3c84e34b319946f6531a2c4559f588a8  -

real	0m2.585s
user	0m2.332s
sys	0m0.603s
1000+0 records in
1000+0 records out
3c84e34b319946f6531a2c4559f588a8  -
1048576000 bytes (1.0 GB) copied, 2.59431 s, 404 MB/s

real	0m2.597s
user	0m2.338s
sys	0m0.590s
1000+0 records in
1000+0 records out
3c84e34b319946f6531a2c4559f588a8  -
1048576000 bytes (1.0 GB) copied, 2.65686 s, 395 MB/s

real	0m2.660s
user	0m2.341s
sys	0m0.590s
1000+0 records in
1000+0 records out
3c84e34b319946f6531a2c4559f588a8  -
1048576000 bytes (1.0 GB) copied, 2.63119 s, 399 MB/s

real	0m2.634s
user	0m2.329s
sys	0m0.583s
1000+0 records in
1000+0 records out
3c84e34b319946f6531a2c4559f588a8  -
1048576000 bytes (1.0 GB) copied, 2.62985 s, 399 MB/s

real	0m2.633s
user	0m2.338s
sys	0m0.627s
1000+0 records in
1000+0 records out
3c84e34b319946f6531a2c4559f588a8  -
1048576000 bytes (1.0 GB) copied, 2.64274 s, 397 MB/s

real	0m2.646s
user	0m2.345s
sys	0m0.606s
1000+0 records in
1000+0 records out
3c84e34b319946f6531a2c4559f588a8  -
1048576000 bytes (1.0 GB) copied, 2.75721 s, 380 MB/s

real	0m2.760s
user	0m2.321s
sys	0m0.757s
1000+0 records in
1000+0 records out
3c84e34b319946f6531a2c4559f588a8  -
1048576000 bytes (1.0 GB) copied, 2.71902 s, 386 MB/s

real	0m2.722s
user	0m2.322s
sys	0m0.725s
1000+0 records in
1000+0 records out
3c84e34b319946f6531a2c4559f588a8  -
1048576000 bytes (1.0 GB) copied, 2.77449 s, 378 MB/s

real	0m2.777s
user	0m2.348s
sys	0m0.583s
1000+0 records in
1000+0 records out
3c84e34b319946f6531a2c4559f588a8  -
1048576000 bytes (1.0 GB) copied, 2.67815 s, 392 MB/s

real	0m2.681s
user	0m2.348s
sys	0m0.594s
1000+0 records in
1000+0 records out
1048576000 bytes (1.0 GB) copied, 2.5849 s, 406 MB/s
3c84e34b319946f6531a2c4559f588a8  -

real	0m2.588s
user	0m2.337s
sys	0m0.600s
1000+0 records in
1000+0 records out
3c84e34b319946f6531a2c4559f588a8  -
1048576000 bytes (1.0 GB) copied, 2.63361 s, 398 MB/s

real	0m2.636s
user	0m2.333s
sys	0m0.601s
1000+0 records in
1000+0 records out
3c84e34b319946f6531a2c4559f588a8  -
1048576000 bytes (1.0 GB) copied, 2.62909 s, 399 MB/s

real	0m2.632s
user	0m2.347s
sys	0m0.595s
1000+0 records in
1000+0 records out
3c84e34b319946f6531a2c4559f588a8  -
1048576000 bytes (1.0 GB) copied, 2.78559 s, 376 MB/s

real	0m2.789s
user	0m2.356s
sys	0m0.593s
1000+0 records in
1000+0 records out
3c84e34b319946f6531a2c4559f588a8  -
1048576000 bytes (1.0 GB) copied, 2.63111 s, 399 MB/s

real	0m2.634s
user	0m2.358s
sys	0m0.609s
1000+0 records in
1000+0 records out
3c84e34b319946f6531a2c4559f588a8  -
1048576000 bytes (1.0 GB) copied, 2.59102 s, 405 MB/s

real	0m2.593s
user	0m2.350s
sys	0m0.582s
1000+0 records in
1000+0 records out
3c84e34b319946f6531a2c4559f588a8  -
1048576000 bytes (1.0 GB) copied, 2.82726 s, 371 MB/s

real	0m2.830s
user	0m2.338s
sys	0m0.659s
1000+0 records in
1000+0 records out
3c84e34b319946f6531a2c4559f588a8  -
1048576000 bytes (1.0 GB) copied, 2.65194 s, 395 MB/s

real	0m2.655s
user	0m2.330s
sys	0m0.614s
1000+0 records in
1000+0 records out
3c84e34b319946f6531a2c4559f588a8  -
1048576000 bytes (1.0 GB) copied, 2.64812 s, 396 MB/s

real	0m2.651s
user	0m2.352s
sys	0m0.604s
1000+0 records in
1000+0 records out
3c84e34b319946f6531a2c4559f588a8  -
1048576000 bytes (1.0 GB) copied, 2.74924 s, 381 MB/s

real	0m2.752s
user	0m2.348s
sys	0m0.724s
1000+0 records in
1000+0 records out
1048576000 bytes (1.0 GB) copied, 2.62245 s, 400 MB/s
3c84e34b319946f6531a2c4559f588a8  -

real	0m2.625s
user	0m2.318s
sys	0m0.588s
