10000+0 records in
10000+0 records out
a02bf4596da9a0c3d2b10ac745b55ccf  -
10485760000 bytes (10 GB) copied, 25.1731 s, 417 MB/s

real	0m25.176s
user	0m23.394s
sys	0m5.719s
10000+0 records in
10000+0 records out
10485760000 bytes (10 GB) copied, 25.1645 s, 417 MB/s
a02bf4596da9a0c3d2b10ac745b55ccf  -

real	0m25.167s
user	0m23.401s
sys	0m5.602s
10000+0 records in
10000+0 records out
10485760000 bytes (10 GB) copieda02bf4596da9a0c3d2b10ac745b55ccf  -
, 25.2158 s, 416 MB/s

real	0m25.218s
user	0m23.358s
sys	0m6.031s
10000+0 records in
10000+0 records out
10485760000 bytes (10 GB) copied, 25.3298 s, 414 MB/s
a02bf4596da9a0c3d2b10ac745b55ccf  -

real	0m25.332s
user	0m23.435s
sys	0m6.118s
10000+0 records in
10000+0 records out
10485760000 bytes (10 GB) copieda02bf4596da9a0c3d2b10ac745b55ccf  -
, 25.1915 s, 416 MB/s

real	0m25.194s
user	0m23.394s
sys	0m5.911s
10000+0 records in
10000+0 records out
10485760000 bytes (10 GB) copied, 25.2372 s, 415 MB/s
a02bf4596da9a0c3d2b10ac745b55ccf  -

real	0m25.240s
user	0m23.402s
sys	0m6.174s
10000+0 records in
10000+0 records out
10485760000 bytes (10 GB) copied, 25.1271 s, 417 MB/s
a02bf4596da9a0c3d2b10ac745b55ccf  -

real	0m25.130s
user	0m23.379s
sys	0m5.597s
10000+0 records in
10000+0 records out
10485760000 bytes (10 GB) copied, 25.4385 s, 412 MB/s
a02bf4596da9a0c3d2b10ac745b55ccf  -

real	0m25.441s
user	0m23.450s
sys	0m5.932s
10000+0 records in
10000+0 records out
10485760000 bytes (10 GB) copied, 25.1307 s, 417 MB/s
a02bf4596da9a0c3d2b10ac745b55ccf  -

real	0m25.133s
user	0m23.430s
sys	0m5.560s
10000+0 records in
10000+0 records out
10485760000 bytes (10 GB) copied, 25.1863 s, 416 MB/s
a02bf4596da9a0c3d2b10ac745b55ccf  -

real	0m25.189s
user	0m23.366s
sys	0m5.874s
