500+0 records in
500+0 records out
afbad591ee2b70ac94258fbc7fac3bf2  -
524288000 bytes (524 MB) copied, 1.33385 s, 393 MB/s

real	0m1.360s
user	0m1.176s
sys	0m0.303s
500+0 records in
500+0 records out
524288000 bytes (524 MB) copied, 1.32452 s, 396 MB/s
afbad591ee2b70ac94258fbc7fac3bf2  -

real	0m1.348s
user	0m1.166s
sys	0m0.322s
500+0 records in
500+0 records out
524288000 bytes (524 MB) copiedafbad591ee2b70ac94258fbc7fac3bf2  -
, 1.33188 s, 394 MB/s

real	0m1.356s
user	0m1.176s
sys	0m0.316s
500+0 records in
500+0 records out
524288000 bytes (524 MB) copied, 1.46353 s, 358 MB/s
afbad591ee2b70ac94258fbc7fac3bf2  -

real	0m1.493s
user	0m1.172s
sys	0m0.407s
500+0 records in
500+0 records out
524288000 bytes (524 MB) copied, 1.33196 s, 394 MB/s
afbad591ee2b70ac94258fbc7fac3bf2  -

real	0m1.361s
user	0m1.179s
sys	0m0.284s
500+0 records in
500+0 records out
524288000 bytes (524 MB) copied, 1.32017 s, 397 MB/s
afbad591ee2b70ac94258fbc7fac3bf2  -

real	0m1.337s
user	0m1.173s
sys	0m0.293s
500+0 records in
500+0 records out
524288000 bytes (524 MB) copied, 1.33464 s, 393 MB/s
afbad591ee2b70ac94258fbc7fac3bf2  -

real	0m1.377s
user	0m1.177s
sys	0m0.307s
500+0 records in
500+0 records out
524288000 bytes (524 MB) copied, 1.32355 s, 396 MB/s
afbad591ee2b70ac94258fbc7fac3bf2  -

real	0m1.355s
user	0m1.182s
sys	0m0.280s
500+0 records in
500+0 records out
524288000 bytes (524 MB) copied, 1.34865 s, 389 MB/s
afbad591ee2b70ac94258fbc7fac3bf2  -

real	0m1.371s
user	0m1.181s
sys	0m0.282s
500+0 records in
500+0 records out
524288000 bytes (524 MB) copied, 1.33118 s, 394 MB/s
afbad591ee2b70ac94258fbc7fac3bf2  -

real	0m1.355s
user	0m1.168s
sys	0m0.286s
