2000+0 records in
2000+0 records out
0dd74775419ada42017a0fdf21eccf94  -
2097152000 bytes (2.1 GB) copied, 5.15555 s, 407 MB/s

real	0m5.158s
user	0m4.705s
sys	0m1.185s
2000+0 records in
2000+0 records out
0dd74775419ada42017a0fdf21eccf94  -
2097152000 bytes (2.1 GB) copied, 5.16123 s, 406 MB/s

real	0m5.164s
user	0m4.662s
sys	0m1.140s
2000+0 records in
2000+0 records out
2097152000 bytes (2.1 GB) copied0dd74775419ada42017a0fdf21eccf94  -
, 5.07745 s, 413 MB/s

real	0m5.080s
user	0m4.652s
sys	0m1.142s
2000+0 records in
2000+0 records out
2097152000 bytes (2.1 GB) copied0dd74775419ada42017a0fdf21eccf94  -
, 5.08664 s, 412 MB/s

real	0m5.089s
user	0m4.683s
sys	0m1.166s
2000+0 records in
2000+0 records out
2097152000 bytes (2.1 GB) copied, 5.10122 s, 411 MB/s
0dd74775419ada42017a0fdf21eccf94  -

real	0m5.104s
user	0m4.684s
sys	0m1.229s
2000+0 records in
2000+0 records out
0dd74775419ada42017a0fdf21eccf94  -
2097152000 bytes (2.1 GB) copied, 5.10999 s, 410 MB/s

real	0m5.113s
user	0m4.665s
sys	0m1.159s
2000+0 records in
2000+0 records out
0dd74775419ada42017a0fdf21eccf94  -
2097152000 bytes (2.1 GB) copied, 5.20116 s, 403 MB/s

real	0m5.204s
user	0m4.690s
sys	0m1.267s
2000+0 records in
2000+0 records out
0dd74775419ada42017a0fdf21eccf94  -
2097152000 bytes (2.1 GB) copied, 5.14066 s, 408 MB/s

real	0m5.143s
user	0m4.675s
sys	0m1.189s
2000+0 records in
2000+0 records out
0dd74775419ada42017a0fdf21eccf94  -
2097152000 bytes (2.1 GB) copied, 5.13474 s, 408 MB/s

real	0m5.138s
user	0m4.700s
sys	0m1.102s
2000+0 records in
2000+0 records out
2097152000 bytes (2.1 GB) copied, 5.07593 s, 413 MB/s
0dd74775419ada42017a0fdf21eccf94  -

real	0m5.079s
user	0m4.687s
sys	0m1.109s
2000+0 records in
2000+0 records out
0dd74775419ada42017a0fdf21eccf94  -
2097152000 bytes (2.1 GB) copied, 5.11856 s, 410 MB/s

real	0m5.121s
user	0m4.669s
sys	0m1.134s
2000+0 records in
2000+0 records out
2097152000 bytes (2.1 GB) copied0dd74775419ada42017a0fdf21eccf94  -
, 5.13709 s, 408 MB/s

real	0m5.140s
user	0m4.694s
sys	0m1.099s
2000+0 records in
2000+0 records out
0dd74775419ada42017a0fdf21eccf94  -
2097152000 bytes (2.1 GB) copied, 5.16678 s, 406 MB/s

real	0m5.170s
user	0m4.718s
sys	0m1.175s
2000+0 records in
2000+0 records out
0dd74775419ada42017a0fdf21eccf94  -
2097152000 bytes (2.1 GB) copied, 5.16854 s, 406 MB/s

real	0m5.171s
user	0m4.675s
sys	0m1.133s
2000+0 records in
2000+0 records out
2097152000 bytes (2.1 GB) copied, 5.07836 s, 413 MB/s
0dd74775419ada42017a0fdf21eccf94  -

real	0m5.081s
user	0m4.694s
sys	0m1.100s
2000+0 records in
2000+0 records out
0dd74775419ada42017a0fdf21eccf94  -
2097152000 bytes (2.1 GB) copied, 5.09763 s, 411 MB/s

real	0m5.100s
user	0m4.678s
sys	0m1.137s
2000+0 records in
2000+0 records out
0dd74775419ada42017a0fdf21eccf94  -
2097152000 bytes (2.1 GB) copied, 5.15939 s, 406 MB/s

real	0m5.162s
user	0m4.694s
sys	0m1.149s
2000+0 records in
2000+0 records out
0dd74775419ada42017a0fdf21eccf94  -
2097152000 bytes (2.1 GB) copied, 5.14156 s, 408 MB/s

real	0m5.144s
user	0m4.692s
sys	0m1.112s
2000+0 records in
2000+0 records out
0dd74775419ada42017a0fdf21eccf94  -
2097152000 bytes (2.1 GB) copied, 5.16012 s, 406 MB/s

real	0m5.163s
user	0m4.701s
sys	0m1.106s
2000+0 records in
2000+0 records out
2097152000 bytes (2.1 GB) copied, 5.22061 s, 402 MB/s
0dd74775419ada42017a0fdf21eccf94  -

real	0m5.223s
user	0m4.683s
sys	0m1.285s
2000+0 records in
2000+0 records out
0dd74775419ada42017a0fdf21eccf94  -
2097152000 bytes (2.1 GB) copied, 5.21861 s, 402 MB/s

real	0m5.221s
user	0m4.678s
sys	0m1.377s
2000+0 records in
2000+0 records out
0dd74775419ada42017a0fdf21eccf94  -
2097152000 bytes (2.1 GB) copied, 5.20811 s, 403 MB/s

real	0m5.211s
user	0m4.684s
sys	0m1.127s
2000+0 records in
2000+0 records out
0dd74775419ada42017a0fdf21eccf94  -
2097152000 bytes (2.1 GB) copied, 5.14135 s, 408 MB/s

real	0m5.144s
user	0m4.703s
sys	0m1.257s
2000+0 records in
2000+0 records out
0dd74775419ada42017a0fdf21eccf94  -
2097152000 bytes (2.1 GB) copied, 5.13256 s, 409 MB/s

real	0m5.135s
user	0m4.682s
sys	0m1.121s
2000+0 records in
2000+0 records out
2097152000 bytes (2.1 GB) copied, 5.09297 s, 412 MB/s
0dd74775419ada42017a0fdf21eccf94  -

real	0m5.096s
user	0m4.657s
sys	0m1.247s
2000+0 records in
2000+0 records out
0dd74775419ada42017a0fdf21eccf94  -
2097152000 bytes (2.1 GB) copied, 5.17427 s, 405 MB/s

real	0m5.177s
user	0m4.696s
sys	0m1.290s
2000+0 records in
2000+0 records out
0dd74775419ada42017a0fdf21eccf94  -
2097152000 bytes (2.1 GB) copied, 5.15676 s, 407 MB/s

real	0m5.160s
user	0m4.692s
sys	0m1.113s
2000+0 records in
2000+0 records out
0dd74775419ada42017a0fdf21eccf94  -
2097152000 bytes (2.1 GB) copied, 5.15117 s, 407 MB/s

real	0m5.154s
user	0m4.663s
sys	0m1.186s
2000+0 records in
2000+0 records out
0dd74775419ada42017a0fdf21eccf94  -
2097152000 bytes (2.1 GB) copied, 5.12485 s, 409 MB/s

real	0m5.128s
user	0m4.707s
sys	0m1.105s
2000+0 records in
2000+0 records out
2097152000 bytes (2.1 GB) copied, 5.09919 s, 411 MB/s
0dd74775419ada42017a0fdf21eccf94  -

real	0m5.102s
user	0m4.686s
sys	0m1.234s
2000+0 records in
2000+0 records out
0dd74775419ada42017a0fdf21eccf94  -
2097152000 bytes (2.1 GB) copied, 5.1119 s, 410 MB/s

real	0m5.114s
user	0m4.689s
sys	0m1.124s
2000+0 records in
2000+0 records out
0dd74775419ada42017a0fdf21eccf94  -
2097152000 bytes (2.1 GB) copied, 5.20121 s, 403 MB/s

real	0m5.204s
user	0m4.670s
sys	0m1.128s
2000+0 records in
2000+0 records out
0dd74775419ada42017a0fdf21eccf94  -
2097152000 bytes (2.1 GB) copied, 5.11171 s, 410 MB/s

real	0m5.115s
user	0m4.693s
sys	0m1.111s
2000+0 records in
2000+0 records out
0dd74775419ada42017a0fdf21eccf94  -
2097152000 bytes (2.1 GB) copied, 5.10846 s, 411 MB/s

real	0m5.111s
user	0m4.670s
sys	0m1.126s
2000+0 records in
2000+0 records out
2097152000 bytes (2.1 GB) copied, 5.1117 s, 410 MB/s
0dd74775419ada42017a0fdf21eccf94  -

real	0m5.115s
user	0m4.673s
sys	0m1.261s
2000+0 records in
2000+0 records out
0dd74775419ada42017a0fdf21eccf94  -
2097152000 bytes (2.1 GB) copied, 5.36633 s, 391 MB/s

real	0m5.369s
user	0m4.696s
sys	0m1.473s
2000+0 records in
2000+0 records out
0dd74775419ada42017a0fdf21eccf94  -
2097152000 bytes (2.1 GB) copied, 5.18308 s, 405 MB/s

real	0m5.186s
user	0m4.718s
sys	0m1.149s
2000+0 records in
2000+0 records out
0dd74775419ada42017a0fdf21eccf94  -
2097152000 bytes (2.1 GB) copied, 5.33606 s, 393 MB/s

real	0m5.339s
user	0m4.706s
sys	0m1.398s
2000+0 records in
2000+0 records out
0dd74775419ada42017a0fdf21eccf94  -
2097152000 bytes (2.1 GB) copied, 5.10816 s, 411 MB/s

real	0m5.111s
user	0m4.673s
sys	0m1.120s
2000+0 records in
2000+0 records out
2097152000 bytes (2.1 GB) copied, 5.12884 s, 409 MB/s
0dd74775419ada42017a0fdf21eccf94  -

real	0m5.132s
user	0m4.669s
sys	0m1.284s
2000+0 records in
2000+0 records out
0dd74775419ada42017a0fdf21eccf94  -
2097152000 bytes (2.1 GB) copied, 5.17022 s, 406 MB/s

real	0m5.173s
user	0m4.683s
sys	0m1.126s
2000+0 records in
2000+0 records out
0dd74775419ada42017a0fdf21eccf94  -
2097152000 bytes (2.1 GB) copied, 5.25185 s, 399 MB/s

real	0m5.255s
user	0m4.690s
sys	0m1.352s
2000+0 records in
2000+0 records out
0dd74775419ada42017a0fdf21eccf94  -
2097152000 bytes (2.1 GB) copied, 5.10979 s, 410 MB/s

real	0m5.112s
user	0m4.703s
sys	0m1.099s
2000+0 records in
2000+0 records out
0dd74775419ada42017a0fdf21eccf94  -
2097152000 bytes (2.1 GB) copied, 5.14268 s, 408 MB/s

real	0m5.145s
user	0m4.684s
sys	0m1.143s
2000+0 records in
2000+0 records out
2097152000 bytes (2.1 GB) copied0dd74775419ada42017a0fdf21eccf94  -
, 5.09061 s, 412 MB/s

real	0m5.094s
user	0m4.702s
sys	0m1.136s
2000+0 records in
2000+0 records out
0dd74775419ada42017a0fdf21eccf94  -
2097152000 bytes (2.1 GB) copied, 5.10402 s, 411 MB/s

real	0m5.107s
user	0m4.674s
sys	0m1.146s
2000+0 records in
2000+0 records out
2097152000 bytes (2.1 GB) copied0dd74775419ada42017a0fdf21eccf94  -
, 5.15221 s, 407 MB/s

real	0m5.155s
user	0m4.685s
sys	0m1.123s
2000+0 records in
2000+0 records out
0dd74775419ada42017a0fdf21eccf94  -
2097152000 bytes (2.1 GB) copied, 5.2577 s, 399 MB/s

real	0m5.261s
user	0m4.663s
sys	0m1.416s
2000+0 records in
2000+0 records out
0dd74775419ada42017a0fdf21eccf94  -
2097152000 bytes (2.1 GB) copied, 5.10991 s, 410 MB/s

real	0m5.113s
user	0m4.676s
sys	0m1.141s
2000+0 records in
2000+0 records out
2097152000 bytes (2.1 GB) copied, 5.13579 s, 408 MB/s
0dd74775419ada42017a0fdf21eccf94  -

real	0m5.139s
user	0m4.686s
sys	0m1.120s
