500+0 records in
500+0 records out
524288000 bytes (524 MB) copied, 1.3464 s, 389 MB/s
afbad591ee2b70ac94258fbc7fac3bf2  -

real	0m1.349s
user	0m1.168s
sys	0m0.321s
500+0 records in
500+0 records out
524288000 bytes (524 MB) copied, 1.30331 s, 402 MB/s
afbad591ee2b70ac94258fbc7fac3bf2  -

real	0m1.306s
user	0m1.163s
sys	0m0.324s
500+0 records in
500+0 records out
524288000 bytes (524 MB) copiedafbad591ee2b70ac94258fbc7fac3bf2  -
, 1.35229 s, 388 MB/s

real	0m1.355s
user	0m1.174s
sys	0m0.291s
500+0 records in
500+0 records out
524288000 bytes (524 MB) copied, 1.27807 s, 410 MB/s
afbad591ee2b70ac94258fbc7fac3bf2  -

real	0m1.281s
user	0m1.173s
sys	0m0.297s
500+0 records in
500+0 records out
524288000 bytes (524 MB) copied, 1.27186 s, 412 MB/s
afbad591ee2b70ac94258fbc7fac3bf2  -

real	0m1.275s
user	0m1.176s
sys	0m0.283s
500+0 records in
500+0 records out
524288000 bytes (524 MB) copied, 1.27048 s, 413 MB/s
afbad591ee2b70ac94258fbc7fac3bf2  -

real	0m1.273s
user	0m1.184s
sys	0m0.268s
500+0 records in
500+0 records out
524288000 bytes (524 MB) copied, 1.2716 s, 412 MB/s
afbad591ee2b70ac94258fbc7fac3bf2  -

real	0m1.274s
user	0m1.171s
sys	0m0.310s
500+0 records in
500+0 records out
524288000 bytes (524 MB) copied, 1.27439 s, 411 MB/s
afbad591ee2b70ac94258fbc7fac3bf2  -

real	0m1.277s
user	0m1.157s
sys	0m0.327s
500+0 records in
500+0 records out
524288000 bytes (524 MB) copied, 1.27474 s, 411 MB/s
afbad591ee2b70ac94258fbc7fac3bf2  -

real	0m1.277s
user	0m1.160s
sys	0m0.319s
500+0 records in
500+0 records out
524288000 bytes (524 MB) copied, 1.38853 s, 378 MB/s
afbad591ee2b70ac94258fbc7fac3bf2  -

real	0m1.391s
user	0m1.169s
sys	0m0.310s
500+0 records in
500+0 records out
524288000 bytes (524 MB) copied, 1.34769 s, 389 MB/s
afbad591ee2b70ac94258fbc7fac3bf2  -

real	0m1.351s
user	0m1.168s
sys	0m0.376s
500+0 records in
500+0 records out
524288000 bytes (524 MB) copied, 1.34895 s, 389 MB/s
afbad591ee2b70ac94258fbc7fac3bf2  -

real	0m1.352s
user	0m1.182s
sys	0m0.271s
500+0 records in
500+0 records out
524288000 bytes (524 MB) copied, 1.3424 s, 391 MB/s
afbad591ee2b70ac94258fbc7fac3bf2  -

real	0m1.345s
user	0m1.168s
sys	0m0.357s
500+0 records in
500+0 records out
524288000 bytes (524 MB) copied, 1.29759 s, 404 MB/s
afbad591ee2b70ac94258fbc7fac3bf2  -

real	0m1.300s
user	0m1.185s
sys	0m0.280s
500+0 records in
500+0 records out
524288000 bytes (524 MB) copied, 1.31822 s, 398 MB/s
afbad591ee2b70ac94258fbc7fac3bf2  -

real	0m1.321s
user	0m1.184s
sys	0m0.272s
500+0 records in
500+0 records out
524288000 bytes (524 MB) copied, 1.32196 s, 397 MB/s
afbad591ee2b70ac94258fbc7fac3bf2  -

real	0m1.325s
user	0m1.172s
sys	0m0.301s
500+0 records in
500+0 records out
524288000 bytes (524 MB) copied, 1.31893 s, 398 MB/s
afbad591ee2b70ac94258fbc7fac3bf2  -

real	0m1.322s
user	0m1.173s
sys	0m0.290s
500+0 records in
500+0 records out
524288000 bytes (524 MB) copied, 1.41258 s, 371 MB/s
afbad591ee2b70ac94258fbc7fac3bf2  -

real	0m1.416s
user	0m1.167s
sys	0m0.347s
500+0 records in
500+0 records out
524288000 bytes (524 MB) copied, 1.36925 s, 383 MB/s
afbad591ee2b70ac94258fbc7fac3bf2  -

real	0m1.372s
user	0m1.178s
sys	0m0.281s
500+0 records in
500+0 records out
524288000 bytes (524 MB) copied, 1.36039 s, 385 MB/s
afbad591ee2b70ac94258fbc7fac3bf2  -

real	0m1.363s
user	0m1.157s
sys	0m0.311s
500+0 records in
500+0 records out
524288000 bytes (524 MB) copied, 1.3727 s, 382 MB/s
afbad591ee2b70ac94258fbc7fac3bf2  -

real	0m1.376s
user	0m1.177s
sys	0m0.275s
500+0 records in
500+0 records out
524288000 bytes (524 MB) copied, 1.36014 s, 385 MB/s
afbad591ee2b70ac94258fbc7fac3bf2  -

real	0m1.363s
user	0m1.167s
sys	0m0.338s
500+0 records in
500+0 records out
524288000 bytes (524 MB) copied, 1.34 s, 391 MB/s
afbad591ee2b70ac94258fbc7fac3bf2  -

real	0m1.343s
user	0m1.167s
sys	0m0.295s
500+0 records in
500+0 records out
524288000 bytes (524 MB) copied, 1.31139 s, 400 MB/s
afbad591ee2b70ac94258fbc7fac3bf2  -

real	0m1.314s
user	0m1.182s
sys	0m0.277s
500+0 records in
500+0 records out
524288000 bytes (524 MB) copied, 1.33295 s, 393 MB/s
afbad591ee2b70ac94258fbc7fac3bf2  -

real	0m1.336s
user	0m1.189s
sys	0m0.272s
500+0 records in
500+0 records out
524288000 bytes (524 MB) copied, 1.33886 s, 392 MB/s
afbad591ee2b70ac94258fbc7fac3bf2  -

real	0m1.342s
user	0m1.170s
sys	0m0.345s
500+0 records in
500+0 records out
524288000 bytes (524 MB) copied, 1.34969 s, 388 MB/s
afbad591ee2b70ac94258fbc7fac3bf2  -

real	0m1.352s
user	0m1.177s
sys	0m0.344s
500+0 records in
500+0 records out
524288000 bytes (524 MB) copied, 1.36779 s, 383 MB/s
afbad591ee2b70ac94258fbc7fac3bf2  -

real	0m1.371s
user	0m1.185s
sys	0m0.365s
500+0 records in
500+0 records out
524288000 bytes (524 MB) copied, 1.36733 s, 383 MB/s
afbad591ee2b70ac94258fbc7fac3bf2  -

real	0m1.370s
user	0m1.175s
sys	0m0.332s
500+0 records in
500+0 records out
524288000 bytes (524 MB) copied, 1.33277 s, 393 MB/s
afbad591ee2b70ac94258fbc7fac3bf2  -

real	0m1.336s
user	0m1.166s
sys	0m0.313s
500+0 records in
500+0 records out
524288000 bytes (524 MB) copied, 1.32455 s, 396 MB/s
afbad591ee2b70ac94258fbc7fac3bf2  -

real	0m1.327s
user	0m1.183s
sys	0m0.279s
500+0 records in
500+0 records out
524288000 bytes (524 MB) copied, 1.33297 s, 393 MB/s
afbad591ee2b70ac94258fbc7fac3bf2  -

real	0m1.336s
user	0m1.173s
sys	0m0.279s
500+0 records in
500+0 records out
524288000 bytes (524 MB) copied, 1.3037 s, 402 MB/s
afbad591ee2b70ac94258fbc7fac3bf2  -

real	0m1.307s
user	0m1.174s
sys	0m0.283s
500+0 records in
500+0 records out
524288000 bytes (524 MB) copied, 1.43151 s, 366 MB/s
afbad591ee2b70ac94258fbc7fac3bf2  -

real	0m1.435s
user	0m1.162s
sys	0m0.441s
500+0 records in
500+0 records out
524288000 bytes (524 MB) copied, 1.51293 s, 347 MB/s
afbad591ee2b70ac94258fbc7fac3bf2  -

real	0m1.516s
user	0m1.186s
sys	0m0.489s
500+0 records in
500+0 records out
524288000 bytes (524 MB) copied, 1.39616 s, 376 MB/s
afbad591ee2b70ac94258fbc7fac3bf2  -

real	0m1.399s
user	0m1.164s
sys	0m0.300s
500+0 records in
500+0 records out
524288000 bytes (524 MB) copied, 1.46855 s, 357 MB/s
afbad591ee2b70ac94258fbc7fac3bf2  -

real	0m1.471s
user	0m1.185s
sys	0m0.446s
500+0 records in
500+0 records out
524288000 bytes (524 MB) copied, 1.33543 s, 393 MB/s
afbad591ee2b70ac94258fbc7fac3bf2  -

real	0m1.338s
user	0m1.173s
sys	0m0.341s
500+0 records in
500+0 records out
524288000 bytes (524 MB) copied, 1.32414 s, 396 MB/s
afbad591ee2b70ac94258fbc7fac3bf2  -

real	0m1.327s
user	0m1.167s
sys	0m0.292s
500+0 records in
500+0 records out
524288000 bytes (524 MB) copied, 1.33284 s, 393 MB/s
afbad591ee2b70ac94258fbc7fac3bf2  -

real	0m1.336s
user	0m1.179s
sys	0m0.274s
