1000+0 records in
1000+0 records out
3c84e34b319946f6531a2c4559f588a8  -
1048576000 bytes (1.0 GB) copied, 2.58856 s, 405 MB/s

real	0m2.591s
user	0m2.331s
sys	0m0.660s
1000+0 records in
1000+0 records out
3c84e34b319946f6531a2c4559f588a8  -
1048576000 bytes (1.0 GB) copied, 2.64437 s, 397 MB/s

real	0m2.647s
user	0m2.328s
sys	0m0.643s
1000+0 records in
1000+0 records out
3c84e34b319946f6531a2c4559f588a8  -
1048576000 bytes (1.0 GB) copied, 2.64533 s, 396 MB/s

real	0m2.648s
user	0m2.304s
sys	0m0.691s
1000+0 records in
1000+0 records out
3c84e34b319946f6531a2c4559f588a8  -
1048576000 bytes (1.0 GB) copied, 2.61268 s, 401 MB/s

real	0m2.616s
user	0m2.349s
sys	0m0.577s
1000+0 records in
1000+0 records out
1048576000 bytes (1.0 GB) copied3c84e34b319946f6531a2c4559f588a8  -
, 2.59435 s, 404 MB/s

real	0m2.597s
user	0m2.350s
sys	0m0.558s
1000+0 records in
1000+0 records out
1048576000 bytes (1.0 GB) copied3c84e34b319946f6531a2c4559f588a8  -
, 2.60506 s, 403 MB/s

real	0m2.608s
user	0m2.343s
sys	0m0.556s
1000+0 records in
1000+0 records out
3c84e34b319946f6531a2c4559f588a8  -
1048576000 bytes (1.0 GB) copied, 2.67182 s, 392 MB/s

real	0m2.675s
user	0m2.312s
sys	0m0.676s
1000+0 records in
1000+0 records out
3c84e34b319946f6531a2c4559f588a8  -
1048576000 bytes (1.0 GB) copied, 2.63322 s, 398 MB/s

real	0m2.636s
user	0m2.344s
sys	0m0.640s
1000+0 records in
1000+0 records out
3c84e34b319946f6531a2c4559f588a8  -
1048576000 bytes (1.0 GB) copied, 2.61664 s, 401 MB/s

real	0m2.619s
user	0m2.363s
sys	0m0.543s
1000+0 records in
1000+0 records out
1048576000 bytes (1.0 GB) copied, 2.54552 s, 412 MB/s
3c84e34b319946f6531a2c4559f588a8  -

real	0m2.548s
user	0m2.327s
sys	0m0.573s
1000+0 records in
1000+0 records out
3c84e34b319946f6531a2c4559f588a8  -
1048576000 bytes (1.0 GB) copied, 2.71585 s, 386 MB/s

real	0m2.719s
user	0m2.333s
sys	0m0.753s
1000+0 records in
1000+0 records out
3c84e34b319946f6531a2c4559f588a8  -
1048576000 bytes (1.0 GB) copied, 2.72199 s, 385 MB/s

real	0m2.725s
user	0m2.356s
sys	0m0.656s
1000+0 records in
1000+0 records out
3c84e34b319946f6531a2c4559f588a8  -
1048576000 bytes (1.0 GB) copied, 2.62353 s, 400 MB/s

real	0m2.626s
user	0m2.359s
sys	0m0.550s
1000+0 records in
1000+0 records out
1048576000 bytes (1.0 GB) copied3c84e34b319946f6531a2c4559f588a8  -
, 2.58964 s, 405 MB/s

real	0m2.592s
user	0m2.325s
sys	0m0.577s
1000+0 records in
1000+0 records out
3c84e34b319946f6531a2c4559f588a8  -
1048576000 bytes (1.0 GB) copied, 2.69964 s, 388 MB/s

real	0m2.702s
user	0m2.318s
sys	0m0.586s
1000+0 records in
1000+0 records out
3c84e34b319946f6531a2c4559f588a8  -
1048576000 bytes (1.0 GB) copied, 2.634 s, 398 MB/s

real	0m2.637s
user	0m2.329s
sys	0m0.571s
1000+0 records in
1000+0 records out
3c84e34b319946f6531a2c4559f588a8  -
1048576000 bytes (1.0 GB) copied, 2.61423 s, 401 MB/s

real	0m2.617s
user	0m2.334s
sys	0m0.567s
1000+0 records in
1000+0 records out
3c84e34b319946f6531a2c4559f588a8  -
1048576000 bytes (1.0 GB) copied, 2.67071 s, 393 MB/s

real	0m2.674s
user	0m2.354s
sys	0m0.647s
1000+0 records in
1000+0 records out
3c84e34b319946f6531a2c4559f588a8  -
1048576000 bytes (1.0 GB) copied, 2.74286 s, 382 MB/s

real	0m2.746s
user	0m2.327s
sys	0m0.732s
1000+0 records in
1000+0 records out
1048576000 bytes (1.0 GB) copied, 2.62939 s, 399 MB/s
3c84e34b319946f6531a2c4559f588a8  -

real	0m2.632s
user	0m2.355s
sys	0m0.642s
1000+0 records in
1000+0 records out
1048576000 bytes (1.0 GB) copied3c84e34b319946f6531a2c4559f588a8  -
, 2.60899 s, 402 MB/s

real	0m2.611s
user	0m2.336s
sys	0m0.573s
1000+0 records in
1000+0 records out
3c84e34b319946f6531a2c4559f588a8  -
1048576000 bytes (1.0 GB) copied, 2.70271 s, 388 MB/s

real	0m2.705s
user	0m2.354s
sys	0m0.547s
1000+0 records in
1000+0 records out
3c84e34b319946f6531a2c4559f588a8  -
1048576000 bytes (1.0 GB) copied, 2.67183 s, 392 MB/s

real	0m2.675s
user	0m2.367s
sys	0m0.660s
1000+0 records in
1000+0 records out
3c84e34b319946f6531a2c4559f588a8  -
1048576000 bytes (1.0 GB) copied, 2.5606 s, 410 MB/s

real	0m2.563s
user	0m2.337s
sys	0m0.572s
1000+0 records in
1000+0 records out
3c84e34b319946f6531a2c4559f588a8  -
1048576000 bytes (1.0 GB) copied, 2.65944 s, 394 MB/s

real	0m2.662s
user	0m2.327s
sys	0m0.673s
1000+0 records in
1000+0 records out
3c84e34b319946f6531a2c4559f588a8  -
1048576000 bytes (1.0 GB) copied, 2.6273 s, 399 MB/s

real	0m2.630s
user	0m2.343s
sys	0m0.659s
1000+0 records in
1000+0 records out
3c84e34b319946f6531a2c4559f588a8  -
1048576000 bytes (1.0 GB) copied, 2.6786 s, 391 MB/s

real	0m2.681s
user	0m2.356s
sys	0m0.552s
1000+0 records in
1000+0 records out
3c84e34b319946f6531a2c4559f588a8  -
1048576000 bytes (1.0 GB) copied, 2.67595 s, 392 MB/s

real	0m2.679s
user	0m2.346s
sys	0m0.559s
1000+0 records in
1000+0 records out
3c84e34b319946f6531a2c4559f588a8  -
1048576000 bytes (1.0 GB) copied, 2.55067 s, 411 MB/s

real	0m2.553s
user	0m2.338s
sys	0m0.564s
1000+0 records in
1000+0 records out
1048576000 bytes (1.0 GB) copied, 2.60289 s, 403 MB/s
3c84e34b319946f6531a2c4559f588a8  -

real	0m2.606s
user	0m2.364s
sys	0m0.654s
1000+0 records in
1000+0 records out
1048576000 bytes (1.0 GB) copied3c84e34b319946f6531a2c4559f588a8  -
, 2.61054 s, 402 MB/s

real	0m2.613s
user	0m2.352s
sys	0m0.548s
1000+0 records in
1000+0 records out
3c84e34b319946f6531a2c4559f588a8  -
1048576000 bytes (1.0 GB) copied, 2.61459 s, 401 MB/s

real	0m2.617s
user	0m2.336s
sys	0m0.566s
1000+0 records in
1000+0 records out
3c84e34b319946f6531a2c4559f588a8  -
1048576000 bytes (1.0 GB) copied, 2.72513 s, 385 MB/s

real	0m2.728s
user	0m2.338s
sys	0m0.746s
1000+0 records in
1000+0 records out
3c84e34b319946f6531a2c4559f588a8  -
1048576000 bytes (1.0 GB) copied, 2.77304 s, 378 MB/s

real	0m2.776s
user	0m2.369s
sys	0m0.681s
1000+0 records in
1000+0 records out
3c84e34b319946f6531a2c4559f588a8  -
1048576000 bytes (1.0 GB) copied, 2.72176 s, 385 MB/s

real	0m2.724s
user	0m2.358s
sys	0m0.649s
1000+0 records in
1000+0 records out
3c84e34b319946f6531a2c4559f588a8  -
1048576000 bytes (1.0 GB) copied, 2.61084 s, 402 MB/s

real	0m2.614s
user	0m2.333s
sys	0m0.577s
1000+0 records in
1000+0 records out
3c84e34b319946f6531a2c4559f588a8  -
1048576000 bytes (1.0 GB) copied, 2.66232 s, 394 MB/s

real	0m2.665s
user	0m2.356s
sys	0m0.606s
1000+0 records in
1000+0 records out
3c84e34b319946f6531a2c4559f588a8  -
1048576000 bytes (1.0 GB) copied, 2.59889 s, 403 MB/s

real	0m2.602s
user	0m2.330s
sys	0m0.572s
1000+0 records in
1000+0 records out
3c84e34b319946f6531a2c4559f588a8  -
1048576000 bytes (1.0 GB) copied, 2.56311 s, 409 MB/s

real	0m2.566s
user	0m2.356s
sys	0m0.546s
1000+0 records in
1000+0 records out
1048576000 bytes (1.0 GB) copied, 2.61672 s, 401 MB/s
3c84e34b319946f6531a2c4559f588a8  -

real	0m2.620s
user	0m2.361s
sys	0m0.650s
1000+0 records in
1000+0 records out
3c84e34b319946f6531a2c4559f588a8  -
1048576000 bytes (1.0 GB) copied, 2.69838 s, 389 MB/s

real	0m2.701s
user	0m2.327s
sys	0m0.730s
1000+0 records in
1000+0 records out
3c84e34b319946f6531a2c4559f588a8  -
1048576000 bytes (1.0 GB) copied, 2.62342 s, 400 MB/s

real	0m2.626s
user	0m2.329s
sys	0m0.579s
1000+0 records in
1000+0 records out
3c84e34b319946f6531a2c4559f588a8  -
1048576000 bytes (1.0 GB) copied, 2.6678 s, 393 MB/s

real	0m2.671s
user	0m2.353s
sys	0m0.682s
1000+0 records in
1000+0 records out
3c84e34b319946f6531a2c4559f588a8  -
1048576000 bytes (1.0 GB) copied, 2.66598 s, 393 MB/s

real	0m2.669s
user	0m2.336s
sys	0m0.578s
1000+0 records in
1000+0 records out
3c84e34b319946f6531a2c4559f588a8  -
1048576000 bytes (1.0 GB) copied, 2.66364 s, 394 MB/s

real	0m2.667s
user	0m2.357s
sys	0m0.626s
1000+0 records in
1000+0 records out
3c84e34b319946f6531a2c4559f588a8  -
1048576000 bytes (1.0 GB) copied, 2.63991 s, 397 MB/s

real	0m2.643s
user	0m2.340s
sys	0m0.629s
1000+0 records in
1000+0 records out
3c84e34b319946f6531a2c4559f588a8  -
1048576000 bytes (1.0 GB) copied, 2.65926 s, 394 MB/s

real	0m2.662s
user	0m2.349s
sys	0m0.582s
1000+0 records in
1000+0 records out
3c84e34b319946f6531a2c4559f588a8  -
1048576000 bytes (1.0 GB) copied, 2.70428 s, 388 MB/s

real	0m2.707s
user	0m2.340s
sys	0m0.739s
1000+0 records in
1000+0 records out
3c84e34b319946f6531a2c4559f588a8  -
1048576000 bytes (1.0 GB) copied, 2.64309 s, 397 MB/s

real	0m2.646s
user	0m2.344s
sys	0m0.565s
1000+0 records in
1000+0 records out
1048576000 bytes (1.0 GB) copied, 2.59303 s, 404 MB/s
3c84e34b319946f6531a2c4559f588a8  -

real	0m2.596s
user	0m2.333s
sys	0m0.593s
1000+0 records in
1000+0 records out
3c84e34b319946f6531a2c4559f588a8  -
1048576000 bytes (1.0 GB) copied, 2.60998 s, 402 MB/s

real	0m2.612s
user	0m2.335s
sys	0m0.576s
1000+0 records in
1000+0 records out
3c84e34b319946f6531a2c4559f588a8  -
1048576000 bytes (1.0 GB) copied, 2.61139 s, 402 MB/s

real	0m2.614s
user	0m2.361s
sys	0m0.544s
1000+0 records in
1000+0 records out
3c84e34b319946f6531a2c4559f588a8  -
1048576000 bytes (1.0 GB) copied, 2.59121 s, 405 MB/s

real	0m2.594s
user	0m2.338s
sys	0m0.586s
1000+0 records in
1000+0 records out
3c84e34b319946f6531a2c4559f588a8  -
1048576000 bytes (1.0 GB) copied, 2.63526 s, 398 MB/s

real	0m2.638s
user	0m2.344s
sys	0m0.559s
1000+0 records in
1000+0 records out
3c84e34b319946f6531a2c4559f588a8  -
1048576000 bytes (1.0 GB) copied, 2.65056 s, 396 MB/s

real	0m2.653s
user	0m2.345s
sys	0m0.582s
1000+0 records in
1000+0 records out
3c84e34b319946f6531a2c4559f588a8  -
1048576000 bytes (1.0 GB) copied, 2.77159 s, 378 MB/s

real	0m2.775s
user	0m2.359s
sys	0m0.555s
1000+0 records in
1000+0 records out
3c84e34b319946f6531a2c4559f588a8  -
1048576000 bytes (1.0 GB) copied, 2.62762 s, 399 MB/s

real	0m2.630s
user	0m2.311s
sys	0m0.593s
1000+0 records in
1000+0 records out
3c84e34b319946f6531a2c4559f588a8  -
1048576000 bytes (1.0 GB) copied, 2.6216 s, 400 MB/s

real	0m2.625s
user	0m2.337s
sys	0m0.644s
1000+0 records in
1000+0 records out
3c84e34b319946f6531a2c4559f588a8  -
1048576000 bytes (1.0 GB) copied, 2.66873 s, 393 MB/s

real	0m2.672s
user	0m2.337s
sys	0m0.591s
1000+0 records in
1000+0 records out
1048576000 bytes (1.0 GB) copied, 2.56928 s, 408 MB/s
3c84e34b319946f6531a2c4559f588a8  -

real	0m2.572s
user	0m2.352s
sys	0m0.561s
1000+0 records in
1000+0 records out
3c84e34b319946f6531a2c4559f588a8  -
1048576000 bytes (1.0 GB) copied, 2.75311 s, 381 MB/s

real	0m2.755s
user	0m2.323s
sys	0m0.797s
1000+0 records in
1000+0 records out
3c84e34b319946f6531a2c4559f588a8  -
1048576000 bytes (1.0 GB) copied, 2.58468 s, 406 MB/s

real	0m2.588s
user	0m2.345s
sys	0m0.568s
1000+0 records in
1000+0 records out
3c84e34b319946f6531a2c4559f588a8  -
1048576000 bytes (1.0 GB) copied, 2.6754 s, 392 MB/s

real	0m2.678s
user	0m2.343s
sys	0m0.692s
1000+0 records in
1000+0 records out
3c84e34b319946f6531a2c4559f588a8  -
1048576000 bytes (1.0 GB) copied, 2.63496 s, 398 MB/s

real	0m2.638s
user	0m2.352s
sys	0m0.580s
1000+0 records in
1000+0 records out
3c84e34b319946f6531a2c4559f588a8  -
1048576000 bytes (1.0 GB) copied, 2.65043 s, 396 MB/s

real	0m2.653s
user	0m2.359s
sys	0m0.611s
1000+0 records in
1000+0 records out
3c84e34b319946f6531a2c4559f588a8  -
1048576000 bytes (1.0 GB) copied, 2.6422 s, 397 MB/s

real	0m2.645s
user	0m2.347s
sys	0m0.651s
1000+0 records in
1000+0 records out
3c84e34b319946f6531a2c4559f588a8  -
1048576000 bytes (1.0 GB) copied, 2.72233 s, 385 MB/s

real	0m2.725s
user	0m2.335s
sys	0m0.642s
1000+0 records in
1000+0 records out
3c84e34b319946f6531a2c4559f588a8  -
1048576000 bytes (1.0 GB) copied, 2.61543 s, 401 MB/s

real	0m2.618s
user	0m2.333s
sys	0m0.638s
1000+0 records in
1000+0 records out
3c84e34b319946f6531a2c4559f588a8  -
1048576000 bytes (1.0 GB) copied, 2.62996 s, 399 MB/s

real	0m2.633s
user	0m2.340s
sys	0m0.635s
1000+0 records in
1000+0 records out
1048576000 bytes (1.0 GB) copied3c84e34b319946f6531a2c4559f588a8  -
, 2.56953 s, 408 MB/s

real	0m2.572s
user	0m2.332s
sys	0m0.606s
1000+0 records in
1000+0 records out
3c84e34b319946f6531a2c4559f588a8  -
1048576000 bytes (1.0 GB) copied, 2.65742 s, 395 MB/s

real	0m2.660s
user	0m2.350s
sys	0m0.716s
1000+0 records in
1000+0 records out
3c84e34b319946f6531a2c4559f588a8  -
1048576000 bytes (1.0 GB) copied, 2.65737 s, 395 MB/s

real	0m2.660s
user	0m2.351s
sys	0m0.623s
1000+0 records in
1000+0 records out
3c84e34b319946f6531a2c4559f588a8  -
1048576000 bytes (1.0 GB) copied, 2.62437 s, 400 MB/s

real	0m2.627s
user	0m2.326s
sys	0m0.661s
1000+0 records in
1000+0 records out
3c84e34b319946f6531a2c4559f588a8  -
1048576000 bytes (1.0 GB) copied, 2.77226 s, 378 MB/s

real	0m2.775s
user	0m2.331s
sys	0m0.769s
1000+0 records in
1000+0 records out
3c84e34b319946f6531a2c4559f588a8  -
1048576000 bytes (1.0 GB) copied, 2.65961 s, 394 MB/s

real	0m2.662s
user	0m2.348s
sys	0m0.602s
1000+0 records in
1000+0 records out
3c84e34b319946f6531a2c4559f588a8  -
1048576000 bytes (1.0 GB) copied, 2.63724 s, 398 MB/s

real	0m2.640s
user	0m2.343s
sys	0m0.677s
1000+0 records in
1000+0 records out
3c84e34b319946f6531a2c4559f588a8  -
1048576000 bytes (1.0 GB) copied, 2.6652 s, 393 MB/s

real	0m2.668s
user	0m2.350s
sys	0m0.655s
1000+0 records in
1000+0 records out
3c84e34b319946f6531a2c4559f588a8  -
1048576000 bytes (1.0 GB) copied, 2.65288 s, 395 MB/s

real	0m2.656s
user	0m2.341s
sys	0m0.655s
1000+0 records in
1000+0 records out
3c84e34b319946f6531a2c4559f588a8  -
1048576000 bytes (1.0 GB) copied, 2.66343 s, 394 MB/s

real	0m2.666s
user	0m2.343s
sys	0m0.652s
1000+0 records in
1000+0 records out
1048576000 bytes (1.0 GB) copied3c84e34b319946f6531a2c4559f588a8  -
, 2.57785 s, 407 MB/s

real	0m2.581s
user	0m2.329s
sys	0m0.639s
1000+0 records in
1000+0 records out
3c84e34b319946f6531a2c4559f588a8  -
1048576000 bytes (1.0 GB) copied, 2.59812 s, 404 MB/s

real	0m2.601s
user	0m2.336s
sys	0m0.594s
1000+0 records in
1000+0 records out
3c84e34b319946f6531a2c4559f588a8  -
1048576000 bytes (1.0 GB) copied, 2.59589 s, 404 MB/s

real	0m2.599s
user	0m2.329s
sys	0m0.575s
1000+0 records in
1000+0 records out
3c84e34b319946f6531a2c4559f588a8  -
1048576000 bytes (1.0 GB) copied, 2.62148 s, 400 MB/s

real	0m2.624s
user	0m2.328s
sys	0m0.574s
1000+0 records in
1000+0 records out
3c84e34b319946f6531a2c4559f588a8  -
1048576000 bytes (1.0 GB) copied, 2.76076 s, 380 MB/s

real	0m2.764s
user	0m2.363s
sys	0m0.694s
1000+0 records in
1000+0 records out
3c84e34b319946f6531a2c4559f588a8  -
1048576000 bytes (1.0 GB) copied, 2.62259 s, 400 MB/s

real	0m2.626s
user	0m2.336s
sys	0m0.575s
1000+0 records in
1000+0 records out
3c84e34b319946f6531a2c4559f588a8  -
1048576000 bytes (1.0 GB) copied, 2.64125 s, 397 MB/s

real	0m2.644s
user	0m2.332s
sys	0m0.573s
1000+0 records in
1000+0 records out
3c84e34b319946f6531a2c4559f588a8  -
1048576000 bytes (1.0 GB) copied, 2.59218 s, 405 MB/s

real	0m2.595s
user	0m2.357s
sys	0m0.626s
1000+0 records in
1000+0 records out
3c84e34b319946f6531a2c4559f588a8  -
1048576000 bytes (1.0 GB) copied, 2.63995 s, 397 MB/s

real	0m2.643s
user	0m2.337s
sys	0m0.572s
1000+0 records in
1000+0 records out
3c84e34b319946f6531a2c4559f588a8  -
1048576000 bytes (1.0 GB) copied, 2.61208 s, 401 MB/s

real	0m2.615s
user	0m2.354s
sys	0m0.572s
1000+0 records in
1000+0 records out
1048576000 bytes (1.0 GB) copied, 2.56355 s, 409 MB/s
3c84e34b319946f6531a2c4559f588a8  -

real	0m2.566s
user	0m2.325s
sys	0m0.631s
1000+0 records in
1000+0 records out
1048576000 bytes (1.0 GB) copied3c84e34b319946f6531a2c4559f588a8  -
, 2.58585 s, 406 MB/s

real	0m2.588s
user	0m2.348s
sys	0m0.562s
1000+0 records in
1000+0 records out
3c84e34b319946f6531a2c4559f588a8  -
1048576000 bytes (1.0 GB) copied, 2.66286 s, 394 MB/s

real	0m2.666s
user	0m2.327s
sys	0m0.712s
1000+0 records in
1000+0 records out
3c84e34b319946f6531a2c4559f588a8  -
1048576000 bytes (1.0 GB) copied, 2.64844 s, 396 MB/s

real	0m2.651s
user	0m2.341s
sys	0m0.633s
1000+0 records in
1000+0 records out
3c84e34b319946f6531a2c4559f588a8  -
1048576000 bytes (1.0 GB) copied, 2.62415 s, 400 MB/s

real	0m2.627s
user	0m2.352s
sys	0m0.563s
1000+0 records in
1000+0 records out
3c84e34b319946f6531a2c4559f588a8  -
1048576000 bytes (1.0 GB) copied, 2.64509 s, 396 MB/s

real	0m2.648s
user	0m2.361s
sys	0m0.656s
1000+0 records in
1000+0 records out
1048576000 bytes (1.0 GB) copied3c84e34b319946f6531a2c4559f588a8  -
, 2.62491 s, 399 MB/s

real	0m2.628s
user	0m2.341s
sys	0m0.566s
1000+0 records in
1000+0 records out
3c84e34b319946f6531a2c4559f588a8  -
1048576000 bytes (1.0 GB) copied, 2.6969 s, 389 MB/s

real	0m2.700s
user	0m2.323s
sys	0m0.709s
1000+0 records in
1000+0 records out
1048576000 bytes (1.0 GB) copied3c84e34b319946f6531a2c4559f588a8  -
, 2.63759 s, 398 MB/s

real	0m2.640s
user	0m2.326s
sys	0m0.583s
1000+0 records in
1000+0 records out
1048576000 bytes (1.0 GB) copied3c84e34b319946f6531a2c4559f588a8  -
, 2.59857 s, 404 MB/s

real	0m2.601s
user	0m2.343s
sys	0m0.558s
1000+0 records in
1000+0 records out
1048576000 bytes (1.0 GB) copied3c84e34b319946f6531a2c4559f588a8  -
, 2.66245 s, 394 MB/s

real	0m2.665s
user	0m2.345s
sys	0m0.637s
