500+0 records in
500+0 records out
524288000 bytes (524 MB) copied, 1.2638 s, 415 MB/s
afbad591ee2b70ac94258fbc7fac3bf2  -

real	0m1.267s
user	0m1.164s
sys	0m0.314s
500+0 records in
500+0 records out
524288000 bytes (524 MB) copied, 1.26273 s, 415 MB/s
afbad591ee2b70ac94258fbc7fac3bf2  -

real	0m1.266s
user	0m1.164s
sys	0m0.315s
500+0 records in
500+0 records out
524288000 bytes (524 MB) copiedafbad591ee2b70ac94258fbc7fac3bf2  -
, 1.26574 s, 414 MB/s

real	0m1.269s
user	0m1.183s
sys	0m0.304s
500+0 records in
500+0 records out
524288000 bytes (524 MB) copied, 1.25745 s, 417 MB/s
afbad591ee2b70ac94258fbc7fac3bf2  -

real	0m1.260s
user	0m1.179s
sys	0m0.282s
500+0 records in
500+0 records out
524288000 bytes (524 MB) copied, 1.26893 s, 413 MB/s
afbad591ee2b70ac94258fbc7fac3bf2  -

real	0m1.272s
user	0m1.190s
sys	0m0.303s
500+0 records in
500+0 records out
afbad591ee2b70ac94258fbc7fac3bf2  -
524288000 bytes (524 MB) copied, 1.25628 s, 417 MB/s

real	0m1.259s
user	0m1.172s
sys	0m0.289s
500+0 records in
500+0 records out
524288000 bytes (524 MB) copied, 1.25935 s, 416 MB/s
afbad591ee2b70ac94258fbc7fac3bf2  -

real	0m1.277s
user	0m1.162s
sys	0m0.309s
500+0 records in
500+0 records out
524288000 bytes (524 MB) copiedafbad591ee2b70ac94258fbc7fac3bf2  -
, 1.26482 s, 415 MB/s

real	0m1.270s
user	0m1.170s
sys	0m0.310s
500+0 records in
500+0 records out
524288000 bytes (524 MB) copied, 1.26082 s, 416 MB/s
afbad591ee2b70ac94258fbc7fac3bf2  -

real	0m1.264s
user	0m1.165s
sys	0m0.307s
500+0 records in
500+0 records out
524288000 bytes (524 MB) copied, 1.26295 s, 415 MB/s
afbad591ee2b70ac94258fbc7fac3bf2  -

real	0m1.266s
user	0m1.172s
sys	0m0.306s
