1000+0 records in
1000+0 records out
1048576000 bytes (1.0 GB) copied3c84e34b319946f6531a2c4559f588a8  -
, 2.53768 s, 413 MB/s

real	0m2.540s
user	0m2.347s
sys	0m0.629s
1000+0 records in
1000+0 records out
1048576000 bytes (1.0 GB) copied, 2.51681 s, 417 MB/s
3c84e34b319946f6531a2c4559f588a8  -

real	0m2.519s
user	0m2.344s
sys	0m0.625s
1000+0 records in
1000+0 records out
1048576000 bytes (1.0 GB) copied3c84e34b319946f6531a2c4559f588a8  -
, 2.52398 s, 415 MB/s

real	0m2.527s
user	0m2.358s
sys	0m0.595s
1000+0 records in
1000+0 records out
1048576000 bytes (1.0 GB) copied, 2.51816 s, 416 MB/s
3c84e34b319946f6531a2c4559f588a8  -

real	0m2.521s
user	0m2.320s
sys	0m0.625s
1000+0 records in
1000+0 records out
1048576000 bytes (1.0 GB) copied, 2.64197 s, 397 MB/s
3c84e34b319946f6531a2c4559f588a8  -

real	0m2.645s
user	0m2.358s
sys	0m0.705s
1000+0 records in
1000+0 records out
1048576000 bytes (1.0 GB) copied, 2.50861 s, 418 MB/s
3c84e34b319946f6531a2c4559f588a8  -

real	0m2.511s
user	0m2.337s
sys	0m0.575s
1000+0 records in
1000+0 records out
1048576000 bytes (1.0 GB) copied, 2.51963 s, 416 MB/s
3c84e34b319946f6531a2c4559f588a8  -

real	0m2.523s
user	0m2.339s
sys	0m0.609s
1000+0 records in
1000+0 records out
1048576000 bytes (1.0 GB) copied, 2.56938 s, 408 MB/s
3c84e34b319946f6531a2c4559f588a8  -

real	0m2.572s
user	0m2.354s
sys	0m0.630s
1000+0 records in
1000+0 records out
1048576000 bytes (1.0 GB) copied, 2.52253 s, 416 MB/s
3c84e34b319946f6531a2c4559f588a8  -

real	0m2.525s
user	0m2.349s
sys	0m0.606s
1000+0 records in
1000+0 records out
1048576000 bytes (1.0 GB) copied, 2.52296 s, 416 MB/s
3c84e34b319946f6531a2c4559f588a8  -

real	0m2.526s
user	0m2.352s
sys	0m0.604s
1000+0 records in
1000+0 records out
1048576000 bytes (1.0 GB) copied, 2.52215 s, 416 MB/s
3c84e34b319946f6531a2c4559f588a8  -

real	0m2.525s
user	0m2.331s
sys	0m0.622s
1000+0 records in
1000+0 records out
1048576000 bytes (1.0 GB) copied, 2.52952 s, 415 MB/s
3c84e34b319946f6531a2c4559f588a8  -

real	0m2.532s
user	0m2.341s
sys	0m0.647s
1000+0 records in
1000+0 records out
1048576000 bytes (1.0 GB) copied, 2.51486 s, 417 MB/s
3c84e34b319946f6531a2c4559f588a8  -

real	0m2.518s
user	0m2.360s
sys	0m0.563s
1000+0 records in
1000+0 records out
1048576000 bytes (1.0 GB) copied, 2.52215 s, 416 MB/s
3c84e34b319946f6531a2c4559f588a8  -

real	0m2.525s
user	0m2.342s
sys	0m0.602s
1000+0 records in
1000+0 records out
1048576000 bytes (1.0 GB) copied, 2.52714 s, 415 MB/s
3c84e34b319946f6531a2c4559f588a8  -

real	0m2.530s
user	0m2.347s
sys	0m0.607s
1000+0 records in
1000+0 records out
1048576000 bytes (1.0 GB) copied, 2.6487 s, 396 MB/s
3c84e34b319946f6531a2c4559f588a8  -

real	0m2.652s
user	0m2.355s
sys	0m0.741s
1000+0 records in
1000+0 records out
1048576000 bytes (1.0 GB) copied, 2.52307 s, 416 MB/s
3c84e34b319946f6531a2c4559f588a8  -

real	0m2.526s
user	0m2.343s
sys	0m0.595s
1000+0 records in
1000+0 records out
1048576000 bytes (1.0 GB) copied, 2.51731 s, 417 MB/s
3c84e34b319946f6531a2c4559f588a8  -

real	0m2.520s
user	0m2.333s
sys	0m0.636s
1000+0 records in
1000+0 records out
1048576000 bytes (1.0 GB) copied, 2.52144 s, 416 MB/s
3c84e34b319946f6531a2c4559f588a8  -

real	0m2.524s
user	0m2.329s
sys	0m0.614s
1000+0 records in
1000+0 records out
1048576000 bytes (1.0 GB) copied, 2.51059 s, 418 MB/s
3c84e34b319946f6531a2c4559f588a8  -

real	0m2.514s
user	0m2.342s
sys	0m0.568s
1000+0 records in
1000+0 records out
1048576000 bytes (1.0 GB) copied, 2.51499 s, 417 MB/s
3c84e34b319946f6531a2c4559f588a8  -

real	0m2.517s
user	0m2.336s
sys	0m0.585s
1000+0 records in
1000+0 records out
1048576000 bytes (1.0 GB) copied, 2.5225 s, 416 MB/s
3c84e34b319946f6531a2c4559f588a8  -

real	0m2.525s
user	0m2.351s
sys	0m0.593s
1000+0 records in
1000+0 records out
1048576000 bytes (1.0 GB) copied, 2.53292 s, 414 MB/s
3c84e34b319946f6531a2c4559f588a8  -

real	0m2.536s
user	0m2.346s
sys	0m0.640s
1000+0 records in
1000+0 records out
1048576000 bytes (1.0 GB) copied, 2.51476 s, 417 MB/s
3c84e34b319946f6531a2c4559f588a8  -

real	0m2.518s
user	0m2.357s
sys	0m0.564s
1000+0 records in
1000+0 records out
1048576000 bytes (1.0 GB) copied, 2.5247 s, 415 MB/s
3c84e34b319946f6531a2c4559f588a8  -

real	0m2.528s
user	0m2.334s
sys	0m0.629s
1000+0 records in
1000+0 records out
1048576000 bytes (1.0 GB) copied, 2.51108 s, 418 MB/s
3c84e34b319946f6531a2c4559f588a8  -

real	0m2.514s
user	0m2.347s
sys	0m0.566s
1000+0 records in
1000+0 records out
1048576000 bytes (1.0 GB) copied, 2.51703 s, 417 MB/s
3c84e34b319946f6531a2c4559f588a8  -

real	0m2.520s
user	0m2.340s
sys	0m0.591s
1000+0 records in
1000+0 records out
1048576000 bytes (1.0 GB) copied, 2.52829 s, 415 MB/s
3c84e34b319946f6531a2c4559f588a8  -

real	0m2.531s
user	0m2.338s
sys	0m0.608s
1000+0 records in
1000+0 records out
1048576000 bytes (1.0 GB) copied, 2.50923 s, 418 MB/s
3c84e34b319946f6531a2c4559f588a8  -

real	0m2.512s
user	0m2.356s
sys	0m0.552s
1000+0 records in
1000+0 records out
1048576000 bytes (1.0 GB) copied, 2.52116 s, 416 MB/s
3c84e34b319946f6531a2c4559f588a8  -

real	0m2.524s
user	0m2.364s
sys	0m0.589s
1000+0 records in
1000+0 records out
1048576000 bytes (1.0 GB) copied, 2.51223 s, 417 MB/s
3c84e34b319946f6531a2c4559f588a8  -

real	0m2.515s
user	0m2.341s
sys	0m0.574s
1000+0 records in
1000+0 records out
1048576000 bytes (1.0 GB) copied, 2.53838 s, 413 MB/s
3c84e34b319946f6531a2c4559f588a8  -

real	0m2.541s
user	0m2.352s
sys	0m0.613s
1000+0 records in
1000+0 records out
1048576000 bytes (1.0 GB) copied, 2.51508 s, 417 MB/s
3c84e34b319946f6531a2c4559f588a8  -

real	0m2.518s
user	0m2.339s
sys	0m0.601s
1000+0 records in
1000+0 records out
1048576000 bytes (1.0 GB) copied, 2.51917 s, 416 MB/s
3c84e34b319946f6531a2c4559f588a8  -

real	0m2.522s
user	0m2.343s
sys	0m0.597s
1000+0 records in
1000+0 records out
1048576000 bytes (1.0 GB) copied, 2.53481 s, 414 MB/s
3c84e34b319946f6531a2c4559f588a8  -

real	0m2.538s
user	0m2.347s
sys	0m0.612s
1000+0 records in
1000+0 records out
1048576000 bytes (1.0 GB) copied, 2.51127 s, 418 MB/s
3c84e34b319946f6531a2c4559f588a8  -

real	0m2.514s
user	0m2.363s
sys	0m0.553s
1000+0 records in
1000+0 records out
1048576000 bytes (1.0 GB) copied, 2.51273 s, 417 MB/s
3c84e34b319946f6531a2c4559f588a8  -

real	0m2.516s
user	0m2.343s
sys	0m0.589s
1000+0 records in
1000+0 records out
1048576000 bytes (1.0 GB) copied, 2.5591 s, 410 MB/s
3c84e34b319946f6531a2c4559f588a8  -

real	0m2.562s
user	0m2.352s
sys	0m0.666s
1000+0 records in
1000+0 records out
1048576000 bytes (1.0 GB) copied, 2.52702 s, 415 MB/s
3c84e34b319946f6531a2c4559f588a8  -

real	0m2.530s
user	0m2.359s
sys	0m0.595s
1000+0 records in
1000+0 records out
1048576000 bytes (1.0 GB) copied, 2.52067 s, 416 MB/s
3c84e34b319946f6531a2c4559f588a8  -

real	0m2.524s
user	0m2.347s
sys	0m0.593s
1000+0 records in
1000+0 records out
1048576000 bytes (1.0 GB) copied, 2.58627 s, 405 MB/s
3c84e34b319946f6531a2c4559f588a8  -

real	0m2.589s
user	0m2.357s
sys	0m0.682s
1000+0 records in
1000+0 records out
1048576000 bytes (1.0 GB) copied, 2.52467 s, 415 MB/s
3c84e34b319946f6531a2c4559f588a8  -

real	0m2.527s
user	0m2.351s
sys	0m0.613s
1000+0 records in
1000+0 records out
1048576000 bytes (1.0 GB) copied, 2.52163 s, 416 MB/s
3c84e34b319946f6531a2c4559f588a8  -

real	0m2.524s
user	0m2.351s
sys	0m0.602s
1000+0 records in
1000+0 records out
1048576000 bytes (1.0 GB) copied, 2.52388 s, 415 MB/s
3c84e34b319946f6531a2c4559f588a8  -

real	0m2.527s
user	0m2.338s
sys	0m0.619s
1000+0 records in
1000+0 records out
1048576000 bytes (1.0 GB) copied, 2.52244 s, 416 MB/s
3c84e34b319946f6531a2c4559f588a8  -

real	0m2.525s
user	0m2.368s
sys	0m0.587s
1000+0 records in
1000+0 records out
1048576000 bytes (1.0 GB) copied, 2.52276 s, 416 MB/s
3c84e34b319946f6531a2c4559f588a8  -

real	0m2.525s
user	0m2.371s
sys	0m0.581s
1000+0 records in
1000+0 records out
1048576000 bytes (1.0 GB) copied, 2.52271 s, 416 MB/s
3c84e34b319946f6531a2c4559f588a8  -

real	0m2.526s
user	0m2.357s
sys	0m0.617s
1000+0 records in
1000+0 records out
1048576000 bytes (1.0 GB) copied, 2.51924 s, 416 MB/s
3c84e34b319946f6531a2c4559f588a8  -

real	0m2.522s
user	0m2.314s
sys	0m0.640s
1000+0 records in
1000+0 records out
1048576000 bytes (1.0 GB) copied, 2.51907 s, 416 MB/s
3c84e34b319946f6531a2c4559f588a8  -

real	0m2.524s
user	0m2.338s
sys	0m0.612s
1000+0 records in
1000+0 records out
1048576000 bytes (1.0 GB) copied, 2.52064 s, 416 MB/s
3c84e34b319946f6531a2c4559f588a8  -

real	0m2.524s
user	0m2.339s
sys	0m0.614s
1000+0 records in
1000+0 records out
1048576000 bytes (1.0 GB) copied, 2.51791 s, 416 MB/s
3c84e34b319946f6531a2c4559f588a8  -

real	0m2.520s
user	0m2.344s
sys	0m0.603s
1000+0 records in
1000+0 records out
1048576000 bytes (1.0 GB) copied, 2.53303 s, 414 MB/s
3c84e34b319946f6531a2c4559f588a8  -

real	0m2.536s
user	0m2.336s
sys	0m0.635s
1000+0 records in
1000+0 records out
1048576000 bytes (1.0 GB) copied, 2.52213 s, 416 MB/s
3c84e34b319946f6531a2c4559f588a8  -

real	0m2.525s
user	0m2.328s
sys	0m0.627s
1000+0 records in
1000+0 records out
1048576000 bytes (1.0 GB) copied, 2.51204 s, 417 MB/s
3c84e34b319946f6531a2c4559f588a8  -

real	0m2.515s
user	0m2.317s
sys	0m0.603s
1000+0 records in
1000+0 records out
1048576000 bytes (1.0 GB) copied, 2.52345 s, 416 MB/s
3c84e34b319946f6531a2c4559f588a8  -

real	0m2.526s
user	0m2.360s
sys	0m0.598s
1000+0 records in
1000+0 records out
1048576000 bytes (1.0 GB) copied, 2.51412 s, 417 MB/s
3c84e34b319946f6531a2c4559f588a8  -

real	0m2.517s
user	0m2.348s
sys	0m0.586s
1000+0 records in
1000+0 records out
1048576000 bytes (1.0 GB) copied, 2.51906 s, 416 MB/s
3c84e34b319946f6531a2c4559f588a8  -

real	0m2.522s
user	0m2.331s
sys	0m0.615s
1000+0 records in
1000+0 records out
1048576000 bytes (1.0 GB) copied, 2.63906 s, 397 MB/s
3c84e34b319946f6531a2c4559f588a8  -

real	0m2.642s
user	0m2.328s
sys	0m0.735s
1000+0 records in
1000+0 records out
1048576000 bytes (1.0 GB) copied, 2.52178 s, 416 MB/s
3c84e34b319946f6531a2c4559f588a8  -

real	0m2.525s
user	0m2.348s
sys	0m0.595s
1000+0 records in
1000+0 records out
1048576000 bytes (1.0 GB) copied, 2.51626 s, 417 MB/s
3c84e34b319946f6531a2c4559f588a8  -

real	0m2.519s
user	0m2.323s
sys	0m0.629s
1000+0 records in
1000+0 records out
1048576000 bytes (1.0 GB) copied, 2.50741 s, 418 MB/s
3c84e34b319946f6531a2c4559f588a8  -

real	0m2.510s
user	0m2.337s
sys	0m0.578s
1000+0 records in
1000+0 records out
1048576000 bytes (1.0 GB) copied, 2.5188 s, 416 MB/s
3c84e34b319946f6531a2c4559f588a8  -

real	0m2.522s
user	0m2.348s
sys	0m0.590s
1000+0 records in
1000+0 records out
1048576000 bytes (1.0 GB) copied, 2.50856 s, 418 MB/s
3c84e34b319946f6531a2c4559f588a8  -

real	0m2.511s
user	0m2.341s
sys	0m0.573s
1000+0 records in
1000+0 records out
1048576000 bytes (1.0 GB) copied, 2.51472 s, 417 MB/s
3c84e34b319946f6531a2c4559f588a8  -

real	0m2.518s
user	0m2.355s
sys	0m0.571s
1000+0 records in
1000+0 records out
1048576000 bytes (1.0 GB) copied, 2.65176 s, 395 MB/s
3c84e34b319946f6531a2c4559f588a8  -

real	0m2.655s
user	0m2.359s
sys	0m0.720s
1000+0 records in
1000+0 records out
1048576000 bytes (1.0 GB) copied, 2.5197 s, 416 MB/s
3c84e34b319946f6531a2c4559f588a8  -

real	0m2.523s
user	0m2.348s
sys	0m0.598s
1000+0 records in
1000+0 records out
1048576000 bytes (1.0 GB) copied, 2.51766 s, 416 MB/s
3c84e34b319946f6531a2c4559f588a8  -

real	0m2.521s
user	0m2.334s
sys	0m0.609s
1000+0 records in
1000+0 records out
1048576000 bytes (1.0 GB) copied, 2.55052 s, 411 MB/s
3c84e34b319946f6531a2c4559f588a8  -

real	0m2.554s
user	0m2.346s
sys	0m0.649s
1000+0 records in
1000+0 records out
1048576000 bytes (1.0 GB) copied, 2.55713 s, 410 MB/s
3c84e34b319946f6531a2c4559f588a8  -

real	0m2.560s
user	0m2.366s
sys	0m0.632s
1000+0 records in
1000+0 records out
1048576000 bytes (1.0 GB) copied, 2.52215 s, 416 MB/s
3c84e34b319946f6531a2c4559f588a8  -

real	0m2.525s
user	0m2.348s
sys	0m0.589s
1000+0 records in
1000+0 records out
1048576000 bytes (1.0 GB) copied, 2.52891 s, 415 MB/s
3c84e34b319946f6531a2c4559f588a8  -

real	0m2.532s
user	0m2.337s
sys	0m0.616s
1000+0 records in
1000+0 records out
1048576000 bytes (1.0 GB) copied, 2.52116 s, 416 MB/s
3c84e34b319946f6531a2c4559f588a8  -

real	0m2.524s
user	0m2.346s
sys	0m0.603s
1000+0 records in
1000+0 records out
1048576000 bytes (1.0 GB) copied, 2.55513 s, 410 MB/s
3c84e34b319946f6531a2c4559f588a8  -

real	0m2.558s
user	0m2.351s
sys	0m0.648s
1000+0 records in
1000+0 records out
1048576000 bytes (1.0 GB) copied, 2.51087 s, 418 MB/s
3c84e34b319946f6531a2c4559f588a8  -

real	0m2.514s
user	0m2.344s
sys	0m0.572s
1000+0 records in
1000+0 records out
1048576000 bytes (1.0 GB) copied, 2.52096 s, 416 MB/s
3c84e34b319946f6531a2c4559f588a8  -

real	0m2.524s
user	0m2.333s
sys	0m0.612s
1000+0 records in
1000+0 records out
1048576000 bytes (1.0 GB) copied, 2.51595 s, 417 MB/s
3c84e34b319946f6531a2c4559f588a8  -

real	0m2.519s
user	0m2.336s
sys	0m0.597s
1000+0 records in
1000+0 records out
1048576000 bytes (1.0 GB) copied, 2.51844 s, 416 MB/s
3c84e34b319946f6531a2c4559f588a8  -

real	0m2.521s
user	0m2.346s
sys	0m0.593s
1000+0 records in
1000+0 records out
1048576000 bytes (1.0 GB) copied, 2.53012 s, 414 MB/s
3c84e34b319946f6531a2c4559f588a8  -

real	0m2.533s
user	0m2.345s
sys	0m0.627s
1000+0 records in
1000+0 records out
1048576000 bytes (1.0 GB) copied, 2.53929 s, 413 MB/s
3c84e34b319946f6531a2c4559f588a8  -

real	0m2.542s
user	0m2.329s
sys	0m0.652s
1000+0 records in
1000+0 records out
1048576000 bytes (1.0 GB) copied, 2.51595 s, 417 MB/s
3c84e34b319946f6531a2c4559f588a8  -

real	0m2.519s
user	0m2.345s
sys	0m0.590s
1000+0 records in
1000+0 records out
1048576000 bytes (1.0 GB) copied, 2.56357 s, 409 MB/s
3c84e34b319946f6531a2c4559f588a8  -

real	0m2.567s
user	0m2.356s
sys	0m0.658s
1000+0 records in
1000+0 records out
1048576000 bytes (1.0 GB) copied, 2.53084 s, 414 MB/s
3c84e34b319946f6531a2c4559f588a8  -

real	0m2.534s
user	0m2.361s
sys	0m0.607s
1000+0 records in
1000+0 records out
1048576000 bytes (1.0 GB) copied, 2.52826 s, 415 MB/s
3c84e34b319946f6531a2c4559f588a8  -

real	0m2.531s
user	0m2.337s
sys	0m0.623s
1000+0 records in
1000+0 records out
1048576000 bytes (1.0 GB) copied, 2.51084 s, 418 MB/s
3c84e34b319946f6531a2c4559f588a8  -

real	0m2.514s
user	0m2.339s
sys	0m0.579s
1000+0 records in
1000+0 records out
1048576000 bytes (1.0 GB) copied, 2.54793 s, 412 MB/s
3c84e34b319946f6531a2c4559f588a8  -

real	0m2.551s
user	0m2.367s
sys	0m0.629s
1000+0 records in
1000+0 records out
1048576000 bytes (1.0 GB) copied, 2.52159 s, 416 MB/s
3c84e34b319946f6531a2c4559f588a8  -

real	0m2.525s
user	0m2.334s
sys	0m0.611s
1000+0 records in
1000+0 records out
1048576000 bytes (1.0 GB) copied, 2.5305 s, 414 MB/s
3c84e34b319946f6531a2c4559f588a8  -

real	0m2.533s
user	0m2.357s
sys	0m0.605s
1000+0 records in
1000+0 records out
1048576000 bytes (1.0 GB) copied, 2.51356 s, 417 MB/s
3c84e34b319946f6531a2c4559f588a8  -

real	0m2.516s
user	0m2.348s
sys	0m0.581s
1000+0 records in
1000+0 records out
1048576000 bytes (1.0 GB) copied, 2.54674 s, 412 MB/s
3c84e34b319946f6531a2c4559f588a8  -

real	0m2.550s
user	0m2.359s
sys	0m0.636s
1000+0 records in
1000+0 records out
1048576000 bytes (1.0 GB) copied, 2.53062 s, 414 MB/s
3c84e34b319946f6531a2c4559f588a8  -

real	0m2.534s
user	0m2.350s
sys	0m0.621s
1000+0 records in
1000+0 records out
1048576000 bytes (1.0 GB) copied, 2.51833 s, 416 MB/s
3c84e34b319946f6531a2c4559f588a8  -

real	0m2.521s
user	0m2.347s
sys	0m0.594s
