1000+0 records in
1000+0 records out
1048576000 bytes (1.0 GB) copied3c84e34b319946f6531a2c4559f588a8  -
, 1.90629 s, 550 MB/s

real	0m1.909s
user	0m1.766s
sys	0m0.482s
1000+0 records in
1000+0 records out
1048576000 bytes (1.0 GB) copied, 1.92903 s, 544 MB/s
3c84e34b319946f6531a2c4559f588a8  -

real	0m1.932s
user	0m1.776s
sys	0m0.504s
1000+0 records in
1000+0 records out
1048576000 bytes (1.0 GB) copied3c84e34b319946f6531a2c4559f588a8  -
, 1.95385 s, 537 MB/s

real	0m1.957s
user	0m1.803s
sys	0m0.509s
1000+0 records in
1000+0 records out
1048576000 bytes (1.0 GB) copied, 1.91521 s, 547 MB/s
3c84e34b319946f6531a2c4559f588a8  -

real	0m1.918s
user	0m1.776s
sys	0m0.482s
1000+0 records in
1000+0 records out
1048576000 bytes (1.0 GB) copied, 1.92892 s, 544 MB/s
3c84e34b319946f6531a2c4559f588a8  -

real	0m1.932s
user	0m1.766s
sys	0m0.515s
1000+0 records in
1000+0 records out
1048576000 bytes (1.0 GB) copied, 1.90595 s, 550 MB/s
3c84e34b319946f6531a2c4559f588a8  -

real	0m1.909s
user	0m1.775s
sys	0m0.477s
1000+0 records in
1000+0 records out
1048576000 bytes (1.0 GB) copied, 2.06186 s, 509 MB/s
3c84e34b319946f6531a2c4559f588a8  -

real	0m2.065s
user	0m1.870s
sys	0m0.566s
1000+0 records in
1000+0 records out
1048576000 bytes (1.0 GB) copied, 1.91022 s, 549 MB/s
3c84e34b319946f6531a2c4559f588a8  -

real	0m1.913s
user	0m1.765s
sys	0m0.494s
1000+0 records in
1000+0 records out
1048576000 bytes (1.0 GB) copied, 2.14337 s, 489 MB/s
3c84e34b319946f6531a2c4559f588a8  -

real	0m2.146s
user	0m1.959s
sys	0m0.571s
1000+0 records in
1000+0 records out
1048576000 bytes (1.0 GB) copied, 1.91565 s, 547 MB/s
3c84e34b319946f6531a2c4559f588a8  -

real	0m1.918s
user	0m1.767s
sys	0m0.495s
1000+0 records in
1000+0 records out
1048576000 bytes (1.0 GB) copied, 1.99254 s, 526 MB/s
3c84e34b319946f6531a2c4559f588a8  -

real	0m1.995s
user	0m1.836s
sys	0m0.527s
1000+0 records in
1000+0 records out
1048576000 bytes (1.0 GB) copied, 2.00363 s, 523 MB/s
3c84e34b319946f6531a2c4559f588a8  -

real	0m2.006s
user	0m1.843s
sys	0m0.530s
1000+0 records in
1000+0 records out
1048576000 bytes (1.0 GB) copied, 1.91773 s, 547 MB/s
3c84e34b319946f6531a2c4559f588a8  -

real	0m1.920s
user	0m1.756s
sys	0m0.515s
1000+0 records in
1000+0 records out
1048576000 bytes (1.0 GB) copied, 1.99215 s, 526 MB/s
3c84e34b319946f6531a2c4559f588a8  -

real	0m1.995s
user	0m1.829s
sys	0m0.533s
1000+0 records in
1000+0 records out
1048576000 bytes (1.0 GB) copied, 2.05287 s, 511 MB/s
3c84e34b319946f6531a2c4559f588a8  -

real	0m2.056s
user	0m1.856s
sys	0m0.581s
1000+0 records in
1000+0 records out
1048576000 bytes (1.0 GB) copied, 2.01756 s, 520 MB/s
3c84e34b319946f6531a2c4559f588a8  -

real	0m2.020s
user	0m1.839s
sys	0m0.548s
1000+0 records in
1000+0 records out
1048576000 bytes (1.0 GB) copied, 2.05223 s, 511 MB/s
3c84e34b319946f6531a2c4559f588a8  -

real	0m2.055s
user	0m1.906s
sys	0m0.526s
1000+0 records in
1000+0 records out
1048576000 bytes (1.0 GB) copied, 1.9222 s, 546 MB/s
3c84e34b319946f6531a2c4559f588a8  -

real	0m1.925s
user	0m1.770s
sys	0m0.495s
1000+0 records in
1000+0 records out
1048576000 bytes (1.0 GB) copied, 2.06763 s, 507 MB/s
3c84e34b319946f6531a2c4559f588a8  -

real	0m2.070s
user	0m1.902s
sys	0m0.532s
1000+0 records in
1000+0 records out
1048576000 bytes (1.0 GB) copied, 1.93032 s, 543 MB/s
3c84e34b319946f6531a2c4559f588a8  -

real	0m1.933s
user	0m1.805s
sys	0m0.472s
1000+0 records in
1000+0 records out
1048576000 bytes (1.0 GB) copied, 2.02838 s, 517 MB/s
3c84e34b319946f6531a2c4559f588a8  -

real	0m2.031s
user	0m1.872s
sys	0m0.528s
1000+0 records in
1000+0 records out
1048576000 bytes (1.0 GB) copied, 2.17974 s, 481 MB/s
3c84e34b319946f6531a2c4559f588a8  -

real	0m2.182s
user	0m1.988s
sys	0m0.600s
1000+0 records in
1000+0 records out
1048576000 bytes (1.0 GB) copied, 1.91619 s, 547 MB/s
3c84e34b319946f6531a2c4559f588a8  -

real	0m1.919s
user	0m1.776s
sys	0m0.490s
1000+0 records in
1000+0 records out
1048576000 bytes (1.0 GB) copied, 1.91655 s, 547 MB/s
3c84e34b319946f6531a2c4559f588a8  -

real	0m1.919s
user	0m1.777s
sys	0m0.484s
1000+0 records in
1000+0 records out
1048576000 bytes (1.0 GB) copied, 1.91821 s, 547 MB/s
3c84e34b319946f6531a2c4559f588a8  -

real	0m1.921s
user	0m1.770s
sys	0m0.492s
1000+0 records in
1000+0 records out
1048576000 bytes (1.0 GB) copied, 1.91061 s, 549 MB/s
3c84e34b319946f6531a2c4559f588a8  -

real	0m1.913s
user	0m1.766s
sys	0m0.489s
1000+0 records in
1000+0 records out
1048576000 bytes (1.0 GB) copied, 2.15698 s, 486 MB/s
3c84e34b319946f6531a2c4559f588a8  -

real	0m2.160s
user	0m1.884s
sys	0m0.675s
1000+0 records in
1000+0 records out
1048576000 bytes (1.0 GB) copied, 1.99108 s, 527 MB/s
3c84e34b319946f6531a2c4559f588a8  -

real	0m1.994s
user	0m1.820s
sys	0m0.546s
1000+0 records in
1000+0 records out
1048576000 bytes (1.0 GB) copied, 1.91703 s, 547 MB/s
3c84e34b319946f6531a2c4559f588a8  -

real	0m1.920s
user	0m1.785s
sys	0m0.476s
1000+0 records in
1000+0 records out
1048576000 bytes (1.0 GB) copied, 1.97356 s, 531 MB/s
3c84e34b319946f6531a2c4559f588a8  -

real	0m1.976s
user	0m1.814s
sys	0m0.518s
1000+0 records in
1000+0 records out
1048576000 bytes (1.0 GB) copied, 1.98925 s, 527 MB/s
3c84e34b319946f6531a2c4559f588a8  -

real	0m1.992s
user	0m1.831s
sys	0m0.516s
1000+0 records in
1000+0 records out
1048576000 bytes (1.0 GB) copied, 1.92537 s, 545 MB/s
3c84e34b319946f6531a2c4559f588a8  -

real	0m1.928s
user	0m1.789s
sys	0m0.486s
1000+0 records in
1000+0 records out
1048576000 bytes (1.0 GB) copied, 1.90981 s, 549 MB/s
3c84e34b319946f6531a2c4559f588a8  -

real	0m1.912s
user	0m1.787s
sys	0m0.465s
1000+0 records in
1000+0 records out
1048576000 bytes (1.0 GB) copied, 2.08534 s, 503 MB/s
3c84e34b319946f6531a2c4559f588a8  -

real	0m2.088s
user	0m1.833s
sys	0m0.636s
1000+0 records in
1000+0 records out
1048576000 bytes (1.0 GB) copied, 1.92214 s, 546 MB/s
3c84e34b319946f6531a2c4559f588a8  -

real	0m1.925s
user	0m1.767s
sys	0m0.502s
1000+0 records in
1000+0 records out
1048576000 bytes (1.0 GB) copied, 1.91818 s, 547 MB/s
3c84e34b319946f6531a2c4559f588a8  -

real	0m1.921s
user	0m1.776s
sys	0m0.484s
1000+0 records in
1000+0 records out
1048576000 bytes (1.0 GB) copied, 1.98926 s, 527 MB/s
3c84e34b319946f6531a2c4559f588a8  -

real	0m1.992s
user	0m1.822s
sys	0m0.536s
1000+0 records in
1000+0 records out
1048576000 bytes (1.0 GB) copied, 1.97353 s, 531 MB/s
3c84e34b319946f6531a2c4559f588a8  -

real	0m1.976s
user	0m1.806s
sys	0m0.522s
1000+0 records in
1000+0 records out
1048576000 bytes (1.0 GB) copied, 1.98218 s, 529 MB/s
3c84e34b319946f6531a2c4559f588a8  -

real	0m1.985s
user	0m1.833s
sys	0m0.515s
1000+0 records in
1000+0 records out
1048576000 bytes (1.0 GB) copied, 1.91268 s, 548 MB/s
3c84e34b319946f6531a2c4559f588a8  -

real	0m1.915s
user	0m1.773s
sys	0m0.495s
1000+0 records in
1000+0 records out
1048576000 bytes (1.0 GB) copied, 2.00229 s, 524 MB/s
3c84e34b319946f6531a2c4559f588a8  -

real	0m2.004s
user	0m1.840s
sys	0m0.526s
1000+0 records in
1000+0 records out
1048576000 bytes (1.0 GB) copied, 2.02512 s, 518 MB/s
3c84e34b319946f6531a2c4559f588a8  -

real	0m2.028s
user	0m1.885s
sys	0m0.518s
1000+0 records in
1000+0 records out
1048576000 bytes (1.0 GB) copied, 1.91731 s, 547 MB/s
3c84e34b319946f6531a2c4559f588a8  -

real	0m1.920s
user	0m1.769s
sys	0m0.498s
1000+0 records in
1000+0 records out
1048576000 bytes (1.0 GB) copied, 1.94583 s, 539 MB/s
3c84e34b319946f6531a2c4559f588a8  -

real	0m1.949s
user	0m1.798s
sys	0m0.502s
1000+0 records in
1000+0 records out
1048576000 bytes (1.0 GB) copied, 1.94071 s, 540 MB/s
3c84e34b319946f6531a2c4559f588a8  -

real	0m1.944s
user	0m1.787s
sys	0m0.505s
1000+0 records in
1000+0 records out
1048576000 bytes (1.0 GB) copied, 1.98069 s, 529 MB/s
3c84e34b319946f6531a2c4559f588a8  -

real	0m1.984s
user	0m1.803s
sys	0m0.540s
1000+0 records in
1000+0 records out
1048576000 bytes (1.0 GB) copied, 1.92536 s, 545 MB/s
3c84e34b319946f6531a2c4559f588a8  -

real	0m1.928s
user	0m1.777s
sys	0m0.495s
1000+0 records in
1000+0 records out
1048576000 bytes (1.0 GB) copied, 2.00028 s, 524 MB/s
3c84e34b319946f6531a2c4559f588a8  -

real	0m2.003s
user	0m1.862s
sys	0m0.508s
1000+0 records in
1000+0 records out
1048576000 bytes (1.0 GB) copied, 1.90241 s, 551 MB/s
3c84e34b319946f6531a2c4559f588a8  -

real	0m1.906s
user	0m1.761s
sys	0m0.489s
1000+0 records in
1000+0 records out
1048576000 bytes (1.0 GB) copied, 1.95908 s, 535 MB/s
3c84e34b319946f6531a2c4559f588a8  -

real	0m1.962s
user	0m1.805s
sys	0m0.513s
1000+0 records in
1000+0 records out
1048576000 bytes (1.0 GB) copied, 1.94338 s, 540 MB/s
3c84e34b319946f6531a2c4559f588a8  -

real	0m1.946s
user	0m1.799s
sys	0m0.498s
1000+0 records in
1000+0 records out
1048576000 bytes (1.0 GB) copied, 1.93081 s, 543 MB/s
3c84e34b319946f6531a2c4559f588a8  -

real	0m1.933s
user	0m1.792s
sys	0m0.489s
1000+0 records in
1000+0 records out
1048576000 bytes (1.0 GB) copied, 1.94746 s, 538 MB/s
3c84e34b319946f6531a2c4559f588a8  -

real	0m1.950s
user	0m1.807s
sys	0m0.487s
1000+0 records in
1000+0 records out
1048576000 bytes (1.0 GB) copied, 2.05654 s, 510 MB/s
3c84e34b319946f6531a2c4559f588a8  -

real	0m2.059s
user	0m1.895s
sys	0m0.534s
1000+0 records in
1000+0 records out
1048576000 bytes (1.0 GB) copied, 1.96503 s, 534 MB/s
3c84e34b319946f6531a2c4559f588a8  -

real	0m1.968s
user	0m1.799s
sys	0m0.520s
1000+0 records in
1000+0 records out
1048576000 bytes (1.0 GB) copied, 1.98252 s, 529 MB/s
3c84e34b319946f6531a2c4559f588a8  -

real	0m1.985s
user	0m1.797s
sys	0m0.549s
1000+0 records in
1000+0 records out
1048576000 bytes (1.0 GB) copied, 1.95112 s, 537 MB/s
3c84e34b319946f6531a2c4559f588a8  -

real	0m1.954s
user	0m1.793s
sys	0m0.511s
1000+0 records in
1000+0 records out
1048576000 bytes (1.0 GB) copied, 2.00585 s, 523 MB/s
3c84e34b319946f6531a2c4559f588a8  -

real	0m2.009s
user	0m1.823s
sys	0m0.556s
1000+0 records in
1000+0 records out
1048576000 bytes (1.0 GB) copied, 2.15152 s, 487 MB/s
3c84e34b319946f6531a2c4559f588a8  -

real	0m2.154s
user	0m1.851s
sys	0m0.663s
1000+0 records in
1000+0 records out
1048576000 bytes (1.0 GB) copied, 1.91149 s, 549 MB/s
3c84e34b319946f6531a2c4559f588a8  -

real	0m1.914s
user	0m1.763s
sys	0m0.500s
1000+0 records in
1000+0 records out
1048576000 bytes (1.0 GB) copied, 2.13092 s, 492 MB/s
3c84e34b319946f6531a2c4559f588a8  -

real	0m2.133s
user	0m1.906s
sys	0m0.604s
1000+0 records in
1000+0 records out
1048576000 bytes (1.0 GB) copied, 1.93326 s, 542 MB/s
3c84e34b319946f6531a2c4559f588a8  -

real	0m1.936s
user	0m1.762s
sys	0m0.518s
1000+0 records in
1000+0 records out
1048576000 bytes (1.0 GB) copied, 1.95993 s, 535 MB/s
3c84e34b319946f6531a2c4559f588a8  -

real	0m1.963s
user	0m1.786s
sys	0m0.528s
1000+0 records in
1000+0 records out
1048576000 bytes (1.0 GB) copied, 2.03143 s, 516 MB/s
3c84e34b319946f6531a2c4559f588a8  -

real	0m2.034s
user	0m1.800s
sys	0m0.599s
1000+0 records in
1000+0 records out
1048576000 bytes (1.0 GB) copied, 2.03272 s, 516 MB/s
3c84e34b319946f6531a2c4559f588a8  -

real	0m2.036s
user	0m1.807s
sys	0m0.594s
1000+0 records in
1000+0 records out
1048576000 bytes (1.0 GB) copied, 1.93032 s, 543 MB/s
3c84e34b319946f6531a2c4559f588a8  -

real	0m1.933s
user	0m1.779s
sys	0m0.500s
1000+0 records in
1000+0 records out
1048576000 bytes (1.0 GB) copied, 2.04568 s, 513 MB/s
3c84e34b319946f6531a2c4559f588a8  -

real	0m2.048s
user	0m1.891s
sys	0m0.526s
1000+0 records in
1000+0 records out
1048576000 bytes (1.0 GB) copied, 1.918 s, 547 MB/s
3c84e34b319946f6531a2c4559f588a8  -

real	0m1.921s
user	0m1.759s
sys	0m0.517s
1000+0 records in
1000+0 records out
1048576000 bytes (1.0 GB) copied, 1.92585 s, 544 MB/s
3c84e34b319946f6531a2c4559f588a8  -

real	0m1.929s
user	0m1.777s
sys	0m0.499s
1000+0 records in
1000+0 records out
1048576000 bytes (1.0 GB) copied, 2.0552 s, 510 MB/s
3c84e34b319946f6531a2c4559f588a8  -

real	0m2.058s
user	0m1.881s
sys	0m0.552s
1000+0 records in
1000+0 records out
1048576000 bytes (1.0 GB) copied, 1.95968 s, 535 MB/s
3c84e34b319946f6531a2c4559f588a8  -

real	0m1.963s
user	0m1.822s
sys	0m0.502s
1000+0 records in
1000+0 records out
1048576000 bytes (1.0 GB) copied, 2.04408 s, 513 MB/s
3c84e34b319946f6531a2c4559f588a8  -

real	0m2.047s
user	0m1.836s
sys	0m0.575s
1000+0 records in
1000+0 records out
1048576000 bytes (1.0 GB) copied, 1.95524 s, 536 MB/s
3c84e34b319946f6531a2c4559f588a8  -

real	0m1.958s
user	0m1.771s
sys	0m0.543s
1000+0 records in
1000+0 records out
1048576000 bytes (1.0 GB) copied, 1.96396 s, 534 MB/s
3c84e34b319946f6531a2c4559f588a8  -

real	0m1.967s
user	0m1.788s
sys	0m0.526s
1000+0 records in
1000+0 records out
1048576000 bytes (1.0 GB) copied, 1.99804 s, 525 MB/s
3c84e34b319946f6531a2c4559f588a8  -

real	0m2.001s
user	0m1.806s
sys	0m0.549s
1000+0 records in
1000+0 records out
1048576000 bytes (1.0 GB) copied, 2.03392 s, 516 MB/s
3c84e34b319946f6531a2c4559f588a8  -

real	0m2.037s
user	0m1.844s
sys	0m0.588s
1000+0 records in
1000+0 records out
1048576000 bytes (1.0 GB) copied, 1.94136 s, 540 MB/s
3c84e34b319946f6531a2c4559f588a8  -

real	0m1.944s
user	0m1.771s
sys	0m0.520s
1000+0 records in
1000+0 records out
1048576000 bytes (1.0 GB) copied, 1.9464 s, 539 MB/s
3c84e34b319946f6531a2c4559f588a8  -

real	0m1.949s
user	0m1.768s
sys	0m0.535s
1000+0 records in
1000+0 records out
1048576000 bytes (1.0 GB) copied, 1.95386 s, 537 MB/s
3c84e34b319946f6531a2c4559f588a8  -

real	0m1.956s
user	0m1.804s
sys	0m0.506s
1000+0 records in
1000+0 records out
1048576000 bytes (1.0 GB) copied, 2.01305 s, 521 MB/s
3c84e34b319946f6531a2c4559f588a8  -

real	0m2.016s
user	0m1.854s
sys	0m0.524s
1000+0 records in
1000+0 records out
1048576000 bytes (1.0 GB) copied, 2.01947 s, 519 MB/s
3c84e34b319946f6531a2c4559f588a8  -

real	0m2.022s
user	0m1.819s
sys	0m0.564s
1000+0 records in
1000+0 records out
1048576000 bytes (1.0 GB) copied, 1.98986 s, 527 MB/s
3c84e34b319946f6531a2c4559f588a8  -

real	0m1.993s
user	0m1.812s
sys	0m0.542s
1000+0 records in
1000+0 records out
1048576000 bytes (1.0 GB) copied, 2.02778 s, 517 MB/s
3c84e34b319946f6531a2c4559f588a8  -

real	0m2.031s
user	0m1.856s
sys	0m0.547s
1000+0 records in
1000+0 records out
1048576000 bytes (1.0 GB) copied, 1.95119 s, 537 MB/s
3c84e34b319946f6531a2c4559f588a8  -

real	0m1.954s
user	0m1.774s
sys	0m0.536s
1000+0 records in
1000+0 records out
1048576000 bytes (1.0 GB) copied, 1.91253 s, 548 MB/s
3c84e34b319946f6531a2c4559f588a8  -

real	0m1.915s
user	0m1.756s
sys	0m0.509s
1000+0 records in
1000+0 records out
1048576000 bytes (1.0 GB) copied, 1.91034 s, 549 MB/s
3c84e34b319946f6531a2c4559f588a8  -

real	0m1.913s
user	0m1.756s
sys	0m0.505s
1000+0 records in
1000+0 records out
1048576000 bytes (1.0 GB) copied, 2.03516 s, 515 MB/s
3c84e34b319946f6531a2c4559f588a8  -

real	0m2.038s
user	0m1.832s
sys	0m0.628s
1000+0 records in
1000+0 records out
1048576000 bytes (1.0 GB) copied, 1.95343 s, 537 MB/s
3c84e34b319946f6531a2c4559f588a8  -

real	0m1.956s
user	0m1.775s
sys	0m0.534s
1000+0 records in
1000+0 records out
1048576000 bytes (1.0 GB) copied, 1.97443 s, 531 MB/s
3c84e34b319946f6531a2c4559f588a8  -

real	0m1.977s
user	0m1.811s
sys	0m0.529s
1000+0 records in
1000+0 records out
1048576000 bytes (1.0 GB) copied, 1.99843 s, 525 MB/s
3c84e34b319946f6531a2c4559f588a8  -

real	0m2.002s
user	0m1.831s
sys	0m0.537s
1000+0 records in
1000+0 records out
1048576000 bytes (1.0 GB) copied, 1.94835 s, 538 MB/s
3c84e34b319946f6531a2c4559f588a8  -

real	0m1.951s
user	0m1.764s
sys	0m0.543s
1000+0 records in
1000+0 records out
1048576000 bytes (1.0 GB) copied, 1.92261 s, 545 MB/s
3c84e34b319946f6531a2c4559f588a8  -

real	0m1.925s
user	0m1.771s
sys	0m0.503s
1000+0 records in
1000+0 records out
1048576000 bytes (1.0 GB) copied, 1.96987 s, 532 MB/s
3c84e34b319946f6531a2c4559f588a8  -

real	0m1.973s
user	0m1.805s
sys	0m0.527s
1000+0 records in
1000+0 records out
1048576000 bytes (1.0 GB) copied, 1.90956 s, 549 MB/s
3c84e34b319946f6531a2c4559f588a8  -

real	0m1.913s
user	0m1.762s
sys	0m0.501s
1000+0 records in
1000+0 records out
1048576000 bytes (1.0 GB) copied, 1.99765 s, 525 MB/s
3c84e34b319946f6531a2c4559f588a8  -

real	0m2.001s
user	0m1.799s
sys	0m0.559s
1000+0 records in
1000+0 records out
1048576000 bytes (1.0 GB) copied, 2.0462 s, 512 MB/s
3c84e34b319946f6531a2c4559f588a8  -

real	0m2.049s
user	0m1.866s
sys	0m0.553s
1000+0 records in
1000+0 records out
1048576000 bytes (1.0 GB) copied, 1.9829 s, 529 MB/s
3c84e34b319946f6531a2c4559f588a8  -

real	0m1.986s
user	0m1.827s
sys	0m0.518s
1000+0 records in
1000+0 records out
1048576000 bytes (1.0 GB) copied, 1.937 s, 541 MB/s
3c84e34b319946f6531a2c4559f588a8  -

real	0m1.940s
user	0m1.790s
sys	0m0.501s
1000+0 records in
1000+0 records out
1048576000 bytes (1.0 GB) copied, 1.98844 s, 527 MB/s
3c84e34b319946f6531a2c4559f588a8  -

real	0m1.991s
user	0m1.820s
sys	0m0.532s
1000+0 records in
1000+0 records out
1048576000 bytes (1.0 GB) copied, 1.9575 s, 536 MB/s
3c84e34b319946f6531a2c4559f588a8  -

real	0m1.960s
user	0m1.790s
sys	0m0.520s
