2000+0 records in
2000+0 records out
2097152000 bytes (2.1 GB) copied0dd74775419ada42017a0fdf21eccf94  -
, 3.83143 s, 547 MB/s

real	0m3.834s
user	0m3.548s
sys	0m0.970s
2000+0 records in
2000+0 records out
2097152000 bytes (2.1 GB) copied, 4.05751 s, 517 MB/s
0dd74775419ada42017a0fdf21eccf94  -

real	0m4.060s
user	0m3.756s
sys	0m1.048s
2000+0 records in
2000+0 records out
2097152000 bytes (2.1 GB) copied0dd74775419ada42017a0fdf21eccf94  -
, 3.84577 s, 545 MB/s

real	0m3.849s
user	0m3.575s
sys	0m0.971s
2000+0 records in
2000+0 records out
2097152000 bytes (2.1 GB) copied, 3.83839 s, 546 MB/s
0dd74775419ada42017a0fdf21eccf94  -

real	0m3.841s
user	0m3.541s
sys	0m0.990s
2000+0 records in
2000+0 records out
2097152000 bytes (2.1 GB) copied, 3.8788 s, 541 MB/s
0dd74775419ada42017a0fdf21eccf94  -

real	0m3.882s
user	0m3.571s
sys	0m1.022s
2000+0 records in
2000+0 records out
2097152000 bytes (2.1 GB) copied, 4.07496 s, 515 MB/s
0dd74775419ada42017a0fdf21eccf94  -

real	0m4.077s
user	0m3.773s
sys	0m1.055s
2000+0 records in
2000+0 records out
2097152000 bytes (2.1 GB) copied, 3.81341 s, 550 MB/s
0dd74775419ada42017a0fdf21eccf94  -

real	0m3.816s
user	0m3.538s
sys	0m0.962s
2000+0 records in
2000+0 records out
2097152000 bytes (2.1 GB) copied, 3.86996 s, 542 MB/s
0dd74775419ada42017a0fdf21eccf94  -

real	0m3.873s
user	0m3.544s
sys	0m1.018s
2000+0 records in
2000+0 records out
2097152000 bytes (2.1 GB) copied, 3.8645 s, 543 MB/s
0dd74775419ada42017a0fdf21eccf94  -

real	0m3.867s
user	0m3.594s
sys	0m0.972s
2000+0 records in
2000+0 records out
2097152000 bytes (2.1 GB) copied, 3.91921 s, 535 MB/s
0dd74775419ada42017a0fdf21eccf94  -

real	0m3.922s
user	0m3.597s
sys	0m1.028s
2000+0 records in
2000+0 records out
2097152000 bytes (2.1 GB) copied, 3.82394 s, 548 MB/s
0dd74775419ada42017a0fdf21eccf94  -

real	0m3.827s
user	0m3.554s
sys	0m0.956s
2000+0 records in
2000+0 records out
2097152000 bytes (2.1 GB) copied, 3.81172 s, 550 MB/s
0dd74775419ada42017a0fdf21eccf94  -

real	0m3.814s
user	0m3.521s
sys	0m0.976s
2000+0 records in
2000+0 records out
2097152000 bytes (2.1 GB) copied, 4.05094 s, 518 MB/s
0dd74775419ada42017a0fdf21eccf94  -

real	0m4.054s
user	0m3.744s
sys	0m1.061s
2000+0 records in
2000+0 records out
2097152000 bytes (2.1 GB) copied, 4.0934 s, 512 MB/s
0dd74775419ada42017a0fdf21eccf94  -

real	0m4.096s
user	0m3.784s
sys	0m1.069s
2000+0 records in
2000+0 records out
2097152000 bytes (2.1 GB) copied, 3.87666 s, 541 MB/s
0dd74775419ada42017a0fdf21eccf94  -

real	0m3.879s
user	0m3.554s
sys	0m1.029s
2000+0 records in
2000+0 records out
2097152000 bytes (2.1 GB) copied, 3.86092 s, 543 MB/s
0dd74775419ada42017a0fdf21eccf94  -

real	0m3.863s
user	0m3.546s
sys	0m1.009s
2000+0 records in
2000+0 records out
2097152000 bytes (2.1 GB) copied, 4.11906 s, 509 MB/s
0dd74775419ada42017a0fdf21eccf94  -

real	0m4.122s
user	0m3.714s
sys	0m1.149s
2000+0 records in
2000+0 records out
2097152000 bytes (2.1 GB) copied, 3.82196 s, 549 MB/s
0dd74775419ada42017a0fdf21eccf94  -

real	0m3.825s
user	0m3.519s
sys	0m0.991s
2000+0 records in
2000+0 records out
2097152000 bytes (2.1 GB) copied, 3.81316 s, 550 MB/s
0dd74775419ada42017a0fdf21eccf94  -

real	0m3.816s
user	0m3.510s
sys	0m0.991s
2000+0 records in
2000+0 records out
2097152000 bytes (2.1 GB) copied, 3.86122 s, 543 MB/s
0dd74775419ada42017a0fdf21eccf94  -

real	0m3.864s
user	0m3.517s
sys	0m1.040s
2000+0 records in
2000+0 records out
2097152000 bytes (2.1 GB) copied, 4.06285 s, 516 MB/s
0dd74775419ada42017a0fdf21eccf94  -

real	0m4.065s
user	0m3.701s
sys	0m1.099s
2000+0 records in
2000+0 records out
2097152000 bytes (2.1 GB) copied, 3.82716 s, 548 MB/s
0dd74775419ada42017a0fdf21eccf94  -

real	0m3.830s
user	0m3.547s
sys	0m0.979s
2000+0 records in
2000+0 records out
2097152000 bytes (2.1 GB) copied, 3.82157 s, 549 MB/s
0dd74775419ada42017a0fdf21eccf94  -

real	0m3.824s
user	0m3.557s
sys	0m0.950s
2000+0 records in
2000+0 records out
2097152000 bytes (2.1 GB) copied, 3.82003 s, 549 MB/s
0dd74775419ada42017a0fdf21eccf94  -

real	0m3.822s
user	0m3.508s
sys	0m1.003s
2000+0 records in
2000+0 records out
2097152000 bytes (2.1 GB) copied, 3.86996 s, 542 MB/s
0dd74775419ada42017a0fdf21eccf94  -

real	0m3.872s
user	0m3.575s
sys	0m1.006s
2000+0 records in
2000+0 records out
2097152000 bytes (2.1 GB) copied, 4.06119 s, 516 MB/s
0dd74775419ada42017a0fdf21eccf94  -

real	0m4.064s
user	0m3.664s
sys	0m1.124s
2000+0 records in
2000+0 records out
2097152000 bytes (2.1 GB) copied, 3.91017 s, 536 MB/s
0dd74775419ada42017a0fdf21eccf94  -

real	0m3.913s
user	0m3.571s
sys	0m1.031s
2000+0 records in
2000+0 records out
2097152000 bytes (2.1 GB) copied, 4.14024 s, 507 MB/s
0dd74775419ada42017a0fdf21eccf94  -

real	0m4.143s
user	0m3.769s
sys	0m1.134s
2000+0 records in
2000+0 records out
2097152000 bytes (2.1 GB) copied, 4.10446 s, 511 MB/s
0dd74775419ada42017a0fdf21eccf94  -

real	0m4.107s
user	0m3.740s
sys	0m1.113s
2000+0 records in
2000+0 records out
2097152000 bytes (2.1 GB) copied, 3.90586 s, 537 MB/s
0dd74775419ada42017a0fdf21eccf94  -

real	0m3.908s
user	0m3.524s
sys	0m1.075s
2000+0 records in
2000+0 records out
2097152000 bytes (2.1 GB) copied, 3.86748 s, 542 MB/s
0dd74775419ada42017a0fdf21eccf94  -

real	0m3.870s
user	0m3.568s
sys	0m0.993s
2000+0 records in
2000+0 records out
2097152000 bytes (2.1 GB) copied, 4.0968 s, 512 MB/s
0dd74775419ada42017a0fdf21eccf94  -

real	0m4.099s
user	0m3.778s
sys	0m1.078s
2000+0 records in
2000+0 records out
2097152000 bytes (2.1 GB) copied, 3.87903 s, 541 MB/s
0dd74775419ada42017a0fdf21eccf94  -

real	0m3.882s
user	0m3.603s
sys	0m0.988s
2000+0 records in
2000+0 records out
2097152000 bytes (2.1 GB) copied, 3.86384 s, 543 MB/s
0dd74775419ada42017a0fdf21eccf94  -

real	0m3.866s
user	0m3.568s
sys	0m0.985s
2000+0 records in
2000+0 records out
2097152000 bytes (2.1 GB) copied, 3.86037 s, 543 MB/s
0dd74775419ada42017a0fdf21eccf94  -

real	0m3.863s
user	0m3.546s
sys	0m1.017s
2000+0 records in
2000+0 records out
2097152000 bytes (2.1 GB) copied, 4.17741 s, 502 MB/s
0dd74775419ada42017a0fdf21eccf94  -

real	0m4.180s
user	0m3.859s
sys	0m1.052s
2000+0 records in
2000+0 records out
2097152000 bytes (2.1 GB) copied, 3.95644 s, 530 MB/s
0dd74775419ada42017a0fdf21eccf94  -

real	0m3.960s
user	0m3.639s
sys	0m1.037s
2000+0 records in
2000+0 records out
2097152000 bytes (2.1 GB) copied, 3.86172 s, 543 MB/s
0dd74775419ada42017a0fdf21eccf94  -

real	0m3.865s
user	0m3.553s
sys	0m1.002s
2000+0 records in
2000+0 records out
2097152000 bytes (2.1 GB) copied, 4.10332 s, 511 MB/s
0dd74775419ada42017a0fdf21eccf94  -

real	0m4.106s
user	0m3.756s
sys	0m1.086s
2000+0 records in
2000+0 records out
2097152000 bytes (2.1 GB) copied, 3.86809 s, 542 MB/s
0dd74775419ada42017a0fdf21eccf94  -

real	0m3.872s
user	0m3.525s
sys	0m1.037s
2000+0 records in
2000+0 records out
2097152000 bytes (2.1 GB) copied, 4.09162 s, 513 MB/s
0dd74775419ada42017a0fdf21eccf94  -

real	0m4.094s
user	0m3.707s
sys	0m1.102s
2000+0 records in
2000+0 records out
2097152000 bytes (2.1 GB) copied, 3.95394 s, 530 MB/s
0dd74775419ada42017a0fdf21eccf94  -

real	0m3.957s
user	0m3.662s
sys	0m1.010s
2000+0 records in
2000+0 records out
2097152000 bytes (2.1 GB) copied, 3.80849 s, 551 MB/s
0dd74775419ada42017a0fdf21eccf94  -

real	0m3.812s
user	0m3.506s
sys	0m0.996s
2000+0 records in
2000+0 records out
2097152000 bytes (2.1 GB) copied, 4.05318 s, 517 MB/s
0dd74775419ada42017a0fdf21eccf94  -

real	0m4.056s
user	0m3.701s
sys	0m1.097s
2000+0 records in
2000+0 records out
2097152000 bytes (2.1 GB) copied, 3.94506 s, 532 MB/s
0dd74775419ada42017a0fdf21eccf94  -

real	0m3.949s
user	0m3.592s
sys	0m1.060s
2000+0 records in
2000+0 records out
2097152000 bytes (2.1 GB) copied, 4.08445 s, 513 MB/s
0dd74775419ada42017a0fdf21eccf94  -

real	0m4.087s
user	0m3.742s
sys	0m1.066s
2000+0 records in
2000+0 records out
2097152000 bytes (2.1 GB) copied, 4.0755 s, 515 MB/s
0dd74775419ada42017a0fdf21eccf94  -

real	0m4.079s
user	0m3.731s
sys	0m1.086s
2000+0 records in
2000+0 records out
2097152000 bytes (2.1 GB) copied, 4.13966 s, 507 MB/s
0dd74775419ada42017a0fdf21eccf94  -

real	0m4.143s
user	0m3.762s
sys	0m1.156s
2000+0 records in
2000+0 records out
2097152000 bytes (2.1 GB) copied, 3.88544 s, 540 MB/s
0dd74775419ada42017a0fdf21eccf94  -

real	0m3.890s
user	0m3.588s
sys	0m1.006s
2000+0 records in
2000+0 records out
2097152000 bytes (2.1 GB) copied, 3.85884 s, 543 MB/s
0dd74775419ada42017a0fdf21eccf94  -

real	0m3.862s
user	0m3.535s
sys	0m1.021s
