500+0 records in
500+0 records out
524288000 bytes (524 MB) copiedafbad591ee2b70ac94258fbc7fac3bf2  -
, 1.00025 s, 524 MB/s

real	0m1.003s
user	0m0.930s
sys	0m0.258s
500+0 records in
500+0 records out
524288000 bytes (524 MB) copied, 0.992237 s, 528 MB/s
afbad591ee2b70ac94258fbc7fac3bf2  -

real	0m0.995s
user	0m0.924s
sys	0m0.244s
500+0 records in
500+0 records out
524288000 bytes (524 MB) copiedafbad591ee2b70ac94258fbc7fac3bf2  -
, 0.962536 s, 545 MB/s

real	0m0.965s
user	0m0.905s
sys	0m0.232s
500+0 records in
500+0 records out
524288000 bytes (524 MB) copied, 1.09516 s, 479 MB/s
afbad591ee2b70ac94258fbc7fac3bf2  -

real	0m1.098s
user	0m0.956s
sys	0m0.336s
500+0 records in
500+0 records out
524288000 bytes (524 MB) copied, 0.990825 s, 529 MB/s
afbad591ee2b70ac94258fbc7fac3bf2  -

real	0m0.993s
user	0m0.907s
sys	0m0.270s
500+0 records in
500+0 records out
524288000 bytes (524 MB) copied, 0.955277 s, 549 MB/s
afbad591ee2b70ac94258fbc7fac3bf2  -

real	0m0.958s
user	0m0.906s
sys	0m0.221s
500+0 records in
500+0 records out
524288000 bytes (524 MB) copied, 0.952952 s, 550 MB/s
afbad591ee2b70ac94258fbc7fac3bf2  -

real	0m0.956s
user	0m0.885s
sys	0m0.241s
500+0 records in
500+0 records out
524288000 bytes (524 MB) copied, 0.986852 s, 531 MB/s
afbad591ee2b70ac94258fbc7fac3bf2  -

real	0m0.989s
user	0m0.929s
sys	0m0.234s
500+0 records in
500+0 records out
524288000 bytes (524 MB) copied, 0.954503 s, 549 MB/s
afbad591ee2b70ac94258fbc7fac3bf2  -

real	0m0.957s
user	0m0.882s
sys	0m0.246s
500+0 records in
500+0 records out
524288000 bytes (524 MB) copied, 0.963401 s, 544 MB/s
afbad591ee2b70ac94258fbc7fac3bf2  -

real	0m0.966s
user	0m0.891s
sys	0m0.247s
500+0 records in
500+0 records out
524288000 bytes (524 MB) copied, 1.05455 s, 497 MB/s
afbad591ee2b70ac94258fbc7fac3bf2  -

real	0m1.057s
user	0m0.958s
sys	0m0.299s
500+0 records in
500+0 records out
524288000 bytes (524 MB) copied, 0.975168 s, 538 MB/s
afbad591ee2b70ac94258fbc7fac3bf2  -

real	0m0.978s
user	0m0.894s
sys	0m0.260s
500+0 records in
500+0 records out
524288000 bytes (524 MB) copied, 0.961834 s, 545 MB/s
afbad591ee2b70ac94258fbc7fac3bf2  -

real	0m0.964s
user	0m0.890s
sys	0m0.247s
500+0 records in
500+0 records out
524288000 bytes (524 MB) copied, 0.954837 s, 549 MB/s
afbad591ee2b70ac94258fbc7fac3bf2  -

real	0m0.958s
user	0m0.885s
sys	0m0.243s
500+0 records in
500+0 records out
524288000 bytes (524 MB) copied, 0.956197 s, 548 MB/s
afbad591ee2b70ac94258fbc7fac3bf2  -

real	0m0.959s
user	0m0.897s
sys	0m0.234s
500+0 records in
500+0 records out
524288000 bytes (524 MB) copied, 0.965798 s, 543 MB/s
afbad591ee2b70ac94258fbc7fac3bf2  -

real	0m0.968s
user	0m0.898s
sys	0m0.243s
500+0 records in
500+0 records out
524288000 bytes (524 MB) copied, 0.95607 s, 548 MB/s
afbad591ee2b70ac94258fbc7fac3bf2  -

real	0m0.959s
user	0m0.889s
sys	0m0.238s
500+0 records in
500+0 records out
524288000 bytes (524 MB) copied, 0.973899 s, 538 MB/s
afbad591ee2b70ac94258fbc7fac3bf2  -

real	0m0.976s
user	0m0.910s
sys	0m0.238s
500+0 records in
500+0 records out
524288000 bytes (524 MB) copied, 0.959114 s, 547 MB/s
afbad591ee2b70ac94258fbc7fac3bf2  -

real	0m0.962s
user	0m0.890s
sys	0m0.244s
500+0 records in
500+0 records out
524288000 bytes (524 MB) copied, 1.01419 s, 517 MB/s
afbad591ee2b70ac94258fbc7fac3bf2  -

real	0m1.017s
user	0m0.948s
sys	0m0.246s
500+0 records in
500+0 records out
524288000 bytes (524 MB) copied, 0.95904 s, 547 MB/s
afbad591ee2b70ac94258fbc7fac3bf2  -

real	0m0.961s
user	0m0.892s
sys	0m0.240s
500+0 records in
500+0 records out
524288000 bytes (524 MB) copied, 1.11427 s, 471 MB/s
afbad591ee2b70ac94258fbc7fac3bf2  -

real	0m1.117s
user	0m1.010s
sys	0m0.311s
500+0 records in
500+0 records out
524288000 bytes (524 MB) copied, 0.963674 s, 544 MB/s
afbad591ee2b70ac94258fbc7fac3bf2  -

real	0m0.966s
user	0m0.887s
sys	0m0.251s
500+0 records in
500+0 records out
524288000 bytes (524 MB) copied, 1.04782 s, 500 MB/s
afbad591ee2b70ac94258fbc7fac3bf2  -

real	0m1.050s
user	0m0.964s
sys	0m0.276s
500+0 records in
500+0 records out
524288000 bytes (524 MB) copied, 0.991291 s, 529 MB/s
afbad591ee2b70ac94258fbc7fac3bf2  -

real	0m0.994s
user	0m0.924s
sys	0m0.243s
500+0 records in
500+0 records out
524288000 bytes (524 MB) copied, 0.958046 s, 547 MB/s
afbad591ee2b70ac94258fbc7fac3bf2  -

real	0m0.961s
user	0m0.875s
sys	0m0.257s
500+0 records in
500+0 records out
524288000 bytes (524 MB) copied, 0.962529 s, 545 MB/s
afbad591ee2b70ac94258fbc7fac3bf2  -

real	0m0.965s
user	0m0.881s
sys	0m0.256s
500+0 records in
500+0 records out
524288000 bytes (524 MB) copied, 0.961137 s, 545 MB/s
afbad591ee2b70ac94258fbc7fac3bf2  -

real	0m0.964s
user	0m0.895s
sys	0m0.241s
500+0 records in
500+0 records out
524288000 bytes (524 MB) copied, 0.982641 s, 534 MB/s
afbad591ee2b70ac94258fbc7fac3bf2  -

real	0m0.985s
user	0m0.907s
sys	0m0.257s
500+0 records in
500+0 records out
524288000 bytes (524 MB) copied, 0.963958 s, 544 MB/s
afbad591ee2b70ac94258fbc7fac3bf2  -

real	0m0.967s
user	0m0.885s
sys	0m0.254s
500+0 records in
500+0 records out
524288000 bytes (524 MB) copied, 0.959744 s, 546 MB/s
afbad591ee2b70ac94258fbc7fac3bf2  -

real	0m0.962s
user	0m0.888s
sys	0m0.248s
500+0 records in
500+0 records out
524288000 bytes (524 MB) copied, 0.992128 s, 528 MB/s
afbad591ee2b70ac94258fbc7fac3bf2  -

real	0m0.995s
user	0m0.919s
sys	0m0.249s
500+0 records in
500+0 records out
524288000 bytes (524 MB) copied, 0.986288 s, 532 MB/s
afbad591ee2b70ac94258fbc7fac3bf2  -

real	0m0.989s
user	0m0.905s
sys	0m0.264s
500+0 records in
500+0 records out
524288000 bytes (524 MB) copied, 1.08571 s, 483 MB/s
afbad591ee2b70ac94258fbc7fac3bf2  -

real	0m1.088s
user	0m0.960s
sys	0m0.324s
500+0 records in
500+0 records out
524288000 bytes (524 MB) copied, 0.957583 s, 548 MB/s
afbad591ee2b70ac94258fbc7fac3bf2  -

real	0m0.960s
user	0m0.876s
sys	0m0.259s
500+0 records in
500+0 records out
524288000 bytes (524 MB) copied, 0.958629 s, 547 MB/s
afbad591ee2b70ac94258fbc7fac3bf2  -

real	0m0.961s
user	0m0.899s
sys	0m0.235s
500+0 records in
500+0 records out
524288000 bytes (524 MB) copied, 0.974617 s, 538 MB/s
afbad591ee2b70ac94258fbc7fac3bf2  -

real	0m0.977s
user	0m0.901s
sys	0m0.254s
500+0 records in
500+0 records out
524288000 bytes (524 MB) copied, 1.05258 s, 498 MB/s
afbad591ee2b70ac94258fbc7fac3bf2  -

real	0m1.055s
user	0m0.934s
sys	0m0.316s
500+0 records in
500+0 records out
524288000 bytes (524 MB) copied, 0.995543 s, 527 MB/s
afbad591ee2b70ac94258fbc7fac3bf2  -

real	0m0.998s
user	0m0.912s
sys	0m0.271s
500+0 records in
500+0 records out
524288000 bytes (524 MB) copied, 1.00781 s, 520 MB/s
afbad591ee2b70ac94258fbc7fac3bf2  -

real	0m1.010s
user	0m0.930s
sys	0m0.256s
500+0 records in
500+0 records out
524288000 bytes (524 MB) copied, 0.965171 s, 543 MB/s
afbad591ee2b70ac94258fbc7fac3bf2  -

real	0m0.967s
user	0m0.890s
sys	0m0.249s
500+0 records in
500+0 records out
524288000 bytes (524 MB) copied, 0.961186 s, 545 MB/s
afbad591ee2b70ac94258fbc7fac3bf2  -

real	0m0.964s
user	0m0.878s
sys	0m0.261s
500+0 records in
500+0 records out
524288000 bytes (524 MB) copied, 0.954397 s, 549 MB/s
afbad591ee2b70ac94258fbc7fac3bf2  -

real	0m0.957s
user	0m0.882s
sys	0m0.246s
500+0 records in
500+0 records out
524288000 bytes (524 MB) copied, 0.954778 s, 549 MB/s
afbad591ee2b70ac94258fbc7fac3bf2  -

real	0m0.957s
user	0m0.893s
sys	0m0.234s
500+0 records in
500+0 records out
524288000 bytes (524 MB) copied, 1.07863 s, 486 MB/s
afbad591ee2b70ac94258fbc7fac3bf2  -

real	0m1.081s
user	0m0.975s
sys	0m0.304s
500+0 records in
500+0 records out
524288000 bytes (524 MB) copied, 1.07175 s, 489 MB/s
afbad591ee2b70ac94258fbc7fac3bf2  -

real	0m1.074s
user	0m0.971s
sys	0m0.303s
500+0 records in
500+0 records out
524288000 bytes (524 MB) copied, 0.952841 s, 550 MB/s
afbad591ee2b70ac94258fbc7fac3bf2  -

real	0m0.955s
user	0m0.886s
sys	0m0.239s
500+0 records in
500+0 records out
524288000 bytes (524 MB) copied, 0.958132 s, 547 MB/s
afbad591ee2b70ac94258fbc7fac3bf2  -

real	0m0.961s
user	0m0.895s
sys	0m0.234s
500+0 records in
500+0 records out
524288000 bytes (524 MB) copied, 1.06255 s, 493 MB/s
afbad591ee2b70ac94258fbc7fac3bf2  -

real	0m1.065s
user	0m0.975s
sys	0m0.288s
500+0 records in
500+0 records out
afbad591ee2b70ac94258fbc7fac3bf2  -
524288000 bytes (524 MB) copied, 1.01864 s, 515 MB/s

real	0m1.021s
user	0m0.920s
sys	0m0.292s
500+0 records in
500+0 records out
524288000 bytes (524 MB) copied, 0.956801 s, 548 MB/s
afbad591ee2b70ac94258fbc7fac3bf2  -

real	0m0.960s
user	0m0.877s
sys	0m0.251s
500+0 records in
500+0 records out
524288000 bytes (524 MB) copied, 0.997124 s, 526 MB/s
afbad591ee2b70ac94258fbc7fac3bf2  -

real	0m1.000s
user	0m0.915s
sys	0m0.266s
500+0 records in
500+0 records out
524288000 bytes (524 MB) copied, 0.954852 s, 549 MB/s
afbad591ee2b70ac94258fbc7fac3bf2  -

real	0m0.957s
user	0m0.885s
sys	0m0.243s
500+0 records in
500+0 records out
524288000 bytes (524 MB) copied, 0.954719 s, 549 MB/s
afbad591ee2b70ac94258fbc7fac3bf2  -

real	0m0.957s
user	0m0.884s
sys	0m0.244s
500+0 records in
500+0 records out
524288000 bytes (524 MB) copied, 0.978278 s, 536 MB/s
afbad591ee2b70ac94258fbc7fac3bf2  -

real	0m0.981s
user	0m0.896s
sys	0m0.264s
500+0 records in
500+0 records out
524288000 bytes (524 MB) copied, 0.962232 s, 545 MB/s
afbad591ee2b70ac94258fbc7fac3bf2  -

real	0m0.965s
user	0m0.887s
sys	0m0.252s
500+0 records in
500+0 records out
524288000 bytes (524 MB) copied, 1.04824 s, 500 MB/s
afbad591ee2b70ac94258fbc7fac3bf2  -

real	0m1.051s
user	0m0.966s
sys	0m0.280s
500+0 records in
500+0 records out
524288000 bytes (524 MB) copied, 1.03916 s, 505 MB/s
afbad591ee2b70ac94258fbc7fac3bf2  -

real	0m1.042s
user	0m0.950s
sys	0m0.289s
500+0 records in
500+0 records out
524288000 bytes (524 MB) copied, 0.953321 s, 550 MB/s
afbad591ee2b70ac94258fbc7fac3bf2  -

real	0m0.956s
user	0m0.882s
sys	0m0.245s
500+0 records in
500+0 records out
524288000 bytes (524 MB) copied, 1.03777 s, 505 MB/s
afbad591ee2b70ac94258fbc7fac3bf2  -

real	0m1.040s
user	0m0.967s
sys	0m0.255s
500+0 records in
500+0 records out
524288000 bytes (524 MB) copied, 1.01197 s, 518 MB/s
afbad591ee2b70ac94258fbc7fac3bf2  -

real	0m1.014s
user	0m0.919s
sys	0m0.279s
500+0 records in
500+0 records out
524288000 bytes (524 MB) copied, 1.02256 s, 513 MB/s
afbad591ee2b70ac94258fbc7fac3bf2  -

real	0m1.025s
user	0m0.938s
sys	0m0.270s
500+0 records in
500+0 records out
524288000 bytes (524 MB) copied, 1.05986 s, 495 MB/s
afbad591ee2b70ac94258fbc7fac3bf2  -

real	0m1.063s
user	0m0.960s
sys	0m0.296s
500+0 records in
500+0 records out
524288000 bytes (524 MB) copied, 1.05137 s, 499 MB/s
afbad591ee2b70ac94258fbc7fac3bf2  -

real	0m1.054s
user	0m0.963s
sys	0m0.283s
500+0 records in
500+0 records out
524288000 bytes (524 MB) copied, 1.06072 s, 494 MB/s
afbad591ee2b70ac94258fbc7fac3bf2  -

real	0m1.064s
user	0m0.981s
sys	0m0.277s
500+0 records in
500+0 records out
524288000 bytes (524 MB) copied, 1.0465 s, 501 MB/s
afbad591ee2b70ac94258fbc7fac3bf2  -

real	0m1.049s
user	0m0.962s
sys	0m0.274s
500+0 records in
500+0 records out
524288000 bytes (524 MB) copied, 1.06005 s, 495 MB/s
afbad591ee2b70ac94258fbc7fac3bf2  -

real	0m1.063s
user	0m0.970s
sys	0m0.289s
500+0 records in
500+0 records out
524288000 bytes (524 MB) copied, 1.09456 s, 479 MB/s
afbad591ee2b70ac94258fbc7fac3bf2  -

real	0m1.097s
user	0m0.945s
sys	0m0.343s
500+0 records in
500+0 records out
524288000 bytes (524 MB) copied, 1.06005 s, 495 MB/s
afbad591ee2b70ac94258fbc7fac3bf2  -

real	0m1.062s
user	0m0.964s
sys	0m0.300s
500+0 records in
500+0 records out
524288000 bytes (524 MB) copied, 1.01396 s, 517 MB/s
afbad591ee2b70ac94258fbc7fac3bf2  -

real	0m1.017s
user	0m0.923s
sys	0m0.275s
500+0 records in
500+0 records out
524288000 bytes (524 MB) copied, 1.03634 s, 506 MB/s
afbad591ee2b70ac94258fbc7fac3bf2  -

real	0m1.039s
user	0m0.949s
sys	0m0.286s
500+0 records in
500+0 records out
524288000 bytes (524 MB) copied, 1.01562 s, 516 MB/s
afbad591ee2b70ac94258fbc7fac3bf2  -

real	0m1.018s
user	0m0.934s
sys	0m0.267s
500+0 records in
500+0 records out
524288000 bytes (524 MB) copied, 1.01466 s, 517 MB/s
afbad591ee2b70ac94258fbc7fac3bf2  -

real	0m1.017s
user	0m0.938s
sys	0m0.271s
500+0 records in
500+0 records out
524288000 bytes (524 MB) copied, 1.10717 s, 474 MB/s
afbad591ee2b70ac94258fbc7fac3bf2  -

real	0m1.110s
user	0m0.939s
sys	0m0.361s
500+0 records in
500+0 records out
524288000 bytes (524 MB) copied, 1.05311 s, 498 MB/s
afbad591ee2b70ac94258fbc7fac3bf2  -

real	0m1.056s
user	0m0.956s
sys	0m0.298s
500+0 records in
500+0 records out
524288000 bytes (524 MB) copied, 1.03907 s, 505 MB/s
afbad591ee2b70ac94258fbc7fac3bf2  -

real	0m1.042s
user	0m0.944s
sys	0m0.284s
500+0 records in
500+0 records out
524288000 bytes (524 MB) copied, 1.01713 s, 515 MB/s
afbad591ee2b70ac94258fbc7fac3bf2  -

real	0m1.020s
user	0m0.947s
sys	0m0.262s
500+0 records in
500+0 records out
524288000 bytes (524 MB) copied, 1.01135 s, 518 MB/s
afbad591ee2b70ac94258fbc7fac3bf2  -

real	0m1.014s
user	0m0.941s
sys	0m0.258s
500+0 records in
500+0 records out
524288000 bytes (524 MB) copied, 1.01973 s, 514 MB/s
afbad591ee2b70ac94258fbc7fac3bf2  -

real	0m1.022s
user	0m0.916s
sys	0m0.296s
500+0 records in
500+0 records out
524288000 bytes (524 MB) copied, 1.01646 s, 516 MB/s
afbad591ee2b70ac94258fbc7fac3bf2  -

real	0m1.019s
user	0m0.939s
sys	0m0.272s
500+0 records in
500+0 records out
524288000 bytes (524 MB) copied, 1.04136 s, 503 MB/s
afbad591ee2b70ac94258fbc7fac3bf2  -

real	0m1.044s
user	0m0.951s
sys	0m0.289s
500+0 records in
500+0 records out
524288000 bytes (524 MB) copied, 1.07804 s, 486 MB/s
afbad591ee2b70ac94258fbc7fac3bf2  -

real	0m1.081s
user	0m0.997s
sys	0m0.275s
500+0 records in
500+0 records out
524288000 bytes (524 MB) copied, 1.07621 s, 487 MB/s
afbad591ee2b70ac94258fbc7fac3bf2  -

real	0m1.079s
user	0m0.992s
sys	0m0.281s
500+0 records in
500+0 records out
524288000 bytes (524 MB) copied, 1.0132 s, 517 MB/s
afbad591ee2b70ac94258fbc7fac3bf2  -

real	0m1.016s
user	0m0.939s
sys	0m0.267s
500+0 records in
500+0 records out
524288000 bytes (524 MB) copied, 1.0106 s, 519 MB/s
afbad591ee2b70ac94258fbc7fac3bf2  -

real	0m1.013s
user	0m0.933s
sys	0m0.268s
500+0 records in
500+0 records out
524288000 bytes (524 MB) copied, 1.0144 s, 517 MB/s
afbad591ee2b70ac94258fbc7fac3bf2  -

real	0m1.017s
user	0m0.929s
sys	0m0.277s
500+0 records in
500+0 records out
524288000 bytes (524 MB) copied, 1.07613 s, 487 MB/s
afbad591ee2b70ac94258fbc7fac3bf2  -

real	0m1.079s
user	0m0.981s
sys	0m0.295s
500+0 records in
500+0 records out
524288000 bytes (524 MB) copied, 1.04856 s, 500 MB/s
afbad591ee2b70ac94258fbc7fac3bf2  -

real	0m1.051s
user	0m0.947s
sys	0m0.307s
500+0 records in
500+0 records out
524288000 bytes (524 MB) copied, 1.03015 s, 509 MB/s
afbad591ee2b70ac94258fbc7fac3bf2  -

real	0m1.033s
user	0m0.959s
sys	0m0.271s
500+0 records in
500+0 records out
524288000 bytes (524 MB) copied, 1.06372 s, 493 MB/s
afbad591ee2b70ac94258fbc7fac3bf2  -

real	0m1.066s
user	0m0.981s
sys	0m0.282s
500+0 records in
500+0 records out
524288000 bytes (524 MB) copied, 1.03966 s, 504 MB/s
afbad591ee2b70ac94258fbc7fac3bf2  -

real	0m1.042s
user	0m0.942s
sys	0m0.292s
500+0 records in
500+0 records out
524288000 bytes (524 MB) copied, 1.0736 s, 488 MB/s
afbad591ee2b70ac94258fbc7fac3bf2  -

real	0m1.076s
user	0m0.984s
sys	0m0.292s
500+0 records in
500+0 records out
524288000 bytes (524 MB) copied, 1.02478 s, 512 MB/s
afbad591ee2b70ac94258fbc7fac3bf2  -

real	0m1.028s
user	0m0.932s
sys	0m0.288s
500+0 records in
500+0 records out
524288000 bytes (524 MB) copied, 1.02377 s, 512 MB/s
afbad591ee2b70ac94258fbc7fac3bf2  -

real	0m1.026s
user	0m0.945s
sys	0m0.269s
500+0 records in
500+0 records out
524288000 bytes (524 MB) copied, 1.02688 s, 511 MB/s
afbad591ee2b70ac94258fbc7fac3bf2  -

real	0m1.030s
user	0m0.941s
sys	0m0.281s
500+0 records in
500+0 records out
524288000 bytes (524 MB) copied, 1.02876 s, 510 MB/s
afbad591ee2b70ac94258fbc7fac3bf2  -

real	0m1.032s
user	0m0.946s
sys	0m0.275s
500+0 records in
500+0 records out
524288000 bytes (524 MB) copied, 1.02333 s, 512 MB/s
afbad591ee2b70ac94258fbc7fac3bf2  -

real	0m1.026s
user	0m0.947s
sys	0m0.269s
500+0 records in
500+0 records out
524288000 bytes (524 MB) copied, 1.04786 s, 500 MB/s
afbad591ee2b70ac94258fbc7fac3bf2  -

real	0m1.051s
user	0m0.947s
sys	0m0.295s
500+0 records in
500+0 records out
524288000 bytes (524 MB) copied, 1.02809 s, 510 MB/s
afbad591ee2b70ac94258fbc7fac3bf2  -

real	0m1.032s
user	0m0.952s
sys	0m0.270s
500+0 records in
500+0 records out
524288000 bytes (524 MB) copied, 1.01865 s, 515 MB/s
afbad591ee2b70ac94258fbc7fac3bf2  -

real	0m1.021s
user	0m0.941s
sys	0m0.270s
500+0 records in
500+0 records out
524288000 bytes (524 MB) copied, 1.01401 s, 517 MB/s
afbad591ee2b70ac94258fbc7fac3bf2  -

real	0m1.016s
user	0m0.945s
sys	0m0.258s
500+0 records in
500+0 records out
524288000 bytes (524 MB) copied, 1.01993 s, 514 MB/s
afbad591ee2b70ac94258fbc7fac3bf2  -

real	0m1.023s
user	0m0.953s
sys	0m0.258s
500+0 records in
500+0 records out
524288000 bytes (524 MB) copied, 1.02086 s, 514 MB/s
afbad591ee2b70ac94258fbc7fac3bf2  -

real	0m1.023s
user	0m0.945s
sys	0m0.267s
500+0 records in
500+0 records out
524288000 bytes (524 MB) copied, 1.07593 s, 487 MB/s
afbad591ee2b70ac94258fbc7fac3bf2  -

real	0m1.079s
user	0m0.951s
sys	0m0.329s
500+0 records in
500+0 records out
524288000 bytes (524 MB) copied, 1.02325 s, 512 MB/s
afbad591ee2b70ac94258fbc7fac3bf2  -

real	0m1.026s
user	0m0.960s
sys	0m0.259s
500+0 records in
500+0 records out
524288000 bytes (524 MB) copied, 1.01097 s, 519 MB/s
afbad591ee2b70ac94258fbc7fac3bf2  -

real	0m1.014s
user	0m0.940s
sys	0m0.260s
500+0 records in
500+0 records out
524288000 bytes (524 MB) copied, 1.0369 s, 506 MB/s
afbad591ee2b70ac94258fbc7fac3bf2  -

real	0m1.040s
user	0m0.947s
sys	0m0.289s
500+0 records in
500+0 records out
524288000 bytes (524 MB) copied, 1.01434 s, 517 MB/s
afbad591ee2b70ac94258fbc7fac3bf2  -

real	0m1.017s
user	0m0.951s
sys	0m0.254s
500+0 records in
500+0 records out
524288000 bytes (524 MB) copied, 1.05694 s, 496 MB/s
afbad591ee2b70ac94258fbc7fac3bf2  -

real	0m1.060s
user	0m0.981s
sys	0m0.269s
500+0 records in
500+0 records out
524288000 bytes (524 MB) copied, 1.03867 s, 505 MB/s
afbad591ee2b70ac94258fbc7fac3bf2  -

real	0m1.041s
user	0m0.971s
sys	0m0.262s
500+0 records in
500+0 records out
524288000 bytes (524 MB) copied, 1.02282 s, 513 MB/s
afbad591ee2b70ac94258fbc7fac3bf2  -

real	0m1.025s
user	0m0.948s
sys	0m0.267s
500+0 records in
500+0 records out
524288000 bytes (524 MB) copied, 1.01479 s, 517 MB/s
afbad591ee2b70ac94258fbc7fac3bf2  -

real	0m1.017s
user	0m0.944s
sys	0m0.262s
500+0 records in
500+0 records out
524288000 bytes (524 MB) copied, 1.02874 s, 510 MB/s
afbad591ee2b70ac94258fbc7fac3bf2  -

real	0m1.031s
user	0m0.968s
sys	0m0.252s
500+0 records in
500+0 records out
524288000 bytes (524 MB) copied, 1.0164 s, 516 MB/s
afbad591ee2b70ac94258fbc7fac3bf2  -

real	0m1.019s
user	0m0.950s
sys	0m0.257s
500+0 records in
500+0 records out
524288000 bytes (524 MB) copied, 1.02254 s, 513 MB/s
afbad591ee2b70ac94258fbc7fac3bf2  -

real	0m1.025s
user	0m0.920s
sys	0m0.297s
500+0 records in
500+0 records out
524288000 bytes (524 MB) copied, 1.03928 s, 504 MB/s
afbad591ee2b70ac94258fbc7fac3bf2  -

real	0m1.042s
user	0m0.965s
sys	0m0.268s
500+0 records in
500+0 records out
524288000 bytes (524 MB) copied, 1.02991 s, 509 MB/s
afbad591ee2b70ac94258fbc7fac3bf2  -

real	0m1.032s
user	0m0.960s
sys	0m0.260s
500+0 records in
500+0 records out
524288000 bytes (524 MB) copied, 1.04006 s, 504 MB/s
afbad591ee2b70ac94258fbc7fac3bf2  -

real	0m1.043s
user	0m0.948s
sys	0m0.278s
500+0 records in
500+0 records out
524288000 bytes (524 MB) copied, 0.967035 s, 542 MB/s
afbad591ee2b70ac94258fbc7fac3bf2  -

real	0m0.970s
user	0m0.886s
sys	0m0.255s
500+0 records in
500+0 records out
524288000 bytes (524 MB) copied, 0.976343 s, 537 MB/s
afbad591ee2b70ac94258fbc7fac3bf2  -

real	0m0.979s
user	0m0.916s
sys	0m0.239s
500+0 records in
500+0 records out
524288000 bytes (524 MB) copied, 0.960595 s, 546 MB/s
afbad591ee2b70ac94258fbc7fac3bf2  -

real	0m0.963s
user	0m0.892s
sys	0m0.242s
500+0 records in
500+0 records out
524288000 bytes (524 MB) copied, 0.973192 s, 539 MB/s
afbad591ee2b70ac94258fbc7fac3bf2  -

real	0m0.975s
user	0m0.899s
sys	0m0.252s
500+0 records in
500+0 records out
524288000 bytes (524 MB) copied, 0.998851 s, 525 MB/s
afbad591ee2b70ac94258fbc7fac3bf2  -

real	0m1.002s
user	0m0.907s
sys	0m0.274s
500+0 records in
500+0 records out
524288000 bytes (524 MB) copied, 1.0273 s, 510 MB/s
afbad591ee2b70ac94258fbc7fac3bf2  -

real	0m1.030s
user	0m0.939s
sys	0m0.281s
500+0 records in
500+0 records out
524288000 bytes (524 MB) copied, 0.98403 s, 533 MB/s
afbad591ee2b70ac94258fbc7fac3bf2  -

real	0m0.987s
user	0m0.919s
sys	0m0.247s
500+0 records in
500+0 records out
524288000 bytes (524 MB) copied, 1.02873 s, 510 MB/s
afbad591ee2b70ac94258fbc7fac3bf2  -

real	0m1.032s
user	0m0.926s
sys	0m0.297s
500+0 records in
500+0 records out
524288000 bytes (524 MB) copied, 1.02254 s, 513 MB/s
afbad591ee2b70ac94258fbc7fac3bf2  -

real	0m1.026s
user	0m0.929s
sys	0m0.290s
500+0 records in
500+0 records out
524288000 bytes (524 MB) copied, 0.96466 s, 543 MB/s
afbad591ee2b70ac94258fbc7fac3bf2  -

real	0m0.967s
user	0m0.898s
sys	0m0.247s
500+0 records in
500+0 records out
524288000 bytes (524 MB) copied, 1.01157 s, 518 MB/s
afbad591ee2b70ac94258fbc7fac3bf2  -

real	0m1.015s
user	0m0.904s
sys	0m0.297s
500+0 records in
500+0 records out
524288000 bytes (524 MB) copied, 1.01081 s, 519 MB/s
afbad591ee2b70ac94258fbc7fac3bf2  -

real	0m1.014s
user	0m0.920s
sys	0m0.276s
500+0 records in
500+0 records out
524288000 bytes (524 MB) copied, 1.03869 s, 505 MB/s
afbad591ee2b70ac94258fbc7fac3bf2  -

real	0m1.042s
user	0m0.938s
sys	0m0.295s
500+0 records in
500+0 records out
524288000 bytes (524 MB) copied, 1.06378 s, 493 MB/s
afbad591ee2b70ac94258fbc7fac3bf2  -

real	0m1.067s
user	0m0.957s
sys	0m0.302s
500+0 records in
500+0 records out
524288000 bytes (524 MB) copied, 0.983926 s, 533 MB/s
afbad591ee2b70ac94258fbc7fac3bf2  -

real	0m0.987s
user	0m0.905s
sys	0m0.262s
500+0 records in
500+0 records out
524288000 bytes (524 MB) copied, 1.01366 s, 517 MB/s
afbad591ee2b70ac94258fbc7fac3bf2  -

real	0m1.017s
user	0m0.901s
sys	0m0.302s
500+0 records in
500+0 records out
524288000 bytes (524 MB) copied, 0.981712 s, 534 MB/s
afbad591ee2b70ac94258fbc7fac3bf2  -

real	0m0.985s
user	0m0.897s
sys	0m0.270s
500+0 records in
500+0 records out
524288000 bytes (524 MB) copied, 1.00157 s, 523 MB/s
afbad591ee2b70ac94258fbc7fac3bf2  -

real	0m1.005s
user	0m0.921s
sys	0m0.268s
500+0 records in
500+0 records out
524288000 bytes (524 MB) copied, 0.990903 s, 529 MB/s
afbad591ee2b70ac94258fbc7fac3bf2  -

real	0m0.994s
user	0m0.895s
sys	0m0.281s
500+0 records in
500+0 records out
524288000 bytes (524 MB) copied, 0.977279 s, 536 MB/s
afbad591ee2b70ac94258fbc7fac3bf2  -

real	0m0.980s
user	0m0.895s
sys	0m0.263s
500+0 records in
500+0 records out
524288000 bytes (524 MB) copied, 1.05384 s, 498 MB/s
afbad591ee2b70ac94258fbc7fac3bf2  -

real	0m1.057s
user	0m0.961s
sys	0m0.284s
500+0 records in
500+0 records out
524288000 bytes (524 MB) copied, 1.01116 s, 519 MB/s
afbad591ee2b70ac94258fbc7fac3bf2  -

real	0m1.014s
user	0m0.913s
sys	0m0.283s
500+0 records in
500+0 records out
524288000 bytes (524 MB) copied, 1.01007 s, 519 MB/s
afbad591ee2b70ac94258fbc7fac3bf2  -

real	0m1.013s
user	0m0.909s
sys	0m0.284s
500+0 records in
500+0 records out
524288000 bytes (524 MB) copied, 0.995139 s, 527 MB/s
afbad591ee2b70ac94258fbc7fac3bf2  -

real	0m0.998s
user	0m0.896s
sys	0m0.283s
500+0 records in
500+0 records out
524288000 bytes (524 MB) copied, 0.991616 s, 529 MB/s
afbad591ee2b70ac94258fbc7fac3bf2  -

real	0m0.995s
user	0m0.901s
sys	0m0.276s
500+0 records in
500+0 records out
524288000 bytes (524 MB) copied, 0.958318 s, 547 MB/s
afbad591ee2b70ac94258fbc7fac3bf2  -

real	0m0.961s
user	0m0.897s
sys	0m0.242s
500+0 records in
500+0 records out
524288000 bytes (524 MB) copied, 0.994592 s, 527 MB/s
afbad591ee2b70ac94258fbc7fac3bf2  -

real	0m0.997s
user	0m0.904s
sys	0m0.274s
500+0 records in
500+0 records out
524288000 bytes (524 MB) copied, 0.992462 s, 528 MB/s
afbad591ee2b70ac94258fbc7fac3bf2  -

real	0m0.995s
user	0m0.902s
sys	0m0.277s
500+0 records in
500+0 records out
524288000 bytes (524 MB) copied, 1.01404 s, 517 MB/s
afbad591ee2b70ac94258fbc7fac3bf2  -

real	0m1.017s
user	0m0.930s
sys	0m0.270s
500+0 records in
500+0 records out
524288000 bytes (524 MB) copied, 1.04297 s, 503 MB/s
afbad591ee2b70ac94258fbc7fac3bf2  -

real	0m1.046s
user	0m0.947s
sys	0m0.287s
500+0 records in
500+0 records out
524288000 bytes (524 MB) copied, 0.989885 s, 530 MB/s
afbad591ee2b70ac94258fbc7fac3bf2  -

real	0m0.993s
user	0m0.917s
sys	0m0.259s
500+0 records in
500+0 records out
524288000 bytes (524 MB) copied, 0.958732 s, 547 MB/s
afbad591ee2b70ac94258fbc7fac3bf2  -

real	0m0.962s
user	0m0.889s
sys	0m0.249s
500+0 records in
500+0 records out
524288000 bytes (524 MB) copied, 0.996168 s, 526 MB/s
afbad591ee2b70ac94258fbc7fac3bf2  -

real	0m0.999s
user	0m0.898s
sys	0m0.279s
500+0 records in
500+0 records out
524288000 bytes (524 MB) copied, 1.0125 s, 518 MB/s
afbad591ee2b70ac94258fbc7fac3bf2  -

real	0m1.015s
user	0m0.929s
sys	0m0.274s
500+0 records in
500+0 records out
524288000 bytes (524 MB) copied, 1.00501 s, 522 MB/s
afbad591ee2b70ac94258fbc7fac3bf2  -

real	0m1.008s
user	0m0.911s
sys	0m0.282s
500+0 records in
500+0 records out
524288000 bytes (524 MB) copied, 1.0431 s, 503 MB/s
afbad591ee2b70ac94258fbc7fac3bf2  -

real	0m1.046s
user	0m0.934s
sys	0m0.301s
500+0 records in
500+0 records out
524288000 bytes (524 MB) copied, 1.039 s, 505 MB/s
afbad591ee2b70ac94258fbc7fac3bf2  -

real	0m1.042s
user	0m0.952s
sys	0m0.279s
500+0 records in
500+0 records out
524288000 bytes (524 MB) copied, 0.990045 s, 530 MB/s
afbad591ee2b70ac94258fbc7fac3bf2  -

real	0m0.993s
user	0m0.913s
sys	0m0.265s
500+0 records in
500+0 records out
524288000 bytes (524 MB) copied, 1.01562 s, 516 MB/s
afbad591ee2b70ac94258fbc7fac3bf2  -

real	0m1.018s
user	0m0.928s
sys	0m0.275s
500+0 records in
500+0 records out
524288000 bytes (524 MB) copied, 0.986253 s, 532 MB/s
afbad591ee2b70ac94258fbc7fac3bf2  -

real	0m0.990s
user	0m0.899s
sys	0m0.271s
500+0 records in
500+0 records out
524288000 bytes (524 MB) copied, 0.995877 s, 526 MB/s
afbad591ee2b70ac94258fbc7fac3bf2  -

real	0m0.999s
user	0m0.916s
sys	0m0.266s
500+0 records in
500+0 records out
524288000 bytes (524 MB) copied, 0.995838 s, 526 MB/s
afbad591ee2b70ac94258fbc7fac3bf2  -

real	0m0.999s
user	0m0.916s
sys	0m0.265s
500+0 records in
500+0 records out
524288000 bytes (524 MB) copied, 1.03364 s, 507 MB/s
afbad591ee2b70ac94258fbc7fac3bf2  -

real	0m1.036s
user	0m0.945s
sys	0m0.281s
500+0 records in
500+0 records out
524288000 bytes (524 MB) copied, 1.07449 s, 488 MB/s
afbad591ee2b70ac94258fbc7fac3bf2  -

real	0m1.078s
user	0m0.985s
sys	0m0.282s
500+0 records in
500+0 records out
524288000 bytes (524 MB) copied, 1.00109 s, 524 MB/s
afbad591ee2b70ac94258fbc7fac3bf2  -

real	0m1.004s
user	0m0.910s
sys	0m0.275s
500+0 records in
500+0 records out
524288000 bytes (524 MB) copied, 1.00976 s, 519 MB/s
afbad591ee2b70ac94258fbc7fac3bf2  -

real	0m1.013s
user	0m0.906s
sys	0m0.292s
500+0 records in
500+0 records out
524288000 bytes (524 MB) copied, 1.00122 s, 524 MB/s
afbad591ee2b70ac94258fbc7fac3bf2  -

real	0m1.004s
user	0m0.929s
sys	0m0.263s
500+0 records in
500+0 records out
524288000 bytes (524 MB) copied, 1.00697 s, 521 MB/s
afbad591ee2b70ac94258fbc7fac3bf2  -

real	0m1.010s
user	0m0.919s
sys	0m0.276s
500+0 records in
500+0 records out
524288000 bytes (524 MB) copied, 1.02427 s, 512 MB/s
afbad591ee2b70ac94258fbc7fac3bf2  -

real	0m1.027s
user	0m0.916s
sys	0m0.296s
500+0 records in
500+0 records out
524288000 bytes (524 MB) copied, 0.986113 s, 532 MB/s
afbad591ee2b70ac94258fbc7fac3bf2  -

real	0m0.989s
user	0m0.912s
sys	0m0.257s
500+0 records in
500+0 records out
524288000 bytes (524 MB) copied, 1.01103 s, 519 MB/s
afbad591ee2b70ac94258fbc7fac3bf2  -

real	0m1.014s
user	0m0.913s
sys	0m0.283s
500+0 records in
500+0 records out
524288000 bytes (524 MB) copied, 0.995114 s, 527 MB/s
afbad591ee2b70ac94258fbc7fac3bf2  -

real	0m0.998s
user	0m0.907s
sys	0m0.271s
500+0 records in
500+0 records out
524288000 bytes (524 MB) copied, 0.987959 s, 531 MB/s
afbad591ee2b70ac94258fbc7fac3bf2  -

real	0m0.991s
user	0m0.907s
sys	0m0.271s
500+0 records in
500+0 records out
524288000 bytes (524 MB) copied, 0.997556 s, 526 MB/s
afbad591ee2b70ac94258fbc7fac3bf2  -

real	0m1.001s
user	0m0.906s
sys	0m0.277s
500+0 records in
500+0 records out
524288000 bytes (524 MB) copied, 1.0193 s, 514 MB/s
afbad591ee2b70ac94258fbc7fac3bf2  -

real	0m1.022s
user	0m0.919s
sys	0m0.288s
500+0 records in
500+0 records out
524288000 bytes (524 MB) copied, 1.01883 s, 515 MB/s
afbad591ee2b70ac94258fbc7fac3bf2  -

real	0m1.022s
user	0m0.906s
sys	0m0.298s
500+0 records in
500+0 records out
524288000 bytes (524 MB) copied, 0.994904 s, 527 MB/s
afbad591ee2b70ac94258fbc7fac3bf2  -

real	0m0.998s
user	0m0.899s
sys	0m0.283s
500+0 records in
500+0 records out
524288000 bytes (524 MB) copied, 1.02258 s, 513 MB/s
afbad591ee2b70ac94258fbc7fac3bf2  -

real	0m1.026s
user	0m0.927s
sys	0m0.283s
500+0 records in
500+0 records out
524288000 bytes (524 MB) copied, 1.01955 s, 514 MB/s
afbad591ee2b70ac94258fbc7fac3bf2  -

real	0m1.023s
user	0m0.927s
sys	0m0.284s
500+0 records in
500+0 records out
524288000 bytes (524 MB) copied, 0.972432 s, 539 MB/s
afbad591ee2b70ac94258fbc7fac3bf2  -

real	0m0.976s
user	0m0.893s
sys	0m0.262s
500+0 records in
500+0 records out
524288000 bytes (524 MB) copied, 1.00252 s, 523 MB/s
afbad591ee2b70ac94258fbc7fac3bf2  -

real	0m1.006s
user	0m0.925s
sys	0m0.261s
500+0 records in
500+0 records out
524288000 bytes (524 MB) copied, 1.0038 s, 522 MB/s
afbad591ee2b70ac94258fbc7fac3bf2  -

real	0m1.007s
user	0m0.936s
sys	0m0.260s
500+0 records in
500+0 records out
524288000 bytes (524 MB) copied, 1.0097 s, 519 MB/s
afbad591ee2b70ac94258fbc7fac3bf2  -

real	0m1.012s
user	0m0.903s
sys	0m0.291s
500+0 records in
500+0 records out
524288000 bytes (524 MB) copied, 1.00029 s, 524 MB/s
afbad591ee2b70ac94258fbc7fac3bf2  -

real	0m1.003s
user	0m0.896s
sys	0m0.293s
500+0 records in
500+0 records out
524288000 bytes (524 MB) copied, 0.966588 s, 542 MB/s
afbad591ee2b70ac94258fbc7fac3bf2  -

real	0m0.970s
user	0m0.892s
sys	0m0.252s
500+0 records in
500+0 records out
524288000 bytes (524 MB) copied, 0.978692 s, 536 MB/s
afbad591ee2b70ac94258fbc7fac3bf2  -

real	0m0.982s
user	0m0.894s
sys	0m0.263s
500+0 records in
500+0 records out
524288000 bytes (524 MB) copied, 1.00137 s, 524 MB/s
afbad591ee2b70ac94258fbc7fac3bf2  -

real	0m1.004s
user	0m0.896s
sys	0m0.291s
500+0 records in
500+0 records out
524288000 bytes (524 MB) copied, 0.980219 s, 535 MB/s
afbad591ee2b70ac94258fbc7fac3bf2  -

real	0m0.983s
user	0m0.905s
sys	0m0.257s
500+0 records in
500+0 records out
524288000 bytes (524 MB) copied, 1.03704 s, 506 MB/s
afbad591ee2b70ac94258fbc7fac3bf2  -

real	0m1.040s
user	0m0.962s
sys	0m0.266s
500+0 records in
500+0 records out
524288000 bytes (524 MB) copied, 1.03093 s, 509 MB/s
afbad591ee2b70ac94258fbc7fac3bf2  -

real	0m1.034s
user	0m0.930s
sys	0m0.308s
500+0 records in
500+0 records out
524288000 bytes (524 MB) copied, 0.972095 s, 539 MB/s
afbad591ee2b70ac94258fbc7fac3bf2  -

real	0m0.975s
user	0m0.906s
sys	0m0.245s
500+0 records in
500+0 records out
524288000 bytes (524 MB) copied, 0.976255 s, 537 MB/s
afbad591ee2b70ac94258fbc7fac3bf2  -

real	0m0.979s
user	0m0.893s
sys	0m0.265s
500+0 records in
500+0 records out
524288000 bytes (524 MB) copied, 1.0294 s, 509 MB/s
afbad591ee2b70ac94258fbc7fac3bf2  -

real	0m1.032s
user	0m0.917s
sys	0m0.306s
500+0 records in
500+0 records out
524288000 bytes (524 MB) copied, 0.959125 s, 547 MB/s
afbad591ee2b70ac94258fbc7fac3bf2  -

real	0m0.962s
user	0m0.892s
sys	0m0.246s
500+0 records in
500+0 records out
524288000 bytes (524 MB) copied, 1.01608 s, 516 MB/s
afbad591ee2b70ac94258fbc7fac3bf2  -

real	0m1.019s
user	0m0.904s
sys	0m0.299s
500+0 records in
500+0 records out
524288000 bytes (524 MB) copied, 0.964158 s, 544 MB/s
afbad591ee2b70ac94258fbc7fac3bf2  -

real	0m0.967s
user	0m0.900s
sys	0m0.246s
500+0 records in
500+0 records out
524288000 bytes (524 MB) copied, 1.02516 s, 511 MB/s
afbad591ee2b70ac94258fbc7fac3bf2  -

real	0m1.028s
user	0m0.941s
sys	0m0.271s
500+0 records in
500+0 records out
524288000 bytes (524 MB) copied, 1.01032 s, 519 MB/s
afbad591ee2b70ac94258fbc7fac3bf2  -

real	0m1.013s
user	0m0.929s
sys	0m0.274s
500+0 records in
500+0 records out
524288000 bytes (524 MB) copied, 0.97535 s, 538 MB/s
afbad591ee2b70ac94258fbc7fac3bf2  -

real	0m0.978s
user	0m0.894s
sys	0m0.260s
500+0 records in
500+0 records out
afbad591ee2b70ac94258fbc7fac3bf2  -
524288000 bytes (524 MB) copied, 1.04057 s, 504 MB/s

real	0m1.043s
user	0m0.939s
sys	0m0.290s
500+0 records in
500+0 records out
524288000 bytes (524 MB) copied, 0.960472 s, 546 MB/s
afbad591ee2b70ac94258fbc7fac3bf2  -

real	0m0.963s
user	0m0.882s
sys	0m0.258s
500+0 records in
500+0 records out
524288000 bytes (524 MB) copied, 0.994086 s, 527 MB/s
afbad591ee2b70ac94258fbc7fac3bf2  -

real	0m0.997s
user	0m0.906s
sys	0m0.275s
500+0 records in
500+0 records out
524288000 bytes (524 MB) copied, 1.01725 s, 515 MB/s
afbad591ee2b70ac94258fbc7fac3bf2  -

real	0m1.020s
user	0m0.912s
sys	0m0.290s
500+0 records in
500+0 records out
524288000 bytes (524 MB) copied, 0.97616 s, 537 MB/s
afbad591ee2b70ac94258fbc7fac3bf2  -

real	0m0.979s
user	0m0.903s
sys	0m0.256s
500+0 records in
500+0 records out
524288000 bytes (524 MB) copied, 0.989115 s, 530 MB/s
afbad591ee2b70ac94258fbc7fac3bf2  -

real	0m0.992s
user	0m0.910s
sys	0m0.264s
500+0 records in
500+0 records out
524288000 bytes (524 MB) copied, 0.992563 s, 528 MB/s
afbad591ee2b70ac94258fbc7fac3bf2  -

real	0m0.996s
user	0m0.907s
sys	0m0.278s
500+0 records in
500+0 records out
524288000 bytes (524 MB) copied, 0.996753 s, 526 MB/s
afbad591ee2b70ac94258fbc7fac3bf2  -

real	0m1.000s
user	0m0.904s
sys	0m0.282s
500+0 records in
500+0 records out
524288000 bytes (524 MB) copied, 0.999706 s, 524 MB/s
afbad591ee2b70ac94258fbc7fac3bf2  -

real	0m1.003s
user	0m0.902s
sys	0m0.288s
500+0 records in
500+0 records out
524288000 bytes (524 MB) copied, 0.982919 s, 533 MB/s
afbad591ee2b70ac94258fbc7fac3bf2  -

real	0m0.986s
user	0m0.906s
sys	0m0.263s
500+0 records in
500+0 records out
524288000 bytes (524 MB) copied, 0.990899 s, 529 MB/s
afbad591ee2b70ac94258fbc7fac3bf2  -

real	0m0.994s
user	0m0.927s
sys	0m0.249s
500+0 records in
500+0 records out
524288000 bytes (524 MB) copied, 0.985533 s, 532 MB/s
afbad591ee2b70ac94258fbc7fac3bf2  -

real	0m0.989s
user	0m0.909s
sys	0m0.265s
500+0 records in
500+0 records out
524288000 bytes (524 MB) copied, 1.01655 s, 516 MB/s
afbad591ee2b70ac94258fbc7fac3bf2  -

real	0m1.020s
user	0m0.925s
sys	0m0.278s
500+0 records in
500+0 records out
524288000 bytes (524 MB) copied, 1.03166 s, 508 MB/s
afbad591ee2b70ac94258fbc7fac3bf2  -

real	0m1.035s
user	0m0.934s
sys	0m0.288s
500+0 records in
500+0 records out
524288000 bytes (524 MB) copied, 0.993141 s, 528 MB/s
afbad591ee2b70ac94258fbc7fac3bf2  -

real	0m0.996s
user	0m0.918s
sys	0m0.262s
500+0 records in
500+0 records out
524288000 bytes (524 MB) copied, 1.00331 s, 523 MB/s
afbad591ee2b70ac94258fbc7fac3bf2  -

real	0m1.006s
user	0m0.905s
sys	0m0.282s
500+0 records in
500+0 records out
524288000 bytes (524 MB) copied, 0.998467 s, 525 MB/s
afbad591ee2b70ac94258fbc7fac3bf2  -

real	0m1.002s
user	0m0.911s
sys	0m0.274s
500+0 records in
500+0 records out
524288000 bytes (524 MB) copied, 0.983919 s, 533 MB/s
afbad591ee2b70ac94258fbc7fac3bf2  -

real	0m0.987s
user	0m0.911s
sys	0m0.256s
500+0 records in
500+0 records out
524288000 bytes (524 MB) copied, 0.994515 s, 527 MB/s
afbad591ee2b70ac94258fbc7fac3bf2  -

real	0m0.997s
user	0m0.908s
sys	0m0.270s
500+0 records in
500+0 records out
524288000 bytes (524 MB) copied, 1.02151 s, 513 MB/s
afbad591ee2b70ac94258fbc7fac3bf2  -

real	0m1.025s
user	0m0.923s
sys	0m0.284s
500+0 records in
500+0 records out
524288000 bytes (524 MB) copied, 1.04925 s, 500 MB/s
afbad591ee2b70ac94258fbc7fac3bf2  -

real	0m1.052s
user	0m0.953s
sys	0m0.289s
500+0 records in
500+0 records out
524288000 bytes (524 MB) copied, 1.00138 s, 524 MB/s
afbad591ee2b70ac94258fbc7fac3bf2  -

real	0m1.004s
user	0m0.907s
sys	0m0.279s
500+0 records in
500+0 records out
524288000 bytes (524 MB) copied, 1.04111 s, 504 MB/s
afbad591ee2b70ac94258fbc7fac3bf2  -

real	0m1.044s
user	0m0.942s
sys	0m0.291s
500+0 records in
500+0 records out
524288000 bytes (524 MB) copied, 1.01852 s, 515 MB/s
afbad591ee2b70ac94258fbc7fac3bf2  -

real	0m1.021s
user	0m0.930s
sys	0m0.280s
500+0 records in
500+0 records out
524288000 bytes (524 MB) copied, 1.00936 s, 519 MB/s
afbad591ee2b70ac94258fbc7fac3bf2  -

real	0m1.013s
user	0m0.915s
sys	0m0.277s
500+0 records in
500+0 records out
524288000 bytes (524 MB) copied, 0.993683 s, 528 MB/s
afbad591ee2b70ac94258fbc7fac3bf2  -

real	0m0.997s
user	0m0.909s
sys	0m0.272s
500+0 records in
500+0 records out
524288000 bytes (524 MB) copied, 0.96941 s, 541 MB/s
afbad591ee2b70ac94258fbc7fac3bf2  -

real	0m0.972s
user	0m0.897s
sys	0m0.257s
500+0 records in
500+0 records out
524288000 bytes (524 MB) copied, 1.00608 s, 521 MB/s
afbad591ee2b70ac94258fbc7fac3bf2  -

real	0m1.009s
user	0m0.901s
sys	0m0.288s
500+0 records in
500+0 records out
524288000 bytes (524 MB) copied, 1.01006 s, 519 MB/s
afbad591ee2b70ac94258fbc7fac3bf2  -

real	0m1.013s
user	0m0.919s
sys	0m0.275s
500+0 records in
500+0 records out
524288000 bytes (524 MB) copied, 0.998995 s, 525 MB/s
afbad591ee2b70ac94258fbc7fac3bf2  -

real	0m1.002s
user	0m0.912s
sys	0m0.273s
500+0 records in
500+0 records out
524288000 bytes (524 MB) copied, 0.986528 s, 531 MB/s
afbad591ee2b70ac94258fbc7fac3bf2  -

real	0m0.989s
user	0m0.910s
sys	0m0.262s
500+0 records in
500+0 records out
524288000 bytes (524 MB) copied, 0.974921 s, 538 MB/s
afbad591ee2b70ac94258fbc7fac3bf2  -

real	0m0.978s
user	0m0.889s
sys	0m0.274s
500+0 records in
500+0 records out
524288000 bytes (524 MB) copied, 1.02958 s, 509 MB/s
afbad591ee2b70ac94258fbc7fac3bf2  -

real	0m1.032s
user	0m0.923s
sys	0m0.295s
500+0 records in
500+0 records out
524288000 bytes (524 MB) copied, 1.04192 s, 503 MB/s
afbad591ee2b70ac94258fbc7fac3bf2  -

real	0m1.045s
user	0m0.950s
sys	0m0.280s
500+0 records in
500+0 records out
524288000 bytes (524 MB) copied, 1.0323 s, 508 MB/s
afbad591ee2b70ac94258fbc7fac3bf2  -

real	0m1.035s
user	0m0.945s
sys	0m0.274s
500+0 records in
500+0 records out
524288000 bytes (524 MB) copied, 0.992342 s, 528 MB/s
afbad591ee2b70ac94258fbc7fac3bf2  -

real	0m0.995s
user	0m0.898s
sys	0m0.277s
500+0 records in
500+0 records out
524288000 bytes (524 MB) copied, 0.971878 s, 539 MB/s
afbad591ee2b70ac94258fbc7fac3bf2  -

real	0m0.974s
user	0m0.883s
sys	0m0.269s
500+0 records in
500+0 records out
524288000 bytes (524 MB) copied, 1.0073 s, 520 MB/s
afbad591ee2b70ac94258fbc7fac3bf2  -

real	0m1.010s
user	0m0.926s
sys	0m0.268s
500+0 records in
500+0 records out
524288000 bytes (524 MB) copied, 1.00793 s, 520 MB/s
afbad591ee2b70ac94258fbc7fac3bf2  -

real	0m1.010s
user	0m0.922s
sys	0m0.270s
500+0 records in
500+0 records out
524288000 bytes (524 MB) copied, 1.06881 s, 491 MB/s
afbad591ee2b70ac94258fbc7fac3bf2  -

real	0m1.072s
user	0m0.974s
sys	0m0.289s
500+0 records in
500+0 records out
524288000 bytes (524 MB) copied, 1.05774 s, 496 MB/s
afbad591ee2b70ac94258fbc7fac3bf2  -

real	0m1.061s
user	0m0.955s
sys	0m0.293s
500+0 records in
500+0 records out
524288000 bytes (524 MB) copied, 1.02625 s, 511 MB/s
afbad591ee2b70ac94258fbc7fac3bf2  -

real	0m1.029s
user	0m0.920s
sys	0m0.294s
500+0 records in
500+0 records out
524288000 bytes (524 MB) copied, 1.02018 s, 514 MB/s
afbad591ee2b70ac94258fbc7fac3bf2  -

real	0m1.023s
user	0m0.921s
sys	0m0.286s
500+0 records in
500+0 records out
524288000 bytes (524 MB) copied, 1.04189 s, 503 MB/s
afbad591ee2b70ac94258fbc7fac3bf2  -

real	0m1.045s
user	0m0.959s
sys	0m0.276s
500+0 records in
500+0 records out
524288000 bytes (524 MB) copied, 1.00386 s, 522 MB/s
afbad591ee2b70ac94258fbc7fac3bf2  -

real	0m1.007s
user	0m0.905s
sys	0m0.283s
500+0 records in
500+0 records out
524288000 bytes (524 MB) copied, 1.02004 s, 514 MB/s
afbad591ee2b70ac94258fbc7fac3bf2  -

real	0m1.023s
user	0m0.917s
sys	0m0.288s
500+0 records in
500+0 records out
524288000 bytes (524 MB) copied, 0.985239 s, 532 MB/s
afbad591ee2b70ac94258fbc7fac3bf2  -

real	0m0.988s
user	0m0.904s
sys	0m0.267s
500+0 records in
500+0 records out
524288000 bytes (524 MB) copied, 1.02158 s, 513 MB/s
afbad591ee2b70ac94258fbc7fac3bf2  -

real	0m1.025s
user	0m0.916s
sys	0m0.292s
500+0 records in
500+0 records out
524288000 bytes (524 MB) copied, 1.01231 s, 518 MB/s
afbad591ee2b70ac94258fbc7fac3bf2  -

real	0m1.015s
user	0m0.914s
sys	0m0.285s
500+0 records in
500+0 records out
524288000 bytes (524 MB) copiedafbad591ee2b70ac94258fbc7fac3bf2  -
, 1.02727 s, 510 MB/s

real	0m1.030s
user	0m0.941s
sys	0m0.273s
500+0 records in
500+0 records out
524288000 bytes (524 MB) copied, 1.03498 s, 507 MB/s
afbad591ee2b70ac94258fbc7fac3bf2  -

real	0m1.038s
user	0m0.947s
sys	0m0.280s
500+0 records in
500+0 records out
524288000 bytes (524 MB) copied, 1.04112 s, 504 MB/s
afbad591ee2b70ac94258fbc7fac3bf2  -

real	0m1.044s
user	0m0.937s
sys	0m0.299s
500+0 records in
500+0 records out
524288000 bytes (524 MB) copied, 1.06582 s, 492 MB/s
afbad591ee2b70ac94258fbc7fac3bf2  -

real	0m1.069s
user	0m0.976s
sys	0m0.284s
500+0 records in
500+0 records out
524288000 bytes (524 MB) copied, 0.958413 s, 547 MB/s
afbad591ee2b70ac94258fbc7fac3bf2  -

real	0m0.961s
user	0m0.892s
sys	0m0.246s
500+0 records in
500+0 records out
524288000 bytes (524 MB) copied, 1.01049 s, 519 MB/s
afbad591ee2b70ac94258fbc7fac3bf2  -

real	0m1.014s
user	0m0.916s
sys	0m0.285s
500+0 records in
500+0 records out
524288000 bytes (524 MB) copied, 1.05569 s, 497 MB/s
afbad591ee2b70ac94258fbc7fac3bf2  -

real	0m1.059s
user	0m0.953s
sys	0m0.294s
500+0 records in
500+0 records out
524288000 bytes (524 MB) copied, 1.03128 s, 508 MB/s
afbad591ee2b70ac94258fbc7fac3bf2  -

real	0m1.034s
user	0m0.949s
sys	0m0.270s
500+0 records in
500+0 records out
524288000 bytes (524 MB) copied, 1.01195 s, 518 MB/s
afbad591ee2b70ac94258fbc7fac3bf2  -

real	0m1.015s
user	0m0.898s
sys	0m0.297s
500+0 records in
500+0 records out
524288000 bytes (524 MB) copied, 1.01762 s, 515 MB/s
afbad591ee2b70ac94258fbc7fac3bf2  -

real	0m1.021s
user	0m0.927s
sys	0m0.280s
500+0 records in
500+0 records out
524288000 bytes (524 MB) copied, 1.03123 s, 508 MB/s
afbad591ee2b70ac94258fbc7fac3bf2  -

real	0m1.034s
user	0m0.938s
sys	0m0.282s
500+0 records in
500+0 records out
524288000 bytes (524 MB) copied, 1.00308 s, 523 MB/s
afbad591ee2b70ac94258fbc7fac3bf2  -

real	0m1.006s
user	0m0.902s
sys	0m0.287s
500+0 records in
500+0 records out
524288000 bytes (524 MB) copied, 1.05051 s, 499 MB/s
afbad591ee2b70ac94258fbc7fac3bf2  -

real	0m1.054s
user	0m0.956s
sys	0m0.297s
500+0 records in
500+0 records out
524288000 bytes (524 MB) copied, 1.02064 s, 514 MB/s
afbad591ee2b70ac94258fbc7fac3bf2  -

real	0m1.024s
user	0m0.943s
sys	0m0.268s
500+0 records in
500+0 records out
524288000 bytes (524 MB) copied, 1.02137 s, 513 MB/s
afbad591ee2b70ac94258fbc7fac3bf2  -

real	0m1.024s
user	0m0.931s
sys	0m0.279s
500+0 records in
500+0 records out
524288000 bytes (524 MB) copied, 1.02228 s, 513 MB/s
afbad591ee2b70ac94258fbc7fac3bf2  -

real	0m1.026s
user	0m0.931s
sys	0m0.278s
500+0 records in
500+0 records out
524288000 bytes (524 MB) copied, 1.00495 s, 522 MB/s
afbad591ee2b70ac94258fbc7fac3bf2  -

real	0m1.008s
user	0m0.894s
sys	0m0.296s
500+0 records in
500+0 records out
524288000 bytes (524 MB) copied, 1.04867 s, 500 MB/s
afbad591ee2b70ac94258fbc7fac3bf2  -

real	0m1.052s
user	0m0.960s
sys	0m0.283s
500+0 records in
500+0 records out
524288000 bytes (524 MB) copied, 1.03717 s, 505 MB/s
afbad591ee2b70ac94258fbc7fac3bf2  -

real	0m1.040s
user	0m0.951s
sys	0m0.275s
500+0 records in
500+0 records out
524288000 bytes (524 MB) copied, 1.02461 s, 512 MB/s
afbad591ee2b70ac94258fbc7fac3bf2  -

real	0m1.028s
user	0m0.949s
sys	0m0.270s
500+0 records in
500+0 records out
524288000 bytes (524 MB) copied, 1.01797 s, 515 MB/s
afbad591ee2b70ac94258fbc7fac3bf2  -

real	0m1.021s
user	0m0.935s
sys	0m0.276s
500+0 records in
500+0 records out
524288000 bytes (524 MB) copied, 0.960968 s, 546 MB/s
afbad591ee2b70ac94258fbc7fac3bf2  -

real	0m0.964s
user	0m0.883s
sys	0m0.257s
500+0 records in
500+0 records out
524288000 bytes (524 MB) copied, 0.958848 s, 547 MB/s
afbad591ee2b70ac94258fbc7fac3bf2  -

real	0m0.962s
user	0m0.895s
sys	0m0.244s
500+0 records in
500+0 records out
524288000 bytes (524 MB) copied, 0.977787 s, 536 MB/s
afbad591ee2b70ac94258fbc7fac3bf2  -

real	0m0.981s
user	0m0.893s
sys	0m0.270s
500+0 records in
500+0 records out
524288000 bytes (524 MB) copied, 1.06719 s, 491 MB/s
afbad591ee2b70ac94258fbc7fac3bf2  -

real	0m1.070s
user	0m0.955s
sys	0m0.308s
500+0 records in
500+0 records out
524288000 bytes (524 MB) copied, 0.978205 s, 536 MB/s
afbad591ee2b70ac94258fbc7fac3bf2  -

real	0m0.981s
user	0m0.894s
sys	0m0.265s
500+0 records in
500+0 records out
524288000 bytes (524 MB) copied, 1.03022 s, 509 MB/s
afbad591ee2b70ac94258fbc7fac3bf2  -

real	0m1.033s
user	0m0.926s
sys	0m0.295s
500+0 records in
500+0 records out
524288000 bytes (524 MB) copied, 1.09484 s, 479 MB/s
afbad591ee2b70ac94258fbc7fac3bf2  -

real	0m1.098s
user	0m0.968s
sys	0m0.327s
500+0 records in
500+0 records out
524288000 bytes (524 MB) copied, 0.981725 s, 534 MB/s
afbad591ee2b70ac94258fbc7fac3bf2  -

real	0m0.984s
user	0m0.876s
sys	0m0.284s
500+0 records in
500+0 records out
524288000 bytes (524 MB) copied, 0.970016 s, 540 MB/s
afbad591ee2b70ac94258fbc7fac3bf2  -

real	0m0.973s
user	0m0.886s
sys	0m0.264s
500+0 records in
500+0 records out
524288000 bytes (524 MB) copied, 1.02306 s, 512 MB/s
afbad591ee2b70ac94258fbc7fac3bf2  -

real	0m1.026s
user	0m0.928s
sys	0m0.288s
500+0 records in
500+0 records out
524288000 bytes (524 MB) copied, 0.974802 s, 538 MB/s
afbad591ee2b70ac94258fbc7fac3bf2  -

real	0m0.978s
user	0m0.895s
sys	0m0.265s
500+0 records in
500+0 records out
524288000 bytes (524 MB) copied, 1.06576 s, 492 MB/s
afbad591ee2b70ac94258fbc7fac3bf2  -

real	0m1.069s
user	0m0.966s
sys	0m0.309s
500+0 records in
500+0 records out
524288000 bytes (524 MB) copied, 0.963722 s, 544 MB/s
afbad591ee2b70ac94258fbc7fac3bf2  -

real	0m0.966s
user	0m0.880s
sys	0m0.264s
500+0 records in
500+0 records out
524288000 bytes (524 MB) copied, 0.982154 s, 534 MB/s
afbad591ee2b70ac94258fbc7fac3bf2  -

real	0m0.985s
user	0m0.908s
sys	0m0.263s
500+0 records in
500+0 records out
524288000 bytes (524 MB) copied, 0.972571 s, 539 MB/s
afbad591ee2b70ac94258fbc7fac3bf2  -

real	0m0.975s
user	0m0.888s
sys	0m0.265s
500+0 records in
500+0 records out
524288000 bytes (524 MB) copied, 0.962276 s, 545 MB/s
afbad591ee2b70ac94258fbc7fac3bf2  -

real	0m0.965s
user	0m0.889s
sys	0m0.253s
500+0 records in
500+0 records out
524288000 bytes (524 MB) copied, 0.962595 s, 545 MB/s
afbad591ee2b70ac94258fbc7fac3bf2  -

real	0m0.966s
user	0m0.894s
sys	0m0.250s
500+0 records in
500+0 records out
524288000 bytes (524 MB) copied, 1.0498 s, 499 MB/s
afbad591ee2b70ac94258fbc7fac3bf2  -

real	0m1.053s
user	0m0.954s
sys	0m0.289s
500+0 records in
500+0 records out
524288000 bytes (524 MB) copied, 1.00132 s, 524 MB/s
afbad591ee2b70ac94258fbc7fac3bf2  -

real	0m1.004s
user	0m0.915s
sys	0m0.275s
500+0 records in
500+0 records out
524288000 bytes (524 MB) copied, 1.02561 s, 511 MB/s
afbad591ee2b70ac94258fbc7fac3bf2  -

real	0m1.029s
user	0m0.928s
sys	0m0.289s
500+0 records in
500+0 records out
524288000 bytes (524 MB) copied, 0.994915 s, 527 MB/s
afbad591ee2b70ac94258fbc7fac3bf2  -

real	0m0.998s
user	0m0.900s
sys	0m0.280s
500+0 records in
500+0 records out
524288000 bytes (524 MB) copied, 0.994316 s, 527 MB/s
afbad591ee2b70ac94258fbc7fac3bf2  -

real	0m0.997s
user	0m0.918s
sys	0m0.264s
500+0 records in
500+0 records out
524288000 bytes (524 MB) copied, 1.02212 s, 513 MB/s
afbad591ee2b70ac94258fbc7fac3bf2  -

real	0m1.025s
user	0m0.923s
sys	0m0.285s
500+0 records in
500+0 records out
524288000 bytes (524 MB) copied, 1.03576 s, 506 MB/s
afbad591ee2b70ac94258fbc7fac3bf2  -

real	0m1.039s
user	0m0.937s
sys	0m0.287s
500+0 records in
500+0 records out
524288000 bytes (524 MB) copied, 1.03501 s, 507 MB/s
afbad591ee2b70ac94258fbc7fac3bf2  -

real	0m1.038s
user	0m0.934s
sys	0m0.290s
500+0 records in
500+0 records out
524288000 bytes (524 MB) copied, 1.02876 s, 510 MB/s
afbad591ee2b70ac94258fbc7fac3bf2  -

real	0m1.032s
user	0m0.933s
sys	0m0.284s
500+0 records in
500+0 records out
524288000 bytes (524 MB) copied, 1.04094 s, 504 MB/s
afbad591ee2b70ac94258fbc7fac3bf2  -

real	0m1.044s
user	0m0.952s
sys	0m0.278s
500+0 records in
500+0 records out
524288000 bytes (524 MB) copied, 1.01564 s, 516 MB/s
afbad591ee2b70ac94258fbc7fac3bf2  -

real	0m1.019s
user	0m0.916s
sys	0m0.285s
500+0 records in
500+0 records out
524288000 bytes (524 MB) copied, 1.02851 s, 510 MB/s
afbad591ee2b70ac94258fbc7fac3bf2  -

real	0m1.033s
user	0m0.942s
sys	0m0.277s
500+0 records in
500+0 records out
524288000 bytes (524 MB) copied, 1.01015 s, 519 MB/s
afbad591ee2b70ac94258fbc7fac3bf2  -

real	0m1.013s
user	0m0.944s
sys	0m0.255s
500+0 records in
500+0 records out
524288000 bytes (524 MB) copied, 1.04258 s, 503 MB/s
afbad591ee2b70ac94258fbc7fac3bf2  -

real	0m1.046s
user	0m0.962s
sys	0m0.272s
500+0 records in
500+0 records out
524288000 bytes (524 MB) copied, 1.02661 s, 511 MB/s
afbad591ee2b70ac94258fbc7fac3bf2  -

real	0m1.030s
user	0m0.934s
sys	0m0.285s
500+0 records in
500+0 records out
524288000 bytes (524 MB) copied, 1.01512 s, 516 MB/s
afbad591ee2b70ac94258fbc7fac3bf2  -

real	0m1.018s
user	0m0.937s
sys	0m0.269s
500+0 records in
500+0 records out
524288000 bytes (524 MB) copied, 1.03011 s, 509 MB/s
afbad591ee2b70ac94258fbc7fac3bf2  -

real	0m1.033s
user	0m0.941s
sys	0m0.276s
500+0 records in
500+0 records out
524288000 bytes (524 MB) copied, 1.04926 s, 500 MB/s
afbad591ee2b70ac94258fbc7fac3bf2  -

real	0m1.053s
user	0m0.960s
sys	0m0.280s
500+0 records in
500+0 records out
524288000 bytes (524 MB) copied, 1.01739 s, 515 MB/s
afbad591ee2b70ac94258fbc7fac3bf2  -

real	0m1.021s
user	0m0.926s
sys	0m0.278s
500+0 records in
500+0 records out
524288000 bytes (524 MB) copied, 0.981344 s, 534 MB/s
afbad591ee2b70ac94258fbc7fac3bf2  -

real	0m0.984s
user	0m0.883s
sys	0m0.279s
500+0 records in
500+0 records out
524288000 bytes (524 MB) copied, 0.958954 s, 547 MB/s
afbad591ee2b70ac94258fbc7fac3bf2  -

real	0m0.962s
user	0m0.875s
sys	0m0.263s
500+0 records in
500+0 records out
524288000 bytes (524 MB) copied, 1.06079 s, 494 MB/s
afbad591ee2b70ac94258fbc7fac3bf2  -

real	0m1.064s
user	0m0.972s
sys	0m0.283s
500+0 records in
500+0 records out
524288000 bytes (524 MB) copied, 0.962175 s, 545 MB/s
afbad591ee2b70ac94258fbc7fac3bf2  -

real	0m0.965s
user	0m0.886s
sys	0m0.256s
500+0 records in
500+0 records out
524288000 bytes (524 MB) copied, 1.06124 s, 494 MB/s
afbad591ee2b70ac94258fbc7fac3bf2  -

real	0m1.064s
user	0m0.962s
sys	0m0.300s
500+0 records in
500+0 records out
524288000 bytes (524 MB) copied, 0.966958 s, 542 MB/s
afbad591ee2b70ac94258fbc7fac3bf2  -

real	0m0.970s
user	0m0.888s
sys	0m0.258s
500+0 records in
500+0 records out
524288000 bytes (524 MB) copied, 0.959023 s, 547 MB/s
afbad591ee2b70ac94258fbc7fac3bf2  -

real	0m0.962s
user	0m0.893s
sys	0m0.247s
500+0 records in
500+0 records out
524288000 bytes (524 MB) copied, 1.05524 s, 497 MB/s
afbad591ee2b70ac94258fbc7fac3bf2  -

real	0m1.058s
user	0m0.953s
sys	0m0.297s
500+0 records in
500+0 records out
524288000 bytes (524 MB) copied, 1.0477 s, 500 MB/s
afbad591ee2b70ac94258fbc7fac3bf2  -

real	0m1.051s
user	0m0.966s
sys	0m0.274s
500+0 records in
500+0 records out
524288000 bytes (524 MB) copied, 1.05448 s, 497 MB/s
afbad591ee2b70ac94258fbc7fac3bf2  -

real	0m1.058s
user	0m0.968s
sys	0m0.279s
500+0 records in
500+0 records out
524288000 bytes (524 MB) copied, 1.01898 s, 515 MB/s
afbad591ee2b70ac94258fbc7fac3bf2  -

real	0m1.022s
user	0m0.916s
sys	0m0.290s
500+0 records in
500+0 records out
524288000 bytes (524 MB) copied, 1.02467 s, 512 MB/s
afbad591ee2b70ac94258fbc7fac3bf2  -

real	0m1.028s
user	0m0.946s
sys	0m0.272s
500+0 records in
500+0 records out
524288000 bytes (524 MB) copied, 1.02807 s, 510 MB/s
afbad591ee2b70ac94258fbc7fac3bf2  -

real	0m1.031s
user	0m0.960s
sys	0m0.261s
500+0 records in
500+0 records out
524288000 bytes (524 MB) copied, 1.01199 s, 518 MB/s
afbad591ee2b70ac94258fbc7fac3bf2  -

real	0m1.015s
user	0m0.924s
sys	0m0.279s
500+0 records in
500+0 records out
524288000 bytes (524 MB) copied, 1.00399 s, 522 MB/s
afbad591ee2b70ac94258fbc7fac3bf2  -

real	0m1.007s
user	0m0.936s
sys	0m0.256s
500+0 records in
500+0 records out
524288000 bytes (524 MB) copied, 0.99137 s, 529 MB/s
afbad591ee2b70ac94258fbc7fac3bf2  -

real	0m0.994s
user	0m0.925s
sys	0m0.251s
500+0 records in
500+0 records out
524288000 bytes (524 MB) copied, 1.00501 s, 522 MB/s
afbad591ee2b70ac94258fbc7fac3bf2  -

real	0m1.008s
user	0m0.920s
sys	0m0.271s
500+0 records in
500+0 records out
524288000 bytes (524 MB) copied, 1.01948 s, 514 MB/s
afbad591ee2b70ac94258fbc7fac3bf2  -

real	0m1.022s
user	0m0.947s
sys	0m0.263s
500+0 records in
500+0 records out
524288000 bytes (524 MB) copied, 1.03443 s, 507 MB/s
afbad591ee2b70ac94258fbc7fac3bf2  -

real	0m1.038s
user	0m0.961s
sys	0m0.271s
500+0 records in
500+0 records out
524288000 bytes (524 MB) copied, 0.974633 s, 538 MB/s
afbad591ee2b70ac94258fbc7fac3bf2  -

real	0m0.978s
user	0m0.903s
sys	0m0.252s
500+0 records in
500+0 records out
524288000 bytes (524 MB) copied, 0.964747 s, 543 MB/s
afbad591ee2b70ac94258fbc7fac3bf2  -

real	0m0.968s
user	0m0.887s
sys	0m0.258s
500+0 records in
500+0 records out
524288000 bytes (524 MB) copied, 1.01321 s, 517 MB/s
afbad591ee2b70ac94258fbc7fac3bf2  -

real	0m1.017s
user	0m0.936s
sys	0m0.269s
500+0 records in
500+0 records out
524288000 bytes (524 MB) copied, 0.997127 s, 526 MB/s
afbad591ee2b70ac94258fbc7fac3bf2  -

real	0m1.000s
user	0m0.900s
sys	0m0.285s
500+0 records in
500+0 records out
524288000 bytes (524 MB) copied, 0.985242 s, 532 MB/s
afbad591ee2b70ac94258fbc7fac3bf2  -

real	0m0.988s
user	0m0.906s
sys	0m0.265s
500+0 records in
500+0 records out
524288000 bytes (524 MB) copied, 0.959622 s, 546 MB/s
afbad591ee2b70ac94258fbc7fac3bf2  -

real	0m0.963s
user	0m0.897s
sys	0m0.243s
500+0 records in
500+0 records out
524288000 bytes (524 MB) copied, 0.978316 s, 536 MB/s
afbad591ee2b70ac94258fbc7fac3bf2  -

real	0m0.981s
user	0m0.894s
sys	0m0.263s
500+0 records in
500+0 records out
524288000 bytes (524 MB) copied, 0.995091 s, 527 MB/s
afbad591ee2b70ac94258fbc7fac3bf2  -

real	0m0.998s
user	0m0.910s
sys	0m0.270s
500+0 records in
500+0 records out
524288000 bytes (524 MB) copied, 1.07965 s, 486 MB/s
afbad591ee2b70ac94258fbc7fac3bf2  -

real	0m1.082s
user	0m0.981s
sys	0m0.306s
500+0 records in
500+0 records out
524288000 bytes (524 MB) copied, 0.991503 s, 529 MB/s
afbad591ee2b70ac94258fbc7fac3bf2  -

real	0m0.995s
user	0m0.914s
sys	0m0.266s
500+0 records in
500+0 records out
524288000 bytes (524 MB) copied, 0.976031 s, 537 MB/s
afbad591ee2b70ac94258fbc7fac3bf2  -

real	0m0.981s
user	0m0.888s
sys	0m0.270s
500+0 records in
500+0 records out
524288000 bytes (524 MB) copied, 0.97223 s, 539 MB/s
afbad591ee2b70ac94258fbc7fac3bf2  -

real	0m0.975s
user	0m0.898s
sys	0m0.256s
500+0 records in
500+0 records out
524288000 bytes (524 MB) copied, 1.01636 s, 516 MB/s
afbad591ee2b70ac94258fbc7fac3bf2  -

real	0m1.019s
user	0m0.925s
sys	0m0.283s
500+0 records in
500+0 records out
524288000 bytes (524 MB) copied, 0.99388 s, 528 MB/s
afbad591ee2b70ac94258fbc7fac3bf2  -

real	0m0.997s
user	0m0.886s
sys	0m0.295s
500+0 records in
500+0 records out
524288000 bytes (524 MB) copied, 0.958457 s, 547 MB/s
afbad591ee2b70ac94258fbc7fac3bf2  -

real	0m0.961s
user	0m0.888s
sys	0m0.248s
500+0 records in
500+0 records out
524288000 bytes (524 MB) copied, 1.03969 s, 504 MB/s
afbad591ee2b70ac94258fbc7fac3bf2  -

real	0m1.043s
user	0m0.942s
sys	0m0.289s
500+0 records in
500+0 records out
524288000 bytes (524 MB) copied, 0.978122 s, 536 MB/s
afbad591ee2b70ac94258fbc7fac3bf2  -

real	0m0.981s
user	0m0.883s
sys	0m0.276s
500+0 records in
500+0 records out
524288000 bytes (524 MB) copied, 1.02962 s, 509 MB/s
afbad591ee2b70ac94258fbc7fac3bf2  -

real	0m1.033s
user	0m0.938s
sys	0m0.280s
500+0 records in
500+0 records out
524288000 bytes (524 MB) copied, 1.00352 s, 522 MB/s
afbad591ee2b70ac94258fbc7fac3bf2  -

real	0m1.007s
user	0m0.923s
sys	0m0.268s
500+0 records in
500+0 records out
524288000 bytes (524 MB) copied, 1.00575 s, 521 MB/s
afbad591ee2b70ac94258fbc7fac3bf2  -

real	0m1.009s
user	0m0.897s
sys	0m0.292s
500+0 records in
500+0 records out
524288000 bytes (524 MB) copied, 1.04337 s, 502 MB/s
afbad591ee2b70ac94258fbc7fac3bf2  -

real	0m1.046s
user	0m0.940s
sys	0m0.293s
500+0 records in
500+0 records out
524288000 bytes (524 MB) copied, 1.01732 s, 515 MB/s
afbad591ee2b70ac94258fbc7fac3bf2  -

real	0m1.020s
user	0m0.929s
sys	0m0.272s
500+0 records in
500+0 records out
524288000 bytes (524 MB) copied, 1.02547 s, 511 MB/s
afbad591ee2b70ac94258fbc7fac3bf2  -

real	0m1.028s
user	0m0.920s
sys	0m0.293s
500+0 records in
500+0 records out
524288000 bytes (524 MB) copied, 1.05338 s, 498 MB/s
afbad591ee2b70ac94258fbc7fac3bf2  -

real	0m1.057s
user	0m0.962s
sys	0m0.289s
500+0 records in
500+0 records out
524288000 bytes (524 MB) copied, 1.04732 s, 501 MB/s
afbad591ee2b70ac94258fbc7fac3bf2  -

real	0m1.050s
user	0m0.946s
sys	0m0.294s
500+0 records in
500+0 records out
524288000 bytes (524 MB) copied, 1.04608 s, 501 MB/s
afbad591ee2b70ac94258fbc7fac3bf2  -

real	0m1.049s
user	0m0.952s
sys	0m0.284s
500+0 records in
500+0 records out
524288000 bytes (524 MB) copied, 1.04278 s, 503 MB/s
afbad591ee2b70ac94258fbc7fac3bf2  -

real	0m1.046s
user	0m0.926s
sys	0m0.309s
500+0 records in
500+0 records out
524288000 bytes (524 MB) copied, 1.00022 s, 524 MB/s
afbad591ee2b70ac94258fbc7fac3bf2  -

real	0m1.003s
user	0m0.904s
sys	0m0.282s
500+0 records in
500+0 records out
524288000 bytes (524 MB) copied, 0.963817 s, 544 MB/s
afbad591ee2b70ac94258fbc7fac3bf2  -

real	0m0.967s
user	0m0.904s
sys	0m0.241s
500+0 records in
500+0 records out
524288000 bytes (524 MB) copied, 0.998663 s, 525 MB/s
afbad591ee2b70ac94258fbc7fac3bf2  -

real	0m1.002s
user	0m0.914s
sys	0m0.276s
500+0 records in
500+0 records out
524288000 bytes (524 MB) copied, 0.97707 s, 537 MB/s
afbad591ee2b70ac94258fbc7fac3bf2  -

real	0m0.980s
user	0m0.909s
sys	0m0.251s
500+0 records in
500+0 records out
524288000 bytes (524 MB) copied, 1.05743 s, 496 MB/s
afbad591ee2b70ac94258fbc7fac3bf2  -

real	0m1.061s
user	0m0.974s
sys	0m0.280s
500+0 records in
500+0 records out
524288000 bytes (524 MB) copied, 1.0232 s, 512 MB/s
afbad591ee2b70ac94258fbc7fac3bf2  -

real	0m1.026s
user	0m0.913s
sys	0m0.302s
500+0 records in
500+0 records out
524288000 bytes (524 MB) copied, 0.962656 s, 545 MB/s
afbad591ee2b70ac94258fbc7fac3bf2  -

real	0m0.966s
user	0m0.879s
sys	0m0.264s
500+0 records in
500+0 records out
524288000 bytes (524 MB) copied, 0.976692 s, 537 MB/s
afbad591ee2b70ac94258fbc7fac3bf2  -

real	0m0.979s
user	0m0.900s
sys	0m0.251s
500+0 records in
500+0 records out
524288000 bytes (524 MB) copied, 1.02697 s, 511 MB/s
afbad591ee2b70ac94258fbc7fac3bf2  -

real	0m1.030s
user	0m0.926s
sys	0m0.290s
500+0 records in
500+0 records out
524288000 bytes (524 MB) copied, 1.02213 s, 513 MB/s
afbad591ee2b70ac94258fbc7fac3bf2  -

real	0m1.025s
user	0m0.928s
sys	0m0.284s
500+0 records in
500+0 records out
524288000 bytes (524 MB) copied, 1.03802 s, 505 MB/s
afbad591ee2b70ac94258fbc7fac3bf2  -

real	0m1.041s
user	0m0.941s
sys	0m0.285s
500+0 records in
500+0 records out
524288000 bytes (524 MB) copied, 1.02406 s, 512 MB/s
afbad591ee2b70ac94258fbc7fac3bf2  -

real	0m1.027s
user	0m0.936s
sys	0m0.282s
500+0 records in
500+0 records out
524288000 bytes (524 MB) copied, 1.02424 s, 512 MB/s
afbad591ee2b70ac94258fbc7fac3bf2  -

real	0m1.027s
user	0m0.920s
sys	0m0.290s
500+0 records in
500+0 records out
524288000 bytes (524 MB) copied, 1.00871 s, 520 MB/s
afbad591ee2b70ac94258fbc7fac3bf2  -

real	0m1.012s
user	0m0.902s
sys	0m0.289s
500+0 records in
500+0 records out
524288000 bytes (524 MB) copied, 1.01771 s, 515 MB/s
afbad591ee2b70ac94258fbc7fac3bf2  -

real	0m1.021s
user	0m0.929s
sys	0m0.278s
500+0 records in
500+0 records out
524288000 bytes (524 MB) copied, 0.959825 s, 546 MB/s
afbad591ee2b70ac94258fbc7fac3bf2  -

real	0m0.963s
user	0m0.891s
sys	0m0.250s
500+0 records in
500+0 records out
524288000 bytes (524 MB) copied, 1.01755 s, 515 MB/s
afbad591ee2b70ac94258fbc7fac3bf2  -

real	0m1.021s
user	0m0.933s
sys	0m0.280s
500+0 records in
500+0 records out
524288000 bytes (524 MB) copied, 1.00238 s, 523 MB/s
afbad591ee2b70ac94258fbc7fac3bf2  -

real	0m1.006s
user	0m0.898s
sys	0m0.289s
500+0 records in
500+0 records out
524288000 bytes (524 MB) copied, 1.02319 s, 512 MB/s
afbad591ee2b70ac94258fbc7fac3bf2  -

real	0m1.026s
user	0m0.920s
sys	0m0.290s
500+0 records in
500+0 records out
524288000 bytes (524 MB) copied, 1.02754 s, 510 MB/s
afbad591ee2b70ac94258fbc7fac3bf2  -

real	0m1.031s
user	0m0.928s
sys	0m0.287s
500+0 records in
500+0 records out
524288000 bytes (524 MB) copied, 1.03353 s, 507 MB/s
afbad591ee2b70ac94258fbc7fac3bf2  -

real	0m1.037s
user	0m0.944s
sys	0m0.279s
500+0 records in
500+0 records out
524288000 bytes (524 MB) copied, 1.04051 s, 504 MB/s
afbad591ee2b70ac94258fbc7fac3bf2  -

real	0m1.044s
user	0m0.945s
sys	0m0.284s
500+0 records in
500+0 records out
524288000 bytes (524 MB) copied, 1.02452 s, 512 MB/s
afbad591ee2b70ac94258fbc7fac3bf2  -

real	0m1.028s
user	0m0.916s
sys	0m0.293s
500+0 records in
500+0 records out
524288000 bytes (524 MB) copied, 1.0065 s, 521 MB/s
afbad591ee2b70ac94258fbc7fac3bf2  -

real	0m1.010s
user	0m0.918s
sys	0m0.277s
500+0 records in
500+0 records out
524288000 bytes (524 MB) copied, 1.04468 s, 502 MB/s
afbad591ee2b70ac94258fbc7fac3bf2  -

real	0m1.048s
user	0m0.946s
sys	0m0.288s
500+0 records in
500+0 records out
524288000 bytes (524 MB) copied, 1.03816 s, 505 MB/s
afbad591ee2b70ac94258fbc7fac3bf2  -

real	0m1.041s
user	0m0.935s
sys	0m0.293s
500+0 records in
500+0 records out
524288000 bytes (524 MB) copied, 1.01453 s, 517 MB/s
afbad591ee2b70ac94258fbc7fac3bf2  -

real	0m1.017s
user	0m0.945s
sys	0m0.260s
500+0 records in
500+0 records out
524288000 bytes (524 MB) copied, 1.01729 s, 515 MB/s
afbad591ee2b70ac94258fbc7fac3bf2  -

real	0m1.020s
user	0m0.938s
sys	0m0.272s
500+0 records in
500+0 records out
524288000 bytes (524 MB) copied, 1.03093 s, 509 MB/s
afbad591ee2b70ac94258fbc7fac3bf2  -

real	0m1.034s
user	0m0.928s
sys	0m0.290s
500+0 records in
500+0 records out
524288000 bytes (524 MB) copied, 1.01527 s, 516 MB/s
afbad591ee2b70ac94258fbc7fac3bf2  -

real	0m1.018s
user	0m0.938s
sys	0m0.268s
500+0 records in
500+0 records out
524288000 bytes (524 MB) copied, 1.02526 s, 511 MB/s
afbad591ee2b70ac94258fbc7fac3bf2  -

real	0m1.028s
user	0m0.939s
sys	0m0.275s
500+0 records in
500+0 records out
524288000 bytes (524 MB) copied, 1.01056 s, 519 MB/s
afbad591ee2b70ac94258fbc7fac3bf2  -

real	0m1.014s
user	0m0.911s
sys	0m0.291s
500+0 records in
500+0 records out
524288000 bytes (524 MB) copied, 0.997889 s, 525 MB/s
afbad591ee2b70ac94258fbc7fac3bf2  -

real	0m1.001s
user	0m0.923s
sys	0m0.259s
500+0 records in
500+0 records out
524288000 bytes (524 MB) copied, 1.01417 s, 517 MB/s
afbad591ee2b70ac94258fbc7fac3bf2  -

real	0m1.017s
user	0m0.920s
sys	0m0.281s
500+0 records in
500+0 records out
524288000 bytes (524 MB) copied, 1.06091 s, 494 MB/s
afbad591ee2b70ac94258fbc7fac3bf2  -

real	0m1.064s
user	0m0.960s
sys	0m0.294s
500+0 records in
500+0 records out
524288000 bytes (524 MB) copied, 0.978751 s, 536 MB/s
afbad591ee2b70ac94258fbc7fac3bf2  -

real	0m0.982s
user	0m0.893s
sys	0m0.266s
500+0 records in
500+0 records out
524288000 bytes (524 MB) copied, 0.972328 s, 539 MB/s
afbad591ee2b70ac94258fbc7fac3bf2  -

real	0m0.975s
user	0m0.893s
sys	0m0.260s
500+0 records in
500+0 records out
524288000 bytes (524 MB) copied, 0.971603 s, 540 MB/s
afbad591ee2b70ac94258fbc7fac3bf2  -

real	0m0.975s
user	0m0.881s
sys	0m0.270s
500+0 records in
500+0 records out
524288000 bytes (524 MB) copied, 1.02164 s, 513 MB/s
afbad591ee2b70ac94258fbc7fac3bf2  -

real	0m1.025s
user	0m0.925s
sys	0m0.287s
500+0 records in
500+0 records out
524288000 bytes (524 MB) copied, 1.05667 s, 496 MB/s
afbad591ee2b70ac94258fbc7fac3bf2  -

real	0m1.060s
user	0m0.953s
sys	0m0.303s
500+0 records in
500+0 records out
524288000 bytes (524 MB) copied, 0.985382 s, 532 MB/s
afbad591ee2b70ac94258fbc7fac3bf2  -

real	0m0.988s
user	0m0.903s
sys	0m0.267s
500+0 records in
500+0 records out
524288000 bytes (524 MB) copied, 1.06701 s, 491 MB/s
afbad591ee2b70ac94258fbc7fac3bf2  -

real	0m1.070s
user	0m0.964s
sys	0m0.313s
500+0 records in
500+0 records out
524288000 bytes (524 MB) copied, 0.971732 s, 540 MB/s
afbad591ee2b70ac94258fbc7fac3bf2  -

real	0m0.974s
user	0m0.890s
sys	0m0.262s
500+0 records in
500+0 records out
524288000 bytes (524 MB) copied, 1.00755 s, 520 MB/s
afbad591ee2b70ac94258fbc7fac3bf2  -

real	0m1.011s
user	0m0.912s
sys	0m0.303s
500+0 records in
500+0 records out
524288000 bytes (524 MB) copied, 1.00721 s, 521 MB/s
afbad591ee2b70ac94258fbc7fac3bf2  -

real	0m1.010s
user	0m0.934s
sys	0m0.263s
500+0 records in
500+0 records out
afbad591ee2b70ac94258fbc7fac3bf2  -
524288000 bytes (524 MB) copied, 1.01316 s, 517 MB/s

real	0m1.016s
user	0m0.941s
sys	0m0.262s
500+0 records in
500+0 records out
524288000 bytes (524 MB) copied, 1.05189 s, 498 MB/s
afbad591ee2b70ac94258fbc7fac3bf2  -

real	0m1.055s
user	0m0.956s
sys	0m0.288s
500+0 records in
500+0 records out
524288000 bytes (524 MB) copied, 1.05711 s, 496 MB/s
afbad591ee2b70ac94258fbc7fac3bf2  -

real	0m1.060s
user	0m0.971s
sys	0m0.279s
500+0 records in
500+0 records out
524288000 bytes (524 MB) copied, 1.02507 s, 511 MB/s
afbad591ee2b70ac94258fbc7fac3bf2  -

real	0m1.028s
user	0m0.940s
sys	0m0.271s
500+0 records in
500+0 records out
524288000 bytes (524 MB) copied, 1.03619 s, 506 MB/s
afbad591ee2b70ac94258fbc7fac3bf2  -

real	0m1.039s
user	0m0.948s
sys	0m0.283s
500+0 records in
500+0 records out
524288000 bytes (524 MB) copied, 0.977666 s, 536 MB/s
afbad591ee2b70ac94258fbc7fac3bf2  -

real	0m0.981s
user	0m0.885s
sys	0m0.274s
