1000+0 records in
1000+0 records out
1048576000 bytes (1.0 GB) copied3c84e34b319946f6531a2c4559f588a8  -
, 2.12505 s, 493 MB/s

real	0m2.128s
user	0m1.901s
sys	0m0.609s
1000+0 records in
1000+0 records out
1048576000 bytes (1.0 GB) copied, 2.15909 s, 486 MB/s
3c84e34b319946f6531a2c4559f588a8  -

real	0m2.162s
user	0m1.908s
sys	0m0.637s
1000+0 records in
1000+0 records out
1048576000 bytes (1.0 GB) copied3c84e34b319946f6531a2c4559f588a8  -
, 2.16347 s, 485 MB/s

real	0m2.166s
user	0m1.876s
sys	0m0.669s
1000+0 records in
1000+0 records out
1048576000 bytes (1.0 GB) copied, 1.91207 s, 548 MB/s
3c84e34b319946f6531a2c4559f588a8  -

real	0m1.914s
user	0m1.776s
sys	0m0.484s
1000+0 records in
1000+0 records out
1048576000 bytes (1.0 GB) copied, 1.90569 s, 550 MB/s
3c84e34b319946f6531a2c4559f588a8  -

real	0m1.908s
user	0m1.762s
sys	0m0.486s
1000+0 records in
1000+0 records out
1048576000 bytes (1.0 GB) copied, 1.93727 s, 541 MB/s
3c84e34b319946f6531a2c4559f588a8  -

real	0m1.940s
user	0m1.792s
sys	0m0.493s
1000+0 records in
1000+0 records out
1048576000 bytes (1.0 GB) copied, 1.91013 s, 549 MB/s
3c84e34b319946f6531a2c4559f588a8  -

real	0m1.913s
user	0m1.781s
sys	0m0.471s
1000+0 records in
1000+0 records out
1048576000 bytes (1.0 GB) copied, 1.93713 s, 541 MB/s
3c84e34b319946f6531a2c4559f588a8  -

real	0m1.940s
user	0m1.790s
sys	0m0.498s
1000+0 records in
1000+0 records out
1048576000 bytes (1.0 GB) copied, 2.22466 s, 471 MB/s
3c84e34b319946f6531a2c4559f588a8  -

real	0m2.227s
user	0m1.992s
sys	0m0.635s
1000+0 records in
1000+0 records out
1048576000 bytes (1.0 GB) copied, 1.9086 s, 549 MB/s
3c84e34b319946f6531a2c4559f588a8  -

real	0m1.911s
user	0m1.750s
sys	0m0.505s
1000+0 records in
1000+0 records out
1048576000 bytes (1.0 GB) copied, 1.9664 s, 533 MB/s
3c84e34b319946f6531a2c4559f588a8  -

real	0m1.969s
user	0m1.803s
sys	0m0.526s
1000+0 records in
1000+0 records out
1048576000 bytes (1.0 GB) copied, 1.93021 s, 543 MB/s
3c84e34b319946f6531a2c4559f588a8  -

real	0m1.933s
user	0m1.780s
sys	0m0.505s
1000+0 records in
1000+0 records out
1048576000 bytes (1.0 GB) copied, 2.04151 s, 514 MB/s
3c84e34b319946f6531a2c4559f588a8  -

real	0m2.044s
user	0m1.840s
sys	0m0.577s
1000+0 records in
1000+0 records out
1048576000 bytes (1.0 GB) copied, 2.17163 s, 483 MB/s
3c84e34b319946f6531a2c4559f588a8  -

real	0m2.174s
user	0m1.991s
sys	0m0.582s
1000+0 records in
1000+0 records out
1048576000 bytes (1.0 GB) copied, 1.91741 s, 547 MB/s
3c84e34b319946f6531a2c4559f588a8  -

real	0m1.920s
user	0m1.763s
sys	0m0.500s
1000+0 records in
1000+0 records out
1048576000 bytes (1.0 GB) copied, 2.13528 s, 491 MB/s
3c84e34b319946f6531a2c4559f588a8  -

real	0m2.138s
user	0m1.919s
sys	0m0.604s
1000+0 records in
1000+0 records out
1048576000 bytes (1.0 GB) copied, 1.91102 s, 549 MB/s
3c84e34b319946f6531a2c4559f588a8  -

real	0m1.914s
user	0m1.764s
sys	0m0.492s
1000+0 records in
1000+0 records out
1048576000 bytes (1.0 GB) copied, 1.93904 s, 541 MB/s
3c84e34b319946f6531a2c4559f588a8  -

real	0m1.942s
user	0m1.799s
sys	0m0.494s
1000+0 records in
1000+0 records out
1048576000 bytes (1.0 GB) copied, 1.9231 s, 545 MB/s
3c84e34b319946f6531a2c4559f588a8  -

real	0m1.926s
user	0m1.781s
sys	0m0.485s
1000+0 records in
1000+0 records out
1048576000 bytes (1.0 GB) copied, 2.10374 s, 498 MB/s
3c84e34b319946f6531a2c4559f588a8  -

real	0m2.106s
user	0m1.890s
sys	0m0.598s
1000+0 records in
1000+0 records out
1048576000 bytes (1.0 GB) copied, 1.99581 s, 525 MB/s
3c84e34b319946f6531a2c4559f588a8  -

real	0m1.998s
user	0m1.852s
sys	0m0.511s
1000+0 records in
1000+0 records out
1048576000 bytes (1.0 GB) copied, 1.91523 s, 547 MB/s
3c84e34b319946f6531a2c4559f588a8  -

real	0m1.918s
user	0m1.776s
sys	0m0.485s
1000+0 records in
1000+0 records out
1048576000 bytes (1.0 GB) copied, 1.9218 s, 546 MB/s
3c84e34b319946f6531a2c4559f588a8  -

real	0m1.924s
user	0m1.775s
sys	0m0.492s
1000+0 records in
1000+0 records out
1048576000 bytes (1.0 GB) copied, 1.91487 s, 548 MB/s
3c84e34b319946f6531a2c4559f588a8  -

real	0m1.917s
user	0m1.777s
sys	0m0.483s
1000+0 records in
1000+0 records out
1048576000 bytes (1.0 GB) copied, 1.99256 s, 526 MB/s
3c84e34b319946f6531a2c4559f588a8  -

real	0m1.995s
user	0m1.853s
sys	0m0.510s
1000+0 records in
1000+0 records out
1048576000 bytes (1.0 GB) copied, 1.99594 s, 525 MB/s
3c84e34b319946f6531a2c4559f588a8  -

real	0m1.999s
user	0m1.844s
sys	0m0.522s
1000+0 records in
1000+0 records out
1048576000 bytes (1.0 GB) copied, 1.9197 s, 546 MB/s
3c84e34b319946f6531a2c4559f588a8  -

real	0m1.922s
user	0m1.787s
sys	0m0.479s
1000+0 records in
1000+0 records out
1048576000 bytes (1.0 GB) copied, 1.98523 s, 528 MB/s
3c84e34b319946f6531a2c4559f588a8  -

real	0m1.988s
user	0m1.826s
sys	0m0.517s
1000+0 records in
1000+0 records out
1048576000 bytes (1.0 GB) copied, 1.91814 s, 547 MB/s
3c84e34b319946f6531a2c4559f588a8  -

real	0m1.920s
user	0m1.781s
sys	0m0.480s
1000+0 records in
1000+0 records out
1048576000 bytes (1.0 GB) copied, 1.98356 s, 529 MB/s
3c84e34b319946f6531a2c4559f588a8  -

real	0m1.986s
user	0m1.834s
sys	0m0.518s
1000+0 records in
1000+0 records out
1048576000 bytes (1.0 GB) copied, 1.91019 s, 549 MB/s
3c84e34b319946f6531a2c4559f588a8  -

real	0m1.912s
user	0m1.768s
sys	0m0.486s
1000+0 records in
1000+0 records out
1048576000 bytes (1.0 GB) copied, 1.94815 s, 538 MB/s
3c84e34b319946f6531a2c4559f588a8  -

real	0m1.951s
user	0m1.780s
sys	0m0.522s
1000+0 records in
1000+0 records out
1048576000 bytes (1.0 GB) copied, 1.97966 s, 530 MB/s
3c84e34b319946f6531a2c4559f588a8  -

real	0m1.982s
user	0m1.800s
sys	0m0.539s
1000+0 records in
1000+0 records out
1048576000 bytes (1.0 GB) copied, 1.98899 s, 527 MB/s
3c84e34b319946f6531a2c4559f588a8  -

real	0m1.992s
user	0m1.823s
sys	0m0.535s
1000+0 records in
1000+0 records out
1048576000 bytes (1.0 GB) copied, 1.92278 s, 545 MB/s
3c84e34b319946f6531a2c4559f588a8  -

real	0m1.926s
user	0m1.780s
sys	0m0.489s
1000+0 records in
1000+0 records out
1048576000 bytes (1.0 GB) copied, 1.91598 s, 547 MB/s
3c84e34b319946f6531a2c4559f588a8  -

real	0m1.919s
user	0m1.776s
sys	0m0.485s
1000+0 records in
1000+0 records out
1048576000 bytes (1.0 GB) copied, 1.9253 s, 545 MB/s
3c84e34b319946f6531a2c4559f588a8  -

real	0m1.928s
user	0m1.787s
sys	0m0.482s
1000+0 records in
1000+0 records out
1048576000 bytes (1.0 GB) copied, 2.25406 s, 465 MB/s
3c84e34b319946f6531a2c4559f588a8  -

real	0m2.257s
user	0m1.966s
sys	0m0.688s
1000+0 records in
1000+0 records out
1048576000 bytes (1.0 GB) copied, 1.93737 s, 541 MB/s
3c84e34b319946f6531a2c4559f588a8  -

real	0m1.940s
user	0m1.800s
sys	0m0.487s
1000+0 records in
1000+0 records out
1048576000 bytes (1.0 GB) copied, 1.91146 s, 549 MB/s
3c84e34b319946f6531a2c4559f588a8  -

real	0m1.914s
user	0m1.793s
sys	0m0.462s
1000+0 records in
1000+0 records out
1048576000 bytes (1.0 GB) copied, 1.92329 s, 545 MB/s
3c84e34b319946f6531a2c4559f588a8  -

real	0m1.926s
user	0m1.774s
sys	0m0.497s
1000+0 records in
1000+0 records out
1048576000 bytes (1.0 GB) copied, 1.90912 s, 549 MB/s
3c84e34b319946f6531a2c4559f588a8  -

real	0m1.912s
user	0m1.765s
sys	0m0.491s
1000+0 records in
1000+0 records out
1048576000 bytes (1.0 GB) copied, 1.92601 s, 544 MB/s
3c84e34b319946f6531a2c4559f588a8  -

real	0m1.929s
user	0m1.777s
sys	0m0.496s
1000+0 records in
1000+0 records out
1048576000 bytes (1.0 GB) copied, 1.97407 s, 531 MB/s
3c84e34b319946f6531a2c4559f588a8  -

real	0m1.977s
user	0m1.801s
sys	0m0.530s
1000+0 records in
1000+0 records out
1048576000 bytes (1.0 GB) copied, 1.97855 s, 530 MB/s
3c84e34b319946f6531a2c4559f588a8  -

real	0m1.981s
user	0m1.801s
sys	0m0.545s
1000+0 records in
1000+0 records out
1048576000 bytes (1.0 GB) copied, 1.91736 s, 547 MB/s
3c84e34b319946f6531a2c4559f588a8  -

real	0m1.920s
user	0m1.772s
sys	0m0.492s
1000+0 records in
1000+0 records out
1048576000 bytes (1.0 GB) copied, 2.02568 s, 518 MB/s
3c84e34b319946f6531a2c4559f588a8  -

real	0m2.029s
user	0m1.853s
sys	0m0.550s
1000+0 records in
1000+0 records out
1048576000 bytes (1.0 GB) copied, 1.97425 s, 531 MB/s
3c84e34b319946f6531a2c4559f588a8  -

real	0m1.977s
user	0m1.818s
sys	0m0.524s
1000+0 records in
1000+0 records out
1048576000 bytes (1.0 GB) copied, 1.93093 s, 543 MB/s
3c84e34b319946f6531a2c4559f588a8  -

real	0m1.935s
user	0m1.786s
sys	0m0.495s
1000+0 records in
1000+0 records out
1048576000 bytes (1.0 GB) copied, 1.95899 s, 535 MB/s
3c84e34b319946f6531a2c4559f588a8  -

real	0m1.962s
user	0m1.812s
sys	0m0.495s
1000+0 records in
1000+0 records out
1048576000 bytes (1.0 GB) copied, 1.92975 s, 543 MB/s
3c84e34b319946f6531a2c4559f588a8  -

real	0m1.932s
user	0m1.788s
sys	0m0.487s
1000+0 records in
1000+0 records out
1048576000 bytes (1.0 GB) copied, 2.12666 s, 493 MB/s
3c84e34b319946f6531a2c4559f588a8  -

real	0m2.129s
user	0m1.775s
sys	0m0.715s
1000+0 records in
1000+0 records out
1048576000 bytes (1.0 GB) copied, 1.98077 s, 529 MB/s
3c84e34b319946f6531a2c4559f588a8  -

real	0m1.984s
user	0m1.816s
sys	0m0.529s
1000+0 records in
1000+0 records out
1048576000 bytes (1.0 GB) copied, 1.98848 s, 527 MB/s
3c84e34b319946f6531a2c4559f588a8  -

real	0m1.991s
user	0m1.814s
sys	0m0.546s
1000+0 records in
1000+0 records out
1048576000 bytes (1.0 GB) copied, 1.94512 s, 539 MB/s
3c84e34b319946f6531a2c4559f588a8  -

real	0m1.948s
user	0m1.806s
sys	0m0.496s
1000+0 records in
1000+0 records out
1048576000 bytes (1.0 GB) copied, 1.97709 s, 530 MB/s
3c84e34b319946f6531a2c4559f588a8  -

real	0m1.980s
user	0m1.819s
sys	0m0.525s
1000+0 records in
1000+0 records out
1048576000 bytes (1.0 GB) copied, 1.96036 s, 535 MB/s
3c84e34b319946f6531a2c4559f588a8  -

real	0m1.963s
user	0m1.799s
sys	0m0.522s
1000+0 records in
1000+0 records out
1048576000 bytes (1.0 GB) copied, 1.98633 s, 528 MB/s
3c84e34b319946f6531a2c4559f588a8  -

real	0m1.989s
user	0m1.814s
sys	0m0.536s
1000+0 records in
1000+0 records out
1048576000 bytes (1.0 GB) copied, 2.00167 s, 524 MB/s
3c84e34b319946f6531a2c4559f588a8  -

real	0m2.004s
user	0m1.850s
sys	0m0.511s
1000+0 records in
1000+0 records out
1048576000 bytes (1.0 GB) copied, 2.02655 s, 517 MB/s
3c84e34b319946f6531a2c4559f588a8  -

real	0m2.029s
user	0m1.856s
sys	0m0.569s
1000+0 records in
1000+0 records out
1048576000 bytes (1.0 GB) copied, 2.02268 s, 518 MB/s
3c84e34b319946f6531a2c4559f588a8  -

real	0m2.025s
user	0m1.855s
sys	0m0.547s
1000+0 records in
1000+0 records out
1048576000 bytes (1.0 GB) copied, 2.05022 s, 511 MB/s
3c84e34b319946f6531a2c4559f588a8  -

real	0m2.053s
user	0m1.882s
sys	0m0.579s
1000+0 records in
1000+0 records out
1048576000 bytes (1.0 GB) copied, 2.07365 s, 506 MB/s
3c84e34b319946f6531a2c4559f588a8  -

real	0m2.076s
user	0m1.927s
sys	0m0.532s
1000+0 records in
1000+0 records out
1048576000 bytes (1.0 GB) copied, 2.05585 s, 510 MB/s
3c84e34b319946f6531a2c4559f588a8  -

real	0m2.059s
user	0m1.864s
sys	0m0.591s
1000+0 records in
1000+0 records out
1048576000 bytes (1.0 GB) copied, 2.1088 s, 497 MB/s
3c84e34b319946f6531a2c4559f588a8  -

real	0m2.112s
user	0m1.917s
sys	0m0.583s
1000+0 records in
1000+0 records out
1048576000 bytes (1.0 GB) copied, 2.03676 s, 515 MB/s
3c84e34b319946f6531a2c4559f588a8  -

real	0m2.039s
user	0m1.864s
sys	0m0.555s
1000+0 records in
1000+0 records out
1048576000 bytes (1.0 GB) copied, 2.11984 s, 495 MB/s
3c84e34b319946f6531a2c4559f588a8  -

real	0m2.123s
user	0m1.785s
sys	0m0.690s
1000+0 records in
1000+0 records out
1048576000 bytes (1.0 GB) copied, 2.04907 s, 512 MB/s
3c84e34b319946f6531a2c4559f588a8  -

real	0m2.052s
user	0m1.879s
sys	0m0.548s
1000+0 records in
1000+0 records out
1048576000 bytes (1.0 GB) copied, 2.06894 s, 507 MB/s
3c84e34b319946f6531a2c4559f588a8  -

real	0m2.072s
user	0m1.909s
sys	0m0.537s
1000+0 records in
1000+0 records out
1048576000 bytes (1.0 GB) copied, 2.15043 s, 488 MB/s
3c84e34b319946f6531a2c4559f588a8  -

real	0m2.153s
user	0m1.838s
sys	0m0.685s
1000+0 records in
1000+0 records out
1048576000 bytes (1.0 GB) copied, 2.10386 s, 498 MB/s
3c84e34b319946f6531a2c4559f588a8  -

real	0m2.107s
user	0m1.925s
sys	0m0.568s
1000+0 records in
1000+0 records out
1048576000 bytes (1.0 GB) copied, 2.05759 s, 510 MB/s
3c84e34b319946f6531a2c4559f588a8  -

real	0m2.060s
user	0m1.857s
sys	0m0.564s
1000+0 records in
1000+0 records out
1048576000 bytes (1.0 GB) copied, 2.0343 s, 515 MB/s
3c84e34b319946f6531a2c4559f588a8  -

real	0m2.037s
user	0m1.885s
sys	0m0.515s
1000+0 records in
1000+0 records out
1048576000 bytes (1.0 GB) copied, 2.04528 s, 513 MB/s
3c84e34b319946f6531a2c4559f588a8  -

real	0m2.048s
user	0m1.855s
sys	0m0.558s
1000+0 records in
1000+0 records out
1048576000 bytes (1.0 GB) copied, 2.06572 s, 508 MB/s
3c84e34b319946f6531a2c4559f588a8  -

real	0m2.069s
user	0m1.883s
sys	0m0.552s
1000+0 records in
1000+0 records out
1048576000 bytes (1.0 GB) copied, 2.03759 s, 515 MB/s
3c84e34b319946f6531a2c4559f588a8  -

real	0m2.041s
user	0m1.850s
sys	0m0.554s
1000+0 records in
1000+0 records out
1048576000 bytes (1.0 GB) copied, 2.0833 s, 503 MB/s
3c84e34b319946f6531a2c4559f588a8  -

real	0m2.086s
user	0m1.934s
sys	0m0.532s
1000+0 records in
1000+0 records out
1048576000 bytes (1.0 GB) copied, 2.01567 s, 520 MB/s
3c84e34b319946f6531a2c4559f588a8  -

real	0m2.019s
user	0m1.823s
sys	0m0.552s
1000+0 records in
1000+0 records out
1048576000 bytes (1.0 GB) copied, 2.05776 s, 510 MB/s
3c84e34b319946f6531a2c4559f588a8  -

real	0m2.061s
user	0m1.882s
sys	0m0.554s
1000+0 records in
1000+0 records out
1048576000 bytes (1.0 GB) copied, 1.9382 s, 541 MB/s
3c84e34b319946f6531a2c4559f588a8  -

real	0m1.941s
user	0m1.779s
sys	0m0.511s
1000+0 records in
1000+0 records out
1048576000 bytes (1.0 GB) copied, 2.0105 s, 522 MB/s
3c84e34b319946f6531a2c4559f588a8  -

real	0m2.013s
user	0m1.849s
sys	0m0.530s
1000+0 records in
1000+0 records out
1048576000 bytes (1.0 GB) copied, 1.91366 s, 548 MB/s
3c84e34b319946f6531a2c4559f588a8  -

real	0m1.917s
user	0m1.775s
sys	0m0.491s
1000+0 records in
1000+0 records out
1048576000 bytes (1.0 GB) copied, 1.9492 s, 538 MB/s
3c84e34b319946f6531a2c4559f588a8  -

real	0m1.952s
user	0m1.769s
sys	0m0.530s
1000+0 records in
1000+0 records out
1048576000 bytes (1.0 GB) copied, 2.06868 s, 507 MB/s
3c84e34b319946f6531a2c4559f588a8  -

real	0m2.072s
user	0m1.858s
sys	0m0.589s
1000+0 records in
1000+0 records out
1048576000 bytes (1.0 GB) copied, 1.9367 s, 541 MB/s
3c84e34b319946f6531a2c4559f588a8  -

real	0m1.940s
user	0m1.784s
sys	0m0.505s
1000+0 records in
1000+0 records out
1048576000 bytes (1.0 GB) copied, 1.91656 s, 547 MB/s
3c84e34b319946f6531a2c4559f588a8  -

real	0m1.919s
user	0m1.762s
sys	0m0.504s
1000+0 records in
1000+0 records out
1048576000 bytes (1.0 GB) copied, 1.95822 s, 535 MB/s
3c84e34b319946f6531a2c4559f588a8  -

real	0m1.961s
user	0m1.809s
sys	0m0.512s
1000+0 records in
1000+0 records out
1048576000 bytes (1.0 GB) copied, 1.92599 s, 544 MB/s
3c84e34b319946f6531a2c4559f588a8  -

real	0m1.929s
user	0m1.786s
sys	0m0.492s
1000+0 records in
1000+0 records out
1048576000 bytes (1.0 GB) copied, 1.94553 s, 539 MB/s
3c84e34b319946f6531a2c4559f588a8  -

real	0m1.948s
user	0m1.797s
sys	0m0.503s
1000+0 records in
1000+0 records out
1048576000 bytes (1.0 GB) copied, 1.92044 s, 546 MB/s
3c84e34b319946f6531a2c4559f588a8  -

real	0m1.923s
user	0m1.753s
sys	0m0.520s
1000+0 records in
1000+0 records out
1048576000 bytes (1.0 GB) copied, 1.92925 s, 544 MB/s
3c84e34b319946f6531a2c4559f588a8  -

real	0m1.932s
user	0m1.770s
sys	0m0.510s
1000+0 records in
1000+0 records out
1048576000 bytes (1.0 GB) copied, 2.05953 s, 509 MB/s
3c84e34b319946f6531a2c4559f588a8  -

real	0m2.062s
user	0m1.900s
sys	0m0.532s
1000+0 records in
1000+0 records out
1048576000 bytes (1.0 GB) copied, 2.00078 s, 524 MB/s
3c84e34b319946f6531a2c4559f588a8  -

real	0m2.004s
user	0m1.859s
sys	0m0.509s
1000+0 records in
1000+0 records out
1048576000 bytes (1.0 GB) copied, 1.96266 s, 534 MB/s
3c84e34b319946f6531a2c4559f588a8  -

real	0m1.966s
user	0m1.793s
sys	0m0.560s
1000+0 records in
1000+0 records out
1048576000 bytes (1.0 GB) copied, 2.06036 s, 509 MB/s
3c84e34b319946f6531a2c4559f588a8  -

real	0m2.063s
user	0m1.874s
sys	0m0.562s
1000+0 records in
1000+0 records out
1048576000 bytes (1.0 GB) copied, 2.01697 s, 520 MB/s
3c84e34b319946f6531a2c4559f588a8  -

real	0m2.020s
user	0m1.822s
sys	0m0.557s
1000+0 records in
1000+0 records out
1048576000 bytes (1.0 GB) copied, 2.06605 s, 508 MB/s
3c84e34b319946f6531a2c4559f588a8  -

real	0m2.069s
user	0m1.892s
sys	0m0.549s
1000+0 records in
1000+0 records out
3c84e34b319946f6531a2c4559f588a8  -
1048576000 bytes (1.0 GB) copied, 2.03258 s, 516 MB/s

real	0m2.036s
user	0m1.860s
sys	0m0.542s
1000+0 records in
1000+0 records out
1048576000 bytes (1.0 GB) copied, 1.94766 s, 538 MB/s
3c84e34b319946f6531a2c4559f588a8  -

real	0m1.951s
user	0m1.784s
sys	0m0.524s
1000+0 records in
1000+0 records out
1048576000 bytes (1.0 GB) copied, 1.91778 s, 547 MB/s
3c84e34b319946f6531a2c4559f588a8  -

real	0m1.921s
user	0m1.761s
sys	0m0.509s
1000+0 records in
1000+0 records out
1048576000 bytes (1.0 GB) copied, 2.03257 s, 516 MB/s
3c84e34b319946f6531a2c4559f588a8  -

real	0m2.035s
user	0m1.870s
sys	0m0.535s
1000+0 records in
1000+0 records out
1048576000 bytes (1.0 GB) copied, 1.9408 s, 540 MB/s
3c84e34b319946f6531a2c4559f588a8  -

real	0m1.944s
user	0m1.776s
sys	0m0.522s
1000+0 records in
1000+0 records out
1048576000 bytes (1.0 GB) copied, 1.94759 s, 538 MB/s
3c84e34b319946f6531a2c4559f588a8  -

real	0m1.951s
user	0m1.780s
sys	0m0.526s
1000+0 records in
1000+0 records out
1048576000 bytes (1.0 GB) copied, 2.06756 s, 507 MB/s
3c84e34b319946f6531a2c4559f588a8  -

real	0m2.071s
user	0m1.884s
sys	0m0.559s
1000+0 records in
1000+0 records out
1048576000 bytes (1.0 GB) copied, 1.91425 s, 548 MB/s
3c84e34b319946f6531a2c4559f588a8  -

real	0m1.918s
user	0m1.770s
sys	0m0.497s
1000+0 records in
1000+0 records out
1048576000 bytes (1.0 GB) copied, 1.94367 s, 539 MB/s
3c84e34b319946f6531a2c4559f588a8  -

real	0m1.947s
user	0m1.789s
sys	0m0.516s
1000+0 records in
1000+0 records out
1048576000 bytes (1.0 GB) copied, 1.92077 s, 546 MB/s
3c84e34b319946f6531a2c4559f588a8  -

real	0m1.924s
user	0m1.771s
sys	0m0.500s
1000+0 records in
1000+0 records out
1048576000 bytes (1.0 GB) copied, 2.052 s, 511 MB/s
3c84e34b319946f6531a2c4559f588a8  -

real	0m2.066s
user	0m1.875s
sys	0m0.549s
1000+0 records in
1000+0 records out
1048576000 bytes (1.0 GB) copied, 1.94067 s, 540 MB/s
3c84e34b319946f6531a2c4559f588a8  -

real	0m1.944s
user	0m1.782s
sys	0m0.520s
1000+0 records in
1000+0 records out
1048576000 bytes (1.0 GB) copied, 1.92019 s, 546 MB/s
3c84e34b319946f6531a2c4559f588a8  -

real	0m1.923s
user	0m1.790s
sys	0m0.483s
1000+0 records in
1000+0 records out
1048576000 bytes (1.0 GB) copied, 1.93673 s, 541 MB/s
3c84e34b319946f6531a2c4559f588a8  -

real	0m1.939s
user	0m1.776s
sys	0m0.513s
1000+0 records in
1000+0 records out
1048576000 bytes (1.0 GB) copied, 1.94154 s, 540 MB/s
3c84e34b319946f6531a2c4559f588a8  -

real	0m1.945s
user	0m1.780s
sys	0m0.518s
1000+0 records in
1000+0 records out
1048576000 bytes (1.0 GB) copied, 1.99653 s, 525 MB/s
3c84e34b319946f6531a2c4559f588a8  -

real	0m1.999s
user	0m1.848s
sys	0m0.515s
1000+0 records in
1000+0 records out
1048576000 bytes (1.0 GB) copied, 1.92119 s, 546 MB/s
3c84e34b319946f6531a2c4559f588a8  -

real	0m1.924s
user	0m1.769s
sys	0m0.503s
1000+0 records in
1000+0 records out
1048576000 bytes (1.0 GB) copied, 2.01116 s, 521 MB/s
3c84e34b319946f6531a2c4559f588a8  -

real	0m2.014s
user	0m1.833s
sys	0m0.546s
1000+0 records in
1000+0 records out
1048576000 bytes (1.0 GB) copied, 2.025 s, 518 MB/s
3c84e34b319946f6531a2c4559f588a8  -

real	0m2.028s
user	0m1.853s
sys	0m0.542s
1000+0 records in
1000+0 records out
1048576000 bytes (1.0 GB) copied, 1.9408 s, 540 MB/s
3c84e34b319946f6531a2c4559f588a8  -

real	0m1.944s
user	0m1.787s
sys	0m0.511s
1000+0 records in
1000+0 records out
1048576000 bytes (1.0 GB) copied, 2.05498 s, 510 MB/s
3c84e34b319946f6531a2c4559f588a8  -

real	0m2.058s
user	0m1.874s
sys	0m0.551s
1000+0 records in
1000+0 records out
1048576000 bytes (1.0 GB) copied, 1.90769 s, 550 MB/s
3c84e34b319946f6531a2c4559f588a8  -

real	0m1.910s
user	0m1.770s
sys	0m0.489s
