500+0 records in
500+0 records out
afbad591ee2b70ac94258fbc7fac3bf2  -
524288000 bytes (524 MB) copied, 1.0663 s, 492 MB/s

real	0m1.069s
user	0m0.947s
sys	0m0.318s
500+0 records in
500+0 records out
524288000 bytes (524 MB) copied, 1.02047 s, 514 MB/s
afbad591ee2b70ac94258fbc7fac3bf2  -

real	0m1.023s
user	0m0.922s
sys	0m0.288s
500+0 records in
500+0 records out
524288000 bytes (524 MB) copiedafbad591ee2b70ac94258fbc7fac3bf2  -
, 1.01992 s, 514 MB/s

real	0m1.023s
user	0m0.942s
sys	0m0.272s
500+0 records in
500+0 records out
524288000 bytes (524 MB) copied, 1.06677 s, 491 MB/s
afbad591ee2b70ac94258fbc7fac3bf2  -

real	0m1.070s
user	0m0.972s
sys	0m0.294s
500+0 records in
500+0 records out
524288000 bytes (524 MB) copied, 1.02041 s, 514 MB/s
afbad591ee2b70ac94258fbc7fac3bf2  -

real	0m1.023s
user	0m0.950s
sys	0m0.264s
500+0 records in
500+0 records out
524288000 bytes (524 MB) copied, 0.954791 s, 549 MB/s
afbad591ee2b70ac94258fbc7fac3bf2  -

real	0m0.957s
user	0m0.879s
sys	0m0.249s
500+0 records in
500+0 records out
524288000 bytes (524 MB) copied, 1.01877 s, 515 MB/s
afbad591ee2b70ac94258fbc7fac3bf2  -

real	0m1.022s
user	0m0.921s
sys	0m0.287s
500+0 records in
500+0 records out
524288000 bytes (524 MB) copied, 0.9707 s, 540 MB/s
afbad591ee2b70ac94258fbc7fac3bf2  -

real	0m0.973s
user	0m0.897s
sys	0m0.255s
500+0 records in
500+0 records out
524288000 bytes (524 MB) copied, 1.05911 s, 495 MB/s
afbad591ee2b70ac94258fbc7fac3bf2  -

real	0m1.062s
user	0m0.951s
sys	0m0.306s
500+0 records in
500+0 records out
524288000 bytes (524 MB) copied, 1.00367 s, 522 MB/s
afbad591ee2b70ac94258fbc7fac3bf2  -

real	0m1.006s
user	0m0.933s
sys	0m0.253s
500+0 records in
500+0 records out
524288000 bytes (524 MB) copied, 1.01514 s, 516 MB/s
afbad591ee2b70ac94258fbc7fac3bf2  -

real	0m1.018s
user	0m0.936s
sys	0m0.267s
500+0 records in
500+0 records out
524288000 bytes (524 MB) copied, 1.03989 s, 504 MB/s
afbad591ee2b70ac94258fbc7fac3bf2  -

real	0m1.042s
user	0m0.941s
sys	0m0.294s
500+0 records in
500+0 records out
524288000 bytes (524 MB) copied, 0.961888 s, 545 MB/s
afbad591ee2b70ac94258fbc7fac3bf2  -

real	0m0.965s
user	0m0.880s
sys	0m0.260s
500+0 records in
500+0 records out
524288000 bytes (524 MB) copied, 1.02345 s, 512 MB/s
afbad591ee2b70ac94258fbc7fac3bf2  -

real	0m1.026s
user	0m0.952s
sys	0m0.266s
500+0 records in
500+0 records out
524288000 bytes (524 MB) copied, 0.960039 s, 546 MB/s
afbad591ee2b70ac94258fbc7fac3bf2  -

real	0m0.963s
user	0m0.883s
sys	0m0.255s
500+0 records in
500+0 records out
524288000 bytes (524 MB) copied, 1.02327 s, 512 MB/s
afbad591ee2b70ac94258fbc7fac3bf2  -

real	0m1.026s
user	0m0.958s
sys	0m0.252s
500+0 records in
500+0 records out
524288000 bytes (524 MB) copied, 0.964803 s, 543 MB/s
afbad591ee2b70ac94258fbc7fac3bf2  -

real	0m0.967s
user	0m0.902s
sys	0m0.236s
500+0 records in
500+0 records out
524288000 bytes (524 MB) copied, 1.05739 s, 496 MB/s
afbad591ee2b70ac94258fbc7fac3bf2  -

real	0m1.060s
user	0m0.978s
sys	0m0.272s
500+0 records in
500+0 records out
524288000 bytes (524 MB) copied, 0.979229 s, 535 MB/s
afbad591ee2b70ac94258fbc7fac3bf2  -

real	0m0.982s
user	0m0.900s
sys	0m0.260s
500+0 records in
500+0 records out
524288000 bytes (524 MB) copied, 1.06197 s, 494 MB/s
afbad591ee2b70ac94258fbc7fac3bf2  -

real	0m1.065s
user	0m0.983s
sys	0m0.274s
500+0 records in
500+0 records out
524288000 bytes (524 MB) copied, 0.959982 s, 546 MB/s
afbad591ee2b70ac94258fbc7fac3bf2  -

real	0m0.963s
user	0m0.892s
sys	0m0.244s
500+0 records in
500+0 records out
524288000 bytes (524 MB) copied, 1.06728 s, 491 MB/s
afbad591ee2b70ac94258fbc7fac3bf2  -

real	0m1.070s
user	0m0.997s
sys	0m0.260s
500+0 records in
500+0 records out
524288000 bytes (524 MB) copied, 1.02065 s, 514 MB/s
afbad591ee2b70ac94258fbc7fac3bf2  -

real	0m1.024s
user	0m0.945s
sys	0m0.263s
500+0 records in
500+0 records out
524288000 bytes (524 MB) copied, 1.0079 s, 520 MB/s
afbad591ee2b70ac94258fbc7fac3bf2  -

real	0m1.011s
user	0m0.943s
sys	0m0.252s
500+0 records in
500+0 records out
524288000 bytes (524 MB) copied, 1.01322 s, 517 MB/s
afbad591ee2b70ac94258fbc7fac3bf2  -

real	0m1.016s
user	0m0.936s
sys	0m0.263s
500+0 records in
500+0 records out
524288000 bytes (524 MB) copied, 1.00364 s, 522 MB/s
afbad591ee2b70ac94258fbc7fac3bf2  -

real	0m1.006s
user	0m0.925s
sys	0m0.269s
500+0 records in
500+0 records out
524288000 bytes (524 MB) copied, 0.960981 s, 546 MB/s
afbad591ee2b70ac94258fbc7fac3bf2  -

real	0m0.963s
user	0m0.903s
sys	0m0.232s
500+0 records in
500+0 records out
524288000 bytes (524 MB) copied, 1.06426 s, 493 MB/s
afbad591ee2b70ac94258fbc7fac3bf2  -

real	0m1.067s
user	0m0.961s
sys	0m0.295s
500+0 records in
500+0 records out
524288000 bytes (524 MB) copied, 1.07538 s, 488 MB/s
afbad591ee2b70ac94258fbc7fac3bf2  -

real	0m1.078s
user	0m0.920s
sys	0m0.343s
500+0 records in
500+0 records out
524288000 bytes (524 MB) copied, 0.978945 s, 536 MB/s
afbad591ee2b70ac94258fbc7fac3bf2  -

real	0m0.982s
user	0m0.893s
sys	0m0.266s
500+0 records in
500+0 records out
524288000 bytes (524 MB) copied, 1.01032 s, 519 MB/s
afbad591ee2b70ac94258fbc7fac3bf2  -

real	0m1.013s
user	0m0.935s
sys	0m0.266s
500+0 records in
500+0 records out
524288000 bytes (524 MB) copied, 0.962043 s, 545 MB/s
afbad591ee2b70ac94258fbc7fac3bf2  -

real	0m0.965s
user	0m0.892s
sys	0m0.244s
500+0 records in
500+0 records out
524288000 bytes (524 MB) copied, 1.03623 s, 506 MB/s
afbad591ee2b70ac94258fbc7fac3bf2  -

real	0m1.039s
user	0m0.940s
sys	0m0.294s
500+0 records in
500+0 records out
524288000 bytes (524 MB) copied, 0.974104 s, 538 MB/s
afbad591ee2b70ac94258fbc7fac3bf2  -

real	0m0.977s
user	0m0.904s
sys	0m0.250s
500+0 records in
500+0 records out
524288000 bytes (524 MB) copied, 0.959733 s, 546 MB/s
afbad591ee2b70ac94258fbc7fac3bf2  -

real	0m0.962s
user	0m0.881s
sys	0m0.253s
500+0 records in
500+0 records out
524288000 bytes (524 MB) copied, 0.974674 s, 538 MB/s
afbad591ee2b70ac94258fbc7fac3bf2  -

real	0m0.977s
user	0m0.912s
sys	0m0.240s
500+0 records in
500+0 records out
524288000 bytes (524 MB) copied, 1.01406 s, 517 MB/s
afbad591ee2b70ac94258fbc7fac3bf2  -

real	0m1.017s
user	0m0.943s
sys	0m0.256s
500+0 records in
500+0 records out
524288000 bytes (524 MB) copied, 1.03542 s, 506 MB/s
afbad591ee2b70ac94258fbc7fac3bf2  -

real	0m1.038s
user	0m0.954s
sys	0m0.274s
500+0 records in
500+0 records out
524288000 bytes (524 MB) copied, 0.982677 s, 534 MB/s
afbad591ee2b70ac94258fbc7fac3bf2  -

real	0m0.985s
user	0m0.922s
sys	0m0.237s
500+0 records in
500+0 records out
524288000 bytes (524 MB) copied, 1.05196 s, 498 MB/s
afbad591ee2b70ac94258fbc7fac3bf2  -

real	0m1.055s
user	0m0.985s
sys	0m0.261s
500+0 records in
500+0 records out
524288000 bytes (524 MB) copied, 1.00888 s, 520 MB/s
afbad591ee2b70ac94258fbc7fac3bf2  -

real	0m1.011s
user	0m0.925s
sys	0m0.273s
500+0 records in
500+0 records out
524288000 bytes (524 MB) copied, 0.987256 s, 531 MB/s
afbad591ee2b70ac94258fbc7fac3bf2  -

real	0m0.990s
user	0m0.905s
sys	0m0.266s
500+0 records in
500+0 records out
524288000 bytes (524 MB) copied, 1.08445 s, 483 MB/s
afbad591ee2b70ac94258fbc7fac3bf2  -

real	0m1.087s
user	0m0.985s
sys	0m0.300s
500+0 records in
500+0 records out
524288000 bytes (524 MB) copied, 0.964046 s, 544 MB/s
afbad591ee2b70ac94258fbc7fac3bf2  -

real	0m0.966s
user	0m0.884s
sys	0m0.257s
500+0 records in
500+0 records out
524288000 bytes (524 MB) copied, 1.03287 s, 508 MB/s
afbad591ee2b70ac94258fbc7fac3bf2  -

real	0m1.035s
user	0m0.940s
sys	0m0.282s
500+0 records in
500+0 records out
524288000 bytes (524 MB) copied, 1.07719 s, 487 MB/s
afbad591ee2b70ac94258fbc7fac3bf2  -

real	0m1.080s
user	0m0.905s
sys	0m0.355s
500+0 records in
500+0 records out
524288000 bytes (524 MB) copied, 0.99399 s, 527 MB/s
afbad591ee2b70ac94258fbc7fac3bf2  -

real	0m0.997s
user	0m0.915s
sys	0m0.266s
500+0 records in
500+0 records out
524288000 bytes (524 MB) copied, 1.0098 s, 519 MB/s
afbad591ee2b70ac94258fbc7fac3bf2  -

real	0m1.012s
user	0m0.937s
sys	0m0.261s
500+0 records in
500+0 records out
524288000 bytes (524 MB) copied, 0.954767 s, 549 MB/s
afbad591ee2b70ac94258fbc7fac3bf2  -

real	0m0.957s
user	0m0.891s
sys	0m0.237s
500+0 records in
500+0 records out
524288000 bytes (524 MB) copiedafbad591ee2b70ac94258fbc7fac3bf2  -
, 1.0213 s, 513 MB/s

real	0m1.024s
user	0m0.949s
sys	0m0.261s
500+0 records in
500+0 records out
524288000 bytes (524 MB) copied, 1.07925 s, 486 MB/s
afbad591ee2b70ac94258fbc7fac3bf2  -

real	0m1.082s
user	0m0.976s
sys	0m0.304s
500+0 records in
500+0 records out
524288000 bytes (524 MB) copied, 0.959138 s, 547 MB/s
afbad591ee2b70ac94258fbc7fac3bf2  -

real	0m0.961s
user	0m0.889s
sys	0m0.249s
500+0 records in
500+0 records out
524288000 bytes (524 MB) copied, 1.08349 s, 484 MB/s
afbad591ee2b70ac94258fbc7fac3bf2  -

real	0m1.086s
user	0m0.957s
sys	0m0.325s
500+0 records in
500+0 records out
524288000 bytes (524 MB) copied, 1.05038 s, 499 MB/s
afbad591ee2b70ac94258fbc7fac3bf2  -

real	0m1.053s
user	0m0.968s
sys	0m0.273s
500+0 records in
500+0 records out
524288000 bytes (524 MB) copied, 1.01603 s, 516 MB/s
afbad591ee2b70ac94258fbc7fac3bf2  -

real	0m1.019s
user	0m0.942s
sys	0m0.258s
500+0 records in
500+0 records out
524288000 bytes (524 MB) copied, 1.03454 s, 507 MB/s
afbad591ee2b70ac94258fbc7fac3bf2  -

real	0m1.037s
user	0m0.925s
sys	0m0.304s
500+0 records in
500+0 records out
524288000 bytes (524 MB) copied, 1.03394 s, 507 MB/s
afbad591ee2b70ac94258fbc7fac3bf2  -

real	0m1.036s
user	0m0.961s
sys	0m0.263s
500+0 records in
500+0 records out
524288000 bytes (524 MB) copied, 0.961416 s, 545 MB/s
afbad591ee2b70ac94258fbc7fac3bf2  -

real	0m0.964s
user	0m0.895s
sys	0m0.240s
500+0 records in
500+0 records out
524288000 bytes (524 MB) copied, 1.08522 s, 483 MB/s
afbad591ee2b70ac94258fbc7fac3bf2  -

real	0m1.088s
user	0m0.911s
sys	0m0.365s
500+0 records in
500+0 records out
524288000 bytes (524 MB) copied, 0.957424 s, 548 MB/s
afbad591ee2b70ac94258fbc7fac3bf2  -

real	0m0.960s
user	0m0.894s
sys	0m0.241s
500+0 records in
500+0 records out
524288000 bytes (524 MB) copied, 1.01424 s, 517 MB/s
afbad591ee2b70ac94258fbc7fac3bf2  -

real	0m1.017s
user	0m0.926s
sys	0m0.279s
500+0 records in
500+0 records out
524288000 bytes (524 MB) copied, 1.01265 s, 518 MB/s
afbad591ee2b70ac94258fbc7fac3bf2  -

real	0m1.015s
user	0m0.951s
sys	0m0.252s
500+0 records in
500+0 records out
524288000 bytes (524 MB) copied, 1.03689 s, 506 MB/s
afbad591ee2b70ac94258fbc7fac3bf2  -

real	0m1.040s
user	0m0.945s
sys	0m0.291s
500+0 records in
500+0 records out
524288000 bytes (524 MB) copied, 0.955075 s, 549 MB/s
afbad591ee2b70ac94258fbc7fac3bf2  -

real	0m0.958s
user	0m0.896s
sys	0m0.233s
500+0 records in
500+0 records out
524288000 bytes (524 MB) copied, 1.0285 s, 510 MB/s
afbad591ee2b70ac94258fbc7fac3bf2  -

real	0m1.031s
user	0m0.947s
sys	0m0.271s
500+0 records in
500+0 records out
524288000 bytes (524 MB) copied, 1.01226 s, 518 MB/s
afbad591ee2b70ac94258fbc7fac3bf2  -

real	0m1.015s
user	0m0.923s
sys	0m0.284s
500+0 records in
500+0 records out
524288000 bytes (524 MB) copied, 1.02775 s, 510 MB/s
afbad591ee2b70ac94258fbc7fac3bf2  -

real	0m1.030s
user	0m0.933s
sys	0m0.285s
500+0 records in
500+0 records out
524288000 bytes (524 MB) copied, 1.00117 s, 524 MB/s
afbad591ee2b70ac94258fbc7fac3bf2  -

real	0m1.004s
user	0m0.906s
sys	0m0.285s
500+0 records in
500+0 records out
524288000 bytes (524 MB) copied, 0.958475 s, 547 MB/s
afbad591ee2b70ac94258fbc7fac3bf2  -

real	0m0.961s
user	0m0.890s
sys	0m0.247s
500+0 records in
500+0 records out
524288000 bytes (524 MB) copied, 0.956471 s, 548 MB/s
afbad591ee2b70ac94258fbc7fac3bf2  -

real	0m0.959s
user	0m0.890s
sys	0m0.237s
500+0 records in
500+0 records out
524288000 bytes (524 MB) copied, 1.03901 s, 505 MB/s
afbad591ee2b70ac94258fbc7fac3bf2  -

real	0m1.042s
user	0m0.936s
sys	0m0.301s
500+0 records in
500+0 records out
524288000 bytes (524 MB) copied, 1.03139 s, 508 MB/s
afbad591ee2b70ac94258fbc7fac3bf2  -

real	0m1.034s
user	0m0.942s
sys	0m0.286s
500+0 records in
500+0 records out
524288000 bytes (524 MB) copied, 1.09458 s, 479 MB/s
afbad591ee2b70ac94258fbc7fac3bf2  -

real	0m1.097s
user	0m0.995s
sys	0m0.304s
500+0 records in
500+0 records out
524288000 bytes (524 MB) copied, 1.0175 s, 515 MB/s
afbad591ee2b70ac94258fbc7fac3bf2  -

real	0m1.020s
user	0m0.931s
sys	0m0.276s
500+0 records in
500+0 records out
524288000 bytes (524 MB) copied, 0.990936 s, 529 MB/s
afbad591ee2b70ac94258fbc7fac3bf2  -

real	0m0.994s
user	0m0.906s
sys	0m0.268s
500+0 records in
500+0 records out
524288000 bytes (524 MB) copied, 1.12662 s, 465 MB/s
afbad591ee2b70ac94258fbc7fac3bf2  -

real	0m1.129s
user	0m0.983s
sys	0m0.360s
500+0 records in
500+0 records out
524288000 bytes (524 MB) copied, 0.976913 s, 537 MB/s
afbad591ee2b70ac94258fbc7fac3bf2  -

real	0m0.979s
user	0m0.901s
sys	0m0.251s
500+0 records in
500+0 records out
524288000 bytes (524 MB) copied, 1.07342 s, 488 MB/s
afbad591ee2b70ac94258fbc7fac3bf2  -

real	0m1.076s
user	0m1.000s
sys	0m0.268s
500+0 records in
500+0 records out
524288000 bytes (524 MB) copied, 0.97656 s, 537 MB/s
afbad591ee2b70ac94258fbc7fac3bf2  -

real	0m0.979s
user	0m0.905s
sys	0m0.246s
500+0 records in
500+0 records out
524288000 bytes (524 MB) copied, 0.974347 s, 538 MB/s
afbad591ee2b70ac94258fbc7fac3bf2  -

real	0m0.977s
user	0m0.904s
sys	0m0.245s
500+0 records in
500+0 records out
524288000 bytes (524 MB) copied, 1.03484 s, 507 MB/s
afbad591ee2b70ac94258fbc7fac3bf2  -

real	0m1.038s
user	0m0.961s
sys	0m0.273s
500+0 records in
500+0 records out
524288000 bytes (524 MB) copied, 1.04002 s, 504 MB/s
afbad591ee2b70ac94258fbc7fac3bf2  -

real	0m1.043s
user	0m0.959s
sys	0m0.279s
500+0 records in
500+0 records out
524288000 bytes (524 MB) copied, 0.976655 s, 537 MB/s
afbad591ee2b70ac94258fbc7fac3bf2  -

real	0m0.979s
user	0m0.910s
sys	0m0.242s
500+0 records in
500+0 records out
524288000 bytes (524 MB) copied, 1.01189 s, 518 MB/s
afbad591ee2b70ac94258fbc7fac3bf2  -

real	0m1.014s
user	0m0.937s
sys	0m0.266s
500+0 records in
500+0 records out
524288000 bytes (524 MB) copied, 0.958462 s, 547 MB/s
afbad591ee2b70ac94258fbc7fac3bf2  -

real	0m0.961s
user	0m0.898s
sys	0m0.235s
500+0 records in
500+0 records out
524288000 bytes (524 MB) copied, 1.12251 s, 467 MB/s
afbad591ee2b70ac94258fbc7fac3bf2  -

real	0m1.125s
user	0m0.974s
sys	0m0.345s
500+0 records in
500+0 records out
524288000 bytes (524 MB) copied, 0.991267 s, 529 MB/s
afbad591ee2b70ac94258fbc7fac3bf2  -

real	0m0.994s
user	0m0.915s
sys	0m0.259s
500+0 records in
500+0 records out
524288000 bytes (524 MB) copied, 1.0702 s, 490 MB/s
afbad591ee2b70ac94258fbc7fac3bf2  -

real	0m1.073s
user	0m0.931s
sys	0m0.336s
500+0 records in
500+0 records out
524288000 bytes (524 MB) copied, 1.02822 s, 510 MB/s
afbad591ee2b70ac94258fbc7fac3bf2  -

real	0m1.031s
user	0m0.948s
sys	0m0.265s
500+0 records in
500+0 records out
524288000 bytes (524 MB) copied, 0.96522 s, 543 MB/s
afbad591ee2b70ac94258fbc7fac3bf2  -

real	0m0.968s
user	0m0.888s
sys	0m0.257s
500+0 records in
500+0 records out
524288000 bytes (524 MB) copied, 1.06693 s, 491 MB/s
afbad591ee2b70ac94258fbc7fac3bf2  -

real	0m1.070s
user	0m0.977s
sys	0m0.284s
500+0 records in
500+0 records out
524288000 bytes (524 MB) copied, 1.07776 s, 486 MB/s
afbad591ee2b70ac94258fbc7fac3bf2  -

real	0m1.080s
user	0m0.978s
sys	0m0.297s
500+0 records in
500+0 records out
524288000 bytes (524 MB) copied, 1.02764 s, 510 MB/s
afbad591ee2b70ac94258fbc7fac3bf2  -

real	0m1.030s
user	0m0.932s
sys	0m0.291s
500+0 records in
500+0 records out
524288000 bytes (524 MB) copied, 1.06306 s, 493 MB/s
afbad591ee2b70ac94258fbc7fac3bf2  -

real	0m1.066s
user	0m0.953s
sys	0m0.311s
500+0 records in
500+0 records out
524288000 bytes (524 MB) copied, 1.02238 s, 513 MB/s
afbad591ee2b70ac94258fbc7fac3bf2  -

real	0m1.025s
user	0m0.956s
sys	0m0.256s
500+0 records in
500+0 records out
524288000 bytes (524 MB) copied, 0.981047 s, 534 MB/s
afbad591ee2b70ac94258fbc7fac3bf2  -

real	0m0.984s
user	0m0.911s
sys	0m0.244s
500+0 records in
500+0 records out
524288000 bytes (524 MB) copied, 1.00404 s, 522 MB/s
afbad591ee2b70ac94258fbc7fac3bf2  -

real	0m1.006s
user	0m0.934s
sys	0m0.259s
500+0 records in
500+0 records out
524288000 bytes (524 MB) copied, 1.03714 s, 506 MB/s
afbad591ee2b70ac94258fbc7fac3bf2  -

real	0m1.040s
user	0m0.957s
sys	0m0.272s
500+0 records in
500+0 records out
524288000 bytes (524 MB) copied, 0.972676 s, 539 MB/s
afbad591ee2b70ac94258fbc7fac3bf2  -

real	0m0.977s
user	0m0.887s
sys	0m0.268s
500+0 records in
500+0 records out
524288000 bytes (524 MB) copied, 1.07894 s, 486 MB/s
afbad591ee2b70ac94258fbc7fac3bf2  -

real	0m1.082s
user	0m0.936s
sys	0m0.332s
500+0 records in
500+0 records out
524288000 bytes (524 MB) copied, 1.02797 s, 510 MB/s
afbad591ee2b70ac94258fbc7fac3bf2  -

real	0m1.031s
user	0m0.941s
sys	0m0.276s
500+0 records in
500+0 records out
524288000 bytes (524 MB) copied, 0.959148 s, 547 MB/s
afbad591ee2b70ac94258fbc7fac3bf2  -

real	0m0.962s
user	0m0.895s
sys	0m0.243s
500+0 records in
500+0 records out
524288000 bytes (524 MB) copied, 1.07577 s, 487 MB/s
afbad591ee2b70ac94258fbc7fac3bf2  -

real	0m1.079s
user	0m0.980s
sys	0m0.295s
500+0 records in
500+0 records out
524288000 bytes (524 MB) copied, 0.986835 s, 531 MB/s
afbad591ee2b70ac94258fbc7fac3bf2  -

real	0m0.989s
user	0m0.911s
sys	0m0.255s
500+0 records in
500+0 records out
524288000 bytes (524 MB) copied, 0.962524 s, 545 MB/s
afbad591ee2b70ac94258fbc7fac3bf2  -

real	0m0.965s
user	0m0.897s
sys	0m0.240s
500+0 records in
500+0 records out
524288000 bytes (524 MB) copied, 1.04951 s, 500 MB/s
afbad591ee2b70ac94258fbc7fac3bf2  -

real	0m1.052s
user	0m0.975s
sys	0m0.267s
500+0 records in
500+0 records out
524288000 bytes (524 MB) copied, 1.01583 s, 516 MB/s
afbad591ee2b70ac94258fbc7fac3bf2  -

real	0m1.018s
user	0m0.917s
sys	0m0.288s
500+0 records in
500+0 records out
524288000 bytes (524 MB) copied, 1.02868 s, 510 MB/s
afbad591ee2b70ac94258fbc7fac3bf2  -

real	0m1.032s
user	0m0.949s
sys	0m0.267s
500+0 records in
500+0 records out
524288000 bytes (524 MB) copied, 1.0037 s, 522 MB/s
afbad591ee2b70ac94258fbc7fac3bf2  -

real	0m1.006s
user	0m0.912s
sys	0m0.276s
500+0 records in
500+0 records out
524288000 bytes (524 MB) copied, 1.02503 s, 511 MB/s
afbad591ee2b70ac94258fbc7fac3bf2  -

real	0m1.027s
user	0m0.935s
sys	0m0.280s
500+0 records in
500+0 records out
524288000 bytes (524 MB) copied, 0.981977 s, 534 MB/s
afbad591ee2b70ac94258fbc7fac3bf2  -

real	0m0.985s
user	0m0.904s
sys	0m0.255s
500+0 records in
500+0 records out
524288000 bytes (524 MB) copied, 1.02342 s, 512 MB/s
afbad591ee2b70ac94258fbc7fac3bf2  -

real	0m1.026s
user	0m0.940s
sys	0m0.271s
500+0 records in
500+0 records out
524288000 bytes (524 MB) copied, 0.989946 s, 530 MB/s
afbad591ee2b70ac94258fbc7fac3bf2  -

real	0m0.993s
user	0m0.908s
sys	0m0.265s
500+0 records in
500+0 records out
524288000 bytes (524 MB) copied, 0.978209 s, 536 MB/s
afbad591ee2b70ac94258fbc7fac3bf2  -

real	0m0.981s
user	0m0.899s
sys	0m0.256s
500+0 records in
500+0 records out
524288000 bytes (524 MB) copied, 1.03314 s, 507 MB/s
afbad591ee2b70ac94258fbc7fac3bf2  -

real	0m1.036s
user	0m0.936s
sys	0m0.289s
500+0 records in
500+0 records out
524288000 bytes (524 MB) copied, 0.979807 s, 535 MB/s
afbad591ee2b70ac94258fbc7fac3bf2  -

real	0m0.983s
user	0m0.881s
sys	0m0.280s
500+0 records in
500+0 records out
524288000 bytes (524 MB) copied, 1.04882 s, 500 MB/s
afbad591ee2b70ac94258fbc7fac3bf2  -

real	0m1.051s
user	0m0.947s
sys	0m0.297s
500+0 records in
500+0 records out
524288000 bytes (524 MB) copied, 0.978921 s, 536 MB/s
afbad591ee2b70ac94258fbc7fac3bf2  -

real	0m0.982s
user	0m0.897s
sys	0m0.257s
500+0 records in
500+0 records out
524288000 bytes (524 MB) copied, 1.02423 s, 512 MB/s
afbad591ee2b70ac94258fbc7fac3bf2  -

real	0m1.027s
user	0m0.948s
sys	0m0.265s
500+0 records in
500+0 records out
524288000 bytes (524 MB) copied, 0.953419 s, 550 MB/s
afbad591ee2b70ac94258fbc7fac3bf2  -

real	0m0.956s
user	0m0.886s
sys	0m0.239s
500+0 records in
500+0 records out
524288000 bytes (524 MB) copied, 1.02236 s, 513 MB/s
afbad591ee2b70ac94258fbc7fac3bf2  -

real	0m1.025s
user	0m0.959s
sys	0m0.242s
500+0 records in
500+0 records out
524288000 bytes (524 MB) copied, 0.961012 s, 546 MB/s
afbad591ee2b70ac94258fbc7fac3bf2  -

real	0m0.964s
user	0m0.878s
sys	0m0.256s
500+0 records in
500+0 records out
524288000 bytes (524 MB) copied, 1.01902 s, 515 MB/s
afbad591ee2b70ac94258fbc7fac3bf2  -

real	0m1.022s
user	0m0.947s
sys	0m0.261s
500+0 records in
500+0 records out
524288000 bytes (524 MB) copied, 0.957566 s, 548 MB/s
afbad591ee2b70ac94258fbc7fac3bf2  -

real	0m0.960s
user	0m0.890s
sys	0m0.238s
500+0 records in
500+0 records out
524288000 bytes (524 MB) copied, 1.0225 s, 513 MB/s
afbad591ee2b70ac94258fbc7fac3bf2  -

real	0m1.025s
user	0m0.954s
sys	0m0.262s
500+0 records in
500+0 records out
524288000 bytes (524 MB) copied, 0.974315 s, 538 MB/s
afbad591ee2b70ac94258fbc7fac3bf2  -

real	0m0.977s
user	0m0.886s
sys	0m0.266s
500+0 records in
500+0 records out
524288000 bytes (524 MB) copied, 1.02019 s, 514 MB/s
afbad591ee2b70ac94258fbc7fac3bf2  -

real	0m1.023s
user	0m0.932s
sys	0m0.280s
500+0 records in
500+0 records out
524288000 bytes (524 MB) copied, 0.978123 s, 536 MB/s
afbad591ee2b70ac94258fbc7fac3bf2  -

real	0m0.981s
user	0m0.895s
sys	0m0.263s
500+0 records in
500+0 records out
524288000 bytes (524 MB) copied, 1.0337 s, 507 MB/s
afbad591ee2b70ac94258fbc7fac3bf2  -

real	0m1.036s
user	0m0.946s
sys	0m0.279s
500+0 records in
500+0 records out
524288000 bytes (524 MB) copied, 0.972165 s, 539 MB/s
afbad591ee2b70ac94258fbc7fac3bf2  -

real	0m0.975s
user	0m0.909s
sys	0m0.238s
500+0 records in
500+0 records out
524288000 bytes (524 MB) copied, 0.953591 s, 550 MB/s
afbad591ee2b70ac94258fbc7fac3bf2  -

real	0m0.956s
user	0m0.880s
sys	0m0.246s
500+0 records in
500+0 records out
524288000 bytes (524 MB) copied, 1.01852 s, 515 MB/s
afbad591ee2b70ac94258fbc7fac3bf2  -

real	0m1.021s
user	0m0.941s
sys	0m0.260s
500+0 records in
500+0 records out
524288000 bytes (524 MB) copied, 1.07194 s, 489 MB/s
afbad591ee2b70ac94258fbc7fac3bf2  -

real	0m1.074s
user	0m0.984s
sys	0m0.289s
500+0 records in
500+0 records out
524288000 bytes (524 MB) copied, 0.991229 s, 529 MB/s
afbad591ee2b70ac94258fbc7fac3bf2  -

real	0m0.994s
user	0m0.914s
sys	0m0.261s
500+0 records in
500+0 records out
524288000 bytes (524 MB) copied, 1.00259 s, 523 MB/s
afbad591ee2b70ac94258fbc7fac3bf2  -

real	0m1.006s
user	0m0.909s
sys	0m0.280s
500+0 records in
500+0 records out
524288000 bytes (524 MB) copied, 1.06152 s, 494 MB/s
afbad591ee2b70ac94258fbc7fac3bf2  -

real	0m1.064s
user	0m0.972s
sys	0m0.287s
500+0 records in
500+0 records out
afbad591ee2b70ac94258fbc7fac3bf2  -
524288000 bytes (524 MB) copied, 1.01924 s, 514 MB/s

real	0m1.022s
user	0m0.915s
sys	0m0.289s
500+0 records in
500+0 records out
524288000 bytes (524 MB) copied, 0.989949 s, 530 MB/s
afbad591ee2b70ac94258fbc7fac3bf2  -

real	0m0.993s
user	0m0.911s
sys	0m0.264s
500+0 records in
500+0 records out
524288000 bytes (524 MB) copied, 0.959567 s, 546 MB/s
afbad591ee2b70ac94258fbc7fac3bf2  -

real	0m0.962s
user	0m0.885s
sys	0m0.253s
500+0 records in
500+0 records out
524288000 bytes (524 MB) copied, 1.01932 s, 514 MB/s
afbad591ee2b70ac94258fbc7fac3bf2  -

real	0m1.022s
user	0m0.940s
sys	0m0.267s
500+0 records in
500+0 records out
afbad591ee2b70ac94258fbc7fac3bf2  -
524288000 bytes (524 MB) copied, 1.03604 s, 506 MB/s

real	0m1.039s
user	0m0.922s
sys	0m0.305s
500+0 records in
500+0 records out
524288000 bytes (524 MB) copied, 1.02685 s, 511 MB/s
afbad591ee2b70ac94258fbc7fac3bf2  -

real	0m1.030s
user	0m0.944s
sys	0m0.270s
500+0 records in
500+0 records out
524288000 bytes (524 MB) copied, 1.01341 s, 517 MB/s
afbad591ee2b70ac94258fbc7fac3bf2  -

real	0m1.016s
user	0m0.917s
sys	0m0.281s
500+0 records in
500+0 records out
524288000 bytes (524 MB) copied, 1.01458 s, 517 MB/s
afbad591ee2b70ac94258fbc7fac3bf2  -

real	0m1.018s
user	0m0.926s
sys	0m0.273s
500+0 records in
500+0 records out
524288000 bytes (524 MB) copied, 0.994731 s, 527 MB/s
afbad591ee2b70ac94258fbc7fac3bf2  -

real	0m0.998s
user	0m0.909s
sys	0m0.267s
500+0 records in
500+0 records out
524288000 bytes (524 MB) copiedafbad591ee2b70ac94258fbc7fac3bf2  -
, 0.963189 s, 544 MB/s

real	0m0.966s
user	0m0.881s
sys	0m0.261s
500+0 records in
500+0 records out
524288000 bytes (524 MB) copied, 0.969503 s, 541 MB/s
afbad591ee2b70ac94258fbc7fac3bf2  -

real	0m0.973s
user	0m0.887s
sys	0m0.267s
500+0 records in
500+0 records out
524288000 bytes (524 MB) copied, 1.00263 s, 523 MB/s
afbad591ee2b70ac94258fbc7fac3bf2  -

real	0m1.006s
user	0m0.925s
sys	0m0.267s
500+0 records in
500+0 records out
524288000 bytes (524 MB) copied, 0.991599 s, 529 MB/s
afbad591ee2b70ac94258fbc7fac3bf2  -

real	0m0.994s
user	0m0.902s
sys	0m0.273s
500+0 records in
500+0 records out
524288000 bytes (524 MB) copied, 1.00375 s, 522 MB/s
afbad591ee2b70ac94258fbc7fac3bf2  -

real	0m1.007s
user	0m0.936s
sys	0m0.254s
500+0 records in
500+0 records out
524288000 bytes (524 MB) copied, 1.03758 s, 505 MB/s
afbad591ee2b70ac94258fbc7fac3bf2  -

real	0m1.041s
user	0m0.932s
sys	0m0.293s
500+0 records in
500+0 records out
524288000 bytes (524 MB) copied, 0.968263 s, 541 MB/s
afbad591ee2b70ac94258fbc7fac3bf2  -

real	0m0.971s
user	0m0.903s
sys	0m0.244s
500+0 records in
500+0 records out
524288000 bytes (524 MB) copied, 0.992946 s, 528 MB/s
afbad591ee2b70ac94258fbc7fac3bf2  -

real	0m0.996s
user	0m0.906s
sys	0m0.271s
500+0 records in
500+0 records out
524288000 bytes (524 MB) copied, 0.979154 s, 535 MB/s
afbad591ee2b70ac94258fbc7fac3bf2  -

real	0m0.982s
user	0m0.888s
sys	0m0.270s
500+0 records in
500+0 records out
524288000 bytes (524 MB) copied, 0.984882 s, 532 MB/s
afbad591ee2b70ac94258fbc7fac3bf2  -

real	0m0.988s
user	0m0.914s
sys	0m0.252s
500+0 records in
500+0 records out
524288000 bytes (524 MB) copied, 0.990241 s, 529 MB/s
afbad591ee2b70ac94258fbc7fac3bf2  -

real	0m0.993s
user	0m0.904s
sys	0m0.268s
500+0 records in
500+0 records out
524288000 bytes (524 MB) copied, 1.02617 s, 511 MB/s
afbad591ee2b70ac94258fbc7fac3bf2  -

real	0m1.029s
user	0m0.909s
sys	0m0.305s
500+0 records in
500+0 records out
524288000 bytes (524 MB) copied, 0.99263 s, 528 MB/s
afbad591ee2b70ac94258fbc7fac3bf2  -

real	0m0.996s
user	0m0.912s
sys	0m0.265s
500+0 records in
500+0 records out
524288000 bytes (524 MB) copied, 1.02836 s, 510 MB/s
afbad591ee2b70ac94258fbc7fac3bf2  -

real	0m1.032s
user	0m0.931s
sys	0m0.290s
500+0 records in
500+0 records out
524288000 bytes (524 MB) copied, 1.01082 s, 519 MB/s
afbad591ee2b70ac94258fbc7fac3bf2  -

real	0m1.014s
user	0m0.911s
sys	0m0.285s
500+0 records in
500+0 records out
524288000 bytes (524 MB) copied, 0.969019 s, 541 MB/s
afbad591ee2b70ac94258fbc7fac3bf2  -

real	0m0.971s
user	0m0.883s
sys	0m0.264s
500+0 records in
500+0 records out
524288000 bytes (524 MB) copied, 1.05999 s, 495 MB/s
afbad591ee2b70ac94258fbc7fac3bf2  -

real	0m1.063s
user	0m0.966s
sys	0m0.287s
500+0 records in
500+0 records out
524288000 bytes (524 MB) copied, 1.01413 s, 517 MB/s
afbad591ee2b70ac94258fbc7fac3bf2  -

real	0m1.017s
user	0m0.918s
sys	0m0.287s
500+0 records in
500+0 records out
524288000 bytes (524 MB) copied, 1.00899 s, 520 MB/s
afbad591ee2b70ac94258fbc7fac3bf2  -

real	0m1.012s
user	0m0.912s
sys	0m0.286s
500+0 records in
500+0 records out
524288000 bytes (524 MB) copied, 0.997985 s, 525 MB/s
afbad591ee2b70ac94258fbc7fac3bf2  -

real	0m1.001s
user	0m0.907s
sys	0m0.275s
500+0 records in
500+0 records out
524288000 bytes (524 MB) copied, 1.01554 s, 516 MB/s
afbad591ee2b70ac94258fbc7fac3bf2  -

real	0m1.018s
user	0m0.918s
sys	0m0.281s
500+0 records in
500+0 records out
524288000 bytes (524 MB) copied, 0.978774 s, 536 MB/s
afbad591ee2b70ac94258fbc7fac3bf2  -

real	0m0.982s
user	0m0.903s
sys	0m0.256s
500+0 records in
500+0 records out
524288000 bytes (524 MB) copied, 1.02198 s, 513 MB/s
afbad591ee2b70ac94258fbc7fac3bf2  -

real	0m1.025s
user	0m0.929s
sys	0m0.278s
500+0 records in
500+0 records out
524288000 bytes (524 MB) copied, 1.03329 s, 507 MB/s
afbad591ee2b70ac94258fbc7fac3bf2  -

real	0m1.037s
user	0m0.932s
sys	0m0.292s
500+0 records in
500+0 records out
524288000 bytes (524 MB) copied, 0.963473 s, 544 MB/s
afbad591ee2b70ac94258fbc7fac3bf2  -

real	0m0.966s
user	0m0.880s
sys	0m0.267s
500+0 records in
500+0 records out
524288000 bytes (524 MB) copied, 1.04985 s, 499 MB/s
afbad591ee2b70ac94258fbc7fac3bf2  -

real	0m1.053s
user	0m0.961s
sys	0m0.279s
500+0 records in
500+0 records out
524288000 bytes (524 MB) copied, 0.978288 s, 536 MB/s
afbad591ee2b70ac94258fbc7fac3bf2  -

real	0m0.981s
user	0m0.904s
sys	0m0.258s
500+0 records in
500+0 records out
524288000 bytes (524 MB) copied, 0.995279 s, 527 MB/s
afbad591ee2b70ac94258fbc7fac3bf2  -

real	0m0.998s
user	0m0.908s
sys	0m0.275s
500+0 records in
500+0 records out
524288000 bytes (524 MB) copied, 0.98154 s, 534 MB/s
afbad591ee2b70ac94258fbc7fac3bf2  -

real	0m0.985s
user	0m0.876s
sys	0m0.286s
500+0 records in
500+0 records out
524288000 bytes (524 MB) copied, 1.01005 s, 519 MB/s
afbad591ee2b70ac94258fbc7fac3bf2  -

real	0m1.013s
user	0m0.917s
sys	0m0.283s
500+0 records in
500+0 records out
524288000 bytes (524 MB) copied, 1.04928 s, 500 MB/s
afbad591ee2b70ac94258fbc7fac3bf2  -

real	0m1.052s
user	0m0.961s
sys	0m0.282s
500+0 records in
500+0 records out
524288000 bytes (524 MB) copied, 1.02732 s, 510 MB/s
afbad591ee2b70ac94258fbc7fac3bf2  -

real	0m1.030s
user	0m0.923s
sys	0m0.291s
500+0 records in
500+0 records out
524288000 bytes (524 MB) copied, 1.01107 s, 519 MB/s
afbad591ee2b70ac94258fbc7fac3bf2  -

real	0m1.014s
user	0m0.905s
sys	0m0.293s
500+0 records in
500+0 records out
524288000 bytes (524 MB) copied, 0.967206 s, 542 MB/s
afbad591ee2b70ac94258fbc7fac3bf2  -

real	0m0.970s
user	0m0.893s
sys	0m0.255s
500+0 records in
500+0 records out
524288000 bytes (524 MB) copied, 0.981729 s, 534 MB/s
afbad591ee2b70ac94258fbc7fac3bf2  -

real	0m0.985s
user	0m0.880s
sys	0m0.280s
500+0 records in
500+0 records out
524288000 bytes (524 MB) copied, 1.04829 s, 500 MB/s
afbad591ee2b70ac94258fbc7fac3bf2  -

real	0m1.051s
user	0m0.935s
sys	0m0.301s
500+0 records in
500+0 records out
524288000 bytes (524 MB) copied, 0.976028 s, 537 MB/s
afbad591ee2b70ac94258fbc7fac3bf2  -

real	0m0.979s
user	0m0.895s
sys	0m0.265s
500+0 records in
500+0 records out
524288000 bytes (524 MB) copied, 1.02198 s, 513 MB/s
afbad591ee2b70ac94258fbc7fac3bf2  -

real	0m1.025s
user	0m0.910s
sys	0m0.316s
500+0 records in
500+0 records out
524288000 bytes (524 MB) copied, 0.971151 s, 540 MB/s
afbad591ee2b70ac94258fbc7fac3bf2  -

real	0m0.978s
user	0m0.893s
sys	0m0.256s
500+0 records in
500+0 records out
524288000 bytes (524 MB) copied, 1.00828 s, 520 MB/s
afbad591ee2b70ac94258fbc7fac3bf2  -

real	0m1.011s
user	0m0.927s
sys	0m0.272s
500+0 records in
500+0 records out
524288000 bytes (524 MB) copied, 0.991783 s, 529 MB/s
afbad591ee2b70ac94258fbc7fac3bf2  -

real	0m0.994s
user	0m0.927s
sys	0m0.246s
500+0 records in
500+0 records out
524288000 bytes (524 MB) copied, 1.02599 s, 511 MB/s
afbad591ee2b70ac94258fbc7fac3bf2  -

real	0m1.029s
user	0m0.917s
sys	0m0.297s
500+0 records in
500+0 records out
524288000 bytes (524 MB) copied, 0.985113 s, 532 MB/s
afbad591ee2b70ac94258fbc7fac3bf2  -

real	0m0.988s
user	0m0.894s
sys	0m0.278s
500+0 records in
500+0 records out
524288000 bytes (524 MB) copied, 0.976025 s, 537 MB/s
afbad591ee2b70ac94258fbc7fac3bf2  -

real	0m0.979s
user	0m0.914s
sys	0m0.246s
500+0 records in
500+0 records out
524288000 bytes (524 MB) copied, 1.00267 s, 523 MB/s
afbad591ee2b70ac94258fbc7fac3bf2  -

real	0m1.006s
user	0m0.908s
sys	0m0.284s
500+0 records in
500+0 records out
524288000 bytes (524 MB) copied, 0.988807 s, 530 MB/s
afbad591ee2b70ac94258fbc7fac3bf2  -

real	0m0.992s
user	0m0.892s
sys	0m0.282s
500+0 records in
500+0 records out
524288000 bytes (524 MB) copied, 1.02338 s, 512 MB/s
afbad591ee2b70ac94258fbc7fac3bf2  -

real	0m1.026s
user	0m0.923s
sys	0m0.287s
500+0 records in
500+0 records out
524288000 bytes (524 MB) copied, 1.01867 s, 515 MB/s
afbad591ee2b70ac94258fbc7fac3bf2  -

real	0m1.022s
user	0m0.919s
sys	0m0.290s
500+0 records in
500+0 records out
524288000 bytes (524 MB) copied, 0.960723 s, 546 MB/s
afbad591ee2b70ac94258fbc7fac3bf2  -

real	0m0.964s
user	0m0.894s
sys	0m0.244s
500+0 records in
500+0 records out
524288000 bytes (524 MB) copied, 0.994491 s, 527 MB/s
afbad591ee2b70ac94258fbc7fac3bf2  -

real	0m0.997s
user	0m0.918s
sys	0m0.264s
500+0 records in
500+0 records out
524288000 bytes (524 MB) copied, 0.968243 s, 541 MB/s
afbad591ee2b70ac94258fbc7fac3bf2  -

real	0m0.971s
user	0m0.881s
sys	0m0.266s
500+0 records in
500+0 records out
524288000 bytes (524 MB) copied, 0.995051 s, 527 MB/s
afbad591ee2b70ac94258fbc7fac3bf2  -

real	0m0.998s
user	0m0.924s
sys	0m0.258s
500+0 records in
500+0 records out
afbad591ee2b70ac94258fbc7fac3bf2  -
524288000 bytes (524 MB) copied, 1.05036 s, 499 MB/s

real	0m1.053s
user	0m0.926s
sys	0m0.313s
500+0 records in
500+0 records out
524288000 bytes (524 MB) copied, 0.977245 s, 536 MB/s
afbad591ee2b70ac94258fbc7fac3bf2  -

real	0m0.980s
user	0m0.890s
sys	0m0.267s
500+0 records in
500+0 records out
524288000 bytes (524 MB) copied, 1.03417 s, 507 MB/s
afbad591ee2b70ac94258fbc7fac3bf2  -

real	0m1.037s
user	0m0.944s
sys	0m0.280s
