1000+0 records in
1000+0 records out
3c84e34b319946f6531a2c4559f588a8  -
1048576000 bytes (1.0 GB) copied, 2.29591 s, 457 MB/s

real	0m2.299s
user	0m2.037s
sys	0m0.578s
1000+0 records in
1000+0 records out
1048576000 bytes (1.0 GB) copied, 2.42097 s, 433 MB/s
3c84e34b319946f6531a2c4559f588a8  -

real	0m2.424s
user	0m2.135s
sys	0m0.605s
1000+0 records in
1000+0 records out
1048576000 bytes (1.0 GB) copied3c84e34b319946f6531a2c4559f588a8  -
, 2.11702 s, 495 MB/s

real	0m2.120s
user	0m1.862s
sys	0m0.558s
1000+0 records in
1000+0 records out
1048576000 bytes (1.0 GB) copied, 2.46036 s, 426 MB/s
3c84e34b319946f6531a2c4559f588a8  -

real	0m2.463s
user	0m2.104s
sys	0m0.591s
1000+0 records in
1000+0 records out
3c84e34b319946f6531a2c4559f588a8  -
1048576000 bytes (1.0 GB) copied, 2.20084 s, 476 MB/s

real	0m2.203s
user	0m1.906s
sys	0m0.536s
1000+0 records in
1000+0 records out
1048576000 bytes (1.0 GB) copied, 2.29625 s, 457 MB/s
3c84e34b319946f6531a2c4559f588a8  -

real	0m2.299s
user	0m2.031s
sys	0m0.619s
1000+0 records in
1000+0 records out
1048576000 bytes (1.0 GB) copied, 2.1915 s, 478 MB/s
3c84e34b319946f6531a2c4559f588a8  -

real	0m2.194s
user	0m1.952s
sys	0m0.563s
1000+0 records in
1000+0 records out
3c84e34b319946f6531a2c4559f588a8  -
1048576000 bytes (1.0 GB) copied, 2.51202 s, 417 MB/s

real	0m2.515s
user	0m2.079s
sys	0m0.700s
1000+0 records in
1000+0 records out
1048576000 bytes (1.0 GB) copied, 2.1508 s, 488 MB/s
3c84e34b319946f6531a2c4559f588a8  -

real	0m2.154s
user	0m1.927s
sys	0m0.536s
1000+0 records in
1000+0 records out
1048576000 bytes (1.0 GB) copied, 2.44622 s, 429 MB/s
3c84e34b319946f6531a2c4559f588a8  -

real	0m2.449s
user	0m2.032s
sys	0m0.709s
1000+0 records in
1000+0 records out
1048576000 bytes (1.0 GB) copied, 2.13039 s, 492 MB/s
3c84e34b319946f6531a2c4559f588a8  -

real	0m2.133s
user	0m1.914s
sys	0m0.530s
1000+0 records in
1000+0 records out
3c84e34b319946f6531a2c4559f588a8  -
1048576000 bytes (1.0 GB) copied, 2.50146 s, 419 MB/s

real	0m2.504s
user	0m2.063s
sys	0m0.743s
1000+0 records in
1000+0 records out
1048576000 bytes (1.0 GB) copied, 2.14797 s, 488 MB/s
3c84e34b319946f6531a2c4559f588a8  -

real	0m2.151s
user	0m1.933s
sys	0m0.551s
1000+0 records in
1000+0 records out
1048576000 bytes (1.0 GB) copied3c84e34b319946f6531a2c4559f588a8  -
, 2.34612 s, 447 MB/s

real	0m2.349s
user	0m2.061s
sys	0m0.569s
1000+0 records in
1000+0 records out
1048576000 bytes (1.0 GB) copied3c84e34b319946f6531a2c4559f588a8  -
, 2.16616 s, 484 MB/s

real	0m2.169s
user	0m1.887s
sys	0m0.527s
1000+0 records in
1000+0 records out
1048576000 bytes (1.0 GB) copied, 2.32376 s, 451 MB/s
3c84e34b319946f6531a2c4559f588a8  -

real	0m2.327s
user	0m2.080s
sys	0m0.602s
1000+0 records in
1000+0 records out
3c84e34b319946f6531a2c4559f588a8  -
1048576000 bytes (1.0 GB) copied, 2.21711 s, 473 MB/s

real	0m2.220s
user	0m1.940s
sys	0m0.554s
1000+0 records in
1000+0 records out
1048576000 bytes (1.0 GB) copied, 2.38678 s, 439 MB/s
3c84e34b319946f6531a2c4559f588a8  -

real	0m2.389s
user	0m2.035s
sys	0m0.693s
1000+0 records in
1000+0 records out
1048576000 bytes (1.0 GB) copied, 2.12292 s, 494 MB/s
3c84e34b319946f6531a2c4559f588a8  -

real	0m2.126s
user	0m1.932s
sys	0m0.529s
1000+0 records in
1000+0 records out
1048576000 bytes (1.0 GB) copied, 2.30678 s, 455 MB/s
3c84e34b319946f6531a2c4559f588a8  -

real	0m2.309s
user	0m2.082s
sys	0m0.567s
1000+0 records in
1000+0 records out
1048576000 bytes (1.0 GB) copied, 2.13416 s, 491 MB/s
3c84e34b319946f6531a2c4559f588a8  -

real	0m2.137s
user	0m1.896s
sys	0m0.562s
1000+0 records in
1000+0 records out
3c84e34b319946f6531a2c4559f588a8  -
1048576000 bytes (1.0 GB) copied, 2.48239 s, 422 MB/s

real	0m2.485s
user	0m2.046s
sys	0m0.659s
1000+0 records in
1000+0 records out
1048576000 bytes (1.0 GB) copied, 2.11888 s, 495 MB/s
3c84e34b319946f6531a2c4559f588a8  -

real	0m2.122s
user	0m1.871s
sys	0m0.541s
1000+0 records in
1000+0 records out
3c84e34b319946f6531a2c4559f588a8  -
1048576000 bytes (1.0 GB) copied, 2.34729 s, 447 MB/s

real	0m2.350s
user	0m2.062s
sys	0m0.599s
1000+0 records in
1000+0 records out
1048576000 bytes (1.0 GB) copied, 2.13743 s, 491 MB/s
3c84e34b319946f6531a2c4559f588a8  -

real	0m2.140s
user	0m1.925s
sys	0m0.524s
1000+0 records in
1000+0 records out
3c84e34b319946f6531a2c4559f588a8  -
1048576000 bytes (1.0 GB) copied, 2.37503 s, 442 MB/s

real	0m2.378s
user	0m2.083s
sys	0m0.583s
1000+0 records in
1000+0 records out
3c84e34b319946f6531a2c4559f588a8  -
1048576000 bytes (1.0 GB) copied, 2.16087 s, 485 MB/s

real	0m2.164s
user	0m1.899s
sys	0m0.546s
1000+0 records in
1000+0 records out
1048576000 bytes (1.0 GB) copied, 2.34237 s, 448 MB/s
3c84e34b319946f6531a2c4559f588a8  -

real	0m2.345s
user	0m2.079s
sys	0m0.621s
1000+0 records in
1000+0 records out
1048576000 bytes (1.0 GB) copied, 2.08716 s, 502 MB/s
3c84e34b319946f6531a2c4559f588a8  -

real	0m2.090s
user	0m1.835s
sys	0m0.538s
1000+0 records in
1000+0 records out
1048576000 bytes (1.0 GB) copied, 2.33207 s, 450 MB/s
3c84e34b319946f6531a2c4559f588a8  -

real	0m2.335s
user	0m2.097s
sys	0m0.565s
1000+0 records in
1000+0 records out
3c84e34b319946f6531a2c4559f588a8  -
1048576000 bytes (1.0 GB) copied, 2.33811 s, 448 MB/s

real	0m2.341s
user	0m1.950s
sys	0m0.691s
1000+0 records in
1000+0 records out
1048576000 bytes (1.0 GB) copied, 2.35433 s, 445 MB/s
3c84e34b319946f6531a2c4559f588a8  -

real	0m2.357s
user	0m2.067s
sys	0m0.616s
1000+0 records in
1000+0 records out
1048576000 bytes (1.0 GB) copied, 2.25136 s, 466 MB/s
3c84e34b319946f6531a2c4559f588a8  -

real	0m2.254s
user	0m2.011s
sys	0m0.595s
1000+0 records in
1000+0 records out
1048576000 bytes (1.0 GB) copied, 2.50612 s, 418 MB/s
3c84e34b319946f6531a2c4559f588a8  -

real	0m2.509s
user	0m1.976s
sys	0m0.841s
1000+0 records in
1000+0 records out
1048576000 bytes (1.0 GB) copied, 2.11076 s, 497 MB/s
3c84e34b319946f6531a2c4559f588a8  -

real	0m2.113s
user	0m1.907s
sys	0m0.514s
1000+0 records in
1000+0 records out
3c84e34b319946f6531a2c4559f588a8  -
1048576000 bytes (1.0 GB) copied, 2.35895 s, 445 MB/s

real	0m2.361s
user	0m2.064s
sys	0m0.602s
1000+0 records in
1000+0 records out
1048576000 bytes (1.0 GB) copied, 2.20798 s, 475 MB/s
3c84e34b319946f6531a2c4559f588a8  -

real	0m2.211s
user	0m1.937s
sys	0m0.552s
1000+0 records in
1000+0 records out
3c84e34b319946f6531a2c4559f588a8  -
1048576000 bytes (1.0 GB) copied, 2.35173 s, 446 MB/s

real	0m2.354s
user	0m2.086s
sys	0m0.602s
1000+0 records in
1000+0 records out
1048576000 bytes (1.0 GB) copied, 2.1907 s, 479 MB/s
3c84e34b319946f6531a2c4559f588a8  -

real	0m2.193s
user	0m1.916s
sys	0m0.553s
1000+0 records in
1000+0 records out
1048576000 bytes (1.0 GB) copied, 2.44464 s, 429 MB/s
3c84e34b319946f6531a2c4559f588a8  -

real	0m2.447s
user	0m2.032s
sys	0m0.751s
1000+0 records in
1000+0 records out
1048576000 bytes (1.0 GB) copied, 2.12123 s, 494 MB/s
3c84e34b319946f6531a2c4559f588a8  -

real	0m2.124s
user	0m1.868s
sys	0m0.562s
1000+0 records in
1000+0 records out
3c84e34b319946f6531a2c4559f588a8  -
1048576000 bytes (1.0 GB) copied, 2.42723 s, 432 MB/s

real	0m2.430s
user	0m2.089s
sys	0m0.579s
1000+0 records in
1000+0 records out
3c84e34b319946f6531a2c4559f588a8  -
1048576000 bytes (1.0 GB) copied, 2.24854 s, 466 MB/s

real	0m2.251s
user	0m1.921s
sys	0m0.534s
1000+0 records in
1000+0 records out
1048576000 bytes (1.0 GB) copied, 2.3301 s, 450 MB/s
3c84e34b319946f6531a2c4559f588a8  -

real	0m2.333s
user	0m2.080s
sys	0m0.580s
1000+0 records in
1000+0 records out
1048576000 bytes (1.0 GB) copied, 2.13435 s, 491 MB/s
3c84e34b319946f6531a2c4559f588a8  -

real	0m2.137s
user	0m1.903s
sys	0m0.534s
1000+0 records in
1000+0 records out
3c84e34b319946f6531a2c4559f588a8  -
1048576000 bytes (1.0 GB) copied, 2.51098 s, 418 MB/s

real	0m2.514s
user	0m2.026s
sys	0m0.762s
1000+0 records in
1000+0 records out
1048576000 bytes (1.0 GB) copied, 2.23391 s, 469 MB/s
3c84e34b319946f6531a2c4559f588a8  -

real	0m2.237s
user	0m1.989s
sys	0m0.588s
1000+0 records in
1000+0 records out
3c84e34b319946f6531a2c4559f588a8  -
1048576000 bytes (1.0 GB) copied, 2.40026 s, 437 MB/s

real	0m2.403s
user	0m2.100s
sys	0m0.612s
1000+0 records in
1000+0 records out
1048576000 bytes (1.0 GB) copied, 2.11595 s, 496 MB/s
3c84e34b319946f6531a2c4559f588a8  -

real	0m2.119s
user	0m1.860s
sys	0m0.530s
1000+0 records in
1000+0 records out
1048576000 bytes (1.0 GB) copied, 2.36356 s, 444 MB/s
3c84e34b319946f6531a2c4559f588a8  -

real	0m2.366s
user	0m2.072s
sys	0m0.624s
1000+0 records in
1000+0 records out
1048576000 bytes (1.0 GB) copied, 2.18026 s, 481 MB/s
3c84e34b319946f6531a2c4559f588a8  -

real	0m2.183s
user	0m1.960s
sys	0m0.553s
1000+0 records in
1000+0 records out
3c84e34b319946f6531a2c4559f588a8  -
1048576000 bytes (1.0 GB) copied, 2.3892 s, 439 MB/s

real	0m2.392s
user	0m2.107s
sys	0m0.621s
1000+0 records in
1000+0 records out
3c84e34b319946f6531a2c4559f588a8  -
1048576000 bytes (1.0 GB) copied, 2.16353 s, 485 MB/s

real	0m2.166s
user	0m1.889s
sys	0m0.535s
1000+0 records in
1000+0 records out
1048576000 bytes (1.0 GB) copied, 2.39109 s, 439 MB/s
3c84e34b319946f6531a2c4559f588a8  -

real	0m2.394s
user	0m2.022s
sys	0m0.697s
1000+0 records in
1000+0 records out
3c84e34b319946f6531a2c4559f588a8  -
1048576000 bytes (1.0 GB) copied, 2.21069 s, 474 MB/s

real	0m2.214s
user	0m1.906s
sys	0m0.581s
1000+0 records in
1000+0 records out
1048576000 bytes (1.0 GB) copied, 2.3029 s, 455 MB/s
3c84e34b319946f6531a2c4559f588a8  -

real	0m2.306s
user	0m2.079s
sys	0m0.574s
1000+0 records in
1000+0 records out
3c84e34b319946f6531a2c4559f588a8  -
1048576000 bytes (1.0 GB) copied, 2.29434 s, 457 MB/s

real	0m2.297s
user	0m1.944s
sys	0m0.564s
1000+0 records in
1000+0 records out
1048576000 bytes (1.0 GB) copied, 2.31517 s, 453 MB/s
3c84e34b319946f6531a2c4559f588a8  -

real	0m2.318s
user	0m2.056s
sys	0m0.610s
1000+0 records in
1000+0 records out
1048576000 bytes (1.0 GB) copied, 2.07185 s, 506 MB/s
3c84e34b319946f6531a2c4559f588a8  -

real	0m2.075s
user	0m1.866s
sys	0m0.523s
1000+0 records in
1000+0 records out
1048576000 bytes (1.0 GB) copied, 2.31017 s, 454 MB/s
3c84e34b319946f6531a2c4559f588a8  -

real	0m2.313s
user	0m2.049s
sys	0m0.563s
1000+0 records in
1000+0 records out
1048576000 bytes (1.0 GB) copied, 2.13426 s, 491 MB/s
3c84e34b319946f6531a2c4559f588a8  -

real	0m2.137s
user	0m1.916s
sys	0m0.526s
1000+0 records in
1000+0 records out
3c84e34b319946f6531a2c4559f588a8  -
1048576000 bytes (1.0 GB) copied, 2.35566 s, 445 MB/s

real	0m2.358s
user	0m2.078s
sys	0m0.591s
1000+0 records in
1000+0 records out
3c84e34b319946f6531a2c4559f588a8  -
1048576000 bytes (1.0 GB) copied, 2.13284 s, 492 MB/s

real	0m2.136s
user	0m1.879s
sys	0m0.518s
1000+0 records in
1000+0 records out
1048576000 bytes (1.0 GB) copied, 2.36742 s, 443 MB/s
3c84e34b319946f6531a2c4559f588a8  -

real	0m2.370s
user	0m2.061s
sys	0m0.653s
1000+0 records in
1000+0 records out
1048576000 bytes (1.0 GB) copied, 2.33373 s, 449 MB/s
3c84e34b319946f6531a2c4559f588a8  -

real	0m2.337s
user	0m2.060s
sys	0m0.631s
1000+0 records in
1000+0 records out
3c84e34b319946f6531a2c4559f588a8  -
1048576000 bytes (1.0 GB) copied, 2.44439 s, 429 MB/s

real	0m2.447s
user	0m2.017s
sys	0m0.714s
1000+0 records in
1000+0 records out
1048576000 bytes (1.0 GB) copied, 2.14446 s, 489 MB/s
3c84e34b319946f6531a2c4559f588a8  -

real	0m2.147s
user	0m1.890s
sys	0m0.549s
1000+0 records in
1000+0 records out
3c84e34b319946f6531a2c4559f588a8  -
1048576000 bytes (1.0 GB) copied, 2.56507 s, 409 MB/s

real	0m2.568s
user	0m2.047s
sys	0m0.766s
1000+0 records in
1000+0 records out
1048576000 bytes (1.0 GB) copied, 2.12732 s, 493 MB/s
3c84e34b319946f6531a2c4559f588a8  -

real	0m2.130s
user	0m1.912s
sys	0m0.548s
1000+0 records in
1000+0 records out
1048576000 bytes (1.0 GB) copied, 2.2901 s, 458 MB/s
3c84e34b319946f6531a2c4559f588a8  -

real	0m2.293s
user	0m2.055s
sys	0m0.594s
1000+0 records in
1000+0 records out
1048576000 bytes (1.0 GB) copied, 2.29702 s, 456 MB/s
3c84e34b319946f6531a2c4559f588a8  -

real	0m2.300s
user	0m2.001s
sys	0m0.576s
1000+0 records in
1000+0 records out
3c84e34b319946f6531a2c4559f588a8  -
1048576000 bytes (1.0 GB) copied, 2.32634 s, 451 MB/s

real	0m2.329s
user	0m1.994s
sys	0m0.619s
1000+0 records in
1000+0 records out
1048576000 bytes (1.0 GB) copied, 2.28939 s, 458 MB/s
3c84e34b319946f6531a2c4559f588a8  -

real	0m2.292s
user	0m2.012s
sys	0m0.591s
1000+0 records in
1000+0 records out
3c84e34b319946f6531a2c4559f588a8  -
1048576000 bytes (1.0 GB) copied, 2.4105 s, 435 MB/s

real	0m2.413s
user	0m2.110s
sys	0m0.594s
1000+0 records in
1000+0 records out
1048576000 bytes (1.0 GB) copied, 2.17646 s, 482 MB/s
3c84e34b319946f6531a2c4559f588a8  -

real	0m2.179s
user	0m1.894s
sys	0m0.532s
1000+0 records in
1000+0 records out
3c84e34b319946f6531a2c4559f588a8  -
1048576000 bytes (1.0 GB) copied, 2.35245 s, 446 MB/s

real	0m2.355s
user	0m2.096s
sys	0m0.583s
1000+0 records in
1000+0 records out
1048576000 bytes (1.0 GB) copied, 2.11433 s, 496 MB/s
3c84e34b319946f6531a2c4559f588a8  -

real	0m2.117s
user	0m1.889s
sys	0m0.542s
1000+0 records in
1000+0 records out
3c84e34b319946f6531a2c4559f588a8  -
1048576000 bytes (1.0 GB) copied, 2.34384 s, 447 MB/s

real	0m2.346s
user	0m2.098s
sys	0m0.581s
1000+0 records in
1000+0 records out
1048576000 bytes (1.0 GB) copied, 2.17087 s, 483 MB/s
3c84e34b319946f6531a2c4559f588a8  -

real	0m2.174s
user	0m1.935s
sys	0m0.559s
1000+0 records in
1000+0 records out
1048576000 bytes (1.0 GB) copied, 2.36531 s, 443 MB/s
3c84e34b319946f6531a2c4559f588a8  -

real	0m2.368s
user	0m2.051s
sys	0m0.679s
1000+0 records in
1000+0 records out
1048576000 bytes (1.0 GB) copied, 2.15947 s, 486 MB/s
3c84e34b319946f6531a2c4559f588a8  -

real	0m2.162s
user	0m1.931s
sys	0m0.537s
1000+0 records in
1000+0 records out
3c84e34b319946f6531a2c4559f588a8  -
1048576000 bytes (1.0 GB) copied, 2.35353 s, 446 MB/s

real	0m2.356s
user	0m2.078s
sys	0m0.571s
1000+0 records in
1000+0 records out
3c84e34b319946f6531a2c4559f588a8  -
1048576000 bytes (1.0 GB) copied, 2.19372 s, 478 MB/s

real	0m2.196s
user	0m1.914s
sys	0m0.568s
1000+0 records in
1000+0 records out
1048576000 bytes (1.0 GB) copied, 2.35132 s, 446 MB/s
3c84e34b319946f6531a2c4559f588a8  -

real	0m2.354s
user	0m2.079s
sys	0m0.591s
1000+0 records in
1000+0 records out
1048576000 bytes (1.0 GB) copied, 2.34311 s, 448 MB/s
3c84e34b319946f6531a2c4559f588a8  -

real	0m2.346s
user	0m2.051s
sys	0m0.628s
1000+0 records in
1000+0 records out
3c84e34b319946f6531a2c4559f588a8  -
1048576000 bytes (1.0 GB) copied, 2.44226 s, 429 MB/s

real	0m2.445s
user	0m2.061s
sys	0m0.605s
1000+0 records in
1000+0 records out
1048576000 bytes (1.0 GB) copied, 2.10236 s, 499 MB/s
3c84e34b319946f6531a2c4559f588a8  -

real	0m2.105s
user	0m1.874s
sys	0m0.510s
1000+0 records in
1000+0 records out
3c84e34b319946f6531a2c4559f588a8  -
1048576000 bytes (1.0 GB) copied, 2.38433 s, 440 MB/s

real	0m2.387s
user	0m2.087s
sys	0m0.594s
1000+0 records in
1000+0 records out
1048576000 bytes (1.0 GB) copied, 2.12456 s, 494 MB/s
3c84e34b319946f6531a2c4559f588a8  -

real	0m2.128s
user	0m1.877s
sys	0m0.550s
1000+0 records in
1000+0 records out
1048576000 bytes (1.0 GB) copied3c84e34b319946f6531a2c4559f588a8  -
, 2.36162 s, 444 MB/s

real	0m2.365s
user	0m2.023s
sys	0m0.695s
1000+0 records in
1000+0 records out
1048576000 bytes (1.0 GB) copied, 2.15741 s, 486 MB/s
3c84e34b319946f6531a2c4559f588a8  -

real	0m2.160s
user	0m1.911s
sys	0m0.550s
1000+0 records in
1000+0 records out
3c84e34b319946f6531a2c4559f588a8  -
1048576000 bytes (1.0 GB) copied, 2.40311 s, 436 MB/s

real	0m2.405s
user	0m2.078s
sys	0m0.590s
1000+0 records in
1000+0 records out
1048576000 bytes (1.0 GB) copied, 2.09441 s, 501 MB/s
3c84e34b319946f6531a2c4559f588a8  -

real	0m2.097s
user	0m1.867s
sys	0m0.525s
1000+0 records in
1000+0 records out
3c84e34b319946f6531a2c4559f588a8  -
1048576000 bytes (1.0 GB) copied, 2.37573 s, 441 MB/s

real	0m2.378s
user	0m2.093s
sys	0m0.597s
1000+0 records in
1000+0 records out
1048576000 bytes (1.0 GB) copied, 2.08995 s, 502 MB/s
3c84e34b319946f6531a2c4559f588a8  -

real	0m2.093s
user	0m1.852s
sys	0m0.518s
1000+0 records in
1000+0 records out
3c84e34b319946f6531a2c4559f588a8  -
1048576000 bytes (1.0 GB) copied, 2.36124 s, 444 MB/s

real	0m2.364s
user	0m2.065s
sys	0m0.605s
1000+0 records in
1000+0 records out
3c84e34b319946f6531a2c4559f588a8  -
1048576000 bytes (1.0 GB) copied, 2.20336 s, 476 MB/s

real	0m2.206s
user	0m1.894s
sys	0m0.544s
1000+0 records in
1000+0 records out
1048576000 bytes (1.0 GB) copied, 2.44931 s, 428 MB/s
3c84e34b319946f6531a2c4559f588a8  -

real	0m2.452s
user	0m2.050s
sys	0m0.725s
1000+0 records in
1000+0 records out
1048576000 bytes (1.0 GB) copied, 2.2211 s, 472 MB/s
3c84e34b319946f6531a2c4559f588a8  -

real	0m2.224s
user	0m1.909s
sys	0m0.532s
1000+0 records in
1000+0 records out
1048576000 bytes (1.0 GB) copied, 2.37592 s, 441 MB/s
3c84e34b319946f6531a2c4559f588a8  -

real	0m2.378s
user	0m2.065s
sys	0m0.598s
1000+0 records in
1000+0 records out
1048576000 bytes (1.0 GB) copied, 2.26879 s, 462 MB/s
3c84e34b319946f6531a2c4559f588a8  -

real	0m2.271s
user	0m1.990s
sys	0m0.608s
1000+0 records in
1000+0 records out
3c84e34b319946f6531a2c4559f588a8  -
1048576000 bytes (1.0 GB) copied, 2.46834 s, 425 MB/s

real	0m2.471s
user	0m2.083s
sys	0m0.647s
1000+0 records in
1000+0 records out
1048576000 bytes (1.0 GB) copied, 2.10928 s, 497 MB/s
3c84e34b319946f6531a2c4559f588a8  -

real	0m2.112s
user	0m1.882s
sys	0m0.541s
1000+0 records in
1000+0 records out
3c84e34b319946f6531a2c4559f588a8  -
1048576000 bytes (1.0 GB) copied, 2.40289 s, 436 MB/s

real	0m2.406s
user	0m2.098s
sys	0m0.568s
1000+0 records in
1000+0 records out
3c84e34b319946f6531a2c4559f588a8  -
1048576000 bytes (1.0 GB) copied, 2.21085 s, 474 MB/s

real	0m2.214s
user	0m1.922s
sys	0m0.571s
1000+0 records in
1000+0 records out
1048576000 bytes (1.0 GB) copied, 2.4448 s, 429 MB/s
3c84e34b319946f6531a2c4559f588a8  -

real	0m2.448s
user	0m2.098s
sys	0m0.707s
1000+0 records in
1000+0 records out
3c84e34b319946f6531a2c4559f588a8  -
1048576000 bytes (1.0 GB) copied, 2.19403 s, 478 MB/s

real	0m2.197s
user	0m1.922s
sys	0m0.547s
1000+0 records in
1000+0 records out
1048576000 bytes (1.0 GB) copied, 2.39605 s, 438 MB/s
3c84e34b319946f6531a2c4559f588a8  -

real	0m2.399s
user	0m1.987s
sys	0m0.749s
1000+0 records in
1000+0 records out
1048576000 bytes (1.0 GB) copied, 2.19124 s, 479 MB/s
3c84e34b319946f6531a2c4559f588a8  -

real	0m2.194s
user	0m1.967s
sys	0m0.557s
1000+0 records in
1000+0 records out
1048576000 bytes (1.0 GB) copied, 2.36153 s, 444 MB/s
3c84e34b319946f6531a2c4559f588a8  -

real	0m2.364s
user	0m2.042s
sys	0m0.605s
1000+0 records in
1000+0 records out
3c84e34b319946f6531a2c4559f588a8  -
1048576000 bytes (1.0 GB) copied, 2.30005 s, 456 MB/s

real	0m2.303s
user	0m1.947s
sys	0m0.611s
1000+0 records in
1000+0 records out
1048576000 bytes (1.0 GB) copied, 2.41797 s, 434 MB/s
3c84e34b319946f6531a2c4559f588a8  -

real	0m2.420s
user	0m2.013s
sys	0m0.731s
1000+0 records in
1000+0 records out
1048576000 bytes (1.0 GB) copied, 2.12593 s, 493 MB/s
3c84e34b319946f6531a2c4559f588a8  -

real	0m2.128s
user	0m1.919s
sys	0m0.528s
1000+0 records in
1000+0 records out
3c84e34b319946f6531a2c4559f588a8  -
1048576000 bytes (1.0 GB) copied, 2.49403 s, 420 MB/s

real	0m2.497s
user	0m2.041s
sys	0m0.689s
1000+0 records in
1000+0 records out
3c84e34b319946f6531a2c4559f588a8  -
1048576000 bytes (1.0 GB) copied, 2.16113 s, 485 MB/s

real	0m2.164s
user	0m1.888s
sys	0m0.549s
1000+0 records in
1000+0 records out
1048576000 bytes (1.0 GB) copied, 2.28203 s, 459 MB/s
3c84e34b319946f6531a2c4559f588a8  -

real	0m2.285s
user	0m2.067s
sys	0m0.560s
1000+0 records in
1000+0 records out
3c84e34b319946f6531a2c4559f588a8  -
1048576000 bytes (1.0 GB) copied, 2.22904 s, 470 MB/s

real	0m2.232s
user	0m1.856s
sys	0m0.545s
1000+0 records in
1000+0 records out
1048576000 bytes (1.0 GB) copied, 2.31636 s, 453 MB/s
3c84e34b319946f6531a2c4559f588a8  -

real	0m2.319s
user	0m2.044s
sys	0m0.621s
1000+0 records in
1000+0 records out
1048576000 bytes (1.0 GB) copied, 2.19492 s, 478 MB/s
3c84e34b319946f6531a2c4559f588a8  -

real	0m2.198s
user	0m1.923s
sys	0m0.596s
1000+0 records in
1000+0 records out
1048576000 bytes (1.0 GB) copied, 2.28503 s, 459 MB/s
3c84e34b319946f6531a2c4559f588a8  -

real	0m2.288s
user	0m2.052s
sys	0m0.601s
1000+0 records in
1000+0 records out
3c84e34b319946f6531a2c4559f588a8  -
1048576000 bytes (1.0 GB) copied, 2.16163 s, 485 MB/s

real	0m2.164s
user	0m1.897s
sys	0m0.524s
1000+0 records in
1000+0 records out
1048576000 bytes (1.0 GB) copied, 2.30641 s, 455 MB/s
3c84e34b319946f6531a2c4559f588a8  -

real	0m2.309s
user	0m2.035s
sys	0m0.584s
1000+0 records in
1000+0 records out
3c84e34b319946f6531a2c4559f588a8  -
1048576000 bytes (1.0 GB) copied, 2.37441 s, 442 MB/s

real	0m2.377s
user	0m2.133s
sys	0m0.545s
1000+0 records in
1000+0 records out
1048576000 bytes (1.0 GB) copied3c84e34b319946f6531a2c4559f588a8  -
, 2.63023 s, 399 MB/s

real	0m2.633s
user	0m2.080s
sys	0m0.910s
1000+0 records in
1000+0 records out
3c84e34b319946f6531a2c4559f588a8  -
1048576000 bytes (1.0 GB) copied, 2.17074 s, 483 MB/s

real	0m2.173s
user	0m1.897s
sys	0m0.544s
1000+0 records in
1000+0 records out
1048576000 bytes (1.0 GB) copied, 2.28406 s, 459 MB/s
3c84e34b319946f6531a2c4559f588a8  -

real	0m2.287s
user	0m2.052s
sys	0m0.566s
1000+0 records in
1000+0 records out
1048576000 bytes (1.0 GB) copied, 2.22742 s, 471 MB/s
3c84e34b319946f6531a2c4559f588a8  -

real	0m2.230s
user	0m2.005s
sys	0m0.595s
1000+0 records in
1000+0 records out
3c84e34b319946f6531a2c4559f588a8  -
1048576000 bytes (1.0 GB) copied, 2.5482 s, 411 MB/s

real	0m2.551s
user	0m1.970s
sys	0m0.816s
1000+0 records in
1000+0 records out
1048576000 bytes (1.0 GB) copied, 2.13066 s, 492 MB/s
3c84e34b319946f6531a2c4559f588a8  -

real	0m2.134s
user	0m1.914s
sys	0m0.552s
1000+0 records in
1000+0 records out
1048576000 bytes (1.0 GB) copied, 2.39832 s, 437 MB/s
3c84e34b319946f6531a2c4559f588a8  -

real	0m2.401s
user	0m1.997s
sys	0m0.733s
1000+0 records in
1000+0 records out
1048576000 bytes (1.0 GB) copied, 2.1537 s, 487 MB/s
3c84e34b319946f6531a2c4559f588a8  -

real	0m2.156s
user	0m1.937s
sys	0m0.537s
1000+0 records in
1000+0 records out
3c84e34b319946f6531a2c4559f588a8  -
1048576000 bytes (1.0 GB) copied, 2.38675 s, 439 MB/s

real	0m2.389s
user	0m2.034s
sys	0m0.595s
1000+0 records in
1000+0 records out
1048576000 bytes (1.0 GB) copied, 2.12169 s, 494 MB/s
3c84e34b319946f6531a2c4559f588a8  -

real	0m2.125s
user	0m1.882s
sys	0m0.536s
1000+0 records in
1000+0 records out
3c84e34b319946f6531a2c4559f588a8  -
1048576000 bytes (1.0 GB) copied, 2.50201 s, 419 MB/s

real	0m2.505s
user	0m2.076s
sys	0m0.788s
1000+0 records in
1000+0 records out
1048576000 bytes (1.0 GB) copied, 2.24248 s, 468 MB/s
3c84e34b319946f6531a2c4559f588a8  -

real	0m2.245s
user	0m2.027s
sys	0m0.572s
1000+0 records in
1000+0 records out
3c84e34b319946f6531a2c4559f588a8  -
1048576000 bytes (1.0 GB) copied, 2.57848 s, 407 MB/s

real	0m2.581s
user	0m1.946s
sys	0m0.873s
1000+0 records in
1000+0 records out
1048576000 bytes (1.0 GB) copied, 2.27715 s, 460 MB/s
3c84e34b319946f6531a2c4559f588a8  -

real	0m2.280s
user	0m2.002s
sys	0m0.598s
1000+0 records in
1000+0 records out
3c84e34b319946f6531a2c4559f588a8  -
1048576000 bytes (1.0 GB) copied, 2.55555 s, 410 MB/s

real	0m2.558s
user	0m1.953s
sys	0m0.860s
1000+0 records in
1000+0 records out
1048576000 bytes (1.0 GB) copied, 2.1562 s, 486 MB/s
3c84e34b319946f6531a2c4559f588a8  -

real	0m2.159s
user	0m1.891s
sys	0m0.534s
1000+0 records in
1000+0 records out
1048576000 bytes (1.0 GB) copied, 2.27321 s, 461 MB/s
3c84e34b319946f6531a2c4559f588a8  -

real	0m2.276s
user	0m2.078s
sys	0m0.576s
1000+0 records in
1000+0 records out
3c84e34b319946f6531a2c4559f588a8  -
1048576000 bytes (1.0 GB) copied, 2.14016 s, 490 MB/s

real	0m2.143s
user	0m1.888s
sys	0m0.534s
1000+0 records in
1000+0 records out
1048576000 bytes (1.0 GB) copied, 2.35408 s, 445 MB/s
3c84e34b319946f6531a2c4559f588a8  -

real	0m2.356s
user	0m2.072s
sys	0m0.594s
1000+0 records in
1000+0 records out
3c84e34b319946f6531a2c4559f588a8  -
1048576000 bytes (1.0 GB) copied, 2.16675 s, 484 MB/s

real	0m2.169s
user	0m1.869s
sys	0m0.557s
1000+0 records in
1000+0 records out
1048576000 bytes (1.0 GB) copied, 2.35703 s, 445 MB/s
3c84e34b319946f6531a2c4559f588a8  -

real	0m2.360s
user	0m2.089s
sys	0m0.588s
1000+0 records in
1000+0 records out
1048576000 bytes (1.0 GB) copied3c84e34b319946f6531a2c4559f588a8  -
, 2.24529 s, 467 MB/s

real	0m2.248s
user	0m1.921s
sys	0m0.531s
1000+0 records in
1000+0 records out
1048576000 bytes (1.0 GB) copied, 2.29963 s, 456 MB/s
3c84e34b319946f6531a2c4559f588a8  -

real	0m2.304s
user	0m2.083s
sys	0m0.554s
1000+0 records in
1000+0 records out
1048576000 bytes (1.0 GB) copied, 2.28246 s, 459 MB/s
3c84e34b319946f6531a2c4559f588a8  -

real	0m2.285s
user	0m2.023s
sys	0m0.589s
1000+0 records in
1000+0 records out
3c84e34b319946f6531a2c4559f588a8  -
1048576000 bytes (1.0 GB) copied, 2.53619 s, 413 MB/s

real	0m2.539s
user	0m2.001s
sys	0m0.803s
1000+0 records in
1000+0 records out
1048576000 bytes (1.0 GB) copied, 2.24297 s, 467 MB/s
3c84e34b319946f6531a2c4559f588a8  -

real	0m2.246s
user	0m1.928s
sys	0m0.562s
1000+0 records in
1000+0 records out
1048576000 bytes (1.0 GB) copied, 2.28289 s, 459 MB/s
3c84e34b319946f6531a2c4559f588a8  -

real	0m2.286s
user	0m2.046s
sys	0m0.606s
1000+0 records in
1000+0 records out
3c84e34b319946f6531a2c4559f588a8  -
1048576000 bytes (1.0 GB) copied, 2.38308 s, 440 MB/s

real	0m2.385s
user	0m2.023s
sys	0m0.607s
1000+0 records in
1000+0 records out
1048576000 bytes (1.0 GB) copied, 2.38653 s, 439 MB/s
3c84e34b319946f6531a2c4559f588a8  -

real	0m2.389s
user	0m2.093s
sys	0m0.638s
1000+0 records in
1000+0 records out
1048576000 bytes (1.0 GB) copied, 2.11995 s, 495 MB/s
3c84e34b319946f6531a2c4559f588a8  -

real	0m2.123s
user	0m1.888s
sys	0m0.537s
1000+0 records in
1000+0 records out
3c84e34b319946f6531a2c4559f588a8  -
1048576000 bytes (1.0 GB) copied, 2.31873 s, 452 MB/s

real	0m2.321s
user	0m2.075s
sys	0m0.572s
1000+0 records in
1000+0 records out
3c84e34b319946f6531a2c4559f588a8  -
1048576000 bytes (1.0 GB) copied, 2.28004 s, 460 MB/s

real	0m2.283s
user	0m2.020s
sys	0m0.580s
1000+0 records in
1000+0 records out
1048576000 bytes (1.0 GB) copied, 2.49961 s, 419 MB/s
3c84e34b319946f6531a2c4559f588a8  -

real	0m2.502s
user	0m1.972s
sys	0m0.833s
1000+0 records in
1000+0 records out
1048576000 bytes (1.0 GB) copied, 2.09552 s, 500 MB/s
3c84e34b319946f6531a2c4559f588a8  -

real	0m2.098s
user	0m1.884s
sys	0m0.520s
1000+0 records in
1000+0 records out
3c84e34b319946f6531a2c4559f588a8  -
1048576000 bytes (1.0 GB) copied, 2.42508 s, 432 MB/s

real	0m2.428s
user	0m2.105s
sys	0m0.601s
1000+0 records in
1000+0 records out
1048576000 bytes (1.0 GB) copied, 2.1147 s, 496 MB/s
3c84e34b319946f6531a2c4559f588a8  -

real	0m2.117s
user	0m1.862s
sys	0m0.514s
1000+0 records in
1000+0 records out
1048576000 bytes (1.0 GB) copied, 2.44045 s, 430 MB/s
3c84e34b319946f6531a2c4559f588a8  -

real	0m2.443s
user	0m2.023s
sys	0m0.751s
1000+0 records in
1000+0 records out
3c84e34b319946f6531a2c4559f588a8  -
1048576000 bytes (1.0 GB) copied, 2.21957 s, 472 MB/s

real	0m2.222s
user	0m1.883s
sys	0m0.553s
1000+0 records in
1000+0 records out
1048576000 bytes (1.0 GB) copied, 2.47454 s, 424 MB/s
3c84e34b319946f6531a2c4559f588a8  -

real	0m2.477s
user	0m2.060s
sys	0m0.708s
1000+0 records in
1000+0 records out
3c84e34b319946f6531a2c4559f588a8  -
1048576000 bytes (1.0 GB) copied, 2.32195 s, 452 MB/s

real	0m2.325s
user	0m1.914s
sys	0m0.636s
1000+0 records in
1000+0 records out
1048576000 bytes (1.0 GB) copied, 2.50188 s, 419 MB/s
3c84e34b319946f6531a2c4559f588a8  -

real	0m2.505s
user	0m2.038s
sys	0m0.781s
1000+0 records in
1000+0 records out
1048576000 bytes (1.0 GB) copied, 2.14253 s, 489 MB/s
3c84e34b319946f6531a2c4559f588a8  -

real	0m2.146s
user	0m1.901s
sys	0m0.544s
1000+0 records in
1000+0 records out
3c84e34b319946f6531a2c4559f588a8  -
1048576000 bytes (1.0 GB) copied, 2.38514 s, 440 MB/s

real	0m2.388s
user	0m2.104s
sys	0m0.569s
1000+0 records in
1000+0 records out
3c84e34b319946f6531a2c4559f588a8  -
1048576000 bytes (1.0 GB) copied, 2.17222 s, 483 MB/s

real	0m2.175s
user	0m1.866s
sys	0m0.547s
1000+0 records in
1000+0 records out
1048576000 bytes (1.0 GB) copied, 2.46257 s, 426 MB/s
3c84e34b319946f6531a2c4559f588a8  -

real	0m2.466s
user	0m2.056s
sys	0m0.708s
1000+0 records in
1000+0 records out
1048576000 bytes (1.0 GB) copied, 2.14127 s, 490 MB/s
3c84e34b319946f6531a2c4559f588a8  -

real	0m2.144s
user	0m1.918s
sys	0m0.536s
1000+0 records in
1000+0 records out
1048576000 bytes (1.0 GB) copied, 2.44859 s, 428 MB/s
3c84e34b319946f6531a2c4559f588a8  -

real	0m2.452s
user	0m2.015s
sys	0m0.723s
1000+0 records in
1000+0 records out
1048576000 bytes (1.0 GB) copied, 2.16819 s, 484 MB/s
3c84e34b319946f6531a2c4559f588a8  -

real	0m2.171s
user	0m1.852s
sys	0m0.570s
1000+0 records in
1000+0 records out
3c84e34b319946f6531a2c4559f588a8  -
1048576000 bytes (1.0 GB) copied, 2.3759 s, 441 MB/s

real	0m2.378s
user	0m2.070s
sys	0m0.593s
1000+0 records in
1000+0 records out
1048576000 bytes (1.0 GB) copied, 2.26082 s, 464 MB/s
3c84e34b319946f6531a2c4559f588a8  -

real	0m2.263s
user	0m2.017s
sys	0m0.585s
1000+0 records in
1000+0 records out
3c84e34b319946f6531a2c4559f588a8  -
1048576000 bytes (1.0 GB) copied, 2.51336 s, 417 MB/s

real	0m2.516s
user	0m1.925s
sys	0m0.851s
1000+0 records in
1000+0 records out
3c84e34b319946f6531a2c4559f588a8  -
1048576000 bytes (1.0 GB) copied, 2.18295 s, 480 MB/s

real	0m2.186s
user	0m1.892s
sys	0m0.549s
1000+0 records in
1000+0 records out
1048576000 bytes (1.0 GB) copied, 2.31736 s, 452 MB/s
3c84e34b319946f6531a2c4559f588a8  -

real	0m2.320s
user	0m2.068s
sys	0m0.589s
1000+0 records in
1000+0 records out
1048576000 bytes (1.0 GB) copied, 2.26265 s, 463 MB/s
3c84e34b319946f6531a2c4559f588a8  -

real	0m2.265s
user	0m1.984s
sys	0m0.607s
1000+0 records in
1000+0 records out
3c84e34b319946f6531a2c4559f588a8  -
1048576000 bytes (1.0 GB) copied, 2.36069 s, 444 MB/s

real	0m2.363s
user	0m2.095s
sys	0m0.610s
1000+0 records in
1000+0 records out
1048576000 bytes (1.0 GB) copied, 2.08843 s, 502 MB/s
3c84e34b319946f6531a2c4559f588a8  -

real	0m2.091s
user	0m1.865s
sys	0m0.541s
1000+0 records in
1000+0 records out
1048576000 bytes (1.0 GB) copied, 2.33748 s, 449 MB/s
3c84e34b319946f6531a2c4559f588a8  -

real	0m2.340s
user	0m2.063s
sys	0m0.610s
1000+0 records in
1000+0 records out
1048576000 bytes (1.0 GB) copied, 2.18496 s, 480 MB/s
3c84e34b319946f6531a2c4559f588a8  -

real	0m2.187s
user	0m1.945s
sys	0m0.561s
1000+0 records in
1000+0 records out
3c84e34b319946f6531a2c4559f588a8  -
1048576000 bytes (1.0 GB) copied, 2.37962 s, 441 MB/s

real	0m2.382s
user	0m2.129s
sys	0m0.590s
1000+0 records in
1000+0 records out
3c84e34b319946f6531a2c4559f588a8  -
1048576000 bytes (1.0 GB) copied, 2.15111 s, 487 MB/s

real	0m2.154s
user	0m1.850s
sys	0m0.532s
1000+0 records in
1000+0 records out
1048576000 bytes (1.0 GB) copied, 2.49368 s, 420 MB/s
3c84e34b319946f6531a2c4559f588a8  -

real	0m2.496s
user	0m2.066s
sys	0m0.770s
1000+0 records in
1000+0 records out
1048576000 bytes (1.0 GB) copied, 2.28492 s, 459 MB/s
3c84e34b319946f6531a2c4559f588a8  -

real	0m2.288s
user	0m2.040s
sys	0m0.587s
1000+0 records in
1000+0 records out
3c84e34b319946f6531a2c4559f588a8  -
1048576000 bytes (1.0 GB) copied, 2.39685 s, 437 MB/s

real	0m2.400s
user	0m2.050s
sys	0m0.627s
1000+0 records in
1000+0 records out
1048576000 bytes (1.0 GB) copied, 2.12094 s, 494 MB/s
3c84e34b319946f6531a2c4559f588a8  -

real	0m2.123s
user	0m1.912s
sys	0m0.522s
1000+0 records in
1000+0 records out
3c84e34b319946f6531a2c4559f588a8  -
1048576000 bytes (1.0 GB) copied, 2.32126 s, 452 MB/s

real	0m2.324s
user	0m2.048s
sys	0m0.572s
1000+0 records in
1000+0 records out
1048576000 bytes (1.0 GB) copied, 2.09907 s, 500 MB/s
3c84e34b319946f6531a2c4559f588a8  -

real	0m2.102s
user	0m1.874s
sys	0m0.527s
1000+0 records in
1000+0 records out
1048576000 bytes (1.0 GB) copied, 2.41255 s, 435 MB/s
3c84e34b319946f6531a2c4559f588a8  -

real	0m2.415s
user	0m2.006s
sys	0m0.746s
1000+0 records in
1000+0 records out
1048576000 bytes (1.0 GB) copied, 2.16373 s, 485 MB/s
3c84e34b319946f6531a2c4559f588a8  -

real	0m2.166s
user	0m1.903s
sys	0m0.549s
1000+0 records in
1000+0 records out
3c84e34b319946f6531a2c4559f588a8  -
1048576000 bytes (1.0 GB) copied, 2.67783 s, 392 MB/s

real	0m2.680s
user	0m2.016s
sys	0m0.660s
1000+0 records in
1000+0 records out
1048576000 bytes (1.0 GB) copied, 2.13999 s, 490 MB/s
3c84e34b319946f6531a2c4559f588a8  -

real	0m2.143s
user	0m1.912s
sys	0m0.549s
1000+0 records in
1000+0 records out
3c84e34b319946f6531a2c4559f588a8  -
1048576000 bytes (1.0 GB) copied, 2.55381 s, 411 MB/s

real	0m2.557s
user	0m2.132s
sys	0m0.585s
1000+0 records in
1000+0 records out
1048576000 bytes (1.0 GB) copied, 2.1278 s, 493 MB/s
3c84e34b319946f6531a2c4559f588a8  -

real	0m2.131s
user	0m1.900s
sys	0m0.550s
1000+0 records in
1000+0 records out
3c84e34b319946f6531a2c4559f588a8  -
1048576000 bytes (1.0 GB) copied, 2.43294 s, 431 MB/s

real	0m2.436s
user	0m2.052s
sys	0m0.714s
1000+0 records in
1000+0 records out
3c84e34b319946f6531a2c4559f588a8  -
1048576000 bytes (1.0 GB) copied, 2.14168 s, 490 MB/s

real	0m2.145s
user	0m1.900s
sys	0m0.528s
1000+0 records in
1000+0 records out
1048576000 bytes (1.0 GB) copied, 2.35993 s, 444 MB/s
3c84e34b319946f6531a2c4559f588a8  -

real	0m2.363s
user	0m2.047s
sys	0m0.633s
1000+0 records in
1000+0 records out
1048576000 bytes (1.0 GB) copied, 2.06374 s, 508 MB/s
3c84e34b319946f6531a2c4559f588a8  -

real	0m2.067s
user	0m1.853s
sys	0m0.497s
1000+0 records in
1000+0 records out
1048576000 bytes (1.0 GB) copied, 2.08944 s, 502 MB/s
3c84e34b319946f6531a2c4559f588a8  -

real	0m2.092s
user	0m1.831s
sys	0m0.527s
1000+0 records in
1000+0 records out
3c84e34b319946f6531a2c4559f588a8  -
1048576000 bytes (1.0 GB) copied, 2.19472 s, 478 MB/s

real	0m2.198s
user	0m1.898s
sys	0m0.540s
1000+0 records in
1000+0 records out
3c84e34b319946f6531a2c4559f588a8  -
1048576000 bytes (1.0 GB) copied, 2.42138 s, 433 MB/s

real	0m2.424s
user	0m2.063s
sys	0m0.649s
1000+0 records in
1000+0 records out
3c84e34b319946f6531a2c4559f588a8  -
1048576000 bytes (1.0 GB) copied, 2.16727 s, 484 MB/s

real	0m2.170s
user	0m1.878s
sys	0m0.541s
1000+0 records in
1000+0 records out
1048576000 bytes (1.0 GB) copied, 2.37399 s, 442 MB/s
3c84e34b319946f6531a2c4559f588a8  -

real	0m2.377s
user	0m2.076s
sys	0m0.592s
1000+0 records in
1000+0 records out
3c84e34b319946f6531a2c4559f588a8  -
1048576000 bytes (1.0 GB) copied, 2.233 s, 470 MB/s

real	0m2.236s
user	0m1.934s
sys	0m0.568s
1000+0 records in
1000+0 records out
1048576000 bytes (1.0 GB) copied, 2.41388 s, 434 MB/s
3c84e34b319946f6531a2c4559f588a8  -

real	0m2.417s
user	0m2.082s
sys	0m0.639s
1000+0 records in
1000+0 records out
3c84e34b319946f6531a2c4559f588a8  -
1048576000 bytes (1.0 GB) copied, 2.23435 s, 469 MB/s

real	0m2.237s
user	0m1.942s
sys	0m0.571s
1000+0 records in
1000+0 records out
3c84e34b319946f6531a2c4559f588a8  -
1048576000 bytes (1.0 GB) copied, 2.45355 s, 427 MB/s

real	0m2.456s
user	0m2.027s
sys	0m0.723s
1000+0 records in
1000+0 records out
1048576000 bytes (1.0 GB) copied, 2.12869 s, 493 MB/s
3c84e34b319946f6531a2c4559f588a8  -

real	0m2.132s
user	0m1.890s
sys	0m0.523s
1000+0 records in
1000+0 records out
1048576000 bytes (1.0 GB) copied, 2.33088 s, 450 MB/s
3c84e34b319946f6531a2c4559f588a8  -

real	0m2.334s
user	0m2.091s
sys	0m0.591s
1000+0 records in
1000+0 records out
1048576000 bytes (1.0 GB) copied, 2.14124 s, 490 MB/s
3c84e34b319946f6531a2c4559f588a8  -

real	0m2.144s
user	0m1.918s
sys	0m0.543s
1000+0 records in
1000+0 records out
3c84e34b319946f6531a2c4559f588a8  -
1048576000 bytes (1.0 GB) copied, 2.46122 s, 426 MB/s

real	0m2.464s
user	0m2.001s
sys	0m0.718s
1000+0 records in
1000+0 records out
3c84e34b319946f6531a2c4559f588a8  -
1048576000 bytes (1.0 GB) copied, 2.23059 s, 470 MB/s

real	0m2.234s
user	0m1.941s
sys	0m0.562s
1000+0 records in
1000+0 records out
1048576000 bytes (1.0 GB) copied, 2.31354 s, 453 MB/s
3c84e34b319946f6531a2c4559f588a8  -

real	0m2.316s
user	0m2.062s
sys	0m0.588s
1000+0 records in
1000+0 records out
1048576000 bytes (1.0 GB) copied, 2.24362 s, 467 MB/s
3c84e34b319946f6531a2c4559f588a8  -

real	0m2.246s
user	0m1.993s
sys	0m0.596s
1000+0 records in
1000+0 records out
1048576000 bytes (1.0 GB) copied3c84e34b319946f6531a2c4559f588a8  -
, 2.43451 s, 431 MB/s

real	0m2.437s
user	0m2.121s
sys	0m0.603s
1000+0 records in
1000+0 records out
3c84e34b319946f6531a2c4559f588a8  -
1048576000 bytes (1.0 GB) copied, 2.15425 s, 487 MB/s

real	0m2.157s
user	0m1.822s
sys	0m0.544s
1000+0 records in
1000+0 records out
1048576000 bytes (1.0 GB) copied, 2.43859 s, 430 MB/s
3c84e34b319946f6531a2c4559f588a8  -

real	0m2.441s
user	0m2.026s
sys	0m0.729s
1000+0 records in
1000+0 records out
1048576000 bytes (1.0 GB) copied3c84e34b319946f6531a2c4559f588a8  -
, 2.14511 s, 489 MB/s

real	0m2.148s
user	0m1.919s
sys	0m0.561s
1000+0 records in
1000+0 records out
1048576000 bytes (1.0 GB) copied, 2.32219 s, 452 MB/s
3c84e34b319946f6531a2c4559f588a8  -

real	0m2.325s
user	0m2.061s
sys	0m0.616s
1000+0 records in
1000+0 records out
3c84e34b319946f6531a2c4559f588a8  -
1048576000 bytes (1.0 GB) copied, 2.19867 s, 477 MB/s

real	0m2.201s
user	0m1.918s
sys	0m0.547s
1000+0 records in
1000+0 records out
1048576000 bytes (1.0 GB) copied, 2.3468 s, 447 MB/s
3c84e34b319946f6531a2c4559f588a8  -

real	0m2.349s
user	0m2.068s
sys	0m0.577s
1000+0 records in
1000+0 records out
1048576000 bytes (1.0 GB) copied, 2.17197 s, 483 MB/s
3c84e34b319946f6531a2c4559f588a8  -

real	0m2.175s
user	0m1.900s
sys	0m0.539s
1000+0 records in
1000+0 records out
3c84e34b319946f6531a2c4559f588a8  -
1048576000 bytes (1.0 GB) copied, 2.40333 s, 436 MB/s

real	0m2.406s
user	0m2.109s
sys	0m0.566s
1000+0 records in
1000+0 records out
3c84e34b319946f6531a2c4559f588a8  -
1048576000 bytes (1.0 GB) copied, 2.19014 s, 479 MB/s

real	0m2.193s
user	0m1.921s
sys	0m0.540s
1000+0 records in
1000+0 records out
1048576000 bytes (1.0 GB) copied, 2.36162 s, 444 MB/s
3c84e34b319946f6531a2c4559f588a8  -

real	0m2.364s
user	0m2.076s
sys	0m0.628s
1000+0 records in
1000+0 records out
3c84e34b319946f6531a2c4559f588a8  -
1048576000 bytes (1.0 GB) copied, 2.26424 s, 463 MB/s

real	0m2.267s
user	0m1.940s
sys	0m0.562s
1000+0 records in
1000+0 records out
1048576000 bytes (1.0 GB) copied, 2.31105 s, 454 MB/s
3c84e34b319946f6531a2c4559f588a8  -

real	0m2.314s
user	0m2.072s
sys	0m0.588s
1000+0 records in
1000+0 records out
1048576000 bytes (1.0 GB) copied, 2.10692 s, 498 MB/s
3c84e34b319946f6531a2c4559f588a8  -

real	0m2.109s
user	0m1.882s
sys	0m0.568s
1000+0 records in
1000+0 records out
1048576000 bytes (1.0 GB) copied, 2.30257 s, 455 MB/s
3c84e34b319946f6531a2c4559f588a8  -

real	0m2.305s
user	0m2.011s
sys	0m0.621s
1000+0 records in
1000+0 records out
1048576000 bytes (1.0 GB) copied3c84e34b319946f6531a2c4559f588a8  -
, 2.14667 s, 488 MB/s

real	0m2.149s
user	0m1.872s
sys	0m0.554s
1000+0 records in
1000+0 records out
3c84e34b319946f6531a2c4559f588a8  -
1048576000 bytes (1.0 GB) copied, 2.50186 s, 419 MB/s

real	0m2.504s
user	0m2.099s
sys	0m0.722s
1000+0 records in
1000+0 records out
3c84e34b319946f6531a2c4559f588a8  -
1048576000 bytes (1.0 GB) copied, 2.08823 s, 502 MB/s

real	0m2.091s
user	0m1.839s
sys	0m0.539s
1000+0 records in
1000+0 records out
1048576000 bytes (1.0 GB) copied, 2.45695 s, 427 MB/s
3c84e34b319946f6531a2c4559f588a8  -

real	0m2.460s
user	0m2.047s
sys	0m0.754s
1000+0 records in
1000+0 records out
1048576000 bytes (1.0 GB) copied, 2.13577 s, 491 MB/s
3c84e34b319946f6531a2c4559f588a8  -

real	0m2.138s
user	0m1.940s
sys	0m0.525s
1000+0 records in
1000+0 records out
3c84e34b319946f6531a2c4559f588a8  -
1048576000 bytes (1.0 GB) copied, 2.35878 s, 445 MB/s

real	0m2.361s
user	0m2.058s
sys	0m0.619s
1000+0 records in
1000+0 records out
3c84e34b319946f6531a2c4559f588a8  -
1048576000 bytes (1.0 GB) copied, 2.13129 s, 492 MB/s

real	0m2.134s
user	0m1.869s
sys	0m0.542s
1000+0 records in
1000+0 records out
1048576000 bytes (1.0 GB) copied, 2.31505 s, 453 MB/s
3c84e34b319946f6531a2c4559f588a8  -

real	0m2.318s
user	0m2.079s
sys	0m0.574s
1000+0 records in
1000+0 records out
1048576000 bytes (1.0 GB) copied, 2.21893 s, 473 MB/s
3c84e34b319946f6531a2c4559f588a8  -

real	0m2.222s
user	0m1.982s
sys	0m0.568s
1000+0 records in
1000+0 records out
1048576000 bytes (1.0 GB) copied, 2.36709 s, 443 MB/s
3c84e34b319946f6531a2c4559f588a8  -

real	0m2.370s
user	0m2.055s
sys	0m0.625s
1000+0 records in
1000+0 records out
1048576000 bytes (1.0 GB) copied, 2.24238 s, 468 MB/s
3c84e34b319946f6531a2c4559f588a8  -

real	0m2.245s
user	0m1.920s
sys	0m0.552s
1000+0 records in
1000+0 records out
3c84e34b319946f6531a2c4559f588a8  -
1048576000 bytes (1.0 GB) copied, 2.40566 s, 436 MB/s

real	0m2.408s
user	0m2.074s
sys	0m0.605s
1000+0 records in
1000+0 records out
3c84e34b319946f6531a2c4559f588a8  -
1048576000 bytes (1.0 GB) copied, 2.28659 s, 459 MB/s

real	0m2.289s
user	0m1.917s
sys	0m0.561s
1000+0 records in
1000+0 records out
1048576000 bytes (1.0 GB) copied, 2.37797 s, 441 MB/s
3c84e34b319946f6531a2c4559f588a8  -

real	0m2.381s
user	0m2.039s
sys	0m0.676s
1000+0 records in
1000+0 records out
3c84e34b319946f6531a2c4559f588a8  -
1048576000 bytes (1.0 GB) copied, 2.2207 s, 472 MB/s

real	0m2.223s
user	0m1.895s
sys	0m0.557s
1000+0 records in
1000+0 records out
1048576000 bytes (1.0 GB) copied, 2.27748 s, 460 MB/s
3c84e34b319946f6531a2c4559f588a8  -

real	0m2.280s
user	0m2.071s
sys	0m0.569s
1000+0 records in
1000+0 records out
3c84e34b319946f6531a2c4559f588a8  -
1048576000 bytes (1.0 GB) copied, 2.14334 s, 489 MB/s

real	0m2.146s
user	0m1.894s
sys	0m0.537s
1000+0 records in
1000+0 records out
1048576000 bytes (1.0 GB) copied, 2.26868 s, 462 MB/s
3c84e34b319946f6531a2c4559f588a8  -

real	0m2.271s
user	0m2.046s
sys	0m0.570s
1000+0 records in
1000+0 records out
1048576000 bytes (1.0 GB) copied, 2.14237 s, 489 MB/s
3c84e34b319946f6531a2c4559f588a8  -

real	0m2.145s
user	0m1.893s
sys	0m0.552s
1000+0 records in
1000+0 records out
1048576000 bytes (1.0 GB) copied, 2.37597 s, 441 MB/s
3c84e34b319946f6531a2c4559f588a8  -

real	0m2.378s
user	0m2.048s
sys	0m0.655s
1000+0 records in
1000+0 records out
1048576000 bytes (1.0 GB) copied, 2.19592 s, 478 MB/s
3c84e34b319946f6531a2c4559f588a8  -

real	0m2.198s
user	0m1.929s
sys	0m0.562s
1000+0 records in
1000+0 records out
3c84e34b319946f6531a2c4559f588a8  -
1048576000 bytes (1.0 GB) copied, 2.40065 s, 437 MB/s

real	0m2.403s
user	0m2.120s
sys	0m0.594s
1000+0 records in
1000+0 records out
1048576000 bytes (1.0 GB) copied, 2.14298 s, 489 MB/s
3c84e34b319946f6531a2c4559f588a8  -

real	0m2.146s
user	0m1.924s
sys	0m0.524s
1000+0 records in
1000+0 records out
3c84e34b319946f6531a2c4559f588a8  -
1048576000 bytes (1.0 GB) copied, 2.36486 s, 443 MB/s

real	0m2.368s
user	0m2.066s
sys	0m0.602s
1000+0 records in
1000+0 records out
3c84e34b319946f6531a2c4559f588a8  -
1048576000 bytes (1.0 GB) copied, 2.15625 s, 486 MB/s

real	0m2.159s
user	0m1.905s
sys	0m0.519s
1000+0 records in
1000+0 records out
1048576000 bytes (1.0 GB) copied, 2.31392 s, 453 MB/s
3c84e34b319946f6531a2c4559f588a8  -

real	0m2.317s
user	0m2.063s
sys	0m0.607s
1000+0 records in
1000+0 records out
1048576000 bytes (1.0 GB) copied, 2.15317 s, 487 MB/s
3c84e34b319946f6531a2c4559f588a8  -

real	0m2.156s
user	0m1.912s
sys	0m0.548s
1000+0 records in
1000+0 records out
3c84e34b319946f6531a2c4559f588a8  -
1048576000 bytes (1.0 GB) copied, 2.40753 s, 436 MB/s

real	0m2.410s
user	0m2.075s
sys	0m0.609s
1000+0 records in
1000+0 records out
1048576000 bytes (1.0 GB) copied, 2.16 s, 485 MB/s
3c84e34b319946f6531a2c4559f588a8  -

real	0m2.163s
user	0m1.887s
sys	0m0.555s
1000+0 records in
1000+0 records out
1048576000 bytes (1.0 GB) copied, 2.29145 s, 458 MB/s
3c84e34b319946f6531a2c4559f588a8  -

real	0m2.295s
user	0m2.054s
sys	0m0.594s
1000+0 records in
1000+0 records out
3c84e34b319946f6531a2c4559f588a8  -
1048576000 bytes (1.0 GB) copied, 2.31913 s, 452 MB/s

real	0m2.321s
user	0m2.017s
sys	0m0.593s
1000+0 records in
1000+0 records out
1048576000 bytes (1.0 GB) copied, 2.49289 s, 421 MB/s
3c84e34b319946f6531a2c4559f588a8  -

real	0m2.495s
user	0m1.971s
sys	0m0.839s
1000+0 records in
1000+0 records out
3c84e34b319946f6531a2c4559f588a8  -
1048576000 bytes (1.0 GB) copied, 2.29334 s, 457 MB/s

real	0m2.296s
user	0m2.031s
sys	0m0.561s
1000+0 records in
1000+0 records out
1048576000 bytes (1.0 GB) copied, 2.5878 s, 405 MB/s
3c84e34b319946f6531a2c4559f588a8  -

real	0m2.591s
user	0m1.981s
sys	0m0.907s
1000+0 records in
1000+0 records out
1048576000 bytes (1.0 GB) copied, 2.231 s, 470 MB/s
3c84e34b319946f6531a2c4559f588a8  -

real	0m2.234s
user	0m1.989s
sys	0m0.580s
1000+0 records in
1000+0 records out
3c84e34b319946f6531a2c4559f588a8  -
1048576000 bytes (1.0 GB) copied, 2.60301 s, 403 MB/s

real	0m2.606s
user	0m1.994s
sys	0m0.844s
1000+0 records in
1000+0 records out
1048576000 bytes (1.0 GB) copied, 2.19144 s, 478 MB/s
3c84e34b319946f6531a2c4559f588a8  -

real	0m2.194s
user	0m1.909s
sys	0m0.565s
1000+0 records in
1000+0 records out
3c84e34b319946f6531a2c4559f588a8  -
1048576000 bytes (1.0 GB) copied, 2.37168 s, 442 MB/s

real	0m2.374s
user	0m2.058s
sys	0m0.607s
1000+0 records in
1000+0 records out
1048576000 bytes (1.0 GB) copied, 2.16259 s, 485 MB/s
3c84e34b319946f6531a2c4559f588a8  -

real	0m2.165s
user	0m1.933s
sys	0m0.559s
1000+0 records in
1000+0 records out
1048576000 bytes (1.0 GB) copied, 2.28095 s, 460 MB/s
3c84e34b319946f6531a2c4559f588a8  -

real	0m2.284s
user	0m2.048s
sys	0m0.564s
1000+0 records in
1000+0 records out
3c84e34b319946f6531a2c4559f588a8  -
1048576000 bytes (1.0 GB) copied, 2.18307 s, 480 MB/s

real	0m2.186s
user	0m1.939s
sys	0m0.519s
1000+0 records in
1000+0 records out
1048576000 bytes (1.0 GB) copied, 2.34343 s, 447 MB/s
3c84e34b319946f6531a2c4559f588a8  -

real	0m2.346s
user	0m2.052s
sys	0m0.615s
1000+0 records in
1000+0 records out
1048576000 bytes (1.0 GB) copied, 2.2498 s, 466 MB/s
3c84e34b319946f6531a2c4559f588a8  -

real	0m2.253s
user	0m1.941s
sys	0m0.538s
1000+0 records in
1000+0 records out
3c84e34b319946f6531a2c4559f588a8  -
1048576000 bytes (1.0 GB) copied, 2.57688 s, 407 MB/s

real	0m2.580s
user	0m2.048s
sys	0m0.791s
1000+0 records in
1000+0 records out
1048576000 bytes (1.0 GB) copied, 2.14668 s, 488 MB/s
3c84e34b319946f6531a2c4559f588a8  -

real	0m2.149s
user	0m1.892s
sys	0m0.552s
1000+0 records in
1000+0 records out
3c84e34b319946f6531a2c4559f588a8  -
1048576000 bytes (1.0 GB) copied, 2.5045 s, 419 MB/s

real	0m2.507s
user	0m2.045s
sys	0m0.753s
1000+0 records in
1000+0 records out
1048576000 bytes (1.0 GB) copied, 2.16007 s, 485 MB/s
3c84e34b319946f6531a2c4559f588a8  -

real	0m2.163s
user	0m1.909s
sys	0m0.562s
1000+0 records in
1000+0 records out
3c84e34b319946f6531a2c4559f588a8  -
1048576000 bytes (1.0 GB) copied, 2.36484 s, 443 MB/s

real	0m2.368s
user	0m1.999s
sys	0m0.673s
1000+0 records in
1000+0 records out
1048576000 bytes (1.0 GB) copied, 2.14583 s, 489 MB/s
3c84e34b319946f6531a2c4559f588a8  -

real	0m2.148s
user	0m1.917s
sys	0m0.533s
1000+0 records in
1000+0 records out
1048576000 bytes (1.0 GB) copied, 2.502 s, 419 MB/s
3c84e34b319946f6531a2c4559f588a8  -

real	0m2.504s
user	0m2.011s
sys	0m0.805s
1000+0 records in
1000+0 records out
1048576000 bytes (1.0 GB) copied, 2.26499 s, 463 MB/s
3c84e34b319946f6531a2c4559f588a8  -

real	0m2.268s
user	0m2.025s
sys	0m0.580s
1000+0 records in
1000+0 records out
3c84e34b319946f6531a2c4559f588a8  -
1048576000 bytes (1.0 GB) copied, 2.52544 s, 415 MB/s

real	0m2.528s
user	0m1.974s
sys	0m0.846s
1000+0 records in
1000+0 records out
1048576000 bytes (1.0 GB) copied, 2.28523 s, 459 MB/s
3c84e34b319946f6531a2c4559f588a8  -

real	0m2.288s
user	0m1.981s
sys	0m0.645s
1000+0 records in
1000+0 records out
3c84e34b319946f6531a2c4559f588a8  -
1048576000 bytes (1.0 GB) copied, 2.64027 s, 397 MB/s

real	0m2.643s
user	0m2.046s
sys	0m0.674s
1000+0 records in
1000+0 records out
1048576000 bytes (1.0 GB) copied, 2.12542 s, 493 MB/s
3c84e34b319946f6531a2c4559f588a8  -

real	0m2.128s
user	0m1.884s
sys	0m0.545s
1000+0 records in
1000+0 records out
3c84e34b319946f6531a2c4559f588a8  -
1048576000 bytes (1.0 GB) copied, 2.39523 s, 438 MB/s

real	0m2.398s
user	0m2.041s
sys	0m0.653s
1000+0 records in
1000+0 records out
1048576000 bytes (1.0 GB) copied, 2.17735 s, 482 MB/s
3c84e34b319946f6531a2c4559f588a8  -

real	0m2.180s
user	0m1.881s
sys	0m0.531s
1000+0 records in
1000+0 records out
3c84e34b319946f6531a2c4559f588a8  -
1048576000 bytes (1.0 GB) copied, 2.51368 s, 417 MB/s

real	0m2.516s
user	0m2.082s
sys	0m0.627s
1000+0 records in
1000+0 records out
1048576000 bytes (1.0 GB) copied, 2.14972 s, 488 MB/s
3c84e34b319946f6531a2c4559f588a8  -

real	0m2.153s
user	0m1.906s
sys	0m0.527s
1000+0 records in
1000+0 records out
1048576000 bytes (1.0 GB) copied, 2.38019 s, 441 MB/s
3c84e34b319946f6531a2c4559f588a8  -

real	0m2.383s
user	0m2.022s
sys	0m0.661s
1000+0 records in
1000+0 records out
1048576000 bytes (1.0 GB) copied, 2.15261 s, 487 MB/s
3c84e34b319946f6531a2c4559f588a8  -

real	0m2.155s
user	0m1.914s
sys	0m0.531s
1000+0 records in
1000+0 records out
3c84e34b319946f6531a2c4559f588a8  -
1048576000 bytes (1.0 GB) copied, 2.40389 s, 436 MB/s

real	0m2.406s
user	0m2.059s
sys	0m0.589s
1000+0 records in
1000+0 records out
1048576000 bytes (1.0 GB) copied, 2.18632 s, 480 MB/s
3c84e34b319946f6531a2c4559f588a8  -

real	0m2.189s
user	0m1.986s
sys	0m0.516s
1000+0 records in
1000+0 records out
1048576000 bytes (1.0 GB) copied3c84e34b319946f6531a2c4559f588a8  -
, 2.45203 s, 428 MB/s

real	0m2.455s
user	0m2.057s
sys	0m0.633s
1000+0 records in
1000+0 records out
3c84e34b319946f6531a2c4559f588a8  -
1048576000 bytes (1.0 GB) copied, 2.19508 s, 478 MB/s

real	0m2.198s
user	0m1.948s
sys	0m0.524s
1000+0 records in
1000+0 records out
1048576000 bytes (1.0 GB) copied, 2.27784 s, 460 MB/s
3c84e34b319946f6531a2c4559f588a8  -

real	0m2.281s
user	0m2.049s
sys	0m0.574s
1000+0 records in
1000+0 records out
1048576000 bytes (1.0 GB) copied, 2.35674 s, 445 MB/s
3c84e34b319946f6531a2c4559f588a8  -

real	0m2.359s
user	0m2.032s
sys	0m0.659s
1000+0 records in
1000+0 records out
3c84e34b319946f6531a2c4559f588a8  -
1048576000 bytes (1.0 GB) copied, 2.53502 s, 414 MB/s

real	0m2.538s
user	0m2.051s
sys	0m0.793s
1000+0 records in
1000+0 records out
1048576000 bytes (1.0 GB) copied, 2.17308 s, 483 MB/s
3c84e34b319946f6531a2c4559f588a8  -

real	0m2.176s
user	0m1.931s
sys	0m0.544s
1000+0 records in
1000+0 records out
1048576000 bytes (1.0 GB) copied, 2.35584 s, 445 MB/s
3c84e34b319946f6531a2c4559f588a8  -

real	0m2.359s
user	0m2.021s
sys	0m0.630s
1000+0 records in
1000+0 records out
1048576000 bytes (1.0 GB) copied, 2.11442 s, 496 MB/s
3c84e34b319946f6531a2c4559f588a8  -

real	0m2.117s
user	0m1.893s
sys	0m0.530s
1000+0 records in
1000+0 records out
3c84e34b319946f6531a2c4559f588a8  -
1048576000 bytes (1.0 GB) copied, 2.4862 s, 422 MB/s

real	0m2.489s
user	0m2.017s
sys	0m0.740s
1000+0 records in
1000+0 records out
1048576000 bytes (1.0 GB) copied, 2.13585 s, 491 MB/s
3c84e34b319946f6531a2c4559f588a8  -

real	0m2.139s
user	0m1.911s
sys	0m0.547s
1000+0 records in
1000+0 records out
3c84e34b319946f6531a2c4559f588a8  -
1048576000 bytes (1.0 GB) copied, 2.45437 s, 427 MB/s

real	0m2.457s
user	0m2.092s
sys	0m0.603s
1000+0 records in
1000+0 records out
3c84e34b319946f6531a2c4559f588a8  -
1048576000 bytes (1.0 GB) copied, 2.31349 s, 453 MB/s

real	0m2.316s
user	0m1.989s
sys	0m0.590s
1000+0 records in
1000+0 records out
1048576000 bytes (1.0 GB) copied, 2.35548 s, 445 MB/s
3c84e34b319946f6531a2c4559f588a8  -

real	0m2.358s
user	0m2.106s
sys	0m0.608s
1000+0 records in
1000+0 records out
3c84e34b319946f6531a2c4559f588a8  -
1048576000 bytes (1.0 GB) copied, 2.18096 s, 481 MB/s

real	0m2.183s
user	0m1.911s
sys	0m0.521s
1000+0 records in
1000+0 records out
1048576000 bytes (1.0 GB) copied, 2.35532 s, 445 MB/s
3c84e34b319946f6531a2c4559f588a8  -

real	0m2.358s
user	0m2.050s
sys	0m0.652s
1000+0 records in
1000+0 records out
1048576000 bytes (1.0 GB) copied, 2.10826 s, 497 MB/s
3c84e34b319946f6531a2c4559f588a8  -

real	0m2.111s
user	0m1.872s
sys	0m0.519s
1000+0 records in
1000+0 records out
1048576000 bytes (1.0 GB) copied, 2.29354 s, 457 MB/s
3c84e34b319946f6531a2c4559f588a8  -

real	0m2.297s
user	0m2.061s
sys	0m0.583s
1000+0 records in
1000+0 records out
1048576000 bytes (1.0 GB) copied, 2.30433 s, 455 MB/s
3c84e34b319946f6531a2c4559f588a8  -

real	0m2.307s
user	0m2.013s
sys	0m0.574s
1000+0 records in
1000+0 records out
3c84e34b319946f6531a2c4559f588a8  -
1048576000 bytes (1.0 GB) copied, 2.62219 s, 400 MB/s

real	0m2.625s
user	0m1.948s
sys	0m0.934s
1000+0 records in
1000+0 records out
3c84e34b319946f6531a2c4559f588a8  -
1048576000 bytes (1.0 GB) copied, 2.15321 s, 487 MB/s

real	0m2.156s
user	0m1.904s
sys	0m0.539s
1000+0 records in
1000+0 records out
1048576000 bytes (1.0 GB) copied, 2.30489 s, 455 MB/s
3c84e34b319946f6531a2c4559f588a8  -

real	0m2.308s
user	0m2.076s
sys	0m0.569s
1000+0 records in
1000+0 records out
3c84e34b319946f6531a2c4559f588a8  -
1048576000 bytes (1.0 GB) copied, 2.34588 s, 447 MB/s

real	0m2.349s
user	0m2.017s
sys	0m0.612s
1000+0 records in
1000+0 records out
1048576000 bytes (1.0 GB) copied, 2.35132 s, 446 MB/s
3c84e34b319946f6531a2c4559f588a8  -

real	0m2.354s
user	0m2.052s
sys	0m0.660s
1000+0 records in
1000+0 records out
3c84e34b319946f6531a2c4559f588a8  -
1048576000 bytes (1.0 GB) copied, 2.10975 s, 497 MB/s

real	0m2.112s
user	0m1.870s
sys	0m0.536s
1000+0 records in
1000+0 records out
1048576000 bytes (1.0 GB) copied, 2.3179 s, 452 MB/s
3c84e34b319946f6531a2c4559f588a8  -

real	0m2.320s
user	0m2.062s
sys	0m0.581s
1000+0 records in
1000+0 records out
1048576000 bytes (1.0 GB) copied, 2.17085 s, 483 MB/s
3c84e34b319946f6531a2c4559f588a8  -

real	0m2.174s
user	0m1.968s
sys	0m0.540s
1000+0 records in
1000+0 records out
1048576000 bytes (1.0 GB) copied, 2.39018 s, 439 MB/s
3c84e34b319946f6531a2c4559f588a8  -

real	0m2.393s
user	0m2.008s
sys	0m0.708s
1000+0 records in
1000+0 records out
1048576000 bytes (1.0 GB) copied, 2.17904 s, 481 MB/s
3c84e34b319946f6531a2c4559f588a8  -

real	0m2.182s
user	0m1.961s
sys	0m0.522s
1000+0 records in
1000+0 records out
3c84e34b319946f6531a2c4559f588a8  -
1048576000 bytes (1.0 GB) copied, 2.35473 s, 445 MB/s

real	0m2.357s
user	0m2.077s
sys	0m0.570s
1000+0 records in
1000+0 records out
3c84e34b319946f6531a2c4559f588a8  -
1048576000 bytes (1.0 GB) copied, 2.20608 s, 475 MB/s

real	0m2.209s
user	0m1.945s
sys	0m0.535s
1000+0 records in
1000+0 records out
1048576000 bytes (1.0 GB) copied, 2.30906 s, 454 MB/s
3c84e34b319946f6531a2c4559f588a8  -

real	0m2.312s
user	0m2.069s
sys	0m0.575s
1000+0 records in
1000+0 records out
3c84e34b319946f6531a2c4559f588a8  -
1048576000 bytes (1.0 GB) copied, 2.18669 s, 480 MB/s

real	0m2.190s
user	0m1.926s
sys	0m0.537s
1000+0 records in
1000+0 records out
1048576000 bytes (1.0 GB) copied, 2.3313 s, 450 MB/s
3c84e34b319946f6531a2c4559f588a8  -

real	0m2.334s
user	0m2.055s
sys	0m0.622s
1000+0 records in
1000+0 records out
3c84e34b319946f6531a2c4559f588a8  -
1048576000 bytes (1.0 GB) copied, 2.15086 s, 488 MB/s

real	0m2.154s
user	0m1.923s
sys	0m0.537s
1000+0 records in
1000+0 records out
1048576000 bytes (1.0 GB) copied, 2.30543 s, 455 MB/s
3c84e34b319946f6531a2c4559f588a8  -

real	0m2.308s
user	0m2.016s
sys	0m0.642s
1000+0 records in
1000+0 records out
1048576000 bytes (1.0 GB) copied, 2.13437 s, 491 MB/s
3c84e34b319946f6531a2c4559f588a8  -

real	0m2.137s
user	0m1.935s
sys	0m0.542s
1000+0 records in
1000+0 records out
1048576000 bytes (1.0 GB) copied, 2.25967 s, 464 MB/s
3c84e34b319946f6531a2c4559f588a8  -

real	0m2.262s
user	0m2.044s
sys	0m0.577s
1000+0 records in
1000+0 records out
1048576000 bytes (1.0 GB) copied, 2.25458 s, 465 MB/s
3c84e34b319946f6531a2c4559f588a8  -

real	0m2.257s
user	0m1.991s
sys	0m0.566s
1000+0 records in
1000+0 records out
3c84e34b319946f6531a2c4559f588a8  -
1048576000 bytes (1.0 GB) copied, 2.5263 s, 415 MB/s

real	0m2.529s
user	0m1.956s
sys	0m0.821s
1000+0 records in
1000+0 records out
3c84e34b319946f6531a2c4559f588a8  -
1048576000 bytes (1.0 GB) copied, 2.25105 s, 466 MB/s

real	0m2.254s
user	0m1.914s
sys	0m0.554s
1000+0 records in
1000+0 records out
1048576000 bytes (1.0 GB) copied, 2.38783 s, 439 MB/s
3c84e34b319946f6531a2c4559f588a8  -

real	0m2.391s
user	0m2.022s
sys	0m0.705s
1000+0 records in
1000+0 records out
1048576000 bytes (1.0 GB) copied, 2.33491 s, 449 MB/s
3c84e34b319946f6531a2c4559f588a8  -

real	0m2.337s
user	0m2.096s
sys	0m0.582s
1000+0 records in
1000+0 records out
3c84e34b319946f6531a2c4559f588a8  -
1048576000 bytes (1.0 GB) copied, 2.60757 s, 402 MB/s

real	0m2.610s
user	0m2.035s
sys	0m0.887s
1000+0 records in
1000+0 records out
3c84e34b319946f6531a2c4559f588a8  -
1048576000 bytes (1.0 GB) copied, 2.17287 s, 483 MB/s

real	0m2.175s
user	0m1.906s
sys	0m0.544s
1000+0 records in
1000+0 records out
1048576000 bytes (1.0 GB) copied, 2.29335 s, 457 MB/s
3c84e34b319946f6531a2c4559f588a8  -

real	0m2.296s
user	0m2.070s
sys	0m0.575s
1000+0 records in
1000+0 records out
1048576000 bytes (1.0 GB) copied, 2.15385 s, 487 MB/s
3c84e34b319946f6531a2c4559f588a8  -

real	0m2.156s
user	0m1.920s
sys	0m0.548s
1000+0 records in
1000+0 records out
1048576000 bytes (1.0 GB) copied, 2.36053 s, 444 MB/s
3c84e34b319946f6531a2c4559f588a8  -

real	0m2.364s
user	0m2.050s
sys	0m0.623s
1000+0 records in
1000+0 records out
1048576000 bytes (1.0 GB) copied, 2.1484 s, 488 MB/s
3c84e34b319946f6531a2c4559f588a8  -

real	0m2.151s
user	0m1.927s
sys	0m0.523s
1000+0 records in
1000+0 records out
3c84e34b319946f6531a2c4559f588a8  -
1048576000 bytes (1.0 GB) copied, 2.39951 s, 437 MB/s

real	0m2.402s
user	0m2.097s
sys	0m0.576s
1000+0 records in
1000+0 records out
1048576000 bytes (1.0 GB) copied, 2.30335 s, 455 MB/s
3c84e34b319946f6531a2c4559f588a8  -

real	0m2.306s
user	0m2.039s
sys	0m0.615s
1000+0 records in
1000+0 records out
3c84e34b319946f6531a2c4559f588a8  -
1048576000 bytes (1.0 GB) copied, 2.60985 s, 402 MB/s

real	0m2.613s
user	0m2.009s
sys	0m0.879s
1000+0 records in
1000+0 records out
3c84e34b319946f6531a2c4559f588a8  -
1048576000 bytes (1.0 GB) copied, 2.19664 s, 477 MB/s

real	0m2.200s
user	0m1.941s
sys	0m0.531s
1000+0 records in
1000+0 records out
1048576000 bytes (1.0 GB) copied, 2.30305 s, 455 MB/s
3c84e34b319946f6531a2c4559f588a8  -

real	0m2.306s
user	0m2.095s
sys	0m0.563s
1000+0 records in
1000+0 records out
3c84e34b319946f6531a2c4559f588a8  -
1048576000 bytes (1.0 GB) copied, 2.23601 s, 469 MB/s

real	0m2.239s
user	0m1.988s
sys	0m0.568s
1000+0 records in
1000+0 records out
1048576000 bytes (1.0 GB) copied, 2.44055 s, 430 MB/s
3c84e34b319946f6531a2c4559f588a8  -

real	0m2.443s
user	0m2.112s
sys	0m0.613s
1000+0 records in
1000+0 records out
1048576000 bytes (1.0 GB) copied, 2.19188 s, 478 MB/s
3c84e34b319946f6531a2c4559f588a8  -

real	0m2.195s
user	0m1.949s
sys	0m0.553s
1000+0 records in
1000+0 records out
1048576000 bytes (1.0 GB) copied, 2.31674 s, 453 MB/s
3c84e34b319946f6531a2c4559f588a8  -

real	0m2.319s
user	0m2.097s
sys	0m0.563s
1000+0 records in
1000+0 records out
1048576000 bytes (1.0 GB) copied, 2.18481 s, 480 MB/s
3c84e34b319946f6531a2c4559f588a8  -

real	0m2.187s
user	0m1.935s
sys	0m0.520s
1000+0 records in
1000+0 records out
3c84e34b319946f6531a2c4559f588a8  -
1048576000 bytes (1.0 GB) copied, 2.66262 s, 394 MB/s

real	0m2.665s
user	0m2.077s
sys	0m0.714s
1000+0 records in
1000+0 records out
1048576000 bytes (1.0 GB) copied, 2.12515 s, 493 MB/s
3c84e34b319946f6531a2c4559f588a8  -

real	0m2.128s
user	0m1.889s
sys	0m0.539s
1000+0 records in
1000+0 records out
3c84e34b319946f6531a2c4559f588a8  -
1048576000 bytes (1.0 GB) copied, 2.41656 s, 434 MB/s

real	0m2.419s
user	0m2.058s
sys	0m0.671s
1000+0 records in
1000+0 records out
1048576000 bytes (1.0 GB) copied, 2.13898 s, 490 MB/s
3c84e34b319946f6531a2c4559f588a8  -

real	0m2.142s
user	0m1.913s
sys	0m0.533s
1000+0 records in
1000+0 records out
3c84e34b319946f6531a2c4559f588a8  -
1048576000 bytes (1.0 GB) copied, 2.41327 s, 435 MB/s

real	0m2.416s
user	0m2.078s
sys	0m0.594s
1000+0 records in
1000+0 records out
3c84e34b319946f6531a2c4559f588a8  -
1048576000 bytes (1.0 GB) copied, 2.2191 s, 473 MB/s

real	0m2.222s
user	0m1.919s
sys	0m0.505s
1000+0 records in
1000+0 records out
1048576000 bytes (1.0 GB) copied, 2.37641 s, 441 MB/s
3c84e34b319946f6531a2c4559f588a8  -

real	0m2.379s
user	0m2.011s
sys	0m0.673s
1000+0 records in
1000+0 records out
1048576000 bytes (1.0 GB) copied, 2.31719 s, 453 MB/s
3c84e34b319946f6531a2c4559f588a8  -

real	0m2.320s
user	0m2.025s
sys	0m0.612s
1000+0 records in
1000+0 records out
1048576000 bytes (1.0 GB) copied, 2.50218 s, 419 MB/s
3c84e34b319946f6531a2c4559f588a8  -

real	0m2.505s
user	0m2.100s
sys	0m0.737s
1000+0 records in
1000+0 records out
1048576000 bytes (1.0 GB) copied, 2.1499 s, 488 MB/s
3c84e34b319946f6531a2c4559f588a8  -

real	0m2.152s
user	0m1.889s
sys	0m0.562s
1000+0 records in
1000+0 records out
3c84e34b319946f6531a2c4559f588a8  -
1048576000 bytes (1.0 GB) copied, 2.35133 s, 446 MB/s

real	0m2.354s
user	0m2.086s
sys	0m0.577s
1000+0 records in
1000+0 records out
3c84e34b319946f6531a2c4559f588a8  -
1048576000 bytes (1.0 GB) copied, 2.15165 s, 487 MB/s

real	0m2.154s
user	0m1.899s
sys	0m0.531s
1000+0 records in
1000+0 records out
1048576000 bytes (1.0 GB) copied, 2.3932 s, 438 MB/s
3c84e34b319946f6531a2c4559f588a8  -

real	0m2.396s
user	0m2.063s
sys	0m0.654s
1000+0 records in
1000+0 records out
3c84e34b319946f6531a2c4559f588a8  -
1048576000 bytes (1.0 GB) copied, 2.21913 s, 473 MB/s

real	0m2.222s
user	0m1.958s
sys	0m0.544s
1000+0 records in
1000+0 records out
1048576000 bytes (1.0 GB) copied, 2.33189 s, 450 MB/s
3c84e34b319946f6531a2c4559f588a8  -

real	0m2.334s
user	0m2.063s
sys	0m0.590s
1000+0 records in
1000+0 records out
1048576000 bytes (1.0 GB) copied, 2.11616 s, 496 MB/s
3c84e34b319946f6531a2c4559f588a8  -

real	0m2.119s
user	0m1.911s
sys	0m0.512s
1000+0 records in
1000+0 records out
3c84e34b319946f6531a2c4559f588a8  -
1048576000 bytes (1.0 GB) copied, 2.35351 s, 446 MB/s

real	0m2.356s
user	0m2.084s
sys	0m0.576s
1000+0 records in
1000+0 records out
1048576000 bytes (1.0 GB) copied, 2.16546 s, 484 MB/s
3c84e34b319946f6531a2c4559f588a8  -

real	0m2.168s
user	0m1.928s
sys	0m0.558s
1000+0 records in
1000+0 records out
1048576000 bytes (1.0 GB) copied, 2.41186 s, 435 MB/s
3c84e34b319946f6531a2c4559f588a8  -

real	0m2.414s
user	0m2.035s
sys	0m0.660s
1000+0 records in
1000+0 records out
1048576000 bytes (1.0 GB) copied, 2.18412 s, 480 MB/s
3c84e34b319946f6531a2c4559f588a8  -

real	0m2.187s
user	0m1.933s
sys	0m0.551s
1000+0 records in
1000+0 records out
3c84e34b319946f6531a2c4559f588a8  -
1048576000 bytes (1.0 GB) copied, 2.40951 s, 435 MB/s

real	0m2.412s
user	0m2.115s
sys	0m0.558s
1000+0 records in
1000+0 records out
1048576000 bytes (1.0 GB) copied, 2.13676 s, 491 MB/s
3c84e34b319946f6531a2c4559f588a8  -

real	0m2.140s
user	0m1.872s
sys	0m0.543s
1000+0 records in
1000+0 records out
3c84e34b319946f6531a2c4559f588a8  -
1048576000 bytes (1.0 GB) copied, 2.43458 s, 431 MB/s

real	0m2.437s
user	0m2.069s
sys	0m0.630s
1000+0 records in
1000+0 records out
3c84e34b319946f6531a2c4559f588a8  -
1048576000 bytes (1.0 GB) copied, 2.13165 s, 492 MB/s

real	0m2.134s
user	0m1.896s
sys	0m0.530s
1000+0 records in
1000+0 records out
1048576000 bytes (1.0 GB) copied, 2.31533 s, 453 MB/s
3c84e34b319946f6531a2c4559f588a8  -

real	0m2.318s
user	0m2.038s
sys	0m0.624s
1000+0 records in
1000+0 records out
1048576000 bytes (1.0 GB) copied, 2.15697 s, 486 MB/s
3c84e34b319946f6531a2c4559f588a8  -

real	0m2.160s
user	0m1.887s
sys	0m0.546s
1000+0 records in
1000+0 records out
3c84e34b319946f6531a2c4559f588a8  -
1048576000 bytes (1.0 GB) copied, 2.44638 s, 429 MB/s

real	0m2.449s
user	0m2.042s
sys	0m0.693s
1000+0 records in
1000+0 records out
1048576000 bytes (1.0 GB) copied, 2.1366 s, 491 MB/s
3c84e34b319946f6531a2c4559f588a8  -

real	0m2.139s
user	0m1.914s
sys	0m0.531s
1000+0 records in
1000+0 records out
1048576000 bytes (1.0 GB) copied, 2.3009 s, 456 MB/s
3c84e34b319946f6531a2c4559f588a8  -

real	0m2.303s
user	0m2.077s
sys	0m0.565s
1000+0 records in
1000+0 records out
3c84e34b319946f6531a2c4559f588a8  -
1048576000 bytes (1.0 GB) copied, 2.28577 s, 459 MB/s

real	0m2.288s
user	0m1.924s
sys	0m0.551s
1000+0 records in
1000+0 records out
1048576000 bytes (1.0 GB) copied, 2.44289 s, 429 MB/s
3c84e34b319946f6531a2c4559f588a8  -

real	0m2.446s
user	0m2.024s
sys	0m0.739s
1000+0 records in
1000+0 records out
3c84e34b319946f6531a2c4559f588a8  -
1048576000 bytes (1.0 GB) copied, 2.19335 s, 478 MB/s

real	0m2.196s
user	0m1.900s
sys	0m0.538s
1000+0 records in
1000+0 records out
1048576000 bytes (1.0 GB) copied, 2.3262 s, 451 MB/s
3c84e34b319946f6531a2c4559f588a8  -

real	0m2.329s
user	0m2.061s
sys	0m0.561s
1000+0 records in
1000+0 records out
1048576000 bytes (1.0 GB) copied, 2.15288 s, 487 MB/s
3c84e34b319946f6531a2c4559f588a8  -

real	0m2.155s
user	0m1.904s
sys	0m0.539s
1000+0 records in
1000+0 records out
3c84e34b319946f6531a2c4559f588a8  -
1048576000 bytes (1.0 GB) copied, 2.40271 s, 436 MB/s

real	0m2.405s
user	0m2.051s
sys	0m0.661s
1000+0 records in
1000+0 records out
3c84e34b319946f6531a2c4559f588a8  -
1048576000 bytes (1.0 GB) copied, 2.12508 s, 493 MB/s

real	0m2.128s
user	0m1.886s
sys	0m0.513s
1000+0 records in
1000+0 records out
1048576000 bytes (1.0 GB) copied, 2.28869 s, 458 MB/s
3c84e34b319946f6531a2c4559f588a8  -

real	0m2.291s
user	0m2.081s
sys	0m0.554s
1000+0 records in
1000+0 records out
3c84e34b319946f6531a2c4559f588a8  -
1048576000 bytes (1.0 GB) copied, 2.14953 s, 488 MB/s

real	0m2.156s
user	0m1.931s
sys	0m0.542s
1000+0 records in
1000+0 records out
1048576000 bytes (1.0 GB) copied, 2.3058 s, 455 MB/s
3c84e34b319946f6531a2c4559f588a8  -

real	0m2.312s
user	0m2.030s
sys	0m0.616s
1000+0 records in
1000+0 records out
1048576000 bytes (1.0 GB) copied, 2.15103 s, 487 MB/s
3c84e34b319946f6531a2c4559f588a8  -

real	0m2.154s
user	0m1.939s
sys	0m0.528s
1000+0 records in
1000+0 records out
3c84e34b319946f6531a2c4559f588a8  -
1048576000 bytes (1.0 GB) copied, 2.80234 s, 374 MB/s

real	0m2.805s
user	0m2.027s
sys	0m0.732s
1000+0 records in
1000+0 records out
1048576000 bytes (1.0 GB) copied, 2.28128 s, 460 MB/s
3c84e34b319946f6531a2c4559f588a8  -

real	0m2.284s
user	0m2.029s
sys	0m0.559s
1000+0 records in
1000+0 records out
3c84e34b319946f6531a2c4559f588a8  -
1048576000 bytes (1.0 GB) copied, 2.39236 s, 438 MB/s

real	0m2.395s
user	0m2.084s
sys	0m0.599s
1000+0 records in
1000+0 records out
1048576000 bytes (1.0 GB) copied, 2.29634 s, 457 MB/s
3c84e34b319946f6531a2c4559f588a8  -

real	0m2.299s
user	0m2.062s
sys	0m0.560s
1000+0 records in
1000+0 records out
3c84e34b319946f6531a2c4559f588a8  -
1048576000 bytes (1.0 GB) copied, 2.36032 s, 444 MB/s

real	0m2.363s
user	0m2.017s
sys	0m0.594s
1000+0 records in
1000+0 records out
3c84e34b319946f6531a2c4559f588a8  -
1048576000 bytes (1.0 GB) copied, 2.21334 s, 474 MB/s

real	0m2.216s
user	0m1.905s
sys	0m0.558s
1000+0 records in
1000+0 records out
1048576000 bytes (1.0 GB) copied, 2.29852 s, 456 MB/s
3c84e34b319946f6531a2c4559f588a8  -

real	0m2.301s
user	0m2.041s
sys	0m0.578s
1000+0 records in
1000+0 records out
1048576000 bytes (1.0 GB) copied, 2.10693 s, 498 MB/s
3c84e34b319946f6531a2c4559f588a8  -

real	0m2.110s
user	0m1.880s
sys	0m0.499s
1000+0 records in
1000+0 records out
1048576000 bytes (1.0 GB) copied, 2.1074 s, 498 MB/s
3c84e34b319946f6531a2c4559f588a8  -

real	0m2.110s
user	0m1.820s
sys	0m0.532s
