10000+0 records in
10000+0 records out
a02bf4596da9a0c3d2b10ac745b55ccf  -
10485760000 bytes (10 GB) copied, 20.0241 s, 524 MB/s

real	0m20.027s
user	0m18.249s
sys	0m5.239s
10000+0 records in
10000+0 records out
10485760000 bytes (10 GB) copieda02bf4596da9a0c3d2b10ac745b55ccf  -
, 20.0855 s, 522 MB/s

real	0m20.113s
user	0m18.307s
sys	0m5.282s
10000+0 records in
10000+0 records out
a02bf4596da9a0c3d2b10ac745b55ccf  -
10485760000 bytes (10 GB) copied, 20.5935 s, 509 MB/s

real	0m20.596s
user	0m18.701s
sys	0m5.483s
10000+0 records in
10000+0 records out
10485760000 bytes (10 GB) copieda02bf4596da9a0c3d2b10ac745b55ccf  -
, 20.8765 s, 502 MB/s

real	0m20.899s
user	0m19.106s
sys	0m5.436s
10000+0 records in
10000+0 records out
10485760000 bytes (10 GB) copieda02bf4596da9a0c3d2b10ac745b55ccf  -
, 20.1453 s, 521 MB/s

real	0m20.148s
user	0m18.434s
sys	0m5.233s
10000+0 records in
10000+0 records out
10485760000 bytes (10 GB) copieda02bf4596da9a0c3d2b10ac745b55ccf  -
, 20.7412 s, 506 MB/s

real	0m20.763s
user	0m18.668s
sys	0m5.659s
10000+0 records in
10000+0 records out
10485760000 bytes (10 GB) copied, 20.3115 s, 516 MB/s
a02bf4596da9a0c3d2b10ac745b55ccf  -

real	0m20.314s
user	0m18.504s
sys	0m5.375s
10000+0 records in
10000+0 records out
a02bf4596da9a0c3d2b10ac745b55ccf  -
10485760000 bytes (10 GB) copied, 20.1111 s, 521 MB/s

real	0m20.127s
user	0m18.403s
sys	0m5.205s
10000+0 records in
10000+0 records out
10485760000 bytes (10 GB) copied, 20.2643 s, 517 MB/s
a02bf4596da9a0c3d2b10ac745b55ccf  -

real	0m20.267s
user	0m18.482s
sys	0m5.259s
10000+0 records in
10000+0 records out
10485760000 bytes (10 GB) copieda02bf4596da9a0c3d2b10ac745b55ccf  -
, 21.9662 s, 477 MB/s

real	0m21.971s
user	0m18.995s
sys	0m6.482s
10000+0 records in
10000+0 records out
10485760000 bytes (10 GB) copieda02bf4596da9a0c3d2b10ac745b55ccf  -
, 20.0574 s, 523 MB/s

real	0m20.060s
user	0m18.343s
sys	0m5.230s
10000+0 records in
10000+0 records out
10485760000 bytes (10 GB) copieda02bf4596da9a0c3d2b10ac745b55ccf  -
, 21.216 s, 494 MB/s

real	0m21.221s
user	0m19.538s
sys	0m5.444s
10000+0 records in
10000+0 records out
10485760000 bytes (10 GB) copieda02bf4596da9a0c3d2b10ac745b55ccf  -
, 20.1151 s, 521 MB/s

real	0m20.118s
user	0m18.375s
sys	0m5.252s
10000+0 records in
10000+0 records out
10485760000 bytes (10 GB) copieda02bf4596da9a0c3d2b10ac745b55ccf  -
, 20.8029 s, 504 MB/s

real	0m20.826s
user	0m19.014s
sys	0m5.493s
10000+0 records in
10000+0 records out
10485760000 bytes (10 GB) copieda02bf4596da9a0c3d2b10ac745b55ccf  -
, 20.147 s, 520 MB/s

real	0m20.150s
user	0m18.422s
sys	0m5.225s
10000+0 records in
10000+0 records out
10485760000 bytes (10 GB) copieda02bf4596da9a0c3d2b10ac745b55ccf  -
, 20.4043 s, 514 MB/s

real	0m20.422s
user	0m18.519s
sys	0m5.336s
10000+0 records in
10000+0 records out
10485760000 bytes (10 GB) copieda02bf4596da9a0c3d2b10ac745b55ccf  -
, 21.6876 s, 483 MB/s

real	0m21.690s
user	0m19.521s
sys	0m5.907s
10000+0 records in
10000+0 records out
10485760000 bytes (10 GB) copied, 20.3465 s, 515 MB/s
a02bf4596da9a0c3d2b10ac745b55ccf  -

real	0m20.351s
user	0m18.602s
sys	0m5.313s
10000+0 records in
10000+0 records out
10485760000 bytes (10 GB) copied, 20.0616 s, 523 MB/s
a02bf4596da9a0c3d2b10ac745b55ccf  -

real	0m20.064s
user	0m18.323s
sys	0m5.243s
10000+0 records in
10000+0 records out
10485760000 bytes (10 GB) copied, 19.9542 s, 525 MB/s
a02bf4596da9a0c3d2b10ac745b55ccf  -

real	0m19.959s
user	0m18.197s
sys	0m5.190s
