500+0 records in
500+0 records out
524288000 bytes (524 MB) copied, 1.0379 s, 505 MB/s
afbad591ee2b70ac94258fbc7fac3bf2  -

real	0m1.040s
user	0m0.907s
sys	0m0.246s
500+0 records in
500+0 records out
524288000 bytes (524 MB) copied, 1.01076 s, 519 MB/s
afbad591ee2b70ac94258fbc7fac3bf2  -

real	0m1.013s
user	0m0.927s
sys	0m0.258s
500+0 records in
500+0 records out
524288000 bytes (524 MB) copiedafbad591ee2b70ac94258fbc7fac3bf2  -
, 1.03275 s, 508 MB/s

real	0m1.035s
user	0m0.934s
sys	0m0.249s
500+0 records in
500+0 records out
524288000 bytes (524 MB) copied, 1.00649 s, 521 MB/s
afbad591ee2b70ac94258fbc7fac3bf2  -

real	0m1.009s
user	0m0.927s
sys	0m0.250s
500+0 records in
500+0 records out
524288000 bytes (524 MB) copied, 1.01335 s, 517 MB/s
afbad591ee2b70ac94258fbc7fac3bf2  -

real	0m1.016s
user	0m0.915s
sys	0m0.247s
500+0 records in
500+0 records out
afbad591ee2b70ac94258fbc7fac3bf2  -
524288000 bytes (524 MB) copied, 1.16482 s, 450 MB/s

real	0m1.168s
user	0m0.928s
sys	0m0.269s
500+0 records in
500+0 records out
524288000 bytes (524 MB) copied, 1.04503 s, 502 MB/s
afbad591ee2b70ac94258fbc7fac3bf2  -

real	0m1.048s
user	0m0.924s
sys	0m0.257s
500+0 records in
500+0 records out
afbad591ee2b70ac94258fbc7fac3bf2  -
524288000 bytes (524 MB) copied, 1.06081 s, 494 MB/s

real	0m1.063s
user	0m0.954s
sys	0m0.245s
500+0 records in
500+0 records out
afbad591ee2b70ac94258fbc7fac3bf2  -
524288000 bytes (524 MB) copied, 1.01248 s, 518 MB/s

real	0m1.015s
user	0m0.913s
sys	0m0.277s
500+0 records in
500+0 records out
524288000 bytes (524 MB) copied, 1.0212 s, 513 MB/s
afbad591ee2b70ac94258fbc7fac3bf2  -

real	0m1.024s
user	0m0.920s
sys	0m0.251s
500+0 records in
500+0 records out
524288000 bytes (524 MB) copied, 1.0209 s, 514 MB/s
afbad591ee2b70ac94258fbc7fac3bf2  -

real	0m1.024s
user	0m0.933s
sys	0m0.262s
500+0 records in
500+0 records out
524288000 bytes (524 MB) copied, 1.16939 s, 448 MB/s
afbad591ee2b70ac94258fbc7fac3bf2  -

real	0m1.172s
user	0m0.908s
sys	0m0.370s
500+0 records in
500+0 records out
524288000 bytes (524 MB) copied, 1.10879 s, 473 MB/s
afbad591ee2b70ac94258fbc7fac3bf2  -

real	0m1.111s
user	0m0.956s
sys	0m0.288s
500+0 records in
500+0 records out
524288000 bytes (524 MB) copied, 1.14748 s, 457 MB/s
afbad591ee2b70ac94258fbc7fac3bf2  -

real	0m1.150s
user	0m0.967s
sys	0m0.279s
500+0 records in
500+0 records out
524288000 bytes (524 MB) copied, 1.0701 s, 490 MB/s
afbad591ee2b70ac94258fbc7fac3bf2  -

real	0m1.073s
user	0m0.988s
sys	0m0.260s
500+0 records in
500+0 records out
524288000 bytes (524 MB) copied, 1.09843 s, 477 MB/s
afbad591ee2b70ac94258fbc7fac3bf2  -

real	0m1.101s
user	0m0.970s
sys	0m0.259s
500+0 records in
500+0 records out
524288000 bytes (524 MB) copied, 1.17256 s, 447 MB/s
afbad591ee2b70ac94258fbc7fac3bf2  -

real	0m1.175s
user	0m0.972s
sys	0m0.323s
500+0 records in
500+0 records out
524288000 bytes (524 MB) copied, 1.14135 s, 459 MB/s
afbad591ee2b70ac94258fbc7fac3bf2  -

real	0m1.144s
user	0m0.992s
sys	0m0.284s
500+0 records in
500+0 records out
524288000 bytes (524 MB) copied, 1.13857 s, 460 MB/s
afbad591ee2b70ac94258fbc7fac3bf2  -

real	0m1.141s
user	0m0.976s
sys	0m0.281s
500+0 records in
500+0 records out
524288000 bytes (524 MB) copied, 1.05694 s, 496 MB/s
afbad591ee2b70ac94258fbc7fac3bf2  -

real	0m1.059s
user	0m0.902s
sys	0m0.270s
500+0 records in
500+0 records out
524288000 bytes (524 MB) copied, 1.08292 s, 484 MB/s
afbad591ee2b70ac94258fbc7fac3bf2  -

real	0m1.085s
user	0m0.967s
sys	0m0.259s
500+0 records in
500+0 records out
524288000 bytes (524 MB) copied, 1.16612 s, 450 MB/s
afbad591ee2b70ac94258fbc7fac3bf2  -

real	0m1.169s
user	0m1.010s
sys	0m0.298s
500+0 records in
500+0 records out
524288000 bytes (524 MB) copied, 1.29073 s, 406 MB/s
afbad591ee2b70ac94258fbc7fac3bf2  -

real	0m1.293s
user	0m0.972s
sys	0m0.407s
500+0 records in
500+0 records out
524288000 bytes (524 MB) copied, 1.31591 s, 398 MB/s
afbad591ee2b70ac94258fbc7fac3bf2  -

real	0m1.318s
user	0m1.005s
sys	0m0.388s
500+0 records in
500+0 records out
524288000 bytes (524 MB) copied, 1.21163 s, 433 MB/s
afbad591ee2b70ac94258fbc7fac3bf2  -

real	0m1.214s
user	0m1.026s
sys	0m0.286s
500+0 records in
500+0 records out
524288000 bytes (524 MB) copied, 1.0814 s, 485 MB/s
afbad591ee2b70ac94258fbc7fac3bf2  -

real	0m1.084s
user	0m0.957s
sys	0m0.244s
500+0 records in
500+0 records out
524288000 bytes (524 MB) copied, 1.16015 s, 452 MB/s
afbad591ee2b70ac94258fbc7fac3bf2  -

real	0m1.163s
user	0m1.037s
sys	0m0.288s
500+0 records in
500+0 records out
524288000 bytes (524 MB) copied, 1.20848 s, 434 MB/s
afbad591ee2b70ac94258fbc7fac3bf2  -

real	0m1.211s
user	0m1.035s
sys	0m0.282s
500+0 records in
500+0 records out
524288000 bytes (524 MB) copied, 1.09588 s, 478 MB/s
afbad591ee2b70ac94258fbc7fac3bf2  -

real	0m1.098s
user	0m0.951s
sys	0m0.285s
500+0 records in
500+0 records out
524288000 bytes (524 MB) copied, 1.0556 s, 497 MB/s
afbad591ee2b70ac94258fbc7fac3bf2  -

real	0m1.058s
user	0m0.904s
sys	0m0.252s
500+0 records in
500+0 records out
524288000 bytes (524 MB) copied, 1.10354 s, 475 MB/s
afbad591ee2b70ac94258fbc7fac3bf2  -

real	0m1.106s
user	0m0.980s
sys	0m0.272s
500+0 records in
500+0 records out
524288000 bytes (524 MB) copied, 1.12069 s, 468 MB/s
afbad591ee2b70ac94258fbc7fac3bf2  -

real	0m1.123s
user	0m0.948s
sys	0m0.276s
500+0 records in
500+0 records out
524288000 bytes (524 MB) copied, 1.11197 s, 471 MB/s
afbad591ee2b70ac94258fbc7fac3bf2  -

real	0m1.114s
user	0m0.952s
sys	0m0.269s
500+0 records in
500+0 records out
524288000 bytes (524 MB) copied, 1.14031 s, 460 MB/s
afbad591ee2b70ac94258fbc7fac3bf2  -

real	0m1.143s
user	0m0.945s
sys	0m0.259s
500+0 records in
500+0 records out
524288000 bytes (524 MB) copied, 1.08542 s, 483 MB/s
afbad591ee2b70ac94258fbc7fac3bf2  -

real	0m1.088s
user	0m0.938s
sys	0m0.287s
500+0 records in
500+0 records out
524288000 bytes (524 MB) copied, 1.12927 s, 464 MB/s
afbad591ee2b70ac94258fbc7fac3bf2  -

real	0m1.132s
user	0m0.971s
sys	0m0.253s
500+0 records in
500+0 records out
524288000 bytes (524 MB) copied, 1.14878 s, 456 MB/s
afbad591ee2b70ac94258fbc7fac3bf2  -

real	0m1.151s
user	0m1.001s
sys	0m0.280s
500+0 records in
500+0 records out
524288000 bytes (524 MB) copied, 1.06827 s, 491 MB/s
afbad591ee2b70ac94258fbc7fac3bf2  -

real	0m1.071s
user	0m0.947s
sys	0m0.265s
500+0 records in
500+0 records out
524288000 bytes (524 MB) copied, 1.17785 s, 445 MB/s
afbad591ee2b70ac94258fbc7fac3bf2  -

real	0m1.180s
user	0m1.069s
sys	0m0.288s
500+0 records in
500+0 records out
524288000 bytes (524 MB) copied, 1.11709 s, 469 MB/s
afbad591ee2b70ac94258fbc7fac3bf2  -

real	0m1.119s
user	0m0.909s
sys	0m0.270s
500+0 records in
500+0 records out
524288000 bytes (524 MB) copied, 1.02796 s, 510 MB/s
afbad591ee2b70ac94258fbc7fac3bf2  -

real	0m1.030s
user	0m0.929s
sys	0m0.268s
500+0 records in
500+0 records out
524288000 bytes (524 MB) copied, 1.11802 s, 469 MB/s
afbad591ee2b70ac94258fbc7fac3bf2  -

real	0m1.121s
user	0m0.945s
sys	0m0.259s
500+0 records in
500+0 records out
524288000 bytes (524 MB) copied, 1.07509 s, 488 MB/s
afbad591ee2b70ac94258fbc7fac3bf2  -

real	0m1.078s
user	0m0.927s
sys	0m0.263s
500+0 records in
500+0 records out
524288000 bytes (524 MB) copied, 1.04369 s, 502 MB/s
afbad591ee2b70ac94258fbc7fac3bf2  -

real	0m1.046s
user	0m0.930s
sys	0m0.272s
500+0 records in
500+0 records out
524288000 bytes (524 MB) copied, 1.06793 s, 491 MB/s
afbad591ee2b70ac94258fbc7fac3bf2  -

real	0m1.071s
user	0m0.932s
sys	0m0.264s
500+0 records in
500+0 records out
524288000 bytes (524 MB) copied, 1.04404 s, 502 MB/s
afbad591ee2b70ac94258fbc7fac3bf2  -

real	0m1.047s
user	0m0.945s
sys	0m0.246s
500+0 records in
500+0 records out
524288000 bytes (524 MB) copied, 1.11238 s, 471 MB/s
afbad591ee2b70ac94258fbc7fac3bf2  -

real	0m1.115s
user	0m0.964s
sys	0m0.240s
500+0 records in
500+0 records out
524288000 bytes (524 MB) copied, 1.06261 s, 493 MB/s
afbad591ee2b70ac94258fbc7fac3bf2  -

real	0m1.066s
user	0m0.935s
sys	0m0.247s
500+0 records in
500+0 records out
524288000 bytes (524 MB) copied, 1.0557 s, 497 MB/s
afbad591ee2b70ac94258fbc7fac3bf2  -

real	0m1.058s
user	0m0.931s
sys	0m0.252s
500+0 records in
500+0 records out
524288000 bytes (524 MB) copiedafbad591ee2b70ac94258fbc7fac3bf2  -
, 1.00933 s, 519 MB/s

real	0m1.012s
user	0m0.917s
sys	0m0.243s
500+0 records in
500+0 records out
524288000 bytes (524 MB) copied, 1.0721 s, 489 MB/s
afbad591ee2b70ac94258fbc7fac3bf2  -

real	0m1.075s
user	0m0.997s
sys	0m0.250s
500+0 records in
500+0 records out
524288000 bytes (524 MB) copied, 1.05546 s, 497 MB/s
afbad591ee2b70ac94258fbc7fac3bf2  -

real	0m1.058s
user	0m0.959s
sys	0m0.251s
500+0 records in
500+0 records out
524288000 bytes (524 MB) copied, 1.15561 s, 454 MB/s
afbad591ee2b70ac94258fbc7fac3bf2  -

real	0m1.158s
user	0m1.000s
sys	0m0.270s
500+0 records in
500+0 records out
524288000 bytes (524 MB) copied, 1.08739 s, 482 MB/s
afbad591ee2b70ac94258fbc7fac3bf2  -

real	0m1.090s
user	0m0.942s
sys	0m0.255s
500+0 records in
500+0 records out
524288000 bytes (524 MB) copied, 1.12969 s, 464 MB/s
afbad591ee2b70ac94258fbc7fac3bf2  -

real	0m1.132s
user	0m0.958s
sys	0m0.275s
500+0 records in
500+0 records out
524288000 bytes (524 MB) copied, 1.10145 s, 476 MB/s
afbad591ee2b70ac94258fbc7fac3bf2  -

real	0m1.104s
user	0m0.927s
sys	0m0.271s
500+0 records in
500+0 records out
524288000 bytes (524 MB) copied, 1.06845 s, 491 MB/s
afbad591ee2b70ac94258fbc7fac3bf2  -

real	0m1.071s
user	0m0.943s
sys	0m0.273s
500+0 records in
500+0 records out
524288000 bytes (524 MB) copied, 1.11702 s, 469 MB/s
afbad591ee2b70ac94258fbc7fac3bf2  -

real	0m1.120s
user	0m0.992s
sys	0m0.270s
500+0 records in
500+0 records out
524288000 bytes (524 MB) copied, 1.19283 s, 440 MB/s
afbad591ee2b70ac94258fbc7fac3bf2  -

real	0m1.195s
user	0m0.995s
sys	0m0.316s
500+0 records in
500+0 records out
524288000 bytes (524 MB) copied, 1.08243 s, 484 MB/s
afbad591ee2b70ac94258fbc7fac3bf2  -

real	0m1.085s
user	0m0.912s
sys	0m0.251s
500+0 records in
500+0 records out
524288000 bytes (524 MB) copied, 1.10442 s, 475 MB/s
afbad591ee2b70ac94258fbc7fac3bf2  -

real	0m1.107s
user	0m0.949s
sys	0m0.280s
500+0 records in
500+0 records out
524288000 bytes (524 MB) copied, 1.13311 s, 463 MB/s
afbad591ee2b70ac94258fbc7fac3bf2  -

real	0m1.135s
user	0m0.932s
sys	0m0.266s
500+0 records in
500+0 records out
524288000 bytes (524 MB) copied, 1.18241 s, 443 MB/s
afbad591ee2b70ac94258fbc7fac3bf2  -

real	0m1.185s
user	0m1.009s
sys	0m0.276s
500+0 records in
500+0 records out
524288000 bytes (524 MB) copied, 1.15239 s, 455 MB/s
afbad591ee2b70ac94258fbc7fac3bf2  -

real	0m1.155s
user	0m0.955s
sys	0m0.256s
500+0 records in
500+0 records out
524288000 bytes (524 MB) copied, 1.19807 s, 438 MB/s
afbad591ee2b70ac94258fbc7fac3bf2  -

real	0m1.201s
user	0m1.030s
sys	0m0.299s
500+0 records in
500+0 records out
524288000 bytes (524 MB) copied, 1.12709 s, 465 MB/s
afbad591ee2b70ac94258fbc7fac3bf2  -

real	0m1.130s
user	0m0.918s
sys	0m0.266s
500+0 records in
500+0 records out
524288000 bytes (524 MB) copied, 1.0768 s, 487 MB/s
afbad591ee2b70ac94258fbc7fac3bf2  -

real	0m1.079s
user	0m0.965s
sys	0m0.256s
500+0 records in
500+0 records out
524288000 bytes (524 MB) copied, 3.866 s, 136 MB/s
afbad591ee2b70ac94258fbc7fac3bf2  -

real	0m3.869s
user	0m0.923s
sys	0m0.260s
500+0 records in
500+0 records out
524288000 bytes (524 MB) copied, 1.1607 s, 452 MB/s
afbad591ee2b70ac94258fbc7fac3bf2  -

real	0m1.163s
user	0m1.015s
sys	0m0.291s
500+0 records in
500+0 records out
524288000 bytes (524 MB) copied, 1.05334 s, 498 MB/s
afbad591ee2b70ac94258fbc7fac3bf2  -

real	0m1.056s
user	0m0.921s
sys	0m0.251s
500+0 records in
500+0 records out
524288000 bytes (524 MB) copied, 1.1159 s, 470 MB/s
afbad591ee2b70ac94258fbc7fac3bf2  -

real	0m1.118s
user	0m0.953s
sys	0m0.253s
500+0 records in
500+0 records out
524288000 bytes (524 MB) copied, 1.2023 s, 436 MB/s
afbad591ee2b70ac94258fbc7fac3bf2  -

real	0m1.205s
user	0m1.028s
sys	0m0.301s
500+0 records in
500+0 records out
524288000 bytes (524 MB) copied, 1.33622 s, 392 MB/s
afbad591ee2b70ac94258fbc7fac3bf2  -

real	0m1.339s
user	0m1.017s
sys	0m0.442s
500+0 records in
500+0 records out
524288000 bytes (524 MB) copied, 1.30736 s, 401 MB/s
afbad591ee2b70ac94258fbc7fac3bf2  -

real	0m1.310s
user	0m1.071s
sys	0m0.292s
500+0 records in
500+0 records out
524288000 bytes (524 MB) copied, 1.09427 s, 479 MB/s
afbad591ee2b70ac94258fbc7fac3bf2  -

real	0m1.097s
user	0m0.947s
sys	0m0.262s
500+0 records in
500+0 records out
524288000 bytes (524 MB) copied, 1.14848 s, 457 MB/s
afbad591ee2b70ac94258fbc7fac3bf2  -

real	0m1.151s
user	0m0.967s
sys	0m0.270s
500+0 records in
500+0 records out
524288000 bytes (524 MB) copied, 1.07914 s, 486 MB/s
afbad591ee2b70ac94258fbc7fac3bf2  -

real	0m1.082s
user	0m0.944s
sys	0m0.260s
500+0 records in
500+0 records out
524288000 bytes (524 MB) copied, 1.20042 s, 437 MB/s
afbad591ee2b70ac94258fbc7fac3bf2  -

real	0m1.203s
user	0m1.066s
sys	0m0.293s
500+0 records in
500+0 records out
524288000 bytes (524 MB) copied, 1.0774 s, 487 MB/s
afbad591ee2b70ac94258fbc7fac3bf2  -

real	0m1.080s
user	0m0.924s
sys	0m0.261s
500+0 records in
500+0 records out
524288000 bytes (524 MB) copied, 1.09061 s, 481 MB/s
afbad591ee2b70ac94258fbc7fac3bf2  -

real	0m1.093s
user	0m0.912s
sys	0m0.266s
