500+0 records in
500+0 records out
afbad591ee2b70ac94258fbc7fac3bf2  -
524288000 bytes (524 MB) copied, 1.15996 s, 452 MB/s

real	0m1.163s
user	0m0.996s
sys	0m0.292s
500+0 records in
500+0 records out
524288000 bytes (524 MB) copied, 1.23057 s, 426 MB/s
afbad591ee2b70ac94258fbc7fac3bf2  -

real	0m1.233s
user	0m1.038s
sys	0m0.342s
500+0 records in
500+0 records out
524288000 bytes (524 MB) copiedafbad591ee2b70ac94258fbc7fac3bf2  -
, 1.13922 s, 460 MB/s

real	0m1.142s
user	0m0.979s
sys	0m0.274s
500+0 records in
500+0 records out
afbad591ee2b70ac94258fbc7fac3bf2  -
524288000 bytes (524 MB) copied, 1.29156 s, 406 MB/s

real	0m1.294s
user	0m1.008s
sys	0m0.370s
500+0 records in
500+0 records out
524288000 bytes (524 MB) copied, 1.1842 s, 443 MB/s
afbad591ee2b70ac94258fbc7fac3bf2  -

real	0m1.187s
user	0m0.950s
sys	0m0.259s
500+0 records in
500+0 records out
afbad591ee2b70ac94258fbc7fac3bf2  -
524288000 bytes (524 MB) copied, 1.26737 s, 414 MB/s

real	0m1.270s
user	0m1.039s
sys	0m0.323s
500+0 records in
500+0 records out
afbad591ee2b70ac94258fbc7fac3bf2  -
524288000 bytes (524 MB) copied, 1.18396 s, 443 MB/s

real	0m1.186s
user	0m0.948s
sys	0m0.267s
500+0 records in
500+0 records out
524288000 bytes (524 MB) copied, 1.25173 s, 419 MB/s
afbad591ee2b70ac94258fbc7fac3bf2  -

real	0m1.254s
user	0m1.037s
sys	0m0.318s
500+0 records in
500+0 records out
afbad591ee2b70ac94258fbc7fac3bf2  -
524288000 bytes (524 MB) copied, 1.16607 s, 450 MB/s

real	0m1.169s
user	0m0.945s
sys	0m0.275s
500+0 records in
500+0 records out
524288000 bytes (524 MB) copied, 1.16874 s, 449 MB/s
afbad591ee2b70ac94258fbc7fac3bf2  -

real	0m1.171s
user	0m1.007s
sys	0m0.305s
500+0 records in
500+0 records out
524288000 bytes (524 MB) copied, 1.16216 s, 451 MB/s
afbad591ee2b70ac94258fbc7fac3bf2  -

real	0m1.165s
user	0m1.013s
sys	0m0.297s
500+0 records in
500+0 records out
afbad591ee2b70ac94258fbc7fac3bf2  -
524288000 bytes (524 MB) copied, 1.29402 s, 405 MB/s

real	0m1.297s
user	0m1.020s
sys	0m0.287s
500+0 records in
500+0 records out
524288000 bytes (524 MB) copied, 1.18569 s, 442 MB/s
afbad591ee2b70ac94258fbc7fac3bf2  -

real	0m1.188s
user	0m1.019s
sys	0m0.316s
500+0 records in
500+0 records out
afbad591ee2b70ac94258fbc7fac3bf2  -
524288000 bytes (524 MB) copied, 1.30516 s, 402 MB/s

real	0m1.308s
user	0m1.038s
sys	0m0.361s
500+0 records in
500+0 records out
afbad591ee2b70ac94258fbc7fac3bf2  -
524288000 bytes (524 MB) copied, 1.16645 s, 449 MB/s

real	0m1.169s
user	0m0.943s
sys	0m0.271s
500+0 records in
500+0 records out
524288000 bytes (524 MB) copied, 1.18796 s, 441 MB/s
afbad591ee2b70ac94258fbc7fac3bf2  -

real	0m1.191s
user	0m1.055s
sys	0m0.275s
500+0 records in
500+0 records out
afbad591ee2b70ac94258fbc7fac3bf2  -
524288000 bytes (524 MB) copied, 1.12354 s, 467 MB/s

real	0m1.126s
user	0m0.935s
sys	0m0.269s
500+0 records in
500+0 records out
524288000 bytes (524 MB) copied, 1.1526 s, 455 MB/s
afbad591ee2b70ac94258fbc7fac3bf2  -

real	0m1.155s
user	0m1.002s
sys	0m0.308s
500+0 records in
500+0 records out
524288000 bytes (524 MB) copied, 1.07708 s, 487 MB/s
afbad591ee2b70ac94258fbc7fac3bf2  -

real	0m1.080s
user	0m0.958s
sys	0m0.261s
500+0 records in
500+0 records out
524288000 bytes (524 MB) copied, 1.1491 s, 456 MB/s
afbad591ee2b70ac94258fbc7fac3bf2  -

real	0m1.152s
user	0m0.996s
sys	0m0.258s
500+0 records in
500+0 records out
afbad591ee2b70ac94258fbc7fac3bf2  -
524288000 bytes (524 MB) copied, 1.08962 s, 481 MB/s

real	0m1.092s
user	0m0.974s
sys	0m0.260s
500+0 records in
500+0 records out
524288000 bytes (524 MB) copied, 1.2372 s, 424 MB/s
afbad591ee2b70ac94258fbc7fac3bf2  -

real	0m1.239s
user	0m1.017s
sys	0m0.316s
500+0 records in
500+0 records out
524288000 bytes (524 MB) copied, 1.1694 s, 448 MB/s
afbad591ee2b70ac94258fbc7fac3bf2  -

real	0m1.172s
user	0m0.969s
sys	0m0.268s
500+0 records in
500+0 records out
afbad591ee2b70ac94258fbc7fac3bf2  -
524288000 bytes (524 MB) copied, 1.3469 s, 389 MB/s

real	0m1.350s
user	0m1.006s
sys	0m0.339s
500+0 records in
500+0 records out
524288000 bytes (524 MB) copied, 1.14871 s, 456 MB/s
afbad591ee2b70ac94258fbc7fac3bf2  -

real	0m1.152s
user	0m1.013s
sys	0m0.288s
500+0 records in
500+0 records out
afbad591ee2b70ac94258fbc7fac3bf2  -
524288000 bytes (524 MB) copied, 1.24821 s, 420 MB/s

real	0m1.251s
user	0m1.041s
sys	0m0.286s
500+0 records in
500+0 records out
524288000 bytes (524 MB) copied, 1.16256 s, 451 MB/s
afbad591ee2b70ac94258fbc7fac3bf2  -

real	0m1.165s
user	0m1.015s
sys	0m0.294s
500+0 records in
500+0 records out
afbad591ee2b70ac94258fbc7fac3bf2  -
524288000 bytes (524 MB) copied, 1.24663 s, 421 MB/s

real	0m1.249s
user	0m1.014s
sys	0m0.292s
500+0 records in
500+0 records out
524288000 bytes (524 MB) copied, 1.10902 s, 473 MB/s
afbad591ee2b70ac94258fbc7fac3bf2  -

real	0m1.112s
user	0m0.938s
sys	0m0.272s
500+0 records in
500+0 records out
afbad591ee2b70ac94258fbc7fac3bf2  -
524288000 bytes (524 MB) copied, 1.3574 s, 386 MB/s

real	0m1.360s
user	0m1.034s
sys	0m0.387s
500+0 records in
500+0 records out
afbad591ee2b70ac94258fbc7fac3bf2  -
524288000 bytes (524 MB) copied, 1.13751 s, 461 MB/s

real	0m1.140s
user	0m0.963s
sys	0m0.270s
500+0 records in
500+0 records out
524288000 bytes (524 MB) copied, 1.1975 s, 438 MB/s
afbad591ee2b70ac94258fbc7fac3bf2  -

real	0m1.200s
user	0m1.041s
sys	0m0.289s
500+0 records in
500+0 records out
524288000 bytes (524 MB) copied, 1.15292 s, 455 MB/s
afbad591ee2b70ac94258fbc7fac3bf2  -

real	0m1.156s
user	0m1.027s
sys	0m0.306s
500+0 records in
500+0 records out
afbad591ee2b70ac94258fbc7fac3bf2  -
524288000 bytes (524 MB) copied, 1.33418 s, 393 MB/s

real	0m1.337s
user	0m1.044s
sys	0m0.298s
500+0 records in
500+0 records out
524288000 bytes (524 MB) copied, 1.14132 s, 459 MB/s
afbad591ee2b70ac94258fbc7fac3bf2  -

real	0m1.144s
user	0m1.015s
sys	0m0.284s
500+0 records in
500+0 records out
afbad591ee2b70ac94258fbc7fac3bf2  -
524288000 bytes (524 MB) copied, 1.36671 s, 384 MB/s

real	0m1.369s
user	0m0.995s
sys	0m0.416s
500+0 records in
500+0 records out
524288000 bytes (524 MB) copied, 1.10024 s, 477 MB/s
afbad591ee2b70ac94258fbc7fac3bf2  -

real	0m1.103s
user	0m0.953s
sys	0m0.260s
500+0 records in
500+0 records out
afbad591ee2b70ac94258fbc7fac3bf2  -
524288000 bytes (524 MB) copied, 1.29624 s, 404 MB/s

real	0m1.299s
user	0m1.046s
sys	0m0.309s
500+0 records in
500+0 records out
524288000 bytes (524 MB) copied, 1.16201 s, 451 MB/s
afbad591ee2b70ac94258fbc7fac3bf2  -

real	0m1.165s
user	0m1.013s
sys	0m0.277s
500+0 records in
500+0 records out
524288000 bytes (524 MB) copied, 1.18751 s, 442 MB/s
afbad591ee2b70ac94258fbc7fac3bf2  -

real	0m1.190s
user	0m1.001s
sys	0m0.287s
500+0 records in
500+0 records out
524288000 bytes (524 MB) copied, 1.10222 s, 476 MB/s
afbad591ee2b70ac94258fbc7fac3bf2  -

real	0m1.105s
user	0m0.956s
sys	0m0.276s
500+0 records in
500+0 records out
afbad591ee2b70ac94258fbc7fac3bf2  -
524288000 bytes (524 MB) copied, 1.22538 s, 428 MB/s

real	0m1.228s
user	0m1.048s
sys	0m0.272s
500+0 records in
500+0 records out
524288000 bytes (524 MB) copied, 1.19562 s, 439 MB/s
afbad591ee2b70ac94258fbc7fac3bf2  -

real	0m1.198s
user	0m1.033s
sys	0m0.302s
500+0 records in
500+0 records out
afbad591ee2b70ac94258fbc7fac3bf2  -
524288000 bytes (524 MB) copied, 1.29606 s, 405 MB/s

real	0m1.299s
user	0m1.051s
sys	0m0.286s
500+0 records in
500+0 records out
524288000 bytes (524 MB) copied, 1.22268 s, 429 MB/s
afbad591ee2b70ac94258fbc7fac3bf2  -

real	0m1.225s
user	0m1.013s
sys	0m0.342s
500+0 records in
500+0 records out
afbad591ee2b70ac94258fbc7fac3bf2  -
524288000 bytes (524 MB) copied, 1.24584 s, 421 MB/s

real	0m1.248s
user	0m0.976s
sys	0m0.267s
500+0 records in
500+0 records out
524288000 bytes (524 MB) copied, 1.10045 s, 476 MB/s
afbad591ee2b70ac94258fbc7fac3bf2  -

real	0m1.103s
user	0m0.963s
sys	0m0.264s
500+0 records in
500+0 records out
afbad591ee2b70ac94258fbc7fac3bf2  -
524288000 bytes (524 MB) copied, 1.30283 s, 402 MB/s

real	0m1.306s
user	0m1.034s
sys	0m0.282s
500+0 records in
500+0 records out
524288000 bytes (524 MB) copied, 1.14305 s, 459 MB/s
afbad591ee2b70ac94258fbc7fac3bf2  -

real	0m1.146s
user	0m0.959s
sys	0m0.269s
500+0 records in
500+0 records out
afbad591ee2b70ac94258fbc7fac3bf2  -
524288000 bytes (524 MB) copied, 1.2494 s, 420 MB/s

real	0m1.252s
user	0m1.029s
sys	0m0.298s
500+0 records in
500+0 records out
524288000 bytes (524 MB) copied, 1.11333 s, 471 MB/s
afbad591ee2b70ac94258fbc7fac3bf2  -

real	0m1.116s
user	0m0.971s
sys	0m0.269s
500+0 records in
500+0 records out
afbad591ee2b70ac94258fbc7fac3bf2  -
524288000 bytes (524 MB) copied, 1.29078 s, 406 MB/s

real	0m1.293s
user	0m1.030s
sys	0m0.296s
500+0 records in
500+0 records out
524288000 bytes (524 MB) copied, 1.13888 s, 460 MB/s
afbad591ee2b70ac94258fbc7fac3bf2  -

real	0m1.142s
user	0m1.014s
sys	0m0.278s
500+0 records in
500+0 records out
afbad591ee2b70ac94258fbc7fac3bf2  -
524288000 bytes (524 MB) copied, 1.27346 s, 412 MB/s

real	0m1.276s
user	0m1.043s
sys	0m0.346s
500+0 records in
500+0 records out
524288000 bytes (524 MB) copied, 1.19346 s, 439 MB/s
afbad591ee2b70ac94258fbc7fac3bf2  -

real	0m1.196s
user	0m1.025s
sys	0m0.314s
500+0 records in
500+0 records out
afbad591ee2b70ac94258fbc7fac3bf2  -
524288000 bytes (524 MB) copied, 1.29855 s, 404 MB/s

real	0m1.301s
user	0m1.020s
sys	0m0.356s
500+0 records in
500+0 records out
afbad591ee2b70ac94258fbc7fac3bf2  -
524288000 bytes (524 MB) copied, 1.11513 s, 470 MB/s

real	0m1.118s
user	0m0.963s
sys	0m0.255s
500+0 records in
500+0 records out
524288000 bytes (524 MB) copied, 1.16188 s, 451 MB/s
afbad591ee2b70ac94258fbc7fac3bf2  -

real	0m1.164s
user	0m1.030s
sys	0m0.287s
500+0 records in
500+0 records out
524288000 bytes (524 MB) copied, 1.14124 s, 459 MB/s
afbad591ee2b70ac94258fbc7fac3bf2  -

real	0m1.144s
user	0m1.003s
sys	0m0.278s
500+0 records in
500+0 records out
524288000 bytes (524 MB) copied, 1.2011 s, 437 MB/s
afbad591ee2b70ac94258fbc7fac3bf2  -

real	0m1.204s
user	0m0.978s
sys	0m0.305s
500+0 records in
500+0 records out
524288000 bytes (524 MB) copied, 1.23984 s, 423 MB/s
afbad591ee2b70ac94258fbc7fac3bf2  -

real	0m1.242s
user	0m1.064s
sys	0m0.302s
500+0 records in
500+0 records out
afbad591ee2b70ac94258fbc7fac3bf2  -
524288000 bytes (524 MB) copied, 1.26614 s, 414 MB/s

real	0m1.268s
user	0m1.050s
sys	0m0.342s
500+0 records in
500+0 records out
afbad591ee2b70ac94258fbc7fac3bf2  -
524288000 bytes (524 MB) copied, 1.06039 s, 494 MB/s

real	0m1.063s
user	0m0.960s
sys	0m0.271s
500+0 records in
500+0 records out
524288000 bytes (524 MB) copied, 1.20526 s, 435 MB/s
afbad591ee2b70ac94258fbc7fac3bf2  -

real	0m1.208s
user	0m1.040s
sys	0m0.297s
500+0 records in
500+0 records out
524288000 bytes (524 MB) copied, 1.1447 s, 458 MB/s
afbad591ee2b70ac94258fbc7fac3bf2  -

real	0m1.148s
user	0m1.001s
sys	0m0.285s
500+0 records in
500+0 records out
524288000 bytes (524 MB) copiedafbad591ee2b70ac94258fbc7fac3bf2  -
, 1.31432 s, 399 MB/s

real	0m1.317s
user	0m1.025s
sys	0m0.302s
500+0 records in
500+0 records out
afbad591ee2b70ac94258fbc7fac3bf2  -
524288000 bytes (524 MB) copied, 1.15264 s, 455 MB/s

real	0m1.155s
user	0m0.942s
sys	0m0.261s
500+0 records in
500+0 records out
524288000 bytes (524 MB) copied, 1.17554 s, 446 MB/s
afbad591ee2b70ac94258fbc7fac3bf2  -

real	0m1.178s
user	0m1.046s
sys	0m0.288s
500+0 records in
500+0 records out
524288000 bytes (524 MB) copied, 1.17123 s, 448 MB/s
afbad591ee2b70ac94258fbc7fac3bf2  -

real	0m1.174s
user	0m1.077s
sys	0m0.295s
500+0 records in
500+0 records out
524288000 bytes (524 MB) copied, 1.22875 s, 427 MB/s
afbad591ee2b70ac94258fbc7fac3bf2  -

real	0m1.231s
user	0m1.045s
sys	0m0.310s
500+0 records in
500+0 records out
524288000 bytes (524 MB) copied, 1.12015 s, 468 MB/s
afbad591ee2b70ac94258fbc7fac3bf2  -

real	0m1.123s
user	0m0.969s
sys	0m0.270s
500+0 records in
500+0 records out
afbad591ee2b70ac94258fbc7fac3bf2  -
524288000 bytes (524 MB) copied, 1.26448 s, 415 MB/s

real	0m1.267s
user	0m1.036s
sys	0m0.273s
500+0 records in
500+0 records out
524288000 bytes (524 MB) copied, 1.06784 s, 491 MB/s
afbad591ee2b70ac94258fbc7fac3bf2  -

real	0m1.070s
user	0m0.939s
sys	0m0.270s
500+0 records in
500+0 records out
afbad591ee2b70ac94258fbc7fac3bf2  -
524288000 bytes (524 MB) copied, 1.19392 s, 439 MB/s

real	0m1.197s
user	0m1.027s
sys	0m0.330s
500+0 records in
500+0 records out
afbad591ee2b70ac94258fbc7fac3bf2  -
524288000 bytes (524 MB) copied, 1.08488 s, 483 MB/s

real	0m1.087s
user	0m0.970s
sys	0m0.260s
500+0 records in
500+0 records out
524288000 bytes (524 MB) copied, 1.20981 s, 433 MB/s
afbad591ee2b70ac94258fbc7fac3bf2  -

real	0m1.213s
user	0m0.992s
sys	0m0.372s
500+0 records in
500+0 records out
524288000 bytes (524 MB) copied, 1.14954 s, 456 MB/s
afbad591ee2b70ac94258fbc7fac3bf2  -

real	0m1.152s
user	0m1.025s
sys	0m0.289s
500+0 records in
500+0 records out
afbad591ee2b70ac94258fbc7fac3bf2  -
524288000 bytes (524 MB) copied, 1.25731 s, 417 MB/s

real	0m1.260s
user	0m0.978s
sys	0m0.421s
500+0 records in
500+0 records out
524288000 bytes (524 MB) copied, 1.06671 s, 492 MB/s
afbad591ee2b70ac94258fbc7fac3bf2  -

real	0m1.069s
user	0m0.948s
sys	0m0.262s
500+0 records in
500+0 records out
524288000 bytes (524 MB) copied, 1.12781 s, 465 MB/s
afbad591ee2b70ac94258fbc7fac3bf2  -

real	0m1.130s
user	0m0.960s
sys	0m0.249s
500+0 records in
500+0 records out
524288000 bytes (524 MB) copied, 1.13163 s, 463 MB/s
afbad591ee2b70ac94258fbc7fac3bf2  -

real	0m1.134s
user	0m1.006s
sys	0m0.270s
500+0 records in
500+0 records out
afbad591ee2b70ac94258fbc7fac3bf2  -
524288000 bytes (524 MB) copied, 1.29697 s, 404 MB/s

real	0m1.299s
user	0m1.024s
sys	0m0.277s
500+0 records in
500+0 records out
afbad591ee2b70ac94258fbc7fac3bf2  -
524288000 bytes (524 MB) copied, 1.1443 s, 458 MB/s

real	0m1.147s
user	0m0.958s
sys	0m0.270s
500+0 records in
500+0 records out
524288000 bytes (524 MB) copied, 1.15528 s, 454 MB/s
afbad591ee2b70ac94258fbc7fac3bf2  -

real	0m1.158s
user	0m1.009s
sys	0m0.296s
500+0 records in
500+0 records out
524288000 bytes (524 MB) copied, 1.07825 s, 486 MB/s
afbad591ee2b70ac94258fbc7fac3bf2  -

real	0m1.081s
user	0m0.964s
sys	0m0.277s
500+0 records in
500+0 records out
afbad591ee2b70ac94258fbc7fac3bf2  -
524288000 bytes (524 MB) copied, 1.37085 s, 382 MB/s

real	0m1.374s
user	0m1.028s
sys	0m0.346s
500+0 records in
500+0 records out
afbad591ee2b70ac94258fbc7fac3bf2  -
524288000 bytes (524 MB) copied, 1.13984 s, 460 MB/s

real	0m1.143s
user	0m0.964s
sys	0m0.284s
500+0 records in
500+0 records out
524288000 bytes (524 MB) copied, 1.14598 s, 458 MB/s
afbad591ee2b70ac94258fbc7fac3bf2  -

real	0m1.149s
user	0m1.029s
sys	0m0.284s
500+0 records in
500+0 records out
afbad591ee2b70ac94258fbc7fac3bf2  -
524288000 bytes (524 MB) copied, 1.17885 s, 445 MB/s

real	0m1.181s
user	0m0.968s
sys	0m0.273s
500+0 records in
500+0 records out
524288000 bytes (524 MB) copied, 1.24194 s, 422 MB/s
afbad591ee2b70ac94258fbc7fac3bf2  -

real	0m1.244s
user	0m0.996s
sys	0m0.316s
500+0 records in
500+0 records out
524288000 bytes (524 MB) copied, 1.17837 s, 445 MB/s
afbad591ee2b70ac94258fbc7fac3bf2  -

real	0m1.181s
user	0m1.029s
sys	0m0.281s
500+0 records in
500+0 records out
afbad591ee2b70ac94258fbc7fac3bf2  -
524288000 bytes (524 MB) copied, 1.20675 s, 434 MB/s

real	0m1.209s
user	0m0.965s
sys	0m0.285s
500+0 records in
500+0 records out
524288000 bytes (524 MB) copied, 1.06663 s, 492 MB/s
afbad591ee2b70ac94258fbc7fac3bf2  -

real	0m1.070s
user	0m0.963s
sys	0m0.264s
500+0 records in
500+0 records out
afbad591ee2b70ac94258fbc7fac3bf2  -
524288000 bytes (524 MB) copied, 1.29762 s, 404 MB/s

real	0m1.300s
user	0m1.035s
sys	0m0.309s
500+0 records in
500+0 records out
524288000 bytes (524 MB) copied, 1.1756 s, 446 MB/s
afbad591ee2b70ac94258fbc7fac3bf2  -

real	0m1.178s
user	0m1.048s
sys	0m0.292s
500+0 records in
500+0 records out
afbad591ee2b70ac94258fbc7fac3bf2  -
524288000 bytes (524 MB) copied, 1.20265 s, 436 MB/s

real	0m1.205s
user	0m1.015s
sys	0m0.261s
500+0 records in
500+0 records out
524288000 bytes (524 MB) copied, 1.15462 s, 454 MB/s
afbad591ee2b70ac94258fbc7fac3bf2  -

real	0m1.158s
user	0m0.984s
sys	0m0.332s
500+0 records in
500+0 records out
afbad591ee2b70ac94258fbc7fac3bf2  -
524288000 bytes (524 MB) copied, 1.23178 s, 426 MB/s

real	0m1.234s
user	0m0.974s
sys	0m0.276s
500+0 records in
500+0 records out
524288000 bytes (524 MB) copied, 1.21409 s, 432 MB/s
afbad591ee2b70ac94258fbc7fac3bf2  -

real	0m1.217s
user	0m1.007s
sys	0m0.291s
500+0 records in
500+0 records out
524288000 bytes (524 MB) copied, 1.22614 s, 428 MB/s
afbad591ee2b70ac94258fbc7fac3bf2  -

real	0m1.229s
user	0m1.016s
sys	0m0.300s
500+0 records in
500+0 records out
524288000 bytes (524 MB) copied, 1.17636 s, 446 MB/s
afbad591ee2b70ac94258fbc7fac3bf2  -

real	0m1.179s
user	0m1.019s
sys	0m0.306s
500+0 records in
500+0 records out
afbad591ee2b70ac94258fbc7fac3bf2  -
524288000 bytes (524 MB) copied, 1.32423 s, 396 MB/s

real	0m1.326s
user	0m1.055s
sys	0m0.313s
500+0 records in
500+0 records out
afbad591ee2b70ac94258fbc7fac3bf2  -
524288000 bytes (524 MB) copied, 1.11211 s, 471 MB/s

real	0m1.115s
user	0m0.948s
sys	0m0.270s
500+0 records in
500+0 records out
524288000 bytes (524 MB) copied, 1.18091 s, 444 MB/s
afbad591ee2b70ac94258fbc7fac3bf2  -

real	0m1.183s
user	0m1.048s
sys	0m0.278s
500+0 records in
500+0 records out
afbad591ee2b70ac94258fbc7fac3bf2  -
524288000 bytes (524 MB) copied, 1.1481 s, 457 MB/s

real	0m1.151s
user	0m0.968s
sys	0m0.260s
500+0 records in
500+0 records out
524288000 bytes (524 MB) copied, 1.17467 s, 446 MB/s
afbad591ee2b70ac94258fbc7fac3bf2  -

real	0m1.177s
user	0m1.042s
sys	0m0.276s
500+0 records in
500+0 records out
524288000 bytes (524 MB) copied, 1.10633 s, 474 MB/s
afbad591ee2b70ac94258fbc7fac3bf2  -

real	0m1.109s
user	0m0.948s
sys	0m0.265s
500+0 records in
500+0 records out
afbad591ee2b70ac94258fbc7fac3bf2  -
524288000 bytes (524 MB) copied, 1.3256 s, 396 MB/s

real	0m1.328s
user	0m1.070s
sys	0m0.271s
500+0 records in
500+0 records out
524288000 bytes (524 MB) copied, 1.07995 s, 485 MB/s
afbad591ee2b70ac94258fbc7fac3bf2  -

real	0m1.083s
user	0m0.938s
sys	0m0.278s
500+0 records in
500+0 records out
afbad591ee2b70ac94258fbc7fac3bf2  -
524288000 bytes (524 MB) copied, 1.22884 s, 427 MB/s

real	0m1.231s
user	0m1.005s
sys	0m0.283s
500+0 records in
500+0 records out
524288000 bytes (524 MB) copied, 1.17288 s, 447 MB/s
afbad591ee2b70ac94258fbc7fac3bf2  -

real	0m1.176s
user	0m1.010s
sys	0m0.325s
500+0 records in
500+0 records out
afbad591ee2b70ac94258fbc7fac3bf2  -
524288000 bytes (524 MB) copied, 1.26658 s, 414 MB/s

real	0m1.269s
user	0m1.045s
sys	0m0.310s
500+0 records in
500+0 records out
524288000 bytes (524 MB) copied, 1.07457 s, 488 MB/s
afbad591ee2b70ac94258fbc7fac3bf2  -

real	0m1.077s
user	0m0.954s
sys	0m0.257s
500+0 records in
500+0 records out
afbad591ee2b70ac94258fbc7fac3bf2  -
524288000 bytes (524 MB) copied, 1.25171 s, 419 MB/s

real	0m1.254s
user	0m1.056s
sys	0m0.298s
500+0 records in
500+0 records out
524288000 bytes (524 MB) copied, 1.16417 s, 450 MB/s
afbad591ee2b70ac94258fbc7fac3bf2  -

real	0m1.167s
user	0m1.024s
sys	0m0.278s
500+0 records in
500+0 records out
afbad591ee2b70ac94258fbc7fac3bf2  -
524288000 bytes (524 MB) copied, 1.20974 s, 433 MB/s

real	0m1.213s
user	0m0.962s
sys	0m0.262s
500+0 records in
500+0 records out
afbad591ee2b70ac94258fbc7fac3bf2  -
524288000 bytes (524 MB) copied, 1.14904 s, 456 MB/s

real	0m1.152s
user	0m0.982s
sys	0m0.268s
500+0 records in
500+0 records out
524288000 bytes (524 MB) copied, 1.19143 s, 440 MB/s
afbad591ee2b70ac94258fbc7fac3bf2  -

real	0m1.194s
user	0m0.983s
sys	0m0.334s
500+0 records in
500+0 records out
524288000 bytes (524 MB) copied, 1.10284 s, 475 MB/s
afbad591ee2b70ac94258fbc7fac3bf2  -

real	0m1.105s
user	0m0.933s
sys	0m0.267s
500+0 records in
500+0 records out
524288000 bytes (524 MB) copied, 1.22639 s, 428 MB/s
afbad591ee2b70ac94258fbc7fac3bf2  -

real	0m1.229s
user	0m0.981s
sys	0m0.320s
500+0 records in
500+0 records out
524288000 bytes (524 MB) copied, 1.08449 s, 483 MB/s
afbad591ee2b70ac94258fbc7fac3bf2  -

real	0m1.087s
user	0m0.975s
sys	0m0.248s
500+0 records in
500+0 records out
524288000 bytes (524 MB) copied, 1.21888 s, 430 MB/s
afbad591ee2b70ac94258fbc7fac3bf2  -

real	0m1.221s
user	0m1.046s
sys	0m0.272s
500+0 records in
500+0 records out
524288000 bytes (524 MB) copied, 1.11929 s, 468 MB/s
afbad591ee2b70ac94258fbc7fac3bf2  -

real	0m1.122s
user	0m0.964s
sys	0m0.277s
500+0 records in
500+0 records out
afbad591ee2b70ac94258fbc7fac3bf2  -
524288000 bytes (524 MB) copied, 1.2321 s, 426 MB/s

real	0m1.235s
user	0m1.039s
sys	0m0.286s
500+0 records in
500+0 records out
524288000 bytes (524 MB) copied, 1.17263 s, 447 MB/s
afbad591ee2b70ac94258fbc7fac3bf2  -

real	0m1.175s
user	0m1.030s
sys	0m0.283s
500+0 records in
500+0 records out
afbad591ee2b70ac94258fbc7fac3bf2  -
524288000 bytes (524 MB) copied, 1.34462 s, 390 MB/s

real	0m1.347s
user	0m1.033s
sys	0m0.418s
500+0 records in
500+0 records out
524288000 bytes (524 MB) copied, 1.18793 s, 441 MB/s
afbad591ee2b70ac94258fbc7fac3bf2  -

real	0m1.191s
user	0m0.996s
sys	0m0.344s
500+0 records in
500+0 records out
afbad591ee2b70ac94258fbc7fac3bf2  -
524288000 bytes (524 MB) copied, 1.19445 s, 439 MB/s

real	0m1.197s
user	0m0.960s
sys	0m0.272s
500+0 records in
500+0 records out
524288000 bytes (524 MB) copied, 1.17367 s, 447 MB/s
afbad591ee2b70ac94258fbc7fac3bf2  -

real	0m1.176s
user	0m0.997s
sys	0m0.283s
500+0 records in
500+0 records out
524288000 bytes (524 MB) copiedafbad591ee2b70ac94258fbc7fac3bf2  -
, 1.2423 s, 422 MB/s

real	0m1.245s
user	0m1.022s
sys	0m0.286s
500+0 records in
500+0 records out
afbad591ee2b70ac94258fbc7fac3bf2  -
524288000 bytes (524 MB) copied, 1.2172 s, 431 MB/s

real	0m1.220s
user	0m1.039s
sys	0m0.291s
500+0 records in
500+0 records out
524288000 bytes (524 MB) copied, 1.27683 s, 411 MB/s
afbad591ee2b70ac94258fbc7fac3bf2  -

real	0m1.280s
user	0m1.016s
sys	0m0.379s
500+0 records in
500+0 records out
524288000 bytes (524 MB) copied, 1.14886 s, 456 MB/s
afbad591ee2b70ac94258fbc7fac3bf2  -

real	0m1.152s
user	0m1.009s
sys	0m0.289s
500+0 records in
500+0 records out
afbad591ee2b70ac94258fbc7fac3bf2  -
524288000 bytes (524 MB) copied, 1.23692 s, 424 MB/s

real	0m1.240s
user	0m0.995s
sys	0m0.267s
500+0 records in
500+0 records out
524288000 bytes (524 MB) copied, 1.09878 s, 477 MB/s
afbad591ee2b70ac94258fbc7fac3bf2  -

real	0m1.101s
user	0m0.980s
sys	0m0.266s
500+0 records in
500+0 records out
afbad591ee2b70ac94258fbc7fac3bf2  -
524288000 bytes (524 MB) copied, 1.22859 s, 427 MB/s

real	0m1.231s
user	0m1.049s
sys	0m0.290s
500+0 records in
500+0 records out
524288000 bytes (524 MB) copied, 1.15691 s, 453 MB/s
afbad591ee2b70ac94258fbc7fac3bf2  -

real	0m1.160s
user	0m1.014s
sys	0m0.296s
500+0 records in
500+0 records out
afbad591ee2b70ac94258fbc7fac3bf2  -
524288000 bytes (524 MB) copied, 1.17428 s, 446 MB/s

real	0m1.177s
user	0m1.030s
sys	0m0.283s
500+0 records in
500+0 records out
524288000 bytes (524 MB) copied, 1.16853 s, 449 MB/s
afbad591ee2b70ac94258fbc7fac3bf2  -

real	0m1.171s
user	0m0.987s
sys	0m0.279s
500+0 records in
500+0 records out
524288000 bytes (524 MB) copied, 1.16983 s, 448 MB/s
afbad591ee2b70ac94258fbc7fac3bf2  -

real	0m1.172s
user	0m1.006s
sys	0m0.281s
500+0 records in
500+0 records out
524288000 bytes (524 MB) copied, 1.22638 s, 428 MB/s
afbad591ee2b70ac94258fbc7fac3bf2  -

real	0m1.229s
user	0m1.037s
sys	0m0.336s
500+0 records in
500+0 records out
afbad591ee2b70ac94258fbc7fac3bf2  -
524288000 bytes (524 MB) copied, 1.22806 s, 427 MB/s

real	0m1.231s
user	0m1.021s
sys	0m0.292s
500+0 records in
500+0 records out
afbad591ee2b70ac94258fbc7fac3bf2  -
524288000 bytes (524 MB) copied, 1.15977 s, 452 MB/s

real	0m1.162s
user	0m0.967s
sys	0m0.269s
500+0 records in
500+0 records out
524288000 bytes (524 MB) copied, 1.25225 s, 419 MB/s
afbad591ee2b70ac94258fbc7fac3bf2  -

real	0m1.255s
user	0m1.042s
sys	0m0.343s
500+0 records in
500+0 records out
524288000 bytes (524 MB) copied, 1.10345 s, 475 MB/s
afbad591ee2b70ac94258fbc7fac3bf2  -

real	0m1.106s
user	0m0.961s
sys	0m0.262s
500+0 records in
500+0 records out
afbad591ee2b70ac94258fbc7fac3bf2  -
524288000 bytes (524 MB) copied, 1.2542 s, 418 MB/s

real	0m1.257s
user	0m1.032s
sys	0m0.308s
500+0 records in
500+0 records out
524288000 bytes (524 MB) copied, 1.16563 s, 450 MB/s
afbad591ee2b70ac94258fbc7fac3bf2  -

real	0m1.168s
user	0m1.044s
sys	0m0.283s
500+0 records in
500+0 records out
afbad591ee2b70ac94258fbc7fac3bf2  -
524288000 bytes (524 MB) copied, 1.41772 s, 370 MB/s

real	0m1.421s
user	0m1.042s
sys	0m0.285s
500+0 records in
500+0 records out
afbad591ee2b70ac94258fbc7fac3bf2  -
524288000 bytes (524 MB) copied, 1.28487 s, 408 MB/s

real	0m1.288s
user	0m1.024s
sys	0m0.389s
500+0 records in
500+0 records out
524288000 bytes (524 MB) copiedafbad591ee2b70ac94258fbc7fac3bf2  -
, 1.31921 s, 397 MB/s

real	0m1.322s
user	0m1.017s
sys	0m0.311s
500+0 records in
500+0 records out
afbad591ee2b70ac94258fbc7fac3bf2  -
524288000 bytes (524 MB) copied, 1.13586 s, 462 MB/s

real	0m1.138s
user	0m0.961s
sys	0m0.277s
500+0 records in
500+0 records out
524288000 bytes (524 MB) copied, 1.1944 s, 439 MB/s
afbad591ee2b70ac94258fbc7fac3bf2  -

real	0m1.197s
user	0m1.004s
sys	0m0.297s
500+0 records in
500+0 records out
afbad591ee2b70ac94258fbc7fac3bf2  -
524288000 bytes (524 MB) copied, 1.14572 s, 458 MB/s

real	0m1.148s
user	0m0.967s
sys	0m0.268s
500+0 records in
500+0 records out
524288000 bytes (524 MB) copied, 1.28335 s, 409 MB/s
afbad591ee2b70ac94258fbc7fac3bf2  -

real	0m1.286s
user	0m0.991s
sys	0m0.377s
500+0 records in
500+0 records out
afbad591ee2b70ac94258fbc7fac3bf2  -
524288000 bytes (524 MB) copied, 1.21836 s, 430 MB/s

real	0m1.221s
user	0m1.013s
sys	0m0.295s
500+0 records in
500+0 records out
524288000 bytes (524 MB) copied, 1.2518 s, 419 MB/s
afbad591ee2b70ac94258fbc7fac3bf2  -

real	0m1.255s
user	0m1.018s
sys	0m0.394s
500+0 records in
500+0 records out
afbad591ee2b70ac94258fbc7fac3bf2  -
524288000 bytes (524 MB) copied, 1.15482 s, 454 MB/s

real	0m1.158s
user	0m0.957s
sys	0m0.260s
500+0 records in
500+0 records out
524288000 bytes (524 MB) copied, 1.22215 s, 429 MB/s
afbad591ee2b70ac94258fbc7fac3bf2  -

real	0m1.225s
user	0m1.036s
sys	0m0.265s
500+0 records in
500+0 records out
524288000 bytes (524 MB) copied, 1.15492 s, 454 MB/s
afbad591ee2b70ac94258fbc7fac3bf2  -

real	0m1.158s
user	0m0.959s
sys	0m0.291s
500+0 records in
500+0 records out
524288000 bytes (524 MB) copied, 1.1562 s, 453 MB/s
afbad591ee2b70ac94258fbc7fac3bf2  -

real	0m1.159s
user	0m0.947s
sys	0m0.295s
500+0 records in
500+0 records out
524288000 bytes (524 MB) copied, 1.09561 s, 479 MB/s
afbad591ee2b70ac94258fbc7fac3bf2  -

real	0m1.098s
user	0m0.953s
sys	0m0.275s
500+0 records in
500+0 records out
afbad591ee2b70ac94258fbc7fac3bf2  -
524288000 bytes (524 MB) copied, 1.33458 s, 393 MB/s

real	0m1.337s
user	0m1.005s
sys	0m0.374s
500+0 records in
500+0 records out
524288000 bytes (524 MB) copied, 1.14744 s, 457 MB/s
afbad591ee2b70ac94258fbc7fac3bf2  -

real	0m1.150s
user	0m1.028s
sys	0m0.265s
500+0 records in
500+0 records out
afbad591ee2b70ac94258fbc7fac3bf2  -
524288000 bytes (524 MB) copied, 1.16483 s, 450 MB/s

real	0m1.168s
user	0m0.939s
sys	0m0.296s
500+0 records in
500+0 records out
524288000 bytes (524 MB) copied, 1.12482 s, 466 MB/s
afbad591ee2b70ac94258fbc7fac3bf2  -

real	0m1.128s
user	0m1.003s
sys	0m0.271s
500+0 records in
500+0 records out
afbad591ee2b70ac94258fbc7fac3bf2  -
524288000 bytes (524 MB) copied, 1.21637 s, 431 MB/s

real	0m1.219s
user	0m0.951s
sys	0m0.261s
500+0 records in
500+0 records out
524288000 bytes (524 MB) copied, 1.20217 s, 436 MB/s
afbad591ee2b70ac94258fbc7fac3bf2  -

real	0m1.205s
user	0m1.033s
sys	0m0.325s
500+0 records in
500+0 records out
524288000 bytes (524 MB) copied, 1.50769 s, 348 MB/s
afbad591ee2b70ac94258fbc7fac3bf2  -

real	0m1.510s
user	0m1.005s
sys	0m0.268s
500+0 records in
500+0 records out
524288000 bytes (524 MB) copied, 1.12534 s, 466 MB/s
afbad591ee2b70ac94258fbc7fac3bf2  -

real	0m1.128s
user	0m0.974s
sys	0m0.293s
500+0 records in
500+0 records out
afbad591ee2b70ac94258fbc7fac3bf2  -
524288000 bytes (524 MB) copied, 1.24159 s, 422 MB/s

real	0m1.244s
user	0m1.035s
sys	0m0.297s
500+0 records in
500+0 records out
524288000 bytes (524 MB) copied, 1.11026 s, 472 MB/s
afbad591ee2b70ac94258fbc7fac3bf2  -

real	0m1.113s
user	0m0.971s
sys	0m0.275s
500+0 records in
500+0 records out
afbad591ee2b70ac94258fbc7fac3bf2  -
524288000 bytes (524 MB) copied, 1.44789 s, 362 MB/s

real	0m1.451s
user	0m1.027s
sys	0m0.373s
500+0 records in
500+0 records out
afbad591ee2b70ac94258fbc7fac3bf2  -
524288000 bytes (524 MB) copied, 1.19648 s, 438 MB/s

real	0m1.199s
user	0m1.037s
sys	0m0.288s
500+0 records in
500+0 records out
524288000 bytes (524 MB) copied, 1.20594 s, 435 MB/s
afbad591ee2b70ac94258fbc7fac3bf2  -

real	0m1.209s
user	0m0.989s
sys	0m0.342s
500+0 records in
500+0 records out
afbad591ee2b70ac94258fbc7fac3bf2  -
524288000 bytes (524 MB) copied, 1.09536 s, 479 MB/s

real	0m1.098s
user	0m0.927s
sys	0m0.272s
500+0 records in
500+0 records out
524288000 bytes (524 MB) copied, 1.17233 s, 447 MB/s
afbad591ee2b70ac94258fbc7fac3bf2  -

real	0m1.175s
user	0m1.009s
sys	0m0.290s
500+0 records in
500+0 records out
524288000 bytes (524 MB) copied, 1.12862 s, 465 MB/s
afbad591ee2b70ac94258fbc7fac3bf2  -

real	0m1.131s
user	0m0.952s
sys	0m0.254s
500+0 records in
500+0 records out
afbad591ee2b70ac94258fbc7fac3bf2  -
524288000 bytes (524 MB) copied, 1.35726 s, 386 MB/s

real	0m1.360s
user	0m1.016s
sys	0m0.351s
500+0 records in
500+0 records out
524288000 bytes (524 MB) copied, 1.06976 s, 490 MB/s
afbad591ee2b70ac94258fbc7fac3bf2  -

real	0m1.073s
user	0m0.922s
sys	0m0.284s
500+0 records in
500+0 records out
524288000 bytes (524 MB) copied, 1.14983 s, 456 MB/s
afbad591ee2b70ac94258fbc7fac3bf2  -

real	0m1.152s
user	0m0.980s
sys	0m0.260s
500+0 records in
500+0 records out
524288000 bytes (524 MB) copied, 1.19344 s, 439 MB/s
afbad591ee2b70ac94258fbc7fac3bf2  -

real	0m1.196s
user	0m1.005s
sys	0m0.291s
500+0 records in
500+0 records out
afbad591ee2b70ac94258fbc7fac3bf2  -
524288000 bytes (524 MB) copied, 1.33372 s, 393 MB/s

real	0m1.336s
user	0m0.975s
sys	0m0.403s
500+0 records in
500+0 records out
524288000 bytes (524 MB) copied, 1.06367 s, 493 MB/s
afbad591ee2b70ac94258fbc7fac3bf2  -

real	0m1.067s
user	0m0.924s
sys	0m0.264s
500+0 records in
500+0 records out
afbad591ee2b70ac94258fbc7fac3bf2  -
524288000 bytes (524 MB) copied, 1.31547 s, 399 MB/s

real	0m1.318s
user	0m1.069s
sys	0m0.298s
500+0 records in
500+0 records out
524288000 bytes (524 MB) copied, 1.11822 s, 469 MB/s
afbad591ee2b70ac94258fbc7fac3bf2  -

real	0m1.121s
user	0m0.966s
sys	0m0.281s
500+0 records in
500+0 records out
afbad591ee2b70ac94258fbc7fac3bf2  -
524288000 bytes (524 MB) copied, 1.31334 s, 399 MB/s

real	0m1.316s
user	0m1.064s
sys	0m0.292s
500+0 records in
500+0 records out
524288000 bytes (524 MB) copied, 1.13837 s, 461 MB/s
afbad591ee2b70ac94258fbc7fac3bf2  -

real	0m1.141s
user	0m0.973s
sys	0m0.280s
500+0 records in
500+0 records out
afbad591ee2b70ac94258fbc7fac3bf2  -
524288000 bytes (524 MB) copied, 1.28544 s, 408 MB/s

real	0m1.288s
user	0m1.014s
sys	0m0.277s
500+0 records in
500+0 records out
524288000 bytes (524 MB) copied, 1.16186 s, 451 MB/s
afbad591ee2b70ac94258fbc7fac3bf2  -

real	0m1.165s
user	0m0.972s
sys	0m0.275s
500+0 records in
500+0 records out
afbad591ee2b70ac94258fbc7fac3bf2  -
524288000 bytes (524 MB) copied, 1.34769 s, 389 MB/s

real	0m1.351s
user	0m1.022s
sys	0m0.375s
500+0 records in
500+0 records out
afbad591ee2b70ac94258fbc7fac3bf2  -
524288000 bytes (524 MB) copied, 1.11912 s, 468 MB/s

real	0m1.122s
user	0m0.958s
sys	0m0.271s
500+0 records in
500+0 records out
524288000 bytes (524 MB) copied, 1.17297 s, 447 MB/s
afbad591ee2b70ac94258fbc7fac3bf2  -

real	0m1.176s
user	0m1.035s
sys	0m0.284s
500+0 records in
500+0 records out
524288000 bytes (524 MB) copied, 1.18462 s, 443 MB/s
afbad591ee2b70ac94258fbc7fac3bf2  -

real	0m1.187s
user	0m1.044s
sys	0m0.281s
500+0 records in
500+0 records out
afbad591ee2b70ac94258fbc7fac3bf2  -
524288000 bytes (524 MB) copied, 1.27014 s, 413 MB/s

real	0m1.273s
user	0m1.041s
sys	0m0.284s
500+0 records in
500+0 records out
524288000 bytes (524 MB) copied, 1.07878 s, 486 MB/s
afbad591ee2b70ac94258fbc7fac3bf2  -

real	0m1.082s
user	0m0.929s
sys	0m0.275s
500+0 records in
500+0 records out
afbad591ee2b70ac94258fbc7fac3bf2  -
524288000 bytes (524 MB) copied, 1.30534 s, 402 MB/s

real	0m1.308s
user	0m1.033s
sys	0m0.327s
500+0 records in
500+0 records out
524288000 bytes (524 MB) copied, 1.13928 s, 460 MB/s
afbad591ee2b70ac94258fbc7fac3bf2  -

real	0m1.142s
user	0m0.974s
sys	0m0.289s
500+0 records in
500+0 records out
afbad591ee2b70ac94258fbc7fac3bf2  -
524288000 bytes (524 MB) copied, 1.26016 s, 416 MB/s

real	0m1.263s
user	0m1.031s
sys	0m0.298s
500+0 records in
500+0 records out
524288000 bytes (524 MB) copied, 1.13274 s, 463 MB/s
afbad591ee2b70ac94258fbc7fac3bf2  -

real	0m1.135s
user	0m0.981s
sys	0m0.284s
500+0 records in
500+0 records out
524288000 bytes (524 MB) copied, 1.13554 s, 462 MB/s
afbad591ee2b70ac94258fbc7fac3bf2  -

real	0m1.138s
user	0m1.000s
sys	0m0.268s
500+0 records in
500+0 records out
afbad591ee2b70ac94258fbc7fac3bf2  -
524288000 bytes (524 MB) copied, 1.18186 s, 444 MB/s

real	0m1.184s
user	0m1.003s
sys	0m0.266s
500+0 records in
500+0 records out
524288000 bytes (524 MB) copied, 1.26782 s, 414 MB/s
afbad591ee2b70ac94258fbc7fac3bf2  -

real	0m1.270s
user	0m1.018s
sys	0m0.288s
500+0 records in
500+0 records out
afbad591ee2b70ac94258fbc7fac3bf2  -
524288000 bytes (524 MB) copied, 1.19911 s, 437 MB/s

real	0m1.202s
user	0m0.934s
sys	0m0.272s
500+0 records in
500+0 records out
524288000 bytes (524 MB) copied, 1.25425 s, 418 MB/s
afbad591ee2b70ac94258fbc7fac3bf2  -

real	0m1.257s
user	0m1.024s
sys	0m0.368s
500+0 records in
500+0 records out
524288000 bytes (524 MB) copied, 1.15613 s, 453 MB/s
afbad591ee2b70ac94258fbc7fac3bf2  -

real	0m1.159s
user	0m1.006s
sys	0m0.312s
500+0 records in
500+0 records out
524288000 bytes (524 MB) copiedafbad591ee2b70ac94258fbc7fac3bf2  -
, 1.27347 s, 412 MB/s

real	0m1.276s
user	0m0.946s
sys	0m0.274s
500+0 records in
500+0 records out
afbad591ee2b70ac94258fbc7fac3bf2  -
524288000 bytes (524 MB) copied, 1.19028 s, 440 MB/s

real	0m1.193s
user	0m0.977s
sys	0m0.266s
500+0 records in
500+0 records out
524288000 bytes (524 MB) copied, 1.22523 s, 428 MB/s
afbad591ee2b70ac94258fbc7fac3bf2  -

real	0m1.228s
user	0m1.006s
sys	0m0.296s
500+0 records in
500+0 records out
524288000 bytes (524 MB) copied, 1.22745 s, 427 MB/s
afbad591ee2b70ac94258fbc7fac3bf2  -

real	0m1.230s
user	0m1.065s
sys	0m0.272s
500+0 records in
500+0 records out
afbad591ee2b70ac94258fbc7fac3bf2  -
524288000 bytes (524 MB) copied, 1.31316 s, 399 MB/s

real	0m1.316s
user	0m1.048s
sys	0m0.302s
500+0 records in
500+0 records out
524288000 bytes (524 MB) copied, 1.08916 s, 481 MB/s
afbad591ee2b70ac94258fbc7fac3bf2  -

real	0m1.092s
user	0m0.937s
sys	0m0.264s
500+0 records in
500+0 records out
afbad591ee2b70ac94258fbc7fac3bf2  -
524288000 bytes (524 MB) copied, 1.27789 s, 410 MB/s

real	0m1.281s
user	0m1.025s
sys	0m0.294s
500+0 records in
500+0 records out
524288000 bytes (524 MB) copied, 1.11314 s, 471 MB/s
afbad591ee2b70ac94258fbc7fac3bf2  -

real	0m1.116s
user	0m0.958s
sys	0m0.266s
500+0 records in
500+0 records out
afbad591ee2b70ac94258fbc7fac3bf2  -
524288000 bytes (524 MB) copied, 1.47736 s, 355 MB/s

real	0m1.480s
user	0m1.041s
sys	0m0.316s
500+0 records in
500+0 records out
524288000 bytes (524 MB) copied, 1.12955 s, 464 MB/s
afbad591ee2b70ac94258fbc7fac3bf2  -

real	0m1.133s
user	0m0.974s
sys	0m0.291s
500+0 records in
500+0 records out
afbad591ee2b70ac94258fbc7fac3bf2  -
524288000 bytes (524 MB) copied, 1.70373 s, 308 MB/s

real	0m1.707s
user	0m0.926s
sys	0m0.305s
500+0 records in
500+0 records out
afbad591ee2b70ac94258fbc7fac3bf2  -
524288000 bytes (524 MB) copied, 1.1141 s, 471 MB/s

real	0m1.117s
user	0m0.951s
sys	0m0.267s
500+0 records in
500+0 records out
afbad591ee2b70ac94258fbc7fac3bf2  -
524288000 bytes (524 MB) copied, 1.27408 s, 412 MB/s

real	0m1.277s
user	0m0.995s
sys	0m0.344s
500+0 records in
500+0 records out
524288000 bytes (524 MB) copied, 1.09593 s, 478 MB/s
afbad591ee2b70ac94258fbc7fac3bf2  -

real	0m1.099s
user	0m0.936s
sys	0m0.264s
500+0 records in
500+0 records out
524288000 bytes (524 MB) copied, 1.15314 s, 455 MB/s
afbad591ee2b70ac94258fbc7fac3bf2  -

real	0m1.156s
user	0m0.957s
sys	0m0.271s
500+0 records in
500+0 records out
524288000 bytes (524 MB) copied, 1.14961 s, 456 MB/s
afbad591ee2b70ac94258fbc7fac3bf2  -

real	0m1.152s
user	0m0.927s
sys	0m0.277s
500+0 records in
500+0 records out
afbad591ee2b70ac94258fbc7fac3bf2  -
524288000 bytes (524 MB) copied, 1.22641 s, 427 MB/s

real	0m1.229s
user	0m1.041s
sys	0m0.290s
500+0 records in
500+0 records out
524288000 bytes (524 MB) copiedafbad591ee2b70ac94258fbc7fac3bf2  -
, 1.2422 s, 422 MB/s

real	0m1.245s
user	0m0.987s
sys	0m0.392s
500+0 records in
500+0 records out
afbad591ee2b70ac94258fbc7fac3bf2  -
524288000 bytes (524 MB) copied, 1.25181 s, 419 MB/s

real	0m1.254s
user	0m1.004s
sys	0m0.305s
500+0 records in
500+0 records out
afbad591ee2b70ac94258fbc7fac3bf2  -
524288000 bytes (524 MB) copied, 1.14975 s, 456 MB/s

real	0m1.152s
user	0m0.949s
sys	0m0.266s
500+0 records in
500+0 records out
524288000 bytes (524 MB) copied, 1.17376 s, 447 MB/s
afbad591ee2b70ac94258fbc7fac3bf2  -

real	0m1.176s
user	0m1.033s
sys	0m0.287s
500+0 records in
500+0 records out
524288000 bytes (524 MB) copied, 1.18848 s, 441 MB/s
afbad591ee2b70ac94258fbc7fac3bf2  -

real	0m1.191s
user	0m1.016s
sys	0m0.298s
500+0 records in
500+0 records out
afbad591ee2b70ac94258fbc7fac3bf2  -
524288000 bytes (524 MB) copied, 1.24492 s, 421 MB/s

real	0m1.248s
user	0m0.975s
sys	0m0.260s
500+0 records in
500+0 records out
524288000 bytes (524 MB) copiedafbad591ee2b70ac94258fbc7fac3bf2  -
, 1.16295 s, 451 MB/s

real	0m1.165s
user	0m0.992s
sys	0m0.304s
500+0 records in
500+0 records out
afbad591ee2b70ac94258fbc7fac3bf2  -
524288000 bytes (524 MB) copied, 1.38773 s, 378 MB/s

real	0m1.390s
user	0m1.009s
sys	0m0.282s
500+0 records in
500+0 records out
524288000 bytes (524 MB) copied, 1.10573 s, 474 MB/s
afbad591ee2b70ac94258fbc7fac3bf2  -

real	0m1.108s
user	0m0.958s
sys	0m0.265s
500+0 records in
500+0 records out
afbad591ee2b70ac94258fbc7fac3bf2  -
524288000 bytes (524 MB) copied, 1.34596 s, 390 MB/s

real	0m1.349s
user	0m1.010s
sys	0m0.408s
500+0 records in
500+0 records out
afbad591ee2b70ac94258fbc7fac3bf2  -
524288000 bytes (524 MB) copied, 1.15387 s, 454 MB/s

real	0m1.157s
user	0m0.955s
sys	0m0.273s
500+0 records in
500+0 records out
524288000 bytes (524 MB) copied, 1.21201 s, 433 MB/s
afbad591ee2b70ac94258fbc7fac3bf2  -

real	0m1.215s
user	0m1.027s
sys	0m0.293s
500+0 records in
500+0 records out
afbad591ee2b70ac94258fbc7fac3bf2  -
524288000 bytes (524 MB) copied, 1.08337 s, 484 MB/s

real	0m1.086s
user	0m0.962s
sys	0m0.272s
500+0 records in
500+0 records out
524288000 bytes (524 MB) copied, 1.19072 s, 440 MB/s
afbad591ee2b70ac94258fbc7fac3bf2  -

real	0m1.193s
user	0m1.039s
sys	0m0.274s
500+0 records in
500+0 records out
afbad591ee2b70ac94258fbc7fac3bf2  -
524288000 bytes (524 MB) copied, 1.16252 s, 451 MB/s

real	0m1.165s
user	0m0.962s
sys	0m0.266s
500+0 records in
500+0 records out
524288000 bytes (524 MB) copied, 1.21002 s, 433 MB/s
afbad591ee2b70ac94258fbc7fac3bf2  -

real	0m1.212s
user	0m1.039s
sys	0m0.288s
500+0 records in
500+0 records out
524288000 bytes (524 MB) copied, 1.10071 s, 476 MB/s
afbad591ee2b70ac94258fbc7fac3bf2  -

real	0m1.103s
user	0m0.941s
sys	0m0.275s
500+0 records in
500+0 records out
524288000 bytes (524 MB) copied, 1.14404 s, 458 MB/s
afbad591ee2b70ac94258fbc7fac3bf2  -

real	0m1.146s
user	0m0.981s
sys	0m0.249s
500+0 records in
500+0 records out
524288000 bytes (524 MB) copied, 1.07622 s, 487 MB/s
afbad591ee2b70ac94258fbc7fac3bf2  -

real	0m1.079s
user	0m0.959s
sys	0m0.274s
500+0 records in
500+0 records out
afbad591ee2b70ac94258fbc7fac3bf2  -
524288000 bytes (524 MB) copied, 1.27307 s, 412 MB/s

real	0m1.275s
user	0m1.040s
sys	0m0.292s
500+0 records in
500+0 records out
524288000 bytes (524 MB) copied, 1.12932 s, 464 MB/s
afbad591ee2b70ac94258fbc7fac3bf2  -

real	0m1.132s
user	0m0.972s
sys	0m0.274s
500+0 records in
500+0 records out
afbad591ee2b70ac94258fbc7fac3bf2  -
524288000 bytes (524 MB) copied, 1.34415 s, 390 MB/s

real	0m1.347s
user	0m1.028s
sys	0m0.327s
500+0 records in
500+0 records out
afbad591ee2b70ac94258fbc7fac3bf2  -
524288000 bytes (524 MB) copied, 1.19867 s, 437 MB/s

real	0m1.201s
user	0m0.961s
sys	0m0.271s
500+0 records in
500+0 records out
524288000 bytes (524 MB) copied, 1.2001 s, 437 MB/s
afbad591ee2b70ac94258fbc7fac3bf2  -

real	0m1.203s
user	0m1.037s
sys	0m0.308s
500+0 records in
500+0 records out
afbad591ee2b70ac94258fbc7fac3bf2  -
524288000 bytes (524 MB) copied, 1.18701 s, 442 MB/s

real	0m1.190s
user	0m0.947s
sys	0m0.257s
500+0 records in
500+0 records out
afbad591ee2b70ac94258fbc7fac3bf2  -
524288000 bytes (524 MB) copied, 1.19929 s, 437 MB/s

real	0m1.202s
user	0m1.034s
sys	0m0.279s
500+0 records in
500+0 records out
524288000 bytes (524 MB) copied, 1.08661 s, 483 MB/s
afbad591ee2b70ac94258fbc7fac3bf2  -

real	0m1.089s
user	0m0.933s
sys	0m0.268s
500+0 records in
500+0 records out
afbad591ee2b70ac94258fbc7fac3bf2  -
524288000 bytes (524 MB) copied, 1.27414 s, 411 MB/s

real	0m1.277s
user	0m1.013s
sys	0m0.297s
500+0 records in
500+0 records out
524288000 bytes (524 MB) copied, 1.17994 s, 444 MB/s
afbad591ee2b70ac94258fbc7fac3bf2  -

real	0m1.182s
user	0m1.029s
sys	0m0.274s
500+0 records in
500+0 records out
afbad591ee2b70ac94258fbc7fac3bf2  -
524288000 bytes (524 MB) copied, 1.26535 s, 414 MB/s

real	0m1.268s
user	0m1.020s
sys	0m0.272s
500+0 records in
500+0 records out
524288000 bytes (524 MB) copied, 1.11628 s, 470 MB/s
afbad591ee2b70ac94258fbc7fac3bf2  -

real	0m1.119s
user	0m0.959s
sys	0m0.264s
500+0 records in
500+0 records out
afbad591ee2b70ac94258fbc7fac3bf2  -
524288000 bytes (524 MB) copied, 1.22789 s, 427 MB/s

real	0m1.230s
user	0m1.013s
sys	0m0.296s
500+0 records in
500+0 records out
524288000 bytes (524 MB) copied, 1.14104 s, 459 MB/s
afbad591ee2b70ac94258fbc7fac3bf2  -

real	0m1.144s
user	0m0.970s
sys	0m0.282s
500+0 records in
500+0 records out
afbad591ee2b70ac94258fbc7fac3bf2  -
524288000 bytes (524 MB) copied, 1.31083 s, 400 MB/s

real	0m1.313s
user	0m1.031s
sys	0m0.367s
500+0 records in
500+0 records out
524288000 bytes (524 MB) copied, 1.10942 s, 473 MB/s
afbad591ee2b70ac94258fbc7fac3bf2  -

real	0m1.112s
user	0m0.958s
sys	0m0.276s
500+0 records in
500+0 records out
afbad591ee2b70ac94258fbc7fac3bf2  -
524288000 bytes (524 MB) copied, 1.25136 s, 419 MB/s

real	0m1.254s
user	0m1.025s
sys	0m0.307s
500+0 records in
500+0 records out
524288000 bytes (524 MB) copied, 1.1209 s, 468 MB/s
afbad591ee2b70ac94258fbc7fac3bf2  -

real	0m1.123s
user	0m0.973s
sys	0m0.281s
500+0 records in
500+0 records out
524288000 bytes (524 MB) copied, 1.17292 s, 447 MB/s
afbad591ee2b70ac94258fbc7fac3bf2  -

real	0m1.176s
user	0m0.980s
sys	0m0.266s
500+0 records in
500+0 records out
afbad591ee2b70ac94258fbc7fac3bf2  -
524288000 bytes (524 MB) copied, 1.08301 s, 484 MB/s

real	0m1.086s
user	0m0.950s
sys	0m0.278s
500+0 records in
500+0 records out
524288000 bytes (524 MB) copied, 1.19561 s, 439 MB/s
afbad591ee2b70ac94258fbc7fac3bf2  -

real	0m1.198s
user	0m1.048s
sys	0m0.278s
500+0 records in
500+0 records out
524288000 bytes (524 MB) copied, 1.17726 s, 445 MB/s
afbad591ee2b70ac94258fbc7fac3bf2  -

real	0m1.180s
user	0m1.020s
sys	0m0.300s
500+0 records in
500+0 records out
afbad591ee2b70ac94258fbc7fac3bf2  -
524288000 bytes (524 MB) copied, 1.18757 s, 441 MB/s

real	0m1.190s
user	0m1.023s
sys	0m0.313s
500+0 records in
500+0 records out
afbad591ee2b70ac94258fbc7fac3bf2  -
524288000 bytes (524 MB) copied, 1.0998 s, 477 MB/s

real	0m1.103s
user	0m0.945s
sys	0m0.273s
500+0 records in
500+0 records out
524288000 bytes (524 MB) copied, 1.15888 s, 452 MB/s
afbad591ee2b70ac94258fbc7fac3bf2  -

real	0m1.162s
user	0m1.038s
sys	0m0.297s
500+0 records in
500+0 records out
524288000 bytes (524 MB) copied, 1.14591 s, 458 MB/s
afbad591ee2b70ac94258fbc7fac3bf2  -

real	0m1.149s
user	0m1.006s
sys	0m0.294s
500+0 records in
500+0 records out
afbad591ee2b70ac94258fbc7fac3bf2  -
524288000 bytes (524 MB) copied, 1.27912 s, 410 MB/s

real	0m1.282s
user	0m0.999s
sys	0m0.418s
500+0 records in
500+0 records out
afbad591ee2b70ac94258fbc7fac3bf2  -
524288000 bytes (524 MB) copied, 1.19632 s, 438 MB/s

real	0m1.199s
user	0m0.979s
sys	0m0.272s
500+0 records in
500+0 records out
524288000 bytes (524 MB) copied, 1.21348 s, 432 MB/s
afbad591ee2b70ac94258fbc7fac3bf2  -

real	0m1.216s
user	0m1.037s
sys	0m0.286s
500+0 records in
500+0 records out
524288000 bytes (524 MB) copied, 1.16761 s, 449 MB/s
afbad591ee2b70ac94258fbc7fac3bf2  -

real	0m1.170s
user	0m1.035s
sys	0m0.307s
500+0 records in
500+0 records out
afbad591ee2b70ac94258fbc7fac3bf2  -
524288000 bytes (524 MB) copied, 1.34354 s, 390 MB/s

real	0m1.346s
user	0m1.040s
sys	0m0.428s
500+0 records in
500+0 records out
524288000 bytes (524 MB) copied, 1.18433 s, 443 MB/s
afbad591ee2b70ac94258fbc7fac3bf2  -

real	0m1.187s
user	0m0.930s
sys	0m0.283s
500+0 records in
500+0 records out
afbad591ee2b70ac94258fbc7fac3bf2  -
524288000 bytes (524 MB) copied, 1.2781 s, 410 MB/s

real	0m1.281s
user	0m1.018s
sys	0m0.351s
500+0 records in
500+0 records out
afbad591ee2b70ac94258fbc7fac3bf2  -
524288000 bytes (524 MB) copied, 1.22276 s, 429 MB/s

real	0m1.225s
user	0m1.007s
sys	0m0.301s
500+0 records in
500+0 records out
524288000 bytes (524 MB) copied, 1.23647 s, 424 MB/s
afbad591ee2b70ac94258fbc7fac3bf2  -

real	0m1.239s
user	0m0.981s
sys	0m0.385s
500+0 records in
500+0 records out
afbad591ee2b70ac94258fbc7fac3bf2  -
524288000 bytes (524 MB) copied, 1.07036 s, 490 MB/s

real	0m1.073s
user	0m0.945s
sys	0m0.269s
500+0 records in
500+0 records out
524288000 bytes (524 MB) copied, 1.17804 s, 445 MB/s
afbad591ee2b70ac94258fbc7fac3bf2  -

real	0m1.181s
user	0m1.054s
sys	0m0.298s
500+0 records in
500+0 records out
524288000 bytes (524 MB) copied, 1.11473 s, 470 MB/s
afbad591ee2b70ac94258fbc7fac3bf2  -

real	0m1.117s
user	0m1.007s
sys	0m0.265s
500+0 records in
500+0 records out
524288000 bytes (524 MB) copied, 1.14404 s, 458 MB/s
afbad591ee2b70ac94258fbc7fac3bf2  -

real	0m1.147s
user	0m1.010s
sys	0m0.267s
500+0 records in
500+0 records out
afbad591ee2b70ac94258fbc7fac3bf2  -
524288000 bytes (524 MB) copied, 1.2265 s, 427 MB/s

real	0m1.229s
user	0m1.025s
sys	0m0.275s
500+0 records in
500+0 records out
524288000 bytes (524 MB) copied, 1.27732 s, 410 MB/s
afbad591ee2b70ac94258fbc7fac3bf2  -

real	0m1.280s
user	0m0.989s
sys	0m0.390s
500+0 records in
500+0 records out
524288000 bytes (524 MB) copied, 1.18366 s, 443 MB/s
afbad591ee2b70ac94258fbc7fac3bf2  -

real	0m1.186s
user	0m1.028s
sys	0m0.298s
500+0 records in
500+0 records out
afbad591ee2b70ac94258fbc7fac3bf2  -
524288000 bytes (524 MB) copied, 1.26884 s, 413 MB/s

real	0m1.271s
user	0m0.960s
sys	0m0.271s
500+0 records in
500+0 records out
524288000 bytes (524 MB) copied, 1.10058 s, 476 MB/s
afbad591ee2b70ac94258fbc7fac3bf2  -

real	0m1.103s
user	0m0.934s
sys	0m0.280s
500+0 records in
500+0 records out
afbad591ee2b70ac94258fbc7fac3bf2  -
524288000 bytes (524 MB) copied, 1.64213 s, 319 MB/s

real	0m1.645s
user	0m1.009s
sys	0m0.291s
500+0 records in
500+0 records out
afbad591ee2b70ac94258fbc7fac3bf2  -
524288000 bytes (524 MB) copied, 1.16896 s, 449 MB/s

real	0m1.171s
user	0m0.967s
sys	0m0.297s
500+0 records in
500+0 records out
524288000 bytes (524 MB) copied, 1.19529 s, 439 MB/s
afbad591ee2b70ac94258fbc7fac3bf2  -

real	0m1.198s
user	0m1.051s
sys	0m0.292s
500+0 records in
500+0 records out
524288000 bytes (524 MB) copied500+0 records in
500+0 records out
, 1.18308 s, 443 MB/s
afbad591ee2b70ac94258fbc7fac3bf2  -
524288000 bytes (524 MB) copied, 1.18314 s, 443 MB/s
afbad591ee2b70ac94258fbc7fac3bf2  -

real	0m1.186s
user	0m0.959s
sys	0m0.269s

real	0m1.186s
user	0m1.017s
sys	0m0.277s
500+0 records in
500+0 records out
afbad591ee2b70ac94258fbc7fac3bf2  -
524288000 bytes (524 MB) copied, 1.13266 s, 463 MB/s

real	0m1.135s
user	0m0.955s
sys	0m0.251s
500+0 records in
500+0 records out
524288000 bytes (524 MB) copied, 1.16419 s, 450 MB/s
afbad591ee2b70ac94258fbc7fac3bf2  -

real	0m1.167s
user	0m1.009s
sys	0m0.302s
500+0 records in
500+0 records out
afbad591ee2b70ac94258fbc7fac3bf2  -
524288000 bytes (524 MB) copied, 1.28497 s, 408 MB/s

real	0m1.288s
user	0m1.019s
sys	0m0.284s
500+0 records in
500+0 records out
524288000 bytes (524 MB) copied, 1.29415 s, 405 MB/s
afbad591ee2b70ac94258fbc7fac3bf2  -

real	0m1.297s
user	0m1.046s
sys	0m0.395s
500+0 records in
500+0 records out
524288000 bytes (524 MB) copied, 1.09208 s, 480 MB/s
afbad591ee2b70ac94258fbc7fac3bf2  -

real	0m1.095s
user	0m0.955s
sys	0m0.279s
500+0 records in
500+0 records out
afbad591ee2b70ac94258fbc7fac3bf2  -
524288000 bytes (524 MB) copied, 1.34008 s, 391 MB/s

real	0m1.343s
user	0m1.018s
sys	0m0.371s
500+0 records in
500+0 records out
524288000 bytes (524 MB) copiedafbad591ee2b70ac94258fbc7fac3bf2  -
, 1.17731 s, 445 MB/s

real	0m1.180s
user	0m0.952s
sys	0m0.274s
500+0 records in
500+0 records out
afbad591ee2b70ac94258fbc7fac3bf2  -
524288000 bytes (524 MB) copied, 1.28585 s, 408 MB/s

real	0m1.289s
user	0m1.034s
sys	0m0.276s
500+0 records in
500+0 records out
524288000 bytes (524 MB) copied, 1.14027 s, 460 MB/s
afbad591ee2b70ac94258fbc7fac3bf2  -

real	0m1.143s
user	0m0.932s
sys	0m0.256s
500+0 records in
500+0 records out
524288000 bytes (524 MB) copied, 1.25183 s, 419 MB/s
afbad591ee2b70ac94258fbc7fac3bf2  -

real	0m1.254s
user	0m0.937s
sys	0m0.275s
500+0 records in
500+0 records out
524288000 bytes (524 MB) copied, 1.15759 s, 453 MB/s
afbad591ee2b70ac94258fbc7fac3bf2  -

real	0m1.160s
user	0m0.945s
sys	0m0.282s
500+0 records in
500+0 records out
afbad591ee2b70ac94258fbc7fac3bf2  -
524288000 bytes (524 MB) copied, 1.27138 s, 412 MB/s

real	0m1.274s
user	0m1.008s
sys	0m0.301s
500+0 records in
500+0 records out
524288000 bytes (524 MB) copied, 1.12664 s, 465 MB/s
afbad591ee2b70ac94258fbc7fac3bf2  -

real	0m1.129s
user	0m0.968s
sys	0m0.295s
500+0 records in
500+0 records out
afbad591ee2b70ac94258fbc7fac3bf2  -
524288000 bytes (524 MB) copied, 1.26627 s, 414 MB/s

real	0m1.269s
user	0m1.062s
sys	0m0.278s
500+0 records in
500+0 records out
524288000 bytes (524 MB) copied, 1.07986 s, 486 MB/s
afbad591ee2b70ac94258fbc7fac3bf2  -

real	0m1.082s
user	0m0.936s
sys	0m0.259s
500+0 records in
500+0 records out
afbad591ee2b70ac94258fbc7fac3bf2  -
524288000 bytes (524 MB) copied, 1.37304 s, 382 MB/s

real	0m1.376s
user	0m1.035s
sys	0m0.327s
500+0 records in
500+0 records out
524288000 bytes (524 MB) copied, 1.21606 s, 431 MB/s
afbad591ee2b70ac94258fbc7fac3bf2  -

real	0m1.219s
user	0m1.062s
sys	0m0.319s
500+0 records in
500+0 records out
afbad591ee2b70ac94258fbc7fac3bf2  -
524288000 bytes (524 MB) copied, 1.27813 s, 410 MB/s

real	0m1.281s
user	0m1.020s
sys	0m0.365s
500+0 records in
500+0 records out
afbad591ee2b70ac94258fbc7fac3bf2  -
524288000 bytes (524 MB) copied, 1.24602 s, 421 MB/s

real	0m1.249s
user	0m0.938s
sys	0m0.260s
500+0 records in
500+0 records out
524288000 bytes (524 MB) copied, 1.25062 s, 419 MB/s
afbad591ee2b70ac94258fbc7fac3bf2  -

real	0m1.253s
user	0m1.039s
sys	0m0.344s
500+0 records in
500+0 records out
afbad591ee2b70ac94258fbc7fac3bf2  -
524288000 bytes (524 MB) copied, 1.18743 s, 442 MB/s

real	0m1.190s
user	0m0.989s
sys	0m0.267s
500+0 records in
500+0 records out
524288000 bytes (524 MB) copied, 1.19412 s, 439 MB/s
afbad591ee2b70ac94258fbc7fac3bf2  -

real	0m1.197s
user	0m1.028s
sys	0m0.302s
500+0 records in
500+0 records out
524288000 bytes (524 MB) copied, 1.18281 s, 443 MB/s
afbad591ee2b70ac94258fbc7fac3bf2  -

real	0m1.185s
user	0m0.995s
sys	0m0.291s
500+0 records in
500+0 records out
afbad591ee2b70ac94258fbc7fac3bf2  -
524288000 bytes (524 MB) copied, 1.23515 s, 424 MB/s

real	0m1.238s
user	0m1.003s
sys	0m0.289s
500+0 records in
500+0 records out
afbad591ee2b70ac94258fbc7fac3bf2  -
524288000 bytes (524 MB) copied, 1.17198 s, 447 MB/s

real	0m1.175s
user	0m0.928s
sys	0m0.265s
500+0 records in
500+0 records out
524288000 bytes (524 MB) copied, 1.18191 s, 444 MB/s
afbad591ee2b70ac94258fbc7fac3bf2  -

real	0m1.185s
user	0m1.033s
sys	0m0.288s
500+0 records in
500+0 records out
524288000 bytes (524 MB) copied, 1.17087 s, 448 MB/s
afbad591ee2b70ac94258fbc7fac3bf2  -

real	0m1.173s
user	0m0.984s
sys	0m0.286s
500+0 records in
500+0 records out
afbad591ee2b70ac94258fbc7fac3bf2  -
524288000 bytes (524 MB) copied, 1.25587 s, 417 MB/s

real	0m1.258s
user	0m1.015s
sys	0m0.267s
500+0 records in
500+0 records out
524288000 bytes (524 MB) copied, 1.09657 s, 478 MB/s
afbad591ee2b70ac94258fbc7fac3bf2  -

real	0m1.099s
user	0m0.955s
sys	0m0.275s
500+0 records in
500+0 records out
524288000 bytes (524 MB) copied, 1.17237 s, 447 MB/s
afbad591ee2b70ac94258fbc7fac3bf2  -

real	0m1.175s
user	0m0.975s
sys	0m0.258s
500+0 records in
500+0 records out
524288000 bytes (524 MB) copied, 1.12519 s, 466 MB/s
afbad591ee2b70ac94258fbc7fac3bf2  -

real	0m1.128s
user	0m0.985s
sys	0m0.266s
500+0 records in
500+0 records out
524288000 bytes (524 MB) copied, 1.21587 s, 431 MB/s
afbad591ee2b70ac94258fbc7fac3bf2  -

real	0m1.218s
user	0m1.028s
sys	0m0.282s
500+0 records in
500+0 records out
afbad591ee2b70ac94258fbc7fac3bf2  -
524288000 bytes (524 MB) copied, 1.17191 s, 447 MB/s

real	0m1.174s
user	0m0.938s
sys	0m0.289s
500+0 records in
500+0 records out
524288000 bytes (524 MB) copied, 1.19417 s, 439 MB/s
afbad591ee2b70ac94258fbc7fac3bf2  -

real	0m1.197s
user	0m1.034s
sys	0m0.291s
500+0 records in
500+0 records out
524288000 bytes (524 MB) copied, 1.20643 s, 435 MB/s
afbad591ee2b70ac94258fbc7fac3bf2  -

real	0m1.209s
user	0m0.979s
sys	0m0.277s
500+0 records in
500+0 records out
afbad591ee2b70ac94258fbc7fac3bf2  -
524288000 bytes (524 MB) copied, 1.28093 s, 409 MB/s

real	0m1.283s
user	0m1.049s
sys	0m0.269s
500+0 records in
500+0 records out
afbad591ee2b70ac94258fbc7fac3bf2  -
524288000 bytes (524 MB) copied, 1.13971 s, 460 MB/s

real	0m1.142s
user	0m0.966s
sys	0m0.249s
500+0 records in
500+0 records out
524288000 bytes (524 MB) copied, 1.18152 s, 444 MB/s
afbad591ee2b70ac94258fbc7fac3bf2  -

real	0m1.184s
user	0m1.027s
sys	0m0.294s
500+0 records in
500+0 records out
afbad591ee2b70ac94258fbc7fac3bf2  -
524288000 bytes (524 MB) copied, 1.19569 s, 438 MB/s

real	0m1.198s
user	0m0.931s
sys	0m0.277s
500+0 records in
500+0 records out
524288000 bytes (524 MB) copied, 1.20988 s, 433 MB/s
afbad591ee2b70ac94258fbc7fac3bf2  -

real	0m1.212s
user	0m1.024s
sys	0m0.288s
500+0 records in
500+0 records out
524288000 bytes (524 MB) copied, 1.12284 s, 467 MB/s
afbad591ee2b70ac94258fbc7fac3bf2  -

real	0m1.125s
user	0m0.974s
sys	0m0.277s
500+0 records in
500+0 records out
afbad591ee2b70ac94258fbc7fac3bf2  -
524288000 bytes (524 MB) copied, 1.29715 s, 404 MB/s

real	0m1.300s
user	0m1.046s
sys	0m0.301s
500+0 records in
500+0 records out
524288000 bytes (524 MB) copied, 1.10613 s, 474 MB/s
afbad591ee2b70ac94258fbc7fac3bf2  -

real	0m1.109s
user	0m0.945s
sys	0m0.269s
500+0 records in
500+0 records out
afbad591ee2b70ac94258fbc7fac3bf2  -
524288000 bytes (524 MB) copied, 1.28721 s, 407 MB/s

real	0m1.290s
user	0m1.035s
sys	0m0.287s
500+0 records in
500+0 records out
afbad591ee2b70ac94258fbc7fac3bf2  -
524288000 bytes (524 MB) copied, 1.13167 s, 463 MB/s

real	0m1.135s
user	0m0.942s
sys	0m0.270s
500+0 records in
500+0 records out
524288000 bytes (524 MB) copied, 1.18828 s, 441 MB/s
afbad591ee2b70ac94258fbc7fac3bf2  -

real	0m1.191s
user	0m1.027s
sys	0m0.312s
500+0 records in
500+0 records out
524288000 bytes (524 MB) copied, 1.08447 s, 483 MB/s
afbad591ee2b70ac94258fbc7fac3bf2  -

real	0m1.087s
user	0m0.948s
sys	0m0.270s
500+0 records in
500+0 records out
afbad591ee2b70ac94258fbc7fac3bf2  -
524288000 bytes (524 MB) copied, 1.47071 s, 356 MB/s

real	0m1.474s
user	0m1.037s
sys	0m0.303s
500+0 records in
500+0 records out
524288000 bytes (524 MB) copied, 1.10503 s, 474 MB/s
afbad591ee2b70ac94258fbc7fac3bf2  -

real	0m1.108s
user	0m0.936s
sys	0m0.278s
500+0 records in
500+0 records out
524288000 bytes (524 MB) copied, 1.13976 s, 460 MB/s
afbad591ee2b70ac94258fbc7fac3bf2  -

real	0m1.142s
user	0m0.995s
sys	0m0.279s
500+0 records in
500+0 records out
524288000 bytes (524 MB) copied, 1.03309 s, 507 MB/s
afbad591ee2b70ac94258fbc7fac3bf2  -

real	0m1.036s
user	0m0.931s
sys	0m0.272s
500+0 records in
500+0 records out
afbad591ee2b70ac94258fbc7fac3bf2  -
524288000 bytes (524 MB) copied, 1.21515 s, 431 MB/s

real	0m1.218s
user	0m1.019s
sys	0m0.285s
500+0 records in
500+0 records out
524288000 bytes (524 MB) copied, 1.10367 s, 475 MB/s
afbad591ee2b70ac94258fbc7fac3bf2  -

real	0m1.106s
user	0m0.988s
sys	0m0.266s
500+0 records in
500+0 records out
afbad591ee2b70ac94258fbc7fac3bf2  -
524288000 bytes (524 MB) copied, 1.28395 s, 408 MB/s

real	0m1.287s
user	0m1.012s
sys	0m0.308s
500+0 records in
500+0 records out
524288000 bytes (524 MB) copied, 1.21947 s, 430 MB/s
afbad591ee2b70ac94258fbc7fac3bf2  -

real	0m1.222s
user	0m1.029s
sys	0m0.284s
500+0 records in
500+0 records out
afbad591ee2b70ac94258fbc7fac3bf2  -
524288000 bytes (524 MB) copied, 1.22549 s, 428 MB/s

real	0m1.229s
user	0m0.936s
sys	0m0.286s
500+0 records in
500+0 records out
524288000 bytes (524 MB) copied, 4.79273 s, 109 MB/s
afbad591ee2b70ac94258fbc7fac3bf2  -

real	0m4.795s
user	0m0.968s
sys	0m0.270s
500+0 records in
500+0 records out
afbad591ee2b70ac94258fbc7fac3bf2  -
524288000 bytes (524 MB) copied, 5.1991 s, 101 MB/s

real	0m5.202s
user	0m1.045s
sys	0m0.284s
500+0 records in
500+0 records out
524288000 bytes (524 MB) copied, 1.0962 s, 478 MB/s
afbad591ee2b70ac94258fbc7fac3bf2  -

real	0m1.099s
user	0m0.939s
sys	0m0.269s
500+0 records in
500+0 records out
afbad591ee2b70ac94258fbc7fac3bf2  -
524288000 bytes (524 MB) copied, 2.90274 s, 181 MB/s

real	0m2.906s
user	0m1.033s
sys	0m0.321s
500+0 records in
500+0 records out
524288000 bytes (524 MB) copied, 3.56134 s, 147 MB/s
afbad591ee2b70ac94258fbc7fac3bf2  -

real	0m3.564s
user	0m1.014s
sys	0m0.369s
500+0 records in
500+0 records out
afbad591ee2b70ac94258fbc7fac3bf2  -
524288000 bytes (524 MB) copied, 6.61358 s, 79.3 MB/s

real	0m6.616s
user	0m0.965s
sys	0m0.304s
500+0 records in
500+0 records out
524288000 bytes (524 MB) copied, 1.11336 s, 471 MB/s
afbad591ee2b70ac94258fbc7fac3bf2  -

real	0m1.117s
user	0m0.958s
sys	0m0.284s
500+0 records in
500+0 records out
afbad591ee2b70ac94258fbc7fac3bf2  -
524288000 bytes (524 MB) copied, 2.78288 s, 188 MB/s

real	0m2.786s
user	0m1.054s
sys	0m0.375s
500+0 records in
500+0 records out
524288000 bytes (524 MB) copied, 1.38591 s, 378 MB/s
afbad591ee2b70ac94258fbc7fac3bf2  -

real	0m1.389s
user	0m1.025s
sys	0m0.301s
500+0 records in
500+0 records out
afbad591ee2b70ac94258fbc7fac3bf2  -
524288000 bytes (524 MB) copied, 5.73616 s, 91.4 MB/s

real	0m5.740s
user	0m1.002s
sys	0m0.307s
500+0 records in
500+0 records out
524288000 bytes (524 MB) copied, 1.23571 s, 424 MB/s
afbad591ee2b70ac94258fbc7fac3bf2  -

real	0m1.238s
user	0m1.041s
sys	0m0.341s
500+0 records in
500+0 records out
afbad591ee2b70ac94258fbc7fac3bf2  -
524288000 bytes (524 MB) copied, 3.00021 s, 175 MB/s

real	0m3.003s
user	0m0.954s
sys	0m0.299s
500+0 records in
500+0 records out
524288000 bytes (524 MB) copied, 1.07254 s, 489 MB/s
afbad591ee2b70ac94258fbc7fac3bf2  -

real	0m1.076s
user	0m0.945s
sys	0m0.275s
500+0 records in
500+0 records out
524288000 bytes (524 MB) copied, 5.56268 s, 94.3 MB/s
afbad591ee2b70ac94258fbc7fac3bf2  -

real	0m5.566s
user	0m0.968s
sys	0m0.275s
500+0 records in
500+0 records out
524288000 bytes (524 MB) copied, 3.40574 s, 154 MB/s
afbad591ee2b70ac94258fbc7fac3bf2  -

real	0m3.408s
user	0m1.067s
sys	0m0.334s
500+0 records in
500+0 records out
524288000 bytes (524 MB) copied, 3.63782 s, 144 MB/s
afbad591ee2b70ac94258fbc7fac3bf2  -

real	0m3.640s
user	0m1.053s
sys	0m0.296s
500+0 records in
500+0 records out
524288000 bytes (524 MB) copied, 1.23008 s, 426 MB/s
afbad591ee2b70ac94258fbc7fac3bf2  -

real	0m1.233s
user	0m1.066s
sys	0m0.345s
500+0 records in
500+0 records out
afbad591ee2b70ac94258fbc7fac3bf2  -
524288000 bytes (524 MB) copied, 1.31453 s, 399 MB/s

real	0m1.317s
user	0m1.067s
sys	0m0.344s
500+0 records in
500+0 records out
524288000 bytes (524 MB) copied, 1.17429 s, 446 MB/s
afbad591ee2b70ac94258fbc7fac3bf2  -

real	0m1.177s
user	0m0.993s
sys	0m0.325s
500+0 records in
500+0 records out
afbad591ee2b70ac94258fbc7fac3bf2  -
524288000 bytes (524 MB) copied, 1.22581 s, 428 MB/s

real	0m1.229s
user	0m1.018s
sys	0m0.298s
500+0 records in
500+0 records out
524288000 bytes (524 MB) copied, 1.14343 s, 459 MB/s
afbad591ee2b70ac94258fbc7fac3bf2  -

real	0m1.146s
user	0m0.925s
sys	0m0.286s
500+0 records in
500+0 records out
524288000 bytes (524 MB) copied, 1.20929 s, 434 MB/s
afbad591ee2b70ac94258fbc7fac3bf2  -

real	0m1.212s
user	0m1.025s
sys	0m0.288s
500+0 records in
500+0 records out
524288000 bytes (524 MB) copied, 1.1341 s, 462 MB/s
afbad591ee2b70ac94258fbc7fac3bf2  -

real	0m1.136s
user	0m0.972s
sys	0m0.262s
500+0 records in
500+0 records out
afbad591ee2b70ac94258fbc7fac3bf2  -
524288000 bytes (524 MB) copied, 1.25801 s, 417 MB/s

real	0m1.261s
user	0m1.054s
sys	0m0.303s
500+0 records in
500+0 records out
afbad591ee2b70ac94258fbc7fac3bf2  -
524288000 bytes (524 MB) copied, 1.11289 s, 471 MB/s

real	0m1.116s
user	0m0.946s
sys	0m0.269s
500+0 records in
500+0 records out
524288000 bytes (524 MB) copied, 1.17873 s, 445 MB/s
afbad591ee2b70ac94258fbc7fac3bf2  -

real	0m1.181s
user	0m1.024s
sys	0m0.288s
500+0 records in
500+0 records out
524288000 bytes (524 MB) copied, 1.19579 s, 438 MB/s
afbad591ee2b70ac94258fbc7fac3bf2  -

real	0m1.198s
user	0m1.022s
sys	0m0.271s
500+0 records in
500+0 records out
afbad591ee2b70ac94258fbc7fac3bf2  -
524288000 bytes (524 MB) copied, 1.35029 s, 388 MB/s

real	0m1.353s
user	0m0.930s
sys	0m0.288s
500+0 records in
500+0 records out
afbad591ee2b70ac94258fbc7fac3bf2  -
524288000 bytes (524 MB) copied, 1.1559 s, 454 MB/s

real	0m1.159s
user	0m0.930s
sys	0m0.285s
500+0 records in
500+0 records out
524288000 bytes (524 MB) copied, 1.19192 s, 440 MB/s
afbad591ee2b70ac94258fbc7fac3bf2  -

real	0m1.195s
user	0m1.024s
sys	0m0.296s
500+0 records in
500+0 records out
524288000 bytes (524 MB) copied, 1.23794 s, 424 MB/s
afbad591ee2b70ac94258fbc7fac3bf2  -

real	0m1.240s
user	0m1.026s
sys	0m0.344s
500+0 records in
500+0 records out
afbad591ee2b70ac94258fbc7fac3bf2  -
524288000 bytes (524 MB) copied, 1.30976 s, 400 MB/s

real	0m1.312s
user	0m1.020s
sys	0m0.350s
500+0 records in
500+0 records out
524288000 bytes (524 MB) copied, 1.06886 s, 491 MB/s
afbad591ee2b70ac94258fbc7fac3bf2  -

real	0m1.072s
user	0m0.932s
sys	0m0.257s
500+0 records in
500+0 records out
524288000 bytes (524 MB) copied, 1.17304 s, 447 MB/s
afbad591ee2b70ac94258fbc7fac3bf2  -

real	0m1.176s
user	0m0.965s
sys	0m0.278s
500+0 records in
500+0 records out
524288000 bytes (524 MB) copied, 1.16539 s, 450 MB/s
afbad591ee2b70ac94258fbc7fac3bf2  -

real	0m1.168s
user	0m0.928s
sys	0m0.271s
500+0 records in
500+0 records out
afbad591ee2b70ac94258fbc7fac3bf2  -
524288000 bytes (524 MB) copied, 1.35312 s, 387 MB/s

real	0m1.356s
user	0m1.019s
sys	0m0.304s
500+0 records in
500+0 records out
524288000 bytes (524 MB) copied, 1.2001 s, 437 MB/s
afbad591ee2b70ac94258fbc7fac3bf2  -

real	0m1.203s
user	0m1.032s
sys	0m0.300s
500+0 records in
500+0 records out
afbad591ee2b70ac94258fbc7fac3bf2  -
524288000 bytes (524 MB) copied, 1.28059 s, 409 MB/s

real	0m1.284s
user	0m1.017s
sys	0m0.302s
500+0 records in
500+0 records out
afbad591ee2b70ac94258fbc7fac3bf2  -
524288000 bytes (524 MB) copied, 1.1535 s, 455 MB/s

real	0m1.156s
user	0m0.948s
sys	0m0.254s
500+0 records in
500+0 records out
524288000 bytes (524 MB) copied, 1.20062 s, 437 MB/s
afbad591ee2b70ac94258fbc7fac3bf2  -

real	0m1.203s
user	0m1.079s
sys	0m0.265s
500+0 records in
500+0 records out
524288000 bytes (524 MB) copied, 1.14527 s, 458 MB/s
afbad591ee2b70ac94258fbc7fac3bf2  -

real	0m1.148s
user	0m0.942s
sys	0m0.289s
500+0 records in
500+0 records out
afbad591ee2b70ac94258fbc7fac3bf2  -
524288000 bytes (524 MB) copied, 1.29403 s, 405 MB/s

real	0m1.297s
user	0m1.033s
sys	0m0.339s
500+0 records in
500+0 records out
afbad591ee2b70ac94258fbc7fac3bf2  -
524288000 bytes (524 MB) copied, 1.1768 s, 446 MB/s

real	0m1.179s
user	0m0.987s
sys	0m0.268s
500+0 records in
500+0 records out
524288000 bytes (524 MB) copied, 1.24158 s, 422 MB/s
afbad591ee2b70ac94258fbc7fac3bf2  -

real	0m1.244s
user	0m1.033s
sys	0m0.286s
500+0 records in
500+0 records out
524288000 bytes (524 MB) copied, 1.22373 s, 428 MB/s
afbad591ee2b70ac94258fbc7fac3bf2  -

real	0m1.226s
user	0m1.071s
sys	0m0.276s
500+0 records in
500+0 records out
afbad591ee2b70ac94258fbc7fac3bf2  -
524288000 bytes (524 MB) copied, 1.32853 s, 395 MB/s

real	0m1.331s
user	0m1.045s
sys	0m0.345s
500+0 records in
500+0 records out
524288000 bytes (524 MB) copied, 1.16092 s, 452 MB/s
afbad591ee2b70ac94258fbc7fac3bf2  -

real	0m1.164s
user	0m0.995s
sys	0m0.297s
500+0 records in
500+0 records out
afbad591ee2b70ac94258fbc7fac3bf2  -
524288000 bytes (524 MB) copied, 1.23877 s, 423 MB/s

real	0m1.242s
user	0m1.032s
sys	0m0.281s
500+0 records in
500+0 records out
524288000 bytes (524 MB) copied, 1.12679 s, 465 MB/s
afbad591ee2b70ac94258fbc7fac3bf2  -

real	0m1.130s
user	0m0.963s
sys	0m0.274s
500+0 records in
500+0 records out
524288000 bytes (524 MB) copiedafbad591ee2b70ac94258fbc7fac3bf2  -
, 1.22293 s, 429 MB/s

real	0m1.226s
user	0m1.040s
sys	0m0.278s
500+0 records in
500+0 records out
524288000 bytes (524 MB) copied, 1.09301 s, 480 MB/s
afbad591ee2b70ac94258fbc7fac3bf2  -

real	0m1.095s
user	0m0.936s
sys	0m0.263s
500+0 records in
500+0 records out
afbad591ee2b70ac94258fbc7fac3bf2  -
524288000 bytes (524 MB) copied, 1.32506 s, 396 MB/s

real	0m1.327s
user	0m1.044s
sys	0m0.345s
500+0 records in
500+0 records out
524288000 bytes (524 MB) copied, 1.13927 s, 460 MB/s
afbad591ee2b70ac94258fbc7fac3bf2  -

real	0m1.142s
user	0m0.966s
sys	0m0.300s
500+0 records in
500+0 records out
524288000 bytes (524 MB) copied, 1.18084 s, 444 MB/s
afbad591ee2b70ac94258fbc7fac3bf2  -

real	0m1.184s
user	0m0.987s
sys	0m0.306s
