500+0 records in
500+0 records out
afbad591ee2b70ac94258fbc7fac3bf2  -
524288000 bytes (524 MB) copied, 1.10428 s, 475 MB/s

real	0m1.133s
user	0m0.977s
sys	0m0.257s
500+0 records in
500+0 records out
524288000 bytes (524 MB) copied, 1.13475 s, 462 MB/s
afbad591ee2b70ac94258fbc7fac3bf2  -

real	0m1.138s
user	0m0.990s
sys	0m0.285s
500+0 records in
500+0 records out
524288000 bytes (524 MB) copiedafbad591ee2b70ac94258fbc7fac3bf2  -
, 1.10011 s, 477 MB/s

real	0m1.120s
user	0m0.964s
sys	0m0.249s
500+0 records in
500+0 records out
524288000 bytes (524 MB) copied, 1.13432 s, 462 MB/s
afbad591ee2b70ac94258fbc7fac3bf2  -

real	0m1.137s
user	0m0.989s
sys	0m0.286s
500+0 records in
500+0 records out
524288000 bytes (524 MB) copied, 1.1573 s, 453 MB/s
afbad591ee2b70ac94258fbc7fac3bf2  -

real	0m1.178s
user	0m0.962s
sys	0m0.287s
500+0 records in
500+0 records out
524288000 bytes (524 MB) copied, 1.25077 s, 419 MB/s
afbad591ee2b70ac94258fbc7fac3bf2  -

real	0m1.254s
user	0m1.051s
sys	0m0.341s
500+0 records in
500+0 records out
524288000 bytes (524 MB) copied, 1.05035 s, 499 MB/s
afbad591ee2b70ac94258fbc7fac3bf2  -

real	0m1.073s
user	0m0.904s
sys	0m0.264s
500+0 records in
500+0 records out
524288000 bytes (524 MB) copied, 1.17972 s, 444 MB/s
afbad591ee2b70ac94258fbc7fac3bf2  -

real	0m1.183s
user	0m1.046s
sys	0m0.308s
500+0 records in
500+0 records out
524288000 bytes (524 MB) copied, 1.05 s, 499 MB/s
afbad591ee2b70ac94258fbc7fac3bf2  -

real	0m1.067s
user	0m0.915s
sys	0m0.279s
500+0 records in
500+0 records out
524288000 bytes (524 MB) copied, 1.06442 s, 493 MB/s
afbad591ee2b70ac94258fbc7fac3bf2  -

real	0m1.067s
user	0m0.914s
sys	0m0.260s
500+0 records in
500+0 records out
524288000 bytes (524 MB) copied, 1.16022 s, 452 MB/s
afbad591ee2b70ac94258fbc7fac3bf2  -

real	0m1.182s
user	0m0.970s
sys	0m0.292s
500+0 records in
500+0 records out
524288000 bytes (524 MB) copied, 1.12624 s, 466 MB/s
afbad591ee2b70ac94258fbc7fac3bf2  -

real	0m1.129s
user	0m0.952s
sys	0m0.290s
500+0 records in
500+0 records out
524288000 bytes (524 MB) copied, 1.10009 s, 477 MB/s
afbad591ee2b70ac94258fbc7fac3bf2  -

real	0m1.103s
user	0m0.945s
sys	0m0.267s
500+0 records in
500+0 records out
524288000 bytes (524 MB) copied, 1.20904 s, 434 MB/s
afbad591ee2b70ac94258fbc7fac3bf2  -

real	0m1.226s
user	0m1.006s
sys	0m0.338s
500+0 records in
500+0 records out
524288000 bytes (524 MB) copied, 1.14719 s, 457 MB/s
afbad591ee2b70ac94258fbc7fac3bf2  -

real	0m1.150s
user	0m0.993s
sys	0m0.294s
500+0 records in
500+0 records out
524288000 bytes (524 MB) copied, 1.17535 s, 446 MB/s
afbad591ee2b70ac94258fbc7fac3bf2  -

real	0m1.181s
user	0m0.993s
sys	0m0.316s
500+0 records in
500+0 records out
524288000 bytes (524 MB) copied, 1.12759 s, 465 MB/s
afbad591ee2b70ac94258fbc7fac3bf2  -

real	0m1.131s
user	0m0.979s
sys	0m0.288s
500+0 records in
500+0 records out
524288000 bytes (524 MB) copied, 1.07313 s, 489 MB/s
afbad591ee2b70ac94258fbc7fac3bf2  -

real	0m1.091s
user	0m0.947s
sys	0m0.250s
500+0 records in
500+0 records out
524288000 bytes (524 MB) copied, 1.15823 s, 453 MB/s
afbad591ee2b70ac94258fbc7fac3bf2  -

real	0m1.161s
user	0m1.001s
sys	0m0.287s
500+0 records in
500+0 records out
524288000 bytes (524 MB) copied, 1.07671 s, 487 MB/s
afbad591ee2b70ac94258fbc7fac3bf2  -

real	0m1.079s
user	0m0.925s
sys	0m0.258s
