1000+0 records in
1000+0 records out
3c84e34b319946f6531a2c4559f588a8  -
1048576000 bytes (1.0 GB) copied, 2.16377 s, 485 MB/s

real	0m2.166s
user	0m1.921s
sys	0m0.547s
1000+0 records in
1000+0 records out
3c84e34b319946f6531a2c4559f588a8  -
1048576000 bytes (1.0 GB) copied, 2.32151 s, 452 MB/s

real	0m2.324s
user	0m2.070s
sys	0m0.592s
1000+0 records in
1000+0 records out
3c84e34b319946f6531a2c4559f588a8  -
1048576000 bytes (1.0 GB) copied, 2.19137 s, 479 MB/s

real	0m2.194s
user	0m1.940s
sys	0m0.556s
1000+0 records in
1000+0 records out
1048576000 bytes (1.0 GB) copied, 2.30261 s, 455 MB/s
3c84e34b319946f6531a2c4559f588a8  -

real	0m2.305s
user	0m2.082s
sys	0m0.578s
1000+0 records in
1000+0 records out
3c84e34b319946f6531a2c4559f588a8  -
1048576000 bytes (1.0 GB) copied, 2.41944 s, 433 MB/s

real	0m2.422s
user	0m2.089s
sys	0m0.639s
1000+0 records in
1000+0 records out
1048576000 bytes (1.0 GB) copied, 2.44213 s, 429 MB/s
3c84e34b319946f6531a2c4559f588a8  -

real	0m2.445s
user	0m2.102s
sys	0m0.651s
1000+0 records in
1000+0 records out
3c84e34b319946f6531a2c4559f588a8  -
1048576000 bytes (1.0 GB) copied, 2.16957 s, 483 MB/s

real	0m2.172s
user	0m1.898s
sys	0m0.525s
1000+0 records in
1000+0 records out
1048576000 bytes (1.0 GB) copied, 2.28829 s, 458 MB/s
3c84e34b319946f6531a2c4559f588a8  -

real	0m2.291s
user	0m2.065s
sys	0m0.561s
1000+0 records in
1000+0 records out
1048576000 bytes (1.0 GB) copied, 2.06336 s, 508 MB/s
3c84e34b319946f6531a2c4559f588a8  -

real	0m2.066s
user	0m1.840s
sys	0m0.537s
1000+0 records in
1000+0 records out
1048576000 bytes (1.0 GB) copied, 2.18133 s, 481 MB/s
3c84e34b319946f6531a2c4559f588a8  -

real	0m2.184s
user	0m1.907s
sys	0m0.512s
1000+0 records in
1000+0 records out
1048576000 bytes (1.0 GB) copied, 2.30949 s, 454 MB/s
3c84e34b319946f6531a2c4559f588a8  -

real	0m2.312s
user	0m2.051s
sys	0m0.601s
1000+0 records in
1000+0 records out
3c84e34b319946f6531a2c4559f588a8  -
1048576000 bytes (1.0 GB) copied, 2.55655 s, 410 MB/s

real	0m2.559s
user	0m1.993s
sys	0m0.822s
1000+0 records in
1000+0 records out
3c84e34b319946f6531a2c4559f588a8  -
1048576000 bytes (1.0 GB) copied, 2.17419 s, 482 MB/s

real	0m2.177s
user	0m1.895s
sys	0m0.530s
1000+0 records in
1000+0 records out
1048576000 bytes (1.0 GB) copied, 2.40159 s, 437 MB/s
3c84e34b319946f6531a2c4559f588a8  -

real	0m2.405s
user	0m2.065s
sys	0m0.665s
1000+0 records in
1000+0 records out
1048576000 bytes (1.0 GB) copied, 2.12296 s, 494 MB/s
3c84e34b319946f6531a2c4559f588a8  -

real	0m2.126s
user	0m1.904s
sys	0m0.549s
1000+0 records in
1000+0 records out
3c84e34b319946f6531a2c4559f588a8  -
1048576000 bytes (1.0 GB) copied, 2.37657 s, 441 MB/s

real	0m2.379s
user	0m2.070s
sys	0m0.600s
1000+0 records in
1000+0 records out
1048576000 bytes (1.0 GB) copied, 2.15556 s, 486 MB/s
3c84e34b319946f6531a2c4559f588a8  -

real	0m2.159s
user	0m1.932s
sys	0m0.531s
1000+0 records in
1000+0 records out
3c84e34b319946f6531a2c4559f588a8  -
1048576000 bytes (1.0 GB) copied, 2.30322 s, 455 MB/s

real	0m2.306s
user	0m2.036s
sys	0m0.589s
1000+0 records in
1000+0 records out
1048576000 bytes (1.0 GB) copied, 2.11671 s, 495 MB/s
3c84e34b319946f6531a2c4559f588a8  -

real	0m2.119s
user	0m1.944s
sys	0m0.524s
1000+0 records in
1000+0 records out
1048576000 bytes (1.0 GB) copied, 2.17501 s, 482 MB/s
3c84e34b319946f6531a2c4559f588a8  -

real	0m2.178s
user	0m1.943s
sys	0m0.502s
1000+0 records in
1000+0 records out
1048576000 bytes (1.0 GB) copied, 2.18392 s, 480 MB/s
3c84e34b319946f6531a2c4559f588a8  -

real	0m2.187s
user	0m1.956s
sys	0m0.559s
1000+0 records in
1000+0 records out
3c84e34b319946f6531a2c4559f588a8  -
1048576000 bytes (1.0 GB) copied, 2.39449 s, 438 MB/s

real	0m2.398s
user	0m2.015s
sys	0m0.658s
1000+0 records in
1000+0 records out
1048576000 bytes (1.0 GB) copied, 2.1357 s, 491 MB/s
3c84e34b319946f6531a2c4559f588a8  -

real	0m2.139s
user	0m1.922s
sys	0m0.541s
1000+0 records in
1000+0 records out
3c84e34b319946f6531a2c4559f588a8  -
1048576000 bytes (1.0 GB) copied, 2.30163 s, 456 MB/s

real	0m2.304s
user	0m2.047s
sys	0m0.566s
1000+0 records in
1000+0 records out
1048576000 bytes (1.0 GB) copied, 2.15719 s, 486 MB/s
3c84e34b319946f6531a2c4559f588a8  -

real	0m2.160s
user	0m1.911s
sys	0m0.549s
1000+0 records in
1000+0 records out
3c84e34b319946f6531a2c4559f588a8  -
1048576000 bytes (1.0 GB) copied, 2.33655 s, 449 MB/s

real	0m2.339s
user	0m2.026s
sys	0m0.570s
1000+0 records in
1000+0 records out
3c84e34b319946f6531a2c4559f588a8  -
1048576000 bytes (1.0 GB) copied, 2.32393 s, 451 MB/s

real	0m2.327s
user	0m2.014s
sys	0m0.562s
1000+0 records in
1000+0 records out
1048576000 bytes (1.0 GB) copied, 2.32785 s, 450 MB/s
3c84e34b319946f6531a2c4559f588a8  -

real	0m2.331s
user	0m2.078s
sys	0m0.574s
1000+0 records in
1000+0 records out
1048576000 bytes (1.0 GB) copied, 2.20565 s, 475 MB/s
3c84e34b319946f6531a2c4559f588a8  -

real	0m2.208s
user	0m1.984s
sys	0m0.543s
1000+0 records in
1000+0 records out
1048576000 bytes (1.0 GB) copied, 2.2504 s, 466 MB/s
3c84e34b319946f6531a2c4559f588a8  -

real	0m2.253s
user	0m1.968s
sys	0m0.612s
1000+0 records in
1000+0 records out
1048576000 bytes (1.0 GB) copied, 2.15489 s, 487 MB/s
3c84e34b319946f6531a2c4559f588a8  -

real	0m2.158s
user	0m1.925s
sys	0m0.545s
1000+0 records in
1000+0 records out
3c84e34b319946f6531a2c4559f588a8  -
1048576000 bytes (1.0 GB) copied, 2.37762 s, 441 MB/s

real	0m2.380s
user	0m2.031s
sys	0m0.669s
1000+0 records in
1000+0 records out
3c84e34b319946f6531a2c4559f588a8  -
1048576000 bytes (1.0 GB) copied, 2.30337 s, 455 MB/s

real	0m2.306s
user	0m1.980s
sys	0m0.601s
1000+0 records in
1000+0 records out
1048576000 bytes (1.0 GB) copied, 2.46974 s, 425 MB/s
3c84e34b319946f6531a2c4559f588a8  -

real	0m2.472s
user	0m2.018s
sys	0m0.780s
1000+0 records in
1000+0 records out
1048576000 bytes (1.0 GB) copied, 2.44036 s, 430 MB/s
3c84e34b319946f6531a2c4559f588a8  -

real	0m2.443s
user	0m2.077s
sys	0m0.679s
1000+0 records in
1000+0 records out
3c84e34b319946f6531a2c4559f588a8  -
1048576000 bytes (1.0 GB) copied, 2.53557 s, 414 MB/s

real	0m2.538s
user	0m2.068s
sys	0m0.735s
1000+0 records in
1000+0 records out
1048576000 bytes (1.0 GB) copied, 2.08572 s, 503 MB/s
3c84e34b319946f6531a2c4559f588a8  -

real	0m2.089s
user	0m1.929s
sys	0m0.509s
1000+0 records in
1000+0 records out
3c84e34b319946f6531a2c4559f588a8  -
1048576000 bytes (1.0 GB) copied, 2.36259 s, 444 MB/s

real	0m2.365s
user	0m2.105s
sys	0m0.581s
1000+0 records in
1000+0 records out
1048576000 bytes (1.0 GB) copied, 2.06931 s, 507 MB/s
3c84e34b319946f6531a2c4559f588a8  -

real	0m2.072s
user	0m1.848s
sys	0m0.531s
1000+0 records in
1000+0 records out
1048576000 bytes (1.0 GB) copied, 2.14178 s, 490 MB/s
3c84e34b319946f6531a2c4559f588a8  -

real	0m2.144s
user	0m1.905s
sys	0m0.499s
1000+0 records in
1000+0 records out
1048576000 bytes (1.0 GB) copied, 2.1795 s, 481 MB/s
3c84e34b319946f6531a2c4559f588a8  -

real	0m2.182s
user	0m1.951s
sys	0m0.550s
1000+0 records in
1000+0 records out
1048576000 bytes (1.0 GB) copied, 2.32721 s, 451 MB/s
3c84e34b319946f6531a2c4559f588a8  -

real	0m2.330s
user	0m2.079s
sys	0m0.581s
1000+0 records in
1000+0 records out
3c84e34b319946f6531a2c4559f588a8  -
1048576000 bytes (1.0 GB) copied, 2.21156 s, 474 MB/s

real	0m2.214s
user	0m1.962s
sys	0m0.537s
1000+0 records in
1000+0 records out
1048576000 bytes (1.0 GB) copied, 2.2979 s, 456 MB/s
3c84e34b319946f6531a2c4559f588a8  -

real	0m2.301s
user	0m2.099s
sys	0m0.561s
1000+0 records in
1000+0 records out
3c84e34b319946f6531a2c4559f588a8  -
1048576000 bytes (1.0 GB) copied, 2.38028 s, 441 MB/s

real	0m2.383s
user	0m2.025s
sys	0m0.625s
1000+0 records in
1000+0 records out
1048576000 bytes (1.0 GB) copied, 2.40708 s, 436 MB/s
3c84e34b319946f6531a2c4559f588a8  -

real	0m2.410s
user	0m2.060s
sys	0m0.709s
1000+0 records in
1000+0 records out
3c84e34b319946f6531a2c4559f588a8  -
1048576000 bytes (1.0 GB) copied, 2.23309 s, 470 MB/s

real	0m2.236s
user	0m1.977s
sys	0m0.560s
1000+0 records in
1000+0 records out
1048576000 bytes (1.0 GB) copied, 2.32026 s, 452 MB/s
3c84e34b319946f6531a2c4559f588a8  -

real	0m2.323s
user	0m2.007s
sys	0m0.676s
1000+0 records in
1000+0 records out
1048576000 bytes (1.0 GB) copied, 2.18816 s, 479 MB/s
3c84e34b319946f6531a2c4559f588a8  -

real	0m2.192s
user	0m1.975s
sys	0m0.556s
1000+0 records in
1000+0 records out
1048576000 bytes (1.0 GB) copied, 2.28325 s, 459 MB/s
3c84e34b319946f6531a2c4559f588a8  -

real	0m2.286s
user	0m2.003s
sys	0m0.536s
1000+0 records in
1000+0 records out
1048576000 bytes (1.0 GB) copied, 2.10717 s, 498 MB/s
3c84e34b319946f6531a2c4559f588a8  -

real	0m2.111s
user	0m1.887s
sys	0m0.548s
1000+0 records in
1000+0 records out
3c84e34b319946f6531a2c4559f588a8  -
1048576000 bytes (1.0 GB) copied, 2.44552 s, 429 MB/s

real	0m2.449s
user	0m2.026s
sys	0m0.705s
1000+0 records in
1000+0 records out
1048576000 bytes (1.0 GB) copied, 2.14005 s, 490 MB/s
3c84e34b319946f6531a2c4559f588a8  -

real	0m2.143s
user	0m1.932s
sys	0m0.518s
1000+0 records in
1000+0 records out
3c84e34b319946f6531a2c4559f588a8  -
1048576000 bytes (1.0 GB) copied, 2.38307 s, 440 MB/s

real	0m2.386s
user	0m2.063s
sys	0m0.598s
1000+0 records in
1000+0 records out
3c84e34b319946f6531a2c4559f588a8  -
1048576000 bytes (1.0 GB) copied, 2.15146 s, 487 MB/s

real	0m2.154s
user	0m1.886s
sys	0m0.521s
1000+0 records in
1000+0 records out
1048576000 bytes (1.0 GB) copied, 2.38197 s, 440 MB/s
3c84e34b319946f6531a2c4559f588a8  -

real	0m2.384s
user	0m2.002s
sys	0m0.706s
1000+0 records in
1000+0 records out
1048576000 bytes (1.0 GB) copied, 2.10114 s, 499 MB/s
3c84e34b319946f6531a2c4559f588a8  -

real	0m2.104s
user	0m1.869s
sys	0m0.536s
1000+0 records in
1000+0 records out
3c84e34b319946f6531a2c4559f588a8  -
1048576000 bytes (1.0 GB) copied, 2.41423 s, 434 MB/s

real	0m2.417s
user	0m2.067s
sys	0m0.633s
1000+0 records in
1000+0 records out
1048576000 bytes (1.0 GB) copied, 2.06317 s, 508 MB/s
3c84e34b319946f6531a2c4559f588a8  -

real	0m2.066s
user	0m1.846s
sys	0m0.545s
1000+0 records in
1000+0 records out
1048576000 bytes (1.0 GB) copied, 2.14554 s, 489 MB/s
3c84e34b319946f6531a2c4559f588a8  -

real	0m2.148s
user	0m1.883s
sys	0m0.514s
1000+0 records in
1000+0 records out
1048576000 bytes (1.0 GB) copied, 2.30191 s, 456 MB/s
3c84e34b319946f6531a2c4559f588a8  -

real	0m2.304s
user	0m2.021s
sys	0m0.602s
1000+0 records in
1000+0 records out
1048576000 bytes (1.0 GB) copied, 2.35877 s, 445 MB/s
3c84e34b319946f6531a2c4559f588a8  -

real	0m2.361s
user	0m2.056s
sys	0m0.674s
1000+0 records in
1000+0 records out
1048576000 bytes (1.0 GB) copied, 2.14873 s, 488 MB/s
3c84e34b319946f6531a2c4559f588a8  -

real	0m2.151s
user	0m1.993s
sys	0m0.523s
1000+0 records in
1000+0 records out
3c84e34b319946f6531a2c4559f588a8  -
1048576000 bytes (1.0 GB) copied, 2.53872 s, 413 MB/s

real	0m2.541s
user	0m2.049s
sys	0m0.777s
1000+0 records in
1000+0 records out
3c84e34b319946f6531a2c4559f588a8  -
1048576000 bytes (1.0 GB) copied, 2.34256 s, 448 MB/s

real	0m2.345s
user	0m2.000s
sys	0m0.578s
1000+0 records in
1000+0 records out
1048576000 bytes (1.0 GB) copied, 2.3751 s, 441 MB/s
3c84e34b319946f6531a2c4559f588a8  -

real	0m2.378s
user	0m2.116s
sys	0m0.622s
1000+0 records in
1000+0 records out
3c84e34b319946f6531a2c4559f588a8  -
1048576000 bytes (1.0 GB) copied, 2.43061 s, 431 MB/s

real	0m2.433s
user	0m2.090s
sys	0m0.601s
1000+0 records in
1000+0 records out
1048576000 bytes (1.0 GB) copied, 2.51243 s, 417 MB/s
3c84e34b319946f6531a2c4559f588a8  -

real	0m2.515s
user	0m2.137s
sys	0m0.627s
1000+0 records in
1000+0 records out
1048576000 bytes (1.0 GB) copied, 2.06752 s, 507 MB/s
3c84e34b319946f6531a2c4559f588a8  -

real	0m2.070s
user	0m1.866s
sys	0m0.513s
1000+0 records in
1000+0 records out
1048576000 bytes (1.0 GB) copied, 2.19848 s, 477 MB/s
3c84e34b319946f6531a2c4559f588a8  -

real	0m2.201s
user	0m1.925s
sys	0m0.554s
1000+0 records in
1000+0 records out
1048576000 bytes (1.0 GB) copied, 2.18872 s, 479 MB/s
3c84e34b319946f6531a2c4559f588a8  -

real	0m2.192s
user	0m1.911s
sys	0m0.544s
1000+0 records in
1000+0 records out
1048576000 bytes (1.0 GB) copied, 2.32491 s, 451 MB/s
3c84e34b319946f6531a2c4559f588a8  -

real	0m2.328s
user	0m2.088s
sys	0m0.581s
1000+0 records in
1000+0 records out
1048576000 bytes (1.0 GB) copied, 2.14545 s, 489 MB/s
3c84e34b319946f6531a2c4559f588a8  -

real	0m2.148s
user	0m1.939s
sys	0m0.536s
1000+0 records in
1000+0 records out
3c84e34b319946f6531a2c4559f588a8  -
1048576000 bytes (1.0 GB) copied, 2.32308 s, 451 MB/s

real	0m2.326s
user	0m2.044s
sys	0m0.562s
1000+0 records in
1000+0 records out
1048576000 bytes (1.0 GB) copied, 2.1494 s, 488 MB/s
3c84e34b319946f6531a2c4559f588a8  -

real	0m2.152s
user	0m1.933s
sys	0m0.535s
1000+0 records in
1000+0 records out
3c84e34b319946f6531a2c4559f588a8  -
1048576000 bytes (1.0 GB) copied, 2.4684 s, 425 MB/s

real	0m2.471s
user	0m2.034s
sys	0m0.756s
1000+0 records in
1000+0 records out
1048576000 bytes (1.0 GB) copied, 2.13274 s, 492 MB/s
3c84e34b319946f6531a2c4559f588a8  -

real	0m2.136s
user	0m1.875s
sys	0m0.546s
1000+0 records in
1000+0 records out
3c84e34b319946f6531a2c4559f588a8  -
1048576000 bytes (1.0 GB) copied, 2.36857 s, 443 MB/s

real	0m2.372s
user	0m2.058s
sys	0m0.618s
1000+0 records in
1000+0 records out
1048576000 bytes (1.0 GB) copied, 2.08355 s, 503 MB/s
3c84e34b319946f6531a2c4559f588a8  -

real	0m2.087s
user	0m1.868s
sys	0m0.498s
1000+0 records in
1000+0 records out
1048576000 bytes (1.0 GB) copied, 2.13548 s, 491 MB/s
3c84e34b319946f6531a2c4559f588a8  -

real	0m2.138s
user	0m1.893s
sys	0m0.534s
1000+0 records in
1000+0 records out
1048576000 bytes (1.0 GB) copied, 2.0858 s, 503 MB/s
3c84e34b319946f6531a2c4559f588a8  -

real	0m2.089s
user	0m1.864s
sys	0m0.522s
1000+0 records in
1000+0 records out
3c84e34b319946f6531a2c4559f588a8  -
1048576000 bytes (1.0 GB) copied, 2.39497 s, 438 MB/s

real	0m2.398s
user	0m2.033s
sys	0m0.608s
1000+0 records in
1000+0 records out
1048576000 bytes (1.0 GB) copied, 2.23063 s, 470 MB/s
3c84e34b319946f6531a2c4559f588a8  -

real	0m2.233s
user	0m1.946s
sys	0m0.581s
1000+0 records in
1000+0 records out
3c84e34b319946f6531a2c4559f588a8  -
1048576000 bytes (1.0 GB) copied, 2.42223 s, 433 MB/s

real	0m2.425s
user	0m2.071s
sys	0m0.665s
1000+0 records in
1000+0 records out
3c84e34b319946f6531a2c4559f588a8  -
1048576000 bytes (1.0 GB) copied, 2.13213 s, 492 MB/s

real	0m2.135s
user	0m1.887s
sys	0m0.526s
1000+0 records in
1000+0 records out
1048576000 bytes (1.0 GB) copied, 2.2859 s, 459 MB/s
3c84e34b319946f6531a2c4559f588a8  -

real	0m2.289s
user	0m2.069s
sys	0m0.565s
1000+0 records in
1000+0 records out
1048576000 bytes (1.0 GB) copied, 2.1378 s, 490 MB/s
3c84e34b319946f6531a2c4559f588a8  -

real	0m2.141s
user	0m1.913s
sys	0m0.540s
1000+0 records in
1000+0 records out
3c84e34b319946f6531a2c4559f588a8  -
1048576000 bytes (1.0 GB) copied, 2.47218 s, 424 MB/s

real	0m2.475s
user	0m2.073s
sys	0m0.709s
1000+0 records in
1000+0 records out
1048576000 bytes (1.0 GB) copied, 2.07448 s, 505 MB/s
3c84e34b319946f6531a2c4559f588a8  -

real	0m2.078s
user	0m1.854s
sys	0m0.527s
1000+0 records in
1000+0 records out
1048576000 bytes (1.0 GB) copied, 2.12425 s, 494 MB/s
3c84e34b319946f6531a2c4559f588a8  -

real	0m2.127s
user	0m1.895s
sys	0m0.521s
1000+0 records in
1000+0 records out
1048576000 bytes (1.0 GB) copied, 2.17665 s, 482 MB/s
3c84e34b319946f6531a2c4559f588a8  -

real	0m2.180s
user	0m1.894s
sys	0m0.525s
1000+0 records in
1000+0 records out
3c84e34b319946f6531a2c4559f588a8  -
1048576000 bytes (1.0 GB) copied, 2.36749 s, 443 MB/s

real	0m2.370s
user	0m2.070s
sys	0m0.593s
1000+0 records in
1000+0 records out
1048576000 bytes (1.0 GB) copied, 2.16738 s, 484 MB/s
3c84e34b319946f6531a2c4559f588a8  -

real	0m2.170s
user	0m1.911s
sys	0m0.552s
1000+0 records in
1000+0 records out
3c84e34b319946f6531a2c4559f588a8  -
1048576000 bytes (1.0 GB) copied, 2.37327 s, 442 MB/s

real	0m2.376s
user	0m2.072s
sys	0m0.565s
1000+0 records in
1000+0 records out
1048576000 bytes (1.0 GB) copied, 2.14201 s, 490 MB/s
3c84e34b319946f6531a2c4559f588a8  -

real	0m2.145s
user	0m1.926s
sys	0m0.546s
1000+0 records in
1000+0 records out
3c84e34b319946f6531a2c4559f588a8  -
1048576000 bytes (1.0 GB) copied, 2.34628 s, 447 MB/s

real	0m2.349s
user	0m2.076s
sys	0m0.613s
1000+0 records in
1000+0 records out
1048576000 bytes (1.0 GB) copied, 2.24561 s, 467 MB/s
3c84e34b319946f6531a2c4559f588a8  -

real	0m2.248s
user	0m1.993s
sys	0m0.592s
1000+0 records in
1000+0 records out
3c84e34b319946f6531a2c4559f588a8  -
1048576000 bytes (1.0 GB) copied, 2.44309 s, 429 MB/s

real	0m2.446s
user	0m2.088s
sys	0m0.637s
1000+0 records in
1000+0 records out
1048576000 bytes (1.0 GB) copied, 2.08404 s, 503 MB/s
3c84e34b319946f6531a2c4559f588a8  -

real	0m2.087s
user	0m1.843s
sys	0m0.520s
1000+0 records in
1000+0 records out
1048576000 bytes (1.0 GB) copied, 2.10987 s, 497 MB/s
3c84e34b319946f6531a2c4559f588a8  -

real	0m2.113s
user	0m1.893s
sys	0m0.506s
1000+0 records in
1000+0 records out
3c84e34b319946f6531a2c4559f588a8  -
1048576000 bytes (1.0 GB) copied, 2.17678 s, 482 MB/s

real	0m2.179s
user	0m1.942s
sys	0m0.575s
1000+0 records in
1000+0 records out
1048576000 bytes (1.0 GB) copied, 2.35975 s, 444 MB/s
3c84e34b319946f6531a2c4559f588a8  -

real	0m2.362s
user	0m2.069s
sys	0m0.598s
1000+0 records in
1000+0 records out
1048576000 bytes (1.0 GB) copied, 2.42102 s, 433 MB/s
3c84e34b319946f6531a2c4559f588a8  -

real	0m2.424s
user	0m2.043s
sys	0m0.745s
1000+0 records in
1000+0 records out
3c84e34b319946f6531a2c4559f588a8  -
1048576000 bytes (1.0 GB) copied, 2.43101 s, 431 MB/s

real	0m2.434s
user	0m2.087s
sys	0m0.606s
1000+0 records in
1000+0 records out
3c84e34b319946f6531a2c4559f588a8  -
1048576000 bytes (1.0 GB) copied, 2.17436 s, 482 MB/s

real	0m2.177s
user	0m1.891s
sys	0m0.536s
1000+0 records in
1000+0 records out
1048576000 bytes (1.0 GB) copied, 2.3225 s, 451 MB/s
3c84e34b319946f6531a2c4559f588a8  -

real	0m2.325s
user	0m2.042s
sys	0m0.618s
1000+0 records in
1000+0 records out
3c84e34b319946f6531a2c4559f588a8  -
1048576000 bytes (1.0 GB) copied, 2.26044 s, 464 MB/s

real	0m2.263s
user	0m1.919s
sys	0m0.560s
1000+0 records in
1000+0 records out
1048576000 bytes (1.0 GB) copied, 2.31566 s, 453 MB/s
3c84e34b319946f6531a2c4559f588a8  -

real	0m2.318s
user	0m2.068s
sys	0m0.574s
1000+0 records in
1000+0 records out
1048576000 bytes (1.0 GB) copied, 2.22048 s, 472 MB/s
3c84e34b319946f6531a2c4559f588a8  -

real	0m2.223s
user	0m1.990s
sys	0m0.571s
1000+0 records in
1000+0 records out
3c84e34b319946f6531a2c4559f588a8  -
1048576000 bytes (1.0 GB) copied, 2.26362 s, 463 MB/s

real	0m2.266s
user	0m2.000s
sys	0m0.578s
1000+0 records in
1000+0 records out
1048576000 bytes (1.0 GB) copied, 2.12595 s, 493 MB/s
3c84e34b319946f6531a2c4559f588a8  -

real	0m2.129s
user	0m1.894s
sys	0m0.537s
1000+0 records in
1000+0 records out
3c84e34b319946f6531a2c4559f588a8  -
1048576000 bytes (1.0 GB) copied, 2.3381 s, 448 MB/s

real	0m2.341s
user	0m2.080s
sys	0m0.560s
1000+0 records in
1000+0 records out
3c84e34b319946f6531a2c4559f588a8  -
1048576000 bytes (1.0 GB) copied, 2.27122 s, 462 MB/s

real	0m2.274s
user	0m1.914s
sys	0m0.562s
1000+0 records in
1000+0 records out
1048576000 bytes (1.0 GB) copied, 2.37786 s, 441 MB/s
3c84e34b319946f6531a2c4559f588a8  -

real	0m2.381s
user	0m2.076s
sys	0m0.639s
1000+0 records in
1000+0 records out
1048576000 bytes (1.0 GB) copied, 2.15151 s, 487 MB/s
3c84e34b319946f6531a2c4559f588a8  -

real	0m2.154s
user	0m1.951s
sys	0m0.536s
1000+0 records in
1000+0 records out
3c84e34b319946f6531a2c4559f588a8  -
1048576000 bytes (1.0 GB) copied, 2.58734 s, 405 MB/s

real	0m2.590s
user	0m2.060s
sys	0m0.749s
1000+0 records in
1000+0 records out
1048576000 bytes (1.0 GB) copied, 2.15968 s, 486 MB/s
3c84e34b319946f6531a2c4559f588a8  -

real	0m2.163s
user	0m1.941s
sys	0m0.534s
1000+0 records in
1000+0 records out
3c84e34b319946f6531a2c4559f588a8  -
1048576000 bytes (1.0 GB) copied, 2.72713 s, 384 MB/s

real	0m2.730s
user	0m2.027s
sys	0m0.725s
1000+0 records in
1000+0 records out
1048576000 bytes (1.0 GB) copied, 2.04993 s, 512 MB/s
3c84e34b319946f6531a2c4559f588a8  -

real	0m2.053s
user	0m1.840s
sys	0m0.517s
1000+0 records in
1000+0 records out
1048576000 bytes (1.0 GB) copied, 2.13025 s, 492 MB/s
3c84e34b319946f6531a2c4559f588a8  -

real	0m2.134s
user	0m1.896s
sys	0m0.541s
1000+0 records in
1000+0 records out
1048576000 bytes (1.0 GB) copied, 2.17245 s, 483 MB/s
3c84e34b319946f6531a2c4559f588a8  -

real	0m2.175s
user	0m1.895s
sys	0m0.521s
1000+0 records in
1000+0 records out
1048576000 bytes (1.0 GB) copied3c84e34b319946f6531a2c4559f588a8  -
, 2.30256 s, 455 MB/s

real	0m2.305s
user	0m2.096s
sys	0m0.557s
1000+0 records in
1000+0 records out
1048576000 bytes (1.0 GB) copied, 2.17692 s, 482 MB/s
3c84e34b319946f6531a2c4559f588a8  -

real	0m2.180s
user	0m1.974s
sys	0m0.540s
1000+0 records in
1000+0 records out
3c84e34b319946f6531a2c4559f588a8  -
1048576000 bytes (1.0 GB) copied, 2.34135 s, 448 MB/s

real	0m2.344s
user	0m2.052s
sys	0m0.570s
1000+0 records in
1000+0 records out
3c84e34b319946f6531a2c4559f588a8  -
1048576000 bytes (1.0 GB) copied, 2.24503 s, 467 MB/s

real	0m2.248s
user	0m1.937s
sys	0m0.524s
1000+0 records in
1000+0 records out
1048576000 bytes (1.0 GB) copied, 2.36937 s, 443 MB/s
3c84e34b319946f6531a2c4559f588a8  -

real	0m2.372s
user	0m2.029s
sys	0m0.659s
1000+0 records in
1000+0 records out
3c84e34b319946f6531a2c4559f588a8  -
1048576000 bytes (1.0 GB) copied, 2.26823 s, 462 MB/s

real	0m2.271s
user	0m1.948s
sys	0m0.540s
1000+0 records in
1000+0 records out
1048576000 bytes (1.0 GB) copied3c84e34b319946f6531a2c4559f588a8  -
, 2.30472 s, 455 MB/s

real	0m2.307s
user	0m2.099s
sys	0m0.558s
1000+0 records in
1000+0 records out
1048576000 bytes (1.0 GB) copied, 2.14597 s, 489 MB/s
3c84e34b319946f6531a2c4559f588a8  -

real	0m2.148s
user	0m1.877s
sys	0m0.521s
1000+0 records in
1000+0 records out
1048576000 bytes (1.0 GB) copied, 2.15309 s, 487 MB/s
3c84e34b319946f6531a2c4559f588a8  -

real	0m2.156s
user	0m1.952s
sys	0m0.505s
1000+0 records in
1000+0 records out
1048576000 bytes (1.0 GB) copied, 2.10588 s, 498 MB/s
3c84e34b319946f6531a2c4559f588a8  -

real	0m2.109s
user	0m1.903s
sys	0m0.536s
1000+0 records in
1000+0 records out
3c84e34b319946f6531a2c4559f588a8  -
1048576000 bytes (1.0 GB) copied, 2.47052 s, 424 MB/s

real	0m2.473s
user	0m2.074s
sys	0m0.709s
1000+0 records in
1000+0 records out
1048576000 bytes (1.0 GB) copied, 2.20206 s, 476 MB/s
3c84e34b319946f6531a2c4559f588a8  -

real	0m2.205s
user	0m1.943s
sys	0m0.533s
1000+0 records in
1000+0 records out
3c84e34b319946f6531a2c4559f588a8  -
1048576000 bytes (1.0 GB) copied, 2.32936 s, 450 MB/s

real	0m2.332s
user	0m2.079s
sys	0m0.590s
1000+0 records in
1000+0 records out
1048576000 bytes (1.0 GB) copied, 2.14089 s, 490 MB/s
3c84e34b319946f6531a2c4559f588a8  -

real	0m2.143s
user	0m1.898s
sys	0m0.542s
1000+0 records in
1000+0 records out
3c84e34b319946f6531a2c4559f588a8  -
1048576000 bytes (1.0 GB) copied, 2.72854 s, 384 MB/s

real	0m2.731s
user	0m2.064s
sys	0m0.743s
1000+0 records in
1000+0 records out
1048576000 bytes (1.0 GB) copied, 2.40878 s, 435 MB/s
3c84e34b319946f6531a2c4559f588a8  -

real	0m2.411s
user	0m2.138s
sys	0m0.642s
1000+0 records in
1000+0 records out
3c84e34b319946f6531a2c4559f588a8  -
1048576000 bytes (1.0 GB) copied, 2.49958 s, 420 MB/s

real	0m2.502s
user	0m2.040s
sys	0m0.612s
1000+0 records in
1000+0 records out
1048576000 bytes (1.0 GB) copied, 2.11064 s, 497 MB/s
3c84e34b319946f6531a2c4559f588a8  -

real	0m2.113s
user	0m1.892s
sys	0m0.530s
1000+0 records in
1000+0 records out
1048576000 bytes (1.0 GB) copied, 2.14503 s, 489 MB/s
3c84e34b319946f6531a2c4559f588a8  -

real	0m2.148s
user	0m1.893s
sys	0m0.527s
1000+0 records in
1000+0 records out
1048576000 bytes (1.0 GB) copied, 2.1539 s, 487 MB/s
3c84e34b319946f6531a2c4559f588a8  -

real	0m2.156s
user	0m1.908s
sys	0m0.561s
1000+0 records in
1000+0 records out
1048576000 bytes (1.0 GB) copied, 2.29794 s, 456 MB/s
3c84e34b319946f6531a2c4559f588a8  -

real	0m2.300s
user	0m2.066s
sys	0m0.557s
1000+0 records in
1000+0 records out
3c84e34b319946f6531a2c4559f588a8  -
1048576000 bytes (1.0 GB) copied, 2.24077 s, 468 MB/s

real	0m2.243s
user	0m1.897s
sys	0m0.540s
1000+0 records in
1000+0 records out
1048576000 bytes (1.0 GB) copied, 2.33509 s, 449 MB/s
3c84e34b319946f6531a2c4559f588a8  -

real	0m2.338s
user	0m2.091s
sys	0m0.599s
1000+0 records in
1000+0 records out
1048576000 bytes (1.0 GB) copied, 2.12307 s, 494 MB/s
3c84e34b319946f6531a2c4559f588a8  -

real	0m2.126s
user	0m1.885s
sys	0m0.542s
1000+0 records in
1000+0 records out
3c84e34b319946f6531a2c4559f588a8  -
1048576000 bytes (1.0 GB) copied, 2.37172 s, 442 MB/s

real	0m2.374s
user	0m2.065s
sys	0m0.586s
1000+0 records in
1000+0 records out
1048576000 bytes (1.0 GB) copied, 2.10173 s, 499 MB/s
3c84e34b319946f6531a2c4559f588a8  -

real	0m2.105s
user	0m1.865s
sys	0m0.547s
1000+0 records in
1000+0 records out
3c84e34b319946f6531a2c4559f588a8  -
1048576000 bytes (1.0 GB) copied, 2.33881 s, 448 MB/s

real	0m2.342s
user	0m2.088s
sys	0m0.549s
1000+0 records in
1000+0 records out
1048576000 bytes (1.0 GB) copied, 2.08691 s, 502 MB/s
3c84e34b319946f6531a2c4559f588a8  -

real	0m2.090s
user	0m1.840s
sys	0m0.528s
1000+0 records in
1000+0 records out
1048576000 bytes (1.0 GB) copied, 2.13718 s, 491 MB/s
3c84e34b319946f6531a2c4559f588a8  -

real	0m2.140s
user	0m1.918s
sys	0m0.509s
1000+0 records in
1000+0 records out
1048576000 bytes (1.0 GB) copied, 2.32591 s, 451 MB/s
3c84e34b319946f6531a2c4559f588a8  -

real	0m2.328s
user	0m1.984s
sys	0m0.632s
1000+0 records in
1000+0 records out
1048576000 bytes (1.0 GB) copied, 2.42329 s, 433 MB/s
3c84e34b319946f6531a2c4559f588a8  -

real	0m2.426s
user	0m2.032s
sys	0m0.743s
1000+0 records in
1000+0 records out
3c84e34b319946f6531a2c4559f588a8  -
1048576000 bytes (1.0 GB) copied, 2.16614 s, 484 MB/s

real	0m2.169s
user	0m1.880s
sys	0m0.535s
1000+0 records in
1000+0 records out
1048576000 bytes (1.0 GB) copied, 2.30992 s, 454 MB/s
3c84e34b319946f6531a2c4559f588a8  -

real	0m2.312s
user	0m2.058s
sys	0m0.597s
1000+0 records in
1000+0 records out
3c84e34b319946f6531a2c4559f588a8  -
1048576000 bytes (1.0 GB) copied, 2.28871 s, 458 MB/s

real	0m2.291s
user	0m2.028s
sys	0m0.571s
1000+0 records in
1000+0 records out
1048576000 bytes (1.0 GB) copied, 2.3012 s, 456 MB/s
3c84e34b319946f6531a2c4559f588a8  -

real	0m2.304s
user	0m2.037s
sys	0m0.575s
1000+0 records in
1000+0 records out
1048576000 bytes (1.0 GB) copied, 2.13696 s, 491 MB/s
3c84e34b319946f6531a2c4559f588a8  -

real	0m2.139s
user	0m1.910s
sys	0m0.520s
1000+0 records in
1000+0 records out
1048576000 bytes (1.0 GB) copied3c84e34b319946f6531a2c4559f588a8  -
, 2.38613 s, 439 MB/s

real	0m2.389s
user	0m2.077s
sys	0m0.604s
1000+0 records in
1000+0 records out
1048576000 bytes (1.0 GB) copied, 2.10499 s, 498 MB/s
3c84e34b319946f6531a2c4559f588a8  -

real	0m2.108s
user	0m1.848s
sys	0m0.540s
1000+0 records in
1000+0 records out
1048576000 bytes (1.0 GB) copied, 2.11284 s, 496 MB/s
3c84e34b319946f6531a2c4559f588a8  -

real	0m2.116s
user	0m1.860s
sys	0m0.525s
1000+0 records in
1000+0 records out
1048576000 bytes (1.0 GB) copied, 2.23001 s, 470 MB/s
3c84e34b319946f6531a2c4559f588a8  -

real	0m2.233s
user	0m1.973s
sys	0m0.560s
1000+0 records in
1000+0 records out
1048576000 bytes (1.0 GB) copied, 2.41774 s, 434 MB/s
3c84e34b319946f6531a2c4559f588a8  -

real	0m2.421s
user	0m2.020s
sys	0m0.678s
1000+0 records in
1000+0 records out
1048576000 bytes (1.0 GB) copied, 2.10422 s, 498 MB/s
3c84e34b319946f6531a2c4559f588a8  -

real	0m2.107s
user	0m1.890s
sys	0m0.539s
1000+0 records in
1000+0 records out
3c84e34b319946f6531a2c4559f588a8  -
1048576000 bytes (1.0 GB) copied, 2.41891 s, 433 MB/s

real	0m2.422s
user	0m2.073s
sys	0m0.578s
1000+0 records in
1000+0 records out
1048576000 bytes (1.0 GB) copied, 2.42062 s, 433 MB/s
3c84e34b319946f6531a2c4559f588a8  -

real	0m2.423s
user	0m2.111s
sys	0m0.654s
1000+0 records in
1000+0 records out
3c84e34b319946f6531a2c4559f588a8  -
1048576000 bytes (1.0 GB) copied, 2.51781 s, 416 MB/s

real	0m2.521s
user	0m2.077s
sys	0m0.691s
1000+0 records in
1000+0 records out
3c84e34b319946f6531a2c4559f588a8  -
1048576000 bytes (1.0 GB) copied, 2.17488 s, 482 MB/s

real	0m2.177s
user	0m1.895s
sys	0m0.528s
1000+0 records in
1000+0 records out
1048576000 bytes (1.0 GB) copied, 2.34066 s, 448 MB/s
3c84e34b319946f6531a2c4559f588a8  -

real	0m2.343s
user	0m2.087s
sys	0m0.573s
1000+0 records in
1000+0 records out
1048576000 bytes (1.0 GB) copied, 2.05818 s, 509 MB/s
3c84e34b319946f6531a2c4559f588a8  -

real	0m2.061s
user	0m1.859s
sys	0m0.516s
1000+0 records in
1000+0 records out
1048576000 bytes (1.0 GB) copied, 2.15501 s, 487 MB/s
3c84e34b319946f6531a2c4559f588a8  -

real	0m2.158s
user	0m1.888s
sys	0m0.536s
1000+0 records in
1000+0 records out
1048576000 bytes (1.0 GB) copied, 2.10385 s, 498 MB/s
3c84e34b319946f6531a2c4559f588a8  -

real	0m2.107s
user	0m1.884s
sys	0m0.524s
1000+0 records in
1000+0 records out
3c84e34b319946f6531a2c4559f588a8  -
1048576000 bytes (1.0 GB) copied, 2.4746 s, 424 MB/s

real	0m2.477s
user	0m2.081s
sys	0m0.701s
1000+0 records in
1000+0 records out
1048576000 bytes (1.0 GB) copied, 2.37184 s, 442 MB/s
3c84e34b319946f6531a2c4559f588a8  -

real	0m2.374s
user	0m2.063s
sys	0m0.709s
1000+0 records in
1000+0 records out
3c84e34b319946f6531a2c4559f588a8  -
1048576000 bytes (1.0 GB) copied, 2.46794 s, 425 MB/s

real	0m2.471s
user	0m2.060s
sys	0m0.761s
1000+0 records in
1000+0 records out
3c84e34b319946f6531a2c4559f588a8  -
1048576000 bytes (1.0 GB) copied, 2.12884 s, 493 MB/s

real	0m2.132s
user	0m1.861s
sys	0m0.543s
1000+0 records in
1000+0 records out
1048576000 bytes (1.0 GB) copied, 2.29265 s, 457 MB/s
3c84e34b319946f6531a2c4559f588a8  -

real	0m2.295s
user	0m2.068s
sys	0m0.560s
1000+0 records in
1000+0 records out
1048576000 bytes (1.0 GB) copied, 2.14787 s, 488 MB/s
3c84e34b319946f6531a2c4559f588a8  -

real	0m2.151s
user	0m1.886s
sys	0m0.539s
1000+0 records in
1000+0 records out
3c84e34b319946f6531a2c4559f588a8  -
1048576000 bytes (1.0 GB) copied, 2.4384 s, 430 MB/s

real	0m2.441s
user	0m2.086s
sys	0m0.638s
1000+0 records in
1000+0 records out
1048576000 bytes (1.0 GB) copied, 2.04252 s, 513 MB/s
3c84e34b319946f6531a2c4559f588a8  -

real	0m2.045s
user	0m1.849s
sys	0m0.516s
1000+0 records in
1000+0 records out
1048576000 bytes (1.0 GB) copied, 2.15597 s, 486 MB/s
3c84e34b319946f6531a2c4559f588a8  -

real	0m2.159s
user	0m1.892s
sys	0m0.525s
1000+0 records in
1000+0 records out
1048576000 bytes (1.0 GB) copied, 2.11761 s, 495 MB/s
3c84e34b319946f6531a2c4559f588a8  -

real	0m2.120s
user	0m1.882s
sys	0m0.541s
1000+0 records in
1000+0 records out
1048576000 bytes (1.0 GB) copied, 2.3217 s, 452 MB/s
3c84e34b319946f6531a2c4559f588a8  -

real	0m2.324s
user	0m2.085s
sys	0m0.592s
1000+0 records in
1000+0 records out
1048576000 bytes (1.0 GB) copied, 2.16674 s, 484 MB/s
3c84e34b319946f6531a2c4559f588a8  -

real	0m2.170s
user	0m1.937s
sys	0m0.549s
1000+0 records in
1000+0 records out
3c84e34b319946f6531a2c4559f588a8  -
1048576000 bytes (1.0 GB) copied, 2.37489 s, 442 MB/s

real	0m2.378s
user	0m2.112s
sys	0m0.605s
1000+0 records in
1000+0 records out
3c84e34b319946f6531a2c4559f588a8  -
1048576000 bytes (1.0 GB) copied, 2.19737 s, 477 MB/s

real	0m2.200s
user	0m1.905s
sys	0m0.545s
1000+0 records in
1000+0 records out
1048576000 bytes (1.0 GB) copied, 2.33842 s, 448 MB/s
3c84e34b319946f6531a2c4559f588a8  -

real	0m2.341s
user	0m2.088s
sys	0m0.586s
1000+0 records in
1000+0 records out
3c84e34b319946f6531a2c4559f588a8  -
1048576000 bytes (1.0 GB) copied, 2.44571 s, 429 MB/s

real	0m2.449s
user	0m2.111s
sys	0m0.657s
1000+0 records in
1000+0 records out
1048576000 bytes (1.0 GB) copied, 2.46724 s, 425 MB/s
3c84e34b319946f6531a2c4559f588a8  -

real	0m2.470s
user	0m2.113s
sys	0m0.736s
1000+0 records in
1000+0 records out
1048576000 bytes (1.0 GB) copied, 2.24604 s, 467 MB/s
3c84e34b319946f6531a2c4559f588a8  -

real	0m2.249s
user	0m2.026s
sys	0m0.554s
1000+0 records in
1000+0 records out
1048576000 bytes (1.0 GB) copied, 2.25616 s, 465 MB/s
3c84e34b319946f6531a2c4559f588a8  -

real	0m2.259s
user	0m2.010s
sys	0m0.556s
1000+0 records in
1000+0 records out
1048576000 bytes (1.0 GB) copied, 2.1718 s, 483 MB/s
3c84e34b319946f6531a2c4559f588a8  -

real	0m2.174s
user	0m1.890s
sys	0m0.549s
1000+0 records in
1000+0 records out
3c84e34b319946f6531a2c4559f588a8  -
1048576000 bytes (1.0 GB) copied, 2.42558 s, 432 MB/s

real	0m2.428s
user	0m2.072s
sys	0m0.664s
1000+0 records in
1000+0 records out
1048576000 bytes (1.0 GB) copied, 2.23865 s, 468 MB/s
3c84e34b319946f6531a2c4559f588a8  -

real	0m2.242s
user	0m2.001s
sys	0m0.556s
1000+0 records in
1000+0 records out
3c84e34b319946f6531a2c4559f588a8  -
1048576000 bytes (1.0 GB) copied, 2.39963 s, 437 MB/s

real	0m2.403s
user	0m2.041s
sys	0m0.602s
1000+0 records in
1000+0 records out
1048576000 bytes (1.0 GB) copied3c84e34b319946f6531a2c4559f588a8  -
, 2.15486 s, 487 MB/s

real	0m2.157s
user	0m1.908s
sys	0m0.543s
1000+0 records in
1000+0 records out
1048576000 bytes (1.0 GB) copied, 2.32291 s, 451 MB/s
3c84e34b319946f6531a2c4559f588a8  -

real	0m2.325s
user	0m2.051s
sys	0m0.611s
1000+0 records in
1000+0 records out
1048576000 bytes (1.0 GB) copied, 2.11568 s, 496 MB/s
3c84e34b319946f6531a2c4559f588a8  -

real	0m2.118s
user	0m1.884s
sys	0m0.541s
1000+0 records in
1000+0 records out
3c84e34b319946f6531a2c4559f588a8  -
1048576000 bytes (1.0 GB) copied, 2.3258 s, 451 MB/s

real	0m2.328s
user	0m2.067s
sys	0m0.566s
1000+0 records in
1000+0 records out
1048576000 bytes (1.0 GB) copied, 2.12225 s, 494 MB/s
3c84e34b319946f6531a2c4559f588a8  -

real	0m2.125s
user	0m1.886s
sys	0m0.523s
1000+0 records in
1000+0 records out
1048576000 bytes (1.0 GB) copied, 2.12947 s, 492 MB/s
3c84e34b319946f6531a2c4559f588a8  -

real	0m2.132s
user	0m1.862s
sys	0m0.519s
