10000+0 records in
10000+0 records out
a02bf4596da9a0c3d2b10ac745b55ccf  -
10485760000 bytes (10 GB) copied, 19.9164 s, 526 MB/s

real	0m19.919s
user	0m18.400s
sys	0m4.980s
10000+0 records in
10000+0 records out
10485760000 bytes (10 GB) copieda02bf4596da9a0c3d2b10ac745b55ccf  -
, 19.8714 s, 528 MB/s

real	0m19.874s
user	0m18.464s
sys	0m4.904s
10000+0 records in
10000+0 records out
a02bf4596da9a0c3d2b10ac745b55ccf  -
10485760000 bytes (10 GB) copied, 20.0357 s, 523 MB/s

real	0m20.038s
user	0m18.585s
sys	0m4.957s
10000+0 records in
10000+0 records out
10485760000 bytes (10 GB) copieda02bf4596da9a0c3d2b10ac745b55ccf  -
, 19.9382 s, 526 MB/s

real	0m19.941s
user	0m18.470s
sys	0m4.939s
10000+0 records in
10000+0 records out
10485760000 bytes (10 GB) copieda02bf4596da9a0c3d2b10ac745b55ccf  -
, 19.989 s, 525 MB/s

real	0m19.992s
user	0m18.158s
sys	0m5.295s
10000+0 records in
10000+0 records out
10485760000 bytes (10 GB) copieda02bf4596da9a0c3d2b10ac745b55ccf  -
, 19.839 s, 529 MB/s

real	0m19.842s
user	0m18.471s
sys	0m4.866s
10000+0 records in
10000+0 records out
10485760000 bytes (10 GB) copieda02bf4596da9a0c3d2b10ac745b55ccf  -
, 19.9327 s, 526 MB/s

real	0m19.935s
user	0m18.311s
sys	0m5.112s
10000+0 records in
10000+0 records out
10485760000 bytes (10 GB) copied, 19.8678 s, 528 MB/s
a02bf4596da9a0c3d2b10ac745b55ccf  -

real	0m19.870s
user	0m18.078s
sys	0m5.207s
10000+0 records in
10000+0 records out
10485760000 bytes (10 GB) copied, 19.8474 s, 528 MB/s
a02bf4596da9a0c3d2b10ac745b55ccf  -

real	0m19.850s
user	0m18.338s
sys	0m4.959s
10000+0 records in
10000+0 records out
10485760000 bytes (10 GB) copieda02bf4596da9a0c3d2b10ac745b55ccf  -
, 19.902 s, 527 MB/s

real	0m19.905s
user	0m18.235s
sys	0m5.106s
10000+0 records in
10000+0 records out
10485760000 bytes (10 GB) copied, 19.9751 s, 525 MB/s
a02bf4596da9a0c3d2b10ac745b55ccf  -

real	0m19.978s
user	0m18.419s
sys	0m5.029s
10000+0 records in
10000+0 records out
10485760000 bytes (10 GB) copied, 20.0355 s, 523 MB/s
a02bf4596da9a0c3d2b10ac745b55ccf  -

real	0m20.038s
user	0m18.633s
sys	0m4.922s
10000+0 records in
10000+0 records out
10485760000 bytes (10 GB) copieda02bf4596da9a0c3d2b10ac745b55ccf  -
, 19.9304 s, 526 MB/s

real	0m19.933s
user	0m18.215s
sys	0m5.173s
10000+0 records in
10000+0 records out
10485760000 bytes (10 GB) copieda02bf4596da9a0c3d2b10ac745b55ccf  -
, 19.9571 s, 525 MB/s

real	0m19.960s
user	0m18.171s
sys	0m5.225s
10000+0 records in
10000+0 records out
10485760000 bytes (10 GB) copied, 19.9814 s, 525 MB/s
a02bf4596da9a0c3d2b10ac745b55ccf  -

real	0m19.984s
user	0m18.459s
sys	0m5.037s
10000+0 records in
10000+0 records out
10485760000 bytes (10 GB) copieda02bf4596da9a0c3d2b10ac745b55ccf  -
, 19.9345 s, 526 MB/s

real	0m19.937s
user	0m18.132s
sys	0m5.235s
10000+0 records in
10000+0 records out
10485760000 bytes (10 GB) copied, 19.8389 s, 529 MB/s
a02bf4596da9a0c3d2b10ac745b55ccf  -

real	0m19.841s
user	0m18.024s
sys	0m5.182s
10000+0 records in
10000+0 records out
10485760000 bytes (10 GB) copieda02bf4596da9a0c3d2b10ac745b55ccf  -
, 19.9775 s, 525 MB/s

real	0m19.980s
user	0m18.531s
sys	0m4.963s
10000+0 records in
10000+0 records out
10485760000 bytes (10 GB) copieda02bf4596da9a0c3d2b10ac745b55ccf  -
, 19.8984 s, 527 MB/s

real	0m19.901s
user	0m18.069s
sys	0m5.247s
10000+0 records in
10000+0 records out
10485760000 bytes (10 GB) copied, 20.111 s, 521 MB/s
a02bf4596da9a0c3d2b10ac745b55ccf  -

real	0m20.114s
user	0m18.663s
sys	0m4.967s
