100+0 records in
100+0 records out
104857600 bytes (105 MB) copied, 0.256502 s, 409 MB/s
876fac806fac9926ea0bfac7ddf6649c  -

real	0m0.259s
user	0m0.245s
sys	0m0.061s
100+0 records in
100+0 records out
104857600 bytes (105 MB) copied, 0.256723 s, 408 MB/s
876fac806fac9926ea0bfac7ddf6649c  -

real	0m0.259s
user	0m0.236s
sys	0m0.070s
100+0 records in
100+0 records out
104857600 bytes (105 MB) copied876fac806fac9926ea0bfac7ddf6649c  -
, 0.252791 s, 415 MB/s

real	0m0.256s
user	0m0.237s
sys	0m0.062s
100+0 records in
100+0 records out
104857600 bytes (105 MB) copied, 0.253657 s, 413 MB/s
876fac806fac9926ea0bfac7ddf6649c  -

real	0m0.256s
user	0m0.241s
sys	0m0.059s
100+0 records in
100+0 records out
104857600 bytes (105 MB) copied, 0.251525 s, 417 MB/s
876fac806fac9926ea0bfac7ddf6649c  -

real	0m0.254s
user	0m0.236s
sys	0m0.059s
100+0 records in
100+0 records out
104857600 bytes (105 MB) copied, 0.25332 s, 414 MB/s
876fac806fac9926ea0bfac7ddf6649c  -

real	0m0.256s
user	0m0.226s
sys	0m0.073s
100+0 records in
100+0 records out
104857600 bytes (105 MB) copied, 0.255592 s, 410 MB/s
876fac806fac9926ea0bfac7ddf6649c  -

real	0m0.258s
user	0m0.233s
sys	0m0.074s
100+0 records in
100+0 records out
104857600 bytes (105 MB) copied, 0.2556 s, 410 MB/s
876fac806fac9926ea0bfac7ddf6649c  -

real	0m0.259s
user	0m0.240s
sys	0m0.065s
100+0 records in
100+0 records out
104857600 bytes (105 MB) copied, 0.256138 s, 409 MB/s
876fac806fac9926ea0bfac7ddf6649c  -

real	0m0.259s
user	0m0.238s
sys	0m0.067s
100+0 records in
100+0 records out
104857600 bytes (105 MB) copied, 0.255282 s, 411 MB/s
876fac806fac9926ea0bfac7ddf6649c  -

real	0m0.258s
user	0m0.242s
sys	0m0.063s
100+0 records in
100+0 records out
104857600 bytes (105 MB) copied, 0.254538 s, 412 MB/s
876fac806fac9926ea0bfac7ddf6649c  -

real	0m0.258s
user	0m0.236s
sys	0m0.067s
100+0 records in
100+0 records out
104857600 bytes (105 MB) copied, 0.252113 s, 416 MB/s
876fac806fac9926ea0bfac7ddf6649c  -

real	0m0.255s
user	0m0.238s
sys	0m0.057s
10+0 records in
10+0 records out
10485760 bytes (10 MB) copied, 0.0267069 s, 393 MB/s
e56e104794a18df5f41f6d2d87b4cc67  -

real	0m0.029s
user	0m0.024s
sys	0m0.012s
10+0 records in
10+0 records out
10485760 bytes (10 MB) copied, 0.0258877 s, 405 MB/s
e56e104794a18df5f41f6d2d87b4cc67  -

real	0m0.029s
user	0m0.025s
sys	0m0.009s
10+0 records in
10+0 records out
10485760 bytes (10 MB) copied, 0.0269538 s, 389 MB/s
e56e104794a18df5f41f6d2d87b4cc67  -

real	0m0.030s
user	0m0.025s
sys	0m0.010s
10+0 records in
10+0 records out
10485760 bytes (10 MB) copied, 0.0266413 s, 394 MB/s
e56e104794a18df5f41f6d2d87b4cc67  -

real	0m0.029s
user	0m0.023s
sys	0m0.012s
10+0 records in
10+0 records out
10485760 bytes (10 MB) copied, 0.0265754 s, 395 MB/s
e56e104794a18df5f41f6d2d87b4cc67  -

real	0m0.029s
user	0m0.029s
sys	0m0.007s
10+0 records in
10+0 records out
10485760 bytes (10 MB) copied, 0.0270205 s, 388 MB/s
e56e104794a18df5f41f6d2d87b4cc67  -

real	0m0.030s
user	0m0.024s
sys	0m0.011s
10+0 records in
10+0 records out
10485760 bytes (10 MB) copied, 0.0267484 s, 392 MB/s
e56e104794a18df5f41f6d2d87b4cc67  -

real	0m0.030s
user	0m0.026s
sys	0m0.010s
10+0 records in
10+0 records out
10485760 bytes (10 MB) copied, 0.0267686 s, 392 MB/s
e56e104794a18df5f41f6d2d87b4cc67  -

real	0m0.030s
user	0m0.024s
sys	0m0.011s
10+0 records in
10+0 records out
10485760 bytes (10 MB) copied, 0.0270584 s, 388 MB/s
e56e104794a18df5f41f6d2d87b4cc67  -

real	0m0.030s
user	0m0.025s
sys	0m0.011s
10+0 records in
10+0 records out
10485760 bytes (10 MB) copied, 0.0270897 s, 387 MB/s
e56e104794a18df5f41f6d2d87b4cc67  -

real	0m0.030s
user	0m0.027s
sys	0m0.010s
10+0 records in
10+0 records out
10485760 bytes (10 MB) copied, 0.027188 s, 386 MB/s
e56e104794a18df5f41f6d2d87b4cc67  -

real	0m0.030s
user	0m0.027s
sys	0m0.009s
10+0 records in
10+0 records out
10485760 bytes (10 MB) copied, 0.0271012 s, 387 MB/s
e56e104794a18df5f41f6d2d87b4cc67  -

real	0m0.030s
user	0m0.025s
sys	0m0.011s
10+0 records in
10+0 records out
10485760 bytes (10 MB) copied, 0.0272594 s, 385 MB/s
e56e104794a18df5f41f6d2d87b4cc67  -

real	0m0.030s
user	0m0.024s
sys	0m0.012s
10+0 records in
10+0 records out
10485760 bytes (10 MB) copied, 0.0273807 s, 383 MB/s
e56e104794a18df5f41f6d2d87b4cc67  -

real	0m0.030s
user	0m0.026s
sys	0m0.011s
10+0 records in
10+0 records out
10485760 bytes (10 MB) copied, 0.0266621 s, 393 MB/s
e56e104794a18df5f41f6d2d87b4cc67  -

real	0m0.030s
user	0m0.027s
sys	0m0.009s
10+0 records in
10+0 records out
10485760 bytes (10 MB) copied, 0.0271902 s, 386 MB/s
e56e104794a18df5f41f6d2d87b4cc67  -

real	0m0.030s
user	0m0.027s
sys	0m0.010s
10+0 records in
10+0 records out
10485760 bytes (10 MB) copied, 0.0270339 s, 388 MB/s
e56e104794a18df5f41f6d2d87b4cc67  -

real	0m0.030s
user	0m0.023s
sys	0m0.014s
10+0 records in
10+0 records out
10485760 bytes (10 MB) copied, 0.027231 s, 385 MB/s
e56e104794a18df5f41f6d2d87b4cc67  -

real	0m0.030s
user	0m0.031s
sys	0m0.006s
10+0 records in
10+0 records out
10485760 bytes (10 MB) copied, 0.0272714 s, 384 MB/s
e56e104794a18df5f41f6d2d87b4cc67  -

real	0m0.030s
user	0m0.025s
sys	0m0.012s
10+0 records in
10+0 records out
10485760 bytes (10 MB) copied, 0.0270948 s, 387 MB/s
e56e104794a18df5f41f6d2d87b4cc67  -

real	0m0.030s
user	0m0.028s
sys	0m0.009s
10+0 records in
10+0 records out
10485760 bytes (10 MB) copied, 0.0270615 s, 387 MB/s
e56e104794a18df5f41f6d2d87b4cc67  -

real	0m0.030s
user	0m0.027s
sys	0m0.009s
10+0 records in
10+0 records out
10485760 bytes (10 MB) copied, 0.0271151 s, 387 MB/s
e56e104794a18df5f41f6d2d87b4cc67  -

real	0m0.030s
user	0m0.028s
sys	0m0.009s
10+0 records in
10+0 records out
10485760 bytes (10 MB) copied, 0.0273893 s, 383 MB/s
e56e104794a18df5f41f6d2d87b4cc67  -

real	0m0.030s
user	0m0.025s
sys	0m0.012s
10+0 records in
10+0 records out
10485760 bytes (10 MB) copied, 0.0271109 s, 387 MB/s
e56e104794a18df5f41f6d2d87b4cc67  -

real	0m0.030s
user	0m0.023s
sys	0m0.012s
10+0 records in
10+0 records out
10485760 bytes (10 MB) copied, 0.0272394 s, 385 MB/s
e56e104794a18df5f41f6d2d87b4cc67  -

real	0m0.030s
user	0m0.029s
sys	0m0.008s
10+0 records in
10+0 records out
10485760 bytes (10 MB) copied, 0.0271518 s, 386 MB/s
e56e104794a18df5f41f6d2d87b4cc67  -

real	0m0.030s
user	0m0.022s
sys	0m0.015s
10+0 records in
10+0 records out
10485760 bytes (10 MB) copied, 0.0271551 s, 386 MB/s
e56e104794a18df5f41f6d2d87b4cc67  -

real	0m0.030s
user	0m0.024s
sys	0m0.013s
10+0 records in
10+0 records out
10485760 bytes (10 MB) copied, 0.0268295 s, 391 MB/s
e56e104794a18df5f41f6d2d87b4cc67  -

real	0m0.030s
user	0m0.026s
sys	0m0.010s
10+0 records in
10+0 records out
10485760 bytes (10 MB) copied, 0.0268582 s, 390 MB/s
e56e104794a18df5f41f6d2d87b4cc67  -

real	0m0.030s
user	0m0.028s
sys	0m0.009s
10+0 records in
10+0 records out
10485760 bytes (10 MB) copied, 0.0270644 s, 387 MB/s
e56e104794a18df5f41f6d2d87b4cc67  -

real	0m0.030s
user	0m0.025s
sys	0m0.012s
10+0 records in
10+0 records out
10485760 bytes (10 MB) copied, 0.0270526 s, 388 MB/s
e56e104794a18df5f41f6d2d87b4cc67  -

real	0m0.030s
user	0m0.026s
sys	0m0.011s
10+0 records in
10+0 records out
10485760 bytes (10 MB) copied, 0.0269581 s, 389 MB/s
e56e104794a18df5f41f6d2d87b4cc67  -

real	0m0.030s
user	0m0.026s
sys	0m0.009s
10+0 records in
10+0 records out
10485760 bytes (10 MB) copied, 0.0268615 s, 390 MB/s
e56e104794a18df5f41f6d2d87b4cc67  -

real	0m0.030s
user	0m0.028s
sys	0m0.008s
10+0 records in
10+0 records out
10485760 bytes (10 MB) copied, 0.0268094 s, 391 MB/s
e56e104794a18df5f41f6d2d87b4cc67  -

real	0m0.030s
user	0m0.026s
sys	0m0.011s
10+0 records in
10+0 records out
10485760 bytes (10 MB) copied, 0.0266684 s, 393 MB/s
e56e104794a18df5f41f6d2d87b4cc67  -

real	0m0.030s
user	0m0.025s
sys	0m0.010s
10+0 records in
10+0 records out
10485760 bytes (10 MB) copied, 0.0270167 s, 388 MB/s
e56e104794a18df5f41f6d2d87b4cc67  -

real	0m0.030s
user	0m0.026s
sys	0m0.010s
10+0 records in
10+0 records out
10485760 bytes (10 MB) copied, 0.026978 s, 389 MB/s
e56e104794a18df5f41f6d2d87b4cc67  -

real	0m0.030s
user	0m0.021s
sys	0m0.016s
10+0 records in
10+0 records out
10485760 bytes (10 MB) copied, 0.0272594 s, 385 MB/s
e56e104794a18df5f41f6d2d87b4cc67  -

real	0m0.030s
user	0m0.022s
sys	0m0.015s
10+0 records in
10+0 records out
10485760 bytes (10 MB) copied, 0.0271034 s, 387 MB/s
e56e104794a18df5f41f6d2d87b4cc67  -

real	0m0.030s
user	0m0.026s
sys	0m0.010s
1100+0 records in
1100+0 records out
1153433600 bytes (1.2 GB) copied, 2.85697 s, 404 MB/s
2561b0540a4fbe901daa3fbaf286c407  -

real	0m2.860s
user	0m2.582s
sys	0m0.638s
1100+0 records in
1100+0 records out
1153433600 bytes (1.2 GB) copied, 2.79714 s, 412 MB/s
2561b0540a4fbe901daa3fbaf286c407  -

real	0m2.800s
user	0m2.559s
sys	0m0.661s
1100+0 records in
1100+0 records out
1153433600 bytes (1.2 GB) copied, 2.82378 s, 408 MB/s
2561b0540a4fbe901daa3fbaf286c407  -

real	0m2.826s
user	0m2.571s
sys	0m0.632s
1100+0 records in
1100+0 records out
1153433600 bytes (1.2 GB) copied, 2.85928 s, 403 MB/s
2561b0540a4fbe901daa3fbaf286c407  -

real	0m2.862s
user	0m2.589s
sys	0m0.662s
1100+0 records in
1100+0 records out
1153433600 bytes (1.2 GB) copied, 2.81898 s, 409 MB/s
2561b0540a4fbe901daa3fbaf286c407  -

real	0m2.821s
user	0m2.602s
sys	0m0.607s
1100+0 records in
1100+0 records out
1153433600 bytes (1.2 GB) copied, 2.821 s, 409 MB/s
2561b0540a4fbe901daa3fbaf286c407  -

real	0m2.823s
user	0m2.584s
sys	0m0.621s
1200+0 records in
1200+0 records out
1258291200 bytes (1.3 GB) copied, 3.03816 s, 414 MB/s
2c6f0dc58f3ac34dc73e35393e634805  -

real	0m3.041s
user	0m2.803s
sys	0m0.745s
1200+0 records in
1200+0 records out
1258291200 bytes (1.3 GB) copied, 3.11815 s, 404 MB/s
2c6f0dc58f3ac34dc73e35393e634805  -

real	0m3.121s
user	0m2.810s
sys	0m0.736s
1200+0 records in
1200+0 records out
1258291200 bytes (1.3 GB) copied, 3.02687 s, 416 MB/s
2c6f0dc58f3ac34dc73e35393e634805  -

real	0m3.029s
user	0m2.788s
sys	0m0.708s
1200+0 records in
1200+0 records out
1258291200 bytes (1.3 GB) copied, 3.04314 s, 413 MB/s
2c6f0dc58f3ac34dc73e35393e634805  -

real	0m3.046s
user	0m2.826s
sys	0m0.729s
1200+0 records in
1200+0 records out
1258291200 bytes (1.3 GB) copied, 3.03814 s, 414 MB/s
2c6f0dc58f3ac34dc73e35393e634805  -

real	0m3.041s
user	0m2.799s
sys	0m0.749s
1200+0 records in
1200+0 records out
1258291200 bytes (1.3 GB) copied, 3.07698 s, 409 MB/s
2c6f0dc58f3ac34dc73e35393e634805  -

real	0m3.080s
user	0m2.810s
sys	0m0.735s
1200+0 records in
1200+0 records out
1258291200 bytes (1.3 GB) copied, 3.03562 s, 415 MB/s
2c6f0dc58f3ac34dc73e35393e634805  -

real	0m3.038s
user	0m2.815s
sys	0m0.696s
1200+0 records in
1200+0 records out
1258291200 bytes (1.3 GB) copied, 3.05302 s, 412 MB/s
2c6f0dc58f3ac34dc73e35393e634805  -

real	0m3.056s
user	0m2.791s
sys	0m0.707s
1200+0 records in
1200+0 records out
1258291200 bytes (1.3 GB) copied, 3.08082 s, 408 MB/s
2c6f0dc58f3ac34dc73e35393e634805  -

real	0m3.084s
user	0m2.815s
sys	0m0.724s
1200+0 records in
1200+0 records out
1258291200 bytes (1.3 GB) copied, 3.09025 s, 407 MB/s
2c6f0dc58f3ac34dc73e35393e634805  -

real	0m3.093s
user	0m2.808s
sys	0m0.689s
1200+0 records in
1200+0 records out
1258291200 bytes (1.3 GB) copied, 3.02502 s, 416 MB/s
2c6f0dc58f3ac34dc73e35393e634805  -

real	0m3.028s
user	0m2.782s
sys	0m0.711s
1200+0 records in
1200+0 records out
1258291200 bytes (1.3 GB) copied, 3.07834 s, 409 MB/s
2c6f0dc58f3ac34dc73e35393e634805  -

real	0m3.081s
user	0m2.816s
sys	0m0.698s
1300+0 records in
1300+0 records out
1363148800 bytes (1.4 GB) copied, 3.28132 s, 415 MB/s
16e951f35b990d32b8f43787a41a7ec4  -

real	0m3.284s
user	0m3.028s
sys	0m0.778s
1300+0 records in
1300+0 records out
1363148800 bytes (1.4 GB) copied, 3.31201 s, 412 MB/s
16e951f35b990d32b8f43787a41a7ec4  -

real	0m3.315s
user	0m3.051s
sys	0m0.796s
1300+0 records in
1300+0 records out
1363148800 bytes (1.4 GB) copied, 3.30018 s, 413 MB/s
16e951f35b990d32b8f43787a41a7ec4  -

real	0m3.303s
user	0m3.013s
sys	0m0.780s
1300+0 records in
1300+0 records out
1363148800 bytes (1.4 GB) copied, 3.32603 s, 410 MB/s
16e951f35b990d32b8f43787a41a7ec4  -

real	0m3.329s
user	0m3.014s
sys	0m0.775s
1300+0 records in
1300+0 records out
1363148800 bytes (1.4 GB) copied, 3.3121 s, 412 MB/s
16e951f35b990d32b8f43787a41a7ec4  -

real	0m3.315s
user	0m3.054s
sys	0m0.790s
1300+0 records in
1300+0 records out
1363148800 bytes (1.4 GB) copied, 3.33354 s, 409 MB/s
16e951f35b990d32b8f43787a41a7ec4  -

real	0m3.336s
user	0m3.034s
sys	0m0.755s
1300+0 records in
1300+0 records out
1363148800 bytes (1.4 GB) copied, 3.31842 s, 411 MB/s
16e951f35b990d32b8f43787a41a7ec4  -

real	0m3.321s
user	0m3.045s
sys	0m0.761s
1300+0 records in
1300+0 records out
1363148800 bytes (1.4 GB) copied, 3.32725 s, 410 MB/s
16e951f35b990d32b8f43787a41a7ec4  -

real	0m3.330s
user	0m3.019s
sys	0m0.770s
1300+0 records in
1300+0 records out
1363148800 bytes (1.4 GB) copied, 3.31509 s, 411 MB/s
16e951f35b990d32b8f43787a41a7ec4  -

real	0m3.318s
user	0m3.039s
sys	0m0.750s
1400+0 records in
1400+0 records out
1468006400 bytes (1.5 GB) copied, 3.53145 s, 416 MB/s
84a3217ceaf265bc6890fcfd2fd2cb53  -

real	0m3.534s
user	0m3.266s
sys	0m0.820s
1400+0 records in
1400+0 records out
1468006400 bytes (1.5 GB) copied, 3.53591 s, 415 MB/s
84a3217ceaf265bc6890fcfd2fd2cb53  -

real	0m3.539s
user	0m3.277s
sys	0m0.827s
1400+0 records in
1400+0 records out
1468006400 bytes (1.5 GB) copied, 3.53231 s, 416 MB/s
84a3217ceaf265bc6890fcfd2fd2cb53  -

real	0m3.535s
user	0m3.256s
sys	0m0.875s
1500+0 records in
1500+0 records out
1572864000 bytes (1.6 GB) copied, 3.7922 s, 415 MB/s
a513169962dc72ac1efb3e8c1c77811b  -

real	0m3.795s
user	0m3.500s
sys	0m0.886s
1500+0 records in
1500+0 records out
1572864000 bytes (1.6 GB) copied, 3.82242 s, 411 MB/s
a513169962dc72ac1efb3e8c1c77811b  -

real	0m3.825s
user	0m3.524s
sys	0m0.915s
1500+0 records in
1500+0 records out
1572864000 bytes (1.6 GB) copied, 3.8402 s, 410 MB/s
a513169962dc72ac1efb3e8c1c77811b  -

real	0m3.843s
user	0m3.508s
sys	0m0.932s
1500+0 records in
1500+0 records out
1572864000 bytes (1.6 GB) copied, 3.80044 s, 414 MB/s
a513169962dc72ac1efb3e8c1c77811b  -

real	0m3.803s
user	0m3.512s
sys	0m0.855s
1500+0 records in
1500+0 records out
1572864000 bytes (1.6 GB) copied, 3.81777 s, 412 MB/s
a513169962dc72ac1efb3e8c1c77811b  -

real	0m3.820s
user	0m3.527s
sys	0m0.900s
1500+0 records in
1500+0 records out
1572864000 bytes (1.6 GB) copied, 3.80794 s, 413 MB/s
a513169962dc72ac1efb3e8c1c77811b  -

real	0m3.811s
user	0m3.523s
sys	0m0.845s
1600+0 records in
1600+0 records out
1677721600 bytes (1.7 GB) copied, 4.06622 s, 413 MB/s
0b7d6b3d3391306fb6293937d70f832f  -

real	0m4.069s
user	0m3.737s
sys	0m0.932s
1600+0 records in
1600+0 records out
1677721600 bytes (1.7 GB) copied, 4.05537 s, 414 MB/s
0b7d6b3d3391306fb6293937d70f832f  -

real	0m4.058s
user	0m3.733s
sys	0m0.931s
1600+0 records in
1600+0 records out
1677721600 bytes (1.7 GB) copied, 4.07602 s, 412 MB/s
0b7d6b3d3391306fb6293937d70f832f  -

real	0m4.078s
user	0m3.726s
sys	0m0.943s
1600+0 records in
1600+0 records out
1677721600 bytes (1.7 GB) copied, 4.03689 s, 416 MB/s
0b7d6b3d3391306fb6293937d70f832f  -

real	0m4.039s
user	0m3.741s
sys	0m0.915s
1600+0 records in
1600+0 records out
1677721600 bytes (1.7 GB) copied, 4.07033 s, 412 MB/s
0b7d6b3d3391306fb6293937d70f832f  -

real	0m4.073s
user	0m3.733s
sys	0m0.993s
1600+0 records in
1600+0 records out
1677721600 bytes (1.7 GB) copied, 4.03975 s, 415 MB/s
0b7d6b3d3391306fb6293937d70f832f  -

real	0m4.043s
user	0m3.756s
sys	0m0.968s
1700+0 records in
1700+0 records out
1782579200 bytes (1.8 GB) copied, 4.28525 s, 416 MB/s
ab09f553e377fca9646864992ef5796d  -

real	0m4.288s
user	0m3.972s
sys	0m0.978s
1700+0 records in
1700+0 records out
1782579200 bytes (1.8 GB) copied, 4.31726 s, 413 MB/s
ab09f553e377fca9646864992ef5796d  -

real	0m4.320s
user	0m3.977s
sys	0m1.033s
1700+0 records in
1700+0 records out
1782579200 bytes (1.8 GB) copied, 4.30172 s, 414 MB/s
ab09f553e377fca9646864992ef5796d  -

real	0m4.304s
user	0m3.960s
sys	0m0.987s
1700+0 records in
1700+0 records out
1782579200 bytes (1.8 GB) copied, 4.32396 s, 412 MB/s
ab09f553e377fca9646864992ef5796d  -

real	0m4.327s
user	0m3.964s
sys	0m1.050s
1700+0 records in
1700+0 records out
1782579200 bytes (1.8 GB) copied, 4.329 s, 412 MB/s
ab09f553e377fca9646864992ef5796d  -

real	0m4.332s
user	0m3.985s
sys	0m1.030s
1700+0 records in
1700+0 records out
1782579200 bytes (1.8 GB) copiedab09f553e377fca9646864992ef5796d  -
, 4.32444 s, 412 MB/s

real	0m4.327s
user	0m3.979s
sys	0m1.040s
1800+0 records in
1800+0 records out
1887436800 bytes (1.9 GB) copied, 4.55316 s, 415 MB/s
01a2569bf059f37d2201ff363cb79b04  -

real	0m4.556s
user	0m4.177s
sys	0m1.064s
1800+0 records in
1800+0 records out
1887436800 bytes (1.9 GB) copied, 4.58589 s, 412 MB/s
01a2569bf059f37d2201ff363cb79b04  -

real	0m4.589s
user	0m4.203s
sys	0m1.120s
1800+0 records in
1800+0 records out
1887436800 bytes (1.9 GB) copied, 4.53932 s, 416 MB/s
01a2569bf059f37d2201ff363cb79b04  -

real	0m4.542s
user	0m4.161s
sys	0m1.080s
1900+0 records in
1900+0 records out
1992294400 bytes (2.0 GB) copied, 4.7939 s, 416 MB/s
49dc00b1317331af936f45f912a40972  -

real	0m4.797s
user	0m4.460s
sys	0m1.140s
1900+0 records in
1900+0 records out
1992294400 bytes (2.0 GB) copied, 4.84294 s, 411 MB/s
49dc00b1317331af936f45f912a40972  -

real	0m4.846s
user	0m4.456s
sys	0m1.152s
1900+0 records in
1900+0 records out
1992294400 bytes (2.0 GB) copied, 4.78337 s, 417 MB/s
49dc00b1317331af936f45f912a40972  -

real	0m4.786s
user	0m4.443s
sys	0m1.087s
1900+0 records in
1900+0 records out
1992294400 bytes (2.0 GB) copied, 4.82711 s, 413 MB/s
49dc00b1317331af936f45f912a40972  -

real	0m4.830s
user	0m4.430s
sys	0m1.099s
1900+0 records in
1900+0 records out
1992294400 bytes (2.0 GB) copied, 4.8132 s, 414 MB/s
49dc00b1317331af936f45f912a40972  -

real	0m4.816s
user	0m4.457s
sys	0m1.162s
1900+0 records in
1900+0 records out
1992294400 bytes (2.0 GB) copied, 4.81071 s, 414 MB/s
49dc00b1317331af936f45f912a40972  -

real	0m4.813s
user	0m4.417s
sys	0m1.115s
1000+0 records in
1000+0 records out
1048576000 bytes (1.0 GB) copied, 2.55219 s, 411 MB/s
3c84e34b319946f6531a2c4559f588a8  -

real	0m2.555s
user	0m2.332s
sys	0m0.584s
1000+0 records in
1000+0 records out
1048576000 bytes (1.0 GB) copied, 2.5316 s, 414 MB/s
3c84e34b319946f6531a2c4559f588a8  -

real	0m2.534s
user	0m2.347s
sys	0m0.566s
1000+0 records in
1000+0 records out
1048576000 bytes (1.0 GB) copied, 2.6355 s, 398 MB/s
3c84e34b319946f6531a2c4559f588a8  -

real	0m2.638s
user	0m2.338s
sys	0m0.574s
1000+0 records in
1000+0 records out
1048576000 bytes (1.0 GB) copied, 2.54829 s, 411 MB/s
3c84e34b319946f6531a2c4559f588a8  -

real	0m2.551s
user	0m2.331s
sys	0m0.581s
1000+0 records in
1000+0 records out
1048576000 bytes (1.0 GB) copied, 2.56324 s, 409 MB/s
3c84e34b319946f6531a2c4559f588a8  -

real	0m2.566s
user	0m2.336s
sys	0m0.577s
1000+0 records in
1000+0 records out
1048576000 bytes (1.0 GB) copied, 2.56573 s, 409 MB/s
3c84e34b319946f6531a2c4559f588a8  -

real	0m2.568s
user	0m2.343s
sys	0m0.572s
1000+0 records in
1000+0 records out
1048576000 bytes (1.0 GB) copied, 2.56361 s, 409 MB/s
3c84e34b319946f6531a2c4559f588a8  -

real	0m2.566s
user	0m2.337s
sys	0m0.612s
1000+0 records in
1000+0 records out
1048576000 bytes (1.0 GB) copied, 2.55775 s, 410 MB/s
3c84e34b319946f6531a2c4559f588a8  -

real	0m2.560s
user	0m2.338s
sys	0m0.615s
1000+0 records in
1000+0 records out
1048576000 bytes (1.0 GB) copied, 2.53028 s, 414 MB/s
3c84e34b319946f6531a2c4559f588a8  -

real	0m2.533s
user	0m2.330s
sys	0m0.595s
1000+0 records in
1000+0 records out
1048576000 bytes (1.0 GB) copied, 2.55157 s, 411 MB/s
3c84e34b319946f6531a2c4559f588a8  -

real	0m2.554s
user	0m2.346s
sys	0m0.570s
1000+0 records in
1000+0 records out
1048576000 bytes (1.0 GB) copied, 2.5887 s, 405 MB/s
3c84e34b319946f6531a2c4559f588a8  -

real	0m2.592s
user	0m2.351s
sys	0m0.611s
1000+0 records in
1000+0 records out
1048576000 bytes (1.0 GB) copied, 2.57031 s, 408 MB/s
3c84e34b319946f6531a2c4559f588a8  -

real	0m2.573s
user	0m2.350s
sys	0m0.597s
1000+0 records in
1000+0 records out
1048576000 bytes (1.0 GB) copied, 2.60754 s, 402 MB/s
3c84e34b319946f6531a2c4559f588a8  -

real	0m2.610s
user	0m2.340s
sys	0m0.615s
1000+0 records in
1000+0 records out
1048576000 bytes (1.0 GB) copied, 2.62125 s, 400 MB/s
3c84e34b319946f6531a2c4559f588a8  -

real	0m2.624s
user	0m2.305s
sys	0m0.608s
1000+0 records in
1000+0 records out
1048576000 bytes (1.0 GB) copied, 2.52903 s, 415 MB/s
3c84e34b319946f6531a2c4559f588a8  -

real	0m2.532s
user	0m2.319s
sys	0m0.597s
200+0 records in
200+0 records out
209715200 bytes (210 MB) copied, 0.515989 s, 406 MB/s
d1d5b198d0d7cfd209455beaed5367dd  -

real	0m0.518s
user	0m0.474s
sys	0m0.112s
200+0 records in
200+0 records out
209715200 bytes (210 MB) copied, 0.519851 s, 403 MB/s
d1d5b198d0d7cfd209455beaed5367dd  -

real	0m0.523s
user	0m0.473s
sys	0m0.126s
200+0 records in
200+0 records out
209715200 bytes (210 MB) copied, 0.517617 s, 405 MB/s
d1d5b198d0d7cfd209455beaed5367dd  -

real	0m0.520s
user	0m0.467s
sys	0m0.127s
200+0 records in
200+0 records out
209715200 bytes (210 MB) copied, 0.521404 s, 402 MB/s
d1d5b198d0d7cfd209455beaed5367dd  -

real	0m0.524s
user	0m0.462s
sys	0m0.139s
200+0 records in
200+0 records out
209715200 bytes (210 MB) copied, 0.516149 s, 406 MB/s
d1d5b198d0d7cfd209455beaed5367dd  -

real	0m0.519s
user	0m0.467s
sys	0m0.117s
200+0 records in
200+0 records out
209715200 bytes (210 MB) copied, 0.517187 s, 405 MB/s
d1d5b198d0d7cfd209455beaed5367dd  -

real	0m0.520s
user	0m0.468s
sys	0m0.120s
200+0 records in
200+0 records out
209715200 bytes (210 MB) copied, 0.516635 s, 406 MB/s
d1d5b198d0d7cfd209455beaed5367dd  -

real	0m0.519s
user	0m0.469s
sys	0m0.117s
200+0 records in
200+0 records out
209715200 bytes (210 MB) copied, 0.51741 s, 405 MB/s
d1d5b198d0d7cfd209455beaed5367dd  -

real	0m0.520s
user	0m0.464s
sys	0m0.124s
200+0 records in
200+0 records out
209715200 bytes (210 MB) copied, 0.518571 s, 404 MB/s
d1d5b198d0d7cfd209455beaed5367dd  -

real	0m0.521s
user	0m0.473s
sys	0m0.113s
200+0 records in
200+0 records out
209715200 bytes (210 MB) copied, 0.517032 s, 406 MB/s
d1d5b198d0d7cfd209455beaed5367dd  -

real	0m0.519s
user	0m0.464s
sys	0m0.121s
200+0 records in
200+0 records out
209715200 bytes (210 MB) copied, 0.518947 s, 404 MB/s
d1d5b198d0d7cfd209455beaed5367dd  -

real	0m0.522s
user	0m0.473s
sys	0m0.113s
200+0 records in
200+0 records out
209715200 bytes (210 MB) copied, 0.5215 s, 402 MB/s
d1d5b198d0d7cfd209455beaed5367dd  -

real	0m0.524s
user	0m0.465s
sys	0m0.133s
200+0 records in
200+0 records out
209715200 bytes (210 MB) copied, 0.516752 s, 406 MB/s
d1d5b198d0d7cfd209455beaed5367dd  -

real	0m0.519s
user	0m0.463s
sys	0m0.123s
200+0 records in
200+0 records out
209715200 bytes (210 MB) copied, 0.519581 s, 404 MB/s
d1d5b198d0d7cfd209455beaed5367dd  -

real	0m0.522s
user	0m0.469s
sys	0m0.129s
200+0 records in
200+0 records out
209715200 bytes (210 MB) copied, 0.521531 s, 402 MB/s
d1d5b198d0d7cfd209455beaed5367dd  -

real	0m0.524s
user	0m0.472s
sys	0m0.128s
200+0 records in
200+0 records out
209715200 bytes (210 MB) copied, 0.517599 s, 405 MB/s
d1d5b198d0d7cfd209455beaed5367dd  -

real	0m0.520s
user	0m0.478s
sys	0m0.109s
200+0 records in
200+0 records out
209715200 bytes (210 MB) copied, 0.516518 s, 406 MB/s
d1d5b198d0d7cfd209455beaed5367dd  -

real	0m0.519s
user	0m0.476s
sys	0m0.110s
200+0 records in
200+0 records out
209715200 bytes (210 MB) copied, 0.517822 s, 405 MB/s
d1d5b198d0d7cfd209455beaed5367dd  -

real	0m0.520s
user	0m0.469s
sys	0m0.113s
200+0 records in
200+0 records out
209715200 bytes (210 MB) copied, 0.518171 s, 405 MB/s
d1d5b198d0d7cfd209455beaed5367dd  -

real	0m0.521s
user	0m0.473s
sys	0m0.112s
200+0 records in
200+0 records out
209715200 bytes (210 MB) copied, 0.516641 s, 406 MB/s
d1d5b198d0d7cfd209455beaed5367dd  -

real	0m0.520s
user	0m0.467s
sys	0m0.119s
200+0 records in
200+0 records out
209715200 bytes (210 MB) copied, 0.516456 s, 406 MB/s
d1d5b198d0d7cfd209455beaed5367dd  -

real	0m0.519s
user	0m0.467s
sys	0m0.119s
200+0 records in
200+0 records out
209715200 bytes (210 MB) copied, 0.519496 s, 404 MB/s
d1d5b198d0d7cfd209455beaed5367dd  -

real	0m0.522s
user	0m0.471s
sys	0m0.127s
200+0 records in
200+0 records out
209715200 bytes (210 MB) copied, 0.517116 s, 406 MB/s
d1d5b198d0d7cfd209455beaed5367dd  -

real	0m0.520s
user	0m0.471s
sys	0m0.116s
200+0 records in
200+0 records out
209715200 bytes (210 MB) copied, 0.518441 s, 405 MB/s
d1d5b198d0d7cfd209455beaed5367dd  -

real	0m0.521s
user	0m0.469s
sys	0m0.126s
200+0 records in
200+0 records out
d1d5b198d0d7cfd209455beaed5367dd  -
209715200 bytes (210 MB) copied, 0.520414 s, 403 MB/s

real	0m0.523s
user	0m0.465s
sys	0m0.122s
200+0 records in
200+0 records out
209715200 bytes (210 MB) copied, 0.516289 s, 406 MB/s
d1d5b198d0d7cfd209455beaed5367dd  -

real	0m0.519s
user	0m0.467s
sys	0m0.118s
200+0 records in
200+0 records out
209715200 bytes (210 MB) copied, 0.520844 s, 403 MB/s
d1d5b198d0d7cfd209455beaed5367dd  -

real	0m0.524s
user	0m0.470s
sys	0m0.129s
200+0 records in
200+0 records out
209715200 bytes (210 MB) copied, 0.517792 s, 405 MB/s
d1d5b198d0d7cfd209455beaed5367dd  -

real	0m0.521s
user	0m0.476s
sys	0m0.118s
200+0 records in
200+0 records out
209715200 bytes (210 MB) copied, 0.518286 s, 405 MB/s
d1d5b198d0d7cfd209455beaed5367dd  -

real	0m0.521s
user	0m0.466s
sys	0m0.128s
200+0 records in
200+0 records out
209715200 bytes (210 MB) copied, 0.516673 s, 406 MB/s
d1d5b198d0d7cfd209455beaed5367dd  -

real	0m0.519s
user	0m0.471s
sys	0m0.116s
200+0 records in
200+0 records out
209715200 bytes (210 MB) copied, 0.517978 s, 405 MB/s
d1d5b198d0d7cfd209455beaed5367dd  -

real	0m0.520s
user	0m0.471s
sys	0m0.114s
200+0 records in
200+0 records out
209715200 bytes (210 MB) copied, 0.517628 s, 405 MB/s
d1d5b198d0d7cfd209455beaed5367dd  -

real	0m0.520s
user	0m0.472s
sys	0m0.117s
200+0 records in
200+0 records out
209715200 bytes (210 MB) copied, 0.517116 s, 406 MB/s
d1d5b198d0d7cfd209455beaed5367dd  -

real	0m0.520s
user	0m0.468s
sys	0m0.119s
20+0 records in
20+0 records out
20971520 bytes (21 MB) copied, 0.0669555 s, 313 MB/s
536cb0e6626114783f53870132bac5cb  -

real	0m0.070s
user	0m0.048s
sys	0m0.015s
20+0 records in
20+0 records out
20971520 bytes (21 MB) copied, 0.0663254 s, 316 MB/s
536cb0e6626114783f53870132bac5cb  -

real	0m0.069s
user	0m0.049s
sys	0m0.018s
20+0 records in
20+0 records out
20971520 bytes (21 MB) copied, 0.0658647 s, 318 MB/s
536cb0e6626114783f53870132bac5cb  -

real	0m0.069s
user	0m0.047s
sys	0m0.018s
20+0 records in
20+0 records out
20971520 bytes (21 MB) copied, 0.065145 s, 322 MB/s
536cb0e6626114783f53870132bac5cb  -

real	0m0.068s
user	0m0.052s
sys	0m0.013s
20+0 records in
20+0 records out
20971520 bytes (21 MB) copied, 0.0668185 s, 314 MB/s
536cb0e6626114783f53870132bac5cb  -

real	0m0.070s
user	0m0.052s
sys	0m0.015s
20+0 records in
20+0 records out
20971520 bytes (21 MB) copied, 0.0691717 s, 303 MB/s
536cb0e6626114783f53870132bac5cb  -

real	0m0.072s
user	0m0.050s
sys	0m0.017s
20+0 records in
20+0 records out
20971520 bytes (21 MB) copied, 0.0652529 s, 321 MB/s
536cb0e6626114783f53870132bac5cb  -

real	0m0.068s
user	0m0.048s
sys	0m0.016s
20+0 records in
20+0 records out
20971520 bytes (21 MB) copied, 0.0692138 s, 303 MB/s
536cb0e6626114783f53870132bac5cb  -

real	0m0.072s
user	0m0.045s
sys	0m0.023s
20+0 records in
20+0 records out
20971520 bytes (21 MB) copied, 0.0668127 s, 314 MB/s
536cb0e6626114783f53870132bac5cb  -

real	0m0.069s
user	0m0.051s
sys	0m0.012s
20+0 records in
20+0 records out
20971520 bytes (21 MB) copied, 0.0642141 s, 327 MB/s
536cb0e6626114783f53870132bac5cb  -

real	0m0.067s
user	0m0.047s
sys	0m0.014s
20+0 records in
20+0 records out
20971520 bytes (21 MB) copied, 0.0649307 s, 323 MB/s
536cb0e6626114783f53870132bac5cb  -

real	0m0.067s
user	0m0.049s
sys	0m0.013s
20+0 records in
20+0 records out
20971520 bytes (21 MB) copied, 0.0655967 s, 320 MB/s
536cb0e6626114783f53870132bac5cb  -

real	0m0.068s
user	0m0.051s
sys	0m0.014s
20+0 records in
20+0 records out
20971520 bytes (21 MB) copied, 0.0659076 s, 318 MB/s
536cb0e6626114783f53870132bac5cb  -

real	0m0.068s
user	0m0.049s
sys	0m0.015s
20+0 records in
20+0 records out
20971520 bytes (21 MB) copied, 0.0667601 s, 314 MB/s
536cb0e6626114783f53870132bac5cb  -

real	0m0.070s
user	0m0.053s
sys	0m0.014s
20+0 records in
20+0 records out
20971520 bytes (21 MB) copied, 0.0689221 s, 304 MB/s
536cb0e6626114783f53870132bac5cb  -

real	0m0.072s
user	0m0.042s
sys	0m0.025s
20+0 records in
20+0 records out
20971520 bytes (21 MB) copied, 0.0677711 s, 309 MB/s
536cb0e6626114783f53870132bac5cb  -

real	0m0.071s
user	0m0.047s
sys	0m0.022s
20+0 records in
20+0 records out
20971520 bytes (21 MB) copied, 0.0667662 s, 314 MB/s
536cb0e6626114783f53870132bac5cb  -

real	0m0.070s
user	0m0.049s
sys	0m0.018s
20+0 records in
20+0 records out
20971520 bytes (21 MB) copied, 0.0686857 s, 305 MB/s
536cb0e6626114783f53870132bac5cb  -

real	0m0.071s
user	0m0.049s
sys	0m0.018s
20+0 records in
20+0 records out
20971520 bytes (21 MB) copied, 0.0676459 s, 310 MB/s
536cb0e6626114783f53870132bac5cb  -

real	0m0.070s
user	0m0.051s
sys	0m0.014s
20+0 records in
20+0 records out
20971520 bytes (21 MB) copied, 0.0673351 s, 311 MB/s
536cb0e6626114783f53870132bac5cb  -

real	0m0.070s
user	0m0.049s
sys	0m0.018s
20+0 records in
20+0 records out
20971520 bytes (21 MB) copied, 0.0661138 s, 317 MB/s
536cb0e6626114783f53870132bac5cb  -

real	0m0.069s
user	0m0.048s
sys	0m0.018s
20+0 records in
20+0 records out
20971520 bytes (21 MB) copied, 0.0695507 s, 302 MB/s
536cb0e6626114783f53870132bac5cb  -

real	0m0.072s
user	0m0.052s
sys	0m0.015s
20+0 records in
20+0 records out
20971520 bytes (21 MB) copied, 0.0685749 s, 306 MB/s
536cb0e6626114783f53870132bac5cb  -

real	0m0.071s
user	0m0.049s
sys	0m0.017s
20+0 records in
20+0 records out
20971520 bytes (21 MB) copied, 0.067704 s, 310 MB/s
536cb0e6626114783f53870132bac5cb  -

real	0m0.071s
user	0m0.049s
sys	0m0.018s
2100+0 records in
2100+0 records out
2202009600 bytes (2.2 GB) copied, 5.31004 s, 415 MB/s
eff86592a62bcf7ad9ef69b1fde6f878  -

real	0m5.313s
user	0m4.905s
sys	0m1.229s
2100+0 records in
2100+0 records out
2202009600 bytes (2.2 GB) copied, 5.3276 s, 413 MB/s
eff86592a62bcf7ad9ef69b1fde6f878  -

real	0m5.330s
user	0m4.874s
sys	0m1.245s
2100+0 records in
2100+0 records out
2202009600 bytes (2.2 GB) copied, 5.29128 s, 416 MB/s
eff86592a62bcf7ad9ef69b1fde6f878  -

real	0m5.294s
user	0m4.890s
sys	0m1.234s
2100+0 records in
2100+0 records out
2202009600 bytes (2.2 GB) copied, 5.3386 s, 412 MB/s
eff86592a62bcf7ad9ef69b1fde6f878  -

real	0m5.341s
user	0m4.921s
sys	0m1.256s
2100+0 records in
2100+0 records out
2202009600 bytes (2.2 GB) copied, 5.28531 s, 417 MB/s
eff86592a62bcf7ad9ef69b1fde6f878  -

real	0m5.288s
user	0m4.909s
sys	0m1.209s
2100+0 records in
2100+0 records out
2202009600 bytes (2.2 GB) copied, 5.32568 s, 413 MB/s
eff86592a62bcf7ad9ef69b1fde6f878  -

real	0m5.329s
user	0m4.890s
sys	0m1.313s
2000+0 records in
2000+0 records out
2097152000 bytes (2.1 GB) copied, 5.07121 s, 414 MB/s
0dd74775419ada42017a0fdf21eccf94  -

real	0m5.074s
user	0m4.669s
sys	0m1.173s
2000+0 records in
2000+0 records out
2097152000 bytes (2.1 GB) copied, 5.08223 s, 413 MB/s
0dd74775419ada42017a0fdf21eccf94  -

real	0m5.085s
user	0m4.669s
sys	0m1.153s
2000+0 records in
2000+0 records out
2097152000 bytes (2.1 GB) copied, 5.05621 s, 415 MB/s
0dd74775419ada42017a0fdf21eccf94  -

real	0m5.059s
user	0m4.673s
sys	0m1.149s
2000+0 records in
2000+0 records out
2097152000 bytes (2.1 GB) copied, 5.09075 s, 412 MB/s
0dd74775419ada42017a0fdf21eccf94  -

real	0m5.094s
user	0m4.687s
sys	0m1.136s
2000+0 records in
2000+0 records out
2097152000 bytes (2.1 GB) copied, 5.06328 s, 414 MB/s
0dd74775419ada42017a0fdf21eccf94  -

real	0m5.066s
user	0m4.650s
sys	0m1.174s
2000+0 records in
2000+0 records out
2097152000 bytes (2.1 GB) copied, 5.06264 s, 414 MB/s
0dd74775419ada42017a0fdf21eccf94  -

real	0m5.065s
user	0m4.646s
sys	0m1.176s
300+0 records in
300+0 records out
314572800 bytes (315 MB) copied, 0.768626 s, 409 MB/s
0645af5e336813ac035053b285ae5aa0  -

real	0m0.771s
user	0m0.709s
sys	0m0.181s
300+0 records in
300+0 records out
314572800 bytes (315 MB) copied, 0.768528 s, 409 MB/s
0645af5e336813ac035053b285ae5aa0  -

real	0m0.771s
user	0m0.695s
sys	0m0.183s
300+0 records in
300+0 records out
314572800 bytes (315 MB) copied, 0.770946 s, 408 MB/s
0645af5e336813ac035053b285ae5aa0  -

real	0m0.774s
user	0m0.710s
sys	0m0.178s
300+0 records in
300+0 records out
314572800 bytes (315 MB) copied, 0.77287 s, 407 MB/s
0645af5e336813ac035053b285ae5aa0  -

real	0m0.776s
user	0m0.697s
sys	0m0.180s
300+0 records in
300+0 records out
314572800 bytes (315 MB) copied, 0.767823 s, 410 MB/s
0645af5e336813ac035053b285ae5aa0  -

real	0m0.770s
user	0m0.704s
sys	0m0.173s
300+0 records in
300+0 records out
314572800 bytes (315 MB) copied, 0.768868 s, 409 MB/s
0645af5e336813ac035053b285ae5aa0  -

real	0m0.772s
user	0m0.699s
sys	0m0.189s
300+0 records in
300+0 records out
314572800 bytes (315 MB) copied, 0.770803 s, 408 MB/s
0645af5e336813ac035053b285ae5aa0  -

real	0m0.774s
user	0m0.709s
sys	0m0.177s
300+0 records in
300+0 records out
314572800 bytes (315 MB) copied, 0.767188 s, 410 MB/s
0645af5e336813ac035053b285ae5aa0  -

real	0m0.770s
user	0m0.698s
sys	0m0.178s
300+0 records in
300+0 records out
314572800 bytes (315 MB) copied, 0.766882 s, 410 MB/s
0645af5e336813ac035053b285ae5aa0  -

real	0m0.770s
user	0m0.695s
sys	0m0.181s
300+0 records in
300+0 records out
314572800 bytes (315 MB) copied, 0.76618 s, 411 MB/s
0645af5e336813ac035053b285ae5aa0  -

real	0m0.769s
user	0m0.695s
sys	0m0.180s
300+0 records in
300+0 records out
314572800 bytes (315 MB) copied, 0.771989 s, 407 MB/s
0645af5e336813ac035053b285ae5aa0  -

real	0m0.774s
user	0m0.702s
sys	0m0.173s
300+0 records in
300+0 records out
314572800 bytes (315 MB) copied, 0.76869 s, 409 MB/s
0645af5e336813ac035053b285ae5aa0  -

real	0m0.771s
user	0m0.694s
sys	0m0.187s
300+0 records in
300+0 records out
314572800 bytes (315 MB) copied, 0.766628 s, 410 MB/s
0645af5e336813ac035053b285ae5aa0  -

real	0m0.769s
user	0m0.711s
sys	0m0.166s
300+0 records in
300+0 records out
314572800 bytes (315 MB) copied, 0.768643 s, 409 MB/s
0645af5e336813ac035053b285ae5aa0  -

real	0m0.772s
user	0m0.705s
sys	0m0.174s
300+0 records in
300+0 records out
314572800 bytes (315 MB) copied, 0.768972 s, 409 MB/s
0645af5e336813ac035053b285ae5aa0  -

real	0m0.771s
user	0m0.700s
sys	0m0.175s
300+0 records in
300+0 records out
314572800 bytes (315 MB) copied, 0.767841 s, 410 MB/s
0645af5e336813ac035053b285ae5aa0  -

real	0m0.770s
user	0m0.699s
sys	0m0.178s
300+0 records in
300+0 records out
314572800 bytes (315 MB) copied, 0.76735 s, 410 MB/s
0645af5e336813ac035053b285ae5aa0  -

real	0m0.770s
user	0m0.702s
sys	0m0.174s
300+0 records in
300+0 records out
314572800 bytes (315 MB) copied, 0.769893 s, 409 MB/s
0645af5e336813ac035053b285ae5aa0  -

real	0m0.773s
user	0m0.698s
sys	0m0.178s
300+0 records in
300+0 records out
314572800 bytes (315 MB) copied, 0.766447 s, 410 MB/s
0645af5e336813ac035053b285ae5aa0  -

real	0m0.769s
user	0m0.708s
sys	0m0.167s
300+0 records in
300+0 records out
314572800 bytes (315 MB) copied, 0.76974 s, 409 MB/s
0645af5e336813ac035053b285ae5aa0  -

real	0m0.772s
user	0m0.688s
sys	0m0.188s
300+0 records in
300+0 records out
314572800 bytes (315 MB) copied, 0.76881 s, 409 MB/s
0645af5e336813ac035053b285ae5aa0  -

real	0m0.772s
user	0m0.704s
sys	0m0.182s
300+0 records in
300+0 records out
314572800 bytes (315 MB) copied, 0.768123 s, 410 MB/s
0645af5e336813ac035053b285ae5aa0  -

real	0m0.771s
user	0m0.699s
sys	0m0.180s
300+0 records in
300+0 records out
314572800 bytes (315 MB) copied, 0.772033 s, 407 MB/s
0645af5e336813ac035053b285ae5aa0  -

real	0m0.775s
user	0m0.710s
sys	0m0.183s
300+0 records in
300+0 records out
314572800 bytes (315 MB) copied, 0.768146 s, 410 MB/s
0645af5e336813ac035053b285ae5aa0  -

real	0m0.771s
user	0m0.705s
sys	0m0.181s
300+0 records in
300+0 records out
314572800 bytes (315 MB) copied, 0.769516 s, 409 MB/s
0645af5e336813ac035053b285ae5aa0  -

real	0m0.772s
user	0m0.714s
sys	0m0.159s
300+0 records in
300+0 records out
314572800 bytes (315 MB) copied, 0.766783 s, 410 MB/s
0645af5e336813ac035053b285ae5aa0  -

real	0m0.770s
user	0m0.709s
sys	0m0.167s
300+0 records in
300+0 records out
314572800 bytes (315 MB) copied, 0.768277 s, 409 MB/s
0645af5e336813ac035053b285ae5aa0  -

real	0m0.771s
user	0m0.683s
sys	0m0.195s
300+0 records in
300+0 records out
314572800 bytes (315 MB) copied, 0.771052 s, 408 MB/s
0645af5e336813ac035053b285ae5aa0  -

real	0m0.774s
user	0m0.706s
sys	0m0.185s
300+0 records in
300+0 records out
314572800 bytes (315 MB) copied, 0.769868 s, 409 MB/s
0645af5e336813ac035053b285ae5aa0  -

real	0m0.772s
user	0m0.699s
sys	0m0.178s
300+0 records in
300+0 records out
314572800 bytes (315 MB) copied, 0.771783 s, 408 MB/s
0645af5e336813ac035053b285ae5aa0  -

real	0m0.774s
user	0m0.713s
sys	0m0.165s
30+0 records in
30+0 records out
31457280 bytes (31 MB) copied, 0.0906563 s, 347 MB/s
93ec09663019ee5273f775aa3a2220e8  -

real	0m0.093s
user	0m0.070s
sys	0m0.022s
30+0 records in
30+0 records out
31457280 bytes (31 MB) copied, 0.0892081 s, 353 MB/s
93ec09663019ee5273f775aa3a2220e8  -

real	0m0.092s
user	0m0.072s
sys	0m0.020s
30+0 records in
30+0 records out
31457280 bytes (31 MB) copied, 0.0897088 s, 351 MB/s
93ec09663019ee5273f775aa3a2220e8  -

real	0m0.092s
user	0m0.071s
sys	0m0.020s
30+0 records in
30+0 records out
31457280 bytes (31 MB) copied, 0.0898559 s, 350 MB/s
93ec09663019ee5273f775aa3a2220e8  -

real	0m0.093s
user	0m0.069s
sys	0m0.022s
30+0 records in
30+0 records out
31457280 bytes (31 MB) copied, 0.0901645 s, 349 MB/s
93ec09663019ee5273f775aa3a2220e8  -

real	0m0.093s
user	0m0.071s
sys	0m0.021s
30+0 records in
30+0 records out
31457280 bytes (31 MB) copied, 0.0899059 s, 350 MB/s
93ec09663019ee5273f775aa3a2220e8  -

real	0m0.092s
user	0m0.070s
sys	0m0.022s
30+0 records in
30+0 records out
31457280 bytes (31 MB) copied, 0.0899318 s, 350 MB/s
93ec09663019ee5273f775aa3a2220e8  -

real	0m0.092s
user	0m0.071s
sys	0m0.022s
30+0 records in
30+0 records out
31457280 bytes (31 MB) copied, 0.0898717 s, 350 MB/s
93ec09663019ee5273f775aa3a2220e8  -

real	0m0.092s
user	0m0.073s
sys	0m0.019s
30+0 records in
30+0 records out
31457280 bytes (31 MB) copied, 0.0924675 s, 340 MB/s
93ec09663019ee5273f775aa3a2220e8  -

real	0m0.095s
user	0m0.072s
sys	0m0.019s
30+0 records in
30+0 records out
31457280 bytes (31 MB) copied, 0.0929364 s, 338 MB/s
93ec09663019ee5273f775aa3a2220e8  -

real	0m0.096s
user	0m0.068s
sys	0m0.030s
30+0 records in
30+0 records out
31457280 bytes (31 MB) copied, 0.0952573 s, 330 MB/s
93ec09663019ee5273f775aa3a2220e8  -

real	0m0.098s
user	0m0.074s
sys	0m0.024s
30+0 records in
30+0 records out
31457280 bytes (31 MB) copied, 0.0926293 s, 340 MB/s
93ec09663019ee5273f775aa3a2220e8  -

real	0m0.095s
user	0m0.075s
sys	0m0.023s
30+0 records in
30+0 records out
31457280 bytes (31 MB) copied, 0.0952336 s, 330 MB/s
93ec09663019ee5273f775aa3a2220e8  -

real	0m0.098s
user	0m0.074s
sys	0m0.025s
30+0 records in
30+0 records out
31457280 bytes (31 MB) copied, 0.0936436 s, 336 MB/s
93ec09663019ee5273f775aa3a2220e8  -

real	0m0.096s
user	0m0.072s
sys	0m0.026s
30+0 records in
30+0 records out
31457280 bytes (31 MB) copied, 0.092919 s, 339 MB/s
93ec09663019ee5273f775aa3a2220e8  -

real	0m0.096s
user	0m0.072s
sys	0m0.025s
30+0 records in
30+0 records out
31457280 bytes (31 MB) copied, 0.0903785 s, 348 MB/s
93ec09663019ee5273f775aa3a2220e8  -

real	0m0.093s
user	0m0.072s
sys	0m0.019s
30+0 records in
30+0 records out
31457280 bytes (31 MB) copied, 0.0899716 s, 350 MB/s
93ec09663019ee5273f775aa3a2220e8  -

real	0m0.092s
user	0m0.077s
sys	0m0.014s
30+0 records in
30+0 records out
31457280 bytes (31 MB) copied, 0.0924011 s, 340 MB/s
93ec09663019ee5273f775aa3a2220e8  -

real	0m0.095s
user	0m0.074s
sys	0m0.017s
30+0 records in
30+0 records out
31457280 bytes (31 MB) copied, 0.0897829 s, 350 MB/s
93ec09663019ee5273f775aa3a2220e8  -

real	0m0.092s
user	0m0.071s
sys	0m0.021s
30+0 records in
30+0 records out
31457280 bytes (31 MB) copied, 0.0929366 s, 338 MB/s
93ec09663019ee5273f775aa3a2220e8  -

real	0m0.096s
user	0m0.072s
sys	0m0.027s
30+0 records in
30+0 records out
31457280 bytes (31 MB) copied, 0.0921585 s, 341 MB/s
93ec09663019ee5273f775aa3a2220e8  -

real	0m0.095s
user	0m0.081s
sys	0m0.017s
400+0 records in
400+0 records out
419430400 bytes (419 MB) copied, 1.01912 s, 412 MB/s
01768a16d33c9bd21dc67a7fac006ee1  -

real	0m1.022s
user	0m0.927s
sys	0m0.242s
400+0 records in
400+0 records out
419430400 bytes (419 MB) copied, 1.01842 s, 412 MB/s
01768a16d33c9bd21dc67a7fac006ee1  -

real	0m1.021s
user	0m0.936s
sys	0m0.232s
400+0 records in
400+0 records out
419430400 bytes (419 MB) copied, 1.02287 s, 410 MB/s
01768a16d33c9bd21dc67a7fac006ee1  -

real	0m1.026s
user	0m0.936s
sys	0m0.250s
400+0 records in
400+0 records out
419430400 bytes (419 MB) copied, 1.0186 s, 412 MB/s
01768a16d33c9bd21dc67a7fac006ee1  -

real	0m1.021s
user	0m0.951s
sys	0m0.216s
400+0 records in
400+0 records out
419430400 bytes (419 MB) copied, 1.02056 s, 411 MB/s
01768a16d33c9bd21dc67a7fac006ee1  -

real	0m1.023s
user	0m0.937s
sys	0m0.230s
400+0 records in
400+0 records out
419430400 bytes (419 MB) copied, 1.02 s, 411 MB/s
01768a16d33c9bd21dc67a7fac006ee1  -

real	0m1.023s
user	0m0.941s
sys	0m0.224s
400+0 records in
400+0 records out
419430400 bytes (419 MB) copied, 1.02526 s, 409 MB/s
01768a16d33c9bd21dc67a7fac006ee1  -

real	0m1.028s
user	0m0.941s
sys	0m0.246s
400+0 records in
400+0 records out
419430400 bytes (419 MB) copied, 1.02145 s, 411 MB/s
01768a16d33c9bd21dc67a7fac006ee1  -

real	0m1.024s
user	0m0.938s
sys	0m0.245s
400+0 records in
400+0 records out
419430400 bytes (419 MB) copied, 1.02159 s, 411 MB/s
01768a16d33c9bd21dc67a7fac006ee1  -

real	0m1.024s
user	0m0.950s
sys	0m0.217s
400+0 records in
400+0 records out
419430400 bytes (419 MB) copied, 1.01921 s, 412 MB/s
01768a16d33c9bd21dc67a7fac006ee1  -

real	0m1.022s
user	0m0.927s
sys	0m0.241s
400+0 records in
400+0 records out
419430400 bytes (419 MB) copied, 1.01937 s, 411 MB/s
01768a16d33c9bd21dc67a7fac006ee1  -

real	0m1.022s
user	0m0.946s
sys	0m0.234s
400+0 records in
400+0 records out
419430400 bytes (419 MB) copied, 1.021 s, 411 MB/s
01768a16d33c9bd21dc67a7fac006ee1  -

real	0m1.024s
user	0m0.944s
sys	0m0.236s
400+0 records in
400+0 records out
419430400 bytes (419 MB) copied, 1.01966 s, 411 MB/s
01768a16d33c9bd21dc67a7fac006ee1  -

real	0m1.022s
user	0m0.934s
sys	0m0.232s
400+0 records in
400+0 records out
419430400 bytes (419 MB) copied, 1.02119 s, 411 MB/s
01768a16d33c9bd21dc67a7fac006ee1  -

real	0m1.024s
user	0m0.937s
sys	0m0.231s
400+0 records in
400+0 records out
419430400 bytes (419 MB) copied, 1.04174 s, 403 MB/s
01768a16d33c9bd21dc67a7fac006ee1  -

real	0m1.044s
user	0m0.949s
sys	0m0.220s
40+0 records in
40+0 records out
41943040 bytes (42 MB) copied, 0.116332 s, 361 MB/s
1886e67cf8783e89ce6ddc5bb09a3944  -

real	0m0.119s
user	0m0.097s
sys	0m0.028s
40+0 records in
40+0 records out
41943040 bytes (42 MB) copied, 0.115439 s, 363 MB/s
1886e67cf8783e89ce6ddc5bb09a3944  -

real	0m0.118s
user	0m0.101s
sys	0m0.021s
40+0 records in
40+0 records out
41943040 bytes (42 MB) copied, 0.11736 s, 357 MB/s
1886e67cf8783e89ce6ddc5bb09a3944  -

real	0m0.120s
user	0m0.101s
sys	0m0.026s
40+0 records in
40+0 records out
41943040 bytes (42 MB) copied, 0.118526 s, 354 MB/s
1886e67cf8783e89ce6ddc5bb09a3944  -

real	0m0.121s
user	0m0.095s
sys	0m0.028s
40+0 records in
40+0 records out
41943040 bytes (42 MB) copied, 0.115116 s, 364 MB/s
1886e67cf8783e89ce6ddc5bb09a3944  -

real	0m0.118s
user	0m0.097s
sys	0m0.024s
40+0 records in
40+0 records out
41943040 bytes (42 MB) copied, 0.114958 s, 365 MB/s
1886e67cf8783e89ce6ddc5bb09a3944  -

real	0m0.117s
user	0m0.090s
sys	0m0.031s
40+0 records in
40+0 records out
41943040 bytes (42 MB) copied, 0.117934 s, 356 MB/s
1886e67cf8783e89ce6ddc5bb09a3944  -

real	0m0.120s
user	0m0.098s
sys	0m0.024s
40+0 records in
40+0 records out
41943040 bytes (42 MB) copied, 0.11663 s, 360 MB/s
1886e67cf8783e89ce6ddc5bb09a3944  -

real	0m0.120s
user	0m0.097s
sys	0m0.024s
40+0 records in
40+0 records out
41943040 bytes (42 MB) copied, 0.115925 s, 362 MB/s
1886e67cf8783e89ce6ddc5bb09a3944  -

real	0m0.118s
user	0m0.102s
sys	0m0.019s
40+0 records in
40+0 records out
41943040 bytes (42 MB) copied, 0.116649 s, 360 MB/s
1886e67cf8783e89ce6ddc5bb09a3944  -

real	0m0.119s
user	0m0.099s
sys	0m0.022s
40+0 records in
40+0 records out
41943040 bytes (42 MB) copied, 0.114949 s, 365 MB/s
1886e67cf8783e89ce6ddc5bb09a3944  -

real	0m0.117s
user	0m0.097s
sys	0m0.023s
40+0 records in
40+0 records out
41943040 bytes (42 MB) copied, 0.115596 s, 363 MB/s
1886e67cf8783e89ce6ddc5bb09a3944  -

real	0m0.118s
user	0m0.097s
sys	0m0.025s
40+0 records in
40+0 records out
41943040 bytes (42 MB) copied, 0.115262 s, 364 MB/s
1886e67cf8783e89ce6ddc5bb09a3944  -

real	0m0.118s
user	0m0.101s
sys	0m0.019s
40+0 records in
40+0 records out
41943040 bytes (42 MB) copied, 0.115133 s, 364 MB/s
1886e67cf8783e89ce6ddc5bb09a3944  -

real	0m0.118s
user	0m0.097s
sys	0m0.023s
40+0 records in
40+0 records out
41943040 bytes (42 MB) copied, 0.114921 s, 365 MB/s
1886e67cf8783e89ce6ddc5bb09a3944  -

real	0m0.117s
user	0m0.091s
sys	0m0.030s
500+0 records in
500+0 records out
524288000 bytes (524 MB) copied, 1.27265 s, 412 MB/s
afbad591ee2b70ac94258fbc7fac3bf2  -

real	0m1.275s
user	0m1.169s
sys	0m0.308s
500+0 records in
500+0 records out
524288000 bytes (524 MB) copied, 1.31266 s, 399 MB/s
afbad591ee2b70ac94258fbc7fac3bf2  -

real	0m1.315s
user	0m1.177s
sys	0m0.283s
500+0 records in
500+0 records out
524288000 bytes (524 MB) copied, 1.30249 s, 403 MB/s
afbad591ee2b70ac94258fbc7fac3bf2  -

real	0m1.305s
user	0m1.173s
sys	0m0.312s
500+0 records in
500+0 records out
524288000 bytes (524 MB) copied, 1.29211 s, 406 MB/s
afbad591ee2b70ac94258fbc7fac3bf2  -

real	0m1.295s
user	0m1.164s
sys	0m0.312s
500+0 records in
500+0 records out
524288000 bytes (524 MB) copied, 1.35387 s, 387 MB/s
afbad591ee2b70ac94258fbc7fac3bf2  -

real	0m1.357s
user	0m1.157s
sys	0m0.305s
500+0 records in
500+0 records out
524288000 bytes (524 MB) copied, 1.283 s, 409 MB/s
afbad591ee2b70ac94258fbc7fac3bf2  -

real	0m1.286s
user	0m1.163s
sys	0m0.296s
500+0 records in
500+0 records out
524288000 bytes (524 MB) copied, 1.29693 s, 404 MB/s
afbad591ee2b70ac94258fbc7fac3bf2  -

real	0m1.300s
user	0m1.164s
sys	0m0.317s
500+0 records in
500+0 records out
524288000 bytes (524 MB) copied, 1.32311 s, 396 MB/s
afbad591ee2b70ac94258fbc7fac3bf2  -

real	0m1.326s
user	0m1.156s
sys	0m0.301s
500+0 records in
500+0 records out
524288000 bytes (524 MB) copied, 1.30486 s, 402 MB/s
afbad591ee2b70ac94258fbc7fac3bf2  -

real	0m1.308s
user	0m1.179s
sys	0m0.299s
500+0 records in
500+0 records out
524288000 bytes (524 MB) copied, 1.30544 s, 402 MB/s
afbad591ee2b70ac94258fbc7fac3bf2  -

real	0m1.308s
user	0m1.182s
sys	0m0.297s
500+0 records in
500+0 records out
524288000 bytes (524 MB) copied, 1.2833 s, 409 MB/s
afbad591ee2b70ac94258fbc7fac3bf2  -

real	0m1.286s
user	0m1.190s
sys	0m0.287s
500+0 records in
500+0 records out
524288000 bytes (524 MB) copied, 1.28045 s, 409 MB/s
afbad591ee2b70ac94258fbc7fac3bf2  -

real	0m1.283s
user	0m1.177s
sys	0m0.307s
500+0 records in
500+0 records out
524288000 bytes (524 MB) copied, 1.2744 s, 411 MB/s
afbad591ee2b70ac94258fbc7fac3bf2  -

real	0m1.277s
user	0m1.171s
sys	0m0.309s
500+0 records in
500+0 records out
524288000 bytes (524 MB) copied, 1.30675 s, 401 MB/s
afbad591ee2b70ac94258fbc7fac3bf2  -

real	0m1.309s
user	0m1.180s
sys	0m0.305s
500+0 records in
500+0 records out
524288000 bytes (524 MB) copied, 1.28974 s, 407 MB/s
afbad591ee2b70ac94258fbc7fac3bf2  -

real	0m1.292s
user	0m1.189s
sys	0m0.270s
50+0 records in
50+0 records out
52428800 bytes (52 MB) copied, 0.141459 s, 371 MB/s
34461231816b5db55cc2d6cef577a226  -

real	0m0.144s
user	0m0.119s
sys	0m0.034s
50+0 records in
50+0 records out
52428800 bytes (52 MB) copied, 0.139929 s, 375 MB/s
34461231816b5db55cc2d6cef577a226  -

real	0m0.143s
user	0m0.119s
sys	0m0.032s
50+0 records in
50+0 records out
52428800 bytes (52 MB) copied, 0.142762 s, 367 MB/s
34461231816b5db55cc2d6cef577a226  -

real	0m0.145s
user	0m0.120s
sys	0m0.030s
50+0 records in
50+0 records out
52428800 bytes (52 MB) copied, 0.142971 s, 367 MB/s
34461231816b5db55cc2d6cef577a226  -

real	0m0.146s
user	0m0.120s
sys	0m0.038s
50+0 records in
50+0 records out
52428800 bytes (52 MB) copied, 0.145564 s, 360 MB/s
34461231816b5db55cc2d6cef577a226  -

real	0m0.148s
user	0m0.117s
sys	0m0.040s
50+0 records in
50+0 records out
52428800 bytes (52 MB) copied, 0.144719 s, 362 MB/s
34461231816b5db55cc2d6cef577a226  -

real	0m0.148s
user	0m0.110s
sys	0m0.047s
600+0 records in
600+0 records out
629145600 bytes (629 MB) copied, 1.56559 s, 402 MB/s
a3efae1ea808df353a4e99bdc74d8874  -

real	0m1.568s
user	0m1.390s
sys	0m0.361s
600+0 records in
600+0 records out
629145600 bytes (629 MB) copied, 1.52864 s, 412 MB/s
a3efae1ea808df353a4e99bdc74d8874  -

real	0m1.531s
user	0m1.395s
sys	0m0.363s
600+0 records in
600+0 records out
629145600 bytes (629 MB) copied, 1.52483 s, 413 MB/s
a3efae1ea808df353a4e99bdc74d8874  -

real	0m1.527s
user	0m1.383s
sys	0m0.374s
600+0 records in
600+0 records out
629145600 bytes (629 MB) copied, 1.5573 s, 404 MB/s
a3efae1ea808df353a4e99bdc74d8874  -

real	0m1.560s
user	0m1.407s
sys	0m0.343s
600+0 records in
600+0 records out
629145600 bytes (629 MB) copied, 1.52074 s, 414 MB/s
a3efae1ea808df353a4e99bdc74d8874  -

real	0m1.523s
user	0m1.386s
sys	0m0.364s
600+0 records in
600+0 records out
629145600 bytes (629 MB) copied, 1.58083 s, 398 MB/s
a3efae1ea808df353a4e99bdc74d8874  -

real	0m1.584s
user	0m1.392s
sys	0m0.358s
600+0 records in
600+0 records out
629145600 bytes (629 MB) copied, 1.57453 s, 400 MB/s
a3efae1ea808df353a4e99bdc74d8874  -

real	0m1.577s
user	0m1.402s
sys	0m0.376s
600+0 records in
600+0 records out
629145600 bytes (629 MB) copied, 1.52508 s, 413 MB/s
a3efae1ea808df353a4e99bdc74d8874  -

real	0m1.528s
user	0m1.415s
sys	0m0.359s
600+0 records in
600+0 records out
629145600 bytes (629 MB) copied, 1.54216 s, 408 MB/s
a3efae1ea808df353a4e99bdc74d8874  -

real	0m1.545s
user	0m1.391s
sys	0m0.357s
600+0 records in
600+0 records out
629145600 bytes (629 MB) copied, 1.51998 s, 414 MB/s
a3efae1ea808df353a4e99bdc74d8874  -

real	0m1.523s
user	0m1.405s
sys	0m0.347s
600+0 records in
600+0 records out
629145600 bytes (629 MB) copied, 1.56457 s, 402 MB/s
a3efae1ea808df353a4e99bdc74d8874  -

real	0m1.568s
user	0m1.421s
sys	0m0.359s
600+0 records in
600+0 records out
629145600 bytes (629 MB) copied, 1.53152 s, 411 MB/s
a3efae1ea808df353a4e99bdc74d8874  -

real	0m1.534s
user	0m1.416s
sys	0m0.352s
60+0 records in
60+0 records out
62914560 bytes (63 MB) copied, 0.167154 s, 376 MB/s
bc02b802ba975c42c70746f431bc656c  -

real	0m0.170s
user	0m0.143s
sys	0m0.040s
60+0 records in
60+0 records out
62914560 bytes (63 MB) copied, 0.167586 s, 375 MB/s
bc02b802ba975c42c70746f431bc656c  -

real	0m0.170s
user	0m0.143s
sys	0m0.042s
60+0 records in
60+0 records out
62914560 bytes (63 MB) copied, 0.165288 s, 381 MB/s
bc02b802ba975c42c70746f431bc656c  -

real	0m0.168s
user	0m0.145s
sys	0m0.034s
60+0 records in
60+0 records out
62914560 bytes (63 MB) copied, 0.164831 s, 382 MB/s
bc02b802ba975c42c70746f431bc656c  -

real	0m0.167s
user	0m0.137s
sys	0m0.042s
60+0 records in
60+0 records out
62914560 bytes (63 MB) copied, 0.17056 s, 369 MB/s
bc02b802ba975c42c70746f431bc656c  -

real	0m0.174s
user	0m0.146s
sys	0m0.042s
60+0 records in
60+0 records out
62914560 bytes (63 MB) copied, 0.167952 s, 375 MB/s
bc02b802ba975c42c70746f431bc656c  -

real	0m0.171s
user	0m0.146s
sys	0m0.041s
60+0 records in
60+0 records out
62914560 bytes (63 MB) copied, 0.165777 s, 380 MB/s
bc02b802ba975c42c70746f431bc656c  -

real	0m0.168s
user	0m0.142s
sys	0m0.037s
60+0 records in
60+0 records out
62914560 bytes (63 MB) copied, 0.168373 s, 374 MB/s
bc02b802ba975c42c70746f431bc656c  -

real	0m0.171s
user	0m0.139s
sys	0m0.048s
60+0 records in
60+0 records out
62914560 bytes (63 MB) copied, 0.167825 s, 375 MB/s
bc02b802ba975c42c70746f431bc656c  -

real	0m0.171s
user	0m0.139s
sys	0m0.047s
700+0 records in
700+0 records out
734003200 bytes (734 MB) copied, 1.81001 s, 406 MB/s
d980fa11e4b4d962a50235520a7aee72  -

real	0m1.813s
user	0m1.615s
sys	0m0.425s
700+0 records in
700+0 records out
734003200 bytes (734 MB) copied, 1.7763 s, 413 MB/s
d980fa11e4b4d962a50235520a7aee72  -

real	0m1.779s
user	0m1.640s
sys	0m0.424s
700+0 records in
700+0 records out
734003200 bytes (734 MB) copied, 1.8155 s, 404 MB/s
d980fa11e4b4d962a50235520a7aee72  -

real	0m1.818s
user	0m1.644s
sys	0m0.396s
700+0 records in
700+0 records out
734003200 bytes (734 MB) copied, 1.79887 s, 408 MB/s
d980fa11e4b4d962a50235520a7aee72  -

real	0m1.801s
user	0m1.626s
sys	0m0.416s
700+0 records in
700+0 records out
734003200 bytes (734 MB) copied, 1.81273 s, 405 MB/s
d980fa11e4b4d962a50235520a7aee72  -

real	0m1.816s
user	0m1.640s
sys	0m0.401s
700+0 records in
700+0 records out
734003200 bytes (734 MB) copied, 1.77708 s, 413 MB/s
d980fa11e4b4d962a50235520a7aee72  -

real	0m1.780s
user	0m1.646s
sys	0m0.407s
700+0 records in
700+0 records out
734003200 bytes (734 MB) copied, 1.81366 s, 405 MB/s
d980fa11e4b4d962a50235520a7aee72  -

real	0m1.817s
user	0m1.644s
sys	0m0.419s
700+0 records in
700+0 records out
734003200 bytes (734 MB) copied, 1.7787 s, 413 MB/s
d980fa11e4b4d962a50235520a7aee72  -

real	0m1.782s
user	0m1.642s
sys	0m0.434s
700+0 records in
700+0 records out
734003200 bytes (734 MB) copied, 1.7793 s, 413 MB/s
d980fa11e4b4d962a50235520a7aee72  -

real	0m1.782s
user	0m1.648s
sys	0m0.427s
70+0 records in
70+0 records out
73400320 bytes (73 MB) copied, 0.195768 s, 375 MB/s
bdca7382fcab7f3542143642d865f8da  -

real	0m0.199s
user	0m0.167s
sys	0m0.049s
70+0 records in
70+0 records out
73400320 bytes (73 MB) copied, 0.190406 s, 385 MB/s
bdca7382fcab7f3542143642d865f8da  -

real	0m0.193s
user	0m0.167s
sys	0m0.041s
70+0 records in
70+0 records out
73400320 bytes (73 MB) copied, 0.190098 s, 386 MB/s
bdca7382fcab7f3542143642d865f8da  -

real	0m0.193s
user	0m0.166s
sys	0m0.042s
800+0 records in
800+0 records out
838860800 bytes (839 MB) copied, 2.03348 s, 413 MB/s
c696e173fd392f2528fba8a97c379d9e  -

real	0m2.036s
user	0m1.883s
sys	0m0.487s
800+0 records in
800+0 records out
838860800 bytes (839 MB) copied, 2.05155 s, 409 MB/s
c696e173fd392f2528fba8a97c379d9e  -

real	0m2.054s
user	0m1.866s
sys	0m0.465s
800+0 records in
800+0 records out
838860800 bytes (839 MB) copied, 2.03723 s, 412 MB/s
c696e173fd392f2528fba8a97c379d9e  -

real	0m2.040s
user	0m1.861s
sys	0m0.472s
800+0 records in
800+0 records out
838860800 bytes (839 MB) copied, 2.05724 s, 408 MB/s
c696e173fd392f2528fba8a97c379d9e  -

real	0m2.060s
user	0m1.871s
sys	0m0.492s
800+0 records in
800+0 records out
838860800 bytes (839 MB) copied, 2.04094 s, 411 MB/s
c696e173fd392f2528fba8a97c379d9e  -

real	0m2.043s
user	0m1.863s
sys	0m0.468s
800+0 records in
800+0 records out
838860800 bytes (839 MB) copied, 2.05672 s, 408 MB/s
c696e173fd392f2528fba8a97c379d9e  -

real	0m2.060s
user	0m1.875s
sys	0m0.479s
80+0 records in
80+0 records out
83886080 bytes (84 MB) copied, 0.219125 s, 383 MB/s
6d549690aca96e1e82a8861db8eabec4  -

real	0m0.222s
user	0m0.191s
sys	0m0.054s
80+0 records in
80+0 records out
83886080 bytes (84 MB) copied, 0.219474 s, 382 MB/s
6d549690aca96e1e82a8861db8eabec4  -

real	0m0.222s
user	0m0.189s
sys	0m0.047s
80+0 records in
80+0 records out
83886080 bytes (84 MB) copied, 0.220918 s, 380 MB/s
6d549690aca96e1e82a8861db8eabec4  -

real	0m0.223s
user	0m0.186s
sys	0m0.059s
900+0 records in
900+0 records out
943718400 bytes (944 MB) copied, 2.34469 s, 402 MB/s
55311b398078939978cb92086e61c228  -

real	0m2.347s
user	0m2.102s
sys	0m0.540s
900+0 records in
900+0 records out
943718400 bytes (944 MB) copied, 2.38332 s, 396 MB/s
55311b398078939978cb92086e61c228  -

real	0m2.386s
user	0m2.096s
sys	0m0.562s
900+0 records in
900+0 records out
943718400 bytes (944 MB) copied, 2.28382 s, 413 MB/s
55311b398078939978cb92086e61c228  -

real	0m2.287s
user	0m2.092s
sys	0m0.572s
90+0 records in
90+0 records out
94371840 bytes (94 MB) copied, 0.242138 s, 390 MB/s
3678bf25d42dcdabce294e924f4e37c0  -

real	0m0.245s
user	0m0.206s
sys	0m0.064s
90+0 records in
90+0 records out
94371840 bytes (94 MB) copied, 0.243358 s, 388 MB/s
3678bf25d42dcdabce294e924f4e37c0  -

real	0m0.246s
user	0m0.210s
sys	0m0.064s
90+0 records in
90+0 records out
94371840 bytes (94 MB) copied, 0.245261 s, 385 MB/s
3678bf25d42dcdabce294e924f4e37c0  -

real	0m0.248s
user	0m0.208s
sys	0m0.067s
90+0 records in
90+0 records out
94371840 bytes (94 MB) copied, 0.241557 s, 391 MB/s
3678bf25d42dcdabce294e924f4e37c0  -

real	0m0.244s
user	0m0.216s
sys	0m0.053s
90+0 records in
90+0 records out
94371840 bytes (94 MB) copied, 0.240679 s, 392 MB/s
3678bf25d42dcdabce294e924f4e37c0  -

real	0m0.243s
user	0m0.214s
sys	0m0.054s
90+0 records in
90+0 records out
94371840 bytes (94 MB) copied, 0.241472 s, 391 MB/s
3678bf25d42dcdabce294e924f4e37c0  -

real	0m0.244s
user	0m0.207s
sys	0m0.059s
100+0 records in
100+0 records out
876fac806fac9926ea0bfac7ddf6649c  -
104857600 bytes (105 MB) copied, 0.278898 s, 376 MB/s

real	0m0.282s
user	0m0.231s
sys	0m0.064s
100+0 records in
100+0 records out
104857600 bytes (105 MB) copied, 0.252056 s, 416 MB/s
876fac806fac9926ea0bfac7ddf6649c  -

real	0m0.255s
user	0m0.239s
sys	0m0.056s
100+0 records in
100+0 records out
104857600 bytes (105 MB) copied, 0.25541 s, 411 MB/s
876fac806fac9926ea0bfac7ddf6649c  -

real	0m0.258s
user	0m0.230s
sys	0m0.074s
100+0 records in
100+0 records out
104857600 bytes (105 MB) copied, 0.255925 s, 410 MB/s
876fac806fac9926ea0bfac7ddf6649c  -

real	0m0.259s
user	0m0.234s
sys	0m0.072s
100+0 records in
100+0 records out
104857600 bytes (105 MB) copied, 0.251985 s, 416 MB/s
876fac806fac9926ea0bfac7ddf6649c  -

real	0m0.255s
user	0m0.235s
sys	0m0.061s
100+0 records in
100+0 records out
104857600 bytes (105 MB) copied, 0.254512 s, 412 MB/s
876fac806fac9926ea0bfac7ddf6649c  -

real	0m0.257s
user	0m0.244s
sys	0m0.059s
100+0 records in
100+0 records out
104857600 bytes (105 MB) copied, 0.256818 s, 408 MB/s
876fac806fac9926ea0bfac7ddf6649c  -

real	0m0.260s
user	0m0.233s
sys	0m0.073s
100+0 records in
100+0 records out
104857600 bytes (105 MB) copied, 0.252127 s, 416 MB/s
876fac806fac9926ea0bfac7ddf6649c  -

real	0m0.255s
user	0m0.234s
sys	0m0.063s
100+0 records in
100+0 records out
104857600 bytes (105 MB) copied, 0.252019 s, 416 MB/s
876fac806fac9926ea0bfac7ddf6649c  -

real	0m0.255s
user	0m0.239s
sys	0m0.057s
100+0 records in
100+0 records out
104857600 bytes (105 MB) copied, 0.251878 s, 416 MB/s
876fac806fac9926ea0bfac7ddf6649c  -

real	0m0.255s
user	0m0.233s
sys	0m0.062s
100+0 records in
100+0 records out
104857600 bytes (105 MB) copied, 0.255481 s, 410 MB/s
876fac806fac9926ea0bfac7ddf6649c  -

real	0m0.258s
user	0m0.232s
sys	0m0.073s
100+0 records in
100+0 records out
104857600 bytes (105 MB) copied, 0.256831 s, 408 MB/s
876fac806fac9926ea0bfac7ddf6649c  -

real	0m0.260s
user	0m0.246s
sys	0m0.061s
10+0 records in
10+0 records out
10485760 bytes (10 MB) copied, 0.0258212 s, 406 MB/s
e56e104794a18df5f41f6d2d87b4cc67  -

real	0m0.029s
user	0m0.024s
sys	0m0.010s
10+0 records in
10+0 records out
10485760 bytes (10 MB) copied, 0.0269201 s, 390 MB/s
e56e104794a18df5f41f6d2d87b4cc67  -

real	0m0.030s
user	0m0.024s
sys	0m0.011s
10+0 records in
10+0 records out
10485760 bytes (10 MB) copied, 0.0267282 s, 392 MB/s
e56e104794a18df5f41f6d2d87b4cc67  -

real	0m0.030s
user	0m0.025s
sys	0m0.010s
10+0 records in
10+0 records out
10485760 bytes (10 MB) copied, 0.026733 s, 392 MB/s
e56e104794a18df5f41f6d2d87b4cc67  -

real	0m0.030s
user	0m0.023s
sys	0m0.012s
10+0 records in
10+0 records out
10485760 bytes (10 MB) copied, 0.026348 s, 398 MB/s
e56e104794a18df5f41f6d2d87b4cc67  -

real	0m0.029s
user	0m0.026s
sys	0m0.009s
10+0 records in
10+0 records out
10485760 bytes (10 MB) copied, 0.0272453 s, 385 MB/s
e56e104794a18df5f41f6d2d87b4cc67  -

real	0m0.030s
user	0m0.024s
sys	0m0.013s
10+0 records in
10+0 records out
10485760 bytes (10 MB) copied, 0.0271291 s, 387 MB/s
e56e104794a18df5f41f6d2d87b4cc67  -

real	0m0.030s
user	0m0.024s
sys	0m0.013s
10+0 records in
10+0 records out
10485760 bytes (10 MB) copied, 0.027218 s, 385 MB/s
e56e104794a18df5f41f6d2d87b4cc67  -

real	0m0.030s
user	0m0.026s
sys	0m0.011s
10+0 records in
10+0 records out
10485760 bytes (10 MB) copied, 0.0270901 s, 387 MB/s
e56e104794a18df5f41f6d2d87b4cc67  -

real	0m0.030s
user	0m0.024s
sys	0m0.012s
10+0 records in
10+0 records out
10485760 bytes (10 MB) copied, 0.0271606 s, 386 MB/s
e56e104794a18df5f41f6d2d87b4cc67  -

real	0m0.030s
user	0m0.028s
sys	0m0.009s
10+0 records in
10+0 records out
10485760 bytes (10 MB) copied, 0.0272841 s, 384 MB/s
e56e104794a18df5f41f6d2d87b4cc67  -

real	0m0.030s
user	0m0.026s
sys	0m0.011s
10+0 records in
10+0 records out
10485760 bytes (10 MB) copied, 0.0271613 s, 386 MB/s
e56e104794a18df5f41f6d2d87b4cc67  -

real	0m0.030s
user	0m0.025s
sys	0m0.011s
10+0 records in
10+0 records out
10485760 bytes (10 MB) copied, 0.0266948 s, 393 MB/s
e56e104794a18df5f41f6d2d87b4cc67  -

real	0m0.030s
user	0m0.027s
sys	0m0.009s
10+0 records in
10+0 records out
10485760 bytes (10 MB) copied, 0.0271404 s, 386 MB/s
e56e104794a18df5f41f6d2d87b4cc67  -

real	0m0.030s
user	0m0.025s
sys	0m0.012s
10+0 records in
10+0 records out
10485760 bytes (10 MB) copied, 0.0271338 s, 386 MB/s
e56e104794a18df5f41f6d2d87b4cc67  -

real	0m0.030s
user	0m0.028s
sys	0m0.009s
10+0 records in
10+0 records out
10485760 bytes (10 MB) copied, 0.0267432 s, 392 MB/s
e56e104794a18df5f41f6d2d87b4cc67  -

real	0m0.030s
user	0m0.024s
sys	0m0.012s
10+0 records in
10+0 records out
10485760 bytes (10 MB) copied, 0.0271295 s, 387 MB/s
e56e104794a18df5f41f6d2d87b4cc67  -

real	0m0.030s
user	0m0.028s
sys	0m0.008s
10+0 records in
10+0 records out
10485760 bytes (10 MB) copied, 0.0270792 s, 387 MB/s
e56e104794a18df5f41f6d2d87b4cc67  -

real	0m0.030s
user	0m0.027s
sys	0m0.008s
10+0 records in
10+0 records out
10485760 bytes (10 MB) copied, 0.0270498 s, 388 MB/s
e56e104794a18df5f41f6d2d87b4cc67  -

real	0m0.030s
user	0m0.027s
sys	0m0.010s
10+0 records in
10+0 records out
10485760 bytes (10 MB) copied, 0.0272637 s, 385 MB/s
e56e104794a18df5f41f6d2d87b4cc67  -

real	0m0.030s
user	0m0.025s
sys	0m0.012s
10+0 records in
10+0 records out
10485760 bytes (10 MB) copied, 0.0271505 s, 386 MB/s
e56e104794a18df5f41f6d2d87b4cc67  -

real	0m0.030s
user	0m0.025s
sys	0m0.011s
10+0 records in
10+0 records out
10485760 bytes (10 MB) copied, 0.0268486 s, 391 MB/s
e56e104794a18df5f41f6d2d87b4cc67  -

real	0m0.030s
user	0m0.028s
sys	0m0.008s
10+0 records in
10+0 records out
10485760 bytes (10 MB) copied, 0.0269683 s, 389 MB/s
e56e104794a18df5f41f6d2d87b4cc67  -

real	0m0.030s
user	0m0.026s
sys	0m0.010s
10+0 records in
10+0 records out
10485760 bytes (10 MB) copied, 0.0270373 s, 388 MB/s
e56e104794a18df5f41f6d2d87b4cc67  -

real	0m0.030s
user	0m0.028s
sys	0m0.008s
10+0 records in
10+0 records out
10485760 bytes (10 MB) copied, 0.0267425 s, 392 MB/s
e56e104794a18df5f41f6d2d87b4cc67  -

real	0m0.030s
user	0m0.025s
sys	0m0.010s
10+0 records in
10+0 records out
10485760 bytes (10 MB) copied, 0.026495 s, 396 MB/s
e56e104794a18df5f41f6d2d87b4cc67  -

real	0m0.030s
user	0m0.027s
sys	0m0.008s
10+0 records in
10+0 records out
10485760 bytes (10 MB) copied, 0.0272054 s, 385 MB/s
e56e104794a18df5f41f6d2d87b4cc67  -

real	0m0.030s
user	0m0.023s
sys	0m0.013s
10+0 records in
10+0 records out
10485760 bytes (10 MB) copied, 0.0271612 s, 386 MB/s
e56e104794a18df5f41f6d2d87b4cc67  -

real	0m0.030s
user	0m0.027s
sys	0m0.009s
10+0 records in
10+0 records out
10485760 bytes (10 MB) copied, 0.0269822 s, 389 MB/s
e56e104794a18df5f41f6d2d87b4cc67  -

real	0m0.030s
user	0m0.028s
sys	0m0.007s
10+0 records in
10+0 records out
10485760 bytes (10 MB) copied, 0.0267901 s, 391 MB/s
e56e104794a18df5f41f6d2d87b4cc67  -

real	0m0.030s
user	0m0.026s
sys	0m0.010s
10+0 records in
10+0 records out
10485760 bytes (10 MB) copied, 0.0271567 s, 386 MB/s
e56e104794a18df5f41f6d2d87b4cc67  -

real	0m0.030s
user	0m0.028s
sys	0m0.007s
10+0 records in
10+0 records out
10485760 bytes (10 MB) copied, 0.0270242 s, 388 MB/s
e56e104794a18df5f41f6d2d87b4cc67  -

real	0m0.030s
user	0m0.024s
sys	0m0.012s
10+0 records in
10+0 records out
10485760 bytes (10 MB) copied, 0.0270703 s, 387 MB/s
e56e104794a18df5f41f6d2d87b4cc67  -

real	0m0.030s
user	0m0.029s
sys	0m0.007s
10+0 records in
10+0 records out
10485760 bytes (10 MB) copied, 0.0272194 s, 385 MB/s
e56e104794a18df5f41f6d2d87b4cc67  -

real	0m0.030s
user	0m0.027s
sys	0m0.009s
10+0 records in
10+0 records out
10485760 bytes (10 MB) copied, 0.0271965 s, 386 MB/s
e56e104794a18df5f41f6d2d87b4cc67  -

real	0m0.030s
user	0m0.027s
sys	0m0.009s
10+0 records in
10+0 records out
10485760 bytes (10 MB) copied, 0.0271805 s, 386 MB/s
e56e104794a18df5f41f6d2d87b4cc67  -

real	0m0.030s
user	0m0.025s
sys	0m0.011s
10+0 records in
10+0 records out
10485760 bytes (10 MB) copied, 0.027185 s, 386 MB/s
e56e104794a18df5f41f6d2d87b4cc67  -

real	0m0.030s
user	0m0.027s
sys	0m0.010s
10+0 records in
10+0 records out
10485760 bytes (10 MB) copied, 0.0270448 s, 388 MB/s
e56e104794a18df5f41f6d2d87b4cc67  -

real	0m0.030s
user	0m0.029s
sys	0m0.007s
10+0 records in
10+0 records out
10485760 bytes (10 MB) copiede56e104794a18df5f41f6d2d87b4cc67  -
, 0.0272797 s, 384 MB/s

real	0m0.030s
user	0m0.025s
sys	0m0.011s
1100+0 records in
1100+0 records out
2561b0540a4fbe901daa3fbaf286c407  -
1153433600 bytes (1.2 GB) copied, 2.80052 s, 412 MB/s

real	0m2.803s
user	0m2.565s
sys	0m0.640s
1100+0 records in
1100+0 records out
1153433600 bytes (1.2 GB) copied, 2.80006 s, 412 MB/s
2561b0540a4fbe901daa3fbaf286c407  -

real	0m2.803s
user	0m2.533s
sys	0m0.673s
1100+0 records in
1100+0 records out
1153433600 bytes (1.2 GB) copied, 2.83769 s, 406 MB/s
2561b0540a4fbe901daa3fbaf286c407  -

real	0m2.840s
user	0m2.562s
sys	0m0.649s
1100+0 records in
1100+0 records out
1153433600 bytes (1.2 GB) copied, 2.82099 s, 409 MB/s
2561b0540a4fbe901daa3fbaf286c407  -

real	0m2.824s
user	0m2.579s
sys	0m0.628s
1100+0 records in
1100+0 records out
1153433600 bytes (1.2 GB) copied, 2.83908 s, 406 MB/s
2561b0540a4fbe901daa3fbaf286c407  -

real	0m2.842s
user	0m2.564s
sys	0m0.690s
1100+0 records in
1100+0 records out
1153433600 bytes (1.2 GB) copied2561b0540a4fbe901daa3fbaf286c407  -
, 2.83421 s, 407 MB/s

real	0m2.837s
user	0m2.569s
sys	0m0.638s
1200+0 records in
1200+0 records out
1258291200 bytes (1.3 GB) copied, 3.04153 s, 414 MB/s
2c6f0dc58f3ac34dc73e35393e634805  -

real	0m3.044s
user	0m2.812s
sys	0m0.740s
1200+0 records in
1200+0 records out
1258291200 bytes (1.3 GB) copied, 3.09691 s, 406 MB/s
2c6f0dc58f3ac34dc73e35393e634805  -

real	0m3.100s
user	0m2.806s
sys	0m0.742s
1200+0 records in
1200+0 records out
1258291200 bytes (1.3 GB) copied, 3.0728 s, 409 MB/s
2c6f0dc58f3ac34dc73e35393e634805  -

real	0m3.075s
user	0m2.784s
sys	0m0.715s
1200+0 records in
1200+0 records out
1258291200 bytes (1.3 GB) copied, 3.02889 s, 415 MB/s
2c6f0dc58f3ac34dc73e35393e634805  -

real	0m3.031s
user	0m2.813s
sys	0m0.684s
1200+0 records in
1200+0 records out
1258291200 bytes (1.3 GB) copied, 3.03131 s, 415 MB/s
2c6f0dc58f3ac34dc73e35393e634805  -

real	0m3.034s
user	0m2.790s
sys	0m0.710s
1200+0 records in
1200+0 records out
1258291200 bytes (1.3 GB) copied, 3.0531 s, 412 MB/s
2c6f0dc58f3ac34dc73e35393e634805  -

real	0m3.056s
user	0m2.816s
sys	0m0.685s
1200+0 records in
1200+0 records out
1258291200 bytes (1.3 GB) copied, 3.04738 s, 413 MB/s
2c6f0dc58f3ac34dc73e35393e634805  -

real	0m3.050s
user	0m2.818s
sys	0m0.735s
1200+0 records in
1200+0 records out
1258291200 bytes (1.3 GB) copied, 3.09802 s, 406 MB/s
2c6f0dc58f3ac34dc73e35393e634805  -

real	0m3.101s
user	0m2.813s
sys	0m0.740s
1200+0 records in
1200+0 records out
1258291200 bytes (1.3 GB) copied, 3.0802 s, 409 MB/s
2c6f0dc58f3ac34dc73e35393e634805  -

real	0m3.083s
user	0m2.815s
sys	0m0.724s
1200+0 records in
1200+0 records out
1258291200 bytes (1.3 GB) copied, 3.0889 s, 407 MB/s
2c6f0dc58f3ac34dc73e35393e634805  -

real	0m3.091s
user	0m2.799s
sys	0m0.754s
1200+0 records in
1200+0 records out
1258291200 bytes (1.3 GB) copied, 3.0447 s, 413 MB/s
2c6f0dc58f3ac34dc73e35393e634805  -

real	0m3.047s
user	0m2.802s
sys	0m0.697s
1200+0 records in
1200+0 records out
1258291200 bytes (1.3 GB) copied, 3.0742 s, 409 MB/s
2c6f0dc58f3ac34dc73e35393e634805  -

real	0m3.077s
user	0m2.791s
sys	0m0.705s
1300+0 records in
1300+0 records out
1363148800 bytes (1.4 GB) copied, 3.29762 s, 413 MB/s
16e951f35b990d32b8f43787a41a7ec4  -

real	0m3.300s
user	0m3.041s
sys	0m0.767s
1300+0 records in
1300+0 records out
1363148800 bytes (1.4 GB) copied, 3.31124 s, 412 MB/s
16e951f35b990d32b8f43787a41a7ec4  -

real	0m3.314s
user	0m3.039s
sys	0m0.754s
1300+0 records in
1300+0 records out
1363148800 bytes (1.4 GB) copied, 3.30399 s, 413 MB/s
16e951f35b990d32b8f43787a41a7ec4  -

real	0m3.307s
user	0m3.033s
sys	0m0.773s
1300+0 records in
1300+0 records out
1363148800 bytes (1.4 GB) copied, 3.50308 s, 389 MB/s
16e951f35b990d32b8f43787a41a7ec4  -

real	0m3.506s
user	0m3.058s
sys	0m0.792s
1300+0 records in
1300+0 records out
1363148800 bytes (1.4 GB) copied, 3.30651 s, 412 MB/s
16e951f35b990d32b8f43787a41a7ec4  -

real	0m3.309s
user	0m3.038s
sys	0m0.756s
1300+0 records in
1300+0 records out
1363148800 bytes (1.4 GB) copied, 3.33366 s, 409 MB/s
16e951f35b990d32b8f43787a41a7ec4  -

real	0m3.336s
user	0m3.052s
sys	0m0.737s
1300+0 records in
1300+0 records out
1363148800 bytes (1.4 GB) copied, 3.32579 s, 410 MB/s
16e951f35b990d32b8f43787a41a7ec4  -

real	0m3.328s
user	0m3.042s
sys	0m0.809s
1300+0 records in
1300+0 records out
1363148800 bytes (1.4 GB) copied, 3.31241 s, 412 MB/s
16e951f35b990d32b8f43787a41a7ec4  -

real	0m3.315s
user	0m3.052s
sys	0m0.735s
1300+0 records in
1300+0 records out
1363148800 bytes (1.4 GB) copied, 3.32317 s, 410 MB/s
16e951f35b990d32b8f43787a41a7ec4  -

real	0m3.326s
user	0m3.060s
sys	0m0.732s
1400+0 records in
1400+0 records out
1468006400 bytes (1.5 GB) copied, 3.53215 s, 416 MB/s
84a3217ceaf265bc6890fcfd2fd2cb53  -

real	0m3.535s
user	0m3.265s
sys	0m0.815s
1400+0 records in
1400+0 records out
1468006400 bytes (1.5 GB) copied, 3.54038 s, 415 MB/s
84a3217ceaf265bc6890fcfd2fd2cb53  -

real	0m3.543s
user	0m3.250s
sys	0m0.850s
1400+0 records in
1400+0 records out
1468006400 bytes (1.5 GB) copied, 3.53944 s, 415 MB/s
84a3217ceaf265bc6890fcfd2fd2cb53  -

real	0m3.543s
user	0m3.272s
sys	0m0.865s
1500+0 records in
1500+0 records out
1572864000 bytes (1.6 GB) copied, 3.78511 s, 416 MB/s
a513169962dc72ac1efb3e8c1c77811b  -

real	0m3.788s
user	0m3.513s
sys	0m0.858s
1500+0 records in
1500+0 records out
1572864000 bytes (1.6 GB) copied, 3.8201 s, 412 MB/s
a513169962dc72ac1efb3e8c1c77811b  -

real	0m3.823s
user	0m3.513s
sys	0m0.912s
1500+0 records in
1500+0 records out
1572864000 bytes (1.6 GB) copied, 3.82232 s, 411 MB/s
a513169962dc72ac1efb3e8c1c77811b  -

real	0m3.825s
user	0m3.521s
sys	0m0.912s
1500+0 records in
1500+0 records out
1572864000 bytes (1.6 GB) copied, 3.79633 s, 414 MB/s
a513169962dc72ac1efb3e8c1c77811b  -

real	0m3.799s
user	0m3.515s
sys	0m0.899s
1500+0 records in
1500+0 records out
1572864000 bytes (1.6 GB) copied, 3.81684 s, 412 MB/s
a513169962dc72ac1efb3e8c1c77811b  -

real	0m3.820s
user	0m3.514s
sys	0m0.875s
1500+0 records in
1500+0 records out
1572864000 bytes (1.6 GB) copied, 3.83092 s, 411 MB/s
a513169962dc72ac1efb3e8c1c77811b  -

real	0m3.834s
user	0m3.500s
sys	0m0.928s
1600+0 records in
1600+0 records out
1677721600 bytes (1.7 GB) copied, 4.06061 s, 413 MB/s
0b7d6b3d3391306fb6293937d70f832f  -

real	0m4.063s
user	0m3.752s
sys	0m0.914s
1600+0 records in
1600+0 records out
1677721600 bytes (1.7 GB) copied, 4.0665 s, 413 MB/s
0b7d6b3d3391306fb6293937d70f832f  -

real	0m4.069s
user	0m3.726s
sys	0m0.992s
1600+0 records in
1600+0 records out
1677721600 bytes (1.7 GB) copied, 4.09507 s, 410 MB/s
0b7d6b3d3391306fb6293937d70f832f  -

real	0m4.098s
user	0m3.744s
sys	0m0.989s
1600+0 records in
1600+0 records out
1677721600 bytes (1.7 GB) copied, 4.043 s, 415 MB/s
0b7d6b3d3391306fb6293937d70f832f  -

real	0m4.046s
user	0m3.740s
sys	0m0.928s
1600+0 records in
1600+0 records out
1677721600 bytes (1.7 GB) copied, 4.06675 s, 413 MB/s
0b7d6b3d3391306fb6293937d70f832f  -

real	0m4.069s
user	0m3.768s
sys	0m0.955s
1600+0 records in
1600+0 records out
1677721600 bytes (1.7 GB) copied, 4.03944 s, 415 MB/s
0b7d6b3d3391306fb6293937d70f832f  -

real	0m4.042s
user	0m3.720s
sys	0m0.974s
1700+0 records in
1700+0 records out
1782579200 bytes (1.8 GB) copied, 4.29341 s, 415 MB/s
ab09f553e377fca9646864992ef5796d  -

real	0m4.296s
user	0m3.970s
sys	0m1.047s
1700+0 records in
1700+0 records out
1782579200 bytes (1.8 GB) copied, 4.30718 s, 414 MB/s
ab09f553e377fca9646864992ef5796d  -

real	0m4.310s
user	0m3.979s
sys	0m0.974s
1700+0 records in
1700+0 records out
1782579200 bytes (1.8 GB) copied, 4.33194 s, 411 MB/s
ab09f553e377fca9646864992ef5796d  -

real	0m4.335s
user	0m3.977s
sys	0m0.977s
1700+0 records in
1700+0 records out
1782579200 bytes (1.8 GB) copied, 4.32449 s, 412 MB/s
ab09f553e377fca9646864992ef5796d  -

real	0m4.327s
user	0m3.963s
sys	0m1.059s
1700+0 records in
1700+0 records out
1782579200 bytes (1.8 GB) copied, 4.31602 s, 413 MB/s
ab09f553e377fca9646864992ef5796d  -

real	0m4.319s
user	0m3.974s
sys	0m0.988s
1700+0 records in
1700+0 records out
1782579200 bytes (1.8 GB) copied, 4.31365 s, 413 MB/s
ab09f553e377fca9646864992ef5796d  -

real	0m4.316s
user	0m3.972s
sys	0m0.980s
1800+0 records in
1800+0 records out
1887436800 bytes (1.9 GB) copied, 4.55502 s, 414 MB/s
01a2569bf059f37d2201ff363cb79b04  -

real	0m4.558s
user	0m4.182s
sys	0m1.064s
1800+0 records in
1800+0 records out
1887436800 bytes (1.9 GB) copied, 4.56771 s, 413 MB/s
01a2569bf059f37d2201ff363cb79b04  -

real	0m4.570s
user	0m4.214s
sys	0m1.034s
1800+0 records in
1800+0 records out
1887436800 bytes (1.9 GB) copied, 4.53954 s, 416 MB/s
01a2569bf059f37d2201ff363cb79b04  -

real	0m4.542s
user	0m4.221s
sys	0m1.019s
1900+0 records in
1900+0 records out
1992294400 bytes (2.0 GB) copied, 4.80042 s, 415 MB/s
49dc00b1317331af936f45f912a40972  -

real	0m4.803s
user	0m4.417s
sys	0m1.197s
1900+0 records in
1900+0 records out
1992294400 bytes (2.0 GB) copied, 4.85884 s, 410 MB/s
49dc00b1317331af936f45f912a40972  -

real	0m4.861s
user	0m4.450s
sys	0m1.092s
1900+0 records in
1900+0 records out
1992294400 bytes (2.0 GB) copied, 4.80264 s, 415 MB/s
49dc00b1317331af936f45f912a40972  -

real	0m4.805s
user	0m4.434s
sys	0m1.138s
1900+0 records in
1900+0 records out
1992294400 bytes (2.0 GB) copied, 4.84597 s, 411 MB/s
49dc00b1317331af936f45f912a40972  -

real	0m4.849s
user	0m4.453s
sys	0m1.165s
1900+0 records in
1900+0 records out
1992294400 bytes (2.0 GB) copied, 4.83843 s, 412 MB/s
49dc00b1317331af936f45f912a40972  -

real	0m4.841s
user	0m4.467s
sys	0m1.146s
1900+0 records in
1900+0 records out
1992294400 bytes (2.0 GB) copied, 4.8232 s, 413 MB/s
49dc00b1317331af936f45f912a40972  -

real	0m4.826s
user	0m4.444s
sys	0m1.169s
1000+0 records in
1000+0 records out
1048576000 bytes (1.0 GB) copied, 2.56473 s, 409 MB/s
3c84e34b319946f6531a2c4559f588a8  -

real	0m2.568s
user	0m2.336s
sys	0m0.578s
1000+0 records in
1000+0 records out
1048576000 bytes (1.0 GB) copied, 2.54442 s, 412 MB/s
3c84e34b319946f6531a2c4559f588a8  -

real	0m2.547s
user	0m2.347s
sys	0m0.605s
1000+0 records in
1000+0 records out
1048576000 bytes (1.0 GB) copied, 2.5928 s, 404 MB/s
3c84e34b319946f6531a2c4559f588a8  -

real	0m2.595s
user	0m2.335s
sys	0m0.584s
1000+0 records in
1000+0 records out
1048576000 bytes (1.0 GB) copied, 2.54742 s, 412 MB/s
3c84e34b319946f6531a2c4559f588a8  -

real	0m2.550s
user	0m2.328s
sys	0m0.587s
1000+0 records in
1000+0 records out
1048576000 bytes (1.0 GB) copied, 2.55546 s, 410 MB/s
3c84e34b319946f6531a2c4559f588a8  -

real	0m2.558s
user	0m2.334s
sys	0m0.612s
1000+0 records in
1000+0 records out
1048576000 bytes (1.0 GB) copied, 2.61126 s, 402 MB/s
3c84e34b319946f6531a2c4559f588a8  -

real	0m2.614s
user	0m2.350s
sys	0m0.611s
1000+0 records in
1000+0 records out
1048576000 bytes (1.0 GB) copied, 2.59333 s, 404 MB/s
3c84e34b319946f6531a2c4559f588a8  -

real	0m2.596s
user	0m2.339s
sys	0m0.615s
1000+0 records in
1000+0 records out
1048576000 bytes (1.0 GB) copied, 2.60043 s, 403 MB/s
3c84e34b319946f6531a2c4559f588a8  -

real	0m2.603s
user	0m2.356s
sys	0m0.605s
1000+0 records in
1000+0 records out
1048576000 bytes (1.0 GB) copied, 2.52358 s, 416 MB/s
3c84e34b319946f6531a2c4559f588a8  -

real	0m2.527s
user	0m2.355s
sys	0m0.562s
1000+0 records in
1000+0 records out
1048576000 bytes (1.0 GB) copied, 2.55996 s, 410 MB/s
3c84e34b319946f6531a2c4559f588a8  -

real	0m2.563s
user	0m2.353s
sys	0m0.579s
1000+0 records in
1000+0 records out
1048576000 bytes (1.0 GB) copied, 2.55339 s, 411 MB/s
3c84e34b319946f6531a2c4559f588a8  -

real	0m2.556s
user	0m2.319s
sys	0m0.596s
1000+0 records in
1000+0 records out
1048576000 bytes (1.0 GB) copied, 2.5734 s, 407 MB/s
3c84e34b319946f6531a2c4559f588a8  -

real	0m2.576s
user	0m2.324s
sys	0m0.595s
1000+0 records in
1000+0 records out
1048576000 bytes (1.0 GB) copied, 2.58504 s, 406 MB/s
3c84e34b319946f6531a2c4559f588a8  -

real	0m2.588s
user	0m2.341s
sys	0m0.575s
1000+0 records in
1000+0 records out
1048576000 bytes (1.0 GB) copied, 2.5763 s, 407 MB/s
3c84e34b319946f6531a2c4559f588a8  -

real	0m2.579s
user	0m2.351s
sys	0m0.564s
1000+0 records in
1000+0 records out
1048576000 bytes (1.0 GB) copied, 2.52766 s, 415 MB/s
3c84e34b319946f6531a2c4559f588a8  -

real	0m2.530s
user	0m2.344s
sys	0m0.572s
200+0 records in
200+0 records out
209715200 bytes (210 MB) copied, 0.519498 s, 404 MB/s
d1d5b198d0d7cfd209455beaed5367dd  -

real	0m0.522s
user	0m0.465s
sys	0m0.134s
200+0 records in
200+0 records out
209715200 bytes (210 MB) copied, 0.518177 s, 405 MB/s
d1d5b198d0d7cfd209455beaed5367dd  -

real	0m0.521s
user	0m0.475s
sys	0m0.119s
200+0 records in
200+0 records out
209715200 bytes (210 MB) copied, 0.51855 s, 404 MB/s
d1d5b198d0d7cfd209455beaed5367dd  -

real	0m0.521s
user	0m0.463s
sys	0m0.125s
200+0 records in
200+0 records out
209715200 bytes (210 MB) copied, 0.517857 s, 405 MB/s
d1d5b198d0d7cfd209455beaed5367dd  -

real	0m0.521s
user	0m0.472s
sys	0m0.116s
200+0 records in
200+0 records out
209715200 bytes (210 MB) copied, 0.519327 s, 404 MB/s
d1d5b198d0d7cfd209455beaed5367dd  -

real	0m0.522s
user	0m0.478s
sys	0m0.118s
200+0 records in
200+0 records out
209715200 bytes (210 MB) copied, 0.516628 s, 406 MB/s
d1d5b198d0d7cfd209455beaed5367dd  -

real	0m0.519s
user	0m0.466s
sys	0m0.127s
200+0 records in
200+0 records out
209715200 bytes (210 MB) copied, 0.516509 s, 406 MB/s
d1d5b198d0d7cfd209455beaed5367dd  -

real	0m0.519s
user	0m0.464s
sys	0m0.121s
200+0 records in
200+0 records out
209715200 bytes (210 MB) copied, 0.518398 s, 405 MB/s
d1d5b198d0d7cfd209455beaed5367dd  -

real	0m0.521s
user	0m0.468s
sys	0m0.128s
200+0 records in
200+0 records out
209715200 bytes (210 MB) copied, 0.518325 s, 405 MB/s
d1d5b198d0d7cfd209455beaed5367dd  -

real	0m0.521s
user	0m0.470s
sys	0m0.119s
200+0 records in
200+0 records out
209715200 bytes (210 MB) copied, 0.517968 s, 405 MB/s
d1d5b198d0d7cfd209455beaed5367dd  -

real	0m0.521s
user	0m0.462s
sys	0m0.125s
200+0 records in
200+0 records out
209715200 bytes (210 MB) copied, 0.521553 s, 402 MB/s
d1d5b198d0d7cfd209455beaed5367dd  -

real	0m0.524s
user	0m0.473s
sys	0m0.125s
200+0 records in
200+0 records out
209715200 bytes (210 MB) copied, 0.521199 s, 402 MB/s
d1d5b198d0d7cfd209455beaed5367dd  -

real	0m0.524s
user	0m0.469s
sys	0m0.129s
200+0 records in
200+0 records out
209715200 bytes (210 MB) copied, 0.516294 s, 406 MB/s
d1d5b198d0d7cfd209455beaed5367dd  -

real	0m0.519s
user	0m0.463s
sys	0m0.123s
200+0 records in
200+0 records out
209715200 bytes (210 MB) copied, 0.520967 s, 403 MB/s
d1d5b198d0d7cfd209455beaed5367dd  -

real	0m0.524s
user	0m0.473s
sys	0m0.126s
200+0 records in
200+0 records out
209715200 bytes (210 MB) copied, 0.517265 s, 405 MB/s
d1d5b198d0d7cfd209455beaed5367dd  -

real	0m0.520s
user	0m0.473s
sys	0m0.119s
200+0 records in
200+0 records out
209715200 bytes (210 MB) copied, 0.517209 s, 405 MB/s
d1d5b198d0d7cfd209455beaed5367dd  -

real	0m0.520s
user	0m0.479s
sys	0m0.108s
200+0 records in
200+0 records out
209715200 bytes (210 MB) copied, 0.51638 s, 406 MB/s
d1d5b198d0d7cfd209455beaed5367dd  -

real	0m0.519s
user	0m0.472s
sys	0m0.113s
200+0 records in
200+0 records out
209715200 bytes (210 MB) copied, 0.517319 s, 405 MB/s
d1d5b198d0d7cfd209455beaed5367dd  -

real	0m0.520s
user	0m0.466s
sys	0m0.120s
200+0 records in
200+0 records out
209715200 bytes (210 MB) copied, 0.517821 s, 405 MB/s
d1d5b198d0d7cfd209455beaed5367dd  -

real	0m0.520s
user	0m0.477s
sys	0m0.110s
200+0 records in
200+0 records out
209715200 bytes (210 MB) copied, 0.517214 s, 405 MB/s
d1d5b198d0d7cfd209455beaed5367dd  -

real	0m0.520s
user	0m0.472s
sys	0m0.115s
200+0 records in
200+0 records out
209715200 bytes (210 MB) copied, 0.519261 s, 404 MB/s
d1d5b198d0d7cfd209455beaed5367dd  -

real	0m0.522s
user	0m0.470s
sys	0m0.127s
200+0 records in
200+0 records out
209715200 bytes (210 MB) copied, 0.517237 s, 405 MB/s
d1d5b198d0d7cfd209455beaed5367dd  -

real	0m0.520s
user	0m0.472s
sys	0m0.115s
200+0 records in
200+0 records out
209715200 bytes (210 MB) copied, 0.516669 s, 406 MB/s
d1d5b198d0d7cfd209455beaed5367dd  -

real	0m0.519s
user	0m0.479s
sys	0m0.107s
200+0 records in
200+0 records out
209715200 bytes (210 MB) copied, 0.515943 s, 406 MB/s
d1d5b198d0d7cfd209455beaed5367dd  -

real	0m0.519s
user	0m0.464s
sys	0m0.122s
200+0 records in
200+0 records out
209715200 bytes (210 MB) copied, 0.519501 s, 404 MB/s
d1d5b198d0d7cfd209455beaed5367dd  -

real	0m0.523s
user	0m0.470s
sys	0m0.117s
200+0 records in
200+0 records out
209715200 bytes (210 MB) copied, 0.517777 s, 405 MB/s
d1d5b198d0d7cfd209455beaed5367dd  -

real	0m0.521s
user	0m0.469s
sys	0m0.118s
200+0 records in
200+0 records out
209715200 bytes (210 MB) copied, 0.517306 s, 405 MB/s
d1d5b198d0d7cfd209455beaed5367dd  -

real	0m0.520s
user	0m0.467s
sys	0m0.120s
200+0 records in
200+0 records out
209715200 bytes (210 MB) copied, 0.517517 s, 405 MB/s
d1d5b198d0d7cfd209455beaed5367dd  -

real	0m0.520s
user	0m0.471s
sys	0m0.115s
200+0 records in
200+0 records out
209715200 bytes (210 MB) copied, 0.518212 s, 405 MB/s
d1d5b198d0d7cfd209455beaed5367dd  -

real	0m0.521s
user	0m0.474s
sys	0m0.114s
200+0 records in
200+0 records out
209715200 bytes (210 MB) copied, 0.518939 s, 404 MB/s
d1d5b198d0d7cfd209455beaed5367dd  -

real	0m0.521s
user	0m0.464s
sys	0m0.122s
200+0 records in
200+0 records out
209715200 bytes (210 MB) copied, 0.516584 s, 406 MB/s
d1d5b198d0d7cfd209455beaed5367dd  -

real	0m0.519s
user	0m0.464s
sys	0m0.123s
200+0 records in
200+0 records out
209715200 bytes (210 MB) copied, 0.517634 s, 405 MB/s
d1d5b198d0d7cfd209455beaed5367dd  -

real	0m0.520s
user	0m0.468s
sys	0m0.120s
200+0 records in
200+0 records out
209715200 bytes (210 MB) copied, 0.519584 s, 404 MB/s
d1d5b198d0d7cfd209455beaed5367dd  -

real	0m0.522s
user	0m0.462s
sys	0m0.125s
20+0 records in
20+0 records out
20971520 bytes (21 MB) copied, 0.069782 s, 301 MB/s
536cb0e6626114783f53870132bac5cb  -

real	0m0.073s
user	0m0.047s
sys	0m0.021s
20+0 records in
20+0 records out
20971520 bytes (21 MB) copied, 0.0677638 s, 309 MB/s
536cb0e6626114783f53870132bac5cb  -

real	0m0.071s
user	0m0.049s
sys	0m0.019s
20+0 records in
20+0 records out
20971520 bytes (21 MB) copied, 0.0691941 s, 303 MB/s
536cb0e6626114783f53870132bac5cb  -

real	0m0.072s
user	0m0.051s
sys	0m0.017s
20+0 records in
20+0 records out
20971520 bytes (21 MB) copied, 0.0674168 s, 311 MB/s
536cb0e6626114783f53870132bac5cb  -

real	0m0.070s
user	0m0.049s
sys	0m0.018s
20+0 records in
20+0 records out
20971520 bytes (21 MB) copied, 0.068965 s, 304 MB/s
536cb0e6626114783f53870132bac5cb  -

real	0m0.072s
user	0m0.047s
sys	0m0.020s
20+0 records in
20+0 records out
20971520 bytes (21 MB) copied, 0.0682504 s, 307 MB/s
536cb0e6626114783f53870132bac5cb  -

real	0m0.071s
user	0m0.048s
sys	0m0.020s
20+0 records in
20+0 records out
20971520 bytes (21 MB) copied, 0.0676452 s, 310 MB/s
536cb0e6626114783f53870132bac5cb  -

real	0m0.071s
user	0m0.047s
sys	0m0.022s
20+0 records in
20+0 records out
20971520 bytes (21 MB) copied, 0.0670007 s, 313 MB/s
536cb0e6626114783f53870132bac5cb  -

real	0m0.070s
user	0m0.049s
sys	0m0.019s
20+0 records in
20+0 records out
20971520 bytes (21 MB) copied, 0.0669784 s, 313 MB/s
536cb0e6626114783f53870132bac5cb  -

real	0m0.070s
user	0m0.046s
sys	0m0.021s
20+0 records in
20+0 records out
20971520 bytes (21 MB) copied, 0.067123 s, 312 MB/s
536cb0e6626114783f53870132bac5cb  -

real	0m0.070s
user	0m0.050s
sys	0m0.019s
20+0 records in
20+0 records out
20971520 bytes (21 MB) copied, 0.0652913 s, 321 MB/s
536cb0e6626114783f53870132bac5cb  -

real	0m0.068s
user	0m0.048s
sys	0m0.016s
20+0 records in
20+0 records out
20971520 bytes (21 MB) copied, 0.0641872 s, 327 MB/s
536cb0e6626114783f53870132bac5cb  -

real	0m0.067s
user	0m0.049s
sys	0m0.014s
20+0 records in
20+0 records out
20971520 bytes (21 MB) copied, 0.0652759 s, 321 MB/s
536cb0e6626114783f53870132bac5cb  -

real	0m0.068s
user	0m0.049s
sys	0m0.015s
20+0 records in
20+0 records out
20971520 bytes (21 MB) copied, 0.0649486 s, 323 MB/s
536cb0e6626114783f53870132bac5cb  -

real	0m0.067s
user	0m0.052s
sys	0m0.011s
20+0 records in
20+0 records out
20971520 bytes (21 MB) copied, 0.0645984 s, 325 MB/s
536cb0e6626114783f53870132bac5cb  -

real	0m0.067s
user	0m0.046s
sys	0m0.016s
20+0 records in
20+0 records out
20971520 bytes (21 MB) copied, 0.0655389 s, 320 MB/s
536cb0e6626114783f53870132bac5cb  -

real	0m0.068s
user	0m0.048s
sys	0m0.016s
20+0 records in
20+0 records out
20971520 bytes (21 MB) copied, 0.0648513 s, 323 MB/s
536cb0e6626114783f53870132bac5cb  -

real	0m0.068s
user	0m0.048s
sys	0m0.015s
20+0 records in
20+0 records out
20971520 bytes (21 MB) copied, 0.0674958 s, 311 MB/s
536cb0e6626114783f53870132bac5cb  -

real	0m0.071s
user	0m0.050s
sys	0m0.018s
20+0 records in
20+0 records out
20971520 bytes (21 MB) copied, 0.0684909 s, 306 MB/s
536cb0e6626114783f53870132bac5cb  -

real	0m0.072s
user	0m0.048s
sys	0m0.019s
20+0 records in
20+0 records out
20971520 bytes (21 MB) copied, 0.066936 s, 313 MB/s
536cb0e6626114783f53870132bac5cb  -

real	0m0.070s
user	0m0.049s
sys	0m0.018s
20+0 records in
20+0 records out
20971520 bytes (21 MB) copied, 0.0673013 s, 312 MB/s
536cb0e6626114783f53870132bac5cb  -

real	0m0.070s
user	0m0.048s
sys	0m0.020s
20+0 records in
20+0 records out
20971520 bytes (21 MB) copied, 0.0674178 s, 311 MB/s
536cb0e6626114783f53870132bac5cb  -

real	0m0.071s
user	0m0.048s
sys	0m0.020s
20+0 records in
20+0 records out
20971520 bytes (21 MB) copied, 0.0680323 s, 308 MB/s
536cb0e6626114783f53870132bac5cb  -

real	0m0.071s
user	0m0.050s
sys	0m0.019s
20+0 records in
20+0 records out
20971520 bytes (21 MB) copied, 0.0682804 s, 307 MB/s
536cb0e6626114783f53870132bac5cb  -

real	0m0.071s
user	0m0.048s
sys	0m0.018s
2100+0 records in
2100+0 records out
2202009600 bytes (2.2 GB) copied, 5.31691 s, 414 MB/s
eff86592a62bcf7ad9ef69b1fde6f878  -

real	0m5.319s
user	0m4.886s
sys	0m1.232s
2100+0 records in
2100+0 records out
2202009600 bytes (2.2 GB) copied, 5.33321 s, 413 MB/s
eff86592a62bcf7ad9ef69b1fde6f878  -

real	0m5.336s
user	0m4.890s
sys	0m1.226s
2100+0 records in
2100+0 records out
2202009600 bytes (2.2 GB) copied, 5.34271 s, 412 MB/s
eff86592a62bcf7ad9ef69b1fde6f878  -

real	0m5.345s
user	0m4.916s
sys	0m1.278s
2100+0 records in
2100+0 records out
2202009600 bytes (2.2 GB) copied, 5.35323 s, 411 MB/s
eff86592a62bcf7ad9ef69b1fde6f878  -

real	0m5.356s
user	0m4.904s
sys	0m1.242s
2100+0 records in
2100+0 records out
2202009600 bytes (2.2 GB) copied, 5.29525 s, 416 MB/s
eff86592a62bcf7ad9ef69b1fde6f878  -

real	0m5.298s
user	0m4.886s
sys	0m1.234s
2100+0 records in
2100+0 records out
2202009600 bytes (2.2 GB) copied, 5.33768 s, 413 MB/s
eff86592a62bcf7ad9ef69b1fde6f878  -

real	0m5.341s
user	0m4.913s
sys	0m1.274s
2000+0 records in
2000+0 records out
2097152000 bytes (2.1 GB) copied, 5.07757 s, 413 MB/s
0dd74775419ada42017a0fdf21eccf94  -

real	0m5.080s
user	0m4.704s
sys	0m1.204s
2000+0 records in
2000+0 records out
2097152000 bytes (2.1 GB) copied, 5.09766 s, 411 MB/s
0dd74775419ada42017a0fdf21eccf94  -

real	0m5.100s
user	0m4.645s
sys	0m1.184s
2000+0 records in
2000+0 records out
2097152000 bytes (2.1 GB) copied, 5.05892 s, 415 MB/s
0dd74775419ada42017a0fdf21eccf94  -

real	0m5.062s
user	0m4.645s
sys	0m1.183s
