10000+0 records in
10000+0 records out
10485760000 bytes (10 GB) copied, 25.2283 s, 416 MB/s
a02bf4596da9a0c3d2b10ac745b55ccf  -

real	0m25.231s
user	0m23.368s
sys	0m6.088s
10000+0 records in
10000+0 records out
10485760000 bytes (10 GB) copied, 25.1902 s, 416 MB/s
a02bf4596da9a0c3d2b10ac745b55ccf  -

real	0m25.193s
user	0m23.390s
sys	0m5.966s
10000+0 records in
10000+0 records out
a02bf4596da9a0c3d2b10ac745b55ccf  -
10485760000 bytes (10 GB) copied, 25.2363 s, 416 MB/s

real	0m25.239s
user	0m23.320s
sys	0m6.140s
10000+0 records in
10000+0 records out
10485760000 bytes (10 GB) copied, 25.2472 s, 415 MB/s
a02bf4596da9a0c3d2b10ac745b55ccf  -

real	0m25.250s
user	0m23.447s
sys	0m6.049s
10000+0 records in
10000+0 records out
10485760000 bytes (10 GB) copied, 25.2865 s, 415 MB/s
a02bf4596da9a0c3d2b10ac745b55ccf  -

real	0m25.289s
user	0m23.429s
sys	0m6.178s
10000+0 records in
10000+0 records out
10485760000 bytes (10 GB) copied, 25.2774 s, 415 MB/s
a02bf4596da9a0c3d2b10ac745b55ccf  -

real	0m25.293s
user	0m23.430s
sys	0m6.137s
10000+0 records in
10000+0 records out
10485760000 bytes (10 GB) copied, 25.2581 s, 415 MB/s
a02bf4596da9a0c3d2b10ac745b55ccf  -

real	0m25.261s
user	0m23.457s
sys	0m6.032s
10000+0 records in
10000+0 records out
10485760000 bytes (10 GB) copied, 25.2353 s, 416 MB/s
a02bf4596da9a0c3d2b10ac745b55ccf  -

real	0m25.239s
user	0m23.408s
sys	0m6.065s
10000+0 records in
10000+0 records out
10485760000 bytes (10 GB) copied, 25.2591 s, 415 MB/s
a02bf4596da9a0c3d2b10ac745b55ccf  -

real	0m25.262s
user	0m23.418s
sys	0m6.107s
10000+0 records in
10000+0 records out
10485760000 bytes (10 GB) copied, 25.2321 s, 416 MB/s
a02bf4596da9a0c3d2b10ac745b55ccf  -

real	0m25.235s
user	0m23.457s
sys	0m5.984s
