500+0 records in
500+0 records out
524288000 bytes (524 MB) copied, 1.25895 s, 416 MB/s
afbad591ee2b70ac94258fbc7fac3bf2  -

real	0m1.262s
user	0m1.176s
sys	0m0.292s
500+0 records in
500+0 records out
524288000 bytes (524 MB) copied, 1.2641 s, 415 MB/s
afbad591ee2b70ac94258fbc7fac3bf2  -

real	0m1.267s
user	0m1.178s
sys	0m0.309s
500+0 records in
500+0 records out
524288000 bytes (524 MB) copiedafbad591ee2b70ac94258fbc7fac3bf2  -
, 1.26052 s, 416 MB/s

real	0m1.263s
user	0m1.180s
sys	0m0.295s
500+0 records in
500+0 records out
524288000 bytes (524 MB) copied, 1.26532 s, 414 MB/s
afbad591ee2b70ac94258fbc7fac3bf2  -

real	0m1.268s
user	0m1.159s
sys	0m0.325s
500+0 records in
500+0 records out
524288000 bytes (524 MB) copied, 1.26632 s, 414 MB/s
afbad591ee2b70ac94258fbc7fac3bf2  -

real	0m1.269s
user	0m1.184s
sys	0m0.303s
500+0 records in
500+0 records out
524288000 bytes (524 MB) copied, 1.26471 s, 415 MB/s
afbad591ee2b70ac94258fbc7fac3bf2  -

real	0m1.267s
user	0m1.152s
sys	0m0.332s
500+0 records in
500+0 records out
524288000 bytes (524 MB) copied, 1.26733 s, 414 MB/s
afbad591ee2b70ac94258fbc7fac3bf2  -

real	0m1.270s
user	0m1.179s
sys	0m0.310s
500+0 records in
500+0 records out
524288000 bytes (524 MB) copied, 1.25888 s, 416 MB/s
afbad591ee2b70ac94258fbc7fac3bf2  -

real	0m1.262s
user	0m1.172s
sys	0m0.306s
500+0 records in
500+0 records out
524288000 bytes (524 MB) copied, 1.26588 s, 414 MB/s
afbad591ee2b70ac94258fbc7fac3bf2  -

real	0m1.269s
user	0m1.168s
sys	0m0.318s
500+0 records in
500+0 records out
524288000 bytes (524 MB) copied, 1.26451 s, 415 MB/s
afbad591ee2b70ac94258fbc7fac3bf2  -

real	0m1.267s
user	0m1.167s
sys	0m0.320s
